2020-08-10 03:36:32,575 Hello! This is Joey-NMT.
2020-08-10 03:36:33,922 Total params: 9944832
2020-08-10 03:36:33,924 Trainable parameters: ['decoder.layer_norm.bias', 'decoder.layer_norm.weight', 'decoder.layers.0.dec_layer_norm.bias', 'decoder.layers.0.dec_layer_norm.weight', 'decoder.layers.0.feed_forward.layer_norm.bias', 'decoder.layers.0.feed_forward.layer_norm.weight', 'decoder.layers.0.feed_forward.pwff_layer.0.bias', 'decoder.layers.0.feed_forward.pwff_layer.0.weight', 'decoder.layers.0.feed_forward.pwff_layer.3.bias', 'decoder.layers.0.feed_forward.pwff_layer.3.weight', 'decoder.layers.0.src_trg_att.k_layer.bias', 'decoder.layers.0.src_trg_att.k_layer.weight', 'decoder.layers.0.src_trg_att.output_layer.bias', 'decoder.layers.0.src_trg_att.output_layer.weight', 'decoder.layers.0.src_trg_att.q_layer.bias', 'decoder.layers.0.src_trg_att.q_layer.weight', 'decoder.layers.0.src_trg_att.v_layer.bias', 'decoder.layers.0.src_trg_att.v_layer.weight', 'decoder.layers.0.trg_trg_att.k_layer.bias', 'decoder.layers.0.trg_trg_att.k_layer.weight', 'decoder.layers.0.trg_trg_att.output_layer.bias', 'decoder.layers.0.trg_trg_att.output_layer.weight', 'decoder.layers.0.trg_trg_att.q_layer.bias', 'decoder.layers.0.trg_trg_att.q_layer.weight', 'decoder.layers.0.trg_trg_att.v_layer.bias', 'decoder.layers.0.trg_trg_att.v_layer.weight', 'decoder.layers.0.x_layer_norm.bias', 'decoder.layers.0.x_layer_norm.weight', 'decoder.layers.1.dec_layer_norm.bias', 'decoder.layers.1.dec_layer_norm.weight', 'decoder.layers.1.feed_forward.layer_norm.bias', 'decoder.layers.1.feed_forward.layer_norm.weight', 'decoder.layers.1.feed_forward.pwff_layer.0.bias', 'decoder.layers.1.feed_forward.pwff_layer.0.weight', 'decoder.layers.1.feed_forward.pwff_layer.3.bias', 'decoder.layers.1.feed_forward.pwff_layer.3.weight', 'decoder.layers.1.src_trg_att.k_layer.bias', 'decoder.layers.1.src_trg_att.k_layer.weight', 'decoder.layers.1.src_trg_att.output_layer.bias', 'decoder.layers.1.src_trg_att.output_layer.weight', 'decoder.layers.1.src_trg_att.q_layer.bias', 'decoder.layers.1.src_trg_att.q_layer.weight', 'decoder.layers.1.src_trg_att.v_layer.bias', 'decoder.layers.1.src_trg_att.v_layer.weight', 'decoder.layers.1.trg_trg_att.k_layer.bias', 'decoder.layers.1.trg_trg_att.k_layer.weight', 'decoder.layers.1.trg_trg_att.output_layer.bias', 'decoder.layers.1.trg_trg_att.output_layer.weight', 'decoder.layers.1.trg_trg_att.q_layer.bias', 'decoder.layers.1.trg_trg_att.q_layer.weight', 'decoder.layers.1.trg_trg_att.v_layer.bias', 'decoder.layers.1.trg_trg_att.v_layer.weight', 'decoder.layers.1.x_layer_norm.bias', 'decoder.layers.1.x_layer_norm.weight', 'decoder.layers.2.dec_layer_norm.bias', 'decoder.layers.2.dec_layer_norm.weight', 'decoder.layers.2.feed_forward.layer_norm.bias', 'decoder.layers.2.feed_forward.layer_norm.weight', 'decoder.layers.2.feed_forward.pwff_layer.0.bias', 'decoder.layers.2.feed_forward.pwff_layer.0.weight', 'decoder.layers.2.feed_forward.pwff_layer.3.bias', 'decoder.layers.2.feed_forward.pwff_layer.3.weight', 'decoder.layers.2.src_trg_att.k_layer.bias', 'decoder.layers.2.src_trg_att.k_layer.weight', 'decoder.layers.2.src_trg_att.output_layer.bias', 'decoder.layers.2.src_trg_att.output_layer.weight', 'decoder.layers.2.src_trg_att.q_layer.bias', 'decoder.layers.2.src_trg_att.q_layer.weight', 'decoder.layers.2.src_trg_att.v_layer.bias', 'decoder.layers.2.src_trg_att.v_layer.weight', 'decoder.layers.2.trg_trg_att.k_layer.bias', 'decoder.layers.2.trg_trg_att.k_layer.weight', 'decoder.layers.2.trg_trg_att.output_layer.bias', 'decoder.layers.2.trg_trg_att.output_layer.weight', 'decoder.layers.2.trg_trg_att.q_layer.bias', 'decoder.layers.2.trg_trg_att.q_layer.weight', 'decoder.layers.2.trg_trg_att.v_layer.bias', 'decoder.layers.2.trg_trg_att.v_layer.weight', 'decoder.layers.2.x_layer_norm.bias', 'decoder.layers.2.x_layer_norm.weight', 'decoder.layers.3.dec_layer_norm.bias', 'decoder.layers.3.dec_layer_norm.weight', 'decoder.layers.3.feed_forward.layer_norm.bias', 'decoder.layers.3.feed_forward.layer_norm.weight', 'decoder.layers.3.feed_forward.pwff_layer.0.bias', 'decoder.layers.3.feed_forward.pwff_layer.0.weight', 'decoder.layers.3.feed_forward.pwff_layer.3.bias', 'decoder.layers.3.feed_forward.pwff_layer.3.weight', 'decoder.layers.3.src_trg_att.k_layer.bias', 'decoder.layers.3.src_trg_att.k_layer.weight', 'decoder.layers.3.src_trg_att.output_layer.bias', 'decoder.layers.3.src_trg_att.output_layer.weight', 'decoder.layers.3.src_trg_att.q_layer.bias', 'decoder.layers.3.src_trg_att.q_layer.weight', 'decoder.layers.3.src_trg_att.v_layer.bias', 'decoder.layers.3.src_trg_att.v_layer.weight', 'decoder.layers.3.trg_trg_att.k_layer.bias', 'decoder.layers.3.trg_trg_att.k_layer.weight', 'decoder.layers.3.trg_trg_att.output_layer.bias', 'decoder.layers.3.trg_trg_att.output_layer.weight', 'decoder.layers.3.trg_trg_att.q_layer.bias', 'decoder.layers.3.trg_trg_att.q_layer.weight', 'decoder.layers.3.trg_trg_att.v_layer.bias', 'decoder.layers.3.trg_trg_att.v_layer.weight', 'decoder.layers.3.x_layer_norm.bias', 'decoder.layers.3.x_layer_norm.weight', 'decoder.layers.4.dec_layer_norm.bias', 'decoder.layers.4.dec_layer_norm.weight', 'decoder.layers.4.feed_forward.layer_norm.bias', 'decoder.layers.4.feed_forward.layer_norm.weight', 'decoder.layers.4.feed_forward.pwff_layer.0.bias', 'decoder.layers.4.feed_forward.pwff_layer.0.weight', 'decoder.layers.4.feed_forward.pwff_layer.3.bias', 'decoder.layers.4.feed_forward.pwff_layer.3.weight', 'decoder.layers.4.src_trg_att.k_layer.bias', 'decoder.layers.4.src_trg_att.k_layer.weight', 'decoder.layers.4.src_trg_att.output_layer.bias', 'decoder.layers.4.src_trg_att.output_layer.weight', 'decoder.layers.4.src_trg_att.q_layer.bias', 'decoder.layers.4.src_trg_att.q_layer.weight', 'decoder.layers.4.src_trg_att.v_layer.bias', 'decoder.layers.4.src_trg_att.v_layer.weight', 'decoder.layers.4.trg_trg_att.k_layer.bias', 'decoder.layers.4.trg_trg_att.k_layer.weight', 'decoder.layers.4.trg_trg_att.output_layer.bias', 'decoder.layers.4.trg_trg_att.output_layer.weight', 'decoder.layers.4.trg_trg_att.q_layer.bias', 'decoder.layers.4.trg_trg_att.q_layer.weight', 'decoder.layers.4.trg_trg_att.v_layer.bias', 'decoder.layers.4.trg_trg_att.v_layer.weight', 'decoder.layers.4.x_layer_norm.bias', 'decoder.layers.4.x_layer_norm.weight', 'decoder.layers.5.dec_layer_norm.bias', 'decoder.layers.5.dec_layer_norm.weight', 'decoder.layers.5.feed_forward.layer_norm.bias', 'decoder.layers.5.feed_forward.layer_norm.weight', 'decoder.layers.5.feed_forward.pwff_layer.0.bias', 'decoder.layers.5.feed_forward.pwff_layer.0.weight', 'decoder.layers.5.feed_forward.pwff_layer.3.bias', 'decoder.layers.5.feed_forward.pwff_layer.3.weight', 'decoder.layers.5.src_trg_att.k_layer.bias', 'decoder.layers.5.src_trg_att.k_layer.weight', 'decoder.layers.5.src_trg_att.output_layer.bias', 'decoder.layers.5.src_trg_att.output_layer.weight', 'decoder.layers.5.src_trg_att.q_layer.bias', 'decoder.layers.5.src_trg_att.q_layer.weight', 'decoder.layers.5.src_trg_att.v_layer.bias', 'decoder.layers.5.src_trg_att.v_layer.weight', 'decoder.layers.5.trg_trg_att.k_layer.bias', 'decoder.layers.5.trg_trg_att.k_layer.weight', 'decoder.layers.5.trg_trg_att.output_layer.bias', 'decoder.layers.5.trg_trg_att.output_layer.weight', 'decoder.layers.5.trg_trg_att.q_layer.bias', 'decoder.layers.5.trg_trg_att.q_layer.weight', 'decoder.layers.5.trg_trg_att.v_layer.bias', 'decoder.layers.5.trg_trg_att.v_layer.weight', 'decoder.layers.5.x_layer_norm.bias', 'decoder.layers.5.x_layer_norm.weight', 'encoder.layer_norm.bias', 'encoder.layer_norm.weight', 'encoder.layers.0.feed_forward.layer_norm.bias', 'encoder.layers.0.feed_forward.layer_norm.weight', 'encoder.layers.0.feed_forward.pwff_layer.0.bias', 'encoder.layers.0.feed_forward.pwff_layer.0.weight', 'encoder.layers.0.feed_forward.pwff_layer.3.bias', 'encoder.layers.0.feed_forward.pwff_layer.3.weight', 'encoder.layers.0.layer_norm.bias', 'encoder.layers.0.layer_norm.weight', 'encoder.layers.0.src_src_att.k_layer.bias', 'encoder.layers.0.src_src_att.k_layer.weight', 'encoder.layers.0.src_src_att.output_layer.bias', 'encoder.layers.0.src_src_att.output_layer.weight', 'encoder.layers.0.src_src_att.q_layer.bias', 'encoder.layers.0.src_src_att.q_layer.weight', 'encoder.layers.0.src_src_att.v_layer.bias', 'encoder.layers.0.src_src_att.v_layer.weight', 'encoder.layers.1.feed_forward.layer_norm.bias', 'encoder.layers.1.feed_forward.layer_norm.weight', 'encoder.layers.1.feed_forward.pwff_layer.0.bias', 'encoder.layers.1.feed_forward.pwff_layer.0.weight', 'encoder.layers.1.feed_forward.pwff_layer.3.bias', 'encoder.layers.1.feed_forward.pwff_layer.3.weight', 'encoder.layers.1.layer_norm.bias', 'encoder.layers.1.layer_norm.weight', 'encoder.layers.1.src_src_att.k_layer.bias', 'encoder.layers.1.src_src_att.k_layer.weight', 'encoder.layers.1.src_src_att.output_layer.bias', 'encoder.layers.1.src_src_att.output_layer.weight', 'encoder.layers.1.src_src_att.q_layer.bias', 'encoder.layers.1.src_src_att.q_layer.weight', 'encoder.layers.1.src_src_att.v_layer.bias', 'encoder.layers.1.src_src_att.v_layer.weight', 'encoder.layers.2.feed_forward.layer_norm.bias', 'encoder.layers.2.feed_forward.layer_norm.weight', 'encoder.layers.2.feed_forward.pwff_layer.0.bias', 'encoder.layers.2.feed_forward.pwff_layer.0.weight', 'encoder.layers.2.feed_forward.pwff_layer.3.bias', 'encoder.layers.2.feed_forward.pwff_layer.3.weight', 'encoder.layers.2.layer_norm.bias', 'encoder.layers.2.layer_norm.weight', 'encoder.layers.2.src_src_att.k_layer.bias', 'encoder.layers.2.src_src_att.k_layer.weight', 'encoder.layers.2.src_src_att.output_layer.bias', 'encoder.layers.2.src_src_att.output_layer.weight', 'encoder.layers.2.src_src_att.q_layer.bias', 'encoder.layers.2.src_src_att.q_layer.weight', 'encoder.layers.2.src_src_att.v_layer.bias', 'encoder.layers.2.src_src_att.v_layer.weight', 'encoder.layers.3.feed_forward.layer_norm.bias', 'encoder.layers.3.feed_forward.layer_norm.weight', 'encoder.layers.3.feed_forward.pwff_layer.0.bias', 'encoder.layers.3.feed_forward.pwff_layer.0.weight', 'encoder.layers.3.feed_forward.pwff_layer.3.bias', 'encoder.layers.3.feed_forward.pwff_layer.3.weight', 'encoder.layers.3.layer_norm.bias', 'encoder.layers.3.layer_norm.weight', 'encoder.layers.3.src_src_att.k_layer.bias', 'encoder.layers.3.src_src_att.k_layer.weight', 'encoder.layers.3.src_src_att.output_layer.bias', 'encoder.layers.3.src_src_att.output_layer.weight', 'encoder.layers.3.src_src_att.q_layer.bias', 'encoder.layers.3.src_src_att.q_layer.weight', 'encoder.layers.3.src_src_att.v_layer.bias', 'encoder.layers.3.src_src_att.v_layer.weight', 'encoder.layers.4.feed_forward.layer_norm.bias', 'encoder.layers.4.feed_forward.layer_norm.weight', 'encoder.layers.4.feed_forward.pwff_layer.0.bias', 'encoder.layers.4.feed_forward.pwff_layer.0.weight', 'encoder.layers.4.feed_forward.pwff_layer.3.bias', 'encoder.layers.4.feed_forward.pwff_layer.3.weight', 'encoder.layers.4.layer_norm.bias', 'encoder.layers.4.layer_norm.weight', 'encoder.layers.4.src_src_att.k_layer.bias', 'encoder.layers.4.src_src_att.k_layer.weight', 'encoder.layers.4.src_src_att.output_layer.bias', 'encoder.layers.4.src_src_att.output_layer.weight', 'encoder.layers.4.src_src_att.q_layer.bias', 'encoder.layers.4.src_src_att.q_layer.weight', 'encoder.layers.4.src_src_att.v_layer.bias', 'encoder.layers.4.src_src_att.v_layer.weight', 'encoder.layers.5.feed_forward.layer_norm.bias', 'encoder.layers.5.feed_forward.layer_norm.weight', 'encoder.layers.5.feed_forward.pwff_layer.0.bias', 'encoder.layers.5.feed_forward.pwff_layer.0.weight', 'encoder.layers.5.feed_forward.pwff_layer.3.bias', 'encoder.layers.5.feed_forward.pwff_layer.3.weight', 'encoder.layers.5.layer_norm.bias', 'encoder.layers.5.layer_norm.weight', 'encoder.layers.5.src_src_att.k_layer.bias', 'encoder.layers.5.src_src_att.k_layer.weight', 'encoder.layers.5.src_src_att.output_layer.bias', 'encoder.layers.5.src_src_att.output_layer.weight', 'encoder.layers.5.src_src_att.q_layer.bias', 'encoder.layers.5.src_src_att.q_layer.weight', 'encoder.layers.5.src_src_att.v_layer.bias', 'encoder.layers.5.src_src_att.v_layer.weight', 'src_embed.lut.weight', 'trg_embed.lut.weight']
2020-08-10 03:36:37,595 cfg.data.dev                       : chatnmt/multi_encoder/dev_subset.tags.bpe.10000
2020-08-10 03:36:37,595 cfg.data.level                     : bpe
2020-08-10 03:36:37,595 cfg.data.lowercase                 : False
2020-08-10 03:36:37,595 cfg.data.max_sent_length           : 100
2020-08-10 03:36:37,595 cfg.data.src                       : en
2020-08-10 03:36:37,595 cfg.data.test                      : chatnmt/multi_encoder/test.tags.bpe.10000
2020-08-10 03:36:37,595 cfg.data.train                     : chatnmt/multi_encoder/train_subset.tags.bpe.10000
2020-08-10 03:36:37,595 cfg.data.trg                       : de
2020-08-10 03:36:37,595 cfg.model.bias_initializer         : zeros
2020-08-10 03:36:37,595 cfg.model.decoder.dropout          : 0.1
2020-08-10 03:36:37,596 cfg.model.decoder.embeddings.dropout : 0.0
2020-08-10 03:36:37,596 cfg.model.decoder.embeddings.embedding_dim : 256
2020-08-10 03:36:37,596 cfg.model.decoder.embeddings.scale : True
2020-08-10 03:36:37,596 cfg.model.decoder.ff_size          : 512
2020-08-10 03:36:37,596 cfg.model.decoder.freeze           : False
2020-08-10 03:36:37,596 cfg.model.decoder.hidden_size      : 256
2020-08-10 03:36:37,596 cfg.model.decoder.num_heads        : 16
2020-08-10 03:36:37,596 cfg.model.decoder.num_layers       : 6
2020-08-10 03:36:37,596 cfg.model.decoder.type             : transformer
2020-08-10 03:36:37,596 cfg.model.embed_init_gain          : 1.0
2020-08-10 03:36:37,596 cfg.model.embed_initializer        : xavier
2020-08-10 03:36:37,596 cfg.model.encoder.dropout          : 0.3
2020-08-10 03:36:37,596 cfg.model.encoder.embeddings.dropout : 0.0
2020-08-10 03:36:37,596 cfg.model.encoder.embeddings.embedding_dim : 256
2020-08-10 03:36:37,596 cfg.model.encoder.embeddings.scale : True
2020-08-10 03:36:37,596 cfg.model.encoder.ff_size          : 512
2020-08-10 03:36:37,596 cfg.model.encoder.freeze           : False
2020-08-10 03:36:37,596 cfg.model.encoder.hidden_size      : 256
2020-08-10 03:36:37,596 cfg.model.encoder.multi_encoder    : False
2020-08-10 03:36:37,596 cfg.model.encoder.num_heads        : 16
2020-08-10 03:36:37,596 cfg.model.encoder.num_layers       : 6
2020-08-10 03:36:37,596 cfg.model.encoder.type             : transformer
2020-08-10 03:36:37,596 cfg.model.init_gain                : 1.0
2020-08-10 03:36:37,596 cfg.model.initializer              : xavier
2020-08-10 03:36:37,596 cfg.model.tied_embeddings          : False
2020-08-10 03:36:37,596 cfg.model.tied_softmax             : True
2020-08-10 03:36:37,596 cfg.name                           : transformer
2020-08-10 03:36:37,597 cfg.testing.alpha                  : 1.0
2020-08-10 03:36:37,597 cfg.testing.beam_size              : 5
2020-08-10 03:36:37,597 cfg.training.adam_betas            : [0.9, 0.999]
2020-08-10 03:36:37,597 cfg.training.batch_multiplier      : 1
2020-08-10 03:36:37,597 cfg.training.batch_size            : 512
2020-08-10 03:36:37,597 cfg.training.batch_type            : token
2020-08-10 03:36:37,597 cfg.training.decrease_factor       : 0.7
2020-08-10 03:36:37,597 cfg.training.early_stopping_metric : ppl
2020-08-10 03:36:37,597 cfg.training.epochs                : 20
2020-08-10 03:36:37,597 cfg.training.eval_metric           : bleu
2020-08-10 03:36:37,597 cfg.training.keep_last_ckpts       : 3
2020-08-10 03:36:37,597 cfg.training.label_smoothing       : 0.1
2020-08-10 03:36:37,597 cfg.training.learning_rate         : 0.0002
2020-08-10 03:36:37,597 cfg.training.learning_rate_min     : 1e-08
2020-08-10 03:36:37,597 cfg.training.logging_freq          : 100
2020-08-10 03:36:37,597 cfg.training.loss                  : crossentropy
2020-08-10 03:36:37,597 cfg.training.max_output_length     : 100
2020-08-10 03:36:37,597 cfg.training.model_dir             : models/viznet/attempt3/16_16_0.3_256_256_512_8_6
2020-08-10 03:36:37,597 cfg.training.normalization         : tokens
2020-08-10 03:36:37,597 cfg.training.optimizer             : adam
2020-08-10 03:36:37,597 cfg.training.overwrite             : True
2020-08-10 03:36:37,597 cfg.training.patience              : 8
2020-08-10 03:36:37,597 cfg.training.print_valid_sents     : [0, 1, 2, 3]
2020-08-10 03:36:37,597 cfg.training.random_seed           : 42
2020-08-10 03:36:37,597 cfg.training.scheduling            : plateau
2020-08-10 03:36:37,597 cfg.training.shuffle               : True
2020-08-10 03:36:37,597 cfg.training.use_cuda              : True
2020-08-10 03:36:37,598 cfg.training.validation_freq       : 200
2020-08-10 03:36:37,598 cfg.training.weight_decay          : 0.0
2020-08-10 03:36:37,598 Data set sizes: 
	train 5000,
	valid 500,
	test 1220
2020-08-10 03:36:37,598 First training example:
	[SRC] hi there ! how can i help ?
	[TRG] hallo ! wie kann ich helfen ?
2020-08-10 03:36:37,598 First 10 words (src): (0) <unk> (1) <pad> (2) <s> (3) </s> (4) . (5) , (6) ? (7) you (8) i (9) the
2020-08-10 03:36:37,598 First 10 words (trg): (0) <unk> (1) <pad> (2) <s> (3) </s> (4) . (5) , (6) ? (7) sie (8) ich (9) das
2020-08-10 03:36:37,598 Number of Src words (types): 3468
2020-08-10 03:36:37,599 Number of Trg words (types): 4487
2020-08-10 03:36:37,599 Model(
	encoder=TransformerEncoder(num_layers=6, num_heads=16),
	decoder=TransformerDecoder(num_layers=6, num_heads=16),
	src_embed=Embeddings(embedding_dim=256, vocab_size=3468),
	trg_embed=Embeddings(embedding_dim=256, vocab_size=4487))
2020-08-10 03:36:37,603 EPOCH 1
2020-08-10 03:36:43,338 Epoch   1 Step:      100 Batch Loss:     4.490940 Tokens per Sec:     5987, Lr: 0.000200
2020-08-10 03:36:48,216 Epoch   1: total training loss 970.85
2020-08-10 03:36:48,216 EPOCH 2
2020-08-10 03:36:48,953 Epoch   2 Step:      200 Batch Loss:     3.844289 Tokens per Sec:     5919, Lr: 0.000200
2020-08-10 03:37:14,497 Hooray! New best validation result [ppl]!
2020-08-10 03:37:14,497 Saving new checkpoint.
2020-08-10 03:37:14,768 Example #0
2020-08-10 03:37:14,768 	Raw source:     ['hello', '.']
2020-08-10 03:37:14,769 	Raw hypothesis: ['ja', '.']
2020-08-10 03:37:14,769 	Source:     hello .
2020-08-10 03:37:14,769 	Reference:  hallo ,
2020-08-10 03:37:14,769 	Hypothesis: ja .
2020-08-10 03:37:14,769 Example #1
2020-08-10 03:37:14,769 	Raw source:     ['hi', ',', 'how', 'can', 'i', 'help', 'you', '?']
2020-08-10 03:37:14,769 	Raw hypothesis: ['ich', 'ich', 'ich', 'sie', '?']
2020-08-10 03:37:14,769 	Source:     hi , how can i help you ?
2020-08-10 03:37:14,769 	Reference:  hallo , wie kann ich ihnen helfen ?
2020-08-10 03:37:14,769 	Hypothesis: ich ich ich sie ?
2020-08-10 03:37:14,769 Example #2
2020-08-10 03:37:14,769 	Raw source:     ['hi', ',', 'i', '&apos;m', 'looking', 'for', 'a', 'restaurant', 'inside', 'the', 'arden', 'fair', 'mall', 'in', 'san', 'francisco', ',', 'california', '.']
2020-08-10 03:37:14,769 	Raw hypothesis: ['ich', 'ich', 'ich', 'ich', 'ich', 'ich', 'ich', ',', 'ich', 'ich', 'ich', 'ich', 'ich', 'ich', 'ich', 'ich', 'ich', 'ich', 'ich', 'ich', 'ich', 'ich', 'ich', 'ich', 'ich', 'ich', 'ich', 'ich', 'ich', 'ich', 'ich', 'ich', 'ich', 'ich', 'ich', 'ich', 'ich', 'ich', 'ich', 'ich', 'ich', 'ich', 'ich', 'ich', 'ich', 'ich', 'ich', 'ich', 'ich', 'ich', 'ich', 'ich', 'ich', 'ich', 'ich', 'ich', 'ich', 'ich', 'ich', 'ich', 'ich', 'ich', 'ich', 'ich', 'ich', 'ich', 'ich', 'ich', 'ich', 'ich', 'ich', 'ich', 'ich', 'ich', 'ich', 'ich', 'ich', 'ich', 'ich', 'ich', 'ich', 'ich', 'ich', 'ich', 'ich', 'ich', 'ich', 'ich', 'ich', 'ich', 'ich', 'ich', 'ich', 'ich', 'ich', 'ich', 'ich', 'ich', 'ich', 'ich']
2020-08-10 03:37:14,769 	Source:     hi , i &apos;m looking for a restaurant inside the arden fair mall in san francisco , california .
2020-08-10 03:37:14,769 	Reference:  hallo , ich bin auf der suche nach einem restaurant im arden fair einkaufszentrum in san francisco , kalifornien .
2020-08-10 03:37:14,769 	Hypothesis: ich ich ich ich ich ich ich , ich ich ich ich ich ich ich ich ich ich ich ich ich ich ich ich ich ich ich ich ich ich ich ich ich ich ich ich ich ich ich ich ich ich ich ich ich ich ich ich ich ich ich ich ich ich ich ich ich ich ich ich ich ich ich ich ich ich ich ich ich ich ich ich ich ich ich ich ich ich ich ich ich ich ich ich ich ich ich ich ich ich ich ich ich ich ich ich ich ich ich ich
2020-08-10 03:37:14,770 Example #3
2020-08-10 03:37:14,770 	Raw source:     ['ok', ',', 'what', 'type', 'of', 'restaurant', 'are', 'you', 'looking', 'for', '?']
2020-08-10 03:37:14,770 	Raw hypothesis: ['ich', ',', 'ich', 'sie', 'sie', 'sie', 'sie', '?']
2020-08-10 03:37:14,770 	Source:     ok , what type of restaurant are you looking for ?
2020-08-10 03:37:14,770 	Reference:  ok . welche art von restaurant suchen sie denn genau ?
2020-08-10 03:37:14,770 	Hypothesis: ich , ich sie sie sie sie ?
2020-08-10 03:37:14,770 Validation result (greedy) at epoch   2, step      200: bleu:   0.00, loss: 30077.5098, ppl: 109.9044, duration: 25.8167s
2020-08-10 03:37:20,437 Epoch   2 Step:      300 Batch Loss:     3.617152 Tokens per Sec:     6045, Lr: 0.000200
2020-08-10 03:37:24,837 Epoch   2: total training loss 824.50
2020-08-10 03:37:24,837 EPOCH 3
2020-08-10 03:37:26,152 Epoch   3 Step:      400 Batch Loss:     4.634222 Tokens per Sec:     6131, Lr: 0.000200
2020-08-10 03:37:51,984 Hooray! New best validation result [ppl]!
2020-08-10 03:37:51,984 Saving new checkpoint.
2020-08-10 03:37:52,264 Example #0
2020-08-10 03:37:52,264 	Raw source:     ['hello', '.']
2020-08-10 03:37:52,264 	Raw hypothesis: ['ja', '.']
2020-08-10 03:37:52,264 	Source:     hello .
2020-08-10 03:37:52,264 	Reference:  hallo ,
2020-08-10 03:37:52,264 	Hypothesis: ja .
2020-08-10 03:37:52,264 Example #1
2020-08-10 03:37:52,265 	Raw source:     ['hi', ',', 'how', 'can', 'i', 'help', 'you', '?']
2020-08-10 03:37:52,265 	Raw hypothesis: ['hallo', ',', 'wie', 'kann', 'ich', 'ihnen', 'helfen', '?']
2020-08-10 03:37:52,265 	Source:     hi , how can i help you ?
2020-08-10 03:37:52,265 	Reference:  hallo , wie kann ich ihnen helfen ?
2020-08-10 03:37:52,265 	Hypothesis: hallo , wie kann ich ihnen helfen ?
2020-08-10 03:37:52,265 Example #2
2020-08-10 03:37:52,265 	Raw source:     ['hi', ',', 'i', '&apos;m', 'looking', 'for', 'a', 'restaurant', 'inside', 'the', 'arden', 'fair', 'mall', 'in', 'san', 'francisco', ',', 'california', '.']
2020-08-10 03:37:52,265 	Raw hypothesis: ['ich', 'möchte', 'möchte', 'möchte', 'möchte', 'möchte', ',', 'die', 'die', 'die', 'die', 'eine', 'eine', 'eine', 'eine', 'eine', 'eine', 'eine', 'eine', 'eine', 'eine', 'eine', 'eine', 'eine', 'eine', 'eine', 'eine', 'eine', 'eine', 'eine', 'eine', 'eine', 'eine', 'eine', 'eine', 'eine', 'eine', 'eine', '.']
2020-08-10 03:37:52,265 	Source:     hi , i &apos;m looking for a restaurant inside the arden fair mall in san francisco , california .
2020-08-10 03:37:52,265 	Reference:  hallo , ich bin auf der suche nach einem restaurant im arden fair einkaufszentrum in san francisco , kalifornien .
2020-08-10 03:37:52,265 	Hypothesis: ich möchte möchte möchte möchte möchte , die die die die eine eine eine eine eine eine eine eine eine eine eine eine eine eine eine eine eine eine eine eine eine eine eine eine eine eine eine .
2020-08-10 03:37:52,265 Example #3
2020-08-10 03:37:52,265 	Raw source:     ['ok', ',', 'what', 'type', 'of', 'restaurant', 'are', 'you', 'looking', 'for', '?']
2020-08-10 03:37:52,265 	Raw hypothesis: ['ok', ',', 'wie', 'sie', 'sie', 'sie', 'sie', '?']
2020-08-10 03:37:52,265 	Source:     ok , what type of restaurant are you looking for ?
2020-08-10 03:37:52,265 	Reference:  ok . welche art von restaurant suchen sie denn genau ?
2020-08-10 03:37:52,265 	Hypothesis: ok , wie sie sie sie sie ?
2020-08-10 03:37:52,265 Validation result (greedy) at epoch   3, step      400: bleu:   2.02, loss: 26926.1348, ppl:  67.1688, duration: 26.1135s
2020-08-10 03:37:57,987 Epoch   3 Step:      500 Batch Loss:     5.212704 Tokens per Sec:     5863, Lr: 0.000200
2020-08-10 03:38:01,722 Epoch   3: total training loss 730.30
2020-08-10 03:38:01,722 EPOCH 4
2020-08-10 03:38:03,642 Epoch   4 Step:      600 Batch Loss:     3.999815 Tokens per Sec:     6126, Lr: 0.000200
2020-08-10 03:38:27,433 Hooray! New best validation result [ppl]!
2020-08-10 03:38:27,433 Saving new checkpoint.
2020-08-10 03:38:27,708 Example #0
2020-08-10 03:38:27,709 	Raw source:     ['hello', '.']
2020-08-10 03:38:27,709 	Raw hypothesis: ['hallo', '.']
2020-08-10 03:38:27,709 	Source:     hello .
2020-08-10 03:38:27,709 	Reference:  hallo ,
2020-08-10 03:38:27,709 	Hypothesis: hallo .
2020-08-10 03:38:27,709 Example #1
2020-08-10 03:38:27,709 	Raw source:     ['hi', ',', 'how', 'can', 'i', 'help', 'you', '?']
2020-08-10 03:38:27,709 	Raw hypothesis: ['hallo', ',', 'wie', 'kann', 'ich', 'ihnen', 'helfen', '?']
2020-08-10 03:38:27,709 	Source:     hi , how can i help you ?
2020-08-10 03:38:27,709 	Reference:  hallo , wie kann ich ihnen helfen ?
2020-08-10 03:38:27,709 	Hypothesis: hallo , wie kann ich ihnen helfen ?
2020-08-10 03:38:27,709 Example #2
2020-08-10 03:38:27,709 	Raw source:     ['hi', ',', 'i', '&apos;m', 'looking', 'for', 'a', 'restaurant', 'inside', 'the', 'arden', 'fair', 'mall', 'in', 'san', 'francisco', ',', 'california', '.']
2020-08-10 03:38:27,709 	Raw hypothesis: ['hallo', ',', 'ich', 'habe', 'ich', 'habe', 'einen', 'einen', 'einen', 'einen', 'termin', 'in', 'der', 'der', 'der', 'der', 'der', 'der', 'der', 'der', 'der', 'der', 'der', 'der', 'der', 'der', 'der', 'der', 'der', 'der', 'der', 'der', 'der', 'der', 'der', 'der', 'der', 'der', 'der', 'der', 'der', 'der', 'der', 'der', 'der', 'der', 'der', 'der', 'der', 'der', 'der', 'der', 'der', 'der', 'der', 'der', 'der', 'der', 'der', 'der', 'der', 'der', 'der', 'der', 'der', 'der', 'der', 'der', 'der', 'der', 'der', 'der', 'der', 'der', 'der', 'der', 'der', 'der', 'der', 'der', 'der', 'der', 'der', 'der', 'der', 'der', 'der', 'der', 'der', 'der', 'der', 'der', 'der', 'der', 'der', 'der', 'der', 'der', 'der', 'der']
2020-08-10 03:38:27,709 	Source:     hi , i &apos;m looking for a restaurant inside the arden fair mall in san francisco , california .
2020-08-10 03:38:27,709 	Reference:  hallo , ich bin auf der suche nach einem restaurant im arden fair einkaufszentrum in san francisco , kalifornien .
2020-08-10 03:38:27,709 	Hypothesis: hallo , ich habe ich habe einen einen einen einen termin in der der der der der der der der der der der der der der der der der der der der der der der der der der der der der der der der der der der der der der der der der der der der der der der der der der der der der der der der der der der der der der der der der der der der der der der der der der der der der der der der der der der der der der der der
2020-08-10 03:38:27,709 Example #3
2020-08-10 03:38:27,709 	Raw source:     ['ok', ',', 'what', 'type', 'of', 'restaurant', 'are', 'you', 'looking', 'for', '?']
2020-08-10 03:38:27,709 	Raw hypothesis: ['ok', ',', 'wie', 'viele', 'sie', '?']
2020-08-10 03:38:27,709 	Source:     ok , what type of restaurant are you looking for ?
2020-08-10 03:38:27,709 	Reference:  ok . welche art von restaurant suchen sie denn genau ?
2020-08-10 03:38:27,709 	Hypothesis: ok , wie viele sie ?
2020-08-10 03:38:27,709 Validation result (greedy) at epoch   4, step      600: bleu:   3.99, loss: 24269.5879, ppl:  44.3505, duration: 24.0674s
2020-08-10 03:38:33,357 Epoch   4 Step:      700 Batch Loss:     5.109926 Tokens per Sec:     6056, Lr: 0.000200
2020-08-10 03:38:36,355 Epoch   4: total training loss 642.48
2020-08-10 03:38:36,355 EPOCH 5
2020-08-10 03:38:39,037 Epoch   5 Step:      800 Batch Loss:     4.293270 Tokens per Sec:     5971, Lr: 0.000200
2020-08-10 03:38:56,471 Hooray! New best validation result [ppl]!
2020-08-10 03:38:56,471 Saving new checkpoint.
2020-08-10 03:38:56,766 Example #0
2020-08-10 03:38:56,766 	Raw source:     ['hello', '.']
2020-08-10 03:38:56,766 	Raw hypothesis: ['hallo', '.']
2020-08-10 03:38:56,766 	Source:     hello .
2020-08-10 03:38:56,766 	Reference:  hallo ,
2020-08-10 03:38:56,766 	Hypothesis: hallo .
2020-08-10 03:38:56,766 Example #1
2020-08-10 03:38:56,766 	Raw source:     ['hi', ',', 'how', 'can', 'i', 'help', 'you', '?']
2020-08-10 03:38:56,767 	Raw hypothesis: ['hallo', ',', 'wie', 'kann', 'ich', 'ihnen', 'helfen', '?']
2020-08-10 03:38:56,767 	Source:     hi , how can i help you ?
2020-08-10 03:38:56,767 	Reference:  hallo , wie kann ich ihnen helfen ?
2020-08-10 03:38:56,767 	Hypothesis: hallo , wie kann ich ihnen helfen ?
2020-08-10 03:38:56,767 Example #2
2020-08-10 03:38:56,767 	Raw source:     ['hi', ',', 'i', '&apos;m', 'looking', 'for', 'a', 'restaurant', 'inside', 'the', 'arden', 'fair', 'mall', 'in', 'san', 'francisco', ',', 'california', '.']
2020-08-10 03:38:56,767 	Raw hypothesis: ['ich', 'habe', 'ein', 'paar', 'restaurant', ',', 'der', 'der', 'der', 'der', 'der', 'der', 'der', 'der', 'der', 'der', 'der', 'der', 'der', 'der', 'der', 'der', 'der', 'der', 'der', 'der', 'der', 'der', 'der', 'der', 'der', 'der', 'der', 'der', 'der', 'der', 'der', 'der', 'der', 'der', 'der', 'der', 'der', 'der', 'der', 'der', 'der', 'der', 'der', 'der', 'der', 'der', 'der', 'der', 'der', 'der', 'der', 'der', 'der', 'der', 'der', 'der', 'der', 'der', 'der', 'der', 'der', 'der', 'der', 'der', 'der', 'der', 'der', 'der', 'der', 'der', 'der', 'der', 'der', 'der', 'der', 'der', 'der', 'der', 'der', 'der', 'der', 'der', 'der', 'der', 'der', 'der', 'der', 'der', 'der', 'der', 'der', 'der', 'der', 'der']
2020-08-10 03:38:56,767 	Source:     hi , i &apos;m looking for a restaurant inside the arden fair mall in san francisco , california .
2020-08-10 03:38:56,767 	Reference:  hallo , ich bin auf der suche nach einem restaurant im arden fair einkaufszentrum in san francisco , kalifornien .
2020-08-10 03:38:56,767 	Hypothesis: ich habe ein paar restaurant , der der der der der der der der der der der der der der der der der der der der der der der der der der der der der der der der der der der der der der der der der der der der der der der der der der der der der der der der der der der der der der der der der der der der der der der der der der der der der der der der der der der der der der der der der der der der der der
2020-08-10 03:38:56,767 Example #3
2020-08-10 03:38:56,767 	Raw source:     ['ok', ',', 'what', 'type', 'of', 'restaurant', 'are', 'you', 'looking', 'for', '?']
2020-08-10 03:38:56,767 	Raw hypothesis: ['okay', ',', 'was', 'möchten', 'sie', '?']
2020-08-10 03:38:56,767 	Source:     ok , what type of restaurant are you looking for ?
2020-08-10 03:38:56,767 	Reference:  ok . welche art von restaurant suchen sie denn genau ?
2020-08-10 03:38:56,767 	Hypothesis: okay , was möchten sie ?
2020-08-10 03:38:56,767 Validation result (greedy) at epoch   5, step      800: bleu:   7.31, loss: 22300.6914, ppl:  32.6056, duration: 17.7305s
2020-08-10 03:39:02,490 Epoch   5 Step:      900 Batch Loss:     4.118379 Tokens per Sec:     5902, Lr: 0.000200
2020-08-10 03:39:04,890 Epoch   5: total training loss 588.32
2020-08-10 03:39:04,890 EPOCH 6
2020-08-10 03:39:08,198 Epoch   6 Step:     1000 Batch Loss:     2.983268 Tokens per Sec:     6026, Lr: 0.000200
2020-08-10 03:39:21,001 Hooray! New best validation result [ppl]!
2020-08-10 03:39:21,001 Saving new checkpoint.
2020-08-10 03:39:21,292 Example #0
2020-08-10 03:39:21,292 	Raw source:     ['hello', '.']
2020-08-10 03:39:21,292 	Raw hypothesis: ['hallo', ',']
2020-08-10 03:39:21,292 	Source:     hello .
2020-08-10 03:39:21,292 	Reference:  hallo ,
2020-08-10 03:39:21,292 	Hypothesis: hallo ,
2020-08-10 03:39:21,292 Example #1
2020-08-10 03:39:21,292 	Raw source:     ['hi', ',', 'how', 'can', 'i', 'help', 'you', '?']
2020-08-10 03:39:21,292 	Raw hypothesis: ['hallo', ',', 'wie', 'kann', 'ich', 'ihnen', 'helfen', '?']
2020-08-10 03:39:21,292 	Source:     hi , how can i help you ?
2020-08-10 03:39:21,292 	Reference:  hallo , wie kann ich ihnen helfen ?
2020-08-10 03:39:21,292 	Hypothesis: hallo , wie kann ich ihnen helfen ?
2020-08-10 03:39:21,292 Example #2
2020-08-10 03:39:21,292 	Raw source:     ['hi', ',', 'i', '&apos;m', 'looking', 'for', 'a', 'restaurant', 'inside', 'the', 'arden', 'fair', 'mall', 'in', 'san', 'francisco', ',', 'california', '.']
2020-08-10 03:39:21,292 	Raw hypothesis: ['hallo', ',', 'ich', 'habe', 'ein', 'paar', 'restaurant', 'in', 'san', 'francisco', ',', 'kalifornien', '.']
2020-08-10 03:39:21,292 	Source:     hi , i &apos;m looking for a restaurant inside the arden fair mall in san francisco , california .
2020-08-10 03:39:21,293 	Reference:  hallo , ich bin auf der suche nach einem restaurant im arden fair einkaufszentrum in san francisco , kalifornien .
2020-08-10 03:39:21,293 	Hypothesis: hallo , ich habe ein paar restaurant in san francisco , kalifornien .
2020-08-10 03:39:21,293 Example #3
2020-08-10 03:39:21,293 	Raw source:     ['ok', ',', 'what', 'type', 'of', 'restaurant', 'are', 'you', 'looking', 'for', '?']
2020-08-10 03:39:21,293 	Raw hypothesis: ['ok', ',', 'welche', 'art', 'von', 'von', 'von', 'essen', '?']
2020-08-10 03:39:21,293 	Source:     ok , what type of restaurant are you looking for ?
2020-08-10 03:39:21,293 	Reference:  ok . welche art von restaurant suchen sie denn genau ?
2020-08-10 03:39:21,293 	Hypothesis: ok , welche art von von von essen ?
2020-08-10 03:39:21,293 Validation result (greedy) at epoch   6, step     1000: bleu:  11.42, loss: 20939.8555, ppl:  26.3601, duration: 13.0943s
2020-08-10 03:39:26,973 Epoch   6 Step:     1100 Batch Loss:     4.693255 Tokens per Sec:     5887, Lr: 0.000200
2020-08-10 03:39:28,674 Epoch   6: total training loss 536.88
2020-08-10 03:39:28,674 EPOCH 7
2020-08-10 03:39:32,635 Epoch   7 Step:     1200 Batch Loss:     2.666312 Tokens per Sec:     5923, Lr: 0.000200
2020-08-10 03:39:46,000 Hooray! New best validation result [ppl]!
2020-08-10 03:39:46,000 Saving new checkpoint.
2020-08-10 03:39:46,294 Example #0
2020-08-10 03:39:46,294 	Raw source:     ['hello', '.']
2020-08-10 03:39:46,294 	Raw hypothesis: ['hallo']
2020-08-10 03:39:46,294 	Source:     hello .
2020-08-10 03:39:46,294 	Reference:  hallo ,
2020-08-10 03:39:46,294 	Hypothesis: hallo
2020-08-10 03:39:46,294 Example #1
2020-08-10 03:39:46,294 	Raw source:     ['hi', ',', 'how', 'can', 'i', 'help', 'you', '?']
2020-08-10 03:39:46,294 	Raw hypothesis: ['hallo', ',', 'wie', 'kann', 'ich', 'ihnen', 'helfen', '?']
2020-08-10 03:39:46,294 	Source:     hi , how can i help you ?
2020-08-10 03:39:46,294 	Reference:  hallo , wie kann ich ihnen helfen ?
2020-08-10 03:39:46,294 	Hypothesis: hallo , wie kann ich ihnen helfen ?
2020-08-10 03:39:46,294 Example #2
2020-08-10 03:39:46,294 	Raw source:     ['hi', ',', 'i', '&apos;m', 'looking', 'for', 'a', 'restaurant', 'inside', 'the', 'arden', 'fair', 'mall', 'in', 'san', 'francisco', ',', 'california', '.']
2020-08-10 03:39:46,294 	Raw hypothesis: ['hallo', ',', 'ich', 'habe', 'ein', 'restaurant', 'in', 'san', 'francisco', ',', 'kalifornien', ',', 'kalifornien', ',', 'kalifornien', '.']
2020-08-10 03:39:46,294 	Source:     hi , i &apos;m looking for a restaurant inside the arden fair mall in san francisco , california .
2020-08-10 03:39:46,294 	Reference:  hallo , ich bin auf der suche nach einem restaurant im arden fair einkaufszentrum in san francisco , kalifornien .
2020-08-10 03:39:46,294 	Hypothesis: hallo , ich habe ein restaurant in san francisco , kalifornien , kalifornien , kalifornien .
2020-08-10 03:39:46,294 Example #3
2020-08-10 03:39:46,294 	Raw source:     ['ok', ',', 'what', 'type', 'of', 'restaurant', 'are', 'you', 'looking', 'for', '?']
2020-08-10 03:39:46,295 	Raw hypothesis: ['ok', ',', 'welche', 'art', 'von', 'restaurant', 'möchten', 'sie', '?']
2020-08-10 03:39:46,295 	Source:     ok , what type of restaurant are you looking for ?
2020-08-10 03:39:46,295 	Reference:  ok . welche art von restaurant suchen sie denn genau ?
2020-08-10 03:39:46,295 	Hypothesis: ok , welche art von restaurant möchten sie ?
2020-08-10 03:39:46,295 Validation result (greedy) at epoch   7, step     1200: bleu:  11.69, loss: 20102.4023, ppl:  23.1270, duration: 13.6596s
2020-08-10 03:39:51,942 Epoch   7 Step:     1300 Batch Loss:     3.270589 Tokens per Sec:     6011, Lr: 0.000200
2020-08-10 03:39:53,145 Epoch   7: total training loss 504.81
2020-08-10 03:39:53,145 EPOCH 8
2020-08-10 03:39:57,642 Epoch   8 Step:     1400 Batch Loss:     1.548956 Tokens per Sec:     6018, Lr: 0.000200
2020-08-10 03:40:10,672 Hooray! New best validation result [ppl]!
2020-08-10 03:40:10,672 Saving new checkpoint.
2020-08-10 03:40:10,958 Example #0
2020-08-10 03:40:10,958 	Raw source:     ['hello', '.']
2020-08-10 03:40:10,958 	Raw hypothesis: ['hallo', ',']
2020-08-10 03:40:10,958 	Source:     hello .
2020-08-10 03:40:10,958 	Reference:  hallo ,
2020-08-10 03:40:10,959 	Hypothesis: hallo ,
2020-08-10 03:40:10,959 Example #1
2020-08-10 03:40:10,959 	Raw source:     ['hi', ',', 'how', 'can', 'i', 'help', 'you', '?']
2020-08-10 03:40:10,959 	Raw hypothesis: ['hallo', ',', 'wie', 'kann', 'ich', 'ihnen', 'helfen', '?']
2020-08-10 03:40:10,959 	Source:     hi , how can i help you ?
2020-08-10 03:40:10,959 	Reference:  hallo , wie kann ich ihnen helfen ?
2020-08-10 03:40:10,959 	Hypothesis: hallo , wie kann ich ihnen helfen ?
2020-08-10 03:40:10,959 Example #2
2020-08-10 03:40:10,959 	Raw source:     ['hi', ',', 'i', '&apos;m', 'looking', 'for', 'a', 'restaurant', 'inside', 'the', 'arden', 'fair', 'mall', 'in', 'san', 'francisco', ',', 'california', '.']
2020-08-10 03:40:10,959 	Raw hypothesis: ['hallo', ',', 'ich', 'bin', 'in', 'der', 'nähe', 'in', 'san', 'francisco', ',', 'kalifornien', ',', 'kalifornien', ',', 'kalifornien', '.']
2020-08-10 03:40:10,959 	Source:     hi , i &apos;m looking for a restaurant inside the arden fair mall in san francisco , california .
2020-08-10 03:40:10,959 	Reference:  hallo , ich bin auf der suche nach einem restaurant im arden fair einkaufszentrum in san francisco , kalifornien .
2020-08-10 03:40:10,959 	Hypothesis: hallo , ich bin in der nähe in san francisco , kalifornien , kalifornien , kalifornien .
2020-08-10 03:40:10,959 Example #3
2020-08-10 03:40:10,959 	Raw source:     ['ok', ',', 'what', 'type', 'of', 'restaurant', 'are', 'you', 'looking', 'for', '?']
2020-08-10 03:40:10,959 	Raw hypothesis: ['ok', ',', 'was', 'möchten', 'sie', 'gerne', '?']
2020-08-10 03:40:10,959 	Source:     ok , what type of restaurant are you looking for ?
2020-08-10 03:40:10,959 	Reference:  ok . welche art von restaurant suchen sie denn genau ?
2020-08-10 03:40:10,959 	Hypothesis: ok , was möchten sie gerne ?
2020-08-10 03:40:10,959 Validation result (greedy) at epoch   8, step     1400: bleu:  14.22, loss: 19342.0742, ppl:  20.5364, duration: 13.3171s
2020-08-10 03:40:16,657 Epoch   8 Step:     1500 Batch Loss:     3.071819 Tokens per Sec:     5903, Lr: 0.000200
2020-08-10 03:40:17,226 Epoch   8: total training loss 461.83
2020-08-10 03:40:17,227 EPOCH 9
2020-08-10 03:40:22,386 Epoch   9 Step:     1600 Batch Loss:     2.220274 Tokens per Sec:     5979, Lr: 0.000200
2020-08-10 03:40:35,747 Hooray! New best validation result [ppl]!
2020-08-10 03:40:35,747 Saving new checkpoint.
2020-08-10 03:40:36,032 Example #0
2020-08-10 03:40:36,032 	Raw source:     ['hello', '.']
2020-08-10 03:40:36,032 	Raw hypothesis: ['hallo', '.']
2020-08-10 03:40:36,032 	Source:     hello .
2020-08-10 03:40:36,032 	Reference:  hallo ,
2020-08-10 03:40:36,032 	Hypothesis: hallo .
2020-08-10 03:40:36,032 Example #1
2020-08-10 03:40:36,032 	Raw source:     ['hi', ',', 'how', 'can', 'i', 'help', 'you', '?']
2020-08-10 03:40:36,032 	Raw hypothesis: ['hallo', ',', 'wie', 'kann', 'ich', 'ihnen', 'helfen', '?']
2020-08-10 03:40:36,032 	Source:     hi , how can i help you ?
2020-08-10 03:40:36,032 	Reference:  hallo , wie kann ich ihnen helfen ?
2020-08-10 03:40:36,032 	Hypothesis: hallo , wie kann ich ihnen helfen ?
2020-08-10 03:40:36,032 Example #2
2020-08-10 03:40:36,033 	Raw source:     ['hi', ',', 'i', '&apos;m', 'looking', 'for', 'a', 'restaurant', 'inside', 'the', 'arden', 'fair', 'mall', 'in', 'san', 'francisco', ',', 'california', '.']
2020-08-10 03:40:36,033 	Raw hypothesis: ['hallo', ',', 'ich', 'suche', 'ein', 'restaurant', 'in', 'der', 'suche', 'nach', 'einem', 'restaurant', 'in', 'der', 'suche', 'nach', 'einem', 'restaurant', 'in', 'san', 'francisco', ',', 'kalifornien', '.']
2020-08-10 03:40:36,033 	Source:     hi , i &apos;m looking for a restaurant inside the arden fair mall in san francisco , california .
2020-08-10 03:40:36,033 	Reference:  hallo , ich bin auf der suche nach einem restaurant im arden fair einkaufszentrum in san francisco , kalifornien .
2020-08-10 03:40:36,033 	Hypothesis: hallo , ich suche ein restaurant in der suche nach einem restaurant in der suche nach einem restaurant in san francisco , kalifornien .
2020-08-10 03:40:36,033 Example #3
2020-08-10 03:40:36,033 	Raw source:     ['ok', ',', 'what', 'type', 'of', 'restaurant', 'are', 'you', 'looking', 'for', '?']
2020-08-10 03:40:36,033 	Raw hypothesis: ['ok', ',', 'welche', 'art', 'von', 'restaurant', 'möchten', 'sie', '?']
2020-08-10 03:40:36,033 	Source:     ok , what type of restaurant are you looking for ?
2020-08-10 03:40:36,033 	Reference:  ok . welche art von restaurant suchen sie denn genau ?
2020-08-10 03:40:36,033 	Hypothesis: ok , welche art von restaurant möchten sie ?
2020-08-10 03:40:36,033 Validation result (greedy) at epoch   9, step     1600: bleu:  14.21, loss: 18615.9375, ppl:  18.3337, duration: 13.6466s
2020-08-10 03:40:41,532 Epoch   9: total training loss 417.79
2020-08-10 03:40:41,532 EPOCH 10
2020-08-10 03:40:41,711 Epoch  10 Step:     1700 Batch Loss:     2.764432 Tokens per Sec:     6343, Lr: 0.000200
2020-08-10 03:40:47,382 Epoch  10 Step:     1800 Batch Loss:     2.915319 Tokens per Sec:     5976, Lr: 0.000200
2020-08-10 03:40:59,854 Hooray! New best validation result [ppl]!
2020-08-10 03:40:59,854 Saving new checkpoint.
2020-08-10 03:41:00,147 Example #0
2020-08-10 03:41:00,148 	Raw source:     ['hello', '.']
2020-08-10 03:41:00,148 	Raw hypothesis: ['hallo', '.']
2020-08-10 03:41:00,148 	Source:     hello .
2020-08-10 03:41:00,148 	Reference:  hallo ,
2020-08-10 03:41:00,148 	Hypothesis: hallo .
2020-08-10 03:41:00,148 Example #1
2020-08-10 03:41:00,148 	Raw source:     ['hi', ',', 'how', 'can', 'i', 'help', 'you', '?']
2020-08-10 03:41:00,148 	Raw hypothesis: ['hallo', ',', 'wie', 'kann', 'ich', 'ihnen', 'helfen', '?']
2020-08-10 03:41:00,148 	Source:     hi , how can i help you ?
2020-08-10 03:41:00,148 	Reference:  hallo , wie kann ich ihnen helfen ?
2020-08-10 03:41:00,148 	Hypothesis: hallo , wie kann ich ihnen helfen ?
2020-08-10 03:41:00,148 Example #2
2020-08-10 03:41:00,148 	Raw source:     ['hi', ',', 'i', '&apos;m', 'looking', 'for', 'a', 'restaurant', 'inside', 'the', 'arden', 'fair', 'mall', 'in', 'san', 'francisco', ',', 'california', '.']
2020-08-10 03:41:00,148 	Raw hypothesis: ['hallo', ',', 'ich', 'bin', 'in', 'san', 'francisco', ',', 'kalifornien', ',', 'kalifornien', '.']
2020-08-10 03:41:00,148 	Source:     hi , i &apos;m looking for a restaurant inside the arden fair mall in san francisco , california .
2020-08-10 03:41:00,148 	Reference:  hallo , ich bin auf der suche nach einem restaurant im arden fair einkaufszentrum in san francisco , kalifornien .
2020-08-10 03:41:00,148 	Hypothesis: hallo , ich bin in san francisco , kalifornien , kalifornien .
2020-08-10 03:41:00,148 Example #3
2020-08-10 03:41:00,148 	Raw source:     ['ok', ',', 'what', 'type', 'of', 'restaurant', 'are', 'you', 'looking', 'for', '?']
2020-08-10 03:41:00,148 	Raw hypothesis: ['ok', ',', 'welche', 'art', 'von', 'restaurant', 'möchten', 'sie', '?']
2020-08-10 03:41:00,148 	Source:     ok , what type of restaurant are you looking for ?
2020-08-10 03:41:00,148 	Reference:  ok . welche art von restaurant suchen sie denn genau ?
2020-08-10 03:41:00,148 	Hypothesis: ok , welche art von restaurant möchten sie ?
2020-08-10 03:41:00,148 Validation result (greedy) at epoch  10, step     1800: bleu:  17.42, loss: 18025.7852, ppl:  16.7187, duration: 12.7662s
2020-08-10 03:41:04,950 Epoch  10: total training loss 390.41
2020-08-10 03:41:04,950 EPOCH 11
2020-08-10 03:41:05,842 Epoch  11 Step:     1900 Batch Loss:     2.231573 Tokens per Sec:     5531, Lr: 0.000200
2020-08-10 03:41:11,486 Epoch  11 Step:     2000 Batch Loss:     1.142304 Tokens per Sec:     6080, Lr: 0.000200
2020-08-10 03:41:21,168 Hooray! New best validation result [ppl]!
2020-08-10 03:41:21,168 Saving new checkpoint.
2020-08-10 03:41:21,457 Example #0
2020-08-10 03:41:21,457 	Raw source:     ['hello', '.']
2020-08-10 03:41:21,457 	Raw hypothesis: ['hallo', '.']
2020-08-10 03:41:21,457 	Source:     hello .
2020-08-10 03:41:21,457 	Reference:  hallo ,
2020-08-10 03:41:21,457 	Hypothesis: hallo .
2020-08-10 03:41:21,457 Example #1
2020-08-10 03:41:21,457 	Raw source:     ['hi', ',', 'how', 'can', 'i', 'help', 'you', '?']
2020-08-10 03:41:21,457 	Raw hypothesis: ['hallo', ',', 'wie', 'kann', 'ich', 'ihnen', 'helfen', '?']
2020-08-10 03:41:21,457 	Source:     hi , how can i help you ?
2020-08-10 03:41:21,457 	Reference:  hallo , wie kann ich ihnen helfen ?
2020-08-10 03:41:21,457 	Hypothesis: hallo , wie kann ich ihnen helfen ?
2020-08-10 03:41:21,457 Example #2
2020-08-10 03:41:21,457 	Raw source:     ['hi', ',', 'i', '&apos;m', 'looking', 'for', 'a', 'restaurant', 'inside', 'the', 'arden', 'fair', 'mall', 'in', 'san', 'francisco', ',', 'california', '.']
2020-08-10 03:41:21,457 	Raw hypothesis: ['hallo', ',', 'ich', 'suche', 'ein', 'restaurant', 'in', 'san', 'francisco', ',', 'kalifornien', ',', 'das', 'suche', '.']
2020-08-10 03:41:21,457 	Source:     hi , i &apos;m looking for a restaurant inside the arden fair mall in san francisco , california .
2020-08-10 03:41:21,457 	Reference:  hallo , ich bin auf der suche nach einem restaurant im arden fair einkaufszentrum in san francisco , kalifornien .
2020-08-10 03:41:21,458 	Hypothesis: hallo , ich suche ein restaurant in san francisco , kalifornien , das suche .
2020-08-10 03:41:21,458 Example #3
2020-08-10 03:41:21,458 	Raw source:     ['ok', ',', 'what', 'type', 'of', 'restaurant', 'are', 'you', 'looking', 'for', '?']
2020-08-10 03:41:21,458 	Raw hypothesis: ['okay', ',', 'was', 'für', 'ein', 'restaurant', 'restaurant', 'haben', 'sie', '?']
2020-08-10 03:41:21,458 	Source:     ok , what type of restaurant are you looking for ?
2020-08-10 03:41:21,458 	Reference:  ok . welche art von restaurant suchen sie denn genau ?
2020-08-10 03:41:21,458 	Hypothesis: okay , was für ein restaurant restaurant haben sie ?
2020-08-10 03:41:21,458 Validation result (greedy) at epoch  11, step     2000: bleu:  21.30, loss: 17566.4668, ppl:  15.5609, duration: 9.9714s
2020-08-10 03:41:25,583 Epoch  11: total training loss 363.70
2020-08-10 03:41:25,584 EPOCH 12
2020-08-10 03:41:27,129 Epoch  12 Step:     2100 Batch Loss:     0.990610 Tokens per Sec:     6092, Lr: 0.000200
2020-08-10 03:41:32,834 Epoch  12 Step:     2200 Batch Loss:     1.683196 Tokens per Sec:     5907, Lr: 0.000200
2020-08-10 03:41:45,531 Hooray! New best validation result [ppl]!
2020-08-10 03:41:45,531 Saving new checkpoint.
2020-08-10 03:41:45,821 Example #0
2020-08-10 03:41:45,821 	Raw source:     ['hello', '.']
2020-08-10 03:41:45,821 	Raw hypothesis: ['hallo', '.']
2020-08-10 03:41:45,821 	Source:     hello .
2020-08-10 03:41:45,821 	Reference:  hallo ,
2020-08-10 03:41:45,821 	Hypothesis: hallo .
2020-08-10 03:41:45,821 Example #1
2020-08-10 03:41:45,821 	Raw source:     ['hi', ',', 'how', 'can', 'i', 'help', 'you', '?']
2020-08-10 03:41:45,821 	Raw hypothesis: ['hallo', ',', 'wie', 'kann', 'ich', 'ihnen', 'helfen', '?']
2020-08-10 03:41:45,821 	Source:     hi , how can i help you ?
2020-08-10 03:41:45,821 	Reference:  hallo , wie kann ich ihnen helfen ?
2020-08-10 03:41:45,821 	Hypothesis: hallo , wie kann ich ihnen helfen ?
2020-08-10 03:41:45,821 Example #2
2020-08-10 03:41:45,821 	Raw source:     ['hi', ',', 'i', '&apos;m', 'looking', 'for', 'a', 'restaurant', 'inside', 'the', 'arden', 'fair', 'mall', 'in', 'san', 'francisco', ',', 'california', '.']
2020-08-10 03:41:45,821 	Raw hypothesis: ['hallo', ',', 'ich', 'suche', 'ein', 'restaurant', 'in', 'san', 'francisco', ',', 'kalifornien', ',', 'in', 'san', 'francisco', ',', 'kalifornien', ',', 'kalifornien', ',', 'kalifornien', '.']
2020-08-10 03:41:45,821 	Source:     hi , i &apos;m looking for a restaurant inside the arden fair mall in san francisco , california .
2020-08-10 03:41:45,821 	Reference:  hallo , ich bin auf der suche nach einem restaurant im arden fair einkaufszentrum in san francisco , kalifornien .
2020-08-10 03:41:45,821 	Hypothesis: hallo , ich suche ein restaurant in san francisco , kalifornien , in san francisco , kalifornien , kalifornien , kalifornien .
2020-08-10 03:41:45,821 Example #3
2020-08-10 03:41:45,821 	Raw source:     ['ok', ',', 'what', 'type', 'of', 'restaurant', 'are', 'you', 'looking', 'for', '?']
2020-08-10 03:41:45,822 	Raw hypothesis: ['ok', ',', 'welche', 'art', 'von', 'restaurant', 'sie', '?']
2020-08-10 03:41:45,822 	Source:     ok , what type of restaurant are you looking for ?
2020-08-10 03:41:45,822 	Reference:  ok . welche art von restaurant suchen sie denn genau ?
2020-08-10 03:41:45,822 	Hypothesis: ok , welche art von restaurant sie ?
2020-08-10 03:41:45,822 Validation result (greedy) at epoch  12, step     2200: bleu:  19.40, loss: 17217.7734, ppl:  14.7358, duration: 12.9876s
2020-08-10 03:41:49,462 Epoch  12: total training loss 340.20
2020-08-10 03:41:49,462 EPOCH 13
2020-08-10 03:41:51,644 Epoch  13 Step:     2300 Batch Loss:     0.882028 Tokens per Sec:     5674, Lr: 0.000200
2020-08-10 03:41:57,299 Epoch  13 Step:     2400 Batch Loss:     0.356533 Tokens per Sec:     6144, Lr: 0.000200
2020-08-10 03:42:08,549 Hooray! New best validation result [ppl]!
2020-08-10 03:42:08,549 Saving new checkpoint.
2020-08-10 03:42:08,833 Example #0
2020-08-10 03:42:08,834 	Raw source:     ['hello', '.']
2020-08-10 03:42:08,834 	Raw hypothesis: ['hallo', '.']
2020-08-10 03:42:08,834 	Source:     hello .
2020-08-10 03:42:08,834 	Reference:  hallo ,
2020-08-10 03:42:08,834 	Hypothesis: hallo .
2020-08-10 03:42:08,834 Example #1
2020-08-10 03:42:08,834 	Raw source:     ['hi', ',', 'how', 'can', 'i', 'help', 'you', '?']
2020-08-10 03:42:08,834 	Raw hypothesis: ['hallo', ',', 'wie', 'kann', 'ich', 'ihnen', 'helfen', '?']
2020-08-10 03:42:08,834 	Source:     hi , how can i help you ?
2020-08-10 03:42:08,834 	Reference:  hallo , wie kann ich ihnen helfen ?
2020-08-10 03:42:08,834 	Hypothesis: hallo , wie kann ich ihnen helfen ?
2020-08-10 03:42:08,834 Example #2
2020-08-10 03:42:08,834 	Raw source:     ['hi', ',', 'i', '&apos;m', 'looking', 'for', 'a', 'restaurant', 'inside', 'the', 'arden', 'fair', 'mall', 'in', 'san', 'francisco', ',', 'california', '.']
2020-08-10 03:42:08,834 	Raw hypothesis: ['hallo', ',', 'ich', 'suche', 'ein', 'restaurant', 'in', 'san', 'francisco', ',', 'kalifornien', ',', 'in', 'san', 'francisco', ',', 'kalifornien', ',', 'kalifornien', ',', 'kalifornien', '.']
2020-08-10 03:42:08,834 	Source:     hi , i &apos;m looking for a restaurant inside the arden fair mall in san francisco , california .
2020-08-10 03:42:08,834 	Reference:  hallo , ich bin auf der suche nach einem restaurant im arden fair einkaufszentrum in san francisco , kalifornien .
2020-08-10 03:42:08,834 	Hypothesis: hallo , ich suche ein restaurant in san francisco , kalifornien , in san francisco , kalifornien , kalifornien , kalifornien .
2020-08-10 03:42:08,834 Example #3
2020-08-10 03:42:08,834 	Raw source:     ['ok', ',', 'what', 'type', 'of', 'restaurant', 'are', 'you', 'looking', 'for', '?']
2020-08-10 03:42:08,834 	Raw hypothesis: ['ok', ',', 'welche', 'art', 'von', 'restaurant', 'möchten', 'sie', '?']
2020-08-10 03:42:08,834 	Source:     ok , what type of restaurant are you looking for ?
2020-08-10 03:42:08,834 	Reference:  ok . welche art von restaurant suchen sie denn genau ?
2020-08-10 03:42:08,834 	Hypothesis: ok , welche art von restaurant möchten sie ?
2020-08-10 03:42:08,835 Validation result (greedy) at epoch  13, step     2400: bleu:  21.66, loss: 17058.4219, ppl:  14.3734, duration: 11.5353s
2020-08-10 03:42:11,623 Epoch  13: total training loss 307.94
2020-08-10 03:42:11,623 EPOCH 14
2020-08-10 03:42:14,550 Epoch  14 Step:     2500 Batch Loss:     0.965607 Tokens per Sec:     5932, Lr: 0.000200
2020-08-10 03:42:20,207 Epoch  14 Step:     2600 Batch Loss:     2.107303 Tokens per Sec:     6086, Lr: 0.000200
2020-08-10 03:42:33,353 Hooray! New best validation result [ppl]!
2020-08-10 03:42:33,353 Saving new checkpoint.
2020-08-10 03:42:33,635 Example #0
2020-08-10 03:42:33,635 	Raw source:     ['hello', '.']
2020-08-10 03:42:33,635 	Raw hypothesis: ['hallo']
2020-08-10 03:42:33,635 	Source:     hello .
2020-08-10 03:42:33,636 	Reference:  hallo ,
2020-08-10 03:42:33,636 	Hypothesis: hallo
2020-08-10 03:42:33,636 Example #1
2020-08-10 03:42:33,636 	Raw source:     ['hi', ',', 'how', 'can', 'i', 'help', 'you', '?']
2020-08-10 03:42:33,636 	Raw hypothesis: ['hallo', ',', 'wie', 'kann', 'ich', 'ihnen', 'helfen', '?']
2020-08-10 03:42:33,636 	Source:     hi , how can i help you ?
2020-08-10 03:42:33,636 	Reference:  hallo , wie kann ich ihnen helfen ?
2020-08-10 03:42:33,636 	Hypothesis: hallo , wie kann ich ihnen helfen ?
2020-08-10 03:42:33,636 Example #2
2020-08-10 03:42:33,636 	Raw source:     ['hi', ',', 'i', '&apos;m', 'looking', 'for', 'a', 'restaurant', 'inside', 'the', 'arden', 'fair', 'mall', 'in', 'san', 'francisco', ',', 'california', '.']
2020-08-10 03:42:33,636 	Raw hypothesis: ['hallo', ',', 'ich', 'suche', 'ein', 'restaurant', 'in', 'san', 'francisco', ',', 'kalifornien', '.']
2020-08-10 03:42:33,636 	Source:     hi , i &apos;m looking for a restaurant inside the arden fair mall in san francisco , california .
2020-08-10 03:42:33,636 	Reference:  hallo , ich bin auf der suche nach einem restaurant im arden fair einkaufszentrum in san francisco , kalifornien .
2020-08-10 03:42:33,636 	Hypothesis: hallo , ich suche ein restaurant in san francisco , kalifornien .
2020-08-10 03:42:33,636 Example #3
2020-08-10 03:42:33,636 	Raw source:     ['ok', ',', 'what', 'type', 'of', 'restaurant', 'are', 'you', 'looking', 'for', '?']
2020-08-10 03:42:33,636 	Raw hypothesis: ['ok', ',', 'welche', 'art', 'von', 'restaurant', 'suchen', 'sie', '?']
2020-08-10 03:42:33,636 	Source:     ok , what type of restaurant are you looking for ?
2020-08-10 03:42:33,636 	Reference:  ok . welche art von restaurant suchen sie denn genau ?
2020-08-10 03:42:33,636 	Hypothesis: ok , welche art von restaurant suchen sie ?
2020-08-10 03:42:33,636 Validation result (greedy) at epoch  14, step     2600: bleu:  21.96, loss: 16961.9453, ppl:  14.1583, duration: 13.4295s
2020-08-10 03:42:35,753 Epoch  14: total training loss 291.18
2020-08-10 03:42:35,753 EPOCH 15
2020-08-10 03:42:39,325 Epoch  15 Step:     2700 Batch Loss:     1.126516 Tokens per Sec:     5891, Lr: 0.000200
2020-08-10 03:42:44,969 Epoch  15 Step:     2800 Batch Loss:     2.128369 Tokens per Sec:     5986, Lr: 0.000200
2020-08-10 03:42:58,274 Hooray! New best validation result [ppl]!
2020-08-10 03:42:58,274 Saving new checkpoint.
2020-08-10 03:42:58,561 Example #0
2020-08-10 03:42:58,562 	Raw source:     ['hello', '.']
2020-08-10 03:42:58,562 	Raw hypothesis: ['hallo', '.']
2020-08-10 03:42:58,562 	Source:     hello .
2020-08-10 03:42:58,562 	Reference:  hallo ,
2020-08-10 03:42:58,562 	Hypothesis: hallo .
2020-08-10 03:42:58,562 Example #1
2020-08-10 03:42:58,562 	Raw source:     ['hi', ',', 'how', 'can', 'i', 'help', 'you', '?']
2020-08-10 03:42:58,562 	Raw hypothesis: ['hallo', ',', 'wie', 'kann', 'ich', 'ihnen', 'helfen', '?']
2020-08-10 03:42:58,562 	Source:     hi , how can i help you ?
2020-08-10 03:42:58,562 	Reference:  hallo , wie kann ich ihnen helfen ?
2020-08-10 03:42:58,562 	Hypothesis: hallo , wie kann ich ihnen helfen ?
2020-08-10 03:42:58,562 Example #2
2020-08-10 03:42:58,562 	Raw source:     ['hi', ',', 'i', '&apos;m', 'looking', 'for', 'a', 'restaurant', 'inside', 'the', 'arden', 'fair', 'mall', 'in', 'san', 'francisco', ',', 'california', '.']
2020-08-10 03:42:58,562 	Raw hypothesis: ['hallo', ',', 'ich', 'suche', 'ein', 'restaurant', 'in', 'san', 'francisco', ',', 'das', 'suche', 'nach', 'einem', 'restaurant', 'in', 'san', 'francisco', ',', 'das', 'restaurant', 'zum', 'mittagessen', 'in', 'sacramento', ',', 'kalifornien', '.']
2020-08-10 03:42:58,562 	Source:     hi , i &apos;m looking for a restaurant inside the arden fair mall in san francisco , california .
2020-08-10 03:42:58,562 	Reference:  hallo , ich bin auf der suche nach einem restaurant im arden fair einkaufszentrum in san francisco , kalifornien .
2020-08-10 03:42:58,562 	Hypothesis: hallo , ich suche ein restaurant in san francisco , das suche nach einem restaurant in san francisco , das restaurant zum mittagessen in sacramento , kalifornien .
2020-08-10 03:42:58,562 Example #3
2020-08-10 03:42:58,563 	Raw source:     ['ok', ',', 'what', 'type', 'of', 'restaurant', 'are', 'you', 'looking', 'for', '?']
2020-08-10 03:42:58,563 	Raw hypothesis: ['ok', ',', 'welche', 'art', 'von', 'restaurant', 'haben', 'sie', '?']
2020-08-10 03:42:58,563 	Source:     ok , what type of restaurant are you looking for ?
2020-08-10 03:42:58,563 	Reference:  ok . welche art von restaurant suchen sie denn genau ?
2020-08-10 03:42:58,563 	Hypothesis: ok , welche art von restaurant haben sie ?
2020-08-10 03:42:58,563 Validation result (greedy) at epoch  15, step     2800: bleu:  21.89, loss: 16931.5098, ppl:  14.0912, duration: 13.5933s
2020-08-10 03:43:00,099 Epoch  15: total training loss 275.34
2020-08-10 03:43:00,099 EPOCH 16
2020-08-10 03:43:04,290 Epoch  16 Step:     2900 Batch Loss:     1.626414 Tokens per Sec:     5838, Lr: 0.000200
2020-08-10 03:43:09,991 Epoch  16 Step:     3000 Batch Loss:     1.965504 Tokens per Sec:     5987, Lr: 0.000200
2020-08-10 03:43:21,086 Hooray! New best validation result [ppl]!
2020-08-10 03:43:21,086 Saving new checkpoint.
2020-08-10 03:43:21,387 Example #0
2020-08-10 03:43:21,387 	Raw source:     ['hello', '.']
2020-08-10 03:43:21,387 	Raw hypothesis: ['hallo', '.']
2020-08-10 03:43:21,387 	Source:     hello .
2020-08-10 03:43:21,387 	Reference:  hallo ,
2020-08-10 03:43:21,387 	Hypothesis: hallo .
2020-08-10 03:43:21,387 Example #1
2020-08-10 03:43:21,387 	Raw source:     ['hi', ',', 'how', 'can', 'i', 'help', 'you', '?']
2020-08-10 03:43:21,387 	Raw hypothesis: ['hallo', ',', 'wie', 'kann', 'ich', 'ihnen', 'helfen', '?']
2020-08-10 03:43:21,387 	Source:     hi , how can i help you ?
2020-08-10 03:43:21,387 	Reference:  hallo , wie kann ich ihnen helfen ?
2020-08-10 03:43:21,387 	Hypothesis: hallo , wie kann ich ihnen helfen ?
2020-08-10 03:43:21,387 Example #2
2020-08-10 03:43:21,387 	Raw source:     ['hi', ',', 'i', '&apos;m', 'looking', 'for', 'a', 'restaurant', 'inside', 'the', 'arden', 'fair', 'mall', 'in', 'san', 'francisco', ',', 'california', '.']
2020-08-10 03:43:21,387 	Raw hypothesis: ['hallo', ',', 'ich', 'suche', 'ein', 'restaurant', 'in', 'san', 'francisco', ',', 'kalifornien', '.']
2020-08-10 03:43:21,387 	Source:     hi , i &apos;m looking for a restaurant inside the arden fair mall in san francisco , california .
2020-08-10 03:43:21,387 	Reference:  hallo , ich bin auf der suche nach einem restaurant im arden fair einkaufszentrum in san francisco , kalifornien .
2020-08-10 03:43:21,387 	Hypothesis: hallo , ich suche ein restaurant in san francisco , kalifornien .
2020-08-10 03:43:21,387 Example #3
2020-08-10 03:43:21,387 	Raw source:     ['ok', ',', 'what', 'type', 'of', 'restaurant', 'are', 'you', 'looking', 'for', '?']
2020-08-10 03:43:21,387 	Raw hypothesis: ['ok', ',', 'nach', 'welcher', 'art', 'von', 'restaurant', 'suchen', 'sie', '?']
2020-08-10 03:43:21,387 	Source:     ok , what type of restaurant are you looking for ?
2020-08-10 03:43:21,387 	Reference:  ok . welche art von restaurant suchen sie denn genau ?
2020-08-10 03:43:21,388 	Hypothesis: ok , nach welcher art von restaurant suchen sie ?
2020-08-10 03:43:21,388 Validation result (greedy) at epoch  16, step     3000: bleu:  24.32, loss: 16797.6328, ppl:  13.7995, duration: 11.3964s
2020-08-10 03:43:22,305 Epoch  16: total training loss 254.71
2020-08-10 03:43:22,305 EPOCH 17
2020-08-10 03:43:27,077 Epoch  17 Step:     3100 Batch Loss:     1.801076 Tokens per Sec:     6025, Lr: 0.000200
2020-08-10 03:43:32,733 Epoch  17 Step:     3200 Batch Loss:     1.251814 Tokens per Sec:     5892, Lr: 0.000200
2020-08-10 03:43:43,757 Example #0
2020-08-10 03:43:43,757 	Raw source:     ['hello', '.']
2020-08-10 03:43:43,757 	Raw hypothesis: ['hallo', ',']
2020-08-10 03:43:43,757 	Source:     hello .
2020-08-10 03:43:43,757 	Reference:  hallo ,
2020-08-10 03:43:43,757 	Hypothesis: hallo ,
2020-08-10 03:43:43,757 Example #1
2020-08-10 03:43:43,757 	Raw source:     ['hi', ',', 'how', 'can', 'i', 'help', 'you', '?']
2020-08-10 03:43:43,757 	Raw hypothesis: ['hallo', ',', 'wie', 'kann', 'ich', 'ihnen', 'helfen', '?']
2020-08-10 03:43:43,757 	Source:     hi , how can i help you ?
2020-08-10 03:43:43,758 	Reference:  hallo , wie kann ich ihnen helfen ?
2020-08-10 03:43:43,758 	Hypothesis: hallo , wie kann ich ihnen helfen ?
2020-08-10 03:43:43,758 Example #2
2020-08-10 03:43:43,758 	Raw source:     ['hi', ',', 'i', '&apos;m', 'looking', 'for', 'a', 'restaurant', 'inside', 'the', 'arden', 'fair', 'mall', 'in', 'san', 'francisco', ',', 'california', '.']
2020-08-10 03:43:43,758 	Raw hypothesis: ['hallo', ',', 'ich', 'suche', 'ein', 'restaurant', 'in', 'san', 'francisco', ',', 'kalifornien', '.']
2020-08-10 03:43:43,758 	Source:     hi , i &apos;m looking for a restaurant inside the arden fair mall in san francisco , california .
2020-08-10 03:43:43,758 	Reference:  hallo , ich bin auf der suche nach einem restaurant im arden fair einkaufszentrum in san francisco , kalifornien .
2020-08-10 03:43:43,758 	Hypothesis: hallo , ich suche ein restaurant in san francisco , kalifornien .
2020-08-10 03:43:43,758 Example #3
2020-08-10 03:43:43,758 	Raw source:     ['ok', ',', 'what', 'type', 'of', 'restaurant', 'are', 'you', 'looking', 'for', '?']
2020-08-10 03:43:43,758 	Raw hypothesis: ['ok', ',', 'nach', 'welcher', 'art', 'von', 'restaurant', 'suchen', 'sie', '?']
2020-08-10 03:43:43,758 	Source:     ok , what type of restaurant are you looking for ?
2020-08-10 03:43:43,758 	Reference:  ok . welche art von restaurant suchen sie denn genau ?
2020-08-10 03:43:43,758 	Hypothesis: ok , nach welcher art von restaurant suchen sie ?
2020-08-10 03:43:43,758 Validation result (greedy) at epoch  17, step     3200: bleu:  24.80, loss: 16872.9102, ppl:  13.9627, duration: 11.0244s
2020-08-10 03:43:44,106 Epoch  17: total training loss 235.71
2020-08-10 03:43:44,106 EPOCH 18
2020-08-10 03:43:49,409 Epoch  18 Step:     3300 Batch Loss:     0.725547 Tokens per Sec:     5964, Lr: 0.000200
2020-08-10 03:43:54,855 Epoch  18: total training loss 221.90
2020-08-10 03:43:54,855 EPOCH 19
2020-08-10 03:43:55,034 Epoch  19 Step:     3400 Batch Loss:     1.019176 Tokens per Sec:     6568, Lr: 0.000200
2020-08-10 03:44:06,852 Example #0
2020-08-10 03:44:06,852 	Raw source:     ['hello', '.']
2020-08-10 03:44:06,852 	Raw hypothesis: ['hallo', '.']
2020-08-10 03:44:06,852 	Source:     hello .
2020-08-10 03:44:06,852 	Reference:  hallo ,
2020-08-10 03:44:06,852 	Hypothesis: hallo .
2020-08-10 03:44:06,852 Example #1
2020-08-10 03:44:06,852 	Raw source:     ['hi', ',', 'how', 'can', 'i', 'help', 'you', '?']
2020-08-10 03:44:06,852 	Raw hypothesis: ['hallo', ',', 'wie', 'kann', 'ich', 'ihnen', 'helfen', '?']
2020-08-10 03:44:06,852 	Source:     hi , how can i help you ?
2020-08-10 03:44:06,852 	Reference:  hallo , wie kann ich ihnen helfen ?
2020-08-10 03:44:06,853 	Hypothesis: hallo , wie kann ich ihnen helfen ?
2020-08-10 03:44:06,853 Example #2
2020-08-10 03:44:06,853 	Raw source:     ['hi', ',', 'i', '&apos;m', 'looking', 'for', 'a', 'restaurant', 'inside', 'the', 'arden', 'fair', 'mall', 'in', 'san', 'francisco', ',', 'california', '.']
2020-08-10 03:44:06,853 	Raw hypothesis: ['hallo', ',', 'ich', 'suche', 'ein', 'restaurant', 'in', 'san', 'francisco', ',', 'kalifornien', '.']
2020-08-10 03:44:06,853 	Source:     hi , i &apos;m looking for a restaurant inside the arden fair mall in san francisco , california .
2020-08-10 03:44:06,853 	Reference:  hallo , ich bin auf der suche nach einem restaurant im arden fair einkaufszentrum in san francisco , kalifornien .
2020-08-10 03:44:06,853 	Hypothesis: hallo , ich suche ein restaurant in san francisco , kalifornien .
2020-08-10 03:44:06,853 Example #3
2020-08-10 03:44:06,853 	Raw source:     ['ok', ',', 'what', 'type', 'of', 'restaurant', 'are', 'you', 'looking', 'for', '?']
2020-08-10 03:44:06,853 	Raw hypothesis: ['ok', ',', 'nach', 'welcher', 'art', 'von', 'restaurant', 'suchen', 'sie', '?']
2020-08-10 03:44:06,853 	Source:     ok , what type of restaurant are you looking for ?
2020-08-10 03:44:06,853 	Reference:  ok . welche art von restaurant suchen sie denn genau ?
2020-08-10 03:44:06,853 	Hypothesis: ok , nach welcher art von restaurant suchen sie ?
2020-08-10 03:44:06,853 Validation result (greedy) at epoch  19, step     3400: bleu:  23.74, loss: 16884.6289, ppl:  13.9883, duration: 11.8187s
2020-08-10 03:44:12,565 Epoch  19 Step:     3500 Batch Loss:     1.074826 Tokens per Sec:     5829, Lr: 0.000200
2020-08-10 03:44:17,591 Epoch  19: total training loss 205.31
2020-08-10 03:44:17,592 EPOCH 20
2020-08-10 03:44:18,288 Epoch  20 Step:     3600 Batch Loss:     0.980064 Tokens per Sec:     5657, Lr: 0.000200
2020-08-10 03:44:28,315 Example #0
2020-08-10 03:44:28,315 	Raw source:     ['hello', '.']
2020-08-10 03:44:28,315 	Raw hypothesis: ['hallo', '.']
2020-08-10 03:44:28,315 	Source:     hello .
2020-08-10 03:44:28,315 	Reference:  hallo ,
2020-08-10 03:44:28,315 	Hypothesis: hallo .
2020-08-10 03:44:28,315 Example #1
2020-08-10 03:44:28,315 	Raw source:     ['hi', ',', 'how', 'can', 'i', 'help', 'you', '?']
2020-08-10 03:44:28,315 	Raw hypothesis: ['hallo', ',', 'wie', 'kann', 'ich', 'ihnen', 'helfen', '?']
2020-08-10 03:44:28,315 	Source:     hi , how can i help you ?
2020-08-10 03:44:28,315 	Reference:  hallo , wie kann ich ihnen helfen ?
2020-08-10 03:44:28,315 	Hypothesis: hallo , wie kann ich ihnen helfen ?
2020-08-10 03:44:28,315 Example #2
2020-08-10 03:44:28,315 	Raw source:     ['hi', ',', 'i', '&apos;m', 'looking', 'for', 'a', 'restaurant', 'inside', 'the', 'arden', 'fair', 'mall', 'in', 'san', 'francisco', ',', 'california', '.']
2020-08-10 03:44:28,315 	Raw hypothesis: ['hallo', ',', 'ich', 'suche', 'ein', 'restaurant', 'in', 'san', 'francisco', ',', 'kalifornien', '.']
2020-08-10 03:44:28,315 	Source:     hi , i &apos;m looking for a restaurant inside the arden fair mall in san francisco , california .
2020-08-10 03:44:28,315 	Reference:  hallo , ich bin auf der suche nach einem restaurant im arden fair einkaufszentrum in san francisco , kalifornien .
2020-08-10 03:44:28,315 	Hypothesis: hallo , ich suche ein restaurant in san francisco , kalifornien .
2020-08-10 03:44:28,315 Example #3
2020-08-10 03:44:28,315 	Raw source:     ['ok', ',', 'what', 'type', 'of', 'restaurant', 'are', 'you', 'looking', 'for', '?']
2020-08-10 03:44:28,316 	Raw hypothesis: ['ok', ',', 'nach', 'welcher', 'art', 'von', 'restaurant', 'suchen', 'sie', '?']
2020-08-10 03:44:28,316 	Source:     ok , what type of restaurant are you looking for ?
2020-08-10 03:44:28,316 	Reference:  ok . welche art von restaurant suchen sie denn genau ?
2020-08-10 03:44:28,316 	Hypothesis: ok , nach welcher art von restaurant suchen sie ?
2020-08-10 03:44:28,316 Validation result (greedy) at epoch  20, step     3600: bleu:  26.09, loss: 17083.1562, ppl:  14.4290, duration: 10.0274s
2020-08-10 03:44:34,122 Epoch  20 Step:     3700 Batch Loss:     0.639082 Tokens per Sec:     5905, Lr: 0.000200
2020-08-10 03:44:38,643 Epoch  20: total training loss 186.54
2020-08-10 03:44:38,644 Training ended after  20 epochs.
2020-08-10 03:44:38,644 Best validation result (greedy) at step     3000:  13.80 ppl.
