2020-08-10 10:15:25,700 Hello! This is Joey-NMT.
2020-08-10 10:15:27,021 Total params: 9944832
2020-08-10 10:15:27,022 Trainable parameters: ['decoder.layer_norm.bias', 'decoder.layer_norm.weight', 'decoder.layers.0.dec_layer_norm.bias', 'decoder.layers.0.dec_layer_norm.weight', 'decoder.layers.0.feed_forward.layer_norm.bias', 'decoder.layers.0.feed_forward.layer_norm.weight', 'decoder.layers.0.feed_forward.pwff_layer.0.bias', 'decoder.layers.0.feed_forward.pwff_layer.0.weight', 'decoder.layers.0.feed_forward.pwff_layer.3.bias', 'decoder.layers.0.feed_forward.pwff_layer.3.weight', 'decoder.layers.0.src_trg_att.k_layer.bias', 'decoder.layers.0.src_trg_att.k_layer.weight', 'decoder.layers.0.src_trg_att.output_layer.bias', 'decoder.layers.0.src_trg_att.output_layer.weight', 'decoder.layers.0.src_trg_att.q_layer.bias', 'decoder.layers.0.src_trg_att.q_layer.weight', 'decoder.layers.0.src_trg_att.v_layer.bias', 'decoder.layers.0.src_trg_att.v_layer.weight', 'decoder.layers.0.trg_trg_att.k_layer.bias', 'decoder.layers.0.trg_trg_att.k_layer.weight', 'decoder.layers.0.trg_trg_att.output_layer.bias', 'decoder.layers.0.trg_trg_att.output_layer.weight', 'decoder.layers.0.trg_trg_att.q_layer.bias', 'decoder.layers.0.trg_trg_att.q_layer.weight', 'decoder.layers.0.trg_trg_att.v_layer.bias', 'decoder.layers.0.trg_trg_att.v_layer.weight', 'decoder.layers.0.x_layer_norm.bias', 'decoder.layers.0.x_layer_norm.weight', 'decoder.layers.1.dec_layer_norm.bias', 'decoder.layers.1.dec_layer_norm.weight', 'decoder.layers.1.feed_forward.layer_norm.bias', 'decoder.layers.1.feed_forward.layer_norm.weight', 'decoder.layers.1.feed_forward.pwff_layer.0.bias', 'decoder.layers.1.feed_forward.pwff_layer.0.weight', 'decoder.layers.1.feed_forward.pwff_layer.3.bias', 'decoder.layers.1.feed_forward.pwff_layer.3.weight', 'decoder.layers.1.src_trg_att.k_layer.bias', 'decoder.layers.1.src_trg_att.k_layer.weight', 'decoder.layers.1.src_trg_att.output_layer.bias', 'decoder.layers.1.src_trg_att.output_layer.weight', 'decoder.layers.1.src_trg_att.q_layer.bias', 'decoder.layers.1.src_trg_att.q_layer.weight', 'decoder.layers.1.src_trg_att.v_layer.bias', 'decoder.layers.1.src_trg_att.v_layer.weight', 'decoder.layers.1.trg_trg_att.k_layer.bias', 'decoder.layers.1.trg_trg_att.k_layer.weight', 'decoder.layers.1.trg_trg_att.output_layer.bias', 'decoder.layers.1.trg_trg_att.output_layer.weight', 'decoder.layers.1.trg_trg_att.q_layer.bias', 'decoder.layers.1.trg_trg_att.q_layer.weight', 'decoder.layers.1.trg_trg_att.v_layer.bias', 'decoder.layers.1.trg_trg_att.v_layer.weight', 'decoder.layers.1.x_layer_norm.bias', 'decoder.layers.1.x_layer_norm.weight', 'decoder.layers.2.dec_layer_norm.bias', 'decoder.layers.2.dec_layer_norm.weight', 'decoder.layers.2.feed_forward.layer_norm.bias', 'decoder.layers.2.feed_forward.layer_norm.weight', 'decoder.layers.2.feed_forward.pwff_layer.0.bias', 'decoder.layers.2.feed_forward.pwff_layer.0.weight', 'decoder.layers.2.feed_forward.pwff_layer.3.bias', 'decoder.layers.2.feed_forward.pwff_layer.3.weight', 'decoder.layers.2.src_trg_att.k_layer.bias', 'decoder.layers.2.src_trg_att.k_layer.weight', 'decoder.layers.2.src_trg_att.output_layer.bias', 'decoder.layers.2.src_trg_att.output_layer.weight', 'decoder.layers.2.src_trg_att.q_layer.bias', 'decoder.layers.2.src_trg_att.q_layer.weight', 'decoder.layers.2.src_trg_att.v_layer.bias', 'decoder.layers.2.src_trg_att.v_layer.weight', 'decoder.layers.2.trg_trg_att.k_layer.bias', 'decoder.layers.2.trg_trg_att.k_layer.weight', 'decoder.layers.2.trg_trg_att.output_layer.bias', 'decoder.layers.2.trg_trg_att.output_layer.weight', 'decoder.layers.2.trg_trg_att.q_layer.bias', 'decoder.layers.2.trg_trg_att.q_layer.weight', 'decoder.layers.2.trg_trg_att.v_layer.bias', 'decoder.layers.2.trg_trg_att.v_layer.weight', 'decoder.layers.2.x_layer_norm.bias', 'decoder.layers.2.x_layer_norm.weight', 'decoder.layers.3.dec_layer_norm.bias', 'decoder.layers.3.dec_layer_norm.weight', 'decoder.layers.3.feed_forward.layer_norm.bias', 'decoder.layers.3.feed_forward.layer_norm.weight', 'decoder.layers.3.feed_forward.pwff_layer.0.bias', 'decoder.layers.3.feed_forward.pwff_layer.0.weight', 'decoder.layers.3.feed_forward.pwff_layer.3.bias', 'decoder.layers.3.feed_forward.pwff_layer.3.weight', 'decoder.layers.3.src_trg_att.k_layer.bias', 'decoder.layers.3.src_trg_att.k_layer.weight', 'decoder.layers.3.src_trg_att.output_layer.bias', 'decoder.layers.3.src_trg_att.output_layer.weight', 'decoder.layers.3.src_trg_att.q_layer.bias', 'decoder.layers.3.src_trg_att.q_layer.weight', 'decoder.layers.3.src_trg_att.v_layer.bias', 'decoder.layers.3.src_trg_att.v_layer.weight', 'decoder.layers.3.trg_trg_att.k_layer.bias', 'decoder.layers.3.trg_trg_att.k_layer.weight', 'decoder.layers.3.trg_trg_att.output_layer.bias', 'decoder.layers.3.trg_trg_att.output_layer.weight', 'decoder.layers.3.trg_trg_att.q_layer.bias', 'decoder.layers.3.trg_trg_att.q_layer.weight', 'decoder.layers.3.trg_trg_att.v_layer.bias', 'decoder.layers.3.trg_trg_att.v_layer.weight', 'decoder.layers.3.x_layer_norm.bias', 'decoder.layers.3.x_layer_norm.weight', 'decoder.layers.4.dec_layer_norm.bias', 'decoder.layers.4.dec_layer_norm.weight', 'decoder.layers.4.feed_forward.layer_norm.bias', 'decoder.layers.4.feed_forward.layer_norm.weight', 'decoder.layers.4.feed_forward.pwff_layer.0.bias', 'decoder.layers.4.feed_forward.pwff_layer.0.weight', 'decoder.layers.4.feed_forward.pwff_layer.3.bias', 'decoder.layers.4.feed_forward.pwff_layer.3.weight', 'decoder.layers.4.src_trg_att.k_layer.bias', 'decoder.layers.4.src_trg_att.k_layer.weight', 'decoder.layers.4.src_trg_att.output_layer.bias', 'decoder.layers.4.src_trg_att.output_layer.weight', 'decoder.layers.4.src_trg_att.q_layer.bias', 'decoder.layers.4.src_trg_att.q_layer.weight', 'decoder.layers.4.src_trg_att.v_layer.bias', 'decoder.layers.4.src_trg_att.v_layer.weight', 'decoder.layers.4.trg_trg_att.k_layer.bias', 'decoder.layers.4.trg_trg_att.k_layer.weight', 'decoder.layers.4.trg_trg_att.output_layer.bias', 'decoder.layers.4.trg_trg_att.output_layer.weight', 'decoder.layers.4.trg_trg_att.q_layer.bias', 'decoder.layers.4.trg_trg_att.q_layer.weight', 'decoder.layers.4.trg_trg_att.v_layer.bias', 'decoder.layers.4.trg_trg_att.v_layer.weight', 'decoder.layers.4.x_layer_norm.bias', 'decoder.layers.4.x_layer_norm.weight', 'decoder.layers.5.dec_layer_norm.bias', 'decoder.layers.5.dec_layer_norm.weight', 'decoder.layers.5.feed_forward.layer_norm.bias', 'decoder.layers.5.feed_forward.layer_norm.weight', 'decoder.layers.5.feed_forward.pwff_layer.0.bias', 'decoder.layers.5.feed_forward.pwff_layer.0.weight', 'decoder.layers.5.feed_forward.pwff_layer.3.bias', 'decoder.layers.5.feed_forward.pwff_layer.3.weight', 'decoder.layers.5.src_trg_att.k_layer.bias', 'decoder.layers.5.src_trg_att.k_layer.weight', 'decoder.layers.5.src_trg_att.output_layer.bias', 'decoder.layers.5.src_trg_att.output_layer.weight', 'decoder.layers.5.src_trg_att.q_layer.bias', 'decoder.layers.5.src_trg_att.q_layer.weight', 'decoder.layers.5.src_trg_att.v_layer.bias', 'decoder.layers.5.src_trg_att.v_layer.weight', 'decoder.layers.5.trg_trg_att.k_layer.bias', 'decoder.layers.5.trg_trg_att.k_layer.weight', 'decoder.layers.5.trg_trg_att.output_layer.bias', 'decoder.layers.5.trg_trg_att.output_layer.weight', 'decoder.layers.5.trg_trg_att.q_layer.bias', 'decoder.layers.5.trg_trg_att.q_layer.weight', 'decoder.layers.5.trg_trg_att.v_layer.bias', 'decoder.layers.5.trg_trg_att.v_layer.weight', 'decoder.layers.5.x_layer_norm.bias', 'decoder.layers.5.x_layer_norm.weight', 'encoder.layer_norm.bias', 'encoder.layer_norm.weight', 'encoder.layers.0.feed_forward.layer_norm.bias', 'encoder.layers.0.feed_forward.layer_norm.weight', 'encoder.layers.0.feed_forward.pwff_layer.0.bias', 'encoder.layers.0.feed_forward.pwff_layer.0.weight', 'encoder.layers.0.feed_forward.pwff_layer.3.bias', 'encoder.layers.0.feed_forward.pwff_layer.3.weight', 'encoder.layers.0.layer_norm.bias', 'encoder.layers.0.layer_norm.weight', 'encoder.layers.0.src_src_att.k_layer.bias', 'encoder.layers.0.src_src_att.k_layer.weight', 'encoder.layers.0.src_src_att.output_layer.bias', 'encoder.layers.0.src_src_att.output_layer.weight', 'encoder.layers.0.src_src_att.q_layer.bias', 'encoder.layers.0.src_src_att.q_layer.weight', 'encoder.layers.0.src_src_att.v_layer.bias', 'encoder.layers.0.src_src_att.v_layer.weight', 'encoder.layers.1.feed_forward.layer_norm.bias', 'encoder.layers.1.feed_forward.layer_norm.weight', 'encoder.layers.1.feed_forward.pwff_layer.0.bias', 'encoder.layers.1.feed_forward.pwff_layer.0.weight', 'encoder.layers.1.feed_forward.pwff_layer.3.bias', 'encoder.layers.1.feed_forward.pwff_layer.3.weight', 'encoder.layers.1.layer_norm.bias', 'encoder.layers.1.layer_norm.weight', 'encoder.layers.1.src_src_att.k_layer.bias', 'encoder.layers.1.src_src_att.k_layer.weight', 'encoder.layers.1.src_src_att.output_layer.bias', 'encoder.layers.1.src_src_att.output_layer.weight', 'encoder.layers.1.src_src_att.q_layer.bias', 'encoder.layers.1.src_src_att.q_layer.weight', 'encoder.layers.1.src_src_att.v_layer.bias', 'encoder.layers.1.src_src_att.v_layer.weight', 'encoder.layers.2.feed_forward.layer_norm.bias', 'encoder.layers.2.feed_forward.layer_norm.weight', 'encoder.layers.2.feed_forward.pwff_layer.0.bias', 'encoder.layers.2.feed_forward.pwff_layer.0.weight', 'encoder.layers.2.feed_forward.pwff_layer.3.bias', 'encoder.layers.2.feed_forward.pwff_layer.3.weight', 'encoder.layers.2.layer_norm.bias', 'encoder.layers.2.layer_norm.weight', 'encoder.layers.2.src_src_att.k_layer.bias', 'encoder.layers.2.src_src_att.k_layer.weight', 'encoder.layers.2.src_src_att.output_layer.bias', 'encoder.layers.2.src_src_att.output_layer.weight', 'encoder.layers.2.src_src_att.q_layer.bias', 'encoder.layers.2.src_src_att.q_layer.weight', 'encoder.layers.2.src_src_att.v_layer.bias', 'encoder.layers.2.src_src_att.v_layer.weight', 'encoder.layers.3.feed_forward.layer_norm.bias', 'encoder.layers.3.feed_forward.layer_norm.weight', 'encoder.layers.3.feed_forward.pwff_layer.0.bias', 'encoder.layers.3.feed_forward.pwff_layer.0.weight', 'encoder.layers.3.feed_forward.pwff_layer.3.bias', 'encoder.layers.3.feed_forward.pwff_layer.3.weight', 'encoder.layers.3.layer_norm.bias', 'encoder.layers.3.layer_norm.weight', 'encoder.layers.3.src_src_att.k_layer.bias', 'encoder.layers.3.src_src_att.k_layer.weight', 'encoder.layers.3.src_src_att.output_layer.bias', 'encoder.layers.3.src_src_att.output_layer.weight', 'encoder.layers.3.src_src_att.q_layer.bias', 'encoder.layers.3.src_src_att.q_layer.weight', 'encoder.layers.3.src_src_att.v_layer.bias', 'encoder.layers.3.src_src_att.v_layer.weight', 'encoder.layers.4.feed_forward.layer_norm.bias', 'encoder.layers.4.feed_forward.layer_norm.weight', 'encoder.layers.4.feed_forward.pwff_layer.0.bias', 'encoder.layers.4.feed_forward.pwff_layer.0.weight', 'encoder.layers.4.feed_forward.pwff_layer.3.bias', 'encoder.layers.4.feed_forward.pwff_layer.3.weight', 'encoder.layers.4.layer_norm.bias', 'encoder.layers.4.layer_norm.weight', 'encoder.layers.4.src_src_att.k_layer.bias', 'encoder.layers.4.src_src_att.k_layer.weight', 'encoder.layers.4.src_src_att.output_layer.bias', 'encoder.layers.4.src_src_att.output_layer.weight', 'encoder.layers.4.src_src_att.q_layer.bias', 'encoder.layers.4.src_src_att.q_layer.weight', 'encoder.layers.4.src_src_att.v_layer.bias', 'encoder.layers.4.src_src_att.v_layer.weight', 'encoder.layers.5.feed_forward.layer_norm.bias', 'encoder.layers.5.feed_forward.layer_norm.weight', 'encoder.layers.5.feed_forward.pwff_layer.0.bias', 'encoder.layers.5.feed_forward.pwff_layer.0.weight', 'encoder.layers.5.feed_forward.pwff_layer.3.bias', 'encoder.layers.5.feed_forward.pwff_layer.3.weight', 'encoder.layers.5.layer_norm.bias', 'encoder.layers.5.layer_norm.weight', 'encoder.layers.5.src_src_att.k_layer.bias', 'encoder.layers.5.src_src_att.k_layer.weight', 'encoder.layers.5.src_src_att.output_layer.bias', 'encoder.layers.5.src_src_att.output_layer.weight', 'encoder.layers.5.src_src_att.q_layer.bias', 'encoder.layers.5.src_src_att.q_layer.weight', 'encoder.layers.5.src_src_att.v_layer.bias', 'encoder.layers.5.src_src_att.v_layer.weight', 'src_embed.lut.weight', 'trg_embed.lut.weight']
2020-08-10 10:15:30,824 cfg.data.dev                       : chatnmt/multi_encoder/dev_subset.tags.bpe.10000
2020-08-10 10:15:30,824 cfg.data.level                     : bpe
2020-08-10 10:15:30,824 cfg.data.lowercase                 : False
2020-08-10 10:15:30,824 cfg.data.max_sent_length           : 100
2020-08-10 10:15:30,824 cfg.data.src                       : en
2020-08-10 10:15:30,824 cfg.data.test                      : chatnmt/multi_encoder/test.tags.bpe.10000
2020-08-10 10:15:30,824 cfg.data.train                     : chatnmt/multi_encoder/train_subset.tags.bpe.10000
2020-08-10 10:15:30,824 cfg.data.trg                       : de
2020-08-10 10:15:30,824 cfg.model.bias_initializer         : zeros
2020-08-10 10:15:30,824 cfg.model.decoder.dropout          : 0.1
2020-08-10 10:15:30,824 cfg.model.decoder.embeddings.dropout : 0.0
2020-08-10 10:15:30,824 cfg.model.decoder.embeddings.embedding_dim : 256
2020-08-10 10:15:30,824 cfg.model.decoder.embeddings.scale : True
2020-08-10 10:15:30,825 cfg.model.decoder.ff_size          : 512
2020-08-10 10:15:30,825 cfg.model.decoder.freeze           : False
2020-08-10 10:15:30,825 cfg.model.decoder.hidden_size      : 256
2020-08-10 10:15:30,825 cfg.model.decoder.num_heads        : 16
2020-08-10 10:15:30,825 cfg.model.decoder.num_layers       : 6
2020-08-10 10:15:30,825 cfg.model.decoder.type             : transformer
2020-08-10 10:15:30,825 cfg.model.embed_init_gain          : 1.0
2020-08-10 10:15:30,825 cfg.model.embed_initializer        : xavier
2020-08-10 10:15:30,825 cfg.model.encoder.dropout          : 0.3
2020-08-10 10:15:30,825 cfg.model.encoder.embeddings.dropout : 0.0
2020-08-10 10:15:30,825 cfg.model.encoder.embeddings.embedding_dim : 256
2020-08-10 10:15:30,825 cfg.model.encoder.embeddings.scale : True
2020-08-10 10:15:30,825 cfg.model.encoder.ff_size          : 512
2020-08-10 10:15:30,825 cfg.model.encoder.freeze           : False
2020-08-10 10:15:30,825 cfg.model.encoder.hidden_size      : 256
2020-08-10 10:15:30,825 cfg.model.encoder.multi_encoder    : False
2020-08-10 10:15:30,825 cfg.model.encoder.num_heads        : 8
2020-08-10 10:15:30,825 cfg.model.encoder.num_layers       : 6
2020-08-10 10:15:30,825 cfg.model.encoder.type             : transformer
2020-08-10 10:15:30,825 cfg.model.init_gain                : 1.0
2020-08-10 10:15:30,825 cfg.model.initializer              : xavier
2020-08-10 10:15:30,825 cfg.model.tied_embeddings          : False
2020-08-10 10:15:30,825 cfg.model.tied_softmax             : True
2020-08-10 10:15:30,825 cfg.name                           : transformer
2020-08-10 10:15:30,825 cfg.testing.alpha                  : 1.0
2020-08-10 10:15:30,825 cfg.testing.beam_size              : 5
2020-08-10 10:15:30,825 cfg.training.adam_betas            : [0.9, 0.999]
2020-08-10 10:15:30,825 cfg.training.batch_multiplier      : 1
2020-08-10 10:15:30,825 cfg.training.batch_size            : 1024
2020-08-10 10:15:30,826 cfg.training.batch_type            : token
2020-08-10 10:15:30,826 cfg.training.decrease_factor       : 0.7
2020-08-10 10:15:30,826 cfg.training.early_stopping_metric : ppl
2020-08-10 10:15:30,826 cfg.training.epochs                : 20
2020-08-10 10:15:30,826 cfg.training.eval_metric           : bleu
2020-08-10 10:15:30,826 cfg.training.keep_last_ckpts       : 3
2020-08-10 10:15:30,826 cfg.training.label_smoothing       : 0.1
2020-08-10 10:15:30,826 cfg.training.learning_rate         : 0.0002
2020-08-10 10:15:30,826 cfg.training.learning_rate_min     : 1e-08
2020-08-10 10:15:30,826 cfg.training.logging_freq          : 100
2020-08-10 10:15:30,826 cfg.training.loss                  : crossentropy
2020-08-10 10:15:30,826 cfg.training.max_output_length     : 100
2020-08-10 10:15:30,826 cfg.training.model_dir             : models/viznet/attempt3/8_16_0.3_256_256_1024_10_10
2020-08-10 10:15:30,826 cfg.training.normalization         : tokens
2020-08-10 10:15:30,826 cfg.training.optimizer             : adam
2020-08-10 10:15:30,826 cfg.training.overwrite             : True
2020-08-10 10:15:30,826 cfg.training.patience              : 8
2020-08-10 10:15:30,826 cfg.training.print_valid_sents     : [0, 1, 2, 3]
2020-08-10 10:15:30,826 cfg.training.random_seed           : 42
2020-08-10 10:15:30,826 cfg.training.scheduling            : plateau
2020-08-10 10:15:30,826 cfg.training.shuffle               : True
2020-08-10 10:15:30,826 cfg.training.use_cuda              : True
2020-08-10 10:15:30,826 cfg.training.validation_freq       : 200
2020-08-10 10:15:30,826 cfg.training.weight_decay          : 0.0
2020-08-10 10:15:30,826 Data set sizes: 
	train 5000,
	valid 500,
	test 1220
2020-08-10 10:15:30,826 First training example:
	[SRC] hi there ! how can i help ?
	[TRG] hallo ! wie kann ich helfen ?
2020-08-10 10:15:30,826 First 10 words (src): (0) <unk> (1) <pad> (2) <s> (3) </s> (4) . (5) , (6) ? (7) you (8) i (9) the
2020-08-10 10:15:30,827 First 10 words (trg): (0) <unk> (1) <pad> (2) <s> (3) </s> (4) . (5) , (6) ? (7) sie (8) ich (9) das
2020-08-10 10:15:30,827 Number of Src words (types): 3468
2020-08-10 10:15:30,827 Number of Trg words (types): 4487
2020-08-10 10:15:30,827 Model(
	encoder=TransformerEncoder(num_layers=6, num_heads=8),
	decoder=TransformerDecoder(num_layers=6, num_heads=16),
	src_embed=Embeddings(embedding_dim=256, vocab_size=3468),
	trg_embed=Embeddings(embedding_dim=256, vocab_size=4487))
2020-08-10 10:15:30,832 EPOCH 1
2020-08-10 10:15:36,906 Epoch   1: total training loss 544.65
2020-08-10 10:15:36,907 EPOCH 2
2020-08-10 10:15:37,039 Epoch   2 Step:      100 Batch Loss:     4.494661 Tokens per Sec:    10594, Lr: 0.000200
2020-08-10 10:15:43,013 Epoch   2: total training loss 462.23
2020-08-10 10:15:43,013 EPOCH 3
2020-08-10 10:15:43,209 Epoch   3 Step:      200 Batch Loss:     3.696384 Tokens per Sec:    10265, Lr: 0.000200
2020-08-10 10:15:59,946 Hooray! New best validation result [ppl]!
2020-08-10 10:15:59,946 Saving new checkpoint.
2020-08-10 10:16:00,234 Example #0
2020-08-10 10:16:00,234 	Raw source:     ['hello', '.']
2020-08-10 10:16:00,234 	Raw hypothesis: ['ja', '.']
2020-08-10 10:16:00,234 	Source:     hello .
2020-08-10 10:16:00,234 	Reference:  hallo ,
2020-08-10 10:16:00,234 	Hypothesis: ja .
2020-08-10 10:16:00,234 Example #1
2020-08-10 10:16:00,234 	Raw source:     ['hi', ',', 'how', 'can', 'i', 'help', 'you', '?']
2020-08-10 10:16:00,235 	Raw hypothesis: ['ich', 'ich', 'sie', 'sie', 'sie', 'sie', 'sie', '?']
2020-08-10 10:16:00,235 	Source:     hi , how can i help you ?
2020-08-10 10:16:00,235 	Reference:  hallo , wie kann ich ihnen helfen ?
2020-08-10 10:16:00,235 	Hypothesis: ich ich sie sie sie sie sie ?
2020-08-10 10:16:00,235 Example #2
2020-08-10 10:16:00,235 	Raw source:     ['hi', ',', 'i', '&apos;m', 'looking', 'for', 'a', 'restaurant', 'inside', 'the', 'arden', 'fair', 'mall', 'in', 'san', 'francisco', ',', 'california', '.']
2020-08-10 10:16:00,235 	Raw hypothesis: ['ich', 'ich', 'ich', 'ich', 'ich', 'ich', 'ich', 'ich', 'ich', 'ich', 'ich', 'ich', 'ich', 'ich', 'ich', 'sie', 'sie', 'sie', 'sie', 'sie', 'sie', 'sie', 'sie', 'sie', 'sie', '.']
2020-08-10 10:16:00,235 	Source:     hi , i &apos;m looking for a restaurant inside the arden fair mall in san francisco , california .
2020-08-10 10:16:00,235 	Reference:  hallo , ich bin auf der suche nach einem restaurant im arden fair einkaufszentrum in san francisco , kalifornien .
2020-08-10 10:16:00,235 	Hypothesis: ich ich ich ich ich ich ich ich ich ich ich ich ich ich ich sie sie sie sie sie sie sie sie sie sie .
2020-08-10 10:16:00,235 Example #3
2020-08-10 10:16:00,235 	Raw source:     ['ok', ',', 'what', 'type', 'of', 'restaurant', 'are', 'you', 'looking', 'for', '?']
2020-08-10 10:16:00,235 	Raw hypothesis: ['ich', 'ich', 'sie', 'sie', 'sie', 'sie', 'sie', 'sie', 'sie', 'sie', 'sie', 'sie', 'sie', '?']
2020-08-10 10:16:00,235 	Source:     ok , what type of restaurant are you looking for ?
2020-08-10 10:16:00,235 	Reference:  ok . welche art von restaurant suchen sie denn genau ?
2020-08-10 10:16:00,235 	Hypothesis: ich ich sie sie sie sie sie sie sie sie sie sie sie ?
2020-08-10 10:16:00,235 Validation result (greedy) at epoch   3, step      200: bleu:   0.00, loss: 29642.0684, ppl: 102.6755, duration: 17.0261s
2020-08-10 10:16:06,151 Epoch   3: total training loss 426.73
2020-08-10 10:16:06,152 EPOCH 4
2020-08-10 10:16:06,400 Epoch   4 Step:      300 Batch Loss:     3.550923 Tokens per Sec:     6583, Lr: 0.000200
2020-08-10 10:16:12,264 Epoch   4: total training loss 396.99
2020-08-10 10:16:12,264 EPOCH 5
2020-08-10 10:16:12,583 Epoch   5 Step:      400 Batch Loss:     2.998615 Tokens per Sec:     9362, Lr: 0.000200
2020-08-10 10:16:31,448 Hooray! New best validation result [ppl]!
2020-08-10 10:16:31,448 Saving new checkpoint.
2020-08-10 10:16:31,737 Example #0
2020-08-10 10:16:31,737 	Raw source:     ['hello', '.']
2020-08-10 10:16:31,737 	Raw hypothesis: ['ja', '.']
2020-08-10 10:16:31,737 	Source:     hello .
2020-08-10 10:16:31,737 	Reference:  hallo ,
2020-08-10 10:16:31,737 	Hypothesis: ja .
2020-08-10 10:16:31,737 Example #1
2020-08-10 10:16:31,737 	Raw source:     ['hi', ',', 'how', 'can', 'i', 'help', 'you', '?']
2020-08-10 10:16:31,737 	Raw hypothesis: ['hallo', ',', 'wie', 'kann', 'ich', 'ihnen', 'helfen', '?']
2020-08-10 10:16:31,737 	Source:     hi , how can i help you ?
2020-08-10 10:16:31,737 	Reference:  hallo , wie kann ich ihnen helfen ?
2020-08-10 10:16:31,737 	Hypothesis: hallo , wie kann ich ihnen helfen ?
2020-08-10 10:16:31,737 Example #2
2020-08-10 10:16:31,737 	Raw source:     ['hi', ',', 'i', '&apos;m', 'looking', 'for', 'a', 'restaurant', 'inside', 'the', 'arden', 'fair', 'mall', 'in', 'san', 'francisco', ',', 'california', '.']
2020-08-10 10:16:31,737 	Raw hypothesis: ['ich', 'möchte', 'ein', 'ein', 'der', 'der', 'der', 'der', 'der', 'der', 'der', 'der', 'der', 'der', 'der', 'der', 'der', 'der', 'der', 'der', 'der', 'der', 'der', 'der', 'der', 'der', 'der', 'der', 'der', 'der', 'der', 'der', 'der', 'der', 'der', 'der', 'der', 'der', 'der', 'der', 'der', 'der', 'der', 'der', 'der', 'der', 'der', 'der', 'der', 'der', 'der', 'der', 'der', 'der', 'der', 'der', 'der', 'der', 'der', 'der', 'der', 'der', 'der', 'der', 'der', 'der', 'der', 'der', 'der', 'der', 'der', 'der', 'der', 'der', 'der', 'der', 'der', 'der', 'der', 'der', 'der', 'der', 'der', 'der', 'der', 'der', 'der', 'der', 'der', 'der', 'der', 'der', 'der', 'der', 'der', 'der', 'der', 'der', 'der', 'der']
2020-08-10 10:16:31,737 	Source:     hi , i &apos;m looking for a restaurant inside the arden fair mall in san francisco , california .
2020-08-10 10:16:31,737 	Reference:  hallo , ich bin auf der suche nach einem restaurant im arden fair einkaufszentrum in san francisco , kalifornien .
2020-08-10 10:16:31,737 	Hypothesis: ich möchte ein ein der der der der der der der der der der der der der der der der der der der der der der der der der der der der der der der der der der der der der der der der der der der der der der der der der der der der der der der der der der der der der der der der der der der der der der der der der der der der der der der der der der der der der der der der der der der der der der der der
2020-08-10 10:16:31,737 Example #3
2020-08-10 10:16:31,737 	Raw source:     ['ok', ',', 'what', 'type', 'of', 'restaurant', 'are', 'you', 'looking', 'for', '?']
2020-08-10 10:16:31,738 	Raw hypothesis: ['ok', ',', 'wie', 'sie', 'die', 'für', 'sie', '?']
2020-08-10 10:16:31,738 	Source:     ok , what type of restaurant are you looking for ?
2020-08-10 10:16:31,738 	Reference:  ok . welche art von restaurant suchen sie denn genau ?
2020-08-10 10:16:31,738 	Hypothesis: ok , wie sie die für sie ?
2020-08-10 10:16:31,738 Validation result (greedy) at epoch   5, step      400: bleu:   1.93, loss: 26040.3008, ppl:  58.4866, duration: 19.1542s
2020-08-10 10:16:37,649 Epoch   5: total training loss 367.96
2020-08-10 10:16:37,649 EPOCH 6
2020-08-10 10:16:37,964 Epoch   6 Step:      500 Batch Loss:     2.704715 Tokens per Sec:     9609, Lr: 0.000200
2020-08-10 10:16:43,689 Epoch   6: total training loss 330.66
2020-08-10 10:16:43,689 EPOCH 7
2020-08-10 10:16:44,124 Epoch   7 Step:      600 Batch Loss:     2.506810 Tokens per Sec:    11005, Lr: 0.000200
2020-08-10 10:17:01,354 Hooray! New best validation result [ppl]!
2020-08-10 10:17:01,354 Saving new checkpoint.
2020-08-10 10:17:01,637 Example #0
2020-08-10 10:17:01,637 	Raw source:     ['hello', '.']
2020-08-10 10:17:01,637 	Raw hypothesis: ['hallo', '.']
2020-08-10 10:17:01,637 	Source:     hello .
2020-08-10 10:17:01,637 	Reference:  hallo ,
2020-08-10 10:17:01,637 	Hypothesis: hallo .
2020-08-10 10:17:01,637 Example #1
2020-08-10 10:17:01,638 	Raw source:     ['hi', ',', 'how', 'can', 'i', 'help', 'you', '?']
2020-08-10 10:17:01,638 	Raw hypothesis: ['hallo', ',', 'wie', 'kann', 'ich', 'ihnen', 'helfen', '?']
2020-08-10 10:17:01,638 	Source:     hi , how can i help you ?
2020-08-10 10:17:01,638 	Reference:  hallo , wie kann ich ihnen helfen ?
2020-08-10 10:17:01,638 	Hypothesis: hallo , wie kann ich ihnen helfen ?
2020-08-10 10:17:01,638 Example #2
2020-08-10 10:17:01,638 	Raw source:     ['hi', ',', 'i', '&apos;m', 'looking', 'for', 'a', 'restaurant', 'inside', 'the', 'arden', 'fair', 'mall', 'in', 'san', 'francisco', ',', 'california', '.']
2020-08-10 10:17:01,638 	Raw hypothesis: ['ich', 'habe', 'ein', 'pizzen', 'in', 'der', 'der', 'der', 'der', 'der', 'der', 'der', 'der', 'der', 'der', 'der', 'der', 'der', 'der', 'der', 'der', 'der', 'der', 'der', 'der', 'der', 'der', 'der', 'der', 'der', 'der', 'der', 'der', 'der', 'der', 'der', 'der', 'der', 'der', 'der', 'der', 'der', 'der', 'der', 'der', 'der', 'der', 'der', 'der', 'der', 'der', 'der', 'der', 'der', 'der', 'der', 'der', 'der', 'der', 'der', 'der', 'der', 'der', 'der', 'der', 'der', 'der', 'der', 'der', 'der', 'der', 'der', 'der', 'der', 'der', 'der', 'der', 'der', 'der', 'der', 'der', 'der', 'der', 'der', 'der', 'der', 'der', 'der', 'der', 'der', 'der', 'der', 'der', 'der', 'der', 'der', 'der', 'der', 'der', 'der']
2020-08-10 10:17:01,638 	Source:     hi , i &apos;m looking for a restaurant inside the arden fair mall in san francisco , california .
2020-08-10 10:17:01,638 	Reference:  hallo , ich bin auf der suche nach einem restaurant im arden fair einkaufszentrum in san francisco , kalifornien .
2020-08-10 10:17:01,638 	Hypothesis: ich habe ein pizzen in der der der der der der der der der der der der der der der der der der der der der der der der der der der der der der der der der der der der der der der der der der der der der der der der der der der der der der der der der der der der der der der der der der der der der der der der der der der der der der der der der der der der der der der der der der der der der der der
2020-08-10 10:17:01,638 Example #3
2020-08-10 10:17:01,638 	Raw source:     ['ok', ',', 'what', 'type', 'of', 'restaurant', 'are', 'you', 'looking', 'for', '?']
2020-08-10 10:17:01,638 	Raw hypothesis: ['ok', ',', 'ihre', 'bestellung', 'für', 'sie', 'die', 'bestellung', '?']
2020-08-10 10:17:01,638 	Source:     ok , what type of restaurant are you looking for ?
2020-08-10 10:17:01,638 	Reference:  ok . welche art von restaurant suchen sie denn genau ?
2020-08-10 10:17:01,638 	Hypothesis: ok , ihre bestellung für sie die bestellung ?
2020-08-10 10:17:01,638 Validation result (greedy) at epoch   7, step      600: bleu:   4.98, loss: 23248.4102, ppl:  37.8096, duration: 17.5140s
2020-08-10 10:17:07,248 Epoch   7: total training loss 310.21
2020-08-10 10:17:07,248 EPOCH 8
2020-08-10 10:17:07,833 Epoch   8 Step:      700 Batch Loss:     3.443248 Tokens per Sec:    10098, Lr: 0.000200
2020-08-10 10:17:13,433 Epoch   8: total training loss 290.70
2020-08-10 10:17:13,433 EPOCH 9
2020-08-10 10:17:14,055 Epoch   9 Step:      800 Batch Loss:     0.589334 Tokens per Sec:     9645, Lr: 0.000200
2020-08-10 10:17:31,057 Hooray! New best validation result [ppl]!
2020-08-10 10:17:31,057 Saving new checkpoint.
2020-08-10 10:17:31,360 Example #0
2020-08-10 10:17:31,360 	Raw source:     ['hello', '.']
2020-08-10 10:17:31,360 	Raw hypothesis: ['hallo', '.']
2020-08-10 10:17:31,360 	Source:     hello .
2020-08-10 10:17:31,360 	Reference:  hallo ,
2020-08-10 10:17:31,360 	Hypothesis: hallo .
2020-08-10 10:17:31,360 Example #1
2020-08-10 10:17:31,360 	Raw source:     ['hi', ',', 'how', 'can', 'i', 'help', 'you', '?']
2020-08-10 10:17:31,360 	Raw hypothesis: ['hallo', ',', 'wie', 'kann', 'ich', 'ihnen', 'helfen', '?']
2020-08-10 10:17:31,360 	Source:     hi , how can i help you ?
2020-08-10 10:17:31,360 	Reference:  hallo , wie kann ich ihnen helfen ?
2020-08-10 10:17:31,360 	Hypothesis: hallo , wie kann ich ihnen helfen ?
2020-08-10 10:17:31,361 Example #2
2020-08-10 10:17:31,361 	Raw source:     ['hi', ',', 'i', '&apos;m', 'looking', 'for', 'a', 'restaurant', 'inside', 'the', 'arden', 'fair', 'mall', 'in', 'san', 'francisco', ',', 'california', '.']
2020-08-10 10:17:31,361 	Raw hypothesis: ['hallo', ',', 'ich', 'möchte', 'ein', 'paar', 'restaurant', 'in', 'der', 'der', 'der', 'der', 'der', 'der', 'der', 'der', 'der', 'der', 'der', 'der', 'der', 'der', 'der', 'san', 'francisco', ',', 'kalifornien', ',', 'kalifornien', ',', 'kalifornien', ',', 'kalifornien', '.']
2020-08-10 10:17:31,361 	Source:     hi , i &apos;m looking for a restaurant inside the arden fair mall in san francisco , california .
2020-08-10 10:17:31,361 	Reference:  hallo , ich bin auf der suche nach einem restaurant im arden fair einkaufszentrum in san francisco , kalifornien .
2020-08-10 10:17:31,361 	Hypothesis: hallo , ich möchte ein paar restaurant in der der der der der der der der der der der der der der der san francisco , kalifornien , kalifornien , kalifornien , kalifornien .
2020-08-10 10:17:31,361 Example #3
2020-08-10 10:17:31,361 	Raw source:     ['ok', ',', 'what', 'type', 'of', 'restaurant', 'are', 'you', 'looking', 'for', '?']
2020-08-10 10:17:31,361 	Raw hypothesis: ['ok', ',', 'welche', 'art', 'von', 'von', 'von', 'der', 'film', 'von', 'der', 'film', '?']
2020-08-10 10:17:31,361 	Source:     ok , what type of restaurant are you looking for ?
2020-08-10 10:17:31,361 	Reference:  ok . welche art von restaurant suchen sie denn genau ?
2020-08-10 10:17:31,361 	Hypothesis: ok , welche art von von von der film von der film ?
2020-08-10 10:17:31,361 Validation result (greedy) at epoch   9, step      800: bleu:   5.76, loss: 21278.5566, ppl:  27.7927, duration: 17.3055s
2020-08-10 10:17:36,825 Epoch   9: total training loss 278.51
2020-08-10 10:17:36,825 EPOCH 10
2020-08-10 10:17:37,533 Epoch  10 Step:      900 Batch Loss:     3.055559 Tokens per Sec:    11021, Lr: 0.000200
2020-08-10 10:17:42,920 Epoch  10: total training loss 258.54
2020-08-10 10:17:42,921 EPOCH 11
2020-08-10 10:17:43,691 Epoch  11 Step:     1000 Batch Loss:     2.528895 Tokens per Sec:    10073, Lr: 0.000200
2020-08-10 10:17:51,938 Hooray! New best validation result [ppl]!
2020-08-10 10:17:51,938 Saving new checkpoint.
2020-08-10 10:17:52,252 Example #0
2020-08-10 10:17:52,252 	Raw source:     ['hello', '.']
2020-08-10 10:17:52,252 	Raw hypothesis: ['hallo', '.']
2020-08-10 10:17:52,252 	Source:     hello .
2020-08-10 10:17:52,252 	Reference:  hallo ,
2020-08-10 10:17:52,252 	Hypothesis: hallo .
2020-08-10 10:17:52,252 Example #1
2020-08-10 10:17:52,252 	Raw source:     ['hi', ',', 'how', 'can', 'i', 'help', 'you', '?']
2020-08-10 10:17:52,252 	Raw hypothesis: ['hallo', ',', 'wie', 'kann', 'ich', 'ihnen', 'helfen', '?']
2020-08-10 10:17:52,252 	Source:     hi , how can i help you ?
2020-08-10 10:17:52,253 	Reference:  hallo , wie kann ich ihnen helfen ?
2020-08-10 10:17:52,253 	Hypothesis: hallo , wie kann ich ihnen helfen ?
2020-08-10 10:17:52,253 Example #2
2020-08-10 10:17:52,253 	Raw source:     ['hi', ',', 'i', '&apos;m', 'looking', 'for', 'a', 'restaurant', 'inside', 'the', 'arden', 'fair', 'mall', 'in', 'san', 'francisco', ',', 'california', '.']
2020-08-10 10:17:52,253 	Raw hypothesis: ['hallo', ',', 'ich', 'möchte', 'ein', 'restaurant', 'in', 'san', 'francisco', ',', 'kalifornien', ',', 'kalifornien', '.']
2020-08-10 10:17:52,253 	Source:     hi , i &apos;m looking for a restaurant inside the arden fair mall in san francisco , california .
2020-08-10 10:17:52,253 	Reference:  hallo , ich bin auf der suche nach einem restaurant im arden fair einkaufszentrum in san francisco , kalifornien .
2020-08-10 10:17:52,253 	Hypothesis: hallo , ich möchte ein restaurant in san francisco , kalifornien , kalifornien .
2020-08-10 10:17:52,253 Example #3
2020-08-10 10:17:52,253 	Raw source:     ['ok', ',', 'what', 'type', 'of', 'restaurant', 'are', 'you', 'looking', 'for', '?']
2020-08-10 10:17:52,253 	Raw hypothesis: ['ok', ',', 'in', 'ordnung', ',', 'was', 'möchten', 'sie', 'gerne', '?']
2020-08-10 10:17:52,253 	Source:     ok , what type of restaurant are you looking for ?
2020-08-10 10:17:52,253 	Reference:  ok . welche art von restaurant suchen sie denn genau ?
2020-08-10 10:17:52,253 	Hypothesis: ok , in ordnung , was möchten sie gerne ?
2020-08-10 10:17:52,253 Validation result (greedy) at epoch  11, step     1000: bleu:  15.38, loss: 19342.6309, ppl:  20.5382, duration: 8.5616s
2020-08-10 10:17:57,582 Epoch  11: total training loss 239.04
2020-08-10 10:17:57,582 EPOCH 12
2020-08-10 10:17:58,463 Epoch  12 Step:     1100 Batch Loss:     2.221868 Tokens per Sec:    10289, Lr: 0.000200
2020-08-10 10:18:03,720 Epoch  12: total training loss 232.84
2020-08-10 10:18:03,720 EPOCH 13
2020-08-10 10:18:04,600 Epoch  13 Step:     1200 Batch Loss:     2.365085 Tokens per Sec:    11104, Lr: 0.000200
2020-08-10 10:18:13,157 Hooray! New best validation result [ppl]!
2020-08-10 10:18:13,157 Saving new checkpoint.
2020-08-10 10:18:13,459 Example #0
2020-08-10 10:18:13,459 	Raw source:     ['hello', '.']
2020-08-10 10:18:13,459 	Raw hypothesis: ['hallo', '.']
2020-08-10 10:18:13,460 	Source:     hello .
2020-08-10 10:18:13,460 	Reference:  hallo ,
2020-08-10 10:18:13,460 	Hypothesis: hallo .
2020-08-10 10:18:13,460 Example #1
2020-08-10 10:18:13,460 	Raw source:     ['hi', ',', 'how', 'can', 'i', 'help', 'you', '?']
2020-08-10 10:18:13,460 	Raw hypothesis: ['hallo', ',', 'wie', 'kann', 'ich', 'ihnen', 'helfen', '?']
2020-08-10 10:18:13,460 	Source:     hi , how can i help you ?
2020-08-10 10:18:13,460 	Reference:  hallo , wie kann ich ihnen helfen ?
2020-08-10 10:18:13,460 	Hypothesis: hallo , wie kann ich ihnen helfen ?
2020-08-10 10:18:13,460 Example #2
2020-08-10 10:18:13,460 	Raw source:     ['hi', ',', 'i', '&apos;m', 'looking', 'for', 'a', 'restaurant', 'inside', 'the', 'arden', 'fair', 'mall', 'in', 'san', 'francisco', ',', 'california', '.']
2020-08-10 10:18:13,460 	Raw hypothesis: ['hallo', ',', 'ich', 'bin', 'in', 'san', 'francisco', ',', 'kalifornien', ',', 'kalifornien', '.']
2020-08-10 10:18:13,460 	Source:     hi , i &apos;m looking for a restaurant inside the arden fair mall in san francisco , california .
2020-08-10 10:18:13,460 	Reference:  hallo , ich bin auf der suche nach einem restaurant im arden fair einkaufszentrum in san francisco , kalifornien .
2020-08-10 10:18:13,460 	Hypothesis: hallo , ich bin in san francisco , kalifornien , kalifornien .
2020-08-10 10:18:13,460 Example #3
2020-08-10 10:18:13,460 	Raw source:     ['ok', ',', 'what', 'type', 'of', 'restaurant', 'are', 'you', 'looking', 'for', '?']
2020-08-10 10:18:13,460 	Raw hypothesis: ['ok', ',', 'welche', 'art', 'von', 'restaurant', 'haben', 'sie', '?']
2020-08-10 10:18:13,460 	Source:     ok , what type of restaurant are you looking for ?
2020-08-10 10:18:13,460 	Reference:  ok . welche art von restaurant suchen sie denn genau ?
2020-08-10 10:18:13,460 	Hypothesis: ok , welche art von restaurant haben sie ?
2020-08-10 10:18:13,460 Validation result (greedy) at epoch  13, step     1200: bleu:  17.18, loss: 18390.0352, ppl:  17.6978, duration: 8.8602s
2020-08-10 10:18:18,731 Epoch  13: total training loss 220.60
2020-08-10 10:18:18,731 EPOCH 14
2020-08-10 10:18:19,614 Epoch  14 Step:     1300 Batch Loss:     0.531649 Tokens per Sec:     9972, Lr: 0.000200
2020-08-10 10:18:24,805 Epoch  14: total training loss 203.26
2020-08-10 10:18:24,805 EPOCH 15
2020-08-10 10:18:25,731 Epoch  15 Step:     1400 Batch Loss:     1.440973 Tokens per Sec:    10467, Lr: 0.000200
2020-08-10 10:18:35,546 Hooray! New best validation result [ppl]!
2020-08-10 10:18:35,546 Saving new checkpoint.
2020-08-10 10:18:35,844 Example #0
2020-08-10 10:18:35,844 	Raw source:     ['hello', '.']
2020-08-10 10:18:35,844 	Raw hypothesis: ['hallo', '.']
2020-08-10 10:18:35,844 	Source:     hello .
2020-08-10 10:18:35,844 	Reference:  hallo ,
2020-08-10 10:18:35,844 	Hypothesis: hallo .
2020-08-10 10:18:35,844 Example #1
2020-08-10 10:18:35,844 	Raw source:     ['hi', ',', 'how', 'can', 'i', 'help', 'you', '?']
2020-08-10 10:18:35,844 	Raw hypothesis: ['hallo', ',', 'wie', 'kann', 'ich', 'ihnen', 'helfen', '?']
2020-08-10 10:18:35,844 	Source:     hi , how can i help you ?
2020-08-10 10:18:35,844 	Reference:  hallo , wie kann ich ihnen helfen ?
2020-08-10 10:18:35,844 	Hypothesis: hallo , wie kann ich ihnen helfen ?
2020-08-10 10:18:35,844 Example #2
2020-08-10 10:18:35,844 	Raw source:     ['hi', ',', 'i', '&apos;m', 'looking', 'for', 'a', 'restaurant', 'inside', 'the', 'arden', 'fair', 'mall', 'in', 'san', 'francisco', ',', 'california', '.']
2020-08-10 10:18:35,844 	Raw hypothesis: ['hallo', ',', 'ich', 'suche', 'ein', 'restaurant', 'in', 'san', 'francisco', ',', 'kalifornien', ',', 'in', 'der', 'suche', 'nach', 'einem', 'restaurant', 'in', 'san', 'francisco', ',', 'kalifornien', '.']
2020-08-10 10:18:35,844 	Source:     hi , i &apos;m looking for a restaurant inside the arden fair mall in san francisco , california .
2020-08-10 10:18:35,844 	Reference:  hallo , ich bin auf der suche nach einem restaurant im arden fair einkaufszentrum in san francisco , kalifornien .
2020-08-10 10:18:35,844 	Hypothesis: hallo , ich suche ein restaurant in san francisco , kalifornien , in der suche nach einem restaurant in san francisco , kalifornien .
2020-08-10 10:18:35,844 Example #3
2020-08-10 10:18:35,844 	Raw source:     ['ok', ',', 'what', 'type', 'of', 'restaurant', 'are', 'you', 'looking', 'for', '?']
2020-08-10 10:18:35,845 	Raw hypothesis: ['ok', ',', 'welche', 'art', 'von', 'restaurant', 'möchten', 'sie', '?']
2020-08-10 10:18:35,845 	Source:     ok , what type of restaurant are you looking for ?
2020-08-10 10:18:35,845 	Reference:  ok . welche art von restaurant suchen sie denn genau ?
2020-08-10 10:18:35,845 	Hypothesis: ok , welche art von restaurant möchten sie ?
2020-08-10 10:18:35,845 Validation result (greedy) at epoch  15, step     1400: bleu:  18.32, loss: 17712.8711, ppl:  15.9210, duration: 10.1133s
2020-08-10 10:18:40,984 Epoch  15: total training loss 187.46
2020-08-10 10:18:40,984 EPOCH 16
2020-08-10 10:18:42,065 Epoch  16 Step:     1500 Batch Loss:     2.768141 Tokens per Sec:    10026, Lr: 0.000200
2020-08-10 10:18:47,085 Epoch  16: total training loss 183.23
2020-08-10 10:18:47,085 EPOCH 17
2020-08-10 10:18:48,198 Epoch  17 Step:     1600 Batch Loss:     1.121844 Tokens per Sec:    10272, Lr: 0.000200
2020-08-10 10:18:58,978 Hooray! New best validation result [ppl]!
2020-08-10 10:18:58,979 Saving new checkpoint.
2020-08-10 10:18:59,274 Example #0
2020-08-10 10:18:59,274 	Raw source:     ['hello', '.']
2020-08-10 10:18:59,274 	Raw hypothesis: ['hallo', '.']
2020-08-10 10:18:59,274 	Source:     hello .
2020-08-10 10:18:59,274 	Reference:  hallo ,
2020-08-10 10:18:59,274 	Hypothesis: hallo .
2020-08-10 10:18:59,274 Example #1
2020-08-10 10:18:59,274 	Raw source:     ['hi', ',', 'how', 'can', 'i', 'help', 'you', '?']
2020-08-10 10:18:59,274 	Raw hypothesis: ['hallo', ',', 'wie', 'kann', 'ich', 'ihnen', 'helfen', '?']
2020-08-10 10:18:59,274 	Source:     hi , how can i help you ?
2020-08-10 10:18:59,275 	Reference:  hallo , wie kann ich ihnen helfen ?
2020-08-10 10:18:59,275 	Hypothesis: hallo , wie kann ich ihnen helfen ?
2020-08-10 10:18:59,275 Example #2
2020-08-10 10:18:59,275 	Raw source:     ['hi', ',', 'i', '&apos;m', 'looking', 'for', 'a', 'restaurant', 'inside', 'the', 'arden', 'fair', 'mall', 'in', 'san', 'francisco', ',', 'california', '.']
2020-08-10 10:18:59,275 	Raw hypothesis: ['hallo', ',', 'ich', 'bin', 'in', 'der', 'suche', 'nach', 'einem', 'ort', 'zum', 'mittagessen', 'in', 'san', 'francisco', ',', 'kalifornien', ',', 'kalifornien', ',', 'kalifornien', ',', 'kalifornien', '.']
2020-08-10 10:18:59,275 	Source:     hi , i &apos;m looking for a restaurant inside the arden fair mall in san francisco , california .
2020-08-10 10:18:59,275 	Reference:  hallo , ich bin auf der suche nach einem restaurant im arden fair einkaufszentrum in san francisco , kalifornien .
2020-08-10 10:18:59,275 	Hypothesis: hallo , ich bin in der suche nach einem ort zum mittagessen in san francisco , kalifornien , kalifornien , kalifornien , kalifornien .
2020-08-10 10:18:59,275 Example #3
2020-08-10 10:18:59,275 	Raw source:     ['ok', ',', 'what', 'type', 'of', 'restaurant', 'are', 'you', 'looking', 'for', '?']
2020-08-10 10:18:59,275 	Raw hypothesis: ['ok', ',', 'welche', 'art', 'von', 'restaurant', 'haben', 'sie', '?']
2020-08-10 10:18:59,275 	Source:     ok , what type of restaurant are you looking for ?
2020-08-10 10:18:59,275 	Reference:  ok . welche art von restaurant suchen sie denn genau ?
2020-08-10 10:18:59,275 	Hypothesis: ok , welche art von restaurant haben sie ?
2020-08-10 10:18:59,275 Validation result (greedy) at epoch  17, step     1600: bleu:  19.23, loss: 17294.8223, ppl:  14.9142, duration: 11.0769s
2020-08-10 10:19:04,218 Epoch  17: total training loss 170.15
2020-08-10 10:19:04,218 EPOCH 18
2020-08-10 10:19:05,400 Epoch  18 Step:     1700 Batch Loss:     1.249839 Tokens per Sec:    10736, Lr: 0.000200
2020-08-10 10:19:10,284 Epoch  18: total training loss 162.29
2020-08-10 10:19:10,284 EPOCH 19
2020-08-10 10:19:11,506 Epoch  19 Step:     1800 Batch Loss:     2.433509 Tokens per Sec:    10829, Lr: 0.000200
2020-08-10 10:19:20,884 Hooray! New best validation result [ppl]!
2020-08-10 10:19:20,884 Saving new checkpoint.
2020-08-10 10:19:21,182 Example #0
2020-08-10 10:19:21,182 	Raw source:     ['hello', '.']
2020-08-10 10:19:21,182 	Raw hypothesis: ['hallo', '.']
2020-08-10 10:19:21,182 	Source:     hello .
2020-08-10 10:19:21,182 	Reference:  hallo ,
2020-08-10 10:19:21,182 	Hypothesis: hallo .
2020-08-10 10:19:21,182 Example #1
2020-08-10 10:19:21,182 	Raw source:     ['hi', ',', 'how', 'can', 'i', 'help', 'you', '?']
2020-08-10 10:19:21,182 	Raw hypothesis: ['hallo', ',', 'wie', 'kann', 'ich', 'ihnen', 'helfen', '?']
2020-08-10 10:19:21,182 	Source:     hi , how can i help you ?
2020-08-10 10:19:21,182 	Reference:  hallo , wie kann ich ihnen helfen ?
2020-08-10 10:19:21,182 	Hypothesis: hallo , wie kann ich ihnen helfen ?
2020-08-10 10:19:21,182 Example #2
2020-08-10 10:19:21,182 	Raw source:     ['hi', ',', 'i', '&apos;m', 'looking', 'for', 'a', 'restaurant', 'inside', 'the', 'arden', 'fair', 'mall', 'in', 'san', 'francisco', ',', 'california', '.']
2020-08-10 10:19:21,183 	Raw hypothesis: ['hallo', ',', 'ich', 'suche', 'ein', 'restaurant', 'in', 'san', 'francisco', ',', 'kalifornien', '.']
2020-08-10 10:19:21,183 	Source:     hi , i &apos;m looking for a restaurant inside the arden fair mall in san francisco , california .
2020-08-10 10:19:21,183 	Reference:  hallo , ich bin auf der suche nach einem restaurant im arden fair einkaufszentrum in san francisco , kalifornien .
2020-08-10 10:19:21,183 	Hypothesis: hallo , ich suche ein restaurant in san francisco , kalifornien .
2020-08-10 10:19:21,183 Example #3
2020-08-10 10:19:21,183 	Raw source:     ['ok', ',', 'what', 'type', 'of', 'restaurant', 'are', 'you', 'looking', 'for', '?']
2020-08-10 10:19:21,183 	Raw hypothesis: ['ok', ',', 'welche', 'art', 'von', 'restaurant', 'suchen', 'sie', '?']
2020-08-10 10:19:21,183 	Source:     ok , what type of restaurant are you looking for ?
2020-08-10 10:19:21,183 	Reference:  ok . welche art von restaurant suchen sie denn genau ?
2020-08-10 10:19:21,183 	Hypothesis: ok , welche art von restaurant suchen sie ?
2020-08-10 10:19:21,183 Validation result (greedy) at epoch  19, step     1800: bleu:  21.63, loss: 17043.5059, ppl:  14.3399, duration: 9.6765s
2020-08-10 10:19:25,978 Epoch  19: total training loss 152.24
2020-08-10 10:19:25,979 EPOCH 20
2020-08-10 10:19:27,344 Epoch  20 Step:     1900 Batch Loss:     1.847833 Tokens per Sec:    10501, Lr: 0.000200
2020-08-10 10:19:32,122 Epoch  20: total training loss 149.45
2020-08-10 10:19:32,123 Training ended after  20 epochs.
2020-08-10 10:19:32,123 Best validation result (greedy) at step     1800:  14.34 ppl.
