2020-08-10 05:04:33,793 Hello! This is Joey-NMT.
2020-08-10 05:04:35,160 Total params: 29320704
2020-08-10 05:04:35,161 Trainable parameters: ['decoder.layer_norm.bias', 'decoder.layer_norm.weight', 'decoder.layers.0.dec_layer_norm.bias', 'decoder.layers.0.dec_layer_norm.weight', 'decoder.layers.0.feed_forward.layer_norm.bias', 'decoder.layers.0.feed_forward.layer_norm.weight', 'decoder.layers.0.feed_forward.pwff_layer.0.bias', 'decoder.layers.0.feed_forward.pwff_layer.0.weight', 'decoder.layers.0.feed_forward.pwff_layer.3.bias', 'decoder.layers.0.feed_forward.pwff_layer.3.weight', 'decoder.layers.0.src_trg_att.k_layer.bias', 'decoder.layers.0.src_trg_att.k_layer.weight', 'decoder.layers.0.src_trg_att.output_layer.bias', 'decoder.layers.0.src_trg_att.output_layer.weight', 'decoder.layers.0.src_trg_att.q_layer.bias', 'decoder.layers.0.src_trg_att.q_layer.weight', 'decoder.layers.0.src_trg_att.v_layer.bias', 'decoder.layers.0.src_trg_att.v_layer.weight', 'decoder.layers.0.trg_trg_att.k_layer.bias', 'decoder.layers.0.trg_trg_att.k_layer.weight', 'decoder.layers.0.trg_trg_att.output_layer.bias', 'decoder.layers.0.trg_trg_att.output_layer.weight', 'decoder.layers.0.trg_trg_att.q_layer.bias', 'decoder.layers.0.trg_trg_att.q_layer.weight', 'decoder.layers.0.trg_trg_att.v_layer.bias', 'decoder.layers.0.trg_trg_att.v_layer.weight', 'decoder.layers.0.x_layer_norm.bias', 'decoder.layers.0.x_layer_norm.weight', 'decoder.layers.1.dec_layer_norm.bias', 'decoder.layers.1.dec_layer_norm.weight', 'decoder.layers.1.feed_forward.layer_norm.bias', 'decoder.layers.1.feed_forward.layer_norm.weight', 'decoder.layers.1.feed_forward.pwff_layer.0.bias', 'decoder.layers.1.feed_forward.pwff_layer.0.weight', 'decoder.layers.1.feed_forward.pwff_layer.3.bias', 'decoder.layers.1.feed_forward.pwff_layer.3.weight', 'decoder.layers.1.src_trg_att.k_layer.bias', 'decoder.layers.1.src_trg_att.k_layer.weight', 'decoder.layers.1.src_trg_att.output_layer.bias', 'decoder.layers.1.src_trg_att.output_layer.weight', 'decoder.layers.1.src_trg_att.q_layer.bias', 'decoder.layers.1.src_trg_att.q_layer.weight', 'decoder.layers.1.src_trg_att.v_layer.bias', 'decoder.layers.1.src_trg_att.v_layer.weight', 'decoder.layers.1.trg_trg_att.k_layer.bias', 'decoder.layers.1.trg_trg_att.k_layer.weight', 'decoder.layers.1.trg_trg_att.output_layer.bias', 'decoder.layers.1.trg_trg_att.output_layer.weight', 'decoder.layers.1.trg_trg_att.q_layer.bias', 'decoder.layers.1.trg_trg_att.q_layer.weight', 'decoder.layers.1.trg_trg_att.v_layer.bias', 'decoder.layers.1.trg_trg_att.v_layer.weight', 'decoder.layers.1.x_layer_norm.bias', 'decoder.layers.1.x_layer_norm.weight', 'decoder.layers.2.dec_layer_norm.bias', 'decoder.layers.2.dec_layer_norm.weight', 'decoder.layers.2.feed_forward.layer_norm.bias', 'decoder.layers.2.feed_forward.layer_norm.weight', 'decoder.layers.2.feed_forward.pwff_layer.0.bias', 'decoder.layers.2.feed_forward.pwff_layer.0.weight', 'decoder.layers.2.feed_forward.pwff_layer.3.bias', 'decoder.layers.2.feed_forward.pwff_layer.3.weight', 'decoder.layers.2.src_trg_att.k_layer.bias', 'decoder.layers.2.src_trg_att.k_layer.weight', 'decoder.layers.2.src_trg_att.output_layer.bias', 'decoder.layers.2.src_trg_att.output_layer.weight', 'decoder.layers.2.src_trg_att.q_layer.bias', 'decoder.layers.2.src_trg_att.q_layer.weight', 'decoder.layers.2.src_trg_att.v_layer.bias', 'decoder.layers.2.src_trg_att.v_layer.weight', 'decoder.layers.2.trg_trg_att.k_layer.bias', 'decoder.layers.2.trg_trg_att.k_layer.weight', 'decoder.layers.2.trg_trg_att.output_layer.bias', 'decoder.layers.2.trg_trg_att.output_layer.weight', 'decoder.layers.2.trg_trg_att.q_layer.bias', 'decoder.layers.2.trg_trg_att.q_layer.weight', 'decoder.layers.2.trg_trg_att.v_layer.bias', 'decoder.layers.2.trg_trg_att.v_layer.weight', 'decoder.layers.2.x_layer_norm.bias', 'decoder.layers.2.x_layer_norm.weight', 'decoder.layers.3.dec_layer_norm.bias', 'decoder.layers.3.dec_layer_norm.weight', 'decoder.layers.3.feed_forward.layer_norm.bias', 'decoder.layers.3.feed_forward.layer_norm.weight', 'decoder.layers.3.feed_forward.pwff_layer.0.bias', 'decoder.layers.3.feed_forward.pwff_layer.0.weight', 'decoder.layers.3.feed_forward.pwff_layer.3.bias', 'decoder.layers.3.feed_forward.pwff_layer.3.weight', 'decoder.layers.3.src_trg_att.k_layer.bias', 'decoder.layers.3.src_trg_att.k_layer.weight', 'decoder.layers.3.src_trg_att.output_layer.bias', 'decoder.layers.3.src_trg_att.output_layer.weight', 'decoder.layers.3.src_trg_att.q_layer.bias', 'decoder.layers.3.src_trg_att.q_layer.weight', 'decoder.layers.3.src_trg_att.v_layer.bias', 'decoder.layers.3.src_trg_att.v_layer.weight', 'decoder.layers.3.trg_trg_att.k_layer.bias', 'decoder.layers.3.trg_trg_att.k_layer.weight', 'decoder.layers.3.trg_trg_att.output_layer.bias', 'decoder.layers.3.trg_trg_att.output_layer.weight', 'decoder.layers.3.trg_trg_att.q_layer.bias', 'decoder.layers.3.trg_trg_att.q_layer.weight', 'decoder.layers.3.trg_trg_att.v_layer.bias', 'decoder.layers.3.trg_trg_att.v_layer.weight', 'decoder.layers.3.x_layer_norm.bias', 'decoder.layers.3.x_layer_norm.weight', 'decoder.layers.4.dec_layer_norm.bias', 'decoder.layers.4.dec_layer_norm.weight', 'decoder.layers.4.feed_forward.layer_norm.bias', 'decoder.layers.4.feed_forward.layer_norm.weight', 'decoder.layers.4.feed_forward.pwff_layer.0.bias', 'decoder.layers.4.feed_forward.pwff_layer.0.weight', 'decoder.layers.4.feed_forward.pwff_layer.3.bias', 'decoder.layers.4.feed_forward.pwff_layer.3.weight', 'decoder.layers.4.src_trg_att.k_layer.bias', 'decoder.layers.4.src_trg_att.k_layer.weight', 'decoder.layers.4.src_trg_att.output_layer.bias', 'decoder.layers.4.src_trg_att.output_layer.weight', 'decoder.layers.4.src_trg_att.q_layer.bias', 'decoder.layers.4.src_trg_att.q_layer.weight', 'decoder.layers.4.src_trg_att.v_layer.bias', 'decoder.layers.4.src_trg_att.v_layer.weight', 'decoder.layers.4.trg_trg_att.k_layer.bias', 'decoder.layers.4.trg_trg_att.k_layer.weight', 'decoder.layers.4.trg_trg_att.output_layer.bias', 'decoder.layers.4.trg_trg_att.output_layer.weight', 'decoder.layers.4.trg_trg_att.q_layer.bias', 'decoder.layers.4.trg_trg_att.q_layer.weight', 'decoder.layers.4.trg_trg_att.v_layer.bias', 'decoder.layers.4.trg_trg_att.v_layer.weight', 'decoder.layers.4.x_layer_norm.bias', 'decoder.layers.4.x_layer_norm.weight', 'decoder.layers.5.dec_layer_norm.bias', 'decoder.layers.5.dec_layer_norm.weight', 'decoder.layers.5.feed_forward.layer_norm.bias', 'decoder.layers.5.feed_forward.layer_norm.weight', 'decoder.layers.5.feed_forward.pwff_layer.0.bias', 'decoder.layers.5.feed_forward.pwff_layer.0.weight', 'decoder.layers.5.feed_forward.pwff_layer.3.bias', 'decoder.layers.5.feed_forward.pwff_layer.3.weight', 'decoder.layers.5.src_trg_att.k_layer.bias', 'decoder.layers.5.src_trg_att.k_layer.weight', 'decoder.layers.5.src_trg_att.output_layer.bias', 'decoder.layers.5.src_trg_att.output_layer.weight', 'decoder.layers.5.src_trg_att.q_layer.bias', 'decoder.layers.5.src_trg_att.q_layer.weight', 'decoder.layers.5.src_trg_att.v_layer.bias', 'decoder.layers.5.src_trg_att.v_layer.weight', 'decoder.layers.5.trg_trg_att.k_layer.bias', 'decoder.layers.5.trg_trg_att.k_layer.weight', 'decoder.layers.5.trg_trg_att.output_layer.bias', 'decoder.layers.5.trg_trg_att.output_layer.weight', 'decoder.layers.5.trg_trg_att.q_layer.bias', 'decoder.layers.5.trg_trg_att.q_layer.weight', 'decoder.layers.5.trg_trg_att.v_layer.bias', 'decoder.layers.5.trg_trg_att.v_layer.weight', 'decoder.layers.5.x_layer_norm.bias', 'decoder.layers.5.x_layer_norm.weight', 'encoder.layer_norm.bias', 'encoder.layer_norm.weight', 'encoder.layers.0.feed_forward.layer_norm.bias', 'encoder.layers.0.feed_forward.layer_norm.weight', 'encoder.layers.0.feed_forward.pwff_layer.0.bias', 'encoder.layers.0.feed_forward.pwff_layer.0.weight', 'encoder.layers.0.feed_forward.pwff_layer.3.bias', 'encoder.layers.0.feed_forward.pwff_layer.3.weight', 'encoder.layers.0.layer_norm.bias', 'encoder.layers.0.layer_norm.weight', 'encoder.layers.0.src_src_att.k_layer.bias', 'encoder.layers.0.src_src_att.k_layer.weight', 'encoder.layers.0.src_src_att.output_layer.bias', 'encoder.layers.0.src_src_att.output_layer.weight', 'encoder.layers.0.src_src_att.q_layer.bias', 'encoder.layers.0.src_src_att.q_layer.weight', 'encoder.layers.0.src_src_att.v_layer.bias', 'encoder.layers.0.src_src_att.v_layer.weight', 'encoder.layers.1.feed_forward.layer_norm.bias', 'encoder.layers.1.feed_forward.layer_norm.weight', 'encoder.layers.1.feed_forward.pwff_layer.0.bias', 'encoder.layers.1.feed_forward.pwff_layer.0.weight', 'encoder.layers.1.feed_forward.pwff_layer.3.bias', 'encoder.layers.1.feed_forward.pwff_layer.3.weight', 'encoder.layers.1.layer_norm.bias', 'encoder.layers.1.layer_norm.weight', 'encoder.layers.1.src_src_att.k_layer.bias', 'encoder.layers.1.src_src_att.k_layer.weight', 'encoder.layers.1.src_src_att.output_layer.bias', 'encoder.layers.1.src_src_att.output_layer.weight', 'encoder.layers.1.src_src_att.q_layer.bias', 'encoder.layers.1.src_src_att.q_layer.weight', 'encoder.layers.1.src_src_att.v_layer.bias', 'encoder.layers.1.src_src_att.v_layer.weight', 'encoder.layers.2.feed_forward.layer_norm.bias', 'encoder.layers.2.feed_forward.layer_norm.weight', 'encoder.layers.2.feed_forward.pwff_layer.0.bias', 'encoder.layers.2.feed_forward.pwff_layer.0.weight', 'encoder.layers.2.feed_forward.pwff_layer.3.bias', 'encoder.layers.2.feed_forward.pwff_layer.3.weight', 'encoder.layers.2.layer_norm.bias', 'encoder.layers.2.layer_norm.weight', 'encoder.layers.2.src_src_att.k_layer.bias', 'encoder.layers.2.src_src_att.k_layer.weight', 'encoder.layers.2.src_src_att.output_layer.bias', 'encoder.layers.2.src_src_att.output_layer.weight', 'encoder.layers.2.src_src_att.q_layer.bias', 'encoder.layers.2.src_src_att.q_layer.weight', 'encoder.layers.2.src_src_att.v_layer.bias', 'encoder.layers.2.src_src_att.v_layer.weight', 'encoder.layers.3.feed_forward.layer_norm.bias', 'encoder.layers.3.feed_forward.layer_norm.weight', 'encoder.layers.3.feed_forward.pwff_layer.0.bias', 'encoder.layers.3.feed_forward.pwff_layer.0.weight', 'encoder.layers.3.feed_forward.pwff_layer.3.bias', 'encoder.layers.3.feed_forward.pwff_layer.3.weight', 'encoder.layers.3.layer_norm.bias', 'encoder.layers.3.layer_norm.weight', 'encoder.layers.3.src_src_att.k_layer.bias', 'encoder.layers.3.src_src_att.k_layer.weight', 'encoder.layers.3.src_src_att.output_layer.bias', 'encoder.layers.3.src_src_att.output_layer.weight', 'encoder.layers.3.src_src_att.q_layer.bias', 'encoder.layers.3.src_src_att.q_layer.weight', 'encoder.layers.3.src_src_att.v_layer.bias', 'encoder.layers.3.src_src_att.v_layer.weight', 'encoder.layers.4.feed_forward.layer_norm.bias', 'encoder.layers.4.feed_forward.layer_norm.weight', 'encoder.layers.4.feed_forward.pwff_layer.0.bias', 'encoder.layers.4.feed_forward.pwff_layer.0.weight', 'encoder.layers.4.feed_forward.pwff_layer.3.bias', 'encoder.layers.4.feed_forward.pwff_layer.3.weight', 'encoder.layers.4.layer_norm.bias', 'encoder.layers.4.layer_norm.weight', 'encoder.layers.4.src_src_att.k_layer.bias', 'encoder.layers.4.src_src_att.k_layer.weight', 'encoder.layers.4.src_src_att.output_layer.bias', 'encoder.layers.4.src_src_att.output_layer.weight', 'encoder.layers.4.src_src_att.q_layer.bias', 'encoder.layers.4.src_src_att.q_layer.weight', 'encoder.layers.4.src_src_att.v_layer.bias', 'encoder.layers.4.src_src_att.v_layer.weight', 'encoder.layers.5.feed_forward.layer_norm.bias', 'encoder.layers.5.feed_forward.layer_norm.weight', 'encoder.layers.5.feed_forward.pwff_layer.0.bias', 'encoder.layers.5.feed_forward.pwff_layer.0.weight', 'encoder.layers.5.feed_forward.pwff_layer.3.bias', 'encoder.layers.5.feed_forward.pwff_layer.3.weight', 'encoder.layers.5.layer_norm.bias', 'encoder.layers.5.layer_norm.weight', 'encoder.layers.5.src_src_att.k_layer.bias', 'encoder.layers.5.src_src_att.k_layer.weight', 'encoder.layers.5.src_src_att.output_layer.bias', 'encoder.layers.5.src_src_att.output_layer.weight', 'encoder.layers.5.src_src_att.q_layer.bias', 'encoder.layers.5.src_src_att.q_layer.weight', 'encoder.layers.5.src_src_att.v_layer.bias', 'encoder.layers.5.src_src_att.v_layer.weight', 'src_embed.lut.weight', 'trg_embed.lut.weight']
2020-08-10 05:04:38,921 cfg.data.dev                       : chatnmt/multi_encoder/dev_subset.tags.bpe.10000
2020-08-10 05:04:38,921 cfg.data.level                     : bpe
2020-08-10 05:04:38,921 cfg.data.lowercase                 : False
2020-08-10 05:04:38,922 cfg.data.max_sent_length           : 100
2020-08-10 05:04:38,922 cfg.data.src                       : en
2020-08-10 05:04:38,922 cfg.data.test                      : chatnmt/multi_encoder/test.tags.bpe.10000
2020-08-10 05:04:38,922 cfg.data.train                     : chatnmt/multi_encoder/train_subset.tags.bpe.10000
2020-08-10 05:04:38,922 cfg.data.trg                       : de
2020-08-10 05:04:38,922 cfg.model.bias_initializer         : zeros
2020-08-10 05:04:38,922 cfg.model.decoder.dropout          : 0.1
2020-08-10 05:04:38,922 cfg.model.decoder.embeddings.dropout : 0.0
2020-08-10 05:04:38,922 cfg.model.decoder.embeddings.embedding_dim : 512
2020-08-10 05:04:38,922 cfg.model.decoder.embeddings.scale : True
2020-08-10 05:04:38,922 cfg.model.decoder.ff_size          : 512
2020-08-10 05:04:38,922 cfg.model.decoder.freeze           : False
2020-08-10 05:04:38,922 cfg.model.decoder.hidden_size      : 512
2020-08-10 05:04:38,922 cfg.model.decoder.num_heads        : 16
2020-08-10 05:04:38,922 cfg.model.decoder.num_layers       : 6
2020-08-10 05:04:38,922 cfg.model.decoder.type             : transformer
2020-08-10 05:04:38,922 cfg.model.embed_init_gain          : 1.0
2020-08-10 05:04:38,922 cfg.model.embed_initializer        : xavier
2020-08-10 05:04:38,922 cfg.model.encoder.dropout          : 0.3
2020-08-10 05:04:38,922 cfg.model.encoder.embeddings.dropout : 0.0
2020-08-10 05:04:38,922 cfg.model.encoder.embeddings.embedding_dim : 512
2020-08-10 05:04:38,922 cfg.model.encoder.embeddings.scale : True
2020-08-10 05:04:38,922 cfg.model.encoder.ff_size          : 512
2020-08-10 05:04:38,922 cfg.model.encoder.freeze           : False
2020-08-10 05:04:38,922 cfg.model.encoder.hidden_size      : 512
2020-08-10 05:04:38,922 cfg.model.encoder.multi_encoder    : False
2020-08-10 05:04:38,922 cfg.model.encoder.num_heads        : 16
2020-08-10 05:04:38,923 cfg.model.encoder.num_layers       : 6
2020-08-10 05:04:38,923 cfg.model.encoder.type             : transformer
2020-08-10 05:04:38,923 cfg.model.init_gain                : 1.0
2020-08-10 05:04:38,923 cfg.model.initializer              : xavier
2020-08-10 05:04:38,923 cfg.model.tied_embeddings          : False
2020-08-10 05:04:38,923 cfg.model.tied_softmax             : True
2020-08-10 05:04:38,923 cfg.name                           : transformer
2020-08-10 05:04:38,923 cfg.testing.alpha                  : 1.0
2020-08-10 05:04:38,923 cfg.testing.beam_size              : 5
2020-08-10 05:04:38,923 cfg.training.adam_betas            : [0.9, 0.999]
2020-08-10 05:04:38,923 cfg.training.batch_multiplier      : 1
2020-08-10 05:04:38,923 cfg.training.batch_size            : 512
2020-08-10 05:04:38,923 cfg.training.batch_type            : token
2020-08-10 05:04:38,923 cfg.training.decrease_factor       : 0.7
2020-08-10 05:04:38,923 cfg.training.early_stopping_metric : ppl
2020-08-10 05:04:38,923 cfg.training.epochs                : 20
2020-08-10 05:04:38,923 cfg.training.eval_metric           : bleu
2020-08-10 05:04:38,923 cfg.training.keep_last_ckpts       : 3
2020-08-10 05:04:38,923 cfg.training.label_smoothing       : 0.1
2020-08-10 05:04:38,923 cfg.training.learning_rate         : 0.0002
2020-08-10 05:04:38,923 cfg.training.learning_rate_min     : 1e-08
2020-08-10 05:04:38,923 cfg.training.logging_freq          : 100
2020-08-10 05:04:38,923 cfg.training.loss                  : crossentropy
2020-08-10 05:04:38,923 cfg.training.max_output_length     : 100
2020-08-10 05:04:38,923 cfg.training.model_dir             : models/viznet/attempt3/16_16_0.3_512_512_512_10_8
2020-08-10 05:04:38,924 cfg.training.normalization         : tokens
2020-08-10 05:04:38,924 cfg.training.optimizer             : adam
2020-08-10 05:04:38,924 cfg.training.overwrite             : True
2020-08-10 05:04:38,924 cfg.training.patience              : 8
2020-08-10 05:04:38,924 cfg.training.print_valid_sents     : [0, 1, 2, 3]
2020-08-10 05:04:38,924 cfg.training.random_seed           : 42
2020-08-10 05:04:38,924 cfg.training.scheduling            : plateau
2020-08-10 05:04:38,924 cfg.training.shuffle               : True
2020-08-10 05:04:38,924 cfg.training.use_cuda              : True
2020-08-10 05:04:38,924 cfg.training.validation_freq       : 200
2020-08-10 05:04:38,924 cfg.training.weight_decay          : 0.0
2020-08-10 05:04:38,924 Data set sizes: 
	train 5000,
	valid 500,
	test 1220
2020-08-10 05:04:38,924 First training example:
	[SRC] hi there ! how can i help ?
	[TRG] hallo ! wie kann ich helfen ?
2020-08-10 05:04:38,924 First 10 words (src): (0) <unk> (1) <pad> (2) <s> (3) </s> (4) . (5) , (6) ? (7) you (8) i (9) the
2020-08-10 05:04:38,925 First 10 words (trg): (0) <unk> (1) <pad> (2) <s> (3) </s> (4) . (5) , (6) ? (7) sie (8) ich (9) das
2020-08-10 05:04:38,925 Number of Src words (types): 3468
2020-08-10 05:04:38,925 Number of Trg words (types): 4487
2020-08-10 05:04:38,925 Model(
	encoder=TransformerEncoder(num_layers=6, num_heads=16),
	decoder=TransformerDecoder(num_layers=6, num_heads=16),
	src_embed=Embeddings(embedding_dim=512, vocab_size=3468),
	trg_embed=Embeddings(embedding_dim=512, vocab_size=4487))
2020-08-10 05:04:38,929 EPOCH 1
2020-08-10 05:04:44,764 Epoch   1 Step:      100 Batch Loss:     4.097944 Tokens per Sec:     5883, Lr: 0.000200
2020-08-10 05:04:49,722 Epoch   1: total training loss 904.52
2020-08-10 05:04:49,722 EPOCH 2
2020-08-10 05:04:50,488 Epoch   2 Step:      200 Batch Loss:     3.373915 Tokens per Sec:     5694, Lr: 0.000200
2020-08-10 05:05:23,043 Hooray! New best validation result [ppl]!
2020-08-10 05:05:23,043 Saving new checkpoint.
2020-08-10 05:05:24,316 Example #0
2020-08-10 05:05:24,317 	Raw source:     ['hello', '.']
2020-08-10 05:05:24,317 	Raw hypothesis: ['ja', '.']
2020-08-10 05:05:24,317 	Source:     hello .
2020-08-10 05:05:24,317 	Reference:  hallo ,
2020-08-10 05:05:24,317 	Hypothesis: ja .
2020-08-10 05:05:24,317 Example #1
2020-08-10 05:05:24,317 	Raw source:     ['hi', ',', 'how', 'can', 'i', 'help', 'you', '?']
2020-08-10 05:05:24,317 	Raw hypothesis: ['hallo', ',', 'wie', 'kann', 'ich', 'ihnen', 'helfen', '?']
2020-08-10 05:05:24,317 	Source:     hi , how can i help you ?
2020-08-10 05:05:24,317 	Reference:  hallo , wie kann ich ihnen helfen ?
2020-08-10 05:05:24,317 	Hypothesis: hallo , wie kann ich ihnen helfen ?
2020-08-10 05:05:24,317 Example #2
2020-08-10 05:05:24,317 	Raw source:     ['hi', ',', 'i', '&apos;m', 'looking', 'for', 'a', 'restaurant', 'inside', 'the', 'arden', 'fair', 'mall', 'in', 'san', 'francisco', ',', 'california', '.']
2020-08-10 05:05:24,317 	Raw hypothesis: ['ich', 'ich', 'ich', 'ich', 'ich', 'ich', 'ich', 'ich', 'ich', 'ich', 'ich', 'ich', 'ich', 'ich', 'ich', 'ich', 'ich', 'ich', 'ich', 'ich', 'ich', 'ich', 'ich', 'ich', 'ich', 'ich', 'ich', 'ich', 'ich', 'ich', 'ich', 'ich', 'ich', 'ich', 'ich', 'ich', 'ich', 'ich', 'ich', 'ich', 'ich', 'ich', 'ich', 'ich', 'ich', 'ich', 'ich', 'ich', 'ich', 'ich', 'ich', 'ich', 'ich', 'ich', 'ich', 'ich', 'ich', 'ich', 'ich', 'ich', 'ich', 'ich', 'ich', 'ich', 'ich', 'ich', 'ich', 'ich', 'ich', 'ich', 'ich', 'ich', 'ich', 'ich', 'ich', 'ich', 'ich', 'ich', 'ich', 'ich', 'ich', 'ich', 'ich', 'ich', 'ich', 'ich', 'ich', 'ich', 'ich', 'ich', 'ich', 'ich', 'ich', 'ich', 'ich', 'ich', 'ich', 'ich', 'ich', 'ich']
2020-08-10 05:05:24,317 	Source:     hi , i &apos;m looking for a restaurant inside the arden fair mall in san francisco , california .
2020-08-10 05:05:24,317 	Reference:  hallo , ich bin auf der suche nach einem restaurant im arden fair einkaufszentrum in san francisco , kalifornien .
2020-08-10 05:05:24,317 	Hypothesis: ich ich ich ich ich ich ich ich ich ich ich ich ich ich ich ich ich ich ich ich ich ich ich ich ich ich ich ich ich ich ich ich ich ich ich ich ich ich ich ich ich ich ich ich ich ich ich ich ich ich ich ich ich ich ich ich ich ich ich ich ich ich ich ich ich ich ich ich ich ich ich ich ich ich ich ich ich ich ich ich ich ich ich ich ich ich ich ich ich ich ich ich ich ich ich ich ich ich ich ich
2020-08-10 05:05:24,318 Example #3
2020-08-10 05:05:24,318 	Raw source:     ['ok', ',', 'what', 'type', 'of', 'restaurant', 'are', 'you', 'looking', 'for', '?']
2020-08-10 05:05:24,318 	Raw hypothesis: ['sie', 'sie', 'sie', 'sie', 'sie', 'sie', 'sie', '?']
2020-08-10 05:05:24,318 	Source:     ok , what type of restaurant are you looking for ?
2020-08-10 05:05:24,318 	Reference:  ok . welche art von restaurant suchen sie denn genau ?
2020-08-10 05:05:24,318 	Hypothesis: sie sie sie sie sie sie sie ?
2020-08-10 05:05:24,318 Validation result (greedy) at epoch   2, step      200: bleu:   1.76, loss: 28451.6641, ppl:  85.2487, duration: 33.8293s
2020-08-10 05:05:30,033 Epoch   2 Step:      300 Batch Loss:     3.154576 Tokens per Sec:     5995, Lr: 0.000200
2020-08-10 05:05:34,402 Epoch   2: total training loss 749.50
2020-08-10 05:05:34,403 EPOCH 3
2020-08-10 05:05:35,732 Epoch   3 Step:      400 Batch Loss:     4.275602 Tokens per Sec:     6061, Lr: 0.000200
2020-08-10 05:06:09,427 Hooray! New best validation result [ppl]!
2020-08-10 05:06:09,427 Saving new checkpoint.
2020-08-10 05:06:10,692 Example #0
2020-08-10 05:06:10,693 	Raw source:     ['hello', '.']
2020-08-10 05:06:10,693 	Raw hypothesis: ['hallo', ',']
2020-08-10 05:06:10,693 	Source:     hello .
2020-08-10 05:06:10,693 	Reference:  hallo ,
2020-08-10 05:06:10,693 	Hypothesis: hallo ,
2020-08-10 05:06:10,693 Example #1
2020-08-10 05:06:10,693 	Raw source:     ['hi', ',', 'how', 'can', 'i', 'help', 'you', '?']
2020-08-10 05:06:10,693 	Raw hypothesis: ['hallo', ',', 'wie', 'kann', 'ich', 'ihnen', 'helfen', '?']
2020-08-10 05:06:10,693 	Source:     hi , how can i help you ?
2020-08-10 05:06:10,693 	Reference:  hallo , wie kann ich ihnen helfen ?
2020-08-10 05:06:10,693 	Hypothesis: hallo , wie kann ich ihnen helfen ?
2020-08-10 05:06:10,693 Example #2
2020-08-10 05:06:10,693 	Raw source:     ['hi', ',', 'i', '&apos;m', 'looking', 'for', 'a', 'restaurant', 'inside', 'the', 'arden', 'fair', 'mall', 'in', 'san', 'francisco', ',', 'california', '.']
2020-08-10 05:06:10,693 	Raw hypothesis: ['hallo', ',', 'ich', 'möchte', 'in', 'in', 'in', 'in', 'in', 'in', 'in', 'in', 'in', 'in', 'in', 'in', 'in', 'in', 'in', 'in', 'in', 'in', 'in', 'in', 'in', 'in', 'in', 'in', 'in', 'in', 'in', 'in', 'in', 'in', 'in', 'in', 'in', 'in', 'in', 'in', 'in', 'in', 'in', 'in', 'in', 'in', 'in', 'in', 'in', 'in', 'in', 'in', 'in', 'in', 'in', 'in', 'in', 'in', 'in', 'in', 'in', 'in', 'in', 'in', 'in', 'in', 'in', 'in', 'in', 'in', 'in', 'in', 'in', 'in', 'in', 'in', 'in', 'in', 'in', 'in', 'in', 'in', 'in', 'in', 'in', 'in', 'in', 'in', 'in', 'in', 'in', 'in', 'in', 'in', 'in', 'in', 'in', 'in', 'in', 'in']
2020-08-10 05:06:10,693 	Source:     hi , i &apos;m looking for a restaurant inside the arden fair mall in san francisco , california .
2020-08-10 05:06:10,693 	Reference:  hallo , ich bin auf der suche nach einem restaurant im arden fair einkaufszentrum in san francisco , kalifornien .
2020-08-10 05:06:10,693 	Hypothesis: hallo , ich möchte in in in in in in in in in in in in in in in in in in in in in in in in in in in in in in in in in in in in in in in in in in in in in in in in in in in in in in in in in in in in in in in in in in in in in in in in in in in in in in in in in in in in in in in in in in in in in in in in
2020-08-10 05:06:10,693 Example #3
2020-08-10 05:06:10,694 	Raw source:     ['ok', ',', 'what', 'type', 'of', 'restaurant', 'are', 'you', 'looking', 'for', '?']
2020-08-10 05:06:10,694 	Raw hypothesis: ['ok', ',', 'welche', 'art', 'art', 'art', 'art', 'art', 'von', 'von', 'von', 'von', '?']
2020-08-10 05:06:10,694 	Source:     ok , what type of restaurant are you looking for ?
2020-08-10 05:06:10,694 	Reference:  ok . welche art von restaurant suchen sie denn genau ?
2020-08-10 05:06:10,694 	Hypothesis: ok , welche art art art art art von von von von ?
2020-08-10 05:06:10,694 Validation result (greedy) at epoch   3, step      400: bleu:   3.96, loss: 23813.1465, ppl:  41.2976, duration: 34.9611s
2020-08-10 05:06:16,589 Epoch   3 Step:      500 Batch Loss:     4.851837 Tokens per Sec:     5690, Lr: 0.000200
2020-08-10 05:06:20,353 Epoch   3: total training loss 623.36
2020-08-10 05:06:20,353 EPOCH 4
2020-08-10 05:06:22,334 Epoch   4 Step:      600 Batch Loss:     3.418833 Tokens per Sec:     5940, Lr: 0.000200
2020-08-10 05:06:50,966 Hooray! New best validation result [ppl]!
2020-08-10 05:06:50,966 Saving new checkpoint.
2020-08-10 05:06:52,093 Example #0
2020-08-10 05:06:52,093 	Raw source:     ['hello', '.']
2020-08-10 05:06:52,094 	Raw hypothesis: ['hallo', '.']
2020-08-10 05:06:52,094 	Source:     hello .
2020-08-10 05:06:52,094 	Reference:  hallo ,
2020-08-10 05:06:52,094 	Hypothesis: hallo .
2020-08-10 05:06:52,094 Example #1
2020-08-10 05:06:52,094 	Raw source:     ['hi', ',', 'how', 'can', 'i', 'help', 'you', '?']
2020-08-10 05:06:52,094 	Raw hypothesis: ['hallo', ',', 'wie', 'kann', 'ich', 'ihnen', 'helfen', '?']
2020-08-10 05:06:52,094 	Source:     hi , how can i help you ?
2020-08-10 05:06:52,094 	Reference:  hallo , wie kann ich ihnen helfen ?
2020-08-10 05:06:52,094 	Hypothesis: hallo , wie kann ich ihnen helfen ?
2020-08-10 05:06:52,094 Example #2
2020-08-10 05:06:52,094 	Raw source:     ['hi', ',', 'i', '&apos;m', 'looking', 'for', 'a', 'restaurant', 'inside', 'the', 'arden', 'fair', 'mall', 'in', 'san', 'francisco', ',', 'california', '.']
2020-08-10 05:06:52,094 	Raw hypothesis: ['hallo', ',', 'ich', 'möchte', 'ein', 'restaurant', 'in', 'san', 'francisco', ',', 'kalifornien', ',', 'kalifornien', ',', 'kalifornien', '.']
2020-08-10 05:06:52,094 	Source:     hi , i &apos;m looking for a restaurant inside the arden fair mall in san francisco , california .
2020-08-10 05:06:52,094 	Reference:  hallo , ich bin auf der suche nach einem restaurant im arden fair einkaufszentrum in san francisco , kalifornien .
2020-08-10 05:06:52,094 	Hypothesis: hallo , ich möchte ein restaurant in san francisco , kalifornien , kalifornien , kalifornien .
2020-08-10 05:06:52,094 Example #3
2020-08-10 05:06:52,094 	Raw source:     ['ok', ',', 'what', 'type', 'of', 'restaurant', 'are', 'you', 'looking', 'for', '?']
2020-08-10 05:06:52,094 	Raw hypothesis: ['ok', ',', 'welche', 'art', 'von', 'von', 'von', 'von', 'von', 'von', 'von', 'von', 'von', 'von', 'essen', '?']
2020-08-10 05:06:52,094 	Source:     ok , what type of restaurant are you looking for ?
2020-08-10 05:06:52,094 	Reference:  ok . welche art von restaurant suchen sie denn genau ?
2020-08-10 05:06:52,094 	Hypothesis: ok , welche art von von von von von von von von von von essen ?
2020-08-10 05:06:52,095 Validation result (greedy) at epoch   4, step      600: bleu:   6.93, loss: 21047.1426, ppl:  26.8057, duration: 29.7607s
2020-08-10 05:06:57,842 Epoch   4 Step:      700 Batch Loss:     4.610114 Tokens per Sec:     5951, Lr: 0.000200
2020-08-10 05:07:00,858 Epoch   4: total training loss 525.43
2020-08-10 05:07:00,858 EPOCH 5
2020-08-10 05:07:03,535 Epoch   5 Step:      800 Batch Loss:     3.613824 Tokens per Sec:     5983, Lr: 0.000200
2020-08-10 05:07:27,563 Hooray! New best validation result [ppl]!
2020-08-10 05:07:27,564 Saving new checkpoint.
2020-08-10 05:07:28,921 Example #0
2020-08-10 05:07:28,921 	Raw source:     ['hello', '.']
2020-08-10 05:07:28,921 	Raw hypothesis: ['hallo', ',']
2020-08-10 05:07:28,921 	Source:     hello .
2020-08-10 05:07:28,921 	Reference:  hallo ,
2020-08-10 05:07:28,921 	Hypothesis: hallo ,
2020-08-10 05:07:28,921 Example #1
2020-08-10 05:07:28,921 	Raw source:     ['hi', ',', 'how', 'can', 'i', 'help', 'you', '?']
2020-08-10 05:07:28,921 	Raw hypothesis: ['hallo', ',', 'wie', 'kann', 'ich', 'ihnen', 'helfen', '?']
2020-08-10 05:07:28,921 	Source:     hi , how can i help you ?
2020-08-10 05:07:28,921 	Reference:  hallo , wie kann ich ihnen helfen ?
2020-08-10 05:07:28,921 	Hypothesis: hallo , wie kann ich ihnen helfen ?
2020-08-10 05:07:28,921 Example #2
2020-08-10 05:07:28,921 	Raw source:     ['hi', ',', 'i', '&apos;m', 'looking', 'for', 'a', 'restaurant', 'inside', 'the', 'arden', 'fair', 'mall', 'in', 'san', 'francisco', ',', 'california', '.']
2020-08-10 05:07:28,921 	Raw hypothesis: ['hallo', ',', 'ich', 'möchte', 'ein', 'restaurant', 'in', 'san', 'francisco', ',', 'kalifornien', ',', 'kalifornien', ',', 'kalifornien', ',', 'kalifornien', ',', 'kalifornien', ',', 'kalifornien', ',', 'kalifornien', ',', 'kalifornien', ',', 'kalifornien', ',', 'kalifornien', ',', 'kalifornien', '.']
2020-08-10 05:07:28,921 	Source:     hi , i &apos;m looking for a restaurant inside the arden fair mall in san francisco , california .
2020-08-10 05:07:28,921 	Reference:  hallo , ich bin auf der suche nach einem restaurant im arden fair einkaufszentrum in san francisco , kalifornien .
2020-08-10 05:07:28,921 	Hypothesis: hallo , ich möchte ein restaurant in san francisco , kalifornien , kalifornien , kalifornien , kalifornien , kalifornien , kalifornien , kalifornien , kalifornien , kalifornien , kalifornien , kalifornien .
2020-08-10 05:07:28,921 Example #3
2020-08-10 05:07:28,921 	Raw source:     ['ok', ',', 'what', 'type', 'of', 'restaurant', 'are', 'you', 'looking', 'for', '?']
2020-08-10 05:07:28,921 	Raw hypothesis: ['ok', ',', 'welche', 'art', 'von', 'restaurant', 'haben', 'sie', '?']
2020-08-10 05:07:28,921 	Source:     ok , what type of restaurant are you looking for ?
2020-08-10 05:07:28,921 	Reference:  ok . welche art von restaurant suchen sie denn genau ?
2020-08-10 05:07:28,922 	Hypothesis: ok , welche art von restaurant haben sie ?
2020-08-10 05:07:28,922 Validation result (greedy) at epoch   5, step      800: bleu:  10.56, loss: 19184.8887, ppl:  20.0382, duration: 25.3864s
2020-08-10 05:07:34,780 Epoch   5 Step:      900 Batch Loss:     3.449098 Tokens per Sec:     5764, Lr: 0.000200
2020-08-10 05:07:37,188 Epoch   5: total training loss 465.59
2020-08-10 05:07:37,189 EPOCH 6
2020-08-10 05:07:40,527 Epoch   6 Step:     1000 Batch Loss:     2.214154 Tokens per Sec:     5972, Lr: 0.000200
2020-08-10 05:07:58,504 Hooray! New best validation result [ppl]!
2020-08-10 05:07:58,504 Saving new checkpoint.
2020-08-10 05:07:59,795 Example #0
2020-08-10 05:07:59,796 	Raw source:     ['hello', '.']
2020-08-10 05:07:59,796 	Raw hypothesis: ['hallo', '.']
2020-08-10 05:07:59,796 	Source:     hello .
2020-08-10 05:07:59,796 	Reference:  hallo ,
2020-08-10 05:07:59,796 	Hypothesis: hallo .
2020-08-10 05:07:59,796 Example #1
2020-08-10 05:07:59,796 	Raw source:     ['hi', ',', 'how', 'can', 'i', 'help', 'you', '?']
2020-08-10 05:07:59,796 	Raw hypothesis: ['hallo', ',', 'wie', 'kann', 'ich', 'ihnen', 'helfen', '?']
2020-08-10 05:07:59,796 	Source:     hi , how can i help you ?
2020-08-10 05:07:59,796 	Reference:  hallo , wie kann ich ihnen helfen ?
2020-08-10 05:07:59,796 	Hypothesis: hallo , wie kann ich ihnen helfen ?
2020-08-10 05:07:59,796 Example #2
2020-08-10 05:07:59,796 	Raw source:     ['hi', ',', 'i', '&apos;m', 'looking', 'for', 'a', 'restaurant', 'inside', 'the', 'arden', 'fair', 'mall', 'in', 'san', 'francisco', ',', 'california', '.']
2020-08-10 05:07:59,796 	Raw hypothesis: ['hallo', ',', 'ich', 'bin', 'in', 'san', 'francisco', ',', 'kalifornien', ',', 'kalifornien', ',', 'kalifornien', ',', 'kalifornien', ',', 'kalifornien', ',', 'kalifornien', ',', 'kalifornien', '.']
2020-08-10 05:07:59,796 	Source:     hi , i &apos;m looking for a restaurant inside the arden fair mall in san francisco , california .
2020-08-10 05:07:59,796 	Reference:  hallo , ich bin auf der suche nach einem restaurant im arden fair einkaufszentrum in san francisco , kalifornien .
2020-08-10 05:07:59,796 	Hypothesis: hallo , ich bin in san francisco , kalifornien , kalifornien , kalifornien , kalifornien , kalifornien , kalifornien , kalifornien .
2020-08-10 05:07:59,796 Example #3
2020-08-10 05:07:59,796 	Raw source:     ['ok', ',', 'what', 'type', 'of', 'restaurant', 'are', 'you', 'looking', 'for', '?']
2020-08-10 05:07:59,796 	Raw hypothesis: ['ok', ',', 'welche', 'art', 'von', 'essen', 'sie', '?']
2020-08-10 05:07:59,796 	Source:     ok , what type of restaurant are you looking for ?
2020-08-10 05:07:59,796 	Reference:  ok . welche art von restaurant suchen sie denn genau ?
2020-08-10 05:07:59,796 	Hypothesis: ok , welche art von essen sie ?
2020-08-10 05:07:59,796 Validation result (greedy) at epoch   6, step     1000: bleu:  14.34, loss: 18007.8867, ppl:  16.6720, duration: 19.2697s
2020-08-10 05:08:05,524 Epoch   6 Step:     1100 Batch Loss:     4.142593 Tokens per Sec:     5838, Lr: 0.000200
2020-08-10 05:08:07,220 Epoch   6: total training loss 406.39
2020-08-10 05:08:07,220 EPOCH 7
2020-08-10 05:08:11,190 Epoch   7 Step:     1200 Batch Loss:     1.859520 Tokens per Sec:     5909, Lr: 0.000200
2020-08-10 05:08:33,530 Hooray! New best validation result [ppl]!
2020-08-10 05:08:33,530 Saving new checkpoint.
2020-08-10 05:08:34,793 Example #0
2020-08-10 05:08:34,793 	Raw source:     ['hello', '.']
2020-08-10 05:08:34,793 	Raw hypothesis: ['hallo']
2020-08-10 05:08:34,793 	Source:     hello .
2020-08-10 05:08:34,793 	Reference:  hallo ,
2020-08-10 05:08:34,793 	Hypothesis: hallo
2020-08-10 05:08:34,793 Example #1
2020-08-10 05:08:34,793 	Raw source:     ['hi', ',', 'how', 'can', 'i', 'help', 'you', '?']
2020-08-10 05:08:34,793 	Raw hypothesis: ['hallo', ',', 'wie', 'kann', 'ich', 'ihnen', 'helfen', '?']
2020-08-10 05:08:34,793 	Source:     hi , how can i help you ?
2020-08-10 05:08:34,793 	Reference:  hallo , wie kann ich ihnen helfen ?
2020-08-10 05:08:34,793 	Hypothesis: hallo , wie kann ich ihnen helfen ?
2020-08-10 05:08:34,793 Example #2
2020-08-10 05:08:34,794 	Raw source:     ['hi', ',', 'i', '&apos;m', 'looking', 'for', 'a', 'restaurant', 'inside', 'the', 'arden', 'fair', 'mall', 'in', 'san', 'francisco', ',', 'california', '.']
2020-08-10 05:08:34,794 	Raw hypothesis: ['hallo', ',', 'ich', 'suche', 'ein', 'restaurant', 'in', 'san', 'francisco', ',', 'kalifornien', ',', 'kalifornien', ',', 'kalifornien', ',', 'kalifornien', ',', 'kalifornien', ',', 'kalifornien', ',', 'kalifornien', ',', 'kalifornien', ',', 'kalifornien', ',', 'kalifornien', ',', 'kalifornien', ',', 'kalifornien', ',', 'kalifornien', ',', 'kalifornien', '.']
2020-08-10 05:08:34,794 	Source:     hi , i &apos;m looking for a restaurant inside the arden fair mall in san francisco , california .
2020-08-10 05:08:34,794 	Reference:  hallo , ich bin auf der suche nach einem restaurant im arden fair einkaufszentrum in san francisco , kalifornien .
2020-08-10 05:08:34,794 	Hypothesis: hallo , ich suche ein restaurant in san francisco , kalifornien , kalifornien , kalifornien , kalifornien , kalifornien , kalifornien , kalifornien , kalifornien , kalifornien , kalifornien , kalifornien , kalifornien , kalifornien , kalifornien .
2020-08-10 05:08:34,794 Example #3
2020-08-10 05:08:34,794 	Raw source:     ['ok', ',', 'what', 'type', 'of', 'restaurant', 'are', 'you', 'looking', 'for', '?']
2020-08-10 05:08:34,794 	Raw hypothesis: ['ok', ',', 'welche', 'art', 'von', 'restaurant', 'möchten', 'sie', '?']
2020-08-10 05:08:34,794 	Source:     ok , what type of restaurant are you looking for ?
2020-08-10 05:08:34,794 	Reference:  ok . welche art von restaurant suchen sie denn genau ?
2020-08-10 05:08:34,794 	Hypothesis: ok , welche art von restaurant möchten sie ?
2020-08-10 05:08:34,794 Validation result (greedy) at epoch   7, step     1200: bleu:  16.23, loss: 17415.6035, ppl:  15.1984, duration: 23.6035s
2020-08-10 05:08:40,565 Epoch   7 Step:     1300 Batch Loss:     2.469317 Tokens per Sec:     5882, Lr: 0.000200
2020-08-10 05:08:41,752 Epoch   7: total training loss 367.46
2020-08-10 05:08:41,752 EPOCH 8
2020-08-10 05:08:46,291 Epoch   8 Step:     1400 Batch Loss:     0.967092 Tokens per Sec:     5964, Lr: 0.000200
2020-08-10 05:09:03,991 Hooray! New best validation result [ppl]!
2020-08-10 05:09:03,991 Saving new checkpoint.
2020-08-10 05:09:05,282 Example #0
2020-08-10 05:09:05,283 	Raw source:     ['hello', '.']
2020-08-10 05:09:05,283 	Raw hypothesis: ['hallo', '.']
2020-08-10 05:09:05,283 	Source:     hello .
2020-08-10 05:09:05,283 	Reference:  hallo ,
2020-08-10 05:09:05,283 	Hypothesis: hallo .
2020-08-10 05:09:05,283 Example #1
2020-08-10 05:09:05,283 	Raw source:     ['hi', ',', 'how', 'can', 'i', 'help', 'you', '?']
2020-08-10 05:09:05,283 	Raw hypothesis: ['hallo', ',', 'wie', 'kann', 'ich', 'ihnen', 'helfen', '?']
2020-08-10 05:09:05,283 	Source:     hi , how can i help you ?
2020-08-10 05:09:05,283 	Reference:  hallo , wie kann ich ihnen helfen ?
2020-08-10 05:09:05,283 	Hypothesis: hallo , wie kann ich ihnen helfen ?
2020-08-10 05:09:05,283 Example #2
2020-08-10 05:09:05,283 	Raw source:     ['hi', ',', 'i', '&apos;m', 'looking', 'for', 'a', 'restaurant', 'inside', 'the', 'arden', 'fair', 'mall', 'in', 'san', 'francisco', ',', 'california', '.']
2020-08-10 05:09:05,283 	Raw hypothesis: ['hallo', ',', 'ich', 'suche', 'ein', 'restaurant', 'in', 'san', 'francisco', ',', 'kalifornien', ',', 'kalifornien', ',', 'kalifornien', ',', 'kalifornien', ',', 'kalifornien', ',', 'kalifornien', ',', 'kalifornien', ',', 'kalifornien', ',', 'kalifornien', ',', 'kalifornien', ',', 'kalifornien', ',', 'kalifornien', ',', 'kalifornien', ',', 'kalifornien', ',', 'kalifornien', '.']
2020-08-10 05:09:05,283 	Source:     hi , i &apos;m looking for a restaurant inside the arden fair mall in san francisco , california .
2020-08-10 05:09:05,283 	Reference:  hallo , ich bin auf der suche nach einem restaurant im arden fair einkaufszentrum in san francisco , kalifornien .
2020-08-10 05:09:05,283 	Hypothesis: hallo , ich suche ein restaurant in san francisco , kalifornien , kalifornien , kalifornien , kalifornien , kalifornien , kalifornien , kalifornien , kalifornien , kalifornien , kalifornien , kalifornien , kalifornien , kalifornien , kalifornien , kalifornien .
2020-08-10 05:09:05,283 Example #3
2020-08-10 05:09:05,284 	Raw source:     ['ok', ',', 'what', 'type', 'of', 'restaurant', 'are', 'you', 'looking', 'for', '?']
2020-08-10 05:09:05,284 	Raw hypothesis: ['ok', ',', 'welche', 'art', 'von', 'restaurant', 'möchten', 'sie', '?']
2020-08-10 05:09:05,284 	Source:     ok , what type of restaurant are you looking for ?
2020-08-10 05:09:05,284 	Reference:  ok . welche art von restaurant suchen sie denn genau ?
2020-08-10 05:09:05,284 	Hypothesis: ok , welche art von restaurant möchten sie ?
2020-08-10 05:09:05,284 Validation result (greedy) at epoch   8, step     1400: bleu:  19.26, loss: 16704.3359, ppl:  13.5998, duration: 18.9929s
2020-08-10 05:09:10,987 Epoch   8 Step:     1500 Batch Loss:     2.139937 Tokens per Sec:     5897, Lr: 0.000200
2020-08-10 05:09:11,555 Epoch   8: total training loss 318.04
2020-08-10 05:09:11,555 EPOCH 9
2020-08-10 05:09:16,699 Epoch   9 Step:     1600 Batch Loss:     1.368807 Tokens per Sec:     5997, Lr: 0.000200
2020-08-10 05:09:34,377 Hooray! New best validation result [ppl]!
2020-08-10 05:09:34,377 Saving new checkpoint.
2020-08-10 05:09:35,651 Example #0
2020-08-10 05:09:35,651 	Raw source:     ['hello', '.']
2020-08-10 05:09:35,651 	Raw hypothesis: ['hallo', '.']
2020-08-10 05:09:35,651 	Source:     hello .
2020-08-10 05:09:35,651 	Reference:  hallo ,
2020-08-10 05:09:35,652 	Hypothesis: hallo .
2020-08-10 05:09:35,652 Example #1
2020-08-10 05:09:35,652 	Raw source:     ['hi', ',', 'how', 'can', 'i', 'help', 'you', '?']
2020-08-10 05:09:35,652 	Raw hypothesis: ['hallo', ',', 'wie', 'kann', 'ich', 'ihnen', 'helfen', '?']
2020-08-10 05:09:35,652 	Source:     hi , how can i help you ?
2020-08-10 05:09:35,652 	Reference:  hallo , wie kann ich ihnen helfen ?
2020-08-10 05:09:35,652 	Hypothesis: hallo , wie kann ich ihnen helfen ?
2020-08-10 05:09:35,652 Example #2
2020-08-10 05:09:35,652 	Raw source:     ['hi', ',', 'i', '&apos;m', 'looking', 'for', 'a', 'restaurant', 'inside', 'the', 'arden', 'fair', 'mall', 'in', 'san', 'francisco', ',', 'california', '.']
2020-08-10 05:09:35,652 	Raw hypothesis: ['hallo', ',', 'ich', 'suche', 'ein', 'restaurant', 'in', 'san', 'francisco', ',', 'kalifornien', '.']
2020-08-10 05:09:35,652 	Source:     hi , i &apos;m looking for a restaurant inside the arden fair mall in san francisco , california .
2020-08-10 05:09:35,652 	Reference:  hallo , ich bin auf der suche nach einem restaurant im arden fair einkaufszentrum in san francisco , kalifornien .
2020-08-10 05:09:35,652 	Hypothesis: hallo , ich suche ein restaurant in san francisco , kalifornien .
2020-08-10 05:09:35,652 Example #3
2020-08-10 05:09:35,652 	Raw source:     ['ok', ',', 'what', 'type', 'of', 'restaurant', 'are', 'you', 'looking', 'for', '?']
2020-08-10 05:09:35,652 	Raw hypothesis: ['ok', ',', 'nach', 'welcher', 'art', 'von', 'restaurant', 'suchen', 'sie', '?']
2020-08-10 05:09:35,652 	Source:     ok , what type of restaurant are you looking for ?
2020-08-10 05:09:35,652 	Reference:  ok . welche art von restaurant suchen sie denn genau ?
2020-08-10 05:09:35,652 	Hypothesis: ok , nach welcher art von restaurant suchen sie ?
2020-08-10 05:09:35,652 Validation result (greedy) at epoch   9, step     1600: bleu:  22.48, loss: 16295.0947, ppl:  12.7574, duration: 18.9526s
2020-08-10 05:09:41,200 Epoch   9: total training loss 272.20
2020-08-10 05:09:41,200 EPOCH 10
2020-08-10 05:09:41,381 Epoch  10 Step:     1700 Batch Loss:     1.745391 Tokens per Sec:     6289, Lr: 0.000200
2020-08-10 05:09:47,211 Epoch  10 Step:     1800 Batch Loss:     1.817602 Tokens per Sec:     5813, Lr: 0.000200
2020-08-10 05:10:02,166 Hooray! New best validation result [ppl]!
2020-08-10 05:10:02,166 Saving new checkpoint.
2020-08-10 05:10:03,441 Example #0
2020-08-10 05:10:03,441 	Raw source:     ['hello', '.']
2020-08-10 05:10:03,441 	Raw hypothesis: ['hallo', '.']
2020-08-10 05:10:03,441 	Source:     hello .
2020-08-10 05:10:03,441 	Reference:  hallo ,
2020-08-10 05:10:03,441 	Hypothesis: hallo .
2020-08-10 05:10:03,441 Example #1
2020-08-10 05:10:03,441 	Raw source:     ['hi', ',', 'how', 'can', 'i', 'help', 'you', '?']
2020-08-10 05:10:03,441 	Raw hypothesis: ['hallo', ',', 'wie', 'kann', 'ich', 'ihnen', 'helfen', '?']
2020-08-10 05:10:03,441 	Source:     hi , how can i help you ?
2020-08-10 05:10:03,441 	Reference:  hallo , wie kann ich ihnen helfen ?
2020-08-10 05:10:03,441 	Hypothesis: hallo , wie kann ich ihnen helfen ?
2020-08-10 05:10:03,441 Example #2
2020-08-10 05:10:03,441 	Raw source:     ['hi', ',', 'i', '&apos;m', 'looking', 'for', 'a', 'restaurant', 'inside', 'the', 'arden', 'fair', 'mall', 'in', 'san', 'francisco', ',', 'california', '.']
2020-08-10 05:10:03,441 	Raw hypothesis: ['hallo', ',', 'ich', 'suche', 'ein', 'restaurant', 'in', 'san', 'francisco', ',', 'kalifornien', ',', 'in', 'san', 'francisco', ',', 'kalifornien', ',', 'kalifornien', ',', 'in', 'san', 'francisco', ',', 'kalifornien', ',', 'kalifornien', '.']
2020-08-10 05:10:03,441 	Source:     hi , i &apos;m looking for a restaurant inside the arden fair mall in san francisco , california .
2020-08-10 05:10:03,441 	Reference:  hallo , ich bin auf der suche nach einem restaurant im arden fair einkaufszentrum in san francisco , kalifornien .
2020-08-10 05:10:03,442 	Hypothesis: hallo , ich suche ein restaurant in san francisco , kalifornien , in san francisco , kalifornien , kalifornien , in san francisco , kalifornien , kalifornien .
2020-08-10 05:10:03,442 Example #3
2020-08-10 05:10:03,442 	Raw source:     ['ok', ',', 'what', 'type', 'of', 'restaurant', 'are', 'you', 'looking', 'for', '?']
2020-08-10 05:10:03,442 	Raw hypothesis: ['ok', ',', 'welche', 'art', 'von', 'restaurant', 'suchen', 'sie', '?']
2020-08-10 05:10:03,442 	Source:     ok , what type of restaurant are you looking for ?
2020-08-10 05:10:03,442 	Reference:  ok . welche art von restaurant suchen sie denn genau ?
2020-08-10 05:10:03,442 	Hypothesis: ok , welche art von restaurant suchen sie ?
2020-08-10 05:10:03,442 Validation result (greedy) at epoch  10, step     1800: bleu:  23.77, loss: 16138.2002, ppl:  12.4484, duration: 16.2307s
2020-08-10 05:10:08,394 Epoch  10: total training loss 239.54
2020-08-10 05:10:08,394 EPOCH 11
2020-08-10 05:10:09,262 Epoch  11 Step:     1900 Batch Loss:     1.234746 Tokens per Sec:     5679, Lr: 0.000200
2020-08-10 05:10:15,013 Epoch  11 Step:     2000 Batch Loss:     0.593417 Tokens per Sec:     5967, Lr: 0.000200
2020-08-10 05:10:27,988 Example #0
2020-08-10 05:10:27,988 	Raw source:     ['hello', '.']
2020-08-10 05:10:27,988 	Raw hypothesis: ['hallo', '.']
2020-08-10 05:10:27,988 	Source:     hello .
2020-08-10 05:10:27,988 	Reference:  hallo ,
2020-08-10 05:10:27,988 	Hypothesis: hallo .
2020-08-10 05:10:27,988 Example #1
2020-08-10 05:10:27,988 	Raw source:     ['hi', ',', 'how', 'can', 'i', 'help', 'you', '?']
2020-08-10 05:10:27,988 	Raw hypothesis: ['hallo', ',', 'wie', 'kann', 'ich', 'ihnen', 'helfen', '?']
2020-08-10 05:10:27,988 	Source:     hi , how can i help you ?
2020-08-10 05:10:27,988 	Reference:  hallo , wie kann ich ihnen helfen ?
2020-08-10 05:10:27,988 	Hypothesis: hallo , wie kann ich ihnen helfen ?
2020-08-10 05:10:27,988 Example #2
2020-08-10 05:10:27,988 	Raw source:     ['hi', ',', 'i', '&apos;m', 'looking', 'for', 'a', 'restaurant', 'inside', 'the', 'arden', 'fair', 'mall', 'in', 'san', 'francisco', ',', 'california', '.']
2020-08-10 05:10:27,988 	Raw hypothesis: ['hallo', ',', 'ich', 'suche', 'ein', 'restaurant', 'in', 'san', 'francisco', ',', 'kalifornien', ',', 'in', 'san', 'francisco', ',', 'kalifornien', ',', 'kalifornien', ',', 'finden', '.']
2020-08-10 05:10:27,988 	Source:     hi , i &apos;m looking for a restaurant inside the arden fair mall in san francisco , california .
2020-08-10 05:10:27,988 	Reference:  hallo , ich bin auf der suche nach einem restaurant im arden fair einkaufszentrum in san francisco , kalifornien .
2020-08-10 05:10:27,988 	Hypothesis: hallo , ich suche ein restaurant in san francisco , kalifornien , in san francisco , kalifornien , kalifornien , finden .
2020-08-10 05:10:27,989 Example #3
2020-08-10 05:10:27,989 	Raw source:     ['ok', ',', 'what', 'type', 'of', 'restaurant', 'are', 'you', 'looking', 'for', '?']
2020-08-10 05:10:27,989 	Raw hypothesis: ['ok', ',', 'nach', 'welcher', 'art', 'von', 'restaurant', 'suchen', 'sie', '?']
2020-08-10 05:10:27,989 	Source:     ok , what type of restaurant are you looking for ?
2020-08-10 05:10:27,989 	Reference:  ok . welche art von restaurant suchen sie denn genau ?
2020-08-10 05:10:27,989 	Hypothesis: ok , nach welcher art von restaurant suchen sie ?
2020-08-10 05:10:27,989 Validation result (greedy) at epoch  11, step     2000: bleu:  26.77, loss: 16182.5762, ppl:  12.5350, duration: 12.9751s
2020-08-10 05:10:32,145 Epoch  11: total training loss 212.28
2020-08-10 05:10:32,145 EPOCH 12
2020-08-10 05:10:33,703 Epoch  12 Step:     2100 Batch Loss:     0.480767 Tokens per Sec:     6044, Lr: 0.000200
2020-08-10 05:10:39,384 Epoch  12 Step:     2200 Batch Loss:     0.840636 Tokens per Sec:     5932, Lr: 0.000200
2020-08-10 05:10:51,184 Hooray! New best validation result [ppl]!
2020-08-10 05:10:51,184 Saving new checkpoint.
2020-08-10 05:10:52,485 Example #0
2020-08-10 05:10:52,485 	Raw source:     ['hello', '.']
2020-08-10 05:10:52,485 	Raw hypothesis: ['hallo', '.']
2020-08-10 05:10:52,485 	Source:     hello .
2020-08-10 05:10:52,485 	Reference:  hallo ,
2020-08-10 05:10:52,485 	Hypothesis: hallo .
2020-08-10 05:10:52,485 Example #1
2020-08-10 05:10:52,485 	Raw source:     ['hi', ',', 'how', 'can', 'i', 'help', 'you', '?']
2020-08-10 05:10:52,485 	Raw hypothesis: ['hallo', ',', 'wie', 'kann', 'ich', 'ihnen', 'helfen', '?']
2020-08-10 05:10:52,485 	Source:     hi , how can i help you ?
2020-08-10 05:10:52,485 	Reference:  hallo , wie kann ich ihnen helfen ?
2020-08-10 05:10:52,485 	Hypothesis: hallo , wie kann ich ihnen helfen ?
2020-08-10 05:10:52,485 Example #2
2020-08-10 05:10:52,485 	Raw source:     ['hi', ',', 'i', '&apos;m', 'looking', 'for', 'a', 'restaurant', 'inside', 'the', 'arden', 'fair', 'mall', 'in', 'san', 'francisco', ',', 'california', '.']
2020-08-10 05:10:52,485 	Raw hypothesis: ['hallo', ',', 'ich', 'suche', 'ein', 'restaurant', 'in', 'san', 'francisco', ',', 'kalifornien', ',', 'in', 'san', 'francisco', ',', 'kalifornien', ',', 'kalifornien', ',', 'in', 'san', 'francisco', ',', 'kalifornien', ',', 'kalifornien', '.']
2020-08-10 05:10:52,485 	Source:     hi , i &apos;m looking for a restaurant inside the arden fair mall in san francisco , california .
2020-08-10 05:10:52,485 	Reference:  hallo , ich bin auf der suche nach einem restaurant im arden fair einkaufszentrum in san francisco , kalifornien .
2020-08-10 05:10:52,485 	Hypothesis: hallo , ich suche ein restaurant in san francisco , kalifornien , in san francisco , kalifornien , kalifornien , in san francisco , kalifornien , kalifornien .
2020-08-10 05:10:52,486 Example #3
2020-08-10 05:10:52,486 	Raw source:     ['ok', ',', 'what', 'type', 'of', 'restaurant', 'are', 'you', 'looking', 'for', '?']
2020-08-10 05:10:52,486 	Raw hypothesis: ['ok', ',', 'nach', 'welcher', 'art', 'von', 'restaurant', 'suchen', 'sie', '?']
2020-08-10 05:10:52,486 	Source:     ok , what type of restaurant are you looking for ?
2020-08-10 05:10:52,486 	Reference:  ok . welche art von restaurant suchen sie denn genau ?
2020-08-10 05:10:52,486 	Hypothesis: ok , nach welcher art von restaurant suchen sie ?
2020-08-10 05:10:52,486 Validation result (greedy) at epoch  12, step     2200: bleu:  27.36, loss: 15866.4580, ppl:  11.9309, duration: 13.1016s
2020-08-10 05:10:56,107 Epoch  12: total training loss 185.38
2020-08-10 05:10:56,107 EPOCH 13
2020-08-10 05:10:58,266 Epoch  13 Step:     2300 Batch Loss:     0.430945 Tokens per Sec:     5733, Lr: 0.000200
2020-08-10 05:11:03,964 Epoch  13 Step:     2400 Batch Loss:     0.282452 Tokens per Sec:     6098, Lr: 0.000200
2020-08-10 05:11:15,027 Example #0
2020-08-10 05:11:15,027 	Raw source:     ['hello', '.']
2020-08-10 05:11:15,027 	Raw hypothesis: ['hallo', '.']
2020-08-10 05:11:15,027 	Source:     hello .
2020-08-10 05:11:15,027 	Reference:  hallo ,
2020-08-10 05:11:15,027 	Hypothesis: hallo .
2020-08-10 05:11:15,027 Example #1
2020-08-10 05:11:15,027 	Raw source:     ['hi', ',', 'how', 'can', 'i', 'help', 'you', '?']
2020-08-10 05:11:15,027 	Raw hypothesis: ['hallo', ',', 'wie', 'kann', 'ich', 'ihnen', 'helfen', '?']
2020-08-10 05:11:15,027 	Source:     hi , how can i help you ?
2020-08-10 05:11:15,027 	Reference:  hallo , wie kann ich ihnen helfen ?
2020-08-10 05:11:15,027 	Hypothesis: hallo , wie kann ich ihnen helfen ?
2020-08-10 05:11:15,027 Example #2
2020-08-10 05:11:15,028 	Raw source:     ['hi', ',', 'i', '&apos;m', 'looking', 'for', 'a', 'restaurant', 'inside', 'the', 'arden', 'fair', 'mall', 'in', 'san', 'francisco', ',', 'california', '.']
2020-08-10 05:11:15,028 	Raw hypothesis: ['hallo', ',', 'ich', 'suche', 'ein', 'restaurant', 'in', 'san', 'francisco', ',', 'kalifornien', ',', 'in', 'san', 'francisco', ',', 'kalifornien', ',', 'finden', '.']
2020-08-10 05:11:15,028 	Source:     hi , i &apos;m looking for a restaurant inside the arden fair mall in san francisco , california .
2020-08-10 05:11:15,028 	Reference:  hallo , ich bin auf der suche nach einem restaurant im arden fair einkaufszentrum in san francisco , kalifornien .
2020-08-10 05:11:15,028 	Hypothesis: hallo , ich suche ein restaurant in san francisco , kalifornien , in san francisco , kalifornien , finden .
2020-08-10 05:11:15,028 Example #3
2020-08-10 05:11:15,028 	Raw source:     ['ok', ',', 'what', 'type', 'of', 'restaurant', 'are', 'you', 'looking', 'for', '?']
2020-08-10 05:11:15,028 	Raw hypothesis: ['ok', ',', 'nach', 'welcher', 'art', 'von', 'restaurant', 'suchen', 'sie', '?']
2020-08-10 05:11:15,028 	Source:     ok , what type of restaurant are you looking for ?
2020-08-10 05:11:15,028 	Reference:  ok . welche art von restaurant suchen sie denn genau ?
2020-08-10 05:11:15,028 	Hypothesis: ok , nach welcher art von restaurant suchen sie ?
2020-08-10 05:11:15,028 Validation result (greedy) at epoch  13, step     2400: bleu:  28.71, loss: 16002.7510, ppl:  12.1877, duration: 11.0636s
2020-08-10 05:11:17,862 Epoch  13: total training loss 158.41
2020-08-10 05:11:17,863 EPOCH 14
2020-08-10 05:11:20,807 Epoch  14 Step:     2500 Batch Loss:     0.451792 Tokens per Sec:     5897, Lr: 0.000200
2020-08-10 05:11:26,562 Epoch  14 Step:     2600 Batch Loss:     1.043745 Tokens per Sec:     5982, Lr: 0.000200
2020-08-10 05:11:41,000 Example #0
2020-08-10 05:11:41,000 	Raw source:     ['hello', '.']
2020-08-10 05:11:41,000 	Raw hypothesis: ['hallo', '.']
2020-08-10 05:11:41,000 	Source:     hello .
2020-08-10 05:11:41,000 	Reference:  hallo ,
2020-08-10 05:11:41,001 	Hypothesis: hallo .
2020-08-10 05:11:41,001 Example #1
2020-08-10 05:11:41,001 	Raw source:     ['hi', ',', 'how', 'can', 'i', 'help', 'you', '?']
2020-08-10 05:11:41,001 	Raw hypothesis: ['hallo', ',', 'wie', 'kann', 'ich', 'ihnen', 'helfen', '?']
2020-08-10 05:11:41,001 	Source:     hi , how can i help you ?
2020-08-10 05:11:41,001 	Reference:  hallo , wie kann ich ihnen helfen ?
2020-08-10 05:11:41,001 	Hypothesis: hallo , wie kann ich ihnen helfen ?
2020-08-10 05:11:41,001 Example #2
2020-08-10 05:11:41,001 	Raw source:     ['hi', ',', 'i', '&apos;m', 'looking', 'for', 'a', 'restaurant', 'inside', 'the', 'arden', 'fair', 'mall', 'in', 'san', 'francisco', ',', 'california', '.']
2020-08-10 05:11:41,001 	Raw hypothesis: ['hallo', ',', 'ich', 'suche', 'ein', 'restaurant', 'in', 'san', 'francisco', ',', 'kalifornien', '.']
2020-08-10 05:11:41,001 	Source:     hi , i &apos;m looking for a restaurant inside the arden fair mall in san francisco , california .
2020-08-10 05:11:41,001 	Reference:  hallo , ich bin auf der suche nach einem restaurant im arden fair einkaufszentrum in san francisco , kalifornien .
2020-08-10 05:11:41,001 	Hypothesis: hallo , ich suche ein restaurant in san francisco , kalifornien .
2020-08-10 05:11:41,001 Example #3
2020-08-10 05:11:41,001 	Raw source:     ['ok', ',', 'what', 'type', 'of', 'restaurant', 'are', 'you', 'looking', 'for', '?']
2020-08-10 05:11:41,001 	Raw hypothesis: ['ok', ',', 'nach', 'welcher', 'art', 'von', 'restaurant', 'suchen', 'sie', '?']
2020-08-10 05:11:41,001 	Source:     ok , what type of restaurant are you looking for ?
2020-08-10 05:11:41,001 	Reference:  ok . welche art von restaurant suchen sie denn genau ?
2020-08-10 05:11:41,001 	Hypothesis: ok , nach welcher art von restaurant suchen sie ?
2020-08-10 05:11:41,001 Validation result (greedy) at epoch  14, step     2600: bleu:  28.09, loss: 16081.2832, ppl:  12.3382, duration: 14.4396s
2020-08-10 05:11:43,111 Epoch  14: total training loss 137.80
2020-08-10 05:11:43,111 EPOCH 15
2020-08-10 05:11:46,686 Epoch  15 Step:     2700 Batch Loss:     0.544983 Tokens per Sec:     5887, Lr: 0.000200
2020-08-10 05:11:52,389 Epoch  15 Step:     2800 Batch Loss:     1.039327 Tokens per Sec:     5925, Lr: 0.000200
2020-08-10 05:12:03,726 Example #0
2020-08-10 05:12:03,726 	Raw source:     ['hello', '.']
2020-08-10 05:12:03,726 	Raw hypothesis: ['hallo', '.']
2020-08-10 05:12:03,726 	Source:     hello .
2020-08-10 05:12:03,726 	Reference:  hallo ,
2020-08-10 05:12:03,726 	Hypothesis: hallo .
2020-08-10 05:12:03,726 Example #1
2020-08-10 05:12:03,726 	Raw source:     ['hi', ',', 'how', 'can', 'i', 'help', 'you', '?']
2020-08-10 05:12:03,726 	Raw hypothesis: ['hallo', ',', 'wie', 'kann', 'ich', 'ihnen', 'helfen', '?']
2020-08-10 05:12:03,726 	Source:     hi , how can i help you ?
2020-08-10 05:12:03,726 	Reference:  hallo , wie kann ich ihnen helfen ?
2020-08-10 05:12:03,727 	Hypothesis: hallo , wie kann ich ihnen helfen ?
2020-08-10 05:12:03,727 Example #2
2020-08-10 05:12:03,727 	Raw source:     ['hi', ',', 'i', '&apos;m', 'looking', 'for', 'a', 'restaurant', 'inside', 'the', 'arden', 'fair', 'mall', 'in', 'san', 'francisco', ',', 'california', '.']
2020-08-10 05:12:03,727 	Raw hypothesis: ['hallo', ',', 'ich', 'suche', 'ein', 'restaurant', 'in', 'san', 'francisco', ',', 'kalifornien', ',', 'in', 'san', 'francisco', ',', 'kalifornien', ',', 'finden', '.']
2020-08-10 05:12:03,727 	Source:     hi , i &apos;m looking for a restaurant inside the arden fair mall in san francisco , california .
2020-08-10 05:12:03,727 	Reference:  hallo , ich bin auf der suche nach einem restaurant im arden fair einkaufszentrum in san francisco , kalifornien .
2020-08-10 05:12:03,727 	Hypothesis: hallo , ich suche ein restaurant in san francisco , kalifornien , in san francisco , kalifornien , finden .
2020-08-10 05:12:03,727 Example #3
2020-08-10 05:12:03,727 	Raw source:     ['ok', ',', 'what', 'type', 'of', 'restaurant', 'are', 'you', 'looking', 'for', '?']
2020-08-10 05:12:03,727 	Raw hypothesis: ['ok', ',', 'nach', 'welcher', 'art', 'von', 'restaurant', 'suchen', 'sie', '?']
2020-08-10 05:12:03,727 	Source:     ok , what type of restaurant are you looking for ?
2020-08-10 05:12:03,727 	Reference:  ok . welche art von restaurant suchen sie denn genau ?
2020-08-10 05:12:03,727 	Hypothesis: ok , nach welcher art von restaurant suchen sie ?
2020-08-10 05:12:03,727 Validation result (greedy) at epoch  15, step     2800: bleu:  29.40, loss: 16009.9033, ppl:  12.2014, duration: 11.3381s
2020-08-10 05:12:05,278 Epoch  15: total training loss 124.73
2020-08-10 05:12:05,278 EPOCH 16
2020-08-10 05:12:09,444 Epoch  16 Step:     2900 Batch Loss:     0.672066 Tokens per Sec:     5872, Lr: 0.000200
2020-08-10 05:12:15,130 Epoch  16 Step:     3000 Batch Loss:     0.817086 Tokens per Sec:     6002, Lr: 0.000200
2020-08-10 05:12:27,100 Example #0
2020-08-10 05:12:27,100 	Raw source:     ['hello', '.']
2020-08-10 05:12:27,100 	Raw hypothesis: ['hallo', '.']
2020-08-10 05:12:27,100 	Source:     hello .
2020-08-10 05:12:27,100 	Reference:  hallo ,
2020-08-10 05:12:27,100 	Hypothesis: hallo .
2020-08-10 05:12:27,100 Example #1
2020-08-10 05:12:27,100 	Raw source:     ['hi', ',', 'how', 'can', 'i', 'help', 'you', '?']
2020-08-10 05:12:27,100 	Raw hypothesis: ['hallo', ',', 'wie', 'kann', 'ich', 'ihnen', 'helfen', '?']
2020-08-10 05:12:27,101 	Source:     hi , how can i help you ?
2020-08-10 05:12:27,101 	Reference:  hallo , wie kann ich ihnen helfen ?
2020-08-10 05:12:27,101 	Hypothesis: hallo , wie kann ich ihnen helfen ?
2020-08-10 05:12:27,101 Example #2
2020-08-10 05:12:27,101 	Raw source:     ['hi', ',', 'i', '&apos;m', 'looking', 'for', 'a', 'restaurant', 'inside', 'the', 'arden', 'fair', 'mall', 'in', 'san', 'francisco', ',', 'california', '.']
2020-08-10 05:12:27,101 	Raw hypothesis: ['hallo', ',', 'ich', 'suche', 'ein', 'restaurant', 'in', 'san', 'francisco', ',', 'kalifornien', ',', 'in', 'san', 'francisco', ',', 'kalifornien', '.']
2020-08-10 05:12:27,101 	Source:     hi , i &apos;m looking for a restaurant inside the arden fair mall in san francisco , california .
2020-08-10 05:12:27,101 	Reference:  hallo , ich bin auf der suche nach einem restaurant im arden fair einkaufszentrum in san francisco , kalifornien .
2020-08-10 05:12:27,101 	Hypothesis: hallo , ich suche ein restaurant in san francisco , kalifornien , in san francisco , kalifornien .
2020-08-10 05:12:27,101 Example #3
2020-08-10 05:12:27,101 	Raw source:     ['ok', ',', 'what', 'type', 'of', 'restaurant', 'are', 'you', 'looking', 'for', '?']
2020-08-10 05:12:27,101 	Raw hypothesis: ['ok', ',', 'nach', 'welcher', 'art', 'von', 'restaurant', 'suchen', 'sie', '?']
2020-08-10 05:12:27,101 	Source:     ok , what type of restaurant are you looking for ?
2020-08-10 05:12:27,101 	Reference:  ok . welche art von restaurant suchen sie denn genau ?
2020-08-10 05:12:27,101 	Hypothesis: ok , nach welcher art von restaurant suchen sie ?
2020-08-10 05:12:27,101 Validation result (greedy) at epoch  16, step     3000: bleu:  29.72, loss: 15994.2363, ppl:  12.1715, duration: 11.9708s
2020-08-10 05:12:28,040 Epoch  16: total training loss 106.47
2020-08-10 05:12:28,041 EPOCH 17
2020-08-10 05:12:32,911 Epoch  17 Step:     3100 Batch Loss:     0.629794 Tokens per Sec:     5903, Lr: 0.000200
2020-08-10 05:12:38,629 Epoch  17 Step:     3200 Batch Loss:     0.578987 Tokens per Sec:     5828, Lr: 0.000200
2020-08-10 05:12:52,926 Example #0
2020-08-10 05:12:52,926 	Raw source:     ['hello', '.']
2020-08-10 05:12:52,926 	Raw hypothesis: ['hallo', ',']
2020-08-10 05:12:52,926 	Source:     hello .
2020-08-10 05:12:52,926 	Reference:  hallo ,
2020-08-10 05:12:52,926 	Hypothesis: hallo ,
2020-08-10 05:12:52,926 Example #1
2020-08-10 05:12:52,926 	Raw source:     ['hi', ',', 'how', 'can', 'i', 'help', 'you', '?']
2020-08-10 05:12:52,926 	Raw hypothesis: ['hallo', ',', 'wie', 'kann', 'ich', 'ihnen', 'helfen', '?']
2020-08-10 05:12:52,926 	Source:     hi , how can i help you ?
2020-08-10 05:12:52,926 	Reference:  hallo , wie kann ich ihnen helfen ?
2020-08-10 05:12:52,926 	Hypothesis: hallo , wie kann ich ihnen helfen ?
2020-08-10 05:12:52,926 Example #2
2020-08-10 05:12:52,926 	Raw source:     ['hi', ',', 'i', '&apos;m', 'looking', 'for', 'a', 'restaurant', 'inside', 'the', 'arden', 'fair', 'mall', 'in', 'san', 'francisco', ',', 'california', '.']
2020-08-10 05:12:52,926 	Raw hypothesis: ['hallo', ',', 'ich', 'suche', 'ein', 'restaurant', 'in', 'san', 'francisco', ',', 'kalifornien', '.']
2020-08-10 05:12:52,926 	Source:     hi , i &apos;m looking for a restaurant inside the arden fair mall in san francisco , california .
2020-08-10 05:12:52,926 	Reference:  hallo , ich bin auf der suche nach einem restaurant im arden fair einkaufszentrum in san francisco , kalifornien .
2020-08-10 05:12:52,926 	Hypothesis: hallo , ich suche ein restaurant in san francisco , kalifornien .
2020-08-10 05:12:52,926 Example #3
2020-08-10 05:12:52,927 	Raw source:     ['ok', ',', 'what', 'type', 'of', 'restaurant', 'are', 'you', 'looking', 'for', '?']
2020-08-10 05:12:52,927 	Raw hypothesis: ['ok', ',', 'nach', 'welcher', 'art', 'von', 'restaurant', 'suchen', 'sie', '?']
2020-08-10 05:12:52,927 	Source:     ok , what type of restaurant are you looking for ?
2020-08-10 05:12:52,927 	Reference:  ok . welche art von restaurant suchen sie denn genau ?
2020-08-10 05:12:52,927 	Hypothesis: ok , nach welcher art von restaurant suchen sie ?
2020-08-10 05:12:52,927 Validation result (greedy) at epoch  17, step     3200: bleu:  28.24, loss: 16193.2314, ppl:  12.5559, duration: 14.2976s
2020-08-10 05:12:53,276 Epoch  17: total training loss 93.13
2020-08-10 05:12:53,277 EPOCH 18
2020-08-10 05:12:58,709 Epoch  18 Step:     3300 Batch Loss:     0.327128 Tokens per Sec:     5822, Lr: 0.000200
2020-08-10 05:13:04,245 Epoch  18: total training loss 85.65
2020-08-10 05:13:04,245 EPOCH 19
2020-08-10 05:13:04,427 Epoch  19 Step:     3400 Batch Loss:     0.396996 Tokens per Sec:     6449, Lr: 0.000200
2020-08-10 05:13:15,005 Example #0
2020-08-10 05:13:15,005 	Raw source:     ['hello', '.']
2020-08-10 05:13:15,005 	Raw hypothesis: ['hallo', '.']
2020-08-10 05:13:15,005 	Source:     hello .
2020-08-10 05:13:15,005 	Reference:  hallo ,
2020-08-10 05:13:15,005 	Hypothesis: hallo .
2020-08-10 05:13:15,005 Example #1
2020-08-10 05:13:15,005 	Raw source:     ['hi', ',', 'how', 'can', 'i', 'help', 'you', '?']
2020-08-10 05:13:15,005 	Raw hypothesis: ['hallo', ',', 'wie', 'kann', 'ich', 'ihnen', 'helfen', '?']
2020-08-10 05:13:15,005 	Source:     hi , how can i help you ?
2020-08-10 05:13:15,005 	Reference:  hallo , wie kann ich ihnen helfen ?
2020-08-10 05:13:15,005 	Hypothesis: hallo , wie kann ich ihnen helfen ?
2020-08-10 05:13:15,006 Example #2
2020-08-10 05:13:15,006 	Raw source:     ['hi', ',', 'i', '&apos;m', 'looking', 'for', 'a', 'restaurant', 'inside', 'the', 'arden', 'fair', 'mall', 'in', 'san', 'francisco', ',', 'california', '.']
2020-08-10 05:13:15,006 	Raw hypothesis: ['hallo', ',', 'ich', 'suche', 'ein', 'restaurant', 'in', 'san', 'francisco', ',', 'kalifornien', '.']
2020-08-10 05:13:15,006 	Source:     hi , i &apos;m looking for a restaurant inside the arden fair mall in san francisco , california .
2020-08-10 05:13:15,006 	Reference:  hallo , ich bin auf der suche nach einem restaurant im arden fair einkaufszentrum in san francisco , kalifornien .
2020-08-10 05:13:15,006 	Hypothesis: hallo , ich suche ein restaurant in san francisco , kalifornien .
2020-08-10 05:13:15,006 Example #3
2020-08-10 05:13:15,006 	Raw source:     ['ok', ',', 'what', 'type', 'of', 'restaurant', 'are', 'you', 'looking', 'for', '?']
2020-08-10 05:13:15,006 	Raw hypothesis: ['ok', ',', 'nach', 'welcher', 'art', 'von', 'restaurant', 'suchen', 'sie', '?']
2020-08-10 05:13:15,006 	Source:     ok , what type of restaurant are you looking for ?
2020-08-10 05:13:15,006 	Reference:  ok . welche art von restaurant suchen sie denn genau ?
2020-08-10 05:13:15,006 	Hypothesis: ok , nach welcher art von restaurant suchen sie ?
2020-08-10 05:13:15,006 Validation result (greedy) at epoch  19, step     3400: bleu:  32.05, loss: 16322.5762, ppl:  12.8123, duration: 10.5792s
2020-08-10 05:13:20,743 Epoch  19 Step:     3500 Batch Loss:     0.369608 Tokens per Sec:     5804, Lr: 0.000200
2020-08-10 05:13:25,766 Epoch  19: total training loss 77.48
2020-08-10 05:13:25,766 EPOCH 20
2020-08-10 05:13:26,470 Epoch  20 Step:     3600 Batch Loss:     0.410654 Tokens per Sec:     5600, Lr: 0.000200
2020-08-10 05:13:37,637 Example #0
2020-08-10 05:13:37,637 	Raw source:     ['hello', '.']
2020-08-10 05:13:37,637 	Raw hypothesis: ['hallo', '.']
2020-08-10 05:13:37,637 	Source:     hello .
2020-08-10 05:13:37,637 	Reference:  hallo ,
2020-08-10 05:13:37,637 	Hypothesis: hallo .
2020-08-10 05:13:37,637 Example #1
2020-08-10 05:13:37,637 	Raw source:     ['hi', ',', 'how', 'can', 'i', 'help', 'you', '?']
2020-08-10 05:13:37,637 	Raw hypothesis: ['hallo', ',', 'wie', 'kann', 'ich', 'ihnen', 'helfen', '?']
2020-08-10 05:13:37,637 	Source:     hi , how can i help you ?
2020-08-10 05:13:37,637 	Reference:  hallo , wie kann ich ihnen helfen ?
2020-08-10 05:13:37,637 	Hypothesis: hallo , wie kann ich ihnen helfen ?
2020-08-10 05:13:37,637 Example #2
2020-08-10 05:13:37,638 	Raw source:     ['hi', ',', 'i', '&apos;m', 'looking', 'for', 'a', 'restaurant', 'inside', 'the', 'arden', 'fair', 'mall', 'in', 'san', 'francisco', ',', 'california', '.']
2020-08-10 05:13:37,638 	Raw hypothesis: ['hallo', ',', 'ich', 'suche', 'ein', 'restaurant', 'in', 'san', 'francisco', ',', 'kalifornien', ',', 'finden', '.']
2020-08-10 05:13:37,638 	Source:     hi , i &apos;m looking for a restaurant inside the arden fair mall in san francisco , california .
2020-08-10 05:13:37,638 	Reference:  hallo , ich bin auf der suche nach einem restaurant im arden fair einkaufszentrum in san francisco , kalifornien .
2020-08-10 05:13:37,638 	Hypothesis: hallo , ich suche ein restaurant in san francisco , kalifornien , finden .
2020-08-10 05:13:37,638 Example #3
2020-08-10 05:13:37,638 	Raw source:     ['ok', ',', 'what', 'type', 'of', 'restaurant', 'are', 'you', 'looking', 'for', '?']
2020-08-10 05:13:37,638 	Raw hypothesis: ['ok', ',', 'nach', 'welcher', 'art', 'von', 'restaurant', 'suchen', 'sie', '?']
2020-08-10 05:13:37,638 	Source:     ok , what type of restaurant are you looking for ?
2020-08-10 05:13:37,638 	Reference:  ok . welche art von restaurant suchen sie denn genau ?
2020-08-10 05:13:37,638 	Hypothesis: ok , nach welcher art von restaurant suchen sie ?
2020-08-10 05:13:37,638 Validation result (greedy) at epoch  20, step     3600: bleu:  29.47, loss: 16437.3594, ppl:  13.0441, duration: 11.1675s
2020-08-10 05:13:43,345 Epoch  20 Step:     3700 Batch Loss:     0.292223 Tokens per Sec:     6007, Lr: 0.000200
2020-08-10 05:13:47,722 Epoch  20: total training loss 71.12
2020-08-10 05:13:47,722 Training ended after  20 epochs.
2020-08-10 05:13:47,722 Best validation result (greedy) at step     2200:  11.93 ppl.
