2020-08-10 14:28:47,744 Hello! This is Joey-NMT.
2020-08-10 14:28:49,061 Total params: 9944832
2020-08-10 14:28:49,062 Trainable parameters: ['decoder.layer_norm.bias', 'decoder.layer_norm.weight', 'decoder.layers.0.dec_layer_norm.bias', 'decoder.layers.0.dec_layer_norm.weight', 'decoder.layers.0.feed_forward.layer_norm.bias', 'decoder.layers.0.feed_forward.layer_norm.weight', 'decoder.layers.0.feed_forward.pwff_layer.0.bias', 'decoder.layers.0.feed_forward.pwff_layer.0.weight', 'decoder.layers.0.feed_forward.pwff_layer.3.bias', 'decoder.layers.0.feed_forward.pwff_layer.3.weight', 'decoder.layers.0.src_trg_att.k_layer.bias', 'decoder.layers.0.src_trg_att.k_layer.weight', 'decoder.layers.0.src_trg_att.output_layer.bias', 'decoder.layers.0.src_trg_att.output_layer.weight', 'decoder.layers.0.src_trg_att.q_layer.bias', 'decoder.layers.0.src_trg_att.q_layer.weight', 'decoder.layers.0.src_trg_att.v_layer.bias', 'decoder.layers.0.src_trg_att.v_layer.weight', 'decoder.layers.0.trg_trg_att.k_layer.bias', 'decoder.layers.0.trg_trg_att.k_layer.weight', 'decoder.layers.0.trg_trg_att.output_layer.bias', 'decoder.layers.0.trg_trg_att.output_layer.weight', 'decoder.layers.0.trg_trg_att.q_layer.bias', 'decoder.layers.0.trg_trg_att.q_layer.weight', 'decoder.layers.0.trg_trg_att.v_layer.bias', 'decoder.layers.0.trg_trg_att.v_layer.weight', 'decoder.layers.0.x_layer_norm.bias', 'decoder.layers.0.x_layer_norm.weight', 'decoder.layers.1.dec_layer_norm.bias', 'decoder.layers.1.dec_layer_norm.weight', 'decoder.layers.1.feed_forward.layer_norm.bias', 'decoder.layers.1.feed_forward.layer_norm.weight', 'decoder.layers.1.feed_forward.pwff_layer.0.bias', 'decoder.layers.1.feed_forward.pwff_layer.0.weight', 'decoder.layers.1.feed_forward.pwff_layer.3.bias', 'decoder.layers.1.feed_forward.pwff_layer.3.weight', 'decoder.layers.1.src_trg_att.k_layer.bias', 'decoder.layers.1.src_trg_att.k_layer.weight', 'decoder.layers.1.src_trg_att.output_layer.bias', 'decoder.layers.1.src_trg_att.output_layer.weight', 'decoder.layers.1.src_trg_att.q_layer.bias', 'decoder.layers.1.src_trg_att.q_layer.weight', 'decoder.layers.1.src_trg_att.v_layer.bias', 'decoder.layers.1.src_trg_att.v_layer.weight', 'decoder.layers.1.trg_trg_att.k_layer.bias', 'decoder.layers.1.trg_trg_att.k_layer.weight', 'decoder.layers.1.trg_trg_att.output_layer.bias', 'decoder.layers.1.trg_trg_att.output_layer.weight', 'decoder.layers.1.trg_trg_att.q_layer.bias', 'decoder.layers.1.trg_trg_att.q_layer.weight', 'decoder.layers.1.trg_trg_att.v_layer.bias', 'decoder.layers.1.trg_trg_att.v_layer.weight', 'decoder.layers.1.x_layer_norm.bias', 'decoder.layers.1.x_layer_norm.weight', 'decoder.layers.2.dec_layer_norm.bias', 'decoder.layers.2.dec_layer_norm.weight', 'decoder.layers.2.feed_forward.layer_norm.bias', 'decoder.layers.2.feed_forward.layer_norm.weight', 'decoder.layers.2.feed_forward.pwff_layer.0.bias', 'decoder.layers.2.feed_forward.pwff_layer.0.weight', 'decoder.layers.2.feed_forward.pwff_layer.3.bias', 'decoder.layers.2.feed_forward.pwff_layer.3.weight', 'decoder.layers.2.src_trg_att.k_layer.bias', 'decoder.layers.2.src_trg_att.k_layer.weight', 'decoder.layers.2.src_trg_att.output_layer.bias', 'decoder.layers.2.src_trg_att.output_layer.weight', 'decoder.layers.2.src_trg_att.q_layer.bias', 'decoder.layers.2.src_trg_att.q_layer.weight', 'decoder.layers.2.src_trg_att.v_layer.bias', 'decoder.layers.2.src_trg_att.v_layer.weight', 'decoder.layers.2.trg_trg_att.k_layer.bias', 'decoder.layers.2.trg_trg_att.k_layer.weight', 'decoder.layers.2.trg_trg_att.output_layer.bias', 'decoder.layers.2.trg_trg_att.output_layer.weight', 'decoder.layers.2.trg_trg_att.q_layer.bias', 'decoder.layers.2.trg_trg_att.q_layer.weight', 'decoder.layers.2.trg_trg_att.v_layer.bias', 'decoder.layers.2.trg_trg_att.v_layer.weight', 'decoder.layers.2.x_layer_norm.bias', 'decoder.layers.2.x_layer_norm.weight', 'decoder.layers.3.dec_layer_norm.bias', 'decoder.layers.3.dec_layer_norm.weight', 'decoder.layers.3.feed_forward.layer_norm.bias', 'decoder.layers.3.feed_forward.layer_norm.weight', 'decoder.layers.3.feed_forward.pwff_layer.0.bias', 'decoder.layers.3.feed_forward.pwff_layer.0.weight', 'decoder.layers.3.feed_forward.pwff_layer.3.bias', 'decoder.layers.3.feed_forward.pwff_layer.3.weight', 'decoder.layers.3.src_trg_att.k_layer.bias', 'decoder.layers.3.src_trg_att.k_layer.weight', 'decoder.layers.3.src_trg_att.output_layer.bias', 'decoder.layers.3.src_trg_att.output_layer.weight', 'decoder.layers.3.src_trg_att.q_layer.bias', 'decoder.layers.3.src_trg_att.q_layer.weight', 'decoder.layers.3.src_trg_att.v_layer.bias', 'decoder.layers.3.src_trg_att.v_layer.weight', 'decoder.layers.3.trg_trg_att.k_layer.bias', 'decoder.layers.3.trg_trg_att.k_layer.weight', 'decoder.layers.3.trg_trg_att.output_layer.bias', 'decoder.layers.3.trg_trg_att.output_layer.weight', 'decoder.layers.3.trg_trg_att.q_layer.bias', 'decoder.layers.3.trg_trg_att.q_layer.weight', 'decoder.layers.3.trg_trg_att.v_layer.bias', 'decoder.layers.3.trg_trg_att.v_layer.weight', 'decoder.layers.3.x_layer_norm.bias', 'decoder.layers.3.x_layer_norm.weight', 'decoder.layers.4.dec_layer_norm.bias', 'decoder.layers.4.dec_layer_norm.weight', 'decoder.layers.4.feed_forward.layer_norm.bias', 'decoder.layers.4.feed_forward.layer_norm.weight', 'decoder.layers.4.feed_forward.pwff_layer.0.bias', 'decoder.layers.4.feed_forward.pwff_layer.0.weight', 'decoder.layers.4.feed_forward.pwff_layer.3.bias', 'decoder.layers.4.feed_forward.pwff_layer.3.weight', 'decoder.layers.4.src_trg_att.k_layer.bias', 'decoder.layers.4.src_trg_att.k_layer.weight', 'decoder.layers.4.src_trg_att.output_layer.bias', 'decoder.layers.4.src_trg_att.output_layer.weight', 'decoder.layers.4.src_trg_att.q_layer.bias', 'decoder.layers.4.src_trg_att.q_layer.weight', 'decoder.layers.4.src_trg_att.v_layer.bias', 'decoder.layers.4.src_trg_att.v_layer.weight', 'decoder.layers.4.trg_trg_att.k_layer.bias', 'decoder.layers.4.trg_trg_att.k_layer.weight', 'decoder.layers.4.trg_trg_att.output_layer.bias', 'decoder.layers.4.trg_trg_att.output_layer.weight', 'decoder.layers.4.trg_trg_att.q_layer.bias', 'decoder.layers.4.trg_trg_att.q_layer.weight', 'decoder.layers.4.trg_trg_att.v_layer.bias', 'decoder.layers.4.trg_trg_att.v_layer.weight', 'decoder.layers.4.x_layer_norm.bias', 'decoder.layers.4.x_layer_norm.weight', 'decoder.layers.5.dec_layer_norm.bias', 'decoder.layers.5.dec_layer_norm.weight', 'decoder.layers.5.feed_forward.layer_norm.bias', 'decoder.layers.5.feed_forward.layer_norm.weight', 'decoder.layers.5.feed_forward.pwff_layer.0.bias', 'decoder.layers.5.feed_forward.pwff_layer.0.weight', 'decoder.layers.5.feed_forward.pwff_layer.3.bias', 'decoder.layers.5.feed_forward.pwff_layer.3.weight', 'decoder.layers.5.src_trg_att.k_layer.bias', 'decoder.layers.5.src_trg_att.k_layer.weight', 'decoder.layers.5.src_trg_att.output_layer.bias', 'decoder.layers.5.src_trg_att.output_layer.weight', 'decoder.layers.5.src_trg_att.q_layer.bias', 'decoder.layers.5.src_trg_att.q_layer.weight', 'decoder.layers.5.src_trg_att.v_layer.bias', 'decoder.layers.5.src_trg_att.v_layer.weight', 'decoder.layers.5.trg_trg_att.k_layer.bias', 'decoder.layers.5.trg_trg_att.k_layer.weight', 'decoder.layers.5.trg_trg_att.output_layer.bias', 'decoder.layers.5.trg_trg_att.output_layer.weight', 'decoder.layers.5.trg_trg_att.q_layer.bias', 'decoder.layers.5.trg_trg_att.q_layer.weight', 'decoder.layers.5.trg_trg_att.v_layer.bias', 'decoder.layers.5.trg_trg_att.v_layer.weight', 'decoder.layers.5.x_layer_norm.bias', 'decoder.layers.5.x_layer_norm.weight', 'encoder.layer_norm.bias', 'encoder.layer_norm.weight', 'encoder.layers.0.feed_forward.layer_norm.bias', 'encoder.layers.0.feed_forward.layer_norm.weight', 'encoder.layers.0.feed_forward.pwff_layer.0.bias', 'encoder.layers.0.feed_forward.pwff_layer.0.weight', 'encoder.layers.0.feed_forward.pwff_layer.3.bias', 'encoder.layers.0.feed_forward.pwff_layer.3.weight', 'encoder.layers.0.layer_norm.bias', 'encoder.layers.0.layer_norm.weight', 'encoder.layers.0.src_src_att.k_layer.bias', 'encoder.layers.0.src_src_att.k_layer.weight', 'encoder.layers.0.src_src_att.output_layer.bias', 'encoder.layers.0.src_src_att.output_layer.weight', 'encoder.layers.0.src_src_att.q_layer.bias', 'encoder.layers.0.src_src_att.q_layer.weight', 'encoder.layers.0.src_src_att.v_layer.bias', 'encoder.layers.0.src_src_att.v_layer.weight', 'encoder.layers.1.feed_forward.layer_norm.bias', 'encoder.layers.1.feed_forward.layer_norm.weight', 'encoder.layers.1.feed_forward.pwff_layer.0.bias', 'encoder.layers.1.feed_forward.pwff_layer.0.weight', 'encoder.layers.1.feed_forward.pwff_layer.3.bias', 'encoder.layers.1.feed_forward.pwff_layer.3.weight', 'encoder.layers.1.layer_norm.bias', 'encoder.layers.1.layer_norm.weight', 'encoder.layers.1.src_src_att.k_layer.bias', 'encoder.layers.1.src_src_att.k_layer.weight', 'encoder.layers.1.src_src_att.output_layer.bias', 'encoder.layers.1.src_src_att.output_layer.weight', 'encoder.layers.1.src_src_att.q_layer.bias', 'encoder.layers.1.src_src_att.q_layer.weight', 'encoder.layers.1.src_src_att.v_layer.bias', 'encoder.layers.1.src_src_att.v_layer.weight', 'encoder.layers.2.feed_forward.layer_norm.bias', 'encoder.layers.2.feed_forward.layer_norm.weight', 'encoder.layers.2.feed_forward.pwff_layer.0.bias', 'encoder.layers.2.feed_forward.pwff_layer.0.weight', 'encoder.layers.2.feed_forward.pwff_layer.3.bias', 'encoder.layers.2.feed_forward.pwff_layer.3.weight', 'encoder.layers.2.layer_norm.bias', 'encoder.layers.2.layer_norm.weight', 'encoder.layers.2.src_src_att.k_layer.bias', 'encoder.layers.2.src_src_att.k_layer.weight', 'encoder.layers.2.src_src_att.output_layer.bias', 'encoder.layers.2.src_src_att.output_layer.weight', 'encoder.layers.2.src_src_att.q_layer.bias', 'encoder.layers.2.src_src_att.q_layer.weight', 'encoder.layers.2.src_src_att.v_layer.bias', 'encoder.layers.2.src_src_att.v_layer.weight', 'encoder.layers.3.feed_forward.layer_norm.bias', 'encoder.layers.3.feed_forward.layer_norm.weight', 'encoder.layers.3.feed_forward.pwff_layer.0.bias', 'encoder.layers.3.feed_forward.pwff_layer.0.weight', 'encoder.layers.3.feed_forward.pwff_layer.3.bias', 'encoder.layers.3.feed_forward.pwff_layer.3.weight', 'encoder.layers.3.layer_norm.bias', 'encoder.layers.3.layer_norm.weight', 'encoder.layers.3.src_src_att.k_layer.bias', 'encoder.layers.3.src_src_att.k_layer.weight', 'encoder.layers.3.src_src_att.output_layer.bias', 'encoder.layers.3.src_src_att.output_layer.weight', 'encoder.layers.3.src_src_att.q_layer.bias', 'encoder.layers.3.src_src_att.q_layer.weight', 'encoder.layers.3.src_src_att.v_layer.bias', 'encoder.layers.3.src_src_att.v_layer.weight', 'encoder.layers.4.feed_forward.layer_norm.bias', 'encoder.layers.4.feed_forward.layer_norm.weight', 'encoder.layers.4.feed_forward.pwff_layer.0.bias', 'encoder.layers.4.feed_forward.pwff_layer.0.weight', 'encoder.layers.4.feed_forward.pwff_layer.3.bias', 'encoder.layers.4.feed_forward.pwff_layer.3.weight', 'encoder.layers.4.layer_norm.bias', 'encoder.layers.4.layer_norm.weight', 'encoder.layers.4.src_src_att.k_layer.bias', 'encoder.layers.4.src_src_att.k_layer.weight', 'encoder.layers.4.src_src_att.output_layer.bias', 'encoder.layers.4.src_src_att.output_layer.weight', 'encoder.layers.4.src_src_att.q_layer.bias', 'encoder.layers.4.src_src_att.q_layer.weight', 'encoder.layers.4.src_src_att.v_layer.bias', 'encoder.layers.4.src_src_att.v_layer.weight', 'encoder.layers.5.feed_forward.layer_norm.bias', 'encoder.layers.5.feed_forward.layer_norm.weight', 'encoder.layers.5.feed_forward.pwff_layer.0.bias', 'encoder.layers.5.feed_forward.pwff_layer.0.weight', 'encoder.layers.5.feed_forward.pwff_layer.3.bias', 'encoder.layers.5.feed_forward.pwff_layer.3.weight', 'encoder.layers.5.layer_norm.bias', 'encoder.layers.5.layer_norm.weight', 'encoder.layers.5.src_src_att.k_layer.bias', 'encoder.layers.5.src_src_att.k_layer.weight', 'encoder.layers.5.src_src_att.output_layer.bias', 'encoder.layers.5.src_src_att.output_layer.weight', 'encoder.layers.5.src_src_att.q_layer.bias', 'encoder.layers.5.src_src_att.q_layer.weight', 'encoder.layers.5.src_src_att.v_layer.bias', 'encoder.layers.5.src_src_att.v_layer.weight', 'src_embed.lut.weight', 'trg_embed.lut.weight']
2020-08-10 14:28:52,780 cfg.data.dev                       : chatnmt/multi_encoder/dev_subset.tags.bpe.10000
2020-08-10 14:28:52,781 cfg.data.level                     : bpe
2020-08-10 14:28:52,781 cfg.data.lowercase                 : False
2020-08-10 14:28:52,781 cfg.data.max_sent_length           : 100
2020-08-10 14:28:52,781 cfg.data.src                       : en
2020-08-10 14:28:52,781 cfg.data.test                      : chatnmt/multi_encoder/test.tags.bpe.10000
2020-08-10 14:28:52,781 cfg.data.train                     : chatnmt/multi_encoder/train_subset.tags.bpe.10000
2020-08-10 14:28:52,781 cfg.data.trg                       : de
2020-08-10 14:28:52,781 cfg.model.bias_initializer         : zeros
2020-08-10 14:28:52,781 cfg.model.decoder.dropout          : 0.1
2020-08-10 14:28:52,781 cfg.model.decoder.embeddings.dropout : 0.0
2020-08-10 14:28:52,781 cfg.model.decoder.embeddings.embedding_dim : 256
2020-08-10 14:28:52,781 cfg.model.decoder.embeddings.scale : True
2020-08-10 14:28:52,781 cfg.model.decoder.ff_size          : 512
2020-08-10 14:28:52,781 cfg.model.decoder.freeze           : False
2020-08-10 14:28:52,781 cfg.model.decoder.hidden_size      : 256
2020-08-10 14:28:52,782 cfg.model.decoder.num_heads        : 8
2020-08-10 14:28:52,782 cfg.model.decoder.num_layers       : 6
2020-08-10 14:28:52,782 cfg.model.decoder.type             : transformer
2020-08-10 14:28:52,782 cfg.model.embed_init_gain          : 1.0
2020-08-10 14:28:52,782 cfg.model.embed_initializer        : xavier
2020-08-10 14:28:52,782 cfg.model.encoder.dropout          : 0.3
2020-08-10 14:28:52,782 cfg.model.encoder.embeddings.dropout : 0.0
2020-08-10 14:28:52,782 cfg.model.encoder.embeddings.embedding_dim : 256
2020-08-10 14:28:52,782 cfg.model.encoder.embeddings.scale : True
2020-08-10 14:28:52,782 cfg.model.encoder.ff_size          : 512
2020-08-10 14:28:52,782 cfg.model.encoder.freeze           : False
2020-08-10 14:28:52,782 cfg.model.encoder.hidden_size      : 256
2020-08-10 14:28:52,782 cfg.model.encoder.multi_encoder    : False
2020-08-10 14:28:52,782 cfg.model.encoder.num_heads        : 8
2020-08-10 14:28:52,782 cfg.model.encoder.num_layers       : 6
2020-08-10 14:28:52,782 cfg.model.encoder.type             : transformer
2020-08-10 14:28:52,782 cfg.model.init_gain                : 1.0
2020-08-10 14:28:52,782 cfg.model.initializer              : xavier
2020-08-10 14:28:52,782 cfg.model.tied_embeddings          : False
2020-08-10 14:28:52,783 cfg.model.tied_softmax             : True
2020-08-10 14:28:52,783 cfg.name                           : transformer
2020-08-10 14:28:52,783 cfg.testing.alpha                  : 1.0
2020-08-10 14:28:52,783 cfg.testing.beam_size              : 5
2020-08-10 14:28:52,783 cfg.training.adam_betas            : [0.9, 0.999]
2020-08-10 14:28:52,783 cfg.training.batch_multiplier      : 1
2020-08-10 14:28:52,783 cfg.training.batch_size            : 1024
2020-08-10 14:28:52,783 cfg.training.batch_type            : token
2020-08-10 14:28:52,783 cfg.training.decrease_factor       : 0.7
2020-08-10 14:28:52,783 cfg.training.early_stopping_metric : ppl
2020-08-10 14:28:52,783 cfg.training.epochs                : 20
2020-08-10 14:28:52,783 cfg.training.eval_metric           : bleu
2020-08-10 14:28:52,783 cfg.training.keep_last_ckpts       : 3
2020-08-10 14:28:52,783 cfg.training.label_smoothing       : 0.1
2020-08-10 14:28:52,783 cfg.training.learning_rate         : 0.0002
2020-08-10 14:28:52,783 cfg.training.learning_rate_min     : 1e-08
2020-08-10 14:28:52,783 cfg.training.logging_freq          : 100
2020-08-10 14:28:52,783 cfg.training.loss                  : crossentropy
2020-08-10 14:28:52,784 cfg.training.max_output_length     : 100
2020-08-10 14:28:52,784 cfg.training.model_dir             : models/viznet/attempt3/8_8_0.3_256_256_1024_10_10
2020-08-10 14:28:52,784 cfg.training.normalization         : tokens
2020-08-10 14:28:52,784 cfg.training.optimizer             : adam
2020-08-10 14:28:52,784 cfg.training.overwrite             : True
2020-08-10 14:28:52,784 cfg.training.patience              : 8
2020-08-10 14:28:52,784 cfg.training.print_valid_sents     : [0, 1, 2, 3]
2020-08-10 14:28:52,784 cfg.training.random_seed           : 42
2020-08-10 14:28:52,784 cfg.training.scheduling            : plateau
2020-08-10 14:28:52,784 cfg.training.shuffle               : True
2020-08-10 14:28:52,784 cfg.training.use_cuda              : True
2020-08-10 14:28:52,784 cfg.training.validation_freq       : 200
2020-08-10 14:28:52,784 cfg.training.weight_decay          : 0.0
2020-08-10 14:28:52,784 Data set sizes: 
	train 5000,
	valid 500,
	test 1220
2020-08-10 14:28:52,784 First training example:
	[SRC] hi there ! how can i help ?
	[TRG] hallo ! wie kann ich helfen ?
2020-08-10 14:28:52,784 First 10 words (src): (0) <unk> (1) <pad> (2) <s> (3) </s> (4) . (5) , (6) ? (7) you (8) i (9) the
2020-08-10 14:28:52,785 First 10 words (trg): (0) <unk> (1) <pad> (2) <s> (3) </s> (4) . (5) , (6) ? (7) sie (8) ich (9) das
2020-08-10 14:28:52,785 Number of Src words (types): 3468
2020-08-10 14:28:52,785 Number of Trg words (types): 4487
2020-08-10 14:28:52,785 Model(
	encoder=TransformerEncoder(num_layers=6, num_heads=8),
	decoder=TransformerDecoder(num_layers=6, num_heads=8),
	src_embed=Embeddings(embedding_dim=256, vocab_size=3468),
	trg_embed=Embeddings(embedding_dim=256, vocab_size=4487))
2020-08-10 14:28:52,790 EPOCH 1
2020-08-10 14:28:58,643 Epoch   1: total training loss 544.57
2020-08-10 14:28:58,644 EPOCH 2
2020-08-10 14:28:58,776 Epoch   2 Step:      100 Batch Loss:     4.484281 Tokens per Sec:    10574, Lr: 0.000200
2020-08-10 14:29:04,662 Epoch   2: total training loss 463.10
2020-08-10 14:29:04,662 EPOCH 3
2020-08-10 14:29:04,855 Epoch   3 Step:      200 Batch Loss:     3.692001 Tokens per Sec:    10390, Lr: 0.000200
2020-08-10 14:29:23,022 Hooray! New best validation result [ppl]!
2020-08-10 14:29:23,023 Saving new checkpoint.
2020-08-10 14:29:23,308 Example #0
2020-08-10 14:29:23,308 	Raw source:     ['hello', '.']
2020-08-10 14:29:23,308 	Raw hypothesis: ['ja', '.']
2020-08-10 14:29:23,308 	Source:     hello .
2020-08-10 14:29:23,308 	Reference:  hallo ,
2020-08-10 14:29:23,308 	Hypothesis: ja .
2020-08-10 14:29:23,308 Example #1
2020-08-10 14:29:23,308 	Raw source:     ['hi', ',', 'how', 'can', 'i', 'help', 'you', '?']
2020-08-10 14:29:23,308 	Raw hypothesis: ['ich', 'sie', 'sie', 'sie', 'sie', '?']
2020-08-10 14:29:23,308 	Source:     hi , how can i help you ?
2020-08-10 14:29:23,308 	Reference:  hallo , wie kann ich ihnen helfen ?
2020-08-10 14:29:23,308 	Hypothesis: ich sie sie sie sie ?
2020-08-10 14:29:23,308 Example #2
2020-08-10 14:29:23,308 	Raw source:     ['hi', ',', 'i', '&apos;m', 'looking', 'for', 'a', 'restaurant', 'inside', 'the', 'arden', 'fair', 'mall', 'in', 'san', 'francisco', ',', 'california', '.']
2020-08-10 14:29:23,308 	Raw hypothesis: ['ich', 'ich', 'ich', 'ich', 'ich', 'ich', 'ich', ',', 'ich', 'ich', 'ich', 'ich', 'ich', 'ich', 'sie', 'sie', 'sie', 'sie', 'sie', 'sie', 'sie', 'sie', 'sie', 'sie', 'sie', 'sie', 'sie', 'sie', 'sie', 'sie', 'sie', 'sie', 'sie', 'sie', 'sie', 'sie', 'sie', 'sie', 'sie', 'sie', 'sie', 'sie', 'sie', 'sie', 'sie', 'sie', 'sie', 'sie', 'sie', 'sie', 'sie', 'sie', 'sie', 'sie', 'sie', 'sie', 'sie', 'sie', 'sie', 'sie', 'sie', 'sie', 'sie', 'sie', 'sie', 'sie', 'sie', 'sie', 'sie', 'sie', 'sie', 'sie', 'sie', 'sie', 'sie', 'sie', 'sie', 'sie', 'sie', 'sie', 'sie', 'sie', 'sie', 'sie', 'sie', 'sie', 'sie', 'sie', 'sie', 'sie', 'sie', 'sie', 'sie', 'sie', 'sie', 'sie', 'sie', 'sie', 'sie', 'sie']
2020-08-10 14:29:23,308 	Source:     hi , i &apos;m looking for a restaurant inside the arden fair mall in san francisco , california .
2020-08-10 14:29:23,308 	Reference:  hallo , ich bin auf der suche nach einem restaurant im arden fair einkaufszentrum in san francisco , kalifornien .
2020-08-10 14:29:23,308 	Hypothesis: ich ich ich ich ich ich ich , ich ich ich ich ich ich sie sie sie sie sie sie sie sie sie sie sie sie sie sie sie sie sie sie sie sie sie sie sie sie sie sie sie sie sie sie sie sie sie sie sie sie sie sie sie sie sie sie sie sie sie sie sie sie sie sie sie sie sie sie sie sie sie sie sie sie sie sie sie sie sie sie sie sie sie sie sie sie sie sie sie sie sie sie sie sie sie sie sie sie sie sie
2020-08-10 14:29:23,308 Example #3
2020-08-10 14:29:23,308 	Raw source:     ['ok', ',', 'what', 'type', 'of', 'restaurant', 'are', 'you', 'looking', 'for', '?']
2020-08-10 14:29:23,308 	Raw hypothesis: ['ich', 'sie', 'sie', 'sie', 'sie', 'sie', 'sie', '?']
2020-08-10 14:29:23,308 	Source:     ok , what type of restaurant are you looking for ?
2020-08-10 14:29:23,308 	Reference:  ok . welche art von restaurant suchen sie denn genau ?
2020-08-10 14:29:23,309 	Hypothesis: ich sie sie sie sie sie sie ?
2020-08-10 14:29:23,309 Validation result (greedy) at epoch   3, step      200: bleu:   0.00, loss: 29822.9199, ppl: 105.6182, duration: 18.4531s
2020-08-10 14:29:29,079 Epoch   3: total training loss 430.07
2020-08-10 14:29:29,080 EPOCH 4
2020-08-10 14:29:29,324 Epoch   4 Step:      300 Batch Loss:     3.596407 Tokens per Sec:     6700, Lr: 0.000200
2020-08-10 14:29:35,016 Epoch   4: total training loss 399.30
2020-08-10 14:29:35,017 EPOCH 5
2020-08-10 14:29:35,327 Epoch   5 Step:      400 Batch Loss:     3.010152 Tokens per Sec:     9648, Lr: 0.000200
2020-08-10 14:29:53,053 Hooray! New best validation result [ppl]!
2020-08-10 14:29:53,053 Saving new checkpoint.
2020-08-10 14:29:53,331 Example #0
2020-08-10 14:29:53,331 	Raw source:     ['hello', '.']
2020-08-10 14:29:53,331 	Raw hypothesis: ['ja', '.']
2020-08-10 14:29:53,331 	Source:     hello .
2020-08-10 14:29:53,331 	Reference:  hallo ,
2020-08-10 14:29:53,331 	Hypothesis: ja .
2020-08-10 14:29:53,331 Example #1
2020-08-10 14:29:53,331 	Raw source:     ['hi', ',', 'how', 'can', 'i', 'help', 'you', '?']
2020-08-10 14:29:53,331 	Raw hypothesis: ['hallo', ',', 'wie', 'kann', 'ich', 'ihnen', 'helfen', '?']
2020-08-10 14:29:53,331 	Source:     hi , how can i help you ?
2020-08-10 14:29:53,331 	Reference:  hallo , wie kann ich ihnen helfen ?
2020-08-10 14:29:53,331 	Hypothesis: hallo , wie kann ich ihnen helfen ?
2020-08-10 14:29:53,331 Example #2
2020-08-10 14:29:53,331 	Raw source:     ['hi', ',', 'i', '&apos;m', 'looking', 'for', 'a', 'restaurant', 'inside', 'the', 'arden', 'fair', 'mall', 'in', 'san', 'francisco', ',', 'california', '.']
2020-08-10 14:29:53,331 	Raw hypothesis: ['ich', 'habe', 'habe', 'ein', 'ein', 'ein', 'in', 'in', 'in', 'in', 'in', 'der', 'der', 'der', 'der', 'der', 'der', 'der', 'der', 'der', 'der', 'der', 'der', 'der', 'der', 'der', 'der', 'der', 'der', 'der', 'der', 'der', 'der', 'der', 'der', 'der', 'der', 'der', 'der', 'der', 'der', 'der', 'der', 'der', 'der', 'der', 'der', 'der', 'der', 'der', 'der', 'der', 'der', 'der', 'der', 'der', 'der', 'der', 'der', 'der', 'der', 'der', 'der', 'der', 'der', 'der', 'der', 'der', 'der', 'der', 'der', 'der', 'der', 'der', 'der', 'der', 'der', 'der', 'der', 'der', 'der', 'der', 'der', 'der', 'der', 'der', 'der', 'der', 'der', 'der', 'der', 'der', 'der', 'der', 'der', 'der', 'der', 'der', 'der', 'der']
2020-08-10 14:29:53,331 	Source:     hi , i &apos;m looking for a restaurant inside the arden fair mall in san francisco , california .
2020-08-10 14:29:53,331 	Reference:  hallo , ich bin auf der suche nach einem restaurant im arden fair einkaufszentrum in san francisco , kalifornien .
2020-08-10 14:29:53,331 	Hypothesis: ich habe habe ein ein ein in in in in in der der der der der der der der der der der der der der der der der der der der der der der der der der der der der der der der der der der der der der der der der der der der der der der der der der der der der der der der der der der der der der der der der der der der der der der der der der der der der der der der der der der der der der der der der
2020-08-10 14:29:53,331 Example #3
2020-08-10 14:29:53,331 	Raw source:     ['ok', ',', 'what', 'type', 'of', 'restaurant', 'are', 'you', 'looking', 'for', '?']
2020-08-10 14:29:53,331 	Raw hypothesis: ['ok', ',', 'wie', 'sie', 'mir', 'mir', 'für', 'die', 'für', 'die', '?']
2020-08-10 14:29:53,332 	Source:     ok , what type of restaurant are you looking for ?
2020-08-10 14:29:53,332 	Reference:  ok . welche art von restaurant suchen sie denn genau ?
2020-08-10 14:29:53,332 	Hypothesis: ok , wie sie mir mir für die für die ?
2020-08-10 14:29:53,332 Validation result (greedy) at epoch   5, step      400: bleu:   1.83, loss: 25893.2637, ppl:  57.1582, duration: 18.0049s
2020-08-10 14:29:59,019 Epoch   5: total training loss 371.37
2020-08-10 14:29:59,019 EPOCH 6
2020-08-10 14:29:59,334 Epoch   6 Step:      500 Batch Loss:     2.766680 Tokens per Sec:     9649, Lr: 0.000200
2020-08-10 14:30:04,884 Epoch   6: total training loss 333.74
2020-08-10 14:30:04,885 EPOCH 7
2020-08-10 14:30:05,319 Epoch   7 Step:      600 Batch Loss:     2.573418 Tokens per Sec:    11011, Lr: 0.000200
2020-08-10 14:30:19,475 Hooray! New best validation result [ppl]!
2020-08-10 14:30:19,475 Saving new checkpoint.
2020-08-10 14:30:19,754 Example #0
2020-08-10 14:30:19,754 	Raw source:     ['hello', '.']
2020-08-10 14:30:19,754 	Raw hypothesis: ['hallo', '.']
2020-08-10 14:30:19,754 	Source:     hello .
2020-08-10 14:30:19,754 	Reference:  hallo ,
2020-08-10 14:30:19,754 	Hypothesis: hallo .
2020-08-10 14:30:19,754 Example #1
2020-08-10 14:30:19,754 	Raw source:     ['hi', ',', 'how', 'can', 'i', 'help', 'you', '?']
2020-08-10 14:30:19,754 	Raw hypothesis: ['hallo', ',', 'wie', 'kann', 'ich', 'ihnen', 'helfen', '?']
2020-08-10 14:30:19,754 	Source:     hi , how can i help you ?
2020-08-10 14:30:19,754 	Reference:  hallo , wie kann ich ihnen helfen ?
2020-08-10 14:30:19,754 	Hypothesis: hallo , wie kann ich ihnen helfen ?
2020-08-10 14:30:19,754 Example #2
2020-08-10 14:30:19,754 	Raw source:     ['hi', ',', 'i', '&apos;m', 'looking', 'for', 'a', 'restaurant', 'inside', 'the', 'arden', 'fair', 'mall', 'in', 'san', 'francisco', ',', 'california', '.']
2020-08-10 14:30:19,754 	Raw hypothesis: ['ich', 'habe', 'ein', 'pizzen', ',', 'das', 'in', 'der', 'der', 'der', 'der', 'der', 'der', 'der', 'der', 'der', 'der', 'der', 'der', 'der', 'der', 'der', 'der', 'der', 'der', 'der', 'der', 'der', 'der', 'der', 'der', 'der', 'der', 'der', 'der', 'der', 'der', 'der', 'der', 'der', 'der', 'der', 'der', 'der', 'der', 'der', 'der', 'der', 'der', 'der', 'der', 'der', 'der', 'der', 'der', 'der', 'der', 'der', 'der', 'der', 'der', 'der', 'der', 'der', 'der', 'der', 'der', 'der', 'der', 'der', 'der', 'der', 'der', 'der', 'der', 'der', 'der', 'der', 'der', 'der', 'der', 'der', 'der', 'der', 'der', 'der', 'der', 'der', 'der', 'der', 'der', 'der', 'der', 'der', 'der', 'der', 'der', 'der', 'der', 'der']
2020-08-10 14:30:19,754 	Source:     hi , i &apos;m looking for a restaurant inside the arden fair mall in san francisco , california .
2020-08-10 14:30:19,755 	Reference:  hallo , ich bin auf der suche nach einem restaurant im arden fair einkaufszentrum in san francisco , kalifornien .
2020-08-10 14:30:19,755 	Hypothesis: ich habe ein pizzen , das in der der der der der der der der der der der der der der der der der der der der der der der der der der der der der der der der der der der der der der der der der der der der der der der der der der der der der der der der der der der der der der der der der der der der der der der der der der der der der der der der der der der der der der der der der der der der der
2020-08-10 14:30:19,755 Example #3
2020-08-10 14:30:19,755 	Raw source:     ['ok', ',', 'what', 'type', 'of', 'restaurant', 'are', 'you', 'looking', 'for', '?']
2020-08-10 14:30:19,755 	Raw hypothesis: ['ok', ',', 'welche', 'art', 'von', 'von', 'von', 'von', 'von', 'von', 'von', 'von', 'von', 'von', 'von', 'von', 'art', 'von', 'von', 'von', 'von', 'von', '?']
2020-08-10 14:30:19,755 	Source:     ok , what type of restaurant are you looking for ?
2020-08-10 14:30:19,755 	Reference:  ok . welche art von restaurant suchen sie denn genau ?
2020-08-10 14:30:19,755 	Hypothesis: ok , welche art von von von von von von von von von von von von art von von von von von ?
2020-08-10 14:30:19,755 Validation result (greedy) at epoch   7, step      600: bleu:   5.35, loss: 23669.5566, ppl:  40.3814, duration: 14.4352s
2020-08-10 14:30:25,171 Epoch   7: total training loss 314.14
2020-08-10 14:30:25,171 EPOCH 8
2020-08-10 14:30:25,727 Epoch   8 Step:      700 Batch Loss:     3.453745 Tokens per Sec:    10647, Lr: 0.000200
2020-08-10 14:30:31,171 Epoch   8: total training loss 292.81
2020-08-10 14:30:31,171 EPOCH 9
2020-08-10 14:30:31,787 Epoch   9 Step:      800 Batch Loss:     0.592474 Tokens per Sec:     9735, Lr: 0.000200
2020-08-10 14:30:45,912 Hooray! New best validation result [ppl]!
2020-08-10 14:30:45,912 Saving new checkpoint.
2020-08-10 14:30:46,214 Example #0
2020-08-10 14:30:46,214 	Raw source:     ['hello', '.']
2020-08-10 14:30:46,214 	Raw hypothesis: ['hallo', '.']
2020-08-10 14:30:46,214 	Source:     hello .
2020-08-10 14:30:46,214 	Reference:  hallo ,
2020-08-10 14:30:46,214 	Hypothesis: hallo .
2020-08-10 14:30:46,214 Example #1
2020-08-10 14:30:46,214 	Raw source:     ['hi', ',', 'how', 'can', 'i', 'help', 'you', '?']
2020-08-10 14:30:46,214 	Raw hypothesis: ['hallo', ',', 'wie', 'kann', 'ich', 'ihnen', 'helfen', '?']
2020-08-10 14:30:46,214 	Source:     hi , how can i help you ?
2020-08-10 14:30:46,214 	Reference:  hallo , wie kann ich ihnen helfen ?
2020-08-10 14:30:46,214 	Hypothesis: hallo , wie kann ich ihnen helfen ?
2020-08-10 14:30:46,214 Example #2
2020-08-10 14:30:46,214 	Raw source:     ['hi', ',', 'i', '&apos;m', 'looking', 'for', 'a', 'restaurant', 'inside', 'the', 'arden', 'fair', 'mall', 'in', 'san', 'francisco', ',', 'california', '.']
2020-08-10 14:30:46,214 	Raw hypothesis: ['hallo', ',', 'ich', 'möchte', 'ein', 'paar', 'restaurant', 'in', 'der', 'der', 'der', 'der', 'der', 'der', 'der', 'der', 'der', 'der', 'der', 'der', 'einem', 'restaurant', 'in', 'san', 'francisco', ',', 'in', 'der', 'der', 'der', 'der', 'der', 'der', 'der', 'der', 'der', 'der', 'der', 'der', 'der', 'der', 'der', 'der', 'der', 'san', 'francisco', 'in', 'san', 'francisco', ',', 'in', 'san', 'francisco', ',', 'in', 'san', 'francisco', ',', 'in', 'san', 'francisco', ',', 'in', 'san', 'francisco', ',', 'kalifornien', 'in', 'san', 'francisco', ',', 'in', 'san', 'francisco', '.']
2020-08-10 14:30:46,214 	Source:     hi , i &apos;m looking for a restaurant inside the arden fair mall in san francisco , california .
2020-08-10 14:30:46,214 	Reference:  hallo , ich bin auf der suche nach einem restaurant im arden fair einkaufszentrum in san francisco , kalifornien .
2020-08-10 14:30:46,214 	Hypothesis: hallo , ich möchte ein paar restaurant in der der der der der der der der der der der der einem restaurant in san francisco , in der der der der der der der der der der der der der der der der der san francisco in san francisco , in san francisco , in san francisco , in san francisco , in san francisco , kalifornien in san francisco , in san francisco .
2020-08-10 14:30:46,214 Example #3
2020-08-10 14:30:46,214 	Raw source:     ['ok', ',', 'what', 'type', 'of', 'restaurant', 'are', 'you', 'looking', 'for', '?']
2020-08-10 14:30:46,214 	Raw hypothesis: ['ok', ',', 'welche', 'art', 'von', 'von', 'art', 'von', 'von', 'art', 'von', 'von', 'art', 'von', 'von', 'von', 'art', '?']
2020-08-10 14:30:46,214 	Source:     ok , what type of restaurant are you looking for ?
2020-08-10 14:30:46,215 	Reference:  ok . welche art von restaurant suchen sie denn genau ?
2020-08-10 14:30:46,215 	Hypothesis: ok , welche art von von art von von art von von art von von von art ?
2020-08-10 14:30:46,215 Validation result (greedy) at epoch   9, step      800: bleu:   6.48, loss: 21213.3555, ppl:  27.5110, duration: 14.4270s
2020-08-10 14:30:51,510 Epoch   9: total training loss 276.09
2020-08-10 14:30:51,510 EPOCH 10
2020-08-10 14:30:52,189 Epoch  10 Step:      900 Batch Loss:     3.084441 Tokens per Sec:    11480, Lr: 0.000200
2020-08-10 14:30:57,468 Epoch  10: total training loss 259.55
2020-08-10 14:30:57,469 EPOCH 11
2020-08-10 14:30:58,194 Epoch  11 Step:     1000 Batch Loss:     2.536601 Tokens per Sec:    10696, Lr: 0.000200
2020-08-10 14:31:05,669 Hooray! New best validation result [ppl]!
2020-08-10 14:31:05,669 Saving new checkpoint.
2020-08-10 14:31:05,964 Example #0
2020-08-10 14:31:05,964 	Raw source:     ['hello', '.']
2020-08-10 14:31:05,965 	Raw hypothesis: ['hallo', '.']
2020-08-10 14:31:05,965 	Source:     hello .
2020-08-10 14:31:05,965 	Reference:  hallo ,
2020-08-10 14:31:05,965 	Hypothesis: hallo .
2020-08-10 14:31:05,965 Example #1
2020-08-10 14:31:05,965 	Raw source:     ['hi', ',', 'how', 'can', 'i', 'help', 'you', '?']
2020-08-10 14:31:05,965 	Raw hypothesis: ['hallo', ',', 'wie', 'kann', 'ich', 'ihnen', 'helfen', '?']
2020-08-10 14:31:05,965 	Source:     hi , how can i help you ?
2020-08-10 14:31:05,965 	Reference:  hallo , wie kann ich ihnen helfen ?
2020-08-10 14:31:05,965 	Hypothesis: hallo , wie kann ich ihnen helfen ?
2020-08-10 14:31:05,965 Example #2
2020-08-10 14:31:05,965 	Raw source:     ['hi', ',', 'i', '&apos;m', 'looking', 'for', 'a', 'restaurant', 'inside', 'the', 'arden', 'fair', 'mall', 'in', 'san', 'francisco', ',', 'california', '.']
2020-08-10 14:31:05,965 	Raw hypothesis: ['hallo', ',', 'ich', 'möchte', 'ein', 'restaurant', 'in', 'san', 'francisco', ',', 'kalifornien', ',', 'kalifornien', '.']
2020-08-10 14:31:05,965 	Source:     hi , i &apos;m looking for a restaurant inside the arden fair mall in san francisco , california .
2020-08-10 14:31:05,965 	Reference:  hallo , ich bin auf der suche nach einem restaurant im arden fair einkaufszentrum in san francisco , kalifornien .
2020-08-10 14:31:05,966 	Hypothesis: hallo , ich möchte ein restaurant in san francisco , kalifornien , kalifornien .
2020-08-10 14:31:05,966 Example #3
2020-08-10 14:31:05,966 	Raw source:     ['ok', ',', 'what', 'type', 'of', 'restaurant', 'are', 'you', 'looking', 'for', '?']
2020-08-10 14:31:05,966 	Raw hypothesis: ['ok', ',', 'welche', 'art', 'von', 'von', 'von', 'von', 'von', 'von', 'von', 'von', 'art', 'von', 'von', 'von', 'von', 'essen', '?']
2020-08-10 14:31:05,966 	Source:     ok , what type of restaurant are you looking for ?
2020-08-10 14:31:05,966 	Reference:  ok . welche art von restaurant suchen sie denn genau ?
2020-08-10 14:31:05,966 	Hypothesis: ok , welche art von von von von von von von von art von von von von essen ?
2020-08-10 14:31:05,966 Validation result (greedy) at epoch  11, step     1000: bleu:  14.35, loss: 19316.1406, ppl:  20.4534, duration: 7.7714s
2020-08-10 14:31:11,201 Epoch  11: total training loss 240.32
2020-08-10 14:31:11,202 EPOCH 12
2020-08-10 14:31:12,055 Epoch  12 Step:     1100 Batch Loss:     2.219424 Tokens per Sec:    10621, Lr: 0.000200
2020-08-10 14:31:17,275 Epoch  12: total training loss 233.58
2020-08-10 14:31:17,275 EPOCH 13
2020-08-10 14:31:18,131 Epoch  13 Step:     1200 Batch Loss:     2.400802 Tokens per Sec:    11411, Lr: 0.000200
2020-08-10 14:31:28,294 Hooray! New best validation result [ppl]!
2020-08-10 14:31:28,295 Saving new checkpoint.
2020-08-10 14:31:28,590 Example #0
2020-08-10 14:31:28,590 	Raw source:     ['hello', '.']
2020-08-10 14:31:28,590 	Raw hypothesis: ['hallo', '.']
2020-08-10 14:31:28,590 	Source:     hello .
2020-08-10 14:31:28,590 	Reference:  hallo ,
2020-08-10 14:31:28,590 	Hypothesis: hallo .
2020-08-10 14:31:28,590 Example #1
2020-08-10 14:31:28,591 	Raw source:     ['hi', ',', 'how', 'can', 'i', 'help', 'you', '?']
2020-08-10 14:31:28,591 	Raw hypothesis: ['hallo', ',', 'wie', 'kann', 'ich', 'ihnen', 'helfen', '?']
2020-08-10 14:31:28,591 	Source:     hi , how can i help you ?
2020-08-10 14:31:28,591 	Reference:  hallo , wie kann ich ihnen helfen ?
2020-08-10 14:31:28,591 	Hypothesis: hallo , wie kann ich ihnen helfen ?
2020-08-10 14:31:28,591 Example #2
2020-08-10 14:31:28,591 	Raw source:     ['hi', ',', 'i', '&apos;m', 'looking', 'for', 'a', 'restaurant', 'inside', 'the', 'arden', 'fair', 'mall', 'in', 'san', 'francisco', ',', 'california', '.']
2020-08-10 14:31:28,591 	Raw hypothesis: ['hallo', ',', 'ich', 'bin', 'in', 'san', 'francisco', ',', 'kalifornien', ',', 'kalifornien', '.']
2020-08-10 14:31:28,591 	Source:     hi , i &apos;m looking for a restaurant inside the arden fair mall in san francisco , california .
2020-08-10 14:31:28,591 	Reference:  hallo , ich bin auf der suche nach einem restaurant im arden fair einkaufszentrum in san francisco , kalifornien .
2020-08-10 14:31:28,591 	Hypothesis: hallo , ich bin in san francisco , kalifornien , kalifornien .
2020-08-10 14:31:28,591 Example #3
2020-08-10 14:31:28,591 	Raw source:     ['ok', ',', 'what', 'type', 'of', 'restaurant', 'are', 'you', 'looking', 'for', '?']
2020-08-10 14:31:28,591 	Raw hypothesis: ['ok', ',', 'welche', 'art', 'von', 'essen', 'möchten', 'sie', '?']
2020-08-10 14:31:28,591 	Source:     ok , what type of restaurant are you looking for ?
2020-08-10 14:31:28,591 	Reference:  ok . welche art von restaurant suchen sie denn genau ?
2020-08-10 14:31:28,591 	Hypothesis: ok , welche art von essen möchten sie ?
2020-08-10 14:31:28,591 Validation result (greedy) at epoch  13, step     1200: bleu:  16.86, loss: 18198.8223, ppl:  17.1769, duration: 10.4604s
2020-08-10 14:31:33,792 Epoch  13: total training loss 218.58
2020-08-10 14:31:33,792 EPOCH 14
2020-08-10 14:31:34,669 Epoch  14 Step:     1300 Batch Loss:     0.485041 Tokens per Sec:    10043, Lr: 0.000200
2020-08-10 14:31:39,781 Epoch  14: total training loss 202.50
2020-08-10 14:31:39,781 EPOCH 15
2020-08-10 14:31:40,695 Epoch  15 Step:     1400 Batch Loss:     1.452289 Tokens per Sec:    10619, Lr: 0.000200
2020-08-10 14:31:48,017 Hooray! New best validation result [ppl]!
2020-08-10 14:31:48,017 Saving new checkpoint.
2020-08-10 14:31:48,312 Example #0
2020-08-10 14:31:48,312 	Raw source:     ['hello', '.']
2020-08-10 14:31:48,312 	Raw hypothesis: ['hallo', '.']
2020-08-10 14:31:48,312 	Source:     hello .
2020-08-10 14:31:48,313 	Reference:  hallo ,
2020-08-10 14:31:48,313 	Hypothesis: hallo .
2020-08-10 14:31:48,313 Example #1
2020-08-10 14:31:48,313 	Raw source:     ['hi', ',', 'how', 'can', 'i', 'help', 'you', '?']
2020-08-10 14:31:48,313 	Raw hypothesis: ['hallo', ',', 'wie', 'kann', 'ich', 'ihnen', 'helfen', '?']
2020-08-10 14:31:48,313 	Source:     hi , how can i help you ?
2020-08-10 14:31:48,313 	Reference:  hallo , wie kann ich ihnen helfen ?
2020-08-10 14:31:48,313 	Hypothesis: hallo , wie kann ich ihnen helfen ?
2020-08-10 14:31:48,313 Example #2
2020-08-10 14:31:48,313 	Raw source:     ['hi', ',', 'i', '&apos;m', 'looking', 'for', 'a', 'restaurant', 'inside', 'the', 'arden', 'fair', 'mall', 'in', 'san', 'francisco', ',', 'california', '.']
2020-08-10 14:31:48,313 	Raw hypothesis: ['hallo', ',', 'ich', 'suche', 'ein', 'restaurant', 'in', 'san', 'francisco', ',', 'kalifornien', ',', 'kalifornien', ',', 'kalifornien', '.']
2020-08-10 14:31:48,313 	Source:     hi , i &apos;m looking for a restaurant inside the arden fair mall in san francisco , california .
2020-08-10 14:31:48,313 	Reference:  hallo , ich bin auf der suche nach einem restaurant im arden fair einkaufszentrum in san francisco , kalifornien .
2020-08-10 14:31:48,313 	Hypothesis: hallo , ich suche ein restaurant in san francisco , kalifornien , kalifornien , kalifornien .
2020-08-10 14:31:48,313 Example #3
2020-08-10 14:31:48,313 	Raw source:     ['ok', ',', 'what', 'type', 'of', 'restaurant', 'are', 'you', 'looking', 'for', '?']
2020-08-10 14:31:48,313 	Raw hypothesis: ['ok', ',', 'welche', 'art', 'von', 'restaurant', 'möchten', 'sie', '?']
2020-08-10 14:31:48,313 	Source:     ok , what type of restaurant are you looking for ?
2020-08-10 14:31:48,313 	Reference:  ok . welche art von restaurant suchen sie denn genau ?
2020-08-10 14:31:48,314 	Hypothesis: ok , welche art von restaurant möchten sie ?
2020-08-10 14:31:48,314 Validation result (greedy) at epoch  15, step     1400: bleu:  21.25, loss: 17470.7988, ppl:  15.3300, duration: 7.6186s
2020-08-10 14:31:53,291 Epoch  15: total training loss 187.53
2020-08-10 14:31:53,291 EPOCH 16
2020-08-10 14:31:54,340 Epoch  16 Step:     1500 Batch Loss:     2.744045 Tokens per Sec:    10333, Lr: 0.000200
2020-08-10 14:31:59,264 Epoch  16: total training loss 181.09
2020-08-10 14:31:59,264 EPOCH 17
2020-08-10 14:32:00,377 Epoch  17 Step:     1600 Batch Loss:     1.144718 Tokens per Sec:    10276, Lr: 0.000200
2020-08-10 14:32:12,275 Hooray! New best validation result [ppl]!
2020-08-10 14:32:12,275 Saving new checkpoint.
2020-08-10 14:32:12,571 Example #0
2020-08-10 14:32:12,571 	Raw source:     ['hello', '.']
2020-08-10 14:32:12,571 	Raw hypothesis: ['hallo', '.']
2020-08-10 14:32:12,571 	Source:     hello .
2020-08-10 14:32:12,571 	Reference:  hallo ,
2020-08-10 14:32:12,572 	Hypothesis: hallo .
2020-08-10 14:32:12,572 Example #1
2020-08-10 14:32:12,572 	Raw source:     ['hi', ',', 'how', 'can', 'i', 'help', 'you', '?']
2020-08-10 14:32:12,572 	Raw hypothesis: ['hallo', ',', 'wie', 'kann', 'ich', 'ihnen', 'helfen', '?']
2020-08-10 14:32:12,572 	Source:     hi , how can i help you ?
2020-08-10 14:32:12,572 	Reference:  hallo , wie kann ich ihnen helfen ?
2020-08-10 14:32:12,572 	Hypothesis: hallo , wie kann ich ihnen helfen ?
2020-08-10 14:32:12,572 Example #2
2020-08-10 14:32:12,572 	Raw source:     ['hi', ',', 'i', '&apos;m', 'looking', 'for', 'a', 'restaurant', 'inside', 'the', 'arden', 'fair', 'mall', 'in', 'san', 'francisco', ',', 'california', '.']
2020-08-10 14:32:12,572 	Raw hypothesis: ['hallo', ',', 'ich', 'suche', 'ein', 'restaurant', 'in', 'san', 'francisco', ',', 'kalifornien', ',', 'kalifornien', '.']
2020-08-10 14:32:12,572 	Source:     hi , i &apos;m looking for a restaurant inside the arden fair mall in san francisco , california .
2020-08-10 14:32:12,572 	Reference:  hallo , ich bin auf der suche nach einem restaurant im arden fair einkaufszentrum in san francisco , kalifornien .
2020-08-10 14:32:12,572 	Hypothesis: hallo , ich suche ein restaurant in san francisco , kalifornien , kalifornien .
2020-08-10 14:32:12,572 Example #3
2020-08-10 14:32:12,572 	Raw source:     ['ok', ',', 'what', 'type', 'of', 'restaurant', 'are', 'you', 'looking', 'for', '?']
2020-08-10 14:32:12,572 	Raw hypothesis: ['ok', ',', 'welche', 'art', 'von', 'restaurant', 'haben', 'sie', '?']
2020-08-10 14:32:12,572 	Source:     ok , what type of restaurant are you looking for ?
2020-08-10 14:32:12,572 	Reference:  ok . welche art von restaurant suchen sie denn genau ?
2020-08-10 14:32:12,572 	Hypothesis: ok , welche art von restaurant haben sie ?
2020-08-10 14:32:12,572 Validation result (greedy) at epoch  17, step     1600: bleu:  17.82, loss: 17201.6191, ppl:  14.6986, duration: 12.1955s
2020-08-10 14:32:17,509 Epoch  17: total training loss 170.14
2020-08-10 14:32:17,509 EPOCH 18
2020-08-10 14:32:18,666 Epoch  18 Step:     1700 Batch Loss:     1.256668 Tokens per Sec:    10966, Lr: 0.000200
2020-08-10 14:32:23,443 Epoch  18: total training loss 161.38
2020-08-10 14:32:23,443 EPOCH 19
2020-08-10 14:32:24,645 Epoch  19 Step:     1800 Batch Loss:     2.454655 Tokens per Sec:    11007, Lr: 0.000200
2020-08-10 14:32:33,748 Hooray! New best validation result [ppl]!
2020-08-10 14:32:33,748 Saving new checkpoint.
2020-08-10 14:32:34,039 Example #0
2020-08-10 14:32:34,039 	Raw source:     ['hello', '.']
2020-08-10 14:32:34,039 	Raw hypothesis: ['hallo', '.']
2020-08-10 14:32:34,039 	Source:     hello .
2020-08-10 14:32:34,039 	Reference:  hallo ,
2020-08-10 14:32:34,039 	Hypothesis: hallo .
2020-08-10 14:32:34,039 Example #1
2020-08-10 14:32:34,039 	Raw source:     ['hi', ',', 'how', 'can', 'i', 'help', 'you', '?']
2020-08-10 14:32:34,039 	Raw hypothesis: ['hallo', ',', 'wie', 'kann', 'ich', 'ihnen', 'helfen', '?']
2020-08-10 14:32:34,040 	Source:     hi , how can i help you ?
2020-08-10 14:32:34,040 	Reference:  hallo , wie kann ich ihnen helfen ?
2020-08-10 14:32:34,040 	Hypothesis: hallo , wie kann ich ihnen helfen ?
2020-08-10 14:32:34,040 Example #2
2020-08-10 14:32:34,040 	Raw source:     ['hi', ',', 'i', '&apos;m', 'looking', 'for', 'a', 'restaurant', 'inside', 'the', 'arden', 'fair', 'mall', 'in', 'san', 'francisco', ',', 'california', '.']
2020-08-10 14:32:34,040 	Raw hypothesis: ['hallo', ',', 'ich', 'suche', 'ein', 'restaurant', 'in', 'san', 'francisco', ',', 'kalifornien', ',', 'kalifornien', '.']
2020-08-10 14:32:34,040 	Source:     hi , i &apos;m looking for a restaurant inside the arden fair mall in san francisco , california .
2020-08-10 14:32:34,040 	Reference:  hallo , ich bin auf der suche nach einem restaurant im arden fair einkaufszentrum in san francisco , kalifornien .
2020-08-10 14:32:34,040 	Hypothesis: hallo , ich suche ein restaurant in san francisco , kalifornien , kalifornien .
2020-08-10 14:32:34,040 Example #3
2020-08-10 14:32:34,040 	Raw source:     ['ok', ',', 'what', 'type', 'of', 'restaurant', 'are', 'you', 'looking', 'for', '?']
2020-08-10 14:32:34,040 	Raw hypothesis: ['ok', ',', 'was', 'für', 'ein', 'restaurant', 'suchen', 'sie', '?']
2020-08-10 14:32:34,040 	Source:     ok , what type of restaurant are you looking for ?
2020-08-10 14:32:34,040 	Reference:  ok . welche art von restaurant suchen sie denn genau ?
2020-08-10 14:32:34,040 	Hypothesis: ok , was für ein restaurant suchen sie ?
2020-08-10 14:32:34,040 Validation result (greedy) at epoch  19, step     1800: bleu:  23.04, loss: 16768.9648, ppl:  13.7378, duration: 9.3947s
2020-08-10 14:32:38,669 Epoch  19: total training loss 151.19
2020-08-10 14:32:38,670 EPOCH 20
2020-08-10 14:32:40,027 Epoch  20 Step:     1900 Batch Loss:     1.843573 Tokens per Sec:    10564, Lr: 0.000200
2020-08-10 14:32:44,664 Epoch  20: total training loss 146.55
2020-08-10 14:32:44,664 Training ended after  20 epochs.
2020-08-10 14:32:44,664 Best validation result (greedy) at step     1800:  13.74 ppl.
