2020-07-02 09:20:08,896 Hello! This is Joey-NMT.
2020-07-02 09:20:14,468 Total params: 53588481
2020-07-02 09:20:14,471 Trainable parameters: ['decoder.layer_norm.bias', 'decoder.layer_norm.weight', 'decoder.layers.0.dec_layer_norm.bias', 'decoder.layers.0.dec_layer_norm.weight', 'decoder.layers.0.feed_forward.layer_norm.bias', 'decoder.layers.0.feed_forward.layer_norm.weight', 'decoder.layers.0.feed_forward.pwff_layer.0.bias', 'decoder.layers.0.feed_forward.pwff_layer.0.weight', 'decoder.layers.0.feed_forward.pwff_layer.3.bias', 'decoder.layers.0.feed_forward.pwff_layer.3.weight', 'decoder.layers.0.src_trg_att.k_layer.bias', 'decoder.layers.0.src_trg_att.k_layer.weight', 'decoder.layers.0.src_trg_att.output_layer.bias', 'decoder.layers.0.src_trg_att.output_layer.weight', 'decoder.layers.0.src_trg_att.q_layer.bias', 'decoder.layers.0.src_trg_att.q_layer.weight', 'decoder.layers.0.src_trg_att.v_layer.bias', 'decoder.layers.0.src_trg_att.v_layer.weight', 'decoder.layers.0.trg_trg_att.k_layer.bias', 'decoder.layers.0.trg_trg_att.k_layer.weight', 'decoder.layers.0.trg_trg_att.output_layer.bias', 'decoder.layers.0.trg_trg_att.output_layer.weight', 'decoder.layers.0.trg_trg_att.q_layer.bias', 'decoder.layers.0.trg_trg_att.q_layer.weight', 'decoder.layers.0.trg_trg_att.v_layer.bias', 'decoder.layers.0.trg_trg_att.v_layer.weight', 'decoder.layers.0.x_layer_norm.bias', 'decoder.layers.0.x_layer_norm.weight', 'decoder.layers.1.dec_layer_norm.bias', 'decoder.layers.1.dec_layer_norm.weight', 'decoder.layers.1.feed_forward.layer_norm.bias', 'decoder.layers.1.feed_forward.layer_norm.weight', 'decoder.layers.1.feed_forward.pwff_layer.0.bias', 'decoder.layers.1.feed_forward.pwff_layer.0.weight', 'decoder.layers.1.feed_forward.pwff_layer.3.bias', 'decoder.layers.1.feed_forward.pwff_layer.3.weight', 'decoder.layers.1.src_trg_att.k_layer.bias', 'decoder.layers.1.src_trg_att.k_layer.weight', 'decoder.layers.1.src_trg_att.output_layer.bias', 'decoder.layers.1.src_trg_att.output_layer.weight', 'decoder.layers.1.src_trg_att.q_layer.bias', 'decoder.layers.1.src_trg_att.q_layer.weight', 'decoder.layers.1.src_trg_att.v_layer.bias', 'decoder.layers.1.src_trg_att.v_layer.weight', 'decoder.layers.1.trg_trg_att.k_layer.bias', 'decoder.layers.1.trg_trg_att.k_layer.weight', 'decoder.layers.1.trg_trg_att.output_layer.bias', 'decoder.layers.1.trg_trg_att.output_layer.weight', 'decoder.layers.1.trg_trg_att.q_layer.bias', 'decoder.layers.1.trg_trg_att.q_layer.weight', 'decoder.layers.1.trg_trg_att.v_layer.bias', 'decoder.layers.1.trg_trg_att.v_layer.weight', 'decoder.layers.1.x_layer_norm.bias', 'decoder.layers.1.x_layer_norm.weight', 'decoder.layers.2.dec_layer_norm.bias', 'decoder.layers.2.dec_layer_norm.weight', 'decoder.layers.2.feed_forward.layer_norm.bias', 'decoder.layers.2.feed_forward.layer_norm.weight', 'decoder.layers.2.feed_forward.pwff_layer.0.bias', 'decoder.layers.2.feed_forward.pwff_layer.0.weight', 'decoder.layers.2.feed_forward.pwff_layer.3.bias', 'decoder.layers.2.feed_forward.pwff_layer.3.weight', 'decoder.layers.2.src_trg_att.k_layer.bias', 'decoder.layers.2.src_trg_att.k_layer.weight', 'decoder.layers.2.src_trg_att.output_layer.bias', 'decoder.layers.2.src_trg_att.output_layer.weight', 'decoder.layers.2.src_trg_att.q_layer.bias', 'decoder.layers.2.src_trg_att.q_layer.weight', 'decoder.layers.2.src_trg_att.v_layer.bias', 'decoder.layers.2.src_trg_att.v_layer.weight', 'decoder.layers.2.trg_trg_att.k_layer.bias', 'decoder.layers.2.trg_trg_att.k_layer.weight', 'decoder.layers.2.trg_trg_att.output_layer.bias', 'decoder.layers.2.trg_trg_att.output_layer.weight', 'decoder.layers.2.trg_trg_att.q_layer.bias', 'decoder.layers.2.trg_trg_att.q_layer.weight', 'decoder.layers.2.trg_trg_att.v_layer.bias', 'decoder.layers.2.trg_trg_att.v_layer.weight', 'decoder.layers.2.x_layer_norm.bias', 'decoder.layers.2.x_layer_norm.weight', 'decoder.layers.3.dec_layer_norm.bias', 'decoder.layers.3.dec_layer_norm.weight', 'decoder.layers.3.feed_forward.layer_norm.bias', 'decoder.layers.3.feed_forward.layer_norm.weight', 'decoder.layers.3.feed_forward.pwff_layer.0.bias', 'decoder.layers.3.feed_forward.pwff_layer.0.weight', 'decoder.layers.3.feed_forward.pwff_layer.3.bias', 'decoder.layers.3.feed_forward.pwff_layer.3.weight', 'decoder.layers.3.src_trg_att.k_layer.bias', 'decoder.layers.3.src_trg_att.k_layer.weight', 'decoder.layers.3.src_trg_att.output_layer.bias', 'decoder.layers.3.src_trg_att.output_layer.weight', 'decoder.layers.3.src_trg_att.q_layer.bias', 'decoder.layers.3.src_trg_att.q_layer.weight', 'decoder.layers.3.src_trg_att.v_layer.bias', 'decoder.layers.3.src_trg_att.v_layer.weight', 'decoder.layers.3.trg_trg_att.k_layer.bias', 'decoder.layers.3.trg_trg_att.k_layer.weight', 'decoder.layers.3.trg_trg_att.output_layer.bias', 'decoder.layers.3.trg_trg_att.output_layer.weight', 'decoder.layers.3.trg_trg_att.q_layer.bias', 'decoder.layers.3.trg_trg_att.q_layer.weight', 'decoder.layers.3.trg_trg_att.v_layer.bias', 'decoder.layers.3.trg_trg_att.v_layer.weight', 'decoder.layers.3.x_layer_norm.bias', 'decoder.layers.3.x_layer_norm.weight', 'decoder.layers.4.dec_layer_norm.bias', 'decoder.layers.4.dec_layer_norm.weight', 'decoder.layers.4.feed_forward.layer_norm.bias', 'decoder.layers.4.feed_forward.layer_norm.weight', 'decoder.layers.4.feed_forward.pwff_layer.0.bias', 'decoder.layers.4.feed_forward.pwff_layer.0.weight', 'decoder.layers.4.feed_forward.pwff_layer.3.bias', 'decoder.layers.4.feed_forward.pwff_layer.3.weight', 'decoder.layers.4.src_trg_att.k_layer.bias', 'decoder.layers.4.src_trg_att.k_layer.weight', 'decoder.layers.4.src_trg_att.output_layer.bias', 'decoder.layers.4.src_trg_att.output_layer.weight', 'decoder.layers.4.src_trg_att.q_layer.bias', 'decoder.layers.4.src_trg_att.q_layer.weight', 'decoder.layers.4.src_trg_att.v_layer.bias', 'decoder.layers.4.src_trg_att.v_layer.weight', 'decoder.layers.4.trg_trg_att.k_layer.bias', 'decoder.layers.4.trg_trg_att.k_layer.weight', 'decoder.layers.4.trg_trg_att.output_layer.bias', 'decoder.layers.4.trg_trg_att.output_layer.weight', 'decoder.layers.4.trg_trg_att.q_layer.bias', 'decoder.layers.4.trg_trg_att.q_layer.weight', 'decoder.layers.4.trg_trg_att.v_layer.bias', 'decoder.layers.4.trg_trg_att.v_layer.weight', 'decoder.layers.4.x_layer_norm.bias', 'decoder.layers.4.x_layer_norm.weight', 'decoder.layers.5.dec_layer_norm.bias', 'decoder.layers.5.dec_layer_norm.weight', 'decoder.layers.5.feed_forward.layer_norm.bias', 'decoder.layers.5.feed_forward.layer_norm.weight', 'decoder.layers.5.feed_forward.pwff_layer.0.bias', 'decoder.layers.5.feed_forward.pwff_layer.0.weight', 'decoder.layers.5.feed_forward.pwff_layer.3.bias', 'decoder.layers.5.feed_forward.pwff_layer.3.weight', 'decoder.layers.5.src_trg_att.k_layer.bias', 'decoder.layers.5.src_trg_att.k_layer.weight', 'decoder.layers.5.src_trg_att.output_layer.bias', 'decoder.layers.5.src_trg_att.output_layer.weight', 'decoder.layers.5.src_trg_att.q_layer.bias', 'decoder.layers.5.src_trg_att.q_layer.weight', 'decoder.layers.5.src_trg_att.v_layer.bias', 'decoder.layers.5.src_trg_att.v_layer.weight', 'decoder.layers.5.trg_trg_att.k_layer.bias', 'decoder.layers.5.trg_trg_att.k_layer.weight', 'decoder.layers.5.trg_trg_att.output_layer.bias', 'decoder.layers.5.trg_trg_att.output_layer.weight', 'decoder.layers.5.trg_trg_att.q_layer.bias', 'decoder.layers.5.trg_trg_att.q_layer.weight', 'decoder.layers.5.trg_trg_att.v_layer.bias', 'decoder.layers.5.trg_trg_att.v_layer.weight', 'decoder.layers.5.x_layer_norm.bias', 'decoder.layers.5.x_layer_norm.weight', 'encoder.layer_norm.bias', 'encoder.layer_norm.weight', 'encoder.layers.0.feed_forward.layer_norm.bias', 'encoder.layers.0.feed_forward.layer_norm.weight', 'encoder.layers.0.feed_forward.pwff_layer.0.bias', 'encoder.layers.0.feed_forward.pwff_layer.0.weight', 'encoder.layers.0.feed_forward.pwff_layer.3.bias', 'encoder.layers.0.feed_forward.pwff_layer.3.weight', 'encoder.layers.0.layer_norm.bias', 'encoder.layers.0.layer_norm.weight', 'encoder.layers.0.src_src_att.k_layer.bias', 'encoder.layers.0.src_src_att.k_layer.weight', 'encoder.layers.0.src_src_att.output_layer.bias', 'encoder.layers.0.src_src_att.output_layer.weight', 'encoder.layers.0.src_src_att.q_layer.bias', 'encoder.layers.0.src_src_att.q_layer.weight', 'encoder.layers.0.src_src_att.v_layer.bias', 'encoder.layers.0.src_src_att.v_layer.weight', 'encoder.layers.1.feed_forward.layer_norm.bias', 'encoder.layers.1.feed_forward.layer_norm.weight', 'encoder.layers.1.feed_forward.pwff_layer.0.bias', 'encoder.layers.1.feed_forward.pwff_layer.0.weight', 'encoder.layers.1.feed_forward.pwff_layer.3.bias', 'encoder.layers.1.feed_forward.pwff_layer.3.weight', 'encoder.layers.1.layer_norm.bias', 'encoder.layers.1.layer_norm.weight', 'encoder.layers.1.src_src_att.k_layer.bias', 'encoder.layers.1.src_src_att.k_layer.weight', 'encoder.layers.1.src_src_att.output_layer.bias', 'encoder.layers.1.src_src_att.output_layer.weight', 'encoder.layers.1.src_src_att.q_layer.bias', 'encoder.layers.1.src_src_att.q_layer.weight', 'encoder.layers.1.src_src_att.v_layer.bias', 'encoder.layers.1.src_src_att.v_layer.weight', 'encoder.layers.2.feed_forward.layer_norm.bias', 'encoder.layers.2.feed_forward.layer_norm.weight', 'encoder.layers.2.feed_forward.pwff_layer.0.bias', 'encoder.layers.2.feed_forward.pwff_layer.0.weight', 'encoder.layers.2.feed_forward.pwff_layer.3.bias', 'encoder.layers.2.feed_forward.pwff_layer.3.weight', 'encoder.layers.2.layer_norm.bias', 'encoder.layers.2.layer_norm.weight', 'encoder.layers.2.src_src_att.k_layer.bias', 'encoder.layers.2.src_src_att.k_layer.weight', 'encoder.layers.2.src_src_att.output_layer.bias', 'encoder.layers.2.src_src_att.output_layer.weight', 'encoder.layers.2.src_src_att.q_layer.bias', 'encoder.layers.2.src_src_att.q_layer.weight', 'encoder.layers.2.src_src_att.v_layer.bias', 'encoder.layers.2.src_src_att.v_layer.weight', 'encoder.layers.3.feed_forward.layer_norm.bias', 'encoder.layers.3.feed_forward.layer_norm.weight', 'encoder.layers.3.feed_forward.pwff_layer.0.bias', 'encoder.layers.3.feed_forward.pwff_layer.0.weight', 'encoder.layers.3.feed_forward.pwff_layer.3.bias', 'encoder.layers.3.feed_forward.pwff_layer.3.weight', 'encoder.layers.3.layer_norm.bias', 'encoder.layers.3.layer_norm.weight', 'encoder.layers.3.src_src_att.k_layer.bias', 'encoder.layers.3.src_src_att.k_layer.weight', 'encoder.layers.3.src_src_att.output_layer.bias', 'encoder.layers.3.src_src_att.output_layer.weight', 'encoder.layers.3.src_src_att.q_layer.bias', 'encoder.layers.3.src_src_att.q_layer.weight', 'encoder.layers.3.src_src_att.v_layer.bias', 'encoder.layers.3.src_src_att.v_layer.weight', 'encoder.layers.4.feed_forward.layer_norm.bias', 'encoder.layers.4.feed_forward.layer_norm.weight', 'encoder.layers.4.feed_forward.pwff_layer.0.bias', 'encoder.layers.4.feed_forward.pwff_layer.0.weight', 'encoder.layers.4.feed_forward.pwff_layer.3.bias', 'encoder.layers.4.feed_forward.pwff_layer.3.weight', 'encoder.layers.4.layer_norm.bias', 'encoder.layers.4.layer_norm.weight', 'encoder.layers.4.src_src_att.k_layer.bias', 'encoder.layers.4.src_src_att.k_layer.weight', 'encoder.layers.4.src_src_att.output_layer.bias', 'encoder.layers.4.src_src_att.output_layer.weight', 'encoder.layers.4.src_src_att.q_layer.bias', 'encoder.layers.4.src_src_att.q_layer.weight', 'encoder.layers.4.src_src_att.v_layer.bias', 'encoder.layers.4.src_src_att.v_layer.weight', 'encoder_2.layer_norm.bias', 'encoder_2.layer_norm.weight', 'encoder_2.layers.5.feed_forward.layer_norm.bias', 'encoder_2.layers.5.feed_forward.layer_norm.weight', 'encoder_2.layers.5.feed_forward.pwff_layer.0.bias', 'encoder_2.layers.5.feed_forward.pwff_layer.0.weight', 'encoder_2.layers.5.feed_forward.pwff_layer.3.bias', 'encoder_2.layers.5.feed_forward.pwff_layer.3.weight', 'encoder_2.layers.5.layer_norm.bias', 'encoder_2.layers.5.layer_norm.weight', 'encoder_2.layers.5.src_src_att.k_layer.bias', 'encoder_2.layers.5.src_src_att.k_layer.weight', 'encoder_2.layers.5.src_src_att.output_layer.bias', 'encoder_2.layers.5.src_src_att.output_layer.weight', 'encoder_2.layers.5.src_src_att.q_layer.bias', 'encoder_2.layers.5.src_src_att.q_layer.weight', 'encoder_2.layers.5.src_src_att.v_layer.bias', 'encoder_2.layers.5.src_src_att.v_layer.weight', 'last_layer.W_g.weight', 'last_layer.b_g', 'last_layer.feed_forward.layer_norm.bias', 'last_layer.feed_forward.layer_norm.weight', 'last_layer.feed_forward.pwff_layer.0.bias', 'last_layer.feed_forward.pwff_layer.0.weight', 'last_layer.feed_forward.pwff_layer.3.bias', 'last_layer.feed_forward.pwff_layer.3.weight', 'last_layer.layer_norm.bias', 'last_layer.layer_norm.weight', 'last_layer.src2_src_att.k_layer.bias', 'last_layer.src2_src_att.k_layer.weight', 'last_layer.src2_src_att.output_layer.bias', 'last_layer.src2_src_att.output_layer.weight', 'last_layer.src2_src_att.q_layer.bias', 'last_layer.src2_src_att.q_layer.weight', 'last_layer.src2_src_att.v_layer.bias', 'last_layer.src2_src_att.v_layer.weight', 'last_layer.src_src_att.k_layer.bias', 'last_layer.src_src_att.k_layer.weight', 'last_layer.src_src_att.output_layer.bias', 'last_layer.src_src_att.output_layer.weight', 'last_layer.src_src_att.q_layer.bias', 'last_layer.src_src_att.q_layer.weight', 'last_layer.src_src_att.v_layer.bias', 'last_layer.src_src_att.v_layer.weight', 'last_layer_norm.bias', 'last_layer_norm.weight', 'src_embed.lut.weight', 'trg_embed.lut.weight']
2020-07-02 09:20:16,854 cfg.name                           : transformer_multi_enc_ende
2020-07-02 09:20:16,854 cfg.data.src                       : en
2020-07-02 09:20:16,854 cfg.data.trg                       : de
2020-07-02 09:20:16,854 cfg.data.train                     : chatnmt/prep/train.tags.bpe.wmt_ende_best
2020-07-02 09:20:16,854 cfg.data.dev                       : chatnmt/prep/dev.tags.bpe.wmt_ende_best
2020-07-02 09:20:16,854 cfg.data.test                      : chatnmt/prep/test.tags.bpe.wmt_ende_best
2020-07-02 09:20:16,854 cfg.data.level                     : bpe
2020-07-02 09:20:16,854 cfg.data.lowercase                 : False
2020-07-02 09:20:16,854 cfg.data.max_sent_length           : 100
2020-07-02 09:20:16,854 cfg.testing.beam_size              : 5
2020-07-02 09:20:16,854 cfg.testing.alpha                  : 1.0
2020-07-02 09:20:16,855 cfg.training.random_seed           : 42
2020-07-02 09:20:16,855 cfg.training.optimizer             : adam
2020-07-02 09:20:16,855 cfg.training.normalization         : tokens
2020-07-02 09:20:16,855 cfg.training.adam_betas            : [0.9, 0.999]
2020-07-02 09:20:16,855 cfg.training.scheduling            : plateau
2020-07-02 09:20:16,855 cfg.training.patience              : 8
2020-07-02 09:20:16,855 cfg.training.decrease_factor       : 0.7
2020-07-02 09:20:16,855 cfg.training.loss                  : crossentropy
2020-07-02 09:20:16,855 cfg.training.learning_rate         : 0.0002
2020-07-02 09:20:16,855 cfg.training.learning_rate_min     : 1e-08
2020-07-02 09:20:16,855 cfg.training.weight_decay          : 0.0
2020-07-02 09:20:16,855 cfg.training.label_smoothing       : 0.1
2020-07-02 09:20:16,855 cfg.training.batch_size            : 4096
2020-07-02 09:20:16,855 cfg.training.batch_type            : token
2020-07-02 09:20:16,855 cfg.training.eval_batch_size       : 3600
2020-07-02 09:20:16,855 cfg.training.eval_batch_type       : token
2020-07-02 09:20:16,855 cfg.training.batch_multiplier      : 1
2020-07-02 09:20:16,855 cfg.training.early_stopping_metric : ppl
2020-07-02 09:20:16,855 cfg.training.epochs                : 100
2020-07-02 09:20:16,855 cfg.training.validation_freq       : 1000
2020-07-02 09:20:16,855 cfg.training.logging_freq          : 100
2020-07-02 09:20:16,855 cfg.training.eval_metric           : bleu
2020-07-02 09:20:16,855 cfg.training.model_dir             : models/transformer_multi_enc_shared_wmt17bpe_ende
2020-07-02 09:20:16,855 cfg.training.overwrite             : True
2020-07-02 09:20:16,855 cfg.training.shuffle               : True
2020-07-02 09:20:16,855 cfg.training.use_cuda              : True
2020-07-02 09:20:16,855 cfg.training.max_output_length     : 100
2020-07-02 09:20:16,855 cfg.training.print_valid_sents     : [0, 1, 2, 3]
2020-07-02 09:20:16,855 cfg.training.keep_last_ckpts       : 3
2020-07-02 09:20:16,855 cfg.model.initializer              : xavier
2020-07-02 09:20:16,855 cfg.model.bias_initializer         : zeros
2020-07-02 09:20:16,855 cfg.model.init_gain                : 1.0
2020-07-02 09:20:16,855 cfg.model.embed_initializer        : xavier
2020-07-02 09:20:16,855 cfg.model.embed_init_gain          : 1.0
2020-07-02 09:20:16,855 cfg.model.tied_embeddings          : False
2020-07-02 09:20:16,855 cfg.model.tied_softmax             : True
2020-07-02 09:20:16,855 cfg.model.encoder.type             : transformer
2020-07-02 09:20:16,855 cfg.model.encoder.num_layers       : 6
2020-07-02 09:20:16,855 cfg.model.encoder.num_heads        : 8
2020-07-02 09:20:16,855 cfg.model.encoder.embeddings.embedding_dim : 512
2020-07-02 09:20:16,855 cfg.model.encoder.embeddings.scale : True
2020-07-02 09:20:16,856 cfg.model.encoder.embeddings.dropout : 0.0
2020-07-02 09:20:16,856 cfg.model.encoder.hidden_size      : 512
2020-07-02 09:20:16,856 cfg.model.encoder.ff_size          : 2048
2020-07-02 09:20:16,856 cfg.model.encoder.dropout          : 0.1
2020-07-02 09:20:16,856 cfg.model.encoder.freeze           : False
2020-07-02 09:20:16,856 cfg.model.encoder.multi_encoder    : True
2020-07-02 09:20:16,856 cfg.model.encoder.share_encoder    : True
2020-07-02 09:20:16,856 cfg.model.decoder.type             : transformer
2020-07-02 09:20:16,856 cfg.model.decoder.num_layers       : 6
2020-07-02 09:20:16,856 cfg.model.decoder.num_heads        : 8
2020-07-02 09:20:16,856 cfg.model.decoder.embeddings.embedding_dim : 512
2020-07-02 09:20:16,856 cfg.model.decoder.embeddings.scale : True
2020-07-02 09:20:16,856 cfg.model.decoder.embeddings.dropout : 0.0
2020-07-02 09:20:16,856 cfg.model.decoder.hidden_size      : 512
2020-07-02 09:20:16,856 cfg.model.decoder.ff_size          : 2048
2020-07-02 09:20:16,856 cfg.model.decoder.dropout          : 0.1
2020-07-02 09:20:16,856 cfg.model.decoder.freeze           : False
2020-07-02 09:20:16,856 Data set sizes: 
	train 9771,
	valid 1522,
	test 1160
2020-07-02 09:20:16,856 First training example:
	[SRC] H@@ i there ! How can I help ?
	[TRG] Hall@@ o ! Wie kann ich helfen ?
2020-07-02 09:20:16,856 First 10 words (src): (0) <unk> (1) <pad> (2) <s> (3) </s> (4) . (5) , (6) ? (7) you (8) &@@ (9) a@@
2020-07-02 09:20:16,856 First 10 words (trg): (0) <unk> (1) <pad> (2) <s> (3) </s> (4) . (5) , (6) ? (7) Sie (8) ich (9) das
2020-07-02 09:20:16,856 Number of Src words (types): 4442
2020-07-02 09:20:16,856 Number of Trg words (types): 5796
2020-07-02 09:20:16,856 Model(
	encoder=TransformerEncoder(num_layers=5, num_heads=8),
	decoder=TransformerDecoder(num_layers=6, num_heads=8),
	src_embed=Embeddings(embedding_dim=512, vocab_size=4442),
	trg_embed=Embeddings(embedding_dim=512, vocab_size=5796))
2020-07-02 09:20:16,865 EPOCH 1
2020-07-02 09:20:41,386 Epoch   1: total training loss 375.50
2020-07-02 09:20:41,387 EPOCH 2
2020-07-02 09:20:53,894 Epoch   2 Step:      100 Batch Loss:     4.351603 Tokens per Sec:     6388, Lr: 0.000200
2020-07-02 09:21:05,901 Epoch   2: total training loss 335.25
2020-07-02 09:21:05,901 EPOCH 3
2020-07-02 09:21:29,831 Epoch   3 Step:      200 Batch Loss:     4.069482 Tokens per Sec:     6221, Lr: 0.000200
2020-07-02 09:21:30,426 Epoch   3: total training loss 315.71
2020-07-02 09:21:30,426 EPOCH 4
2020-07-02 09:21:55,245 Epoch   4: total training loss 279.36
2020-07-02 09:21:55,245 EPOCH 5
2020-07-02 09:22:06,108 Epoch   5 Step:      300 Batch Loss:     2.398865 Tokens per Sec:     6126, Lr: 0.000200
2020-07-02 09:22:19,960 Epoch   5: total training loss 250.43
2020-07-02 09:22:19,961 EPOCH 6
2020-07-02 09:22:42,539 Epoch   6 Step:      400 Batch Loss:     2.814831 Tokens per Sec:     6141, Lr: 0.000200
2020-07-02 09:22:44,635 Epoch   6: total training loss 217.07
2020-07-02 09:22:44,635 EPOCH 7
2020-07-02 09:23:09,814 Epoch   7: total training loss 198.39
2020-07-02 09:23:09,815 EPOCH 8
2020-07-02 09:23:19,480 Epoch   8 Step:      500 Batch Loss:     2.507015 Tokens per Sec:     6142, Lr: 0.000200
2020-07-02 09:23:34,990 Epoch   8: total training loss 177.64
2020-07-02 09:23:34,990 EPOCH 9
2020-07-02 09:23:57,299 Epoch   9 Step:      600 Batch Loss:     2.754969 Tokens per Sec:     5963, Lr: 0.000200
2020-07-02 09:24:00,192 Epoch   9: total training loss 165.74
2020-07-02 09:24:00,192 EPOCH 10
2020-07-02 09:24:25,525 Epoch  10: total training loss 149.33
2020-07-02 09:24:25,525 EPOCH 11
2020-07-02 09:24:34,627 Epoch  11 Step:      700 Batch Loss:     1.491813 Tokens per Sec:     6126, Lr: 0.000200
2020-07-02 09:24:50,818 Epoch  11: total training loss 139.87
2020-07-02 09:24:50,819 EPOCH 12
2020-07-02 09:25:11,489 Epoch  12 Step:      800 Batch Loss:     2.084319 Tokens per Sec:     6283, Lr: 0.000200
2020-07-02 09:25:15,619 Epoch  12: total training loss 131.98
2020-07-02 09:25:15,619 EPOCH 13
2020-07-02 09:25:40,854 Epoch  13: total training loss 118.00
2020-07-02 09:25:40,854 EPOCH 14
2020-07-02 09:25:48,945 Epoch  14 Step:      900 Batch Loss:     1.407780 Tokens per Sec:     6043, Lr: 0.000200
2020-07-02 09:26:05,602 Epoch  14: total training loss 115.54
2020-07-02 09:26:05,602 EPOCH 15
2020-07-02 09:26:25,332 Epoch  15 Step:     1000 Batch Loss:     1.447165 Tokens per Sec:     6255, Lr: 0.000200
2020-07-02 09:27:10,039 Hooray! New best validation result [ppl]!
2020-07-02 09:27:10,040 Saving new checkpoint.
2020-07-02 09:27:16,933 Example #0
2020-07-02 09:27:16,933 	Raw source:     ['H@@', 'ello', '.']
2020-07-02 09:27:16,933 	Raw hypothesis: ['Hall@@', 'o', '.']
2020-07-02 09:27:16,933 	Source:     Hello .
2020-07-02 09:27:16,933 	Reference:  Hallo ,
2020-07-02 09:27:16,933 	Hypothesis: Hallo .
2020-07-02 09:27:16,933 Example #1
2020-07-02 09:27:16,934 	Raw source:     ['H@@', 'i', ',', 'how', 'can', 'I', 'help', 'you', '?']
2020-07-02 09:27:16,934 	Raw hypothesis: ['Hall@@', 'o', ',', 'wie', 'kann', 'ich', 'Ihnen', 'helfen', '?']
2020-07-02 09:27:16,934 	Source:     Hi , how can I help you ?
2020-07-02 09:27:16,934 	Reference:  Hallo , wie kann ich Ihnen helfen ?
2020-07-02 09:27:16,934 	Hypothesis: Hallo , wie kann ich Ihnen helfen ?
2020-07-02 09:27:16,934 Example #2
2020-07-02 09:27:16,934 	Raw source:     ['H@@', 'i', ',', 'I', '&@@', 'a@@', 'pos@@', ';@@', 'm', 'looking', 'for', 'a', 'restaurant', 'inside', 'the', 'Ar@@', 'den', 'Fair', 'm@@', 'all', 'in', 'San', 'Francisco', ',', 'California', '.']
2020-07-02 09:27:16,934 	Raw hypothesis: ['Hall@@', 'o', ',', 'ich', 'möchte', 'ein', 'paar', 'Kin@@', 'ok@@', 'arten', 'in', 'San', 'Francisco', ',', 'Kalifor@@', 'nien', '.']
2020-07-02 09:27:16,934 	Source:     Hi , I &apos;m looking for a restaurant inside the Arden Fair mall in San Francisco , California .
2020-07-02 09:27:16,934 	Reference:  Hallo , ich bin auf der Suche nach einem Restaurant im Arden Fair Einkaufszentrum in San Francisco , Kalifornien .
2020-07-02 09:27:16,934 	Hypothesis: Hallo , ich möchte ein paar Kinokarten in San Francisco , Kalifornien .
2020-07-02 09:27:16,934 Example #3
2020-07-02 09:27:16,934 	Raw source:     ['O@@', 'k', ',', 'what', 'type', 'of', 'restaurant', 'are', 'you', 'looking', 'for', '?']
2020-07-02 09:27:16,934 	Raw hypothesis: ['O@@', 'k', ',', 'welche', 'Art', 'von', 'Essen', 'mögen', 'Sie', '?']
2020-07-02 09:27:16,934 	Source:     Ok , what type of restaurant are you looking for ?
2020-07-02 09:27:16,934 	Reference:  Ok . Welche Art von Restaurant suchen Sie denn genau ?
2020-07-02 09:27:16,934 	Hypothesis: Ok , welche Art von Essen mögen Sie ?
2020-07-02 09:27:16,934 Validation result (greedy) at epoch  15, step     1000: bleu:  16.36, loss: 55117.5664, ppl:   9.8785, duration: 51.6010s
2020-07-02 09:27:22,533 Epoch  15: total training loss 108.49
2020-07-02 09:27:22,533 EPOCH 16
2020-07-02 09:27:47,522 Epoch  16: total training loss 95.41
2020-07-02 09:27:47,522 EPOCH 17
2020-07-02 09:27:54,788 Epoch  17 Step:     1100 Batch Loss:     0.853147 Tokens per Sec:     5409, Lr: 0.000200
2020-07-02 09:28:12,398 Epoch  17: total training loss 87.62
2020-07-02 09:28:12,398 EPOCH 18
2020-07-02 09:28:31,615 Epoch  18 Step:     1200 Batch Loss:     1.061170 Tokens per Sec:     6151, Lr: 0.000200
2020-07-02 09:28:37,550 Epoch  18: total training loss 81.28
2020-07-02 09:28:37,551 EPOCH 19
2020-07-02 09:29:02,623 Epoch  19: total training loss 74.02
2020-07-02 09:29:02,624 EPOCH 20
2020-07-02 09:29:07,733 Epoch  20 Step:     1300 Batch Loss:     0.840324 Tokens per Sec:     6560, Lr: 0.000200
2020-07-02 09:29:27,876 Epoch  20: total training loss 69.95
2020-07-02 09:29:27,877 EPOCH 21
2020-07-02 09:29:45,586 Epoch  21 Step:     1400 Batch Loss:     0.917786 Tokens per Sec:     6171, Lr: 0.000200
2020-07-02 09:29:53,075 Epoch  21: total training loss 62.78
2020-07-02 09:29:53,075 EPOCH 22
2020-07-02 09:30:18,142 Epoch  22: total training loss 55.62
2020-07-02 09:30:18,143 EPOCH 23
2020-07-02 09:30:22,480 Epoch  23 Step:     1500 Batch Loss:     0.695147 Tokens per Sec:     6762, Lr: 0.000200
2020-07-02 09:30:43,452 Epoch  23: total training loss 52.24
2020-07-02 09:30:43,453 EPOCH 24
2020-07-02 09:31:00,327 Epoch  24 Step:     1600 Batch Loss:     0.995500 Tokens per Sec:     6201, Lr: 0.000200
2020-07-02 09:31:08,742 Epoch  24: total training loss 48.84
2020-07-02 09:31:08,742 EPOCH 25
2020-07-02 09:31:33,952 Epoch  25: total training loss 42.63
2020-07-02 09:31:33,952 EPOCH 26
2020-07-02 09:31:37,706 Epoch  26 Step:     1700 Batch Loss:     0.640194 Tokens per Sec:     6617, Lr: 0.000200
2020-07-02 09:31:59,048 Epoch  26: total training loss 39.38
2020-07-02 09:31:59,049 EPOCH 27
2020-07-02 09:32:15,186 Epoch  27 Step:     1800 Batch Loss:     0.601753 Tokens per Sec:     6081, Lr: 0.000200
2020-07-02 09:32:24,277 Epoch  27: total training loss 36.93
2020-07-02 09:32:24,278 EPOCH 28
2020-07-02 09:32:48,951 Epoch  28: total training loss 34.13
2020-07-02 09:32:48,951 EPOCH 29
2020-07-02 09:32:51,600 Epoch  29 Step:     1900 Batch Loss:     0.433715 Tokens per Sec:     4563, Lr: 0.000200
2020-07-02 09:33:13,982 Epoch  29: total training loss 30.60
2020-07-02 09:33:13,983 EPOCH 30
2020-07-02 09:33:28,731 Epoch  30 Step:     2000 Batch Loss:     0.276048 Tokens per Sec:     5951, Lr: 0.000200
2020-07-02 09:33:55,027 Hooray! New best validation result [ppl]!
2020-07-02 09:33:55,028 Saving new checkpoint.
2020-07-02 09:34:02,101 Example #0
2020-07-02 09:34:02,102 	Raw source:     ['H@@', 'ello', '.']
2020-07-02 09:34:02,102 	Raw hypothesis: ['Hall@@', 'o', '.']
2020-07-02 09:34:02,102 	Source:     Hello .
2020-07-02 09:34:02,102 	Reference:  Hallo ,
2020-07-02 09:34:02,102 	Hypothesis: Hallo .
2020-07-02 09:34:02,102 Example #1
2020-07-02 09:34:02,102 	Raw source:     ['H@@', 'i', ',', 'how', 'can', 'I', 'help', 'you', '?']
2020-07-02 09:34:02,102 	Raw hypothesis: ['Hall@@', 'o', ',', 'wie', 'kann', 'ich', 'Ihnen', 'helfen', '?']
2020-07-02 09:34:02,102 	Source:     Hi , how can I help you ?
2020-07-02 09:34:02,102 	Reference:  Hallo , wie kann ich Ihnen helfen ?
2020-07-02 09:34:02,102 	Hypothesis: Hallo , wie kann ich Ihnen helfen ?
2020-07-02 09:34:02,102 Example #2
2020-07-02 09:34:02,103 	Raw source:     ['H@@', 'i', ',', 'I', '&@@', 'a@@', 'pos@@', ';@@', 'm', 'looking', 'for', 'a', 'restaurant', 'inside', 'the', 'Ar@@', 'den', 'Fair', 'm@@', 'all', 'in', 'San', 'Francisco', ',', 'California', '.']
2020-07-02 09:34:02,103 	Raw hypothesis: ['Hall@@', 'o', ',', 'ich', 'suche', 'ein', 'Restaurant', 'in', 'San', 'Francisco', ',', 'Kalifor@@', 'nien', '.']
2020-07-02 09:34:02,103 	Source:     Hi , I &apos;m looking for a restaurant inside the Arden Fair mall in San Francisco , California .
2020-07-02 09:34:02,103 	Reference:  Hallo , ich bin auf der Suche nach einem Restaurant im Arden Fair Einkaufszentrum in San Francisco , Kalifornien .
2020-07-02 09:34:02,103 	Hypothesis: Hallo , ich suche ein Restaurant in San Francisco , Kalifornien .
2020-07-02 09:34:02,103 Example #3
2020-07-02 09:34:02,103 	Raw source:     ['O@@', 'k', ',', 'what', 'type', 'of', 'restaurant', 'are', 'you', 'looking', 'for', '?']
2020-07-02 09:34:02,103 	Raw hypothesis: ['O@@', 'k', ',', 'nach', 'welcher', 'Art', 'von', 'Restaurant', 'suchen', 'Sie', '?']
2020-07-02 09:34:02,103 	Source:     Ok , what type of restaurant are you looking for ?
2020-07-02 09:34:02,103 	Reference:  Ok . Welche Art von Restaurant suchen Sie denn genau ?
2020-07-02 09:34:02,103 	Hypothesis: Ok , nach welcher Art von Restaurant suchen Sie ?
2020-07-02 09:34:02,103 Validation result (greedy) at epoch  30, step     2000: bleu:  28.27, loss: 51092.8086, ppl:   8.3571, duration: 33.3716s
2020-07-02 09:34:12,569 Epoch  30: total training loss 27.04
2020-07-02 09:34:12,569 EPOCH 31
2020-07-02 09:34:37,840 Epoch  31: total training loss 25.93
2020-07-02 09:34:37,841 EPOCH 32
2020-07-02 09:34:38,627 Epoch  32 Step:     2100 Batch Loss:     0.342267 Tokens per Sec:     8324, Lr: 0.000200
2020-07-02 09:35:02,960 Epoch  32: total training loss 23.94
2020-07-02 09:35:02,961 EPOCH 33
2020-07-02 09:35:15,800 Epoch  33 Step:     2200 Batch Loss:     0.370328 Tokens per Sec:     6382, Lr: 0.000200
2020-07-02 09:35:28,183 Epoch  33: total training loss 21.80
2020-07-02 09:35:28,184 EPOCH 34
2020-07-02 09:35:53,263 Epoch  34: total training loss 19.79
2020-07-02 09:35:53,264 EPOCH 35
2020-07-02 09:35:53,841 Epoch  35 Step:     2300 Batch Loss:     0.217071 Tokens per Sec:     3573, Lr: 0.000200
2020-07-02 09:36:18,396 Epoch  35: total training loss 18.05
2020-07-02 09:36:18,396 EPOCH 36
2020-07-02 09:36:31,183 Epoch  36 Step:     2400 Batch Loss:     0.273920 Tokens per Sec:     6322, Lr: 0.000200
2020-07-02 09:36:43,343 Epoch  36: total training loss 17.65
2020-07-02 09:36:43,343 EPOCH 37
2020-07-02 09:37:07,922 Epoch  37 Step:     2500 Batch Loss:     0.236512 Tokens per Sec:     6136, Lr: 0.000200
2020-07-02 09:37:08,310 Epoch  37: total training loss 16.71
2020-07-02 09:37:08,310 EPOCH 38
2020-07-02 09:37:33,498 Epoch  38: total training loss 15.76
2020-07-02 09:37:33,498 EPOCH 39
2020-07-02 09:37:45,717 Epoch  39 Step:     2600 Batch Loss:     0.234452 Tokens per Sec:     6003, Lr: 0.000200
2020-07-02 09:37:58,975 Epoch  39: total training loss 14.80
2020-07-02 09:37:58,975 EPOCH 40
2020-07-02 09:38:22,454 Epoch  40 Step:     2700 Batch Loss:     0.218335 Tokens per Sec:     6161, Lr: 0.000200
2020-07-02 09:38:24,312 Epoch  40: total training loss 14.40
2020-07-02 09:38:24,313 EPOCH 41
2020-07-02 09:38:49,111 Epoch  41: total training loss 13.62
2020-07-02 09:38:49,112 EPOCH 42
2020-07-02 09:38:58,989 Epoch  42 Step:     2800 Batch Loss:     0.183013 Tokens per Sec:     6464, Lr: 0.000200
2020-07-02 09:39:13,490 Epoch  42: total training loss 13.44
2020-07-02 09:39:13,491 EPOCH 43
2020-07-02 09:39:36,110 Epoch  43 Step:     2900 Batch Loss:     0.185536 Tokens per Sec:     6030, Lr: 0.000200
2020-07-02 09:39:38,509 Epoch  43: total training loss 12.90
2020-07-02 09:39:38,509 EPOCH 44
2020-07-02 09:40:03,319 Epoch  44: total training loss 12.17
2020-07-02 09:40:03,319 EPOCH 45
2020-07-02 09:40:12,283 Epoch  45 Step:     3000 Batch Loss:     0.170594 Tokens per Sec:     6300, Lr: 0.000200
2020-07-02 09:40:38,985 Example #0
2020-07-02 09:40:38,985 	Raw source:     ['H@@', 'ello', '.']
2020-07-02 09:40:38,985 	Raw hypothesis: ['Hall@@', 'o', '.']
2020-07-02 09:40:38,985 	Source:     Hello .
2020-07-02 09:40:38,985 	Reference:  Hallo ,
2020-07-02 09:40:38,985 	Hypothesis: Hallo .
2020-07-02 09:40:38,985 Example #1
2020-07-02 09:40:38,985 	Raw source:     ['H@@', 'i', ',', 'how', 'can', 'I', 'help', 'you', '?']
2020-07-02 09:40:38,985 	Raw hypothesis: ['Hall@@', 'o', ',', 'wie', 'kann', 'ich', 'Ihnen', 'helfen', '?']
2020-07-02 09:40:38,985 	Source:     Hi , how can I help you ?
2020-07-02 09:40:38,985 	Reference:  Hallo , wie kann ich Ihnen helfen ?
2020-07-02 09:40:38,986 	Hypothesis: Hallo , wie kann ich Ihnen helfen ?
2020-07-02 09:40:38,986 Example #2
2020-07-02 09:40:38,986 	Raw source:     ['H@@', 'i', ',', 'I', '&@@', 'a@@', 'pos@@', ';@@', 'm', 'looking', 'for', 'a', 'restaurant', 'inside', 'the', 'Ar@@', 'den', 'Fair', 'm@@', 'all', 'in', 'San', 'Francisco', ',', 'California', '.']
2020-07-02 09:40:38,986 	Raw hypothesis: ['Hall@@', 'o', ',', 'ich', 'suche', 'ein', 'Restaurant', 'in', 'San', 'Francisco', ',', 'Kalifor@@', 'nien', '.']
2020-07-02 09:40:38,986 	Source:     Hi , I &apos;m looking for a restaurant inside the Arden Fair mall in San Francisco , California .
2020-07-02 09:40:38,986 	Reference:  Hallo , ich bin auf der Suche nach einem Restaurant im Arden Fair Einkaufszentrum in San Francisco , Kalifornien .
2020-07-02 09:40:38,986 	Hypothesis: Hallo , ich suche ein Restaurant in San Francisco , Kalifornien .
2020-07-02 09:40:38,986 Example #3
2020-07-02 09:40:38,986 	Raw source:     ['O@@', 'k', ',', 'what', 'type', 'of', 'restaurant', 'are', 'you', 'looking', 'for', '?']
2020-07-02 09:40:38,986 	Raw hypothesis: ['O@@', 'k', ',', 'nach', 'welcher', 'Art', 'von', 'Restaurant', 'suchen', 'Sie', '?']
2020-07-02 09:40:38,986 	Source:     Ok , what type of restaurant are you looking for ?
2020-07-02 09:40:38,986 	Reference:  Ok . Welche Art von Restaurant suchen Sie denn genau ?
2020-07-02 09:40:38,986 	Hypothesis: Ok , nach welcher Art von Restaurant suchen Sie ?
2020-07-02 09:40:38,986 Validation result (greedy) at epoch  45, step     3000: bleu:  30.05, loss: 51974.5547, ppl:   8.6690, duration: 26.7018s
2020-07-02 09:40:54,241 Epoch  45: total training loss 11.89
2020-07-02 09:40:54,242 EPOCH 46
2020-07-02 09:41:15,503 Epoch  46 Step:     3100 Batch Loss:     0.188971 Tokens per Sec:     6188, Lr: 0.000200
2020-07-02 09:41:18,913 Epoch  46: total training loss 11.61
2020-07-02 09:41:18,914 EPOCH 47
2020-07-02 09:41:43,549 Epoch  47: total training loss 11.30
2020-07-02 09:41:43,550 EPOCH 48
2020-07-02 09:41:52,240 Epoch  48 Step:     3200 Batch Loss:     0.170332 Tokens per Sec:     5970, Lr: 0.000200
2020-07-02 09:42:08,047 Epoch  48: total training loss 11.60
2020-07-02 09:42:08,048 EPOCH 49
2020-07-02 09:42:28,565 Epoch  49 Step:     3300 Batch Loss:     0.158866 Tokens per Sec:     6246, Lr: 0.000200
2020-07-02 09:42:32,791 Epoch  49: total training loss 11.13
2020-07-02 09:42:32,791 EPOCH 50
2020-07-02 09:42:57,512 Epoch  50: total training loss 10.89
2020-07-02 09:42:57,513 EPOCH 51
2020-07-02 09:43:05,591 Epoch  51 Step:     3400 Batch Loss:     0.173123 Tokens per Sec:     5655, Lr: 0.000200
2020-07-02 09:43:22,116 Epoch  51: total training loss 10.94
2020-07-02 09:43:22,116 EPOCH 52
2020-07-02 09:43:40,641 Epoch  52 Step:     3500 Batch Loss:     0.140156 Tokens per Sec:     6302, Lr: 0.000200
2020-07-02 09:43:46,822 Epoch  52: total training loss 10.42
2020-07-02 09:43:46,823 EPOCH 53
2020-07-02 09:44:11,453 Epoch  53: total training loss 10.64
2020-07-02 09:44:11,453 EPOCH 54
2020-07-02 09:44:16,580 Epoch  54 Step:     3600 Batch Loss:     0.143264 Tokens per Sec:     6058, Lr: 0.000200
2020-07-02 09:44:36,198 Epoch  54: total training loss 10.26
2020-07-02 09:44:36,199 EPOCH 55
2020-07-02 09:44:52,460 Epoch  55 Step:     3700 Batch Loss:     0.143147 Tokens per Sec:     6419, Lr: 0.000200
2020-07-02 09:45:00,583 Epoch  55: total training loss 9.98
2020-07-02 09:45:00,584 EPOCH 56
2020-07-02 09:45:25,422 Epoch  56: total training loss 9.79
2020-07-02 09:45:25,422 EPOCH 57
2020-07-02 09:45:28,941 Epoch  57 Step:     3800 Batch Loss:     0.130403 Tokens per Sec:     5827, Lr: 0.000200
2020-07-02 09:45:50,139 Epoch  57: total training loss 10.50
2020-07-02 09:45:50,140 EPOCH 58
2020-07-02 09:46:04,792 Epoch  58 Step:     3900 Batch Loss:     0.491107 Tokens per Sec:     6321, Lr: 0.000200
2020-07-02 09:46:15,065 Epoch  58: total training loss 12.59
2020-07-02 09:46:15,065 EPOCH 59
2020-07-02 09:46:39,590 Epoch  59: total training loss 11.24
2020-07-02 09:46:39,590 EPOCH 60
2020-07-02 09:46:41,758 Epoch  60 Step:     4000 Batch Loss:     0.114233 Tokens per Sec:     6031, Lr: 0.000200
2020-07-02 09:47:14,183 Example #0
2020-07-02 09:47:14,183 	Raw source:     ['H@@', 'ello', '.']
2020-07-02 09:47:14,183 	Raw hypothesis: ['Hall@@', 'o', '.']
2020-07-02 09:47:14,183 	Source:     Hello .
2020-07-02 09:47:14,184 	Reference:  Hallo ,
2020-07-02 09:47:14,184 	Hypothesis: Hallo .
2020-07-02 09:47:14,184 Example #1
2020-07-02 09:47:14,184 	Raw source:     ['H@@', 'i', ',', 'how', 'can', 'I', 'help', 'you', '?']
2020-07-02 09:47:14,184 	Raw hypothesis: ['Hall@@', 'o', ',', 'wie', 'kann', 'ich', 'Ihnen', 'helfen', '?']
2020-07-02 09:47:14,184 	Source:     Hi , how can I help you ?
2020-07-02 09:47:14,184 	Reference:  Hallo , wie kann ich Ihnen helfen ?
2020-07-02 09:47:14,184 	Hypothesis: Hallo , wie kann ich Ihnen helfen ?
2020-07-02 09:47:14,184 Example #2
2020-07-02 09:47:14,184 	Raw source:     ['H@@', 'i', ',', 'I', '&@@', 'a@@', 'pos@@', ';@@', 'm', 'looking', 'for', 'a', 'restaurant', 'inside', 'the', 'Ar@@', 'den', 'Fair', 'm@@', 'all', 'in', 'San', 'Francisco', ',', 'California', '.']
2020-07-02 09:47:14,184 	Raw hypothesis: ['Hall@@', 'o', ',', 'ich', 'suche', 'ein', 'Restaurant', 'in', 'der', 'Ar@@', 'den', 'Fair', 'M@@', 'all', '.']
2020-07-02 09:47:14,184 	Source:     Hi , I &apos;m looking for a restaurant inside the Arden Fair mall in San Francisco , California .
2020-07-02 09:47:14,184 	Reference:  Hallo , ich bin auf der Suche nach einem Restaurant im Arden Fair Einkaufszentrum in San Francisco , Kalifornien .
2020-07-02 09:47:14,184 	Hypothesis: Hallo , ich suche ein Restaurant in der Arden Fair Mall .
2020-07-02 09:47:14,184 Example #3
2020-07-02 09:47:14,184 	Raw source:     ['O@@', 'k', ',', 'what', 'type', 'of', 'restaurant', 'are', 'you', 'looking', 'for', '?']
2020-07-02 09:47:14,184 	Raw hypothesis: ['O@@', 'k', ',', 'nach', 'welcher', 'Art', 'von', 'Restaurant', 'suchen', 'Sie', '?']
2020-07-02 09:47:14,184 	Source:     Ok , what type of restaurant are you looking for ?
2020-07-02 09:47:14,185 	Reference:  Ok . Welche Art von Restaurant suchen Sie denn genau ?
2020-07-02 09:47:14,185 	Hypothesis: Ok , nach welcher Art von Restaurant suchen Sie ?
2020-07-02 09:47:14,185 Validation result (greedy) at epoch  60, step     4000: bleu:  30.06, loss: 52527.0586, ppl:   8.8704, duration: 32.4260s
2020-07-02 09:47:36,585 Epoch  60: total training loss 9.30
2020-07-02 09:47:36,585 EPOCH 61
2020-07-02 09:47:50,268 Epoch  61 Step:     4100 Batch Loss:     0.111488 Tokens per Sec:     6316, Lr: 0.000200
2020-07-02 09:48:01,468 Epoch  61: total training loss 8.58
2020-07-02 09:48:01,469 EPOCH 62
2020-07-02 09:48:26,160 Epoch  62: total training loss 8.34
2020-07-02 09:48:26,160 EPOCH 63
2020-07-02 09:48:27,342 Epoch  63 Step:     4200 Batch Loss:     0.114206 Tokens per Sec:     2656, Lr: 0.000200
2020-07-02 09:48:50,667 Epoch  63: total training loss 7.99
2020-07-02 09:48:50,668 EPOCH 64
2020-07-02 09:49:03,709 Epoch  64 Step:     4300 Batch Loss:     0.115093 Tokens per Sec:     5854, Lr: 0.000200
2020-07-02 09:49:15,086 Epoch  64: total training loss 7.91
2020-07-02 09:49:15,087 EPOCH 65
2020-07-02 09:49:39,472 Epoch  65 Step:     4400 Batch Loss:     0.112651 Tokens per Sec:     6207, Lr: 0.000200
2020-07-02 09:49:39,912 Epoch  65: total training loss 7.74
2020-07-02 09:49:39,912 EPOCH 66
2020-07-02 09:50:04,432 Epoch  66: total training loss 7.65
2020-07-02 09:50:04,433 EPOCH 67
2020-07-02 09:50:15,699 Epoch  67 Step:     4500 Batch Loss:     0.100388 Tokens per Sec:     6367, Lr: 0.000200
2020-07-02 09:50:28,554 Epoch  67: total training loss 7.45
2020-07-02 09:50:28,555 EPOCH 68
2020-07-02 09:50:52,053 Epoch  68 Step:     4600 Batch Loss:     0.114446 Tokens per Sec:     6273, Lr: 0.000200
2020-07-02 09:50:53,228 Epoch  68: total training loss 7.38
2020-07-02 09:50:53,228 EPOCH 69
2020-07-02 09:51:17,975 Epoch  69: total training loss 7.28
2020-07-02 09:51:17,975 EPOCH 70
2020-07-02 09:51:28,648 Epoch  70 Step:     4700 Batch Loss:     0.095837 Tokens per Sec:     6408, Lr: 0.000200
2020-07-02 09:51:43,018 Epoch  70: total training loss 7.48
2020-07-02 09:51:43,019 EPOCH 71
2020-07-02 09:52:06,114 Epoch  71 Step:     4800 Batch Loss:     0.118366 Tokens per Sec:     6130, Lr: 0.000200
2020-07-02 09:52:08,103 Epoch  71: total training loss 7.30
2020-07-02 09:52:08,104 EPOCH 72
2020-07-02 09:52:33,038 Epoch  72: total training loss 7.33
2020-07-02 09:52:33,039 EPOCH 73
2020-07-02 09:52:42,955 Epoch  73 Step:     4900 Batch Loss:     0.112588 Tokens per Sec:     6215, Lr: 0.000200
2020-07-02 09:52:58,275 Epoch  73: total training loss 7.32
2020-07-02 09:52:58,275 EPOCH 74
2020-07-02 09:53:20,437 Epoch  74 Step:     5000 Batch Loss:     0.118488 Tokens per Sec:     6113, Lr: 0.000200
2020-07-02 09:53:53,513 Example #0
2020-07-02 09:53:53,513 	Raw source:     ['H@@', 'ello', '.']
2020-07-02 09:53:53,513 	Raw hypothesis: ['Hall@@', 'o', '.']
2020-07-02 09:53:53,513 	Source:     Hello .
2020-07-02 09:53:53,513 	Reference:  Hallo ,
2020-07-02 09:53:53,513 	Hypothesis: Hallo .
2020-07-02 09:53:53,513 Example #1
2020-07-02 09:53:53,513 	Raw source:     ['H@@', 'i', ',', 'how', 'can', 'I', 'help', 'you', '?']
2020-07-02 09:53:53,514 	Raw hypothesis: ['Hall@@', 'o', ',', 'wie', 'kann', 'ich', 'Ihnen', 'helfen', '?']
2020-07-02 09:53:53,514 	Source:     Hi , how can I help you ?
2020-07-02 09:53:53,514 	Reference:  Hallo , wie kann ich Ihnen helfen ?
2020-07-02 09:53:53,514 	Hypothesis: Hallo , wie kann ich Ihnen helfen ?
2020-07-02 09:53:53,514 Example #2
2020-07-02 09:53:53,514 	Raw source:     ['H@@', 'i', ',', 'I', '&@@', 'a@@', 'pos@@', ';@@', 'm', 'looking', 'for', 'a', 'restaurant', 'inside', 'the', 'Ar@@', 'den', 'Fair', 'm@@', 'all', 'in', 'San', 'Francisco', ',', 'California', '.']
2020-07-02 09:53:53,514 	Raw hypothesis: ['Hall@@', 'o', ',', 'ich', 'suche', 'ein', 'Restaurant', 'in', 'der', 'Ar@@', 'den', 'Fair', 'M@@', 'all', 'in', 'San', 'Francisco', ',', 'Kalifor@@', 'nien', '.']
2020-07-02 09:53:53,514 	Source:     Hi , I &apos;m looking for a restaurant inside the Arden Fair mall in San Francisco , California .
2020-07-02 09:53:53,514 	Reference:  Hallo , ich bin auf der Suche nach einem Restaurant im Arden Fair Einkaufszentrum in San Francisco , Kalifornien .
2020-07-02 09:53:53,514 	Hypothesis: Hallo , ich suche ein Restaurant in der Arden Fair Mall in San Francisco , Kalifornien .
2020-07-02 09:53:53,514 Example #3
2020-07-02 09:53:53,514 	Raw source:     ['O@@', 'k', ',', 'what', 'type', 'of', 'restaurant', 'are', 'you', 'looking', 'for', '?']
2020-07-02 09:53:53,514 	Raw hypothesis: ['O@@', 'k', ',', 'nach', 'welcher', 'Art', 'von', 'Restaurant', 'suchen', 'Sie', '?']
2020-07-02 09:53:53,514 	Source:     Ok , what type of restaurant are you looking for ?
2020-07-02 09:53:53,514 	Reference:  Ok . Welche Art von Restaurant suchen Sie denn genau ?
2020-07-02 09:53:53,514 	Hypothesis: Ok , nach welcher Art von Restaurant suchen Sie ?
2020-07-02 09:53:53,514 Validation result (greedy) at epoch  74, step     5000: bleu:  31.65, loss: 51618.9375, ppl:   8.5419, duration: 33.0759s
2020-07-02 09:53:56,809 Epoch  74: total training loss 7.07
2020-07-02 09:53:56,810 EPOCH 75
2020-07-02 09:54:22,049 Epoch  75: total training loss 7.03
2020-07-02 09:54:22,049 EPOCH 76
2020-07-02 09:54:31,518 Epoch  76 Step:     5100 Batch Loss:     0.116008 Tokens per Sec:     5884, Lr: 0.000200
2020-07-02 09:54:47,365 Epoch  76: total training loss 7.10
2020-07-02 09:54:47,365 EPOCH 77
2020-07-02 09:55:08,526 Epoch  77 Step:     5200 Batch Loss:     0.115004 Tokens per Sec:     6151, Lr: 0.000200
2020-07-02 09:55:12,933 Epoch  77: total training loss 7.06
2020-07-02 09:55:12,934 EPOCH 78
2020-07-02 09:55:38,231 Epoch  78: total training loss 7.14
2020-07-02 09:55:38,231 EPOCH 79
2020-07-02 09:55:46,539 Epoch  79 Step:     5300 Batch Loss:     0.099723 Tokens per Sec:     6024, Lr: 0.000200
2020-07-02 09:56:03,781 Epoch  79: total training loss 7.06
2020-07-02 09:56:03,781 EPOCH 80
2020-07-02 09:56:24,205 Epoch  80 Step:     5400 Batch Loss:     0.103355 Tokens per Sec:     6085, Lr: 0.000200
2020-07-02 09:56:29,286 Epoch  80: total training loss 7.02
2020-07-02 09:56:29,286 EPOCH 81
2020-07-02 09:56:54,795 Epoch  81: total training loss 7.97
2020-07-02 09:56:54,795 EPOCH 82
2020-07-02 09:57:02,099 Epoch  82 Step:     5500 Batch Loss:     0.116199 Tokens per Sec:     5869, Lr: 0.000200
2020-07-02 09:57:20,065 Epoch  82: total training loss 7.40
2020-07-02 09:57:20,065 EPOCH 83
2020-07-02 09:57:39,790 Epoch  83 Step:     5600 Batch Loss:     0.098598 Tokens per Sec:     6101, Lr: 0.000200
2020-07-02 09:57:45,235 Epoch  83: total training loss 6.94
2020-07-02 09:57:45,236 EPOCH 84
2020-07-02 09:58:09,656 Epoch  84: total training loss 6.76
2020-07-02 09:58:09,656 EPOCH 85
2020-07-02 09:58:15,965 Epoch  85 Step:     5700 Batch Loss:     0.096344 Tokens per Sec:     6373, Lr: 0.000200
2020-07-02 09:58:34,023 Epoch  85: total training loss 6.54
2020-07-02 09:58:34,023 EPOCH 86
2020-07-02 09:58:52,433 Epoch  86 Step:     5800 Batch Loss:     0.102491 Tokens per Sec:     6294, Lr: 0.000200
2020-07-02 09:58:58,504 Epoch  86: total training loss 6.68
2020-07-02 09:58:58,504 EPOCH 87
2020-07-02 09:59:23,181 Epoch  87: total training loss 6.38
2020-07-02 09:59:23,182 EPOCH 88
2020-07-02 09:59:28,404 Epoch  88 Step:     5900 Batch Loss:     0.106905 Tokens per Sec:     6787, Lr: 0.000200
2020-07-02 09:59:48,321 Epoch  88: total training loss 10.83
2020-07-02 09:59:48,321 EPOCH 89
2020-07-02 10:00:06,169 Epoch  89 Step:     6000 Batch Loss:     0.154477 Tokens per Sec:     6162, Lr: 0.000200
2020-07-02 10:00:30,023 Example #0
2020-07-02 10:00:30,023 	Raw source:     ['H@@', 'ello', '.']
2020-07-02 10:00:30,023 	Raw hypothesis: ['Hall@@', 'o', '.']
2020-07-02 10:00:30,023 	Source:     Hello .
2020-07-02 10:00:30,023 	Reference:  Hallo ,
2020-07-02 10:00:30,023 	Hypothesis: Hallo .
2020-07-02 10:00:30,023 Example #1
2020-07-02 10:00:30,023 	Raw source:     ['H@@', 'i', ',', 'how', 'can', 'I', 'help', 'you', '?']
2020-07-02 10:00:30,023 	Raw hypothesis: ['Hall@@', 'o', ',', 'wie', 'kann', 'ich', 'Ihnen', 'helfen', '?']
2020-07-02 10:00:30,023 	Source:     Hi , how can I help you ?
2020-07-02 10:00:30,023 	Reference:  Hallo , wie kann ich Ihnen helfen ?
2020-07-02 10:00:30,023 	Hypothesis: Hallo , wie kann ich Ihnen helfen ?
2020-07-02 10:00:30,023 Example #2
2020-07-02 10:00:30,023 	Raw source:     ['H@@', 'i', ',', 'I', '&@@', 'a@@', 'pos@@', ';@@', 'm', 'looking', 'for', 'a', 'restaurant', 'inside', 'the', 'Ar@@', 'den', 'Fair', 'm@@', 'all', 'in', 'San', 'Francisco', ',', 'California', '.']
2020-07-02 10:00:30,023 	Raw hypothesis: ['Hall@@', 'o', ',', 'ich', 'suche', 'ein', 'Restaurant', 'in', 'der', 'Ar@@', 'den', 'Fair', 'M@@', 'all', 'in', 'San', 'Francisco', ',', 'Kalifor@@', 'nien', '.']
2020-07-02 10:00:30,023 	Source:     Hi , I &apos;m looking for a restaurant inside the Arden Fair mall in San Francisco , California .
2020-07-02 10:00:30,023 	Reference:  Hallo , ich bin auf der Suche nach einem Restaurant im Arden Fair Einkaufszentrum in San Francisco , Kalifornien .
2020-07-02 10:00:30,024 	Hypothesis: Hallo , ich suche ein Restaurant in der Arden Fair Mall in San Francisco , Kalifornien .
2020-07-02 10:00:30,024 Example #3
2020-07-02 10:00:30,024 	Raw source:     ['O@@', 'k', ',', 'what', 'type', 'of', 'restaurant', 'are', 'you', 'looking', 'for', '?']
2020-07-02 10:00:30,024 	Raw hypothesis: ['O@@', 'k', ',', 'nach', 'welcher', 'Art', 'von', 'Restaurant', 'suchen', 'Sie', '?']
2020-07-02 10:00:30,024 	Source:     Ok , what type of restaurant are you looking for ?
2020-07-02 10:00:30,024 	Reference:  Ok . Welche Art von Restaurant suchen Sie denn genau ?
2020-07-02 10:00:30,024 	Hypothesis: Ok , nach welcher Art von Restaurant suchen Sie ?
2020-07-02 10:00:30,024 Validation result (greedy) at epoch  89, step     6000: bleu:  29.84, loss: 53110.8906, ppl:   9.0882, duration: 23.8539s
2020-07-02 10:00:37,918 Epoch  89: total training loss 12.39
2020-07-02 10:00:37,918 EPOCH 90
2020-07-02 10:01:03,580 Epoch  90: total training loss 7.98
2020-07-02 10:01:03,581 EPOCH 91
2020-07-02 10:01:08,276 Epoch  91 Step:     6100 Batch Loss:     0.103650 Tokens per Sec:     6440, Lr: 0.000200
2020-07-02 10:01:29,290 Epoch  91: total training loss 6.83
2020-07-02 10:01:29,290 EPOCH 92
2020-07-02 10:01:47,649 Epoch  92 Step:     6200 Batch Loss:     0.094640 Tokens per Sec:     5701, Lr: 0.000200
2020-07-02 10:01:54,725 Epoch  92: total training loss 6.37
2020-07-02 10:01:54,726 EPOCH 93
2020-07-02 10:02:20,118 Epoch  93: total training loss 6.14
2020-07-02 10:02:20,118 EPOCH 94
2020-07-02 10:02:24,136 Epoch  94 Step:     6300 Batch Loss:     0.085418 Tokens per Sec:     6124, Lr: 0.000200
2020-07-02 10:02:45,455 Epoch  94: total training loss 6.03
2020-07-02 10:02:45,455 EPOCH 95
2020-07-02 10:03:01,663 Epoch  95 Step:     6400 Batch Loss:     0.096009 Tokens per Sec:     5948, Lr: 0.000200
2020-07-02 10:03:11,153 Epoch  95: total training loss 5.79
2020-07-02 10:03:11,153 EPOCH 96
2020-07-02 10:03:36,333 Epoch  96: total training loss 5.68
2020-07-02 10:03:36,334 EPOCH 97
2020-07-02 10:03:39,199 Epoch  97 Step:     6500 Batch Loss:     0.073549 Tokens per Sec:     5625, Lr: 0.000200
2020-07-02 10:04:01,831 Epoch  97: total training loss 5.56
2020-07-02 10:04:01,832 EPOCH 98
2020-07-02 10:04:16,406 Epoch  98 Step:     6600 Batch Loss:     0.073362 Tokens per Sec:     5937, Lr: 0.000200
2020-07-02 10:04:27,535 Epoch  98: total training loss 5.53
2020-07-02 10:04:27,536 EPOCH 99
2020-07-02 10:04:52,836 Epoch  99: total training loss 5.35
2020-07-02 10:04:52,837 EPOCH 100
2020-07-02 10:04:54,607 Epoch 100 Step:     6700 Batch Loss:     0.100838 Tokens per Sec:     4409, Lr: 0.000200
2020-07-02 10:05:18,132 Epoch 100: total training loss 5.43
2020-07-02 10:05:18,132 Training ended after 100 epochs.
2020-07-02 10:05:18,132 Best validation result (greedy) at step     2000:   8.36 ppl.
2020-07-02 10:05:41,045  dev bleu:  29.26 [Beam search decoding with beam size = 5 and alpha = 1.0]
2020-07-02 10:05:41,049 Translations saved to: models/transformer_multi_enc_shared_wmt17bpe_ende/00002000.hyps.dev
2020-07-02 10:05:56,023 test bleu:  27.07 [Beam search decoding with beam size = 5 and alpha = 1.0]
2020-07-02 10:05:56,027 Translations saved to: models/transformer_multi_enc_shared_wmt17bpe_ende/00002000.hyps.test
