2020-08-10 08:42:25,974 Hello! This is Joey-NMT.
2020-08-10 08:42:27,312 Total params: 29320704
2020-08-10 08:42:27,314 Trainable parameters: ['decoder.layer_norm.bias', 'decoder.layer_norm.weight', 'decoder.layers.0.dec_layer_norm.bias', 'decoder.layers.0.dec_layer_norm.weight', 'decoder.layers.0.feed_forward.layer_norm.bias', 'decoder.layers.0.feed_forward.layer_norm.weight', 'decoder.layers.0.feed_forward.pwff_layer.0.bias', 'decoder.layers.0.feed_forward.pwff_layer.0.weight', 'decoder.layers.0.feed_forward.pwff_layer.3.bias', 'decoder.layers.0.feed_forward.pwff_layer.3.weight', 'decoder.layers.0.src_trg_att.k_layer.bias', 'decoder.layers.0.src_trg_att.k_layer.weight', 'decoder.layers.0.src_trg_att.output_layer.bias', 'decoder.layers.0.src_trg_att.output_layer.weight', 'decoder.layers.0.src_trg_att.q_layer.bias', 'decoder.layers.0.src_trg_att.q_layer.weight', 'decoder.layers.0.src_trg_att.v_layer.bias', 'decoder.layers.0.src_trg_att.v_layer.weight', 'decoder.layers.0.trg_trg_att.k_layer.bias', 'decoder.layers.0.trg_trg_att.k_layer.weight', 'decoder.layers.0.trg_trg_att.output_layer.bias', 'decoder.layers.0.trg_trg_att.output_layer.weight', 'decoder.layers.0.trg_trg_att.q_layer.bias', 'decoder.layers.0.trg_trg_att.q_layer.weight', 'decoder.layers.0.trg_trg_att.v_layer.bias', 'decoder.layers.0.trg_trg_att.v_layer.weight', 'decoder.layers.0.x_layer_norm.bias', 'decoder.layers.0.x_layer_norm.weight', 'decoder.layers.1.dec_layer_norm.bias', 'decoder.layers.1.dec_layer_norm.weight', 'decoder.layers.1.feed_forward.layer_norm.bias', 'decoder.layers.1.feed_forward.layer_norm.weight', 'decoder.layers.1.feed_forward.pwff_layer.0.bias', 'decoder.layers.1.feed_forward.pwff_layer.0.weight', 'decoder.layers.1.feed_forward.pwff_layer.3.bias', 'decoder.layers.1.feed_forward.pwff_layer.3.weight', 'decoder.layers.1.src_trg_att.k_layer.bias', 'decoder.layers.1.src_trg_att.k_layer.weight', 'decoder.layers.1.src_trg_att.output_layer.bias', 'decoder.layers.1.src_trg_att.output_layer.weight', 'decoder.layers.1.src_trg_att.q_layer.bias', 'decoder.layers.1.src_trg_att.q_layer.weight', 'decoder.layers.1.src_trg_att.v_layer.bias', 'decoder.layers.1.src_trg_att.v_layer.weight', 'decoder.layers.1.trg_trg_att.k_layer.bias', 'decoder.layers.1.trg_trg_att.k_layer.weight', 'decoder.layers.1.trg_trg_att.output_layer.bias', 'decoder.layers.1.trg_trg_att.output_layer.weight', 'decoder.layers.1.trg_trg_att.q_layer.bias', 'decoder.layers.1.trg_trg_att.q_layer.weight', 'decoder.layers.1.trg_trg_att.v_layer.bias', 'decoder.layers.1.trg_trg_att.v_layer.weight', 'decoder.layers.1.x_layer_norm.bias', 'decoder.layers.1.x_layer_norm.weight', 'decoder.layers.2.dec_layer_norm.bias', 'decoder.layers.2.dec_layer_norm.weight', 'decoder.layers.2.feed_forward.layer_norm.bias', 'decoder.layers.2.feed_forward.layer_norm.weight', 'decoder.layers.2.feed_forward.pwff_layer.0.bias', 'decoder.layers.2.feed_forward.pwff_layer.0.weight', 'decoder.layers.2.feed_forward.pwff_layer.3.bias', 'decoder.layers.2.feed_forward.pwff_layer.3.weight', 'decoder.layers.2.src_trg_att.k_layer.bias', 'decoder.layers.2.src_trg_att.k_layer.weight', 'decoder.layers.2.src_trg_att.output_layer.bias', 'decoder.layers.2.src_trg_att.output_layer.weight', 'decoder.layers.2.src_trg_att.q_layer.bias', 'decoder.layers.2.src_trg_att.q_layer.weight', 'decoder.layers.2.src_trg_att.v_layer.bias', 'decoder.layers.2.src_trg_att.v_layer.weight', 'decoder.layers.2.trg_trg_att.k_layer.bias', 'decoder.layers.2.trg_trg_att.k_layer.weight', 'decoder.layers.2.trg_trg_att.output_layer.bias', 'decoder.layers.2.trg_trg_att.output_layer.weight', 'decoder.layers.2.trg_trg_att.q_layer.bias', 'decoder.layers.2.trg_trg_att.q_layer.weight', 'decoder.layers.2.trg_trg_att.v_layer.bias', 'decoder.layers.2.trg_trg_att.v_layer.weight', 'decoder.layers.2.x_layer_norm.bias', 'decoder.layers.2.x_layer_norm.weight', 'decoder.layers.3.dec_layer_norm.bias', 'decoder.layers.3.dec_layer_norm.weight', 'decoder.layers.3.feed_forward.layer_norm.bias', 'decoder.layers.3.feed_forward.layer_norm.weight', 'decoder.layers.3.feed_forward.pwff_layer.0.bias', 'decoder.layers.3.feed_forward.pwff_layer.0.weight', 'decoder.layers.3.feed_forward.pwff_layer.3.bias', 'decoder.layers.3.feed_forward.pwff_layer.3.weight', 'decoder.layers.3.src_trg_att.k_layer.bias', 'decoder.layers.3.src_trg_att.k_layer.weight', 'decoder.layers.3.src_trg_att.output_layer.bias', 'decoder.layers.3.src_trg_att.output_layer.weight', 'decoder.layers.3.src_trg_att.q_layer.bias', 'decoder.layers.3.src_trg_att.q_layer.weight', 'decoder.layers.3.src_trg_att.v_layer.bias', 'decoder.layers.3.src_trg_att.v_layer.weight', 'decoder.layers.3.trg_trg_att.k_layer.bias', 'decoder.layers.3.trg_trg_att.k_layer.weight', 'decoder.layers.3.trg_trg_att.output_layer.bias', 'decoder.layers.3.trg_trg_att.output_layer.weight', 'decoder.layers.3.trg_trg_att.q_layer.bias', 'decoder.layers.3.trg_trg_att.q_layer.weight', 'decoder.layers.3.trg_trg_att.v_layer.bias', 'decoder.layers.3.trg_trg_att.v_layer.weight', 'decoder.layers.3.x_layer_norm.bias', 'decoder.layers.3.x_layer_norm.weight', 'decoder.layers.4.dec_layer_norm.bias', 'decoder.layers.4.dec_layer_norm.weight', 'decoder.layers.4.feed_forward.layer_norm.bias', 'decoder.layers.4.feed_forward.layer_norm.weight', 'decoder.layers.4.feed_forward.pwff_layer.0.bias', 'decoder.layers.4.feed_forward.pwff_layer.0.weight', 'decoder.layers.4.feed_forward.pwff_layer.3.bias', 'decoder.layers.4.feed_forward.pwff_layer.3.weight', 'decoder.layers.4.src_trg_att.k_layer.bias', 'decoder.layers.4.src_trg_att.k_layer.weight', 'decoder.layers.4.src_trg_att.output_layer.bias', 'decoder.layers.4.src_trg_att.output_layer.weight', 'decoder.layers.4.src_trg_att.q_layer.bias', 'decoder.layers.4.src_trg_att.q_layer.weight', 'decoder.layers.4.src_trg_att.v_layer.bias', 'decoder.layers.4.src_trg_att.v_layer.weight', 'decoder.layers.4.trg_trg_att.k_layer.bias', 'decoder.layers.4.trg_trg_att.k_layer.weight', 'decoder.layers.4.trg_trg_att.output_layer.bias', 'decoder.layers.4.trg_trg_att.output_layer.weight', 'decoder.layers.4.trg_trg_att.q_layer.bias', 'decoder.layers.4.trg_trg_att.q_layer.weight', 'decoder.layers.4.trg_trg_att.v_layer.bias', 'decoder.layers.4.trg_trg_att.v_layer.weight', 'decoder.layers.4.x_layer_norm.bias', 'decoder.layers.4.x_layer_norm.weight', 'decoder.layers.5.dec_layer_norm.bias', 'decoder.layers.5.dec_layer_norm.weight', 'decoder.layers.5.feed_forward.layer_norm.bias', 'decoder.layers.5.feed_forward.layer_norm.weight', 'decoder.layers.5.feed_forward.pwff_layer.0.bias', 'decoder.layers.5.feed_forward.pwff_layer.0.weight', 'decoder.layers.5.feed_forward.pwff_layer.3.bias', 'decoder.layers.5.feed_forward.pwff_layer.3.weight', 'decoder.layers.5.src_trg_att.k_layer.bias', 'decoder.layers.5.src_trg_att.k_layer.weight', 'decoder.layers.5.src_trg_att.output_layer.bias', 'decoder.layers.5.src_trg_att.output_layer.weight', 'decoder.layers.5.src_trg_att.q_layer.bias', 'decoder.layers.5.src_trg_att.q_layer.weight', 'decoder.layers.5.src_trg_att.v_layer.bias', 'decoder.layers.5.src_trg_att.v_layer.weight', 'decoder.layers.5.trg_trg_att.k_layer.bias', 'decoder.layers.5.trg_trg_att.k_layer.weight', 'decoder.layers.5.trg_trg_att.output_layer.bias', 'decoder.layers.5.trg_trg_att.output_layer.weight', 'decoder.layers.5.trg_trg_att.q_layer.bias', 'decoder.layers.5.trg_trg_att.q_layer.weight', 'decoder.layers.5.trg_trg_att.v_layer.bias', 'decoder.layers.5.trg_trg_att.v_layer.weight', 'decoder.layers.5.x_layer_norm.bias', 'decoder.layers.5.x_layer_norm.weight', 'encoder.layer_norm.bias', 'encoder.layer_norm.weight', 'encoder.layers.0.feed_forward.layer_norm.bias', 'encoder.layers.0.feed_forward.layer_norm.weight', 'encoder.layers.0.feed_forward.pwff_layer.0.bias', 'encoder.layers.0.feed_forward.pwff_layer.0.weight', 'encoder.layers.0.feed_forward.pwff_layer.3.bias', 'encoder.layers.0.feed_forward.pwff_layer.3.weight', 'encoder.layers.0.layer_norm.bias', 'encoder.layers.0.layer_norm.weight', 'encoder.layers.0.src_src_att.k_layer.bias', 'encoder.layers.0.src_src_att.k_layer.weight', 'encoder.layers.0.src_src_att.output_layer.bias', 'encoder.layers.0.src_src_att.output_layer.weight', 'encoder.layers.0.src_src_att.q_layer.bias', 'encoder.layers.0.src_src_att.q_layer.weight', 'encoder.layers.0.src_src_att.v_layer.bias', 'encoder.layers.0.src_src_att.v_layer.weight', 'encoder.layers.1.feed_forward.layer_norm.bias', 'encoder.layers.1.feed_forward.layer_norm.weight', 'encoder.layers.1.feed_forward.pwff_layer.0.bias', 'encoder.layers.1.feed_forward.pwff_layer.0.weight', 'encoder.layers.1.feed_forward.pwff_layer.3.bias', 'encoder.layers.1.feed_forward.pwff_layer.3.weight', 'encoder.layers.1.layer_norm.bias', 'encoder.layers.1.layer_norm.weight', 'encoder.layers.1.src_src_att.k_layer.bias', 'encoder.layers.1.src_src_att.k_layer.weight', 'encoder.layers.1.src_src_att.output_layer.bias', 'encoder.layers.1.src_src_att.output_layer.weight', 'encoder.layers.1.src_src_att.q_layer.bias', 'encoder.layers.1.src_src_att.q_layer.weight', 'encoder.layers.1.src_src_att.v_layer.bias', 'encoder.layers.1.src_src_att.v_layer.weight', 'encoder.layers.2.feed_forward.layer_norm.bias', 'encoder.layers.2.feed_forward.layer_norm.weight', 'encoder.layers.2.feed_forward.pwff_layer.0.bias', 'encoder.layers.2.feed_forward.pwff_layer.0.weight', 'encoder.layers.2.feed_forward.pwff_layer.3.bias', 'encoder.layers.2.feed_forward.pwff_layer.3.weight', 'encoder.layers.2.layer_norm.bias', 'encoder.layers.2.layer_norm.weight', 'encoder.layers.2.src_src_att.k_layer.bias', 'encoder.layers.2.src_src_att.k_layer.weight', 'encoder.layers.2.src_src_att.output_layer.bias', 'encoder.layers.2.src_src_att.output_layer.weight', 'encoder.layers.2.src_src_att.q_layer.bias', 'encoder.layers.2.src_src_att.q_layer.weight', 'encoder.layers.2.src_src_att.v_layer.bias', 'encoder.layers.2.src_src_att.v_layer.weight', 'encoder.layers.3.feed_forward.layer_norm.bias', 'encoder.layers.3.feed_forward.layer_norm.weight', 'encoder.layers.3.feed_forward.pwff_layer.0.bias', 'encoder.layers.3.feed_forward.pwff_layer.0.weight', 'encoder.layers.3.feed_forward.pwff_layer.3.bias', 'encoder.layers.3.feed_forward.pwff_layer.3.weight', 'encoder.layers.3.layer_norm.bias', 'encoder.layers.3.layer_norm.weight', 'encoder.layers.3.src_src_att.k_layer.bias', 'encoder.layers.3.src_src_att.k_layer.weight', 'encoder.layers.3.src_src_att.output_layer.bias', 'encoder.layers.3.src_src_att.output_layer.weight', 'encoder.layers.3.src_src_att.q_layer.bias', 'encoder.layers.3.src_src_att.q_layer.weight', 'encoder.layers.3.src_src_att.v_layer.bias', 'encoder.layers.3.src_src_att.v_layer.weight', 'encoder.layers.4.feed_forward.layer_norm.bias', 'encoder.layers.4.feed_forward.layer_norm.weight', 'encoder.layers.4.feed_forward.pwff_layer.0.bias', 'encoder.layers.4.feed_forward.pwff_layer.0.weight', 'encoder.layers.4.feed_forward.pwff_layer.3.bias', 'encoder.layers.4.feed_forward.pwff_layer.3.weight', 'encoder.layers.4.layer_norm.bias', 'encoder.layers.4.layer_norm.weight', 'encoder.layers.4.src_src_att.k_layer.bias', 'encoder.layers.4.src_src_att.k_layer.weight', 'encoder.layers.4.src_src_att.output_layer.bias', 'encoder.layers.4.src_src_att.output_layer.weight', 'encoder.layers.4.src_src_att.q_layer.bias', 'encoder.layers.4.src_src_att.q_layer.weight', 'encoder.layers.4.src_src_att.v_layer.bias', 'encoder.layers.4.src_src_att.v_layer.weight', 'encoder.layers.5.feed_forward.layer_norm.bias', 'encoder.layers.5.feed_forward.layer_norm.weight', 'encoder.layers.5.feed_forward.pwff_layer.0.bias', 'encoder.layers.5.feed_forward.pwff_layer.0.weight', 'encoder.layers.5.feed_forward.pwff_layer.3.bias', 'encoder.layers.5.feed_forward.pwff_layer.3.weight', 'encoder.layers.5.layer_norm.bias', 'encoder.layers.5.layer_norm.weight', 'encoder.layers.5.src_src_att.k_layer.bias', 'encoder.layers.5.src_src_att.k_layer.weight', 'encoder.layers.5.src_src_att.output_layer.bias', 'encoder.layers.5.src_src_att.output_layer.weight', 'encoder.layers.5.src_src_att.q_layer.bias', 'encoder.layers.5.src_src_att.q_layer.weight', 'encoder.layers.5.src_src_att.v_layer.bias', 'encoder.layers.5.src_src_att.v_layer.weight', 'src_embed.lut.weight', 'trg_embed.lut.weight']
2020-08-10 08:42:31,092 cfg.data.dev                       : chatnmt/multi_encoder/dev_subset.tags.bpe.10000
2020-08-10 08:42:31,092 cfg.data.level                     : bpe
2020-08-10 08:42:31,092 cfg.data.lowercase                 : False
2020-08-10 08:42:31,092 cfg.data.max_sent_length           : 100
2020-08-10 08:42:31,092 cfg.data.src                       : en
2020-08-10 08:42:31,092 cfg.data.test                      : chatnmt/multi_encoder/test.tags.bpe.10000
2020-08-10 08:42:31,092 cfg.data.train                     : chatnmt/multi_encoder/train_subset.tags.bpe.10000
2020-08-10 08:42:31,092 cfg.data.trg                       : de
2020-08-10 08:42:31,092 cfg.model.bias_initializer         : zeros
2020-08-10 08:42:31,092 cfg.model.decoder.dropout          : 0.1
2020-08-10 08:42:31,093 cfg.model.decoder.embeddings.dropout : 0.0
2020-08-10 08:42:31,093 cfg.model.decoder.embeddings.embedding_dim : 512
2020-08-10 08:42:31,093 cfg.model.decoder.embeddings.scale : True
2020-08-10 08:42:31,093 cfg.model.decoder.ff_size          : 512
2020-08-10 08:42:31,093 cfg.model.decoder.freeze           : False
2020-08-10 08:42:31,093 cfg.model.decoder.hidden_size      : 512
2020-08-10 08:42:31,093 cfg.model.decoder.num_heads        : 8
2020-08-10 08:42:31,093 cfg.model.decoder.num_layers       : 6
2020-08-10 08:42:31,093 cfg.model.decoder.type             : transformer
2020-08-10 08:42:31,093 cfg.model.embed_init_gain          : 1.0
2020-08-10 08:42:31,093 cfg.model.embed_initializer        : xavier
2020-08-10 08:42:31,093 cfg.model.encoder.dropout          : 0.3
2020-08-10 08:42:31,093 cfg.model.encoder.embeddings.dropout : 0.0
2020-08-10 08:42:31,093 cfg.model.encoder.embeddings.embedding_dim : 512
2020-08-10 08:42:31,093 cfg.model.encoder.embeddings.scale : True
2020-08-10 08:42:31,093 cfg.model.encoder.ff_size          : 512
2020-08-10 08:42:31,093 cfg.model.encoder.freeze           : False
2020-08-10 08:42:31,093 cfg.model.encoder.hidden_size      : 512
2020-08-10 08:42:31,093 cfg.model.encoder.multi_encoder    : False
2020-08-10 08:42:31,094 cfg.model.encoder.num_heads        : 16
2020-08-10 08:42:31,094 cfg.model.encoder.num_layers       : 6
2020-08-10 08:42:31,094 cfg.model.encoder.type             : transformer
2020-08-10 08:42:31,094 cfg.model.init_gain                : 1.0
2020-08-10 08:42:31,094 cfg.model.initializer              : xavier
2020-08-10 08:42:31,094 cfg.model.tied_embeddings          : False
2020-08-10 08:42:31,094 cfg.model.tied_softmax             : True
2020-08-10 08:42:31,094 cfg.name                           : transformer
2020-08-10 08:42:31,094 cfg.testing.alpha                  : 1.0
2020-08-10 08:42:31,094 cfg.testing.beam_size              : 5
2020-08-10 08:42:31,094 cfg.training.adam_betas            : [0.9, 0.999]
2020-08-10 08:42:31,094 cfg.training.batch_multiplier      : 1
2020-08-10 08:42:31,094 cfg.training.batch_size            : 1024
2020-08-10 08:42:31,094 cfg.training.batch_type            : token
2020-08-10 08:42:31,094 cfg.training.decrease_factor       : 0.7
2020-08-10 08:42:31,094 cfg.training.early_stopping_metric : ppl
2020-08-10 08:42:31,094 cfg.training.epochs                : 20
2020-08-10 08:42:31,094 cfg.training.eval_metric           : bleu
2020-08-10 08:42:31,094 cfg.training.keep_last_ckpts       : 3
2020-08-10 08:42:31,095 cfg.training.label_smoothing       : 0.1
2020-08-10 08:42:31,095 cfg.training.learning_rate         : 0.0002
2020-08-10 08:42:31,095 cfg.training.learning_rate_min     : 1e-08
2020-08-10 08:42:31,095 cfg.training.logging_freq          : 100
2020-08-10 08:42:31,095 cfg.training.loss                  : crossentropy
2020-08-10 08:42:31,095 cfg.training.max_output_length     : 100
2020-08-10 08:42:31,095 cfg.training.model_dir             : models/viznet/attempt3/16_8_0.3_512_512_1024_8_6
2020-08-10 08:42:31,095 cfg.training.normalization         : tokens
2020-08-10 08:42:31,095 cfg.training.optimizer             : adam
2020-08-10 08:42:31,095 cfg.training.overwrite             : True
2020-08-10 08:42:31,095 cfg.training.patience              : 8
2020-08-10 08:42:31,095 cfg.training.print_valid_sents     : [0, 1, 2, 3]
2020-08-10 08:42:31,095 cfg.training.random_seed           : 42
2020-08-10 08:42:31,095 cfg.training.scheduling            : plateau
2020-08-10 08:42:31,095 cfg.training.shuffle               : True
2020-08-10 08:42:31,095 cfg.training.use_cuda              : True
2020-08-10 08:42:31,095 cfg.training.validation_freq       : 200
2020-08-10 08:42:31,095 cfg.training.weight_decay          : 0.0
2020-08-10 08:42:31,096 Data set sizes: 
	train 5000,
	valid 500,
	test 1220
2020-08-10 08:42:31,096 First training example:
	[SRC] hi there ! how can i help ?
	[TRG] hallo ! wie kann ich helfen ?
2020-08-10 08:42:31,096 First 10 words (src): (0) <unk> (1) <pad> (2) <s> (3) </s> (4) . (5) , (6) ? (7) you (8) i (9) the
2020-08-10 08:42:31,096 First 10 words (trg): (0) <unk> (1) <pad> (2) <s> (3) </s> (4) . (5) , (6) ? (7) sie (8) ich (9) das
2020-08-10 08:42:31,096 Number of Src words (types): 3468
2020-08-10 08:42:31,097 Number of Trg words (types): 4487
2020-08-10 08:42:31,097 Model(
	encoder=TransformerEncoder(num_layers=6, num_heads=16),
	decoder=TransformerDecoder(num_layers=6, num_heads=8),
	src_embed=Embeddings(embedding_dim=512, vocab_size=3468),
	trg_embed=Embeddings(embedding_dim=512, vocab_size=4487))
2020-08-10 08:42:31,101 EPOCH 1
2020-08-10 08:42:38,242 Epoch   1: total training loss 498.52
2020-08-10 08:42:38,242 EPOCH 2
2020-08-10 08:42:38,406 Epoch   2 Step:      100 Batch Loss:     4.031581 Tokens per Sec:     8508, Lr: 0.000200
2020-08-10 08:42:45,395 Epoch   2: total training loss 423.14
2020-08-10 08:42:45,395 EPOCH 3
2020-08-10 08:42:45,620 Epoch   3 Step:      200 Batch Loss:     3.067380 Tokens per Sec:     8940, Lr: 0.000200
2020-08-10 08:43:13,280 Hooray! New best validation result [ppl]!
2020-08-10 08:43:13,280 Saving new checkpoint.
2020-08-10 08:43:14,506 Example #0
2020-08-10 08:43:14,506 	Raw source:     ['hello', '.']
2020-08-10 08:43:14,506 	Raw hypothesis: ['ja', '.']
2020-08-10 08:43:14,506 	Source:     hello .
2020-08-10 08:43:14,506 	Reference:  hallo ,
2020-08-10 08:43:14,506 	Hypothesis: ja .
2020-08-10 08:43:14,506 Example #1
2020-08-10 08:43:14,506 	Raw source:     ['hi', ',', 'how', 'can', 'i', 'help', 'you', '?']
2020-08-10 08:43:14,506 	Raw hypothesis: ['hallo', ',', 'wie', 'kann', 'ich', 'ihnen', 'helfen', '?']
2020-08-10 08:43:14,506 	Source:     hi , how can i help you ?
2020-08-10 08:43:14,506 	Reference:  hallo , wie kann ich ihnen helfen ?
2020-08-10 08:43:14,507 	Hypothesis: hallo , wie kann ich ihnen helfen ?
2020-08-10 08:43:14,507 Example #2
2020-08-10 08:43:14,507 	Raw source:     ['hi', ',', 'i', '&apos;m', 'looking', 'for', 'a', 'restaurant', 'inside', 'the', 'arden', 'fair', 'mall', 'in', 'san', 'francisco', ',', 'california', '.']
2020-08-10 08:43:14,507 	Raw hypothesis: ['ich', 'habe', 'habe', 'habe', 'einen', ',', 'ich', 'habe', 'einen', ',', 'ich', 'habe', 'habe', 'einen', ',', 'ich', 'habe', 'in', 'in', 'in', 'in', 'in', 'in', 'in', 'in', 'in', 'in', 'in', 'in', 'in', 'in', 'in', 'in', 'in', 'in', ',', 'in', ',', 'ich', 'möchte', 'in', 'in', 'in', 'in', 'in', 'in', 'in', 'in', 'in', ',', 'ich', 'möchte', ',', 'ich', 'möchte', ',', 'ich', 'möchte', ',', 'ich', 'möchte', 'in', 'in', 'in', 'in', 'in', 'in', 'in', 'in', 'in', 'in', 'in', 'in', 'in', 'in', 'in', 'in', 'in', 'in', 'in', 'in', 'in', 'in', 'in', 'in', 'in', 'in', 'in', 'in', 'in', 'in', 'in', 'in', 'in', 'in', 'in', 'in', 'in', 'in', 'in']
2020-08-10 08:43:14,507 	Source:     hi , i &apos;m looking for a restaurant inside the arden fair mall in san francisco , california .
2020-08-10 08:43:14,507 	Reference:  hallo , ich bin auf der suche nach einem restaurant im arden fair einkaufszentrum in san francisco , kalifornien .
2020-08-10 08:43:14,507 	Hypothesis: ich habe habe habe einen , ich habe einen , ich habe habe einen , ich habe in in in in in in in in in in in in in in in in in in , in , ich möchte in in in in in in in in in , ich möchte , ich möchte , ich möchte , ich möchte in in in in in in in in in in in in in in in in in in in in in in in in in in in in in in in in in in in in in in in
2020-08-10 08:43:14,507 Example #3
2020-08-10 08:43:14,507 	Raw source:     ['ok', ',', 'what', 'type', 'of', 'restaurant', 'are', 'you', 'looking', 'for', '?']
2020-08-10 08:43:14,507 	Raw hypothesis: ['ok', ',', 'sie', 'sie', 'sie', '?']
2020-08-10 08:43:14,507 	Source:     ok , what type of restaurant are you looking for ?
2020-08-10 08:43:14,507 	Reference:  ok . welche art von restaurant suchen sie denn genau ?
2020-08-10 08:43:14,507 	Hypothesis: ok , sie sie sie ?
2020-08-10 08:43:14,507 Validation result (greedy) at epoch   3, step      200: bleu:   1.28, loss: 26809.2637, ppl:  65.9533, duration: 28.8868s
2020-08-10 08:43:21,405 Epoch   3: total training loss 373.15
2020-08-10 08:43:21,406 EPOCH 4
2020-08-10 08:43:21,686 Epoch   4 Step:      300 Batch Loss:     2.844917 Tokens per Sec:     5830, Lr: 0.000200
2020-08-10 08:43:28,555 Epoch   4: total training loss 327.83
2020-08-10 08:43:28,555 EPOCH 5
2020-08-10 08:43:28,914 Epoch   5 Step:      400 Batch Loss:     2.115513 Tokens per Sec:     8327, Lr: 0.000200
2020-08-10 08:43:55,774 Hooray! New best validation result [ppl]!
2020-08-10 08:43:55,774 Saving new checkpoint.
2020-08-10 08:43:57,025 Example #0
2020-08-10 08:43:57,026 	Raw source:     ['hello', '.']
2020-08-10 08:43:57,026 	Raw hypothesis: ['hallo', '.']
2020-08-10 08:43:57,026 	Source:     hello .
2020-08-10 08:43:57,026 	Reference:  hallo ,
2020-08-10 08:43:57,026 	Hypothesis: hallo .
2020-08-10 08:43:57,026 Example #1
2020-08-10 08:43:57,026 	Raw source:     ['hi', ',', 'how', 'can', 'i', 'help', 'you', '?']
2020-08-10 08:43:57,026 	Raw hypothesis: ['hallo', ',', 'wie', 'kann', 'ich', 'ihnen', 'helfen', '?']
2020-08-10 08:43:57,026 	Source:     hi , how can i help you ?
2020-08-10 08:43:57,026 	Reference:  hallo , wie kann ich ihnen helfen ?
2020-08-10 08:43:57,026 	Hypothesis: hallo , wie kann ich ihnen helfen ?
2020-08-10 08:43:57,026 Example #2
2020-08-10 08:43:57,026 	Raw source:     ['hi', ',', 'i', '&apos;m', 'looking', 'for', 'a', 'restaurant', 'inside', 'the', 'arden', 'fair', 'mall', 'in', 'san', 'francisco', ',', 'california', '.']
2020-08-10 08:43:57,026 	Raw hypothesis: ['hallo', ',', 'ich', 'möchte', 'ein', 'francisco', ',', 'kalifornien', ',', 'kalifornien', ',', 'kalifornien', ',', 'kalifornien', ',', 'kalifornien', ',', 'kalifornien', ',', 'kalifornien', ',', 'kalifornien', '.']
2020-08-10 08:43:57,026 	Source:     hi , i &apos;m looking for a restaurant inside the arden fair mall in san francisco , california .
2020-08-10 08:43:57,026 	Reference:  hallo , ich bin auf der suche nach einem restaurant im arden fair einkaufszentrum in san francisco , kalifornien .
2020-08-10 08:43:57,026 	Hypothesis: hallo , ich möchte ein francisco , kalifornien , kalifornien , kalifornien , kalifornien , kalifornien , kalifornien , kalifornien , kalifornien .
2020-08-10 08:43:57,026 Example #3
2020-08-10 08:43:57,026 	Raw source:     ['ok', ',', 'what', 'type', 'of', 'restaurant', 'are', 'you', 'looking', 'for', '?']
2020-08-10 08:43:57,026 	Raw hypothesis: ['okay', ',', 'welche', 'art', 'von', 'von', 'art', 'von', 'von', 'von', 'art', 'von', 'von', '?']
2020-08-10 08:43:57,026 	Source:     ok , what type of restaurant are you looking for ?
2020-08-10 08:43:57,026 	Reference:  ok . welche art von restaurant suchen sie denn genau ?
2020-08-10 08:43:57,026 	Hypothesis: okay , welche art von von art von von von art von von ?
2020-08-10 08:43:57,026 Validation result (greedy) at epoch   5, step      400: bleu:   5.60, loss: 21725.4961, ppl:  29.8030, duration: 28.1119s
2020-08-10 08:44:03,764 Epoch   5: total training loss 289.33
2020-08-10 08:44:03,764 EPOCH 6
2020-08-10 08:44:04,124 Epoch   6 Step:      500 Batch Loss:     1.844548 Tokens per Sec:     8416, Lr: 0.000200
2020-08-10 08:44:10,774 Epoch   6: total training loss 248.94
2020-08-10 08:44:10,774 EPOCH 7
2020-08-10 08:44:11,295 Epoch   7 Step:      600 Batch Loss:     1.631401 Tokens per Sec:     9185, Lr: 0.000200
2020-08-10 08:44:28,801 Hooray! New best validation result [ppl]!
2020-08-10 08:44:28,801 Saving new checkpoint.
2020-08-10 08:44:30,037 Example #0
2020-08-10 08:44:30,037 	Raw source:     ['hello', '.']
2020-08-10 08:44:30,037 	Raw hypothesis: ['hallo', ',']
2020-08-10 08:44:30,037 	Source:     hello .
2020-08-10 08:44:30,037 	Reference:  hallo ,
2020-08-10 08:44:30,037 	Hypothesis: hallo ,
2020-08-10 08:44:30,037 Example #1
2020-08-10 08:44:30,037 	Raw source:     ['hi', ',', 'how', 'can', 'i', 'help', 'you', '?']
2020-08-10 08:44:30,037 	Raw hypothesis: ['hallo', ',', 'wie', 'kann', 'ich', 'ihnen', 'helfen', '?']
2020-08-10 08:44:30,037 	Source:     hi , how can i help you ?
2020-08-10 08:44:30,037 	Reference:  hallo , wie kann ich ihnen helfen ?
2020-08-10 08:44:30,037 	Hypothesis: hallo , wie kann ich ihnen helfen ?
2020-08-10 08:44:30,037 Example #2
2020-08-10 08:44:30,037 	Raw source:     ['hi', ',', 'i', '&apos;m', 'looking', 'for', 'a', 'restaurant', 'inside', 'the', 'arden', 'fair', 'mall', 'in', 'san', 'francisco', ',', 'california', '.']
2020-08-10 08:44:30,037 	Raw hypothesis: ['hallo', ',', 'ich', 'bin', 'in', 'san', 'francisco', ',', 'kalifornien', ',', 'kalifornien', ',', 'kalifornien', ',', 'kalifornien', ',', 'kalifornien', ',', 'kalifornien', '.']
2020-08-10 08:44:30,038 	Source:     hi , i &apos;m looking for a restaurant inside the arden fair mall in san francisco , california .
2020-08-10 08:44:30,038 	Reference:  hallo , ich bin auf der suche nach einem restaurant im arden fair einkaufszentrum in san francisco , kalifornien .
2020-08-10 08:44:30,038 	Hypothesis: hallo , ich bin in san francisco , kalifornien , kalifornien , kalifornien , kalifornien , kalifornien , kalifornien .
2020-08-10 08:44:30,038 Example #3
2020-08-10 08:44:30,038 	Raw source:     ['ok', ',', 'what', 'type', 'of', 'restaurant', 'are', 'you', 'looking', 'for', '?']
2020-08-10 08:44:30,038 	Raw hypothesis: ['ok', ',', 'welche', 'art', 'von', 'restaurant', 'haben', 'sie', '?']
2020-08-10 08:44:30,038 	Source:     ok , what type of restaurant are you looking for ?
2020-08-10 08:44:30,038 	Reference:  ok . welche art von restaurant suchen sie denn genau ?
2020-08-10 08:44:30,038 	Hypothesis: ok , welche art von restaurant haben sie ?
2020-08-10 08:44:30,038 Validation result (greedy) at epoch   7, step      600: bleu:  11.88, loss: 18932.6270, ppl:  19.2637, duration: 18.7426s
2020-08-10 08:44:36,558 Epoch   7: total training loss 225.57
2020-08-10 08:44:36,558 EPOCH 8
2020-08-10 08:44:37,218 Epoch   8 Step:      700 Batch Loss:     2.466908 Tokens per Sec:     8962, Lr: 0.000200
2020-08-10 08:44:43,649 Epoch   8: total training loss 205.77
2020-08-10 08:44:43,649 EPOCH 9
2020-08-10 08:44:44,355 Epoch   9 Step:      800 Batch Loss:     0.339365 Tokens per Sec:     8489, Lr: 0.000200
2020-08-10 08:45:04,199 Hooray! New best validation result [ppl]!
2020-08-10 08:45:04,199 Saving new checkpoint.
2020-08-10 08:45:05,464 Example #0
2020-08-10 08:45:05,464 	Raw source:     ['hello', '.']
2020-08-10 08:45:05,464 	Raw hypothesis: ['hallo', '.']
2020-08-10 08:45:05,464 	Source:     hello .
2020-08-10 08:45:05,464 	Reference:  hallo ,
2020-08-10 08:45:05,464 	Hypothesis: hallo .
2020-08-10 08:45:05,464 Example #1
2020-08-10 08:45:05,465 	Raw source:     ['hi', ',', 'how', 'can', 'i', 'help', 'you', '?']
2020-08-10 08:45:05,465 	Raw hypothesis: ['hallo', ',', 'wie', 'kann', 'ich', 'ihnen', 'helfen', '?']
2020-08-10 08:45:05,465 	Source:     hi , how can i help you ?
2020-08-10 08:45:05,465 	Reference:  hallo , wie kann ich ihnen helfen ?
2020-08-10 08:45:05,465 	Hypothesis: hallo , wie kann ich ihnen helfen ?
2020-08-10 08:45:05,465 Example #2
2020-08-10 08:45:05,465 	Raw source:     ['hi', ',', 'i', '&apos;m', 'looking', 'for', 'a', 'restaurant', 'inside', 'the', 'arden', 'fair', 'mall', 'in', 'san', 'francisco', ',', 'california', '.']
2020-08-10 08:45:05,465 	Raw hypothesis: ['hallo', ',', 'ich', 'suche', 'ein', 'restaurant', 'in', 'san', 'francisco', ',', 'kalifornien', ',', 'kalifornien', ',', 'kalifornien', '.']
2020-08-10 08:45:05,465 	Source:     hi , i &apos;m looking for a restaurant inside the arden fair mall in san francisco , california .
2020-08-10 08:45:05,465 	Reference:  hallo , ich bin auf der suche nach einem restaurant im arden fair einkaufszentrum in san francisco , kalifornien .
2020-08-10 08:45:05,465 	Hypothesis: hallo , ich suche ein restaurant in san francisco , kalifornien , kalifornien , kalifornien .
2020-08-10 08:45:05,465 Example #3
2020-08-10 08:45:05,465 	Raw source:     ['ok', ',', 'what', 'type', 'of', 'restaurant', 'are', 'you', 'looking', 'for', '?']
2020-08-10 08:45:05,465 	Raw hypothesis: ['ok', ',', 'welche', 'art', 'von', 'restaurant', 'suchen', 'sie', '?']
2020-08-10 08:45:05,465 	Source:     ok , what type of restaurant are you looking for ?
2020-08-10 08:45:05,465 	Reference:  ok . welche art von restaurant suchen sie denn genau ?
2020-08-10 08:45:05,465 	Hypothesis: ok , welche art von restaurant suchen sie ?
2020-08-10 08:45:05,465 Validation result (greedy) at epoch   9, step      800: bleu:  16.68, loss: 17246.4805, ppl:  14.8020, duration: 21.1097s
2020-08-10 08:45:11,852 Epoch   9: total training loss 187.49
2020-08-10 08:45:11,852 EPOCH 10
2020-08-10 08:45:12,680 Epoch  10 Step:      900 Batch Loss:     2.058960 Tokens per Sec:     9408, Lr: 0.000200
2020-08-10 08:45:18,946 Epoch  10: total training loss 171.60
2020-08-10 08:45:18,947 EPOCH 11
2020-08-10 08:45:19,824 Epoch  11 Step:     1000 Batch Loss:     1.497157 Tokens per Sec:     8840, Lr: 0.000200
2020-08-10 08:45:34,105 Hooray! New best validation result [ppl]!
2020-08-10 08:45:34,105 Saving new checkpoint.
2020-08-10 08:45:35,393 Example #0
2020-08-10 08:45:35,393 	Raw source:     ['hello', '.']
2020-08-10 08:45:35,394 	Raw hypothesis: ['hallo', ',']
2020-08-10 08:45:35,394 	Source:     hello .
2020-08-10 08:45:35,394 	Reference:  hallo ,
2020-08-10 08:45:35,394 	Hypothesis: hallo ,
2020-08-10 08:45:35,394 Example #1
2020-08-10 08:45:35,394 	Raw source:     ['hi', ',', 'how', 'can', 'i', 'help', 'you', '?']
2020-08-10 08:45:35,394 	Raw hypothesis: ['hallo', ',', 'wie', 'kann', 'ich', 'ihnen', 'helfen', '?']
2020-08-10 08:45:35,394 	Source:     hi , how can i help you ?
2020-08-10 08:45:35,394 	Reference:  hallo , wie kann ich ihnen helfen ?
2020-08-10 08:45:35,394 	Hypothesis: hallo , wie kann ich ihnen helfen ?
2020-08-10 08:45:35,394 Example #2
2020-08-10 08:45:35,394 	Raw source:     ['hi', ',', 'i', '&apos;m', 'looking', 'for', 'a', 'restaurant', 'inside', 'the', 'arden', 'fair', 'mall', 'in', 'san', 'francisco', ',', 'california', '.']
2020-08-10 08:45:35,394 	Raw hypothesis: ['hallo', ',', 'ich', 'suche', 'ein', 'restaurant', 'in', 'san', 'francisco', ',', 'kalifornien', ',', 'kalifornien', '.']
2020-08-10 08:45:35,394 	Source:     hi , i &apos;m looking for a restaurant inside the arden fair mall in san francisco , california .
2020-08-10 08:45:35,394 	Reference:  hallo , ich bin auf der suche nach einem restaurant im arden fair einkaufszentrum in san francisco , kalifornien .
2020-08-10 08:45:35,394 	Hypothesis: hallo , ich suche ein restaurant in san francisco , kalifornien , kalifornien .
2020-08-10 08:45:35,394 Example #3
2020-08-10 08:45:35,394 	Raw source:     ['ok', ',', 'what', 'type', 'of', 'restaurant', 'are', 'you', 'looking', 'for', '?']
2020-08-10 08:45:35,395 	Raw hypothesis: ['ok', ',', 'welche', 'art', 'von', 'restaurant', 'suchen', 'sie', '?']
2020-08-10 08:45:35,395 	Source:     ok , what type of restaurant are you looking for ?
2020-08-10 08:45:35,395 	Reference:  ok . welche art von restaurant suchen sie denn genau ?
2020-08-10 08:45:35,395 	Hypothesis: ok , welche art von restaurant suchen sie ?
2020-08-10 08:45:35,395 Validation result (greedy) at epoch  11, step     1000: bleu:  21.96, loss: 16159.7129, ppl:  12.4903, duration: 15.5701s
2020-08-10 08:45:41,584 Epoch  11: total training loss 152.94
2020-08-10 08:45:41,584 EPOCH 12
2020-08-10 08:45:42,592 Epoch  12 Step:     1100 Batch Loss:     1.311731 Tokens per Sec:     8989, Lr: 0.000200
2020-08-10 08:45:48,688 Epoch  12: total training loss 144.42
2020-08-10 08:45:48,688 EPOCH 13
2020-08-10 08:45:49,721 Epoch  13 Step:     1200 Batch Loss:     1.302037 Tokens per Sec:     9452, Lr: 0.000200
2020-08-10 08:46:05,304 Hooray! New best validation result [ppl]!
2020-08-10 08:46:05,304 Saving new checkpoint.
2020-08-10 08:46:06,638 Example #0
2020-08-10 08:46:06,639 	Raw source:     ['hello', '.']
2020-08-10 08:46:06,639 	Raw hypothesis: ['hallo', '.']
2020-08-10 08:46:06,639 	Source:     hello .
2020-08-10 08:46:06,639 	Reference:  hallo ,
2020-08-10 08:46:06,639 	Hypothesis: hallo .
2020-08-10 08:46:06,639 Example #1
2020-08-10 08:46:06,639 	Raw source:     ['hi', ',', 'how', 'can', 'i', 'help', 'you', '?']
2020-08-10 08:46:06,639 	Raw hypothesis: ['hallo', ',', 'wie', 'kann', 'ich', 'ihnen', 'helfen', '?']
2020-08-10 08:46:06,639 	Source:     hi , how can i help you ?
2020-08-10 08:46:06,639 	Reference:  hallo , wie kann ich ihnen helfen ?
2020-08-10 08:46:06,639 	Hypothesis: hallo , wie kann ich ihnen helfen ?
2020-08-10 08:46:06,639 Example #2
2020-08-10 08:46:06,639 	Raw source:     ['hi', ',', 'i', '&apos;m', 'looking', 'for', 'a', 'restaurant', 'inside', 'the', 'arden', 'fair', 'mall', 'in', 'san', 'francisco', ',', 'california', '.']
2020-08-10 08:46:06,639 	Raw hypothesis: ['hallo', ',', 'ich', 'suche', 'ein', 'restaurant', 'in', 'san', 'francisco', ',', 'kalifornien', ',', 'kalifornien', ',', 'kalifornien', '.']
2020-08-10 08:46:06,639 	Source:     hi , i &apos;m looking for a restaurant inside the arden fair mall in san francisco , california .
2020-08-10 08:46:06,639 	Reference:  hallo , ich bin auf der suche nach einem restaurant im arden fair einkaufszentrum in san francisco , kalifornien .
2020-08-10 08:46:06,639 	Hypothesis: hallo , ich suche ein restaurant in san francisco , kalifornien , kalifornien , kalifornien .
2020-08-10 08:46:06,639 Example #3
2020-08-10 08:46:06,639 	Raw source:     ['ok', ',', 'what', 'type', 'of', 'restaurant', 'are', 'you', 'looking', 'for', '?']
2020-08-10 08:46:06,639 	Raw hypothesis: ['ok', ',', 'nach', 'welcher', 'art', 'von', 'restaurant', 'suchen', 'sie', '?']
2020-08-10 08:46:06,639 	Source:     ok , what type of restaurant are you looking for ?
2020-08-10 08:46:06,640 	Reference:  ok . welche art von restaurant suchen sie denn genau ?
2020-08-10 08:46:06,640 	Hypothesis: ok , nach welcher art von restaurant suchen sie ?
2020-08-10 08:46:06,640 Validation result (greedy) at epoch  13, step     1200: bleu:  24.48, loss: 15884.3213, ppl:  11.9643, duration: 16.9182s
2020-08-10 08:46:12,907 Epoch  13: total training loss 131.50
2020-08-10 08:46:12,907 EPOCH 14
2020-08-10 08:46:13,923 Epoch  14 Step:     1300 Batch Loss:     0.289868 Tokens per Sec:     8661, Lr: 0.000200
2020-08-10 08:46:20,041 Epoch  14: total training loss 120.54
2020-08-10 08:46:20,041 EPOCH 15
2020-08-10 08:46:21,119 Epoch  15 Step:     1400 Batch Loss:     0.747830 Tokens per Sec:     8993, Lr: 0.000200
2020-08-10 08:46:34,549 Hooray! New best validation result [ppl]!
2020-08-10 08:46:34,549 Saving new checkpoint.
2020-08-10 08:46:35,810 Example #0
2020-08-10 08:46:35,810 	Raw source:     ['hello', '.']
2020-08-10 08:46:35,810 	Raw hypothesis: ['hallo', '.']
2020-08-10 08:46:35,810 	Source:     hello .
2020-08-10 08:46:35,810 	Reference:  hallo ,
2020-08-10 08:46:35,810 	Hypothesis: hallo .
2020-08-10 08:46:35,810 Example #1
2020-08-10 08:46:35,810 	Raw source:     ['hi', ',', 'how', 'can', 'i', 'help', 'you', '?']
2020-08-10 08:46:35,810 	Raw hypothesis: ['hallo', ',', 'wie', 'kann', 'ich', 'ihnen', 'helfen', '?']
2020-08-10 08:46:35,811 	Source:     hi , how can i help you ?
2020-08-10 08:46:35,811 	Reference:  hallo , wie kann ich ihnen helfen ?
2020-08-10 08:46:35,811 	Hypothesis: hallo , wie kann ich ihnen helfen ?
2020-08-10 08:46:35,811 Example #2
2020-08-10 08:46:35,811 	Raw source:     ['hi', ',', 'i', '&apos;m', 'looking', 'for', 'a', 'restaurant', 'inside', 'the', 'arden', 'fair', 'mall', 'in', 'san', 'francisco', ',', 'california', '.']
2020-08-10 08:46:35,811 	Raw hypothesis: ['hallo', ',', 'ich', 'suche', 'ein', 'restaurant', 'in', 'san', 'francisco', ',', 'kalifornien', ',', 'kalifornien', '.']
2020-08-10 08:46:35,811 	Source:     hi , i &apos;m looking for a restaurant inside the arden fair mall in san francisco , california .
2020-08-10 08:46:35,811 	Reference:  hallo , ich bin auf der suche nach einem restaurant im arden fair einkaufszentrum in san francisco , kalifornien .
2020-08-10 08:46:35,811 	Hypothesis: hallo , ich suche ein restaurant in san francisco , kalifornien , kalifornien .
2020-08-10 08:46:35,811 Example #3
2020-08-10 08:46:35,811 	Raw source:     ['ok', ',', 'what', 'type', 'of', 'restaurant', 'are', 'you', 'looking', 'for', '?']
2020-08-10 08:46:35,811 	Raw hypothesis: ['ok', ',', 'nach', 'welcher', 'art', 'von', 'restaurant', 'suchen', 'sie', '?']
2020-08-10 08:46:35,811 	Source:     ok , what type of restaurant are you looking for ?
2020-08-10 08:46:35,811 	Reference:  ok . welche art von restaurant suchen sie denn genau ?
2020-08-10 08:46:35,811 	Hypothesis: ok , nach welcher art von restaurant suchen sie ?
2020-08-10 08:46:35,811 Validation result (greedy) at epoch  15, step     1400: bleu:  26.30, loss: 15725.6328, ppl:  11.6713, duration: 14.6919s
2020-08-10 08:46:41,858 Epoch  15: total training loss 102.29
2020-08-10 08:46:41,858 EPOCH 16
2020-08-10 08:46:43,089 Epoch  16 Step:     1500 Batch Loss:     1.598993 Tokens per Sec:     8799, Lr: 0.000200
2020-08-10 08:46:48,978 Epoch  16: total training loss 94.35
2020-08-10 08:46:48,978 EPOCH 17
2020-08-10 08:46:50,279 Epoch  17 Step:     1600 Batch Loss:     0.559346 Tokens per Sec:     8784, Lr: 0.000200
2020-08-10 08:46:59,665 Hooray! New best validation result [ppl]!
2020-08-10 08:46:59,666 Saving new checkpoint.
2020-08-10 08:47:00,950 Example #0
2020-08-10 08:47:00,950 	Raw source:     ['hello', '.']
2020-08-10 08:47:00,950 	Raw hypothesis: ['hallo', '.']
2020-08-10 08:47:00,951 	Source:     hello .
2020-08-10 08:47:00,951 	Reference:  hallo ,
2020-08-10 08:47:00,951 	Hypothesis: hallo .
2020-08-10 08:47:00,951 Example #1
2020-08-10 08:47:00,951 	Raw source:     ['hi', ',', 'how', 'can', 'i', 'help', 'you', '?']
2020-08-10 08:47:00,951 	Raw hypothesis: ['hallo', ',', 'wie', 'kann', 'ich', 'ihnen', 'helfen', '?']
2020-08-10 08:47:00,951 	Source:     hi , how can i help you ?
2020-08-10 08:47:00,951 	Reference:  hallo , wie kann ich ihnen helfen ?
2020-08-10 08:47:00,951 	Hypothesis: hallo , wie kann ich ihnen helfen ?
2020-08-10 08:47:00,951 Example #2
2020-08-10 08:47:00,951 	Raw source:     ['hi', ',', 'i', '&apos;m', 'looking', 'for', 'a', 'restaurant', 'inside', 'the', 'arden', 'fair', 'mall', 'in', 'san', 'francisco', ',', 'california', '.']
2020-08-10 08:47:00,951 	Raw hypothesis: ['hallo', ',', 'ich', 'suche', 'ein', 'restaurant', 'in', 'san', 'francisco', ',', 'kalifornien', ',', 'kalifornien', '.']
2020-08-10 08:47:00,951 	Source:     hi , i &apos;m looking for a restaurant inside the arden fair mall in san francisco , california .
2020-08-10 08:47:00,951 	Reference:  hallo , ich bin auf der suche nach einem restaurant im arden fair einkaufszentrum in san francisco , kalifornien .
2020-08-10 08:47:00,951 	Hypothesis: hallo , ich suche ein restaurant in san francisco , kalifornien , kalifornien .
2020-08-10 08:47:00,951 Example #3
2020-08-10 08:47:00,951 	Raw source:     ['ok', ',', 'what', 'type', 'of', 'restaurant', 'are', 'you', 'looking', 'for', '?']
2020-08-10 08:47:00,951 	Raw hypothesis: ['ok', ',', 'nach', 'welcher', 'art', 'von', 'restaurant', 'suchen', 'sie', '?']
2020-08-10 08:47:00,951 	Source:     ok , what type of restaurant are you looking for ?
2020-08-10 08:47:00,951 	Reference:  ok . welche art von restaurant suchen sie denn genau ?
2020-08-10 08:47:00,951 	Hypothesis: ok , nach welcher art von restaurant suchen sie ?
2020-08-10 08:47:00,951 Validation result (greedy) at epoch  17, step     1600: bleu:  30.25, loss: 15712.8975, ppl:  11.6481, duration: 10.6721s
2020-08-10 08:47:06,772 Epoch  17: total training loss 84.27
2020-08-10 08:47:06,772 EPOCH 18
2020-08-10 08:47:08,147 Epoch  18 Step:     1700 Batch Loss:     0.542824 Tokens per Sec:     9222, Lr: 0.000200
2020-08-10 08:47:13,956 Epoch  18: total training loss 75.23
2020-08-10 08:47:13,956 EPOCH 19
2020-08-10 08:47:15,446 Epoch  19 Step:     1800 Batch Loss:     1.049775 Tokens per Sec:     8879, Lr: 0.000200
2020-08-10 08:47:27,607 Hooray! New best validation result [ppl]!
2020-08-10 08:47:27,607 Saving new checkpoint.
2020-08-10 08:47:28,903 Example #0
2020-08-10 08:47:28,903 	Raw source:     ['hello', '.']
2020-08-10 08:47:28,903 	Raw hypothesis: ['hallo', '.']
2020-08-10 08:47:28,903 	Source:     hello .
2020-08-10 08:47:28,903 	Reference:  hallo ,
2020-08-10 08:47:28,903 	Hypothesis: hallo .
2020-08-10 08:47:28,903 Example #1
2020-08-10 08:47:28,903 	Raw source:     ['hi', ',', 'how', 'can', 'i', 'help', 'you', '?']
2020-08-10 08:47:28,904 	Raw hypothesis: ['hallo', ',', 'wie', 'kann', 'ich', 'ihnen', 'helfen', '?']
2020-08-10 08:47:28,904 	Source:     hi , how can i help you ?
2020-08-10 08:47:28,904 	Reference:  hallo , wie kann ich ihnen helfen ?
2020-08-10 08:47:28,904 	Hypothesis: hallo , wie kann ich ihnen helfen ?
2020-08-10 08:47:28,904 Example #2
2020-08-10 08:47:28,904 	Raw source:     ['hi', ',', 'i', '&apos;m', 'looking', 'for', 'a', 'restaurant', 'inside', 'the', 'arden', 'fair', 'mall', 'in', 'san', 'francisco', ',', 'california', '.']
2020-08-10 08:47:28,904 	Raw hypothesis: ['hallo', ',', 'ich', 'suche', 'ein', 'restaurant', 'in', 'der', 'arden', 'fair', 'mall', 'in', 'san', 'francisco', ',', 'kalifornien', '.']
2020-08-10 08:47:28,904 	Source:     hi , i &apos;m looking for a restaurant inside the arden fair mall in san francisco , california .
2020-08-10 08:47:28,904 	Reference:  hallo , ich bin auf der suche nach einem restaurant im arden fair einkaufszentrum in san francisco , kalifornien .
2020-08-10 08:47:28,904 	Hypothesis: hallo , ich suche ein restaurant in der arden fair mall in san francisco , kalifornien .
2020-08-10 08:47:28,904 Example #3
2020-08-10 08:47:28,904 	Raw source:     ['ok', ',', 'what', 'type', 'of', 'restaurant', 'are', 'you', 'looking', 'for', '?']
2020-08-10 08:47:28,904 	Raw hypothesis: ['ok', ',', 'nach', 'welcher', 'art', 'von', 'restaurant', 'suchen', 'sie', '?']
2020-08-10 08:47:28,904 	Source:     ok , what type of restaurant are you looking for ?
2020-08-10 08:47:28,904 	Reference:  ok . welche art von restaurant suchen sie denn genau ?
2020-08-10 08:47:28,904 	Hypothesis: ok , nach welcher art von restaurant suchen sie ?
2020-08-10 08:47:28,905 Validation result (greedy) at epoch  19, step     1800: bleu:  29.75, loss: 15614.2041, ppl:  11.4698, duration: 13.4580s
2020-08-10 08:47:34,589 Epoch  19: total training loss 65.68
2020-08-10 08:47:34,589 EPOCH 20
2020-08-10 08:47:36,179 Epoch  20 Step:     1900 Batch Loss:     0.720278 Tokens per Sec:     9023, Lr: 0.000200
2020-08-10 08:47:41,819 Epoch  20: total training loss 61.62
2020-08-10 08:47:41,819 Training ended after  20 epochs.
2020-08-10 08:47:41,820 Best validation result (greedy) at step     1800:  11.47 ppl.
