2020-08-10 07:52:07,174 Hello! This is Joey-NMT.
2020-08-10 07:52:08,499 Total params: 9944832
2020-08-10 07:52:08,500 Trainable parameters: ['decoder.layer_norm.bias', 'decoder.layer_norm.weight', 'decoder.layers.0.dec_layer_norm.bias', 'decoder.layers.0.dec_layer_norm.weight', 'decoder.layers.0.feed_forward.layer_norm.bias', 'decoder.layers.0.feed_forward.layer_norm.weight', 'decoder.layers.0.feed_forward.pwff_layer.0.bias', 'decoder.layers.0.feed_forward.pwff_layer.0.weight', 'decoder.layers.0.feed_forward.pwff_layer.3.bias', 'decoder.layers.0.feed_forward.pwff_layer.3.weight', 'decoder.layers.0.src_trg_att.k_layer.bias', 'decoder.layers.0.src_trg_att.k_layer.weight', 'decoder.layers.0.src_trg_att.output_layer.bias', 'decoder.layers.0.src_trg_att.output_layer.weight', 'decoder.layers.0.src_trg_att.q_layer.bias', 'decoder.layers.0.src_trg_att.q_layer.weight', 'decoder.layers.0.src_trg_att.v_layer.bias', 'decoder.layers.0.src_trg_att.v_layer.weight', 'decoder.layers.0.trg_trg_att.k_layer.bias', 'decoder.layers.0.trg_trg_att.k_layer.weight', 'decoder.layers.0.trg_trg_att.output_layer.bias', 'decoder.layers.0.trg_trg_att.output_layer.weight', 'decoder.layers.0.trg_trg_att.q_layer.bias', 'decoder.layers.0.trg_trg_att.q_layer.weight', 'decoder.layers.0.trg_trg_att.v_layer.bias', 'decoder.layers.0.trg_trg_att.v_layer.weight', 'decoder.layers.0.x_layer_norm.bias', 'decoder.layers.0.x_layer_norm.weight', 'decoder.layers.1.dec_layer_norm.bias', 'decoder.layers.1.dec_layer_norm.weight', 'decoder.layers.1.feed_forward.layer_norm.bias', 'decoder.layers.1.feed_forward.layer_norm.weight', 'decoder.layers.1.feed_forward.pwff_layer.0.bias', 'decoder.layers.1.feed_forward.pwff_layer.0.weight', 'decoder.layers.1.feed_forward.pwff_layer.3.bias', 'decoder.layers.1.feed_forward.pwff_layer.3.weight', 'decoder.layers.1.src_trg_att.k_layer.bias', 'decoder.layers.1.src_trg_att.k_layer.weight', 'decoder.layers.1.src_trg_att.output_layer.bias', 'decoder.layers.1.src_trg_att.output_layer.weight', 'decoder.layers.1.src_trg_att.q_layer.bias', 'decoder.layers.1.src_trg_att.q_layer.weight', 'decoder.layers.1.src_trg_att.v_layer.bias', 'decoder.layers.1.src_trg_att.v_layer.weight', 'decoder.layers.1.trg_trg_att.k_layer.bias', 'decoder.layers.1.trg_trg_att.k_layer.weight', 'decoder.layers.1.trg_trg_att.output_layer.bias', 'decoder.layers.1.trg_trg_att.output_layer.weight', 'decoder.layers.1.trg_trg_att.q_layer.bias', 'decoder.layers.1.trg_trg_att.q_layer.weight', 'decoder.layers.1.trg_trg_att.v_layer.bias', 'decoder.layers.1.trg_trg_att.v_layer.weight', 'decoder.layers.1.x_layer_norm.bias', 'decoder.layers.1.x_layer_norm.weight', 'decoder.layers.2.dec_layer_norm.bias', 'decoder.layers.2.dec_layer_norm.weight', 'decoder.layers.2.feed_forward.layer_norm.bias', 'decoder.layers.2.feed_forward.layer_norm.weight', 'decoder.layers.2.feed_forward.pwff_layer.0.bias', 'decoder.layers.2.feed_forward.pwff_layer.0.weight', 'decoder.layers.2.feed_forward.pwff_layer.3.bias', 'decoder.layers.2.feed_forward.pwff_layer.3.weight', 'decoder.layers.2.src_trg_att.k_layer.bias', 'decoder.layers.2.src_trg_att.k_layer.weight', 'decoder.layers.2.src_trg_att.output_layer.bias', 'decoder.layers.2.src_trg_att.output_layer.weight', 'decoder.layers.2.src_trg_att.q_layer.bias', 'decoder.layers.2.src_trg_att.q_layer.weight', 'decoder.layers.2.src_trg_att.v_layer.bias', 'decoder.layers.2.src_trg_att.v_layer.weight', 'decoder.layers.2.trg_trg_att.k_layer.bias', 'decoder.layers.2.trg_trg_att.k_layer.weight', 'decoder.layers.2.trg_trg_att.output_layer.bias', 'decoder.layers.2.trg_trg_att.output_layer.weight', 'decoder.layers.2.trg_trg_att.q_layer.bias', 'decoder.layers.2.trg_trg_att.q_layer.weight', 'decoder.layers.2.trg_trg_att.v_layer.bias', 'decoder.layers.2.trg_trg_att.v_layer.weight', 'decoder.layers.2.x_layer_norm.bias', 'decoder.layers.2.x_layer_norm.weight', 'decoder.layers.3.dec_layer_norm.bias', 'decoder.layers.3.dec_layer_norm.weight', 'decoder.layers.3.feed_forward.layer_norm.bias', 'decoder.layers.3.feed_forward.layer_norm.weight', 'decoder.layers.3.feed_forward.pwff_layer.0.bias', 'decoder.layers.3.feed_forward.pwff_layer.0.weight', 'decoder.layers.3.feed_forward.pwff_layer.3.bias', 'decoder.layers.3.feed_forward.pwff_layer.3.weight', 'decoder.layers.3.src_trg_att.k_layer.bias', 'decoder.layers.3.src_trg_att.k_layer.weight', 'decoder.layers.3.src_trg_att.output_layer.bias', 'decoder.layers.3.src_trg_att.output_layer.weight', 'decoder.layers.3.src_trg_att.q_layer.bias', 'decoder.layers.3.src_trg_att.q_layer.weight', 'decoder.layers.3.src_trg_att.v_layer.bias', 'decoder.layers.3.src_trg_att.v_layer.weight', 'decoder.layers.3.trg_trg_att.k_layer.bias', 'decoder.layers.3.trg_trg_att.k_layer.weight', 'decoder.layers.3.trg_trg_att.output_layer.bias', 'decoder.layers.3.trg_trg_att.output_layer.weight', 'decoder.layers.3.trg_trg_att.q_layer.bias', 'decoder.layers.3.trg_trg_att.q_layer.weight', 'decoder.layers.3.trg_trg_att.v_layer.bias', 'decoder.layers.3.trg_trg_att.v_layer.weight', 'decoder.layers.3.x_layer_norm.bias', 'decoder.layers.3.x_layer_norm.weight', 'decoder.layers.4.dec_layer_norm.bias', 'decoder.layers.4.dec_layer_norm.weight', 'decoder.layers.4.feed_forward.layer_norm.bias', 'decoder.layers.4.feed_forward.layer_norm.weight', 'decoder.layers.4.feed_forward.pwff_layer.0.bias', 'decoder.layers.4.feed_forward.pwff_layer.0.weight', 'decoder.layers.4.feed_forward.pwff_layer.3.bias', 'decoder.layers.4.feed_forward.pwff_layer.3.weight', 'decoder.layers.4.src_trg_att.k_layer.bias', 'decoder.layers.4.src_trg_att.k_layer.weight', 'decoder.layers.4.src_trg_att.output_layer.bias', 'decoder.layers.4.src_trg_att.output_layer.weight', 'decoder.layers.4.src_trg_att.q_layer.bias', 'decoder.layers.4.src_trg_att.q_layer.weight', 'decoder.layers.4.src_trg_att.v_layer.bias', 'decoder.layers.4.src_trg_att.v_layer.weight', 'decoder.layers.4.trg_trg_att.k_layer.bias', 'decoder.layers.4.trg_trg_att.k_layer.weight', 'decoder.layers.4.trg_trg_att.output_layer.bias', 'decoder.layers.4.trg_trg_att.output_layer.weight', 'decoder.layers.4.trg_trg_att.q_layer.bias', 'decoder.layers.4.trg_trg_att.q_layer.weight', 'decoder.layers.4.trg_trg_att.v_layer.bias', 'decoder.layers.4.trg_trg_att.v_layer.weight', 'decoder.layers.4.x_layer_norm.bias', 'decoder.layers.4.x_layer_norm.weight', 'decoder.layers.5.dec_layer_norm.bias', 'decoder.layers.5.dec_layer_norm.weight', 'decoder.layers.5.feed_forward.layer_norm.bias', 'decoder.layers.5.feed_forward.layer_norm.weight', 'decoder.layers.5.feed_forward.pwff_layer.0.bias', 'decoder.layers.5.feed_forward.pwff_layer.0.weight', 'decoder.layers.5.feed_forward.pwff_layer.3.bias', 'decoder.layers.5.feed_forward.pwff_layer.3.weight', 'decoder.layers.5.src_trg_att.k_layer.bias', 'decoder.layers.5.src_trg_att.k_layer.weight', 'decoder.layers.5.src_trg_att.output_layer.bias', 'decoder.layers.5.src_trg_att.output_layer.weight', 'decoder.layers.5.src_trg_att.q_layer.bias', 'decoder.layers.5.src_trg_att.q_layer.weight', 'decoder.layers.5.src_trg_att.v_layer.bias', 'decoder.layers.5.src_trg_att.v_layer.weight', 'decoder.layers.5.trg_trg_att.k_layer.bias', 'decoder.layers.5.trg_trg_att.k_layer.weight', 'decoder.layers.5.trg_trg_att.output_layer.bias', 'decoder.layers.5.trg_trg_att.output_layer.weight', 'decoder.layers.5.trg_trg_att.q_layer.bias', 'decoder.layers.5.trg_trg_att.q_layer.weight', 'decoder.layers.5.trg_trg_att.v_layer.bias', 'decoder.layers.5.trg_trg_att.v_layer.weight', 'decoder.layers.5.x_layer_norm.bias', 'decoder.layers.5.x_layer_norm.weight', 'encoder.layer_norm.bias', 'encoder.layer_norm.weight', 'encoder.layers.0.feed_forward.layer_norm.bias', 'encoder.layers.0.feed_forward.layer_norm.weight', 'encoder.layers.0.feed_forward.pwff_layer.0.bias', 'encoder.layers.0.feed_forward.pwff_layer.0.weight', 'encoder.layers.0.feed_forward.pwff_layer.3.bias', 'encoder.layers.0.feed_forward.pwff_layer.3.weight', 'encoder.layers.0.layer_norm.bias', 'encoder.layers.0.layer_norm.weight', 'encoder.layers.0.src_src_att.k_layer.bias', 'encoder.layers.0.src_src_att.k_layer.weight', 'encoder.layers.0.src_src_att.output_layer.bias', 'encoder.layers.0.src_src_att.output_layer.weight', 'encoder.layers.0.src_src_att.q_layer.bias', 'encoder.layers.0.src_src_att.q_layer.weight', 'encoder.layers.0.src_src_att.v_layer.bias', 'encoder.layers.0.src_src_att.v_layer.weight', 'encoder.layers.1.feed_forward.layer_norm.bias', 'encoder.layers.1.feed_forward.layer_norm.weight', 'encoder.layers.1.feed_forward.pwff_layer.0.bias', 'encoder.layers.1.feed_forward.pwff_layer.0.weight', 'encoder.layers.1.feed_forward.pwff_layer.3.bias', 'encoder.layers.1.feed_forward.pwff_layer.3.weight', 'encoder.layers.1.layer_norm.bias', 'encoder.layers.1.layer_norm.weight', 'encoder.layers.1.src_src_att.k_layer.bias', 'encoder.layers.1.src_src_att.k_layer.weight', 'encoder.layers.1.src_src_att.output_layer.bias', 'encoder.layers.1.src_src_att.output_layer.weight', 'encoder.layers.1.src_src_att.q_layer.bias', 'encoder.layers.1.src_src_att.q_layer.weight', 'encoder.layers.1.src_src_att.v_layer.bias', 'encoder.layers.1.src_src_att.v_layer.weight', 'encoder.layers.2.feed_forward.layer_norm.bias', 'encoder.layers.2.feed_forward.layer_norm.weight', 'encoder.layers.2.feed_forward.pwff_layer.0.bias', 'encoder.layers.2.feed_forward.pwff_layer.0.weight', 'encoder.layers.2.feed_forward.pwff_layer.3.bias', 'encoder.layers.2.feed_forward.pwff_layer.3.weight', 'encoder.layers.2.layer_norm.bias', 'encoder.layers.2.layer_norm.weight', 'encoder.layers.2.src_src_att.k_layer.bias', 'encoder.layers.2.src_src_att.k_layer.weight', 'encoder.layers.2.src_src_att.output_layer.bias', 'encoder.layers.2.src_src_att.output_layer.weight', 'encoder.layers.2.src_src_att.q_layer.bias', 'encoder.layers.2.src_src_att.q_layer.weight', 'encoder.layers.2.src_src_att.v_layer.bias', 'encoder.layers.2.src_src_att.v_layer.weight', 'encoder.layers.3.feed_forward.layer_norm.bias', 'encoder.layers.3.feed_forward.layer_norm.weight', 'encoder.layers.3.feed_forward.pwff_layer.0.bias', 'encoder.layers.3.feed_forward.pwff_layer.0.weight', 'encoder.layers.3.feed_forward.pwff_layer.3.bias', 'encoder.layers.3.feed_forward.pwff_layer.3.weight', 'encoder.layers.3.layer_norm.bias', 'encoder.layers.3.layer_norm.weight', 'encoder.layers.3.src_src_att.k_layer.bias', 'encoder.layers.3.src_src_att.k_layer.weight', 'encoder.layers.3.src_src_att.output_layer.bias', 'encoder.layers.3.src_src_att.output_layer.weight', 'encoder.layers.3.src_src_att.q_layer.bias', 'encoder.layers.3.src_src_att.q_layer.weight', 'encoder.layers.3.src_src_att.v_layer.bias', 'encoder.layers.3.src_src_att.v_layer.weight', 'encoder.layers.4.feed_forward.layer_norm.bias', 'encoder.layers.4.feed_forward.layer_norm.weight', 'encoder.layers.4.feed_forward.pwff_layer.0.bias', 'encoder.layers.4.feed_forward.pwff_layer.0.weight', 'encoder.layers.4.feed_forward.pwff_layer.3.bias', 'encoder.layers.4.feed_forward.pwff_layer.3.weight', 'encoder.layers.4.layer_norm.bias', 'encoder.layers.4.layer_norm.weight', 'encoder.layers.4.src_src_att.k_layer.bias', 'encoder.layers.4.src_src_att.k_layer.weight', 'encoder.layers.4.src_src_att.output_layer.bias', 'encoder.layers.4.src_src_att.output_layer.weight', 'encoder.layers.4.src_src_att.q_layer.bias', 'encoder.layers.4.src_src_att.q_layer.weight', 'encoder.layers.4.src_src_att.v_layer.bias', 'encoder.layers.4.src_src_att.v_layer.weight', 'encoder.layers.5.feed_forward.layer_norm.bias', 'encoder.layers.5.feed_forward.layer_norm.weight', 'encoder.layers.5.feed_forward.pwff_layer.0.bias', 'encoder.layers.5.feed_forward.pwff_layer.0.weight', 'encoder.layers.5.feed_forward.pwff_layer.3.bias', 'encoder.layers.5.feed_forward.pwff_layer.3.weight', 'encoder.layers.5.layer_norm.bias', 'encoder.layers.5.layer_norm.weight', 'encoder.layers.5.src_src_att.k_layer.bias', 'encoder.layers.5.src_src_att.k_layer.weight', 'encoder.layers.5.src_src_att.output_layer.bias', 'encoder.layers.5.src_src_att.output_layer.weight', 'encoder.layers.5.src_src_att.q_layer.bias', 'encoder.layers.5.src_src_att.q_layer.weight', 'encoder.layers.5.src_src_att.v_layer.bias', 'encoder.layers.5.src_src_att.v_layer.weight', 'src_embed.lut.weight', 'trg_embed.lut.weight']
2020-08-10 07:52:12,185 cfg.data.dev                       : chatnmt/multi_encoder/dev_subset.tags.bpe.10000
2020-08-10 07:52:12,185 cfg.data.level                     : bpe
2020-08-10 07:52:12,185 cfg.data.lowercase                 : False
2020-08-10 07:52:12,185 cfg.data.max_sent_length           : 100
2020-08-10 07:52:12,185 cfg.data.src                       : en
2020-08-10 07:52:12,185 cfg.data.test                      : chatnmt/multi_encoder/test.tags.bpe.10000
2020-08-10 07:52:12,185 cfg.data.train                     : chatnmt/multi_encoder/train_subset.tags.bpe.10000
2020-08-10 07:52:12,185 cfg.data.trg                       : de
2020-08-10 07:52:12,185 cfg.model.bias_initializer         : zeros
2020-08-10 07:52:12,185 cfg.model.decoder.dropout          : 0.1
2020-08-10 07:52:12,186 cfg.model.decoder.embeddings.dropout : 0.0
2020-08-10 07:52:12,186 cfg.model.decoder.embeddings.embedding_dim : 256
2020-08-10 07:52:12,186 cfg.model.decoder.embeddings.scale : True
2020-08-10 07:52:12,186 cfg.model.decoder.ff_size          : 512
2020-08-10 07:52:12,186 cfg.model.decoder.freeze           : False
2020-08-10 07:52:12,186 cfg.model.decoder.hidden_size      : 256
2020-08-10 07:52:12,186 cfg.model.decoder.num_heads        : 8
2020-08-10 07:52:12,186 cfg.model.decoder.num_layers       : 6
2020-08-10 07:52:12,186 cfg.model.decoder.type             : transformer
2020-08-10 07:52:12,186 cfg.model.embed_init_gain          : 1.0
2020-08-10 07:52:12,186 cfg.model.embed_initializer        : xavier
2020-08-10 07:52:12,186 cfg.model.encoder.dropout          : 0.3
2020-08-10 07:52:12,186 cfg.model.encoder.embeddings.dropout : 0.0
2020-08-10 07:52:12,186 cfg.model.encoder.embeddings.embedding_dim : 256
2020-08-10 07:52:12,186 cfg.model.encoder.embeddings.scale : True
2020-08-10 07:52:12,186 cfg.model.encoder.ff_size          : 512
2020-08-10 07:52:12,186 cfg.model.encoder.freeze           : False
2020-08-10 07:52:12,186 cfg.model.encoder.hidden_size      : 256
2020-08-10 07:52:12,186 cfg.model.encoder.multi_encoder    : False
2020-08-10 07:52:12,187 cfg.model.encoder.num_heads        : 16
2020-08-10 07:52:12,187 cfg.model.encoder.num_layers       : 6
2020-08-10 07:52:12,187 cfg.model.encoder.type             : transformer
2020-08-10 07:52:12,187 cfg.model.init_gain                : 1.0
2020-08-10 07:52:12,187 cfg.model.initializer              : xavier
2020-08-10 07:52:12,187 cfg.model.tied_embeddings          : False
2020-08-10 07:52:12,187 cfg.model.tied_softmax             : True
2020-08-10 07:52:12,187 cfg.name                           : transformer
2020-08-10 07:52:12,187 cfg.testing.alpha                  : 1.0
2020-08-10 07:52:12,187 cfg.testing.beam_size              : 5
2020-08-10 07:52:12,187 cfg.training.adam_betas            : [0.9, 0.999]
2020-08-10 07:52:12,187 cfg.training.batch_multiplier      : 1
2020-08-10 07:52:12,187 cfg.training.batch_size            : 512
2020-08-10 07:52:12,187 cfg.training.batch_type            : token
2020-08-10 07:52:12,187 cfg.training.decrease_factor       : 0.7
2020-08-10 07:52:12,187 cfg.training.early_stopping_metric : ppl
2020-08-10 07:52:12,187 cfg.training.epochs                : 20
2020-08-10 07:52:12,187 cfg.training.eval_metric           : bleu
2020-08-10 07:52:12,187 cfg.training.keep_last_ckpts       : 3
2020-08-10 07:52:12,188 cfg.training.label_smoothing       : 0.1
2020-08-10 07:52:12,188 cfg.training.learning_rate         : 0.0002
2020-08-10 07:52:12,188 cfg.training.learning_rate_min     : 1e-08
2020-08-10 07:52:12,188 cfg.training.logging_freq          : 100
2020-08-10 07:52:12,188 cfg.training.loss                  : crossentropy
2020-08-10 07:52:12,188 cfg.training.max_output_length     : 100
2020-08-10 07:52:12,188 cfg.training.model_dir             : models/viznet/attempt3/16_8_0.3_256_256_512_8_8
2020-08-10 07:52:12,188 cfg.training.normalization         : tokens
2020-08-10 07:52:12,188 cfg.training.optimizer             : adam
2020-08-10 07:52:12,188 cfg.training.overwrite             : True
2020-08-10 07:52:12,188 cfg.training.patience              : 8
2020-08-10 07:52:12,188 cfg.training.print_valid_sents     : [0, 1, 2, 3]
2020-08-10 07:52:12,188 cfg.training.random_seed           : 42
2020-08-10 07:52:12,188 cfg.training.scheduling            : plateau
2020-08-10 07:52:12,188 cfg.training.shuffle               : True
2020-08-10 07:52:12,188 cfg.training.use_cuda              : True
2020-08-10 07:52:12,188 cfg.training.validation_freq       : 200
2020-08-10 07:52:12,188 cfg.training.weight_decay          : 0.0
2020-08-10 07:52:12,188 Data set sizes: 
	train 5000,
	valid 500,
	test 1220
2020-08-10 07:52:12,189 First training example:
	[SRC] hi there ! how can i help ?
	[TRG] hallo ! wie kann ich helfen ?
2020-08-10 07:52:12,189 First 10 words (src): (0) <unk> (1) <pad> (2) <s> (3) </s> (4) . (5) , (6) ? (7) you (8) i (9) the
2020-08-10 07:52:12,189 First 10 words (trg): (0) <unk> (1) <pad> (2) <s> (3) </s> (4) . (5) , (6) ? (7) sie (8) ich (9) das
2020-08-10 07:52:12,189 Number of Src words (types): 3468
2020-08-10 07:52:12,190 Number of Trg words (types): 4487
2020-08-10 07:52:12,190 Model(
	encoder=TransformerEncoder(num_layers=6, num_heads=16),
	decoder=TransformerDecoder(num_layers=6, num_heads=8),
	src_embed=Embeddings(embedding_dim=256, vocab_size=3468),
	trg_embed=Embeddings(embedding_dim=256, vocab_size=4487))
2020-08-10 07:52:12,194 EPOCH 1
2020-08-10 07:52:17,867 Epoch   1 Step:      100 Batch Loss:     4.485019 Tokens per Sec:     6051, Lr: 0.000200
2020-08-10 07:52:22,810 Epoch   1: total training loss 971.15
2020-08-10 07:52:22,810 EPOCH 2
2020-08-10 07:52:23,558 Epoch   2 Step:      200 Batch Loss:     3.838125 Tokens per Sec:     5832, Lr: 0.000200
2020-08-10 07:52:47,950 Hooray! New best validation result [ppl]!
2020-08-10 07:52:47,950 Saving new checkpoint.
2020-08-10 07:52:48,220 Example #0
2020-08-10 07:52:48,220 	Raw source:     ['hello', '.']
2020-08-10 07:52:48,220 	Raw hypothesis: ['ja', '.']
2020-08-10 07:52:48,220 	Source:     hello .
2020-08-10 07:52:48,220 	Reference:  hallo ,
2020-08-10 07:52:48,220 	Hypothesis: ja .
2020-08-10 07:52:48,220 Example #1
2020-08-10 07:52:48,221 	Raw source:     ['hi', ',', 'how', 'can', 'i', 'help', 'you', '?']
2020-08-10 07:52:48,221 	Raw hypothesis: ['ich', 'ich', 'ich', 'ich', 'sie', '?']
2020-08-10 07:52:48,221 	Source:     hi , how can i help you ?
2020-08-10 07:52:48,221 	Reference:  hallo , wie kann ich ihnen helfen ?
2020-08-10 07:52:48,221 	Hypothesis: ich ich ich ich sie ?
2020-08-10 07:52:48,221 Example #2
2020-08-10 07:52:48,221 	Raw source:     ['hi', ',', 'i', '&apos;m', 'looking', 'for', 'a', 'restaurant', 'inside', 'the', 'arden', 'fair', 'mall', 'in', 'san', 'francisco', ',', 'california', '.']
2020-08-10 07:52:48,221 	Raw hypothesis: ['ich', 'ich', 'ich', 'ich', 'ich', 'ich', 'ich', ',', 'ich', 'ich', 'ich', 'ich', 'ich', 'ich', 'ich', 'ich', 'ich', 'ich', 'ich', 'ich', 'ich', 'ich', 'ich', 'ich', 'ich', 'ich', 'ich', 'ich', 'ich', 'ich', 'ich', 'ich', 'ich', 'ich', 'ich', 'ich', 'ich', 'ich', 'ich', 'ich', 'ich', 'ich', 'ich', 'ich', 'ich', 'ich', 'ich', 'ich', 'ich', 'ich', 'ich', 'ich', 'ich', 'ich', 'ich', 'ich', 'ich', 'ich', 'ich', 'ich', 'ich', 'ich', 'ich', 'ich', 'ich', 'ich', 'ich', 'ich', 'ich', 'ich', 'ich', 'ich', 'ich', 'ich', 'ich', 'ich', 'ich', 'ich', 'ich', 'ich', 'ich', 'ich', 'ich', 'ich', 'ich', 'ich', 'ich', 'ich', 'ich', 'ich', 'ich', 'ich', 'ich', 'ich', 'ich', 'ich', 'ich', 'ich', 'ich', 'ich']
2020-08-10 07:52:48,221 	Source:     hi , i &apos;m looking for a restaurant inside the arden fair mall in san francisco , california .
2020-08-10 07:52:48,221 	Reference:  hallo , ich bin auf der suche nach einem restaurant im arden fair einkaufszentrum in san francisco , kalifornien .
2020-08-10 07:52:48,221 	Hypothesis: ich ich ich ich ich ich ich , ich ich ich ich ich ich ich ich ich ich ich ich ich ich ich ich ich ich ich ich ich ich ich ich ich ich ich ich ich ich ich ich ich ich ich ich ich ich ich ich ich ich ich ich ich ich ich ich ich ich ich ich ich ich ich ich ich ich ich ich ich ich ich ich ich ich ich ich ich ich ich ich ich ich ich ich ich ich ich ich ich ich ich ich ich ich ich ich ich ich ich ich
2020-08-10 07:52:48,221 Example #3
2020-08-10 07:52:48,221 	Raw source:     ['ok', ',', 'what', 'type', 'of', 'restaurant', 'are', 'you', 'looking', 'for', '?']
2020-08-10 07:52:48,221 	Raw hypothesis: ['ich', 'ich', 'ich', 'sie', 'sie', 'sie', '?']
2020-08-10 07:52:48,221 	Source:     ok , what type of restaurant are you looking for ?
2020-08-10 07:52:48,221 	Reference:  ok . welche art von restaurant suchen sie denn genau ?
2020-08-10 07:52:48,221 	Hypothesis: ich ich ich sie sie sie ?
2020-08-10 07:52:48,221 Validation result (greedy) at epoch   2, step      200: bleu:   0.00, loss: 30245.2754, ppl: 112.8235, duration: 24.6631s
2020-08-10 07:52:53,901 Epoch   2 Step:      300 Batch Loss:     3.635455 Tokens per Sec:     6032, Lr: 0.000200
2020-08-10 07:52:58,292 Epoch   2: total training loss 828.31
2020-08-10 07:52:58,292 EPOCH 3
2020-08-10 07:52:59,595 Epoch   3 Step:      400 Batch Loss:     4.687483 Tokens per Sec:     6182, Lr: 0.000200
2020-08-10 07:53:25,522 Hooray! New best validation result [ppl]!
2020-08-10 07:53:25,522 Saving new checkpoint.
2020-08-10 07:53:25,804 Example #0
2020-08-10 07:53:25,804 	Raw source:     ['hello', '.']
2020-08-10 07:53:25,804 	Raw hypothesis: ['ja', '.']
2020-08-10 07:53:25,804 	Source:     hello .
2020-08-10 07:53:25,804 	Reference:  hallo ,
2020-08-10 07:53:25,804 	Hypothesis: ja .
2020-08-10 07:53:25,804 Example #1
2020-08-10 07:53:25,804 	Raw source:     ['hi', ',', 'how', 'can', 'i', 'help', 'you', '?']
2020-08-10 07:53:25,804 	Raw hypothesis: ['hallo', ',', 'wie', 'kann', 'ich', 'ihnen', '?']
2020-08-10 07:53:25,804 	Source:     hi , how can i help you ?
2020-08-10 07:53:25,804 	Reference:  hallo , wie kann ich ihnen helfen ?
2020-08-10 07:53:25,804 	Hypothesis: hallo , wie kann ich ihnen ?
2020-08-10 07:53:25,805 Example #2
2020-08-10 07:53:25,805 	Raw source:     ['hi', ',', 'i', '&apos;m', 'looking', 'for', 'a', 'restaurant', 'inside', 'the', 'arden', 'fair', 'mall', 'in', 'san', 'francisco', ',', 'california', '.']
2020-08-10 07:53:25,805 	Raw hypothesis: ['ich', 'möchte', 'möchte', 'möchte', ',', 'ich', 'möchte', 'möchte', 'möchte', 'möchte', 'möchte', 'möchte', 'möchte', 'möchte', 'möchte', 'möchte', ',', 'ich', 'möchte', 'möchte', 'möchte', 'möchte', 'möchte', 'möchte', ',', 'ich', 'möchte', 'möchte', 'möchte', 'möchte', 'möchte', 'möchte', 'möchte', 'möchte', 'möchte', 'möchte', 'möchte', ',', 'ich', 'möchte', ',', 'ich', 'möchte', ',', 'ich', 'möchte', ',', 'ich', 'möchte', 'möchte', 'möchte', 'möchte', 'möchte', '.']
2020-08-10 07:53:25,805 	Source:     hi , i &apos;m looking for a restaurant inside the arden fair mall in san francisco , california .
2020-08-10 07:53:25,805 	Reference:  hallo , ich bin auf der suche nach einem restaurant im arden fair einkaufszentrum in san francisco , kalifornien .
2020-08-10 07:53:25,805 	Hypothesis: ich möchte möchte möchte , ich möchte möchte möchte möchte möchte möchte möchte möchte möchte möchte , ich möchte möchte möchte möchte möchte möchte , ich möchte möchte möchte möchte möchte möchte möchte möchte möchte möchte möchte , ich möchte , ich möchte , ich möchte , ich möchte möchte möchte möchte möchte .
2020-08-10 07:53:25,805 Example #3
2020-08-10 07:53:25,805 	Raw source:     ['ok', ',', 'what', 'type', 'of', 'restaurant', 'are', 'you', 'looking', 'for', '?']
2020-08-10 07:53:25,805 	Raw hypothesis: ['ok', ',', 'wie', 'sie', 'sie', '?']
2020-08-10 07:53:25,805 	Source:     ok , what type of restaurant are you looking for ?
2020-08-10 07:53:25,805 	Reference:  ok . welche art von restaurant suchen sie denn genau ?
2020-08-10 07:53:25,805 	Hypothesis: ok , wie sie sie ?
2020-08-10 07:53:25,805 Validation result (greedy) at epoch   3, step      400: bleu:   1.67, loss: 27135.7266, ppl:  69.4049, duration: 26.2096s
2020-08-10 07:53:31,613 Epoch   3 Step:      500 Batch Loss:     5.286354 Tokens per Sec:     5776, Lr: 0.000200
2020-08-10 07:53:35,444 Epoch   3: total training loss 735.21
2020-08-10 07:53:35,444 EPOCH 4
2020-08-10 07:53:37,380 Epoch   4 Step:      600 Batch Loss:     3.986707 Tokens per Sec:     6078, Lr: 0.000200
2020-08-10 07:54:03,773 Hooray! New best validation result [ppl]!
2020-08-10 07:54:03,774 Saving new checkpoint.
2020-08-10 07:54:04,055 Example #0
2020-08-10 07:54:04,055 	Raw source:     ['hello', '.']
2020-08-10 07:54:04,055 	Raw hypothesis: ['hallo', '.']
2020-08-10 07:54:04,055 	Source:     hello .
2020-08-10 07:54:04,055 	Reference:  hallo ,
2020-08-10 07:54:04,055 	Hypothesis: hallo .
2020-08-10 07:54:04,055 Example #1
2020-08-10 07:54:04,055 	Raw source:     ['hi', ',', 'how', 'can', 'i', 'help', 'you', '?']
2020-08-10 07:54:04,055 	Raw hypothesis: ['hallo', ',', 'wie', 'kann', 'ich', 'ihnen', 'helfen', '?']
2020-08-10 07:54:04,055 	Source:     hi , how can i help you ?
2020-08-10 07:54:04,055 	Reference:  hallo , wie kann ich ihnen helfen ?
2020-08-10 07:54:04,055 	Hypothesis: hallo , wie kann ich ihnen helfen ?
2020-08-10 07:54:04,055 Example #2
2020-08-10 07:54:04,055 	Raw source:     ['hi', ',', 'i', '&apos;m', 'looking', 'for', 'a', 'restaurant', 'inside', 'the', 'arden', 'fair', 'mall', 'in', 'san', 'francisco', ',', 'california', '.']
2020-08-10 07:54:04,055 	Raw hypothesis: ['hallo', ',', 'ich', 'habe', 'einen', 'einen', 'termin', ',', 'der', 'der', 'der', 'der', 'der', 'der', 'der', 'der', 'der', 'der', 'der', 'der', 'der', 'der', 'der', 'der', 'der', 'der', 'der', 'der', 'der', 'der', 'der', 'der', 'der', 'der', 'der', 'der', 'der', 'der', 'der', 'der', 'der', 'der', 'der', 'der', 'der', 'der', 'der', 'der', 'der', 'der', 'der', 'der', 'der', 'der', 'der', 'der', 'der', 'der', 'der', 'der', 'der', 'der', 'der', 'der', 'der', 'der', 'der', 'der', 'der', 'der', 'der', 'der', 'der', 'der', 'der', 'der', 'der', 'der', 'der', 'der', 'der', 'der', 'der', 'der', 'der', 'der', 'der', 'der', 'der', 'der', 'der', 'der', 'der', 'der', 'der', 'der', 'der', 'der', 'der', 'der']
2020-08-10 07:54:04,055 	Source:     hi , i &apos;m looking for a restaurant inside the arden fair mall in san francisco , california .
2020-08-10 07:54:04,055 	Reference:  hallo , ich bin auf der suche nach einem restaurant im arden fair einkaufszentrum in san francisco , kalifornien .
2020-08-10 07:54:04,055 	Hypothesis: hallo , ich habe einen einen termin , der der der der der der der der der der der der der der der der der der der der der der der der der der der der der der der der der der der der der der der der der der der der der der der der der der der der der der der der der der der der der der der der der der der der der der der der der der der der der der der der der der der der der der der der der der der der
2020-08-10 07:54:04,056 Example #3
2020-08-10 07:54:04,056 	Raw source:     ['ok', ',', 'what', 'type', 'of', 'restaurant', 'are', 'you', 'looking', 'for', '?']
2020-08-10 07:54:04,056 	Raw hypothesis: ['ok', ',', 'möchten', 'sie', 'noch', 'noch', '?']
2020-08-10 07:54:04,056 	Source:     ok , what type of restaurant are you looking for ?
2020-08-10 07:54:04,056 	Reference:  ok . welche art von restaurant suchen sie denn genau ?
2020-08-10 07:54:04,056 	Hypothesis: ok , möchten sie noch noch ?
2020-08-10 07:54:04,056 Validation result (greedy) at epoch   4, step      600: bleu:   3.57, loss: 24301.9648, ppl:  44.5754, duration: 26.6758s
2020-08-10 07:54:09,816 Epoch   4 Step:      700 Batch Loss:     5.195161 Tokens per Sec:     5938, Lr: 0.000200
2020-08-10 07:54:12,877 Epoch   4: total training loss 647.51
2020-08-10 07:54:12,877 EPOCH 5
2020-08-10 07:54:15,652 Epoch   5 Step:      800 Batch Loss:     4.310260 Tokens per Sec:     5769, Lr: 0.000200
2020-08-10 07:54:35,784 Hooray! New best validation result [ppl]!
2020-08-10 07:54:35,784 Saving new checkpoint.
2020-08-10 07:54:36,072 Example #0
2020-08-10 07:54:36,072 	Raw source:     ['hello', '.']
2020-08-10 07:54:36,072 	Raw hypothesis: ['hallo', '.']
2020-08-10 07:54:36,072 	Source:     hello .
2020-08-10 07:54:36,072 	Reference:  hallo ,
2020-08-10 07:54:36,072 	Hypothesis: hallo .
2020-08-10 07:54:36,072 Example #1
2020-08-10 07:54:36,072 	Raw source:     ['hi', ',', 'how', 'can', 'i', 'help', 'you', '?']
2020-08-10 07:54:36,072 	Raw hypothesis: ['hallo', ',', 'wie', 'kann', 'ich', 'ihnen', 'helfen', '?']
2020-08-10 07:54:36,072 	Source:     hi , how can i help you ?
2020-08-10 07:54:36,072 	Reference:  hallo , wie kann ich ihnen helfen ?
2020-08-10 07:54:36,073 	Hypothesis: hallo , wie kann ich ihnen helfen ?
2020-08-10 07:54:36,073 Example #2
2020-08-10 07:54:36,073 	Raw source:     ['hi', ',', 'i', '&apos;m', 'looking', 'for', 'a', 'restaurant', 'inside', 'the', 'arden', 'fair', 'mall', 'in', 'san', 'francisco', ',', 'california', '.']
2020-08-10 07:54:36,073 	Raw hypothesis: ['hallo', ',', 'ich', 'möchte', 'ein', 'paar', 'restaurant', 'in', 'der', 'der', 'der', 'der', 'der', 'der', 'der', 'der', 'der', 'der', 'der', 'der', 'der', 'der', 'der', 'der', 'der', 'der', 'der', 'der', 'der', 'der', 'der', 'der', 'der', 'der', 'der', 'der', 'der', 'der', 'der', 'der', 'der', 'der', 'der', 'der', 'der', 'der', 'der', 'der', 'der', 'der', 'der', 'der', 'der', 'der', 'der', 'der', 'der', 'der', 'der', 'der', 'der', 'der', 'der', 'der', 'der', 'der', 'der', 'der', 'der', 'der', 'der', 'der', 'der', 'der', 'der', 'der', 'der', 'der', 'der', 'der', 'der', 'der', 'der', 'der', 'der', 'der', 'der', 'der', 'der', 'der', 'der', 'der', 'der', 'der', 'der', 'der', 'der', 'der', 'der', 'der']
2020-08-10 07:54:36,073 	Source:     hi , i &apos;m looking for a restaurant inside the arden fair mall in san francisco , california .
2020-08-10 07:54:36,073 	Reference:  hallo , ich bin auf der suche nach einem restaurant im arden fair einkaufszentrum in san francisco , kalifornien .
2020-08-10 07:54:36,073 	Hypothesis: hallo , ich möchte ein paar restaurant in der der der der der der der der der der der der der der der der der der der der der der der der der der der der der der der der der der der der der der der der der der der der der der der der der der der der der der der der der der der der der der der der der der der der der der der der der der der der der der der der der der der der der der der der der der der der
2020-08-10 07:54:36,073 Example #3
2020-08-10 07:54:36,073 	Raw source:     ['ok', ',', 'what', 'type', 'of', 'restaurant', 'are', 'you', 'looking', 'for', '?']
2020-08-10 07:54:36,073 	Raw hypothesis: ['ok', ',', 'welche', 'art', 'von', 'von', 'von', 'von', 'von', 'von', 'von', '?']
2020-08-10 07:54:36,073 	Source:     ok , what type of restaurant are you looking for ?
2020-08-10 07:54:36,073 	Reference:  ok . welche art von restaurant suchen sie denn genau ?
2020-08-10 07:54:36,073 	Hypothesis: ok , welche art von von von von von von von ?
2020-08-10 07:54:36,073 Validation result (greedy) at epoch   5, step      800: bleu:   5.93, loss: 22642.6738, ppl:  34.3952, duration: 20.4204s
2020-08-10 07:54:41,822 Epoch   5 Step:      900 Batch Loss:     4.152091 Tokens per Sec:     5874, Lr: 0.000200
2020-08-10 07:54:44,192 Epoch   5: total training loss 595.04
2020-08-10 07:54:44,192 EPOCH 6
2020-08-10 07:54:47,565 Epoch   6 Step:     1000 Batch Loss:     3.035371 Tokens per Sec:     5911, Lr: 0.000200
2020-08-10 07:54:59,399 Hooray! New best validation result [ppl]!
2020-08-10 07:54:59,399 Saving new checkpoint.
2020-08-10 07:54:59,726 Example #0
2020-08-10 07:54:59,726 	Raw source:     ['hello', '.']
2020-08-10 07:54:59,726 	Raw hypothesis: ['hallo', '.']
2020-08-10 07:54:59,726 	Source:     hello .
2020-08-10 07:54:59,726 	Reference:  hallo ,
2020-08-10 07:54:59,726 	Hypothesis: hallo .
2020-08-10 07:54:59,726 Example #1
2020-08-10 07:54:59,726 	Raw source:     ['hi', ',', 'how', 'can', 'i', 'help', 'you', '?']
2020-08-10 07:54:59,726 	Raw hypothesis: ['hallo', ',', 'wie', 'kann', 'ich', 'ihnen', 'helfen', '?']
2020-08-10 07:54:59,726 	Source:     hi , how can i help you ?
2020-08-10 07:54:59,726 	Reference:  hallo , wie kann ich ihnen helfen ?
2020-08-10 07:54:59,726 	Hypothesis: hallo , wie kann ich ihnen helfen ?
2020-08-10 07:54:59,726 Example #2
2020-08-10 07:54:59,726 	Raw source:     ['hi', ',', 'i', '&apos;m', 'looking', 'for', 'a', 'restaurant', 'inside', 'the', 'arden', 'fair', 'mall', 'in', 'san', 'francisco', ',', 'california', '.']
2020-08-10 07:54:59,726 	Raw hypothesis: ['hallo', ',', 'ich', 'bin', 'in', 'der', 'san', 'francisco', ',', 'kalifornien', ',', 'kalifornien', ',', 'kalifornien', '.']
2020-08-10 07:54:59,726 	Source:     hi , i &apos;m looking for a restaurant inside the arden fair mall in san francisco , california .
2020-08-10 07:54:59,726 	Reference:  hallo , ich bin auf der suche nach einem restaurant im arden fair einkaufszentrum in san francisco , kalifornien .
2020-08-10 07:54:59,726 	Hypothesis: hallo , ich bin in der san francisco , kalifornien , kalifornien , kalifornien .
2020-08-10 07:54:59,727 Example #3
2020-08-10 07:54:59,727 	Raw source:     ['ok', ',', 'what', 'type', 'of', 'restaurant', 'are', 'you', 'looking', 'for', '?']
2020-08-10 07:54:59,727 	Raw hypothesis: ['ok', ',', 'welche', 'art', 'von', 'von', 'von', 'von', 'von', 'von', 'von', 'von', 'von', 'von', 'von', 'von', 'von', 'von', '?']
2020-08-10 07:54:59,727 	Source:     ok , what type of restaurant are you looking for ?
2020-08-10 07:54:59,727 	Reference:  ok . welche art von restaurant suchen sie denn genau ?
2020-08-10 07:54:59,727 	Hypothesis: ok , welche art von von von von von von von von von von von von von von ?
2020-08-10 07:54:59,727 Validation result (greedy) at epoch   6, step     1000: bleu:  11.76, loss: 20946.7109, ppl:  26.3884, duration: 12.1616s
2020-08-10 07:55:05,466 Epoch   6 Step:     1100 Batch Loss:     4.698360 Tokens per Sec:     5825, Lr: 0.000200
2020-08-10 07:55:07,212 Epoch   6: total training loss 540.92
2020-08-10 07:55:07,212 EPOCH 7
2020-08-10 07:55:11,257 Epoch   7 Step:     1200 Batch Loss:     2.649880 Tokens per Sec:     5799, Lr: 0.000200
2020-08-10 07:55:26,225 Hooray! New best validation result [ppl]!
2020-08-10 07:55:26,225 Saving new checkpoint.
2020-08-10 07:55:26,520 Example #0
2020-08-10 07:55:26,520 	Raw source:     ['hello', '.']
2020-08-10 07:55:26,520 	Raw hypothesis: ['hallo']
2020-08-10 07:55:26,520 	Source:     hello .
2020-08-10 07:55:26,520 	Reference:  hallo ,
2020-08-10 07:55:26,520 	Hypothesis: hallo
2020-08-10 07:55:26,520 Example #1
2020-08-10 07:55:26,520 	Raw source:     ['hi', ',', 'how', 'can', 'i', 'help', 'you', '?']
2020-08-10 07:55:26,520 	Raw hypothesis: ['hallo', ',', 'wie', 'kann', 'ich', 'ihnen', 'helfen', '?']
2020-08-10 07:55:26,520 	Source:     hi , how can i help you ?
2020-08-10 07:55:26,520 	Reference:  hallo , wie kann ich ihnen helfen ?
2020-08-10 07:55:26,520 	Hypothesis: hallo , wie kann ich ihnen helfen ?
2020-08-10 07:55:26,520 Example #2
2020-08-10 07:55:26,521 	Raw source:     ['hi', ',', 'i', '&apos;m', 'looking', 'for', 'a', 'restaurant', 'inside', 'the', 'arden', 'fair', 'mall', 'in', 'san', 'francisco', ',', 'california', '.']
2020-08-10 07:55:26,521 	Raw hypothesis: ['hallo', ',', 'ich', 'möchte', 'ein', 'restaurant', 'in', 'san', 'francisco', ',', 'kalifornien', '.']
2020-08-10 07:55:26,521 	Source:     hi , i &apos;m looking for a restaurant inside the arden fair mall in san francisco , california .
2020-08-10 07:55:26,521 	Reference:  hallo , ich bin auf der suche nach einem restaurant im arden fair einkaufszentrum in san francisco , kalifornien .
2020-08-10 07:55:26,521 	Hypothesis: hallo , ich möchte ein restaurant in san francisco , kalifornien .
2020-08-10 07:55:26,521 Example #3
2020-08-10 07:55:26,521 	Raw source:     ['ok', ',', 'what', 'type', 'of', 'restaurant', 'are', 'you', 'looking', 'for', '?']
2020-08-10 07:55:26,521 	Raw hypothesis: ['ok', ',', 'welche', 'art', 'von', 'von', 'von', 'von', 'von', 'von', 'von', 'von', 'essen', '?']
2020-08-10 07:55:26,521 	Source:     ok , what type of restaurant are you looking for ?
2020-08-10 07:55:26,521 	Reference:  ok . welche art von restaurant suchen sie denn genau ?
2020-08-10 07:55:26,521 	Hypothesis: ok , welche art von von von von von von von von essen ?
2020-08-10 07:55:26,521 Validation result (greedy) at epoch   7, step     1200: bleu:  11.07, loss: 20144.1113, ppl:  23.2782, duration: 15.2637s
2020-08-10 07:55:32,336 Epoch   7 Step:     1300 Batch Loss:     3.296253 Tokens per Sec:     5838, Lr: 0.000200
2020-08-10 07:55:33,575 Epoch   7: total training loss 509.62
2020-08-10 07:55:33,575 EPOCH 8
2020-08-10 07:55:38,131 Epoch   8 Step:     1400 Batch Loss:     1.545829 Tokens per Sec:     5941, Lr: 0.000200
2020-08-10 07:55:49,823 Hooray! New best validation result [ppl]!
2020-08-10 07:55:49,823 Saving new checkpoint.
2020-08-10 07:55:50,106 Example #0
2020-08-10 07:55:50,106 	Raw source:     ['hello', '.']
2020-08-10 07:55:50,106 	Raw hypothesis: ['hallo', '.']
2020-08-10 07:55:50,106 	Source:     hello .
2020-08-10 07:55:50,106 	Reference:  hallo ,
2020-08-10 07:55:50,106 	Hypothesis: hallo .
2020-08-10 07:55:50,106 Example #1
2020-08-10 07:55:50,106 	Raw source:     ['hi', ',', 'how', 'can', 'i', 'help', 'you', '?']
2020-08-10 07:55:50,106 	Raw hypothesis: ['hallo', ',', 'wie', 'kann', 'ich', 'ihnen', 'helfen', '?']
2020-08-10 07:55:50,106 	Source:     hi , how can i help you ?
2020-08-10 07:55:50,106 	Reference:  hallo , wie kann ich ihnen helfen ?
2020-08-10 07:55:50,106 	Hypothesis: hallo , wie kann ich ihnen helfen ?
2020-08-10 07:55:50,106 Example #2
2020-08-10 07:55:50,106 	Raw source:     ['hi', ',', 'i', '&apos;m', 'looking', 'for', 'a', 'restaurant', 'inside', 'the', 'arden', 'fair', 'mall', 'in', 'san', 'francisco', ',', 'california', '.']
2020-08-10 07:55:50,106 	Raw hypothesis: ['hallo', ',', 'ich', 'bin', 'in', 'san', 'francisco', ',', 'kalifornien', ',', 'kalifornien', '.']
2020-08-10 07:55:50,106 	Source:     hi , i &apos;m looking for a restaurant inside the arden fair mall in san francisco , california .
2020-08-10 07:55:50,106 	Reference:  hallo , ich bin auf der suche nach einem restaurant im arden fair einkaufszentrum in san francisco , kalifornien .
2020-08-10 07:55:50,106 	Hypothesis: hallo , ich bin in san francisco , kalifornien , kalifornien .
2020-08-10 07:55:50,107 Example #3
2020-08-10 07:55:50,107 	Raw source:     ['ok', ',', 'what', 'type', 'of', 'restaurant', 'are', 'you', 'looking', 'for', '?']
2020-08-10 07:55:50,107 	Raw hypothesis: ['ok', ',', 'welche', 'art', 'von', 'von', 'von', 'von', 'von', 'essen', '?']
2020-08-10 07:55:50,107 	Source:     ok , what type of restaurant are you looking for ?
2020-08-10 07:55:50,107 	Reference:  ok . welche art von restaurant suchen sie denn genau ?
2020-08-10 07:55:50,107 	Hypothesis: ok , welche art von von von von von essen ?
2020-08-10 07:55:50,107 Validation result (greedy) at epoch   8, step     1400: bleu:  15.70, loss: 19001.2930, ppl:  19.4715, duration: 11.9753s
2020-08-10 07:55:55,820 Epoch   8 Step:     1500 Batch Loss:     3.068877 Tokens per Sec:     5888, Lr: 0.000200
2020-08-10 07:55:56,386 Epoch   8: total training loss 461.33
2020-08-10 07:55:56,386 EPOCH 9
2020-08-10 07:56:01,511 Epoch   9 Step:     1600 Batch Loss:     2.230741 Tokens per Sec:     6020, Lr: 0.000200
2020-08-10 07:56:14,020 Hooray! New best validation result [ppl]!
2020-08-10 07:56:14,021 Saving new checkpoint.
2020-08-10 07:56:14,320 Example #0
2020-08-10 07:56:14,320 	Raw source:     ['hello', '.']
2020-08-10 07:56:14,320 	Raw hypothesis: ['hallo']
2020-08-10 07:56:14,320 	Source:     hello .
2020-08-10 07:56:14,320 	Reference:  hallo ,
2020-08-10 07:56:14,320 	Hypothesis: hallo
2020-08-10 07:56:14,320 Example #1
2020-08-10 07:56:14,320 	Raw source:     ['hi', ',', 'how', 'can', 'i', 'help', 'you', '?']
2020-08-10 07:56:14,320 	Raw hypothesis: ['hallo', ',', 'wie', 'kann', 'ich', 'ihnen', 'helfen', '?']
2020-08-10 07:56:14,320 	Source:     hi , how can i help you ?
2020-08-10 07:56:14,320 	Reference:  hallo , wie kann ich ihnen helfen ?
2020-08-10 07:56:14,320 	Hypothesis: hallo , wie kann ich ihnen helfen ?
2020-08-10 07:56:14,320 Example #2
2020-08-10 07:56:14,321 	Raw source:     ['hi', ',', 'i', '&apos;m', 'looking', 'for', 'a', 'restaurant', 'inside', 'the', 'arden', 'fair', 'mall', 'in', 'san', 'francisco', ',', 'california', '.']
2020-08-10 07:56:14,321 	Raw hypothesis: ['hallo', ',', 'ich', 'möchte', 'ein', 'restaurant', 'in', 'san', 'francisco', ',', 'kalifornien', ',', 'kalifornien', ',', 'kalifornien', '.']
2020-08-10 07:56:14,321 	Source:     hi , i &apos;m looking for a restaurant inside the arden fair mall in san francisco , california .
2020-08-10 07:56:14,321 	Reference:  hallo , ich bin auf der suche nach einem restaurant im arden fair einkaufszentrum in san francisco , kalifornien .
2020-08-10 07:56:14,321 	Hypothesis: hallo , ich möchte ein restaurant in san francisco , kalifornien , kalifornien , kalifornien .
2020-08-10 07:56:14,321 Example #3
2020-08-10 07:56:14,321 	Raw source:     ['ok', ',', 'what', 'type', 'of', 'restaurant', 'are', 'you', 'looking', 'for', '?']
2020-08-10 07:56:14,321 	Raw hypothesis: ['ok', ',', 'welche', 'art', 'von', 'restaurant', 'für', 'sie', '?']
2020-08-10 07:56:14,321 	Source:     ok , what type of restaurant are you looking for ?
2020-08-10 07:56:14,321 	Reference:  ok . welche art von restaurant suchen sie denn genau ?
2020-08-10 07:56:14,321 	Hypothesis: ok , welche art von restaurant für sie ?
2020-08-10 07:56:14,321 Validation result (greedy) at epoch   9, step     1600: bleu:  15.93, loss: 18443.6113, ppl:  17.8466, duration: 12.8101s
2020-08-10 07:56:19,852 Epoch   9: total training loss 416.53
2020-08-10 07:56:19,852 EPOCH 10
2020-08-10 07:56:20,030 Epoch  10 Step:     1700 Batch Loss:     2.787698 Tokens per Sec:     6420, Lr: 0.000200
2020-08-10 07:56:25,797 Epoch  10 Step:     1800 Batch Loss:     2.957408 Tokens per Sec:     5876, Lr: 0.000200
2020-08-10 07:56:40,359 Hooray! New best validation result [ppl]!
2020-08-10 07:56:40,359 Saving new checkpoint.
2020-08-10 07:56:40,674 Example #0
2020-08-10 07:56:40,674 	Raw source:     ['hello', '.']
2020-08-10 07:56:40,674 	Raw hypothesis: ['hallo', '.']
2020-08-10 07:56:40,674 	Source:     hello .
2020-08-10 07:56:40,674 	Reference:  hallo ,
2020-08-10 07:56:40,674 	Hypothesis: hallo .
2020-08-10 07:56:40,674 Example #1
2020-08-10 07:56:40,674 	Raw source:     ['hi', ',', 'how', 'can', 'i', 'help', 'you', '?']
2020-08-10 07:56:40,674 	Raw hypothesis: ['hallo', ',', 'wie', 'kann', 'ich', 'ihnen', 'helfen', '?']
2020-08-10 07:56:40,674 	Source:     hi , how can i help you ?
2020-08-10 07:56:40,674 	Reference:  hallo , wie kann ich ihnen helfen ?
2020-08-10 07:56:40,674 	Hypothesis: hallo , wie kann ich ihnen helfen ?
2020-08-10 07:56:40,674 Example #2
2020-08-10 07:56:40,674 	Raw source:     ['hi', ',', 'i', '&apos;m', 'looking', 'for', 'a', 'restaurant', 'inside', 'the', 'arden', 'fair', 'mall', 'in', 'san', 'francisco', ',', 'california', '.']
2020-08-10 07:56:40,674 	Raw hypothesis: ['hallo', ',', 'ich', 'bin', 'in', 'san', 'francisco', ',', 'kalifornien', ',', 'kalifornien', ',', 'kalifornien', ',', 'kalifornien', ',', 'kalifornien', '.']
2020-08-10 07:56:40,675 	Source:     hi , i &apos;m looking for a restaurant inside the arden fair mall in san francisco , california .
2020-08-10 07:56:40,675 	Reference:  hallo , ich bin auf der suche nach einem restaurant im arden fair einkaufszentrum in san francisco , kalifornien .
2020-08-10 07:56:40,675 	Hypothesis: hallo , ich bin in san francisco , kalifornien , kalifornien , kalifornien , kalifornien , kalifornien .
2020-08-10 07:56:40,675 Example #3
2020-08-10 07:56:40,675 	Raw source:     ['ok', ',', 'what', 'type', 'of', 'restaurant', 'are', 'you', 'looking', 'for', '?']
2020-08-10 07:56:40,675 	Raw hypothesis: ['ok', ',', 'welche', 'art', 'von', 'restaurant', 'haben', 'sie', '?']
2020-08-10 07:56:40,675 	Source:     ok , what type of restaurant are you looking for ?
2020-08-10 07:56:40,675 	Reference:  ok . welche art von restaurant suchen sie denn genau ?
2020-08-10 07:56:40,675 	Hypothesis: ok , welche art von restaurant haben sie ?
2020-08-10 07:56:40,675 Validation result (greedy) at epoch  10, step     1800: bleu:  15.70, loss: 17945.9805, ppl:  16.5115, duration: 14.8773s
2020-08-10 07:56:45,553 Epoch  10: total training loss 389.04
2020-08-10 07:56:45,553 EPOCH 11
2020-08-10 07:56:46,419 Epoch  11 Step:     1900 Batch Loss:     2.231368 Tokens per Sec:     5695, Lr: 0.000200
2020-08-10 07:56:52,135 Epoch  11 Step:     2000 Batch Loss:     1.153012 Tokens per Sec:     6004, Lr: 0.000200
2020-08-10 07:57:02,559 Hooray! New best validation result [ppl]!
2020-08-10 07:57:02,559 Saving new checkpoint.
2020-08-10 07:57:02,844 Example #0
2020-08-10 07:57:02,844 	Raw source:     ['hello', '.']
2020-08-10 07:57:02,844 	Raw hypothesis: ['hallo', '.']
2020-08-10 07:57:02,844 	Source:     hello .
2020-08-10 07:57:02,844 	Reference:  hallo ,
2020-08-10 07:57:02,844 	Hypothesis: hallo .
2020-08-10 07:57:02,844 Example #1
2020-08-10 07:57:02,844 	Raw source:     ['hi', ',', 'how', 'can', 'i', 'help', 'you', '?']
2020-08-10 07:57:02,844 	Raw hypothesis: ['hallo', ',', 'wie', 'kann', 'ich', 'ihnen', 'helfen', '?']
2020-08-10 07:57:02,844 	Source:     hi , how can i help you ?
2020-08-10 07:57:02,844 	Reference:  hallo , wie kann ich ihnen helfen ?
2020-08-10 07:57:02,845 	Hypothesis: hallo , wie kann ich ihnen helfen ?
2020-08-10 07:57:02,845 Example #2
2020-08-10 07:57:02,845 	Raw source:     ['hi', ',', 'i', '&apos;m', 'looking', 'for', 'a', 'restaurant', 'inside', 'the', 'arden', 'fair', 'mall', 'in', 'san', 'francisco', ',', 'california', '.']
2020-08-10 07:57:02,845 	Raw hypothesis: ['hallo', ',', 'ich', 'suche', 'ein', 'restaurant', 'in', 'san', 'francisco', ',', 'kalifornien', ',', 'kalifornien', '.']
2020-08-10 07:57:02,845 	Source:     hi , i &apos;m looking for a restaurant inside the arden fair mall in san francisco , california .
2020-08-10 07:57:02,845 	Reference:  hallo , ich bin auf der suche nach einem restaurant im arden fair einkaufszentrum in san francisco , kalifornien .
2020-08-10 07:57:02,845 	Hypothesis: hallo , ich suche ein restaurant in san francisco , kalifornien , kalifornien .
2020-08-10 07:57:02,845 Example #3
2020-08-10 07:57:02,845 	Raw source:     ['ok', ',', 'what', 'type', 'of', 'restaurant', 'are', 'you', 'looking', 'for', '?']
2020-08-10 07:57:02,845 	Raw hypothesis: ['ok', ',', 'welche', 'art', 'von', 'restaurant', 'haben', 'sie', '?']
2020-08-10 07:57:02,845 	Source:     ok , what type of restaurant are you looking for ?
2020-08-10 07:57:02,845 	Reference:  ok . welche art von restaurant suchen sie denn genau ?
2020-08-10 07:57:02,845 	Hypothesis: ok , welche art von restaurant haben sie ?
2020-08-10 07:57:02,845 Validation result (greedy) at epoch  11, step     2000: bleu:  20.50, loss: 17435.9766, ppl:  15.2468, duration: 10.7099s
2020-08-10 07:57:06,989 Epoch  11: total training loss 362.29
2020-08-10 07:57:06,989 EPOCH 12
2020-08-10 07:57:08,526 Epoch  12 Step:     2100 Batch Loss:     0.986392 Tokens per Sec:     6124, Lr: 0.000200
2020-08-10 07:57:14,218 Epoch  12 Step:     2200 Batch Loss:     1.620077 Tokens per Sec:     5921, Lr: 0.000200
2020-08-10 07:57:24,005 Hooray! New best validation result [ppl]!
2020-08-10 07:57:24,005 Saving new checkpoint.
2020-08-10 07:57:24,294 Example #0
2020-08-10 07:57:24,294 	Raw source:     ['hello', '.']
2020-08-10 07:57:24,294 	Raw hypothesis: ['hallo', '.']
2020-08-10 07:57:24,294 	Source:     hello .
2020-08-10 07:57:24,294 	Reference:  hallo ,
2020-08-10 07:57:24,294 	Hypothesis: hallo .
2020-08-10 07:57:24,294 Example #1
2020-08-10 07:57:24,294 	Raw source:     ['hi', ',', 'how', 'can', 'i', 'help', 'you', '?']
2020-08-10 07:57:24,294 	Raw hypothesis: ['hallo', ',', 'wie', 'kann', 'ich', 'ihnen', 'helfen', '?']
2020-08-10 07:57:24,294 	Source:     hi , how can i help you ?
2020-08-10 07:57:24,294 	Reference:  hallo , wie kann ich ihnen helfen ?
2020-08-10 07:57:24,294 	Hypothesis: hallo , wie kann ich ihnen helfen ?
2020-08-10 07:57:24,294 Example #2
2020-08-10 07:57:24,294 	Raw source:     ['hi', ',', 'i', '&apos;m', 'looking', 'for', 'a', 'restaurant', 'inside', 'the', 'arden', 'fair', 'mall', 'in', 'san', 'francisco', ',', 'california', '.']
2020-08-10 07:57:24,294 	Raw hypothesis: ['hallo', ',', 'ich', 'suche', 'ein', 'restaurant', 'in', 'san', 'francisco', ',', 'kalifornien', '.']
2020-08-10 07:57:24,294 	Source:     hi , i &apos;m looking for a restaurant inside the arden fair mall in san francisco , california .
2020-08-10 07:57:24,294 	Reference:  hallo , ich bin auf der suche nach einem restaurant im arden fair einkaufszentrum in san francisco , kalifornien .
2020-08-10 07:57:24,295 	Hypothesis: hallo , ich suche ein restaurant in san francisco , kalifornien .
2020-08-10 07:57:24,295 Example #3
2020-08-10 07:57:24,295 	Raw source:     ['ok', ',', 'what', 'type', 'of', 'restaurant', 'are', 'you', 'looking', 'for', '?']
2020-08-10 07:57:24,295 	Raw hypothesis: ['ok', ',', 'welche', 'art', 'von', 'restaurant', 'möchten', 'sie', '?']
2020-08-10 07:57:24,295 	Source:     ok , what type of restaurant are you looking for ?
2020-08-10 07:57:24,295 	Reference:  ok . welche art von restaurant suchen sie denn genau ?
2020-08-10 07:57:24,295 	Hypothesis: ok , welche art von restaurant möchten sie ?
2020-08-10 07:57:24,295 Validation result (greedy) at epoch  12, step     2200: bleu:  23.35, loss: 17108.9434, ppl:  14.4873, duration: 10.0770s
2020-08-10 07:57:27,871 Epoch  12: total training loss 339.13
2020-08-10 07:57:27,872 EPOCH 13
2020-08-10 07:57:29,981 Epoch  13 Step:     2300 Batch Loss:     0.899961 Tokens per Sec:     5869, Lr: 0.000200
2020-08-10 07:57:35,703 Epoch  13 Step:     2400 Batch Loss:     0.313732 Tokens per Sec:     6072, Lr: 0.000200
2020-08-10 07:57:47,215 Hooray! New best validation result [ppl]!
2020-08-10 07:57:47,216 Saving new checkpoint.
2020-08-10 07:57:47,506 Example #0
2020-08-10 07:57:47,506 	Raw source:     ['hello', '.']
2020-08-10 07:57:47,506 	Raw hypothesis: ['hallo', '.']
2020-08-10 07:57:47,506 	Source:     hello .
2020-08-10 07:57:47,506 	Reference:  hallo ,
2020-08-10 07:57:47,506 	Hypothesis: hallo .
2020-08-10 07:57:47,506 Example #1
2020-08-10 07:57:47,506 	Raw source:     ['hi', ',', 'how', 'can', 'i', 'help', 'you', '?']
2020-08-10 07:57:47,506 	Raw hypothesis: ['hallo', ',', 'wie', 'kann', 'ich', 'ihnen', 'helfen', '?']
2020-08-10 07:57:47,506 	Source:     hi , how can i help you ?
2020-08-10 07:57:47,506 	Reference:  hallo , wie kann ich ihnen helfen ?
2020-08-10 07:57:47,506 	Hypothesis: hallo , wie kann ich ihnen helfen ?
2020-08-10 07:57:47,506 Example #2
2020-08-10 07:57:47,506 	Raw source:     ['hi', ',', 'i', '&apos;m', 'looking', 'for', 'a', 'restaurant', 'inside', 'the', 'arden', 'fair', 'mall', 'in', 'san', 'francisco', ',', 'california', '.']
2020-08-10 07:57:47,506 	Raw hypothesis: ['hallo', ',', 'ich', 'suche', 'ein', 'restaurant', 'in', 'san', 'francisco', ',', 'kalifornien', ',', 'kalifornien', ',', 'kalifornien', ',', 'kalifornien', ',', 'kalifornien', '.']
2020-08-10 07:57:47,506 	Source:     hi , i &apos;m looking for a restaurant inside the arden fair mall in san francisco , california .
2020-08-10 07:57:47,506 	Reference:  hallo , ich bin auf der suche nach einem restaurant im arden fair einkaufszentrum in san francisco , kalifornien .
2020-08-10 07:57:47,506 	Hypothesis: hallo , ich suche ein restaurant in san francisco , kalifornien , kalifornien , kalifornien , kalifornien , kalifornien .
2020-08-10 07:57:47,507 Example #3
2020-08-10 07:57:47,507 	Raw source:     ['ok', ',', 'what', 'type', 'of', 'restaurant', 'are', 'you', 'looking', 'for', '?']
2020-08-10 07:57:47,507 	Raw hypothesis: ['ok', ',', 'was', 'für', 'ein', 'restaurant', 'suchen', 'sie', '?']
2020-08-10 07:57:47,507 	Source:     ok , what type of restaurant are you looking for ?
2020-08-10 07:57:47,507 	Reference:  ok . welche art von restaurant suchen sie denn genau ?
2020-08-10 07:57:47,507 	Hypothesis: ok , was für ein restaurant suchen sie ?
2020-08-10 07:57:47,507 Validation result (greedy) at epoch  13, step     2400: bleu:  22.23, loss: 16846.0527, ppl:  13.9043, duration: 11.8034s
2020-08-10 07:57:50,330 Epoch  13: total training loss 305.76
2020-08-10 07:57:50,330 EPOCH 14
2020-08-10 07:57:53,302 Epoch  14 Step:     2500 Batch Loss:     0.884050 Tokens per Sec:     5843, Lr: 0.000200
2020-08-10 07:57:58,979 Epoch  14 Step:     2600 Batch Loss:     2.092714 Tokens per Sec:     6063, Lr: 0.000200
2020-08-10 07:58:10,696 Hooray! New best validation result [ppl]!
2020-08-10 07:58:10,696 Saving new checkpoint.
2020-08-10 07:58:10,979 Example #0
2020-08-10 07:58:10,979 	Raw source:     ['hello', '.']
2020-08-10 07:58:10,979 	Raw hypothesis: ['hallo', '.']
2020-08-10 07:58:10,980 	Source:     hello .
2020-08-10 07:58:10,980 	Reference:  hallo ,
2020-08-10 07:58:10,980 	Hypothesis: hallo .
2020-08-10 07:58:10,980 Example #1
2020-08-10 07:58:10,980 	Raw source:     ['hi', ',', 'how', 'can', 'i', 'help', 'you', '?']
2020-08-10 07:58:10,980 	Raw hypothesis: ['hallo', ',', 'wie', 'kann', 'ich', 'ihnen', 'helfen', '?']
2020-08-10 07:58:10,980 	Source:     hi , how can i help you ?
2020-08-10 07:58:10,980 	Reference:  hallo , wie kann ich ihnen helfen ?
2020-08-10 07:58:10,980 	Hypothesis: hallo , wie kann ich ihnen helfen ?
2020-08-10 07:58:10,980 Example #2
2020-08-10 07:58:10,980 	Raw source:     ['hi', ',', 'i', '&apos;m', 'looking', 'for', 'a', 'restaurant', 'inside', 'the', 'arden', 'fair', 'mall', 'in', 'san', 'francisco', ',', 'california', '.']
2020-08-10 07:58:10,980 	Raw hypothesis: ['hallo', ',', 'ich', 'suche', 'ein', 'restaurant', 'in', 'san', 'francisco', ',', 'kalifornien', ',', 'kalifornien', ',', 'kalifornien', ',', 'kalifornien', ',', 'kalifornien', '.']
2020-08-10 07:58:10,980 	Source:     hi , i &apos;m looking for a restaurant inside the arden fair mall in san francisco , california .
2020-08-10 07:58:10,980 	Reference:  hallo , ich bin auf der suche nach einem restaurant im arden fair einkaufszentrum in san francisco , kalifornien .
2020-08-10 07:58:10,980 	Hypothesis: hallo , ich suche ein restaurant in san francisco , kalifornien , kalifornien , kalifornien , kalifornien , kalifornien .
2020-08-10 07:58:10,980 Example #3
2020-08-10 07:58:10,980 	Raw source:     ['ok', ',', 'what', 'type', 'of', 'restaurant', 'are', 'you', 'looking', 'for', '?']
2020-08-10 07:58:10,980 	Raw hypothesis: ['ok', ',', 'welche', 'art', 'von', 'restaurant', 'möchten', 'sie', 'suchen', '?']
2020-08-10 07:58:10,980 	Source:     ok , what type of restaurant are you looking for ?
2020-08-10 07:58:10,980 	Reference:  ok . welche art von restaurant suchen sie denn genau ?
2020-08-10 07:58:10,980 	Hypothesis: ok , welche art von restaurant möchten sie suchen ?
2020-08-10 07:58:10,980 Validation result (greedy) at epoch  14, step     2600: bleu:  22.88, loss: 16714.0156, ppl:  13.6203, duration: 12.0011s
2020-08-10 07:58:13,083 Epoch  14: total training loss 288.74
2020-08-10 07:58:13,083 EPOCH 15
2020-08-10 07:58:16,709 Epoch  15 Step:     2700 Batch Loss:     1.141429 Tokens per Sec:     5804, Lr: 0.000200
2020-08-10 07:58:22,413 Epoch  15 Step:     2800 Batch Loss:     2.097967 Tokens per Sec:     5923, Lr: 0.000200
2020-08-10 07:58:34,790 Hooray! New best validation result [ppl]!
2020-08-10 07:58:34,790 Saving new checkpoint.
2020-08-10 07:58:35,073 Example #0
2020-08-10 07:58:35,073 	Raw source:     ['hello', '.']
2020-08-10 07:58:35,073 	Raw hypothesis: ['hallo', '.']
2020-08-10 07:58:35,073 	Source:     hello .
2020-08-10 07:58:35,073 	Reference:  hallo ,
2020-08-10 07:58:35,074 	Hypothesis: hallo .
2020-08-10 07:58:35,074 Example #1
2020-08-10 07:58:35,074 	Raw source:     ['hi', ',', 'how', 'can', 'i', 'help', 'you', '?']
2020-08-10 07:58:35,074 	Raw hypothesis: ['hallo', ',', 'wie', 'kann', 'ich', 'ihnen', 'helfen', '?']
2020-08-10 07:58:35,074 	Source:     hi , how can i help you ?
2020-08-10 07:58:35,074 	Reference:  hallo , wie kann ich ihnen helfen ?
2020-08-10 07:58:35,074 	Hypothesis: hallo , wie kann ich ihnen helfen ?
2020-08-10 07:58:35,074 Example #2
2020-08-10 07:58:35,074 	Raw source:     ['hi', ',', 'i', '&apos;m', 'looking', 'for', 'a', 'restaurant', 'inside', 'the', 'arden', 'fair', 'mall', 'in', 'san', 'francisco', ',', 'california', '.']
2020-08-10 07:58:35,074 	Raw hypothesis: ['hallo', ',', 'ich', 'suche', 'ein', 'restaurant', 'in', 'san', 'francisco', ',', 'kalifornien', ',', 'kalifornien', ',', 'in', 'san', 'francisco', ',', 'kalifornien', '.']
2020-08-10 07:58:35,074 	Source:     hi , i &apos;m looking for a restaurant inside the arden fair mall in san francisco , california .
2020-08-10 07:58:35,074 	Reference:  hallo , ich bin auf der suche nach einem restaurant im arden fair einkaufszentrum in san francisco , kalifornien .
2020-08-10 07:58:35,074 	Hypothesis: hallo , ich suche ein restaurant in san francisco , kalifornien , kalifornien , in san francisco , kalifornien .
2020-08-10 07:58:35,074 Example #3
2020-08-10 07:58:35,074 	Raw source:     ['ok', ',', 'what', 'type', 'of', 'restaurant', 'are', 'you', 'looking', 'for', '?']
2020-08-10 07:58:35,074 	Raw hypothesis: ['ok', ',', 'welche', 'art', 'von', 'restaurant', 'suchen', 'sie', '?']
2020-08-10 07:58:35,074 	Source:     ok , what type of restaurant are you looking for ?
2020-08-10 07:58:35,074 	Reference:  ok . welche art von restaurant suchen sie denn genau ?
2020-08-10 07:58:35,074 	Hypothesis: ok , welche art von restaurant suchen sie ?
2020-08-10 07:58:35,074 Validation result (greedy) at epoch  15, step     2800: bleu:  24.91, loss: 16569.6406, ppl:  13.3165, duration: 12.6608s
2020-08-10 07:58:36,614 Epoch  15: total training loss 274.87
2020-08-10 07:58:36,614 EPOCH 16
2020-08-10 07:58:40,775 Epoch  16 Step:     2900 Batch Loss:     1.578338 Tokens per Sec:     5880, Lr: 0.000200
2020-08-10 07:58:46,479 Epoch  16 Step:     3000 Batch Loss:     2.003247 Tokens per Sec:     5983, Lr: 0.000200
2020-08-10 07:58:57,650 Hooray! New best validation result [ppl]!
2020-08-10 07:58:57,650 Saving new checkpoint.
2020-08-10 07:58:57,958 Example #0
2020-08-10 07:58:57,959 	Raw source:     ['hello', '.']
2020-08-10 07:58:57,959 	Raw hypothesis: ['hallo', '.']
2020-08-10 07:58:57,959 	Source:     hello .
2020-08-10 07:58:57,959 	Reference:  hallo ,
2020-08-10 07:58:57,959 	Hypothesis: hallo .
2020-08-10 07:58:57,959 Example #1
2020-08-10 07:58:57,959 	Raw source:     ['hi', ',', 'how', 'can', 'i', 'help', 'you', '?']
2020-08-10 07:58:57,959 	Raw hypothesis: ['hallo', ',', 'wie', 'kann', 'ich', 'ihnen', 'helfen', '?']
2020-08-10 07:58:57,959 	Source:     hi , how can i help you ?
2020-08-10 07:58:57,959 	Reference:  hallo , wie kann ich ihnen helfen ?
2020-08-10 07:58:57,959 	Hypothesis: hallo , wie kann ich ihnen helfen ?
2020-08-10 07:58:57,959 Example #2
2020-08-10 07:58:57,959 	Raw source:     ['hi', ',', 'i', '&apos;m', 'looking', 'for', 'a', 'restaurant', 'inside', 'the', 'arden', 'fair', 'mall', 'in', 'san', 'francisco', ',', 'california', '.']
2020-08-10 07:58:57,959 	Raw hypothesis: ['hallo', ',', 'ich', 'suche', 'ein', 'restaurant', 'zum', 'mittagessen', 'in', 'san', 'francisco', ',', 'kalifornien', '.', 'ich', 'bin', 'in', 'san', 'francisco', ',', 'kalifornien', '.']
2020-08-10 07:58:57,959 	Source:     hi , i &apos;m looking for a restaurant inside the arden fair mall in san francisco , california .
2020-08-10 07:58:57,959 	Reference:  hallo , ich bin auf der suche nach einem restaurant im arden fair einkaufszentrum in san francisco , kalifornien .
2020-08-10 07:58:57,959 	Hypothesis: hallo , ich suche ein restaurant zum mittagessen in san francisco , kalifornien . ich bin in san francisco , kalifornien .
2020-08-10 07:58:57,959 Example #3
2020-08-10 07:58:57,960 	Raw source:     ['ok', ',', 'what', 'type', 'of', 'restaurant', 'are', 'you', 'looking', 'for', '?']
2020-08-10 07:58:57,960 	Raw hypothesis: ['ok', ',', 'nach', 'welcher', 'art', 'von', 'restaurant', 'suchen', 'sie', '?']
2020-08-10 07:58:57,960 	Source:     ok , what type of restaurant are you looking for ?
2020-08-10 07:58:57,960 	Reference:  ok . welche art von restaurant suchen sie denn genau ?
2020-08-10 07:58:57,960 	Hypothesis: ok , nach welcher art von restaurant suchen sie ?
2020-08-10 07:58:57,960 Validation result (greedy) at epoch  16, step     3000: bleu:  25.52, loss: 16491.9277, ppl:  13.1558, duration: 11.4802s
2020-08-10 07:58:58,896 Epoch  16: total training loss 250.82
2020-08-10 07:58:58,896 EPOCH 17
2020-08-10 07:59:03,680 Epoch  17 Step:     3100 Batch Loss:     1.738396 Tokens per Sec:     6010, Lr: 0.000200
2020-08-10 07:59:09,443 Epoch  17 Step:     3200 Batch Loss:     1.226947 Tokens per Sec:     5782, Lr: 0.000200
2020-08-10 07:59:22,099 Example #0
2020-08-10 07:59:22,099 	Raw source:     ['hello', '.']
2020-08-10 07:59:22,099 	Raw hypothesis: ['hallo', '.']
2020-08-10 07:59:22,099 	Source:     hello .
2020-08-10 07:59:22,099 	Reference:  hallo ,
2020-08-10 07:59:22,099 	Hypothesis: hallo .
2020-08-10 07:59:22,099 Example #1
2020-08-10 07:59:22,099 	Raw source:     ['hi', ',', 'how', 'can', 'i', 'help', 'you', '?']
2020-08-10 07:59:22,099 	Raw hypothesis: ['hallo', ',', 'wie', 'kann', 'ich', 'ihnen', 'helfen', '?']
2020-08-10 07:59:22,099 	Source:     hi , how can i help you ?
2020-08-10 07:59:22,099 	Reference:  hallo , wie kann ich ihnen helfen ?
2020-08-10 07:59:22,099 	Hypothesis: hallo , wie kann ich ihnen helfen ?
2020-08-10 07:59:22,099 Example #2
2020-08-10 07:59:22,099 	Raw source:     ['hi', ',', 'i', '&apos;m', 'looking', 'for', 'a', 'restaurant', 'inside', 'the', 'arden', 'fair', 'mall', 'in', 'san', 'francisco', ',', 'california', '.']
2020-08-10 07:59:22,099 	Raw hypothesis: ['hallo', ',', 'ich', 'suche', 'ein', 'restaurant', 'in', 'der', 'arden', 'fair', 'mall', 'in', 'san', 'francisco', ',', 'kalifornien', '.']
2020-08-10 07:59:22,100 	Source:     hi , i &apos;m looking for a restaurant inside the arden fair mall in san francisco , california .
2020-08-10 07:59:22,100 	Reference:  hallo , ich bin auf der suche nach einem restaurant im arden fair einkaufszentrum in san francisco , kalifornien .
2020-08-10 07:59:22,100 	Hypothesis: hallo , ich suche ein restaurant in der arden fair mall in san francisco , kalifornien .
2020-08-10 07:59:22,100 Example #3
2020-08-10 07:59:22,100 	Raw source:     ['ok', ',', 'what', 'type', 'of', 'restaurant', 'are', 'you', 'looking', 'for', '?']
2020-08-10 07:59:22,100 	Raw hypothesis: ['ok', ',', 'nach', 'welcher', 'art', 'von', 'restaurant', 'suchen', 'sie', '?']
2020-08-10 07:59:22,100 	Source:     ok , what type of restaurant are you looking for ?
2020-08-10 07:59:22,100 	Reference:  ok . welche art von restaurant suchen sie denn genau ?
2020-08-10 07:59:22,100 	Hypothesis: ok , nach welcher art von restaurant suchen sie ?
2020-08-10 07:59:22,100 Validation result (greedy) at epoch  17, step     3200: bleu:  24.20, loss: 16552.1992, ppl:  13.2803, duration: 12.6570s
2020-08-10 07:59:22,447 Epoch  17: total training loss 234.14
2020-08-10 07:59:22,448 EPOCH 18
2020-08-10 07:59:27,785 Epoch  18 Step:     3300 Batch Loss:     0.695747 Tokens per Sec:     5925, Lr: 0.000200
2020-08-10 07:59:33,383 Epoch  18: total training loss 222.44
2020-08-10 07:59:33,383 EPOCH 19
2020-08-10 07:59:33,563 Epoch  19 Step:     3400 Batch Loss:     1.044537 Tokens per Sec:     6533, Lr: 0.000200
2020-08-10 07:59:44,731 Example #0
2020-08-10 07:59:44,731 	Raw source:     ['hello', '.']
2020-08-10 07:59:44,731 	Raw hypothesis: ['hallo', '.']
2020-08-10 07:59:44,731 	Source:     hello .
2020-08-10 07:59:44,732 	Reference:  hallo ,
2020-08-10 07:59:44,732 	Hypothesis: hallo .
2020-08-10 07:59:44,732 Example #1
2020-08-10 07:59:44,732 	Raw source:     ['hi', ',', 'how', 'can', 'i', 'help', 'you', '?']
2020-08-10 07:59:44,732 	Raw hypothesis: ['hallo', ',', 'wie', 'kann', 'ich', 'ihnen', 'helfen', '?']
2020-08-10 07:59:44,732 	Source:     hi , how can i help you ?
2020-08-10 07:59:44,732 	Reference:  hallo , wie kann ich ihnen helfen ?
2020-08-10 07:59:44,732 	Hypothesis: hallo , wie kann ich ihnen helfen ?
2020-08-10 07:59:44,732 Example #2
2020-08-10 07:59:44,732 	Raw source:     ['hi', ',', 'i', '&apos;m', 'looking', 'for', 'a', 'restaurant', 'inside', 'the', 'arden', 'fair', 'mall', 'in', 'san', 'francisco', ',', 'california', '.']
2020-08-10 07:59:44,732 	Raw hypothesis: ['hallo', ',', 'ich', 'suche', 'ein', 'restaurant', 'in', 'san', 'francisco', ',', 'kalifornien', ',', 'kalifornien', '.']
2020-08-10 07:59:44,732 	Source:     hi , i &apos;m looking for a restaurant inside the arden fair mall in san francisco , california .
2020-08-10 07:59:44,732 	Reference:  hallo , ich bin auf der suche nach einem restaurant im arden fair einkaufszentrum in san francisco , kalifornien .
2020-08-10 07:59:44,732 	Hypothesis: hallo , ich suche ein restaurant in san francisco , kalifornien , kalifornien .
2020-08-10 07:59:44,732 Example #3
2020-08-10 07:59:44,732 	Raw source:     ['ok', ',', 'what', 'type', 'of', 'restaurant', 'are', 'you', 'looking', 'for', '?']
2020-08-10 07:59:44,732 	Raw hypothesis: ['ok', ',', 'welche', 'art', 'von', 'restaurant', 'suchen', 'sie', '?']
2020-08-10 07:59:44,732 	Source:     ok , what type of restaurant are you looking for ?
2020-08-10 07:59:44,732 	Reference:  ok . welche art von restaurant suchen sie denn genau ?
2020-08-10 07:59:44,732 	Hypothesis: ok , welche art von restaurant suchen sie ?
2020-08-10 07:59:44,732 Validation result (greedy) at epoch  19, step     3400: bleu:  25.30, loss: 16613.5742, ppl:  13.4083, duration: 11.1693s
2020-08-10 07:59:50,394 Epoch  19 Step:     3500 Batch Loss:     1.049331 Tokens per Sec:     5881, Lr: 0.000200
2020-08-10 07:59:55,401 Epoch  19: total training loss 204.45
2020-08-10 07:59:55,401 EPOCH 20
2020-08-10 07:59:56,094 Epoch  20 Step:     3600 Batch Loss:     0.997024 Tokens per Sec:     5689, Lr: 0.000200
2020-08-10 08:00:06,929 Example #0
2020-08-10 08:00:06,929 	Raw source:     ['hello', '.']
2020-08-10 08:00:06,929 	Raw hypothesis: ['hallo', '.']
2020-08-10 08:00:06,929 	Source:     hello .
2020-08-10 08:00:06,929 	Reference:  hallo ,
2020-08-10 08:00:06,930 	Hypothesis: hallo .
2020-08-10 08:00:06,930 Example #1
2020-08-10 08:00:06,930 	Raw source:     ['hi', ',', 'how', 'can', 'i', 'help', 'you', '?']
2020-08-10 08:00:06,930 	Raw hypothesis: ['hallo', ',', 'wie', 'kann', 'ich', 'ihnen', 'helfen', '?']
2020-08-10 08:00:06,930 	Source:     hi , how can i help you ?
2020-08-10 08:00:06,930 	Reference:  hallo , wie kann ich ihnen helfen ?
2020-08-10 08:00:06,930 	Hypothesis: hallo , wie kann ich ihnen helfen ?
2020-08-10 08:00:06,930 Example #2
2020-08-10 08:00:06,930 	Raw source:     ['hi', ',', 'i', '&apos;m', 'looking', 'for', 'a', 'restaurant', 'inside', 'the', 'arden', 'fair', 'mall', 'in', 'san', 'francisco', ',', 'california', '.']
2020-08-10 08:00:06,930 	Raw hypothesis: ['hallo', ',', 'ich', 'suche', 'ein', 'restaurant', 'in', 'der', 'arden', 'fair', 'mall', 'zum', 'mittagessen', 'in', 'san', 'francisco', ',', 'kalifornien', '.']
2020-08-10 08:00:06,930 	Source:     hi , i &apos;m looking for a restaurant inside the arden fair mall in san francisco , california .
2020-08-10 08:00:06,930 	Reference:  hallo , ich bin auf der suche nach einem restaurant im arden fair einkaufszentrum in san francisco , kalifornien .
2020-08-10 08:00:06,930 	Hypothesis: hallo , ich suche ein restaurant in der arden fair mall zum mittagessen in san francisco , kalifornien .
2020-08-10 08:00:06,930 Example #3
2020-08-10 08:00:06,930 	Raw source:     ['ok', ',', 'what', 'type', 'of', 'restaurant', 'are', 'you', 'looking', 'for', '?']
2020-08-10 08:00:06,930 	Raw hypothesis: ['ok', ',', 'nach', 'welcher', 'art', 'von', 'restaurant', 'suchen', 'sie', '?']
2020-08-10 08:00:06,930 	Source:     ok , what type of restaurant are you looking for ?
2020-08-10 08:00:06,930 	Reference:  ok . welche art von restaurant suchen sie denn genau ?
2020-08-10 08:00:06,930 	Hypothesis: ok , nach welcher art von restaurant suchen sie ?
2020-08-10 08:00:06,930 Validation result (greedy) at epoch  20, step     3600: bleu:  26.50, loss: 16608.9648, ppl:  13.3986, duration: 10.8367s
2020-08-10 08:00:12,685 Epoch  20 Step:     3700 Batch Loss:     0.624555 Tokens per Sec:     5958, Lr: 0.000200
2020-08-10 08:00:17,100 Epoch  20: total training loss 186.03
2020-08-10 08:00:17,101 Training ended after  20 epochs.
2020-08-10 08:00:17,101 Best validation result (greedy) at step     3000:  13.16 ppl.
