2020-08-10 02:30:56,878 Hello! This is Joey-NMT.
2020-08-10 02:30:58,222 Total params: 9944832
2020-08-10 02:30:58,224 Trainable parameters: ['decoder.layer_norm.bias', 'decoder.layer_norm.weight', 'decoder.layers.0.dec_layer_norm.bias', 'decoder.layers.0.dec_layer_norm.weight', 'decoder.layers.0.feed_forward.layer_norm.bias', 'decoder.layers.0.feed_forward.layer_norm.weight', 'decoder.layers.0.feed_forward.pwff_layer.0.bias', 'decoder.layers.0.feed_forward.pwff_layer.0.weight', 'decoder.layers.0.feed_forward.pwff_layer.3.bias', 'decoder.layers.0.feed_forward.pwff_layer.3.weight', 'decoder.layers.0.src_trg_att.k_layer.bias', 'decoder.layers.0.src_trg_att.k_layer.weight', 'decoder.layers.0.src_trg_att.output_layer.bias', 'decoder.layers.0.src_trg_att.output_layer.weight', 'decoder.layers.0.src_trg_att.q_layer.bias', 'decoder.layers.0.src_trg_att.q_layer.weight', 'decoder.layers.0.src_trg_att.v_layer.bias', 'decoder.layers.0.src_trg_att.v_layer.weight', 'decoder.layers.0.trg_trg_att.k_layer.bias', 'decoder.layers.0.trg_trg_att.k_layer.weight', 'decoder.layers.0.trg_trg_att.output_layer.bias', 'decoder.layers.0.trg_trg_att.output_layer.weight', 'decoder.layers.0.trg_trg_att.q_layer.bias', 'decoder.layers.0.trg_trg_att.q_layer.weight', 'decoder.layers.0.trg_trg_att.v_layer.bias', 'decoder.layers.0.trg_trg_att.v_layer.weight', 'decoder.layers.0.x_layer_norm.bias', 'decoder.layers.0.x_layer_norm.weight', 'decoder.layers.1.dec_layer_norm.bias', 'decoder.layers.1.dec_layer_norm.weight', 'decoder.layers.1.feed_forward.layer_norm.bias', 'decoder.layers.1.feed_forward.layer_norm.weight', 'decoder.layers.1.feed_forward.pwff_layer.0.bias', 'decoder.layers.1.feed_forward.pwff_layer.0.weight', 'decoder.layers.1.feed_forward.pwff_layer.3.bias', 'decoder.layers.1.feed_forward.pwff_layer.3.weight', 'decoder.layers.1.src_trg_att.k_layer.bias', 'decoder.layers.1.src_trg_att.k_layer.weight', 'decoder.layers.1.src_trg_att.output_layer.bias', 'decoder.layers.1.src_trg_att.output_layer.weight', 'decoder.layers.1.src_trg_att.q_layer.bias', 'decoder.layers.1.src_trg_att.q_layer.weight', 'decoder.layers.1.src_trg_att.v_layer.bias', 'decoder.layers.1.src_trg_att.v_layer.weight', 'decoder.layers.1.trg_trg_att.k_layer.bias', 'decoder.layers.1.trg_trg_att.k_layer.weight', 'decoder.layers.1.trg_trg_att.output_layer.bias', 'decoder.layers.1.trg_trg_att.output_layer.weight', 'decoder.layers.1.trg_trg_att.q_layer.bias', 'decoder.layers.1.trg_trg_att.q_layer.weight', 'decoder.layers.1.trg_trg_att.v_layer.bias', 'decoder.layers.1.trg_trg_att.v_layer.weight', 'decoder.layers.1.x_layer_norm.bias', 'decoder.layers.1.x_layer_norm.weight', 'decoder.layers.2.dec_layer_norm.bias', 'decoder.layers.2.dec_layer_norm.weight', 'decoder.layers.2.feed_forward.layer_norm.bias', 'decoder.layers.2.feed_forward.layer_norm.weight', 'decoder.layers.2.feed_forward.pwff_layer.0.bias', 'decoder.layers.2.feed_forward.pwff_layer.0.weight', 'decoder.layers.2.feed_forward.pwff_layer.3.bias', 'decoder.layers.2.feed_forward.pwff_layer.3.weight', 'decoder.layers.2.src_trg_att.k_layer.bias', 'decoder.layers.2.src_trg_att.k_layer.weight', 'decoder.layers.2.src_trg_att.output_layer.bias', 'decoder.layers.2.src_trg_att.output_layer.weight', 'decoder.layers.2.src_trg_att.q_layer.bias', 'decoder.layers.2.src_trg_att.q_layer.weight', 'decoder.layers.2.src_trg_att.v_layer.bias', 'decoder.layers.2.src_trg_att.v_layer.weight', 'decoder.layers.2.trg_trg_att.k_layer.bias', 'decoder.layers.2.trg_trg_att.k_layer.weight', 'decoder.layers.2.trg_trg_att.output_layer.bias', 'decoder.layers.2.trg_trg_att.output_layer.weight', 'decoder.layers.2.trg_trg_att.q_layer.bias', 'decoder.layers.2.trg_trg_att.q_layer.weight', 'decoder.layers.2.trg_trg_att.v_layer.bias', 'decoder.layers.2.trg_trg_att.v_layer.weight', 'decoder.layers.2.x_layer_norm.bias', 'decoder.layers.2.x_layer_norm.weight', 'decoder.layers.3.dec_layer_norm.bias', 'decoder.layers.3.dec_layer_norm.weight', 'decoder.layers.3.feed_forward.layer_norm.bias', 'decoder.layers.3.feed_forward.layer_norm.weight', 'decoder.layers.3.feed_forward.pwff_layer.0.bias', 'decoder.layers.3.feed_forward.pwff_layer.0.weight', 'decoder.layers.3.feed_forward.pwff_layer.3.bias', 'decoder.layers.3.feed_forward.pwff_layer.3.weight', 'decoder.layers.3.src_trg_att.k_layer.bias', 'decoder.layers.3.src_trg_att.k_layer.weight', 'decoder.layers.3.src_trg_att.output_layer.bias', 'decoder.layers.3.src_trg_att.output_layer.weight', 'decoder.layers.3.src_trg_att.q_layer.bias', 'decoder.layers.3.src_trg_att.q_layer.weight', 'decoder.layers.3.src_trg_att.v_layer.bias', 'decoder.layers.3.src_trg_att.v_layer.weight', 'decoder.layers.3.trg_trg_att.k_layer.bias', 'decoder.layers.3.trg_trg_att.k_layer.weight', 'decoder.layers.3.trg_trg_att.output_layer.bias', 'decoder.layers.3.trg_trg_att.output_layer.weight', 'decoder.layers.3.trg_trg_att.q_layer.bias', 'decoder.layers.3.trg_trg_att.q_layer.weight', 'decoder.layers.3.trg_trg_att.v_layer.bias', 'decoder.layers.3.trg_trg_att.v_layer.weight', 'decoder.layers.3.x_layer_norm.bias', 'decoder.layers.3.x_layer_norm.weight', 'decoder.layers.4.dec_layer_norm.bias', 'decoder.layers.4.dec_layer_norm.weight', 'decoder.layers.4.feed_forward.layer_norm.bias', 'decoder.layers.4.feed_forward.layer_norm.weight', 'decoder.layers.4.feed_forward.pwff_layer.0.bias', 'decoder.layers.4.feed_forward.pwff_layer.0.weight', 'decoder.layers.4.feed_forward.pwff_layer.3.bias', 'decoder.layers.4.feed_forward.pwff_layer.3.weight', 'decoder.layers.4.src_trg_att.k_layer.bias', 'decoder.layers.4.src_trg_att.k_layer.weight', 'decoder.layers.4.src_trg_att.output_layer.bias', 'decoder.layers.4.src_trg_att.output_layer.weight', 'decoder.layers.4.src_trg_att.q_layer.bias', 'decoder.layers.4.src_trg_att.q_layer.weight', 'decoder.layers.4.src_trg_att.v_layer.bias', 'decoder.layers.4.src_trg_att.v_layer.weight', 'decoder.layers.4.trg_trg_att.k_layer.bias', 'decoder.layers.4.trg_trg_att.k_layer.weight', 'decoder.layers.4.trg_trg_att.output_layer.bias', 'decoder.layers.4.trg_trg_att.output_layer.weight', 'decoder.layers.4.trg_trg_att.q_layer.bias', 'decoder.layers.4.trg_trg_att.q_layer.weight', 'decoder.layers.4.trg_trg_att.v_layer.bias', 'decoder.layers.4.trg_trg_att.v_layer.weight', 'decoder.layers.4.x_layer_norm.bias', 'decoder.layers.4.x_layer_norm.weight', 'decoder.layers.5.dec_layer_norm.bias', 'decoder.layers.5.dec_layer_norm.weight', 'decoder.layers.5.feed_forward.layer_norm.bias', 'decoder.layers.5.feed_forward.layer_norm.weight', 'decoder.layers.5.feed_forward.pwff_layer.0.bias', 'decoder.layers.5.feed_forward.pwff_layer.0.weight', 'decoder.layers.5.feed_forward.pwff_layer.3.bias', 'decoder.layers.5.feed_forward.pwff_layer.3.weight', 'decoder.layers.5.src_trg_att.k_layer.bias', 'decoder.layers.5.src_trg_att.k_layer.weight', 'decoder.layers.5.src_trg_att.output_layer.bias', 'decoder.layers.5.src_trg_att.output_layer.weight', 'decoder.layers.5.src_trg_att.q_layer.bias', 'decoder.layers.5.src_trg_att.q_layer.weight', 'decoder.layers.5.src_trg_att.v_layer.bias', 'decoder.layers.5.src_trg_att.v_layer.weight', 'decoder.layers.5.trg_trg_att.k_layer.bias', 'decoder.layers.5.trg_trg_att.k_layer.weight', 'decoder.layers.5.trg_trg_att.output_layer.bias', 'decoder.layers.5.trg_trg_att.output_layer.weight', 'decoder.layers.5.trg_trg_att.q_layer.bias', 'decoder.layers.5.trg_trg_att.q_layer.weight', 'decoder.layers.5.trg_trg_att.v_layer.bias', 'decoder.layers.5.trg_trg_att.v_layer.weight', 'decoder.layers.5.x_layer_norm.bias', 'decoder.layers.5.x_layer_norm.weight', 'encoder.layer_norm.bias', 'encoder.layer_norm.weight', 'encoder.layers.0.feed_forward.layer_norm.bias', 'encoder.layers.0.feed_forward.layer_norm.weight', 'encoder.layers.0.feed_forward.pwff_layer.0.bias', 'encoder.layers.0.feed_forward.pwff_layer.0.weight', 'encoder.layers.0.feed_forward.pwff_layer.3.bias', 'encoder.layers.0.feed_forward.pwff_layer.3.weight', 'encoder.layers.0.layer_norm.bias', 'encoder.layers.0.layer_norm.weight', 'encoder.layers.0.src_src_att.k_layer.bias', 'encoder.layers.0.src_src_att.k_layer.weight', 'encoder.layers.0.src_src_att.output_layer.bias', 'encoder.layers.0.src_src_att.output_layer.weight', 'encoder.layers.0.src_src_att.q_layer.bias', 'encoder.layers.0.src_src_att.q_layer.weight', 'encoder.layers.0.src_src_att.v_layer.bias', 'encoder.layers.0.src_src_att.v_layer.weight', 'encoder.layers.1.feed_forward.layer_norm.bias', 'encoder.layers.1.feed_forward.layer_norm.weight', 'encoder.layers.1.feed_forward.pwff_layer.0.bias', 'encoder.layers.1.feed_forward.pwff_layer.0.weight', 'encoder.layers.1.feed_forward.pwff_layer.3.bias', 'encoder.layers.1.feed_forward.pwff_layer.3.weight', 'encoder.layers.1.layer_norm.bias', 'encoder.layers.1.layer_norm.weight', 'encoder.layers.1.src_src_att.k_layer.bias', 'encoder.layers.1.src_src_att.k_layer.weight', 'encoder.layers.1.src_src_att.output_layer.bias', 'encoder.layers.1.src_src_att.output_layer.weight', 'encoder.layers.1.src_src_att.q_layer.bias', 'encoder.layers.1.src_src_att.q_layer.weight', 'encoder.layers.1.src_src_att.v_layer.bias', 'encoder.layers.1.src_src_att.v_layer.weight', 'encoder.layers.2.feed_forward.layer_norm.bias', 'encoder.layers.2.feed_forward.layer_norm.weight', 'encoder.layers.2.feed_forward.pwff_layer.0.bias', 'encoder.layers.2.feed_forward.pwff_layer.0.weight', 'encoder.layers.2.feed_forward.pwff_layer.3.bias', 'encoder.layers.2.feed_forward.pwff_layer.3.weight', 'encoder.layers.2.layer_norm.bias', 'encoder.layers.2.layer_norm.weight', 'encoder.layers.2.src_src_att.k_layer.bias', 'encoder.layers.2.src_src_att.k_layer.weight', 'encoder.layers.2.src_src_att.output_layer.bias', 'encoder.layers.2.src_src_att.output_layer.weight', 'encoder.layers.2.src_src_att.q_layer.bias', 'encoder.layers.2.src_src_att.q_layer.weight', 'encoder.layers.2.src_src_att.v_layer.bias', 'encoder.layers.2.src_src_att.v_layer.weight', 'encoder.layers.3.feed_forward.layer_norm.bias', 'encoder.layers.3.feed_forward.layer_norm.weight', 'encoder.layers.3.feed_forward.pwff_layer.0.bias', 'encoder.layers.3.feed_forward.pwff_layer.0.weight', 'encoder.layers.3.feed_forward.pwff_layer.3.bias', 'encoder.layers.3.feed_forward.pwff_layer.3.weight', 'encoder.layers.3.layer_norm.bias', 'encoder.layers.3.layer_norm.weight', 'encoder.layers.3.src_src_att.k_layer.bias', 'encoder.layers.3.src_src_att.k_layer.weight', 'encoder.layers.3.src_src_att.output_layer.bias', 'encoder.layers.3.src_src_att.output_layer.weight', 'encoder.layers.3.src_src_att.q_layer.bias', 'encoder.layers.3.src_src_att.q_layer.weight', 'encoder.layers.3.src_src_att.v_layer.bias', 'encoder.layers.3.src_src_att.v_layer.weight', 'encoder.layers.4.feed_forward.layer_norm.bias', 'encoder.layers.4.feed_forward.layer_norm.weight', 'encoder.layers.4.feed_forward.pwff_layer.0.bias', 'encoder.layers.4.feed_forward.pwff_layer.0.weight', 'encoder.layers.4.feed_forward.pwff_layer.3.bias', 'encoder.layers.4.feed_forward.pwff_layer.3.weight', 'encoder.layers.4.layer_norm.bias', 'encoder.layers.4.layer_norm.weight', 'encoder.layers.4.src_src_att.k_layer.bias', 'encoder.layers.4.src_src_att.k_layer.weight', 'encoder.layers.4.src_src_att.output_layer.bias', 'encoder.layers.4.src_src_att.output_layer.weight', 'encoder.layers.4.src_src_att.q_layer.bias', 'encoder.layers.4.src_src_att.q_layer.weight', 'encoder.layers.4.src_src_att.v_layer.bias', 'encoder.layers.4.src_src_att.v_layer.weight', 'encoder.layers.5.feed_forward.layer_norm.bias', 'encoder.layers.5.feed_forward.layer_norm.weight', 'encoder.layers.5.feed_forward.pwff_layer.0.bias', 'encoder.layers.5.feed_forward.pwff_layer.0.weight', 'encoder.layers.5.feed_forward.pwff_layer.3.bias', 'encoder.layers.5.feed_forward.pwff_layer.3.weight', 'encoder.layers.5.layer_norm.bias', 'encoder.layers.5.layer_norm.weight', 'encoder.layers.5.src_src_att.k_layer.bias', 'encoder.layers.5.src_src_att.k_layer.weight', 'encoder.layers.5.src_src_att.output_layer.bias', 'encoder.layers.5.src_src_att.output_layer.weight', 'encoder.layers.5.src_src_att.q_layer.bias', 'encoder.layers.5.src_src_att.q_layer.weight', 'encoder.layers.5.src_src_att.v_layer.bias', 'encoder.layers.5.src_src_att.v_layer.weight', 'src_embed.lut.weight', 'trg_embed.lut.weight']
2020-08-10 02:31:01,834 cfg.data.dev                       : chatnmt/multi_encoder/dev_subset.tags.bpe.10000
2020-08-10 02:31:01,834 cfg.data.level                     : bpe
2020-08-10 02:31:01,834 cfg.data.lowercase                 : False
2020-08-10 02:31:01,834 cfg.data.max_sent_length           : 100
2020-08-10 02:31:01,834 cfg.data.src                       : en
2020-08-10 02:31:01,834 cfg.data.test                      : chatnmt/multi_encoder/test.tags.bpe.10000
2020-08-10 02:31:01,834 cfg.data.train                     : chatnmt/multi_encoder/train_subset.tags.bpe.10000
2020-08-10 02:31:01,834 cfg.data.trg                       : de
2020-08-10 02:31:01,834 cfg.model.bias_initializer         : zeros
2020-08-10 02:31:01,834 cfg.model.decoder.dropout          : 0.1
2020-08-10 02:31:01,834 cfg.model.decoder.embeddings.dropout : 0.0
2020-08-10 02:31:01,834 cfg.model.decoder.embeddings.embedding_dim : 256
2020-08-10 02:31:01,834 cfg.model.decoder.embeddings.scale : True
2020-08-10 02:31:01,834 cfg.model.decoder.ff_size          : 512
2020-08-10 02:31:01,834 cfg.model.decoder.freeze           : False
2020-08-10 02:31:01,834 cfg.model.decoder.hidden_size      : 256
2020-08-10 02:31:01,834 cfg.model.decoder.num_heads        : 16
2020-08-10 02:31:01,834 cfg.model.decoder.num_layers       : 6
2020-08-10 02:31:01,834 cfg.model.decoder.type             : transformer
2020-08-10 02:31:01,834 cfg.model.embed_init_gain          : 1.0
2020-08-10 02:31:01,834 cfg.model.embed_initializer        : xavier
2020-08-10 02:31:01,834 cfg.model.encoder.dropout          : 0.3
2020-08-10 02:31:01,834 cfg.model.encoder.embeddings.dropout : 0.0
2020-08-10 02:31:01,835 cfg.model.encoder.embeddings.embedding_dim : 256
2020-08-10 02:31:01,835 cfg.model.encoder.embeddings.scale : True
2020-08-10 02:31:01,835 cfg.model.encoder.ff_size          : 512
2020-08-10 02:31:01,835 cfg.model.encoder.freeze           : False
2020-08-10 02:31:01,835 cfg.model.encoder.hidden_size      : 256
2020-08-10 02:31:01,835 cfg.model.encoder.multi_encoder    : False
2020-08-10 02:31:01,835 cfg.model.encoder.num_heads        : 16
2020-08-10 02:31:01,835 cfg.model.encoder.num_layers       : 6
2020-08-10 02:31:01,835 cfg.model.encoder.type             : transformer
2020-08-10 02:31:01,835 cfg.model.init_gain                : 1.0
2020-08-10 02:31:01,835 cfg.model.initializer              : xavier
2020-08-10 02:31:01,835 cfg.model.tied_embeddings          : False
2020-08-10 02:31:01,835 cfg.model.tied_softmax             : True
2020-08-10 02:31:01,835 cfg.name                           : transformer
2020-08-10 02:31:01,835 cfg.testing.alpha                  : 1.0
2020-08-10 02:31:01,835 cfg.testing.beam_size              : 5
2020-08-10 02:31:01,835 cfg.training.adam_betas            : [0.9, 0.999]
2020-08-10 02:31:01,835 cfg.training.batch_multiplier      : 1
2020-08-10 02:31:01,835 cfg.training.batch_size            : 1024
2020-08-10 02:31:01,835 cfg.training.batch_type            : token
2020-08-10 02:31:01,835 cfg.training.decrease_factor       : 0.7
2020-08-10 02:31:01,835 cfg.training.early_stopping_metric : ppl
2020-08-10 02:31:01,835 cfg.training.epochs                : 20
2020-08-10 02:31:01,835 cfg.training.eval_metric           : bleu
2020-08-10 02:31:01,835 cfg.training.keep_last_ckpts       : 3
2020-08-10 02:31:01,835 cfg.training.label_smoothing       : 0.1
2020-08-10 02:31:01,835 cfg.training.learning_rate         : 0.0002
2020-08-10 02:31:01,835 cfg.training.learning_rate_min     : 1e-08
2020-08-10 02:31:01,836 cfg.training.logging_freq          : 100
2020-08-10 02:31:01,836 cfg.training.loss                  : crossentropy
2020-08-10 02:31:01,836 cfg.training.max_output_length     : 100
2020-08-10 02:31:01,836 cfg.training.model_dir             : models/viznet/attempt3/16_16_0.3_256_256_1024_8_6
2020-08-10 02:31:01,836 cfg.training.normalization         : tokens
2020-08-10 02:31:01,836 cfg.training.optimizer             : adam
2020-08-10 02:31:01,836 cfg.training.overwrite             : True
2020-08-10 02:31:01,836 cfg.training.patience              : 8
2020-08-10 02:31:01,836 cfg.training.print_valid_sents     : [0, 1, 2, 3]
2020-08-10 02:31:01,836 cfg.training.random_seed           : 42
2020-08-10 02:31:01,836 cfg.training.scheduling            : plateau
2020-08-10 02:31:01,836 cfg.training.shuffle               : True
2020-08-10 02:31:01,836 cfg.training.use_cuda              : True
2020-08-10 02:31:01,836 cfg.training.validation_freq       : 200
2020-08-10 02:31:01,836 cfg.training.weight_decay          : 0.0
2020-08-10 02:31:01,836 Data set sizes: 
	train 5000,
	valid 500,
	test 1220
2020-08-10 02:31:01,836 First training example:
	[SRC] hi there ! how can i help ?
	[TRG] hallo ! wie kann ich helfen ?
2020-08-10 02:31:01,836 First 10 words (src): (0) <unk> (1) <pad> (2) <s> (3) </s> (4) . (5) , (6) ? (7) you (8) i (9) the
2020-08-10 02:31:01,837 First 10 words (trg): (0) <unk> (1) <pad> (2) <s> (3) </s> (4) . (5) , (6) ? (7) sie (8) ich (9) das
2020-08-10 02:31:01,837 Number of Src words (types): 3468
2020-08-10 02:31:01,837 Number of Trg words (types): 4487
2020-08-10 02:31:01,837 Model(
	encoder=TransformerEncoder(num_layers=6, num_heads=16),
	decoder=TransformerDecoder(num_layers=6, num_heads=16),
	src_embed=Embeddings(embedding_dim=256, vocab_size=3468),
	trg_embed=Embeddings(embedding_dim=256, vocab_size=4487))
2020-08-10 02:31:01,842 EPOCH 1
2020-08-10 02:31:07,837 Epoch   1: total training loss 544.41
2020-08-10 02:31:07,838 EPOCH 2
2020-08-10 02:31:07,973 Epoch   2 Step:      100 Batch Loss:     4.488263 Tokens per Sec:    10331, Lr: 0.000200
2020-08-10 02:31:13,866 Epoch   2: total training loss 461.32
2020-08-10 02:31:13,866 EPOCH 3
2020-08-10 02:31:14,062 Epoch   3 Step:      200 Batch Loss:     3.642391 Tokens per Sec:    10241, Lr: 0.000200
2020-08-10 02:31:32,300 Hooray! New best validation result [ppl]!
2020-08-10 02:31:32,300 Saving new checkpoint.
2020-08-10 02:31:32,577 Example #0
2020-08-10 02:31:32,577 	Raw source:     ['hello', '.']
2020-08-10 02:31:32,577 	Raw hypothesis: ['ja', '.']
2020-08-10 02:31:32,577 	Source:     hello .
2020-08-10 02:31:32,577 	Reference:  hallo ,
2020-08-10 02:31:32,577 	Hypothesis: ja .
2020-08-10 02:31:32,577 Example #1
2020-08-10 02:31:32,577 	Raw source:     ['hi', ',', 'how', 'can', 'i', 'help', 'you', '?']
2020-08-10 02:31:32,577 	Raw hypothesis: ['ich', 'ich', 'sie', 'sie', 'sie', '?']
2020-08-10 02:31:32,577 	Source:     hi , how can i help you ?
2020-08-10 02:31:32,577 	Reference:  hallo , wie kann ich ihnen helfen ?
2020-08-10 02:31:32,577 	Hypothesis: ich ich sie sie sie ?
2020-08-10 02:31:32,577 Example #2
2020-08-10 02:31:32,577 	Raw source:     ['hi', ',', 'i', '&apos;m', 'looking', 'for', 'a', 'restaurant', 'inside', 'the', 'arden', 'fair', 'mall', 'in', 'san', 'francisco', ',', 'california', '.']
2020-08-10 02:31:32,577 	Raw hypothesis: ['ich', 'ich', 'ich', 'ich', 'ich', 'ich', 'ich', 'ich', 'ich', 'ich', 'ich', 'ich', 'ich', 'ich', '.']
2020-08-10 02:31:32,577 	Source:     hi , i &apos;m looking for a restaurant inside the arden fair mall in san francisco , california .
2020-08-10 02:31:32,577 	Reference:  hallo , ich bin auf der suche nach einem restaurant im arden fair einkaufszentrum in san francisco , kalifornien .
2020-08-10 02:31:32,577 	Hypothesis: ich ich ich ich ich ich ich ich ich ich ich ich ich ich .
2020-08-10 02:31:32,578 Example #3
2020-08-10 02:31:32,578 	Raw source:     ['ok', ',', 'what', 'type', 'of', 'restaurant', 'are', 'you', 'looking', 'for', '?']
2020-08-10 02:31:32,578 	Raw hypothesis: ['ich', 'sie', 'sie', 'sie', 'sie', 'sie', 'sie', '?']
2020-08-10 02:31:32,578 	Source:     ok , what type of restaurant are you looking for ?
2020-08-10 02:31:32,578 	Reference:  ok . welche art von restaurant suchen sie denn genau ?
2020-08-10 02:31:32,578 	Hypothesis: ich sie sie sie sie sie sie ?
2020-08-10 02:31:32,578 Validation result (greedy) at epoch   3, step      200: bleu:   0.00, loss: 29497.8691, ppl: 100.3879, duration: 18.5155s
2020-08-10 02:31:38,439 Epoch   3: total training loss 424.76
2020-08-10 02:31:38,440 EPOCH 4
2020-08-10 02:31:38,693 Epoch   4 Step:      300 Batch Loss:     3.509414 Tokens per Sec:     6460, Lr: 0.000200
2020-08-10 02:31:44,537 Epoch   4: total training loss 395.86
2020-08-10 02:31:44,537 EPOCH 5
2020-08-10 02:31:44,847 Epoch   5 Step:      400 Batch Loss:     2.911302 Tokens per Sec:     9651, Lr: 0.000200
2020-08-10 02:32:03,712 Hooray! New best validation result [ppl]!
2020-08-10 02:32:03,712 Saving new checkpoint.
2020-08-10 02:32:03,990 Example #0
2020-08-10 02:32:03,991 	Raw source:     ['hello', '.']
2020-08-10 02:32:03,991 	Raw hypothesis: ['ja', '.']
2020-08-10 02:32:03,991 	Source:     hello .
2020-08-10 02:32:03,991 	Reference:  hallo ,
2020-08-10 02:32:03,991 	Hypothesis: ja .
2020-08-10 02:32:03,991 Example #1
2020-08-10 02:32:03,991 	Raw source:     ['hi', ',', 'how', 'can', 'i', 'help', 'you', '?']
2020-08-10 02:32:03,991 	Raw hypothesis: ['hallo', ',', 'wie', 'kann', 'ich', 'ihnen', 'helfen', '?']
2020-08-10 02:32:03,991 	Source:     hi , how can i help you ?
2020-08-10 02:32:03,991 	Reference:  hallo , wie kann ich ihnen helfen ?
2020-08-10 02:32:03,991 	Hypothesis: hallo , wie kann ich ihnen helfen ?
2020-08-10 02:32:03,991 Example #2
2020-08-10 02:32:03,991 	Raw source:     ['hi', ',', 'i', '&apos;m', 'looking', 'for', 'a', 'restaurant', 'inside', 'the', 'arden', 'fair', 'mall', 'in', 'san', 'francisco', ',', 'california', '.']
2020-08-10 02:32:03,991 	Raw hypothesis: ['ich', 'habe', 'habe', 'ein', 'ein', 'ein', 'der', 'der', 'der', 'der', 'der', 'der', 'der', 'der', 'der', 'der', 'der', 'der', 'der', 'der', 'der', 'der', 'der', 'der', 'der', 'der', 'der', 'der', 'der', 'der', 'der', 'der', 'der', 'der', 'der', 'der', 'der', 'der', 'der', 'der', 'der', 'der', 'der', 'der', 'der', 'der', 'der', 'der', 'der', 'der', 'der', 'der', 'der', 'der', 'der', 'der', 'der', 'der', 'der', 'der', 'der', 'der', 'der', 'der', 'der', 'der', 'der', 'der', 'der', 'der', 'der', 'der', 'der', 'der', 'der', 'der', 'der', 'der', 'der', 'der', 'der', 'der', 'der', 'der', 'der', 'der', 'der', 'der', 'der', 'der', 'der', 'der', 'der', 'der', 'der', 'der', 'der', 'der', 'der', 'der']
2020-08-10 02:32:03,991 	Source:     hi , i &apos;m looking for a restaurant inside the arden fair mall in san francisco , california .
2020-08-10 02:32:03,991 	Reference:  hallo , ich bin auf der suche nach einem restaurant im arden fair einkaufszentrum in san francisco , kalifornien .
2020-08-10 02:32:03,991 	Hypothesis: ich habe habe ein ein ein der der der der der der der der der der der der der der der der der der der der der der der der der der der der der der der der der der der der der der der der der der der der der der der der der der der der der der der der der der der der der der der der der der der der der der der der der der der der der der der der der der der der der der der der der der der der der der
2020-08-10 02:32:03,991 Example #3
2020-08-10 02:32:03,991 	Raw source:     ['ok', ',', 'what', 'type', 'of', 'restaurant', 'are', 'you', 'looking', 'for', '?']
2020-08-10 02:32:03,991 	Raw hypothesis: ['ok', ',', 'wie', 'möchten', 'sie', '?']
2020-08-10 02:32:03,991 	Source:     ok , what type of restaurant are you looking for ?
2020-08-10 02:32:03,991 	Reference:  ok . welche art von restaurant suchen sie denn genau ?
2020-08-10 02:32:03,991 	Hypothesis: ok , wie möchten sie ?
2020-08-10 02:32:03,991 Validation result (greedy) at epoch   5, step      400: bleu:   2.21, loss: 25704.4258, ppl:  55.4963, duration: 19.1445s
2020-08-10 02:32:09,778 Epoch   5: total training loss 364.96
2020-08-10 02:32:09,778 EPOCH 6
2020-08-10 02:32:10,107 Epoch   6 Step:      500 Batch Loss:     2.625186 Tokens per Sec:     9242, Lr: 0.000200
2020-08-10 02:32:15,771 Epoch   6: total training loss 326.99
2020-08-10 02:32:15,771 EPOCH 7
2020-08-10 02:32:16,205 Epoch   7 Step:      600 Batch Loss:     2.421906 Tokens per Sec:    11051, Lr: 0.000200
2020-08-10 02:32:32,796 Hooray! New best validation result [ppl]!
2020-08-10 02:32:32,796 Saving new checkpoint.
2020-08-10 02:32:33,072 Example #0
2020-08-10 02:32:33,072 	Raw source:     ['hello', '.']
2020-08-10 02:32:33,072 	Raw hypothesis: ['hallo', '.']
2020-08-10 02:32:33,072 	Source:     hello .
2020-08-10 02:32:33,072 	Reference:  hallo ,
2020-08-10 02:32:33,072 	Hypothesis: hallo .
2020-08-10 02:32:33,072 Example #1
2020-08-10 02:32:33,073 	Raw source:     ['hi', ',', 'how', 'can', 'i', 'help', 'you', '?']
2020-08-10 02:32:33,073 	Raw hypothesis: ['hallo', ',', 'wie', 'kann', 'ich', 'ihnen', 'helfen', '?']
2020-08-10 02:32:33,073 	Source:     hi , how can i help you ?
2020-08-10 02:32:33,073 	Reference:  hallo , wie kann ich ihnen helfen ?
2020-08-10 02:32:33,073 	Hypothesis: hallo , wie kann ich ihnen helfen ?
2020-08-10 02:32:33,073 Example #2
2020-08-10 02:32:33,073 	Raw source:     ['hi', ',', 'i', '&apos;m', 'looking', 'for', 'a', 'restaurant', 'inside', 'the', 'arden', 'fair', 'mall', 'in', 'san', 'francisco', ',', 'california', '.']
2020-08-10 02:32:33,073 	Raw hypothesis: ['hallo', ',', 'ich', 'habe', 'ein', 'pizzen', 'in', 'der', 'der', 'der', 'der', 'der', 'der', 'der', 'der', 'der', 'der', 'der', 'der', 'der', 'der', 'der', 'der', 'der', 'der', 'der', 'der', 'der', 'der', 'der', 'der', 'der', 'der', 'der', 'der', 'der', 'der', 'der', 'der', 'der', 'der', 'der', 'der', 'der', 'der', 'der', 'der', 'der', 'der', 'der', 'der', 'der', 'der', 'der', 'der', 'der', 'der', 'der', 'der', 'der', 'der', 'der', 'der', 'der', 'der', 'der', 'der', 'der', 'der', 'der', 'der', 'der', 'der', 'der', 'der', 'der', 'der', 'der', 'der', 'der', 'der', 'der', 'der', 'der', 'der', 'der', 'der', 'der', 'der', 'der', 'der', 'der', 'der', 'der', 'der', 'der', 'der', 'der', 'der', 'der']
2020-08-10 02:32:33,073 	Source:     hi , i &apos;m looking for a restaurant inside the arden fair mall in san francisco , california .
2020-08-10 02:32:33,073 	Reference:  hallo , ich bin auf der suche nach einem restaurant im arden fair einkaufszentrum in san francisco , kalifornien .
2020-08-10 02:32:33,073 	Hypothesis: hallo , ich habe ein pizzen in der der der der der der der der der der der der der der der der der der der der der der der der der der der der der der der der der der der der der der der der der der der der der der der der der der der der der der der der der der der der der der der der der der der der der der der der der der der der der der der der der der der der der der der der der der der der der
2020-08-10 02:32:33,073 Example #3
2020-08-10 02:32:33,073 	Raw source:     ['ok', ',', 'what', 'type', 'of', 'restaurant', 'are', 'you', 'looking', 'for', '?']
2020-08-10 02:32:33,073 	Raw hypothesis: ['ok', ',', 'welche', 'art', 'von', 'von', 'von', 'von', 'von', 'von', 'von', 'von', 'von', 'von', '?']
2020-08-10 02:32:33,073 	Source:     ok , what type of restaurant are you looking for ?
2020-08-10 02:32:33,073 	Reference:  ok . welche art von restaurant suchen sie denn genau ?
2020-08-10 02:32:33,073 	Hypothesis: ok , welche art von von von von von von von von von von ?
2020-08-10 02:32:33,073 Validation result (greedy) at epoch   7, step      600: bleu:   5.74, loss: 22893.4102, ppl:  35.7695, duration: 16.8682s
2020-08-10 02:32:38,613 Epoch   7: total training loss 306.12
2020-08-10 02:32:38,613 EPOCH 8
2020-08-10 02:32:39,174 Epoch   8 Step:      700 Batch Loss:     3.377218 Tokens per Sec:    10534, Lr: 0.000200
2020-08-10 02:32:44,619 Epoch   8: total training loss 288.66
2020-08-10 02:32:44,619 EPOCH 9
2020-08-10 02:32:45,227 Epoch   9 Step:      800 Batch Loss:     0.566108 Tokens per Sec:     9869, Lr: 0.000200
2020-08-10 02:32:59,050 Hooray! New best validation result [ppl]!
2020-08-10 02:32:59,050 Saving new checkpoint.
2020-08-10 02:32:59,337 Example #0
2020-08-10 02:32:59,337 	Raw source:     ['hello', '.']
2020-08-10 02:32:59,337 	Raw hypothesis: ['hallo', '.']
2020-08-10 02:32:59,338 	Source:     hello .
2020-08-10 02:32:59,338 	Reference:  hallo ,
2020-08-10 02:32:59,338 	Hypothesis: hallo .
2020-08-10 02:32:59,338 Example #1
2020-08-10 02:32:59,338 	Raw source:     ['hi', ',', 'how', 'can', 'i', 'help', 'you', '?']
2020-08-10 02:32:59,338 	Raw hypothesis: ['hallo', ',', 'wie', 'kann', 'ich', 'ihnen', 'helfen', '?']
2020-08-10 02:32:59,338 	Source:     hi , how can i help you ?
2020-08-10 02:32:59,338 	Reference:  hallo , wie kann ich ihnen helfen ?
2020-08-10 02:32:59,338 	Hypothesis: hallo , wie kann ich ihnen helfen ?
2020-08-10 02:32:59,338 Example #2
2020-08-10 02:32:59,338 	Raw source:     ['hi', ',', 'i', '&apos;m', 'looking', 'for', 'a', 'restaurant', 'inside', 'the', 'arden', 'fair', 'mall', 'in', 'san', 'francisco', ',', 'california', '.']
2020-08-10 02:32:59,338 	Raw hypothesis: ['hallo', ',', 'ich', 'möchte', 'ein', 'restaurant', 'in', 'der', 'san', 'francisco', ',', 'kalifornien', ',', 'kalifornien', ',', 'kalifornien', ',', 'kalifornien', ',', 'kalifornien', ',', 'ich', 'möchte', 'in', 'der', 'der', 'der', 'der', 'der', 'der', 'der', 'der', 'der', 'der', 'der', 'der', 'der', 'der', 'der', 'der', 'der', 'der', 'nähe', 'in', 'der', 'der', 'nähe', 'von', 'der', 'nähe', 'von', 'bella', '.']
2020-08-10 02:32:59,338 	Source:     hi , i &apos;m looking for a restaurant inside the arden fair mall in san francisco , california .
2020-08-10 02:32:59,338 	Reference:  hallo , ich bin auf der suche nach einem restaurant im arden fair einkaufszentrum in san francisco , kalifornien .
2020-08-10 02:32:59,338 	Hypothesis: hallo , ich möchte ein restaurant in der san francisco , kalifornien , kalifornien , kalifornien , kalifornien , kalifornien , ich möchte in der der der der der der der der der der der der der der der der der der nähe in der der nähe von der nähe von bella .
2020-08-10 02:32:59,338 Example #3
2020-08-10 02:32:59,338 	Raw source:     ['ok', ',', 'what', 'type', 'of', 'restaurant', 'are', 'you', 'looking', 'for', '?']
2020-08-10 02:32:59,338 	Raw hypothesis: ['ok', ',', 'welche', 'art', 'von', 'von', 'von', 'von', 'essen', '?']
2020-08-10 02:32:59,338 	Source:     ok , what type of restaurant are you looking for ?
2020-08-10 02:32:59,338 	Reference:  ok . welche art von restaurant suchen sie denn genau ?
2020-08-10 02:32:59,338 	Hypothesis: ok , welche art von von von von essen ?
2020-08-10 02:32:59,338 Validation result (greedy) at epoch   9, step      800: bleu:   8.14, loss: 21253.3125, ppl:  27.6833, duration: 14.1108s
2020-08-10 02:33:04,781 Epoch   9: total training loss 273.90
2020-08-10 02:33:04,782 EPOCH 10
2020-08-10 02:33:05,474 Epoch  10 Step:      900 Batch Loss:     3.045480 Tokens per Sec:    11269, Lr: 0.000200
2020-08-10 02:33:10,834 Epoch  10: total training loss 257.95
2020-08-10 02:33:10,834 EPOCH 11
2020-08-10 02:33:11,576 Epoch  11 Step:     1000 Batch Loss:     2.532518 Tokens per Sec:    10460, Lr: 0.000200
2020-08-10 02:33:19,393 Hooray! New best validation result [ppl]!
2020-08-10 02:33:19,394 Saving new checkpoint.
2020-08-10 02:33:19,684 Example #0
2020-08-10 02:33:19,684 	Raw source:     ['hello', '.']
2020-08-10 02:33:19,684 	Raw hypothesis: ['hallo', '.']
2020-08-10 02:33:19,684 	Source:     hello .
2020-08-10 02:33:19,684 	Reference:  hallo ,
2020-08-10 02:33:19,684 	Hypothesis: hallo .
2020-08-10 02:33:19,684 Example #1
2020-08-10 02:33:19,684 	Raw source:     ['hi', ',', 'how', 'can', 'i', 'help', 'you', '?']
2020-08-10 02:33:19,684 	Raw hypothesis: ['hallo', ',', 'wie', 'kann', 'ich', 'ihnen', 'helfen', '?']
2020-08-10 02:33:19,684 	Source:     hi , how can i help you ?
2020-08-10 02:33:19,684 	Reference:  hallo , wie kann ich ihnen helfen ?
2020-08-10 02:33:19,684 	Hypothesis: hallo , wie kann ich ihnen helfen ?
2020-08-10 02:33:19,684 Example #2
2020-08-10 02:33:19,684 	Raw source:     ['hi', ',', 'i', '&apos;m', 'looking', 'for', 'a', 'restaurant', 'inside', 'the', 'arden', 'fair', 'mall', 'in', 'san', 'francisco', ',', 'california', '.']
2020-08-10 02:33:19,684 	Raw hypothesis: ['hallo', ',', 'ich', 'bin', 'in', 'der', 'nähe', 'der', 'nähe', 'der', 'nähe', 'von', 'san', 'francisco', ',', 'kalifornien', '.']
2020-08-10 02:33:19,684 	Source:     hi , i &apos;m looking for a restaurant inside the arden fair mall in san francisco , california .
2020-08-10 02:33:19,684 	Reference:  hallo , ich bin auf der suche nach einem restaurant im arden fair einkaufszentrum in san francisco , kalifornien .
2020-08-10 02:33:19,684 	Hypothesis: hallo , ich bin in der nähe der nähe der nähe von san francisco , kalifornien .
2020-08-10 02:33:19,684 Example #3
2020-08-10 02:33:19,684 	Raw source:     ['ok', ',', 'what', 'type', 'of', 'restaurant', 'are', 'you', 'looking', 'for', '?']
2020-08-10 02:33:19,684 	Raw hypothesis: ['okay', ',', 'was', 'möchten', 'sie', 'eine', 'restaurant', '?']
2020-08-10 02:33:19,684 	Source:     ok , what type of restaurant are you looking for ?
2020-08-10 02:33:19,685 	Reference:  ok . welche art von restaurant suchen sie denn genau ?
2020-08-10 02:33:19,685 	Hypothesis: okay , was möchten sie eine restaurant ?
2020-08-10 02:33:19,685 Validation result (greedy) at epoch  11, step     1000: bleu:  15.03, loss: 19468.5488, ppl:  20.9463, duration: 8.1083s
2020-08-10 02:33:24,955 Epoch  11: total training loss 239.63
2020-08-10 02:33:24,955 EPOCH 12
2020-08-10 02:33:25,817 Epoch  12 Step:     1100 Batch Loss:     2.256875 Tokens per Sec:    10512, Lr: 0.000200
2020-08-10 02:33:31,025 Epoch  12: total training loss 233.53
2020-08-10 02:33:31,026 EPOCH 13
2020-08-10 02:33:31,879 Epoch  13 Step:     1200 Batch Loss:     2.423048 Tokens per Sec:    11440, Lr: 0.000200
2020-08-10 02:33:41,988 Hooray! New best validation result [ppl]!
2020-08-10 02:33:41,988 Saving new checkpoint.
2020-08-10 02:33:42,274 Example #0
2020-08-10 02:33:42,274 	Raw source:     ['hello', '.']
2020-08-10 02:33:42,274 	Raw hypothesis: ['hallo', '.']
2020-08-10 02:33:42,274 	Source:     hello .
2020-08-10 02:33:42,274 	Reference:  hallo ,
2020-08-10 02:33:42,274 	Hypothesis: hallo .
2020-08-10 02:33:42,274 Example #1
2020-08-10 02:33:42,274 	Raw source:     ['hi', ',', 'how', 'can', 'i', 'help', 'you', '?']
2020-08-10 02:33:42,274 	Raw hypothesis: ['hallo', ',', 'wie', 'kann', 'ich', 'ihnen', 'helfen', '?']
2020-08-10 02:33:42,274 	Source:     hi , how can i help you ?
2020-08-10 02:33:42,274 	Reference:  hallo , wie kann ich ihnen helfen ?
2020-08-10 02:33:42,274 	Hypothesis: hallo , wie kann ich ihnen helfen ?
2020-08-10 02:33:42,275 Example #2
2020-08-10 02:33:42,275 	Raw source:     ['hi', ',', 'i', '&apos;m', 'looking', 'for', 'a', 'restaurant', 'inside', 'the', 'arden', 'fair', 'mall', 'in', 'san', 'francisco', ',', 'california', '.']
2020-08-10 02:33:42,275 	Raw hypothesis: ['hallo', ',', 'ich', 'bin', 'in', 'san', 'francisco', ',', 'kalifornien', ',', 'kalifornien', '.']
2020-08-10 02:33:42,275 	Source:     hi , i &apos;m looking for a restaurant inside the arden fair mall in san francisco , california .
2020-08-10 02:33:42,275 	Reference:  hallo , ich bin auf der suche nach einem restaurant im arden fair einkaufszentrum in san francisco , kalifornien .
2020-08-10 02:33:42,275 	Hypothesis: hallo , ich bin in san francisco , kalifornien , kalifornien .
2020-08-10 02:33:42,275 Example #3
2020-08-10 02:33:42,275 	Raw source:     ['ok', ',', 'what', 'type', 'of', 'restaurant', 'are', 'you', 'looking', 'for', '?']
2020-08-10 02:33:42,275 	Raw hypothesis: ['ok', ',', 'welche', 'art', 'von', 'restaurant', 'haben', 'sie', '?']
2020-08-10 02:33:42,275 	Source:     ok , what type of restaurant are you looking for ?
2020-08-10 02:33:42,275 	Reference:  ok . welche art von restaurant suchen sie denn genau ?
2020-08-10 02:33:42,275 	Hypothesis: ok , welche art von restaurant haben sie ?
2020-08-10 02:33:42,275 Validation result (greedy) at epoch  13, step     1200: bleu:  15.23, loss: 18637.9902, ppl:  18.3970, duration: 10.3956s
2020-08-10 02:33:47,516 Epoch  13: total training loss 221.54
2020-08-10 02:33:47,516 EPOCH 14
2020-08-10 02:33:48,376 Epoch  14 Step:     1300 Batch Loss:     0.441740 Tokens per Sec:    10238, Lr: 0.000200
2020-08-10 02:33:53,541 Epoch  14: total training loss 208.38
2020-08-10 02:33:53,541 EPOCH 15
2020-08-10 02:33:54,469 Epoch  15 Step:     1400 Batch Loss:     1.455724 Tokens per Sec:    10450, Lr: 0.000200
2020-08-10 02:34:02,548 Hooray! New best validation result [ppl]!
2020-08-10 02:34:02,549 Saving new checkpoint.
2020-08-10 02:34:02,834 Example #0
2020-08-10 02:34:02,834 	Raw source:     ['hello', '.']
2020-08-10 02:34:02,834 	Raw hypothesis: ['hallo', '.']
2020-08-10 02:34:02,834 	Source:     hello .
2020-08-10 02:34:02,834 	Reference:  hallo ,
2020-08-10 02:34:02,834 	Hypothesis: hallo .
2020-08-10 02:34:02,834 Example #1
2020-08-10 02:34:02,834 	Raw source:     ['hi', ',', 'how', 'can', 'i', 'help', 'you', '?']
2020-08-10 02:34:02,834 	Raw hypothesis: ['hallo', ',', 'wie', 'kann', 'ich', 'ihnen', 'helfen', '?']
2020-08-10 02:34:02,834 	Source:     hi , how can i help you ?
2020-08-10 02:34:02,834 	Reference:  hallo , wie kann ich ihnen helfen ?
2020-08-10 02:34:02,834 	Hypothesis: hallo , wie kann ich ihnen helfen ?
2020-08-10 02:34:02,834 Example #2
2020-08-10 02:34:02,834 	Raw source:     ['hi', ',', 'i', '&apos;m', 'looking', 'for', 'a', 'restaurant', 'inside', 'the', 'arden', 'fair', 'mall', 'in', 'san', 'francisco', ',', 'california', '.']
2020-08-10 02:34:02,835 	Raw hypothesis: ['hallo', ',', 'ich', 'suche', 'ein', 'restaurant', 'in', 'san', 'francisco', ',', 'kalifornien', '.']
2020-08-10 02:34:02,835 	Source:     hi , i &apos;m looking for a restaurant inside the arden fair mall in san francisco , california .
2020-08-10 02:34:02,835 	Reference:  hallo , ich bin auf der suche nach einem restaurant im arden fair einkaufszentrum in san francisco , kalifornien .
2020-08-10 02:34:02,835 	Hypothesis: hallo , ich suche ein restaurant in san francisco , kalifornien .
2020-08-10 02:34:02,835 Example #3
2020-08-10 02:34:02,835 	Raw source:     ['ok', ',', 'what', 'type', 'of', 'restaurant', 'are', 'you', 'looking', 'for', '?']
2020-08-10 02:34:02,835 	Raw hypothesis: ['ok', ',', 'welche', 'art', 'von', 'restaurant', 'möchten', 'sie', '?']
2020-08-10 02:34:02,835 	Source:     ok , what type of restaurant are you looking for ?
2020-08-10 02:34:02,835 	Reference:  ok . welche art von restaurant suchen sie denn genau ?
2020-08-10 02:34:02,835 	Hypothesis: ok , welche art von restaurant möchten sie ?
2020-08-10 02:34:02,835 Validation result (greedy) at epoch  15, step     1400: bleu:  18.60, loss: 17937.4805, ppl:  16.4896, duration: 8.3655s
2020-08-10 02:34:07,900 Epoch  15: total training loss 189.71
2020-08-10 02:34:07,901 EPOCH 16
2020-08-10 02:34:08,959 Epoch  16 Step:     1500 Batch Loss:     2.731776 Tokens per Sec:    10239, Lr: 0.000200
2020-08-10 02:34:13,931 Epoch  16: total training loss 183.94
2020-08-10 02:34:13,931 EPOCH 17
2020-08-10 02:34:15,050 Epoch  17 Step:     1600 Batch Loss:     1.154734 Tokens per Sec:    10212, Lr: 0.000200
2020-08-10 02:34:24,772 Hooray! New best validation result [ppl]!
2020-08-10 02:34:24,772 Saving new checkpoint.
2020-08-10 02:34:25,066 Example #0
2020-08-10 02:34:25,066 	Raw source:     ['hello', '.']
2020-08-10 02:34:25,066 	Raw hypothesis: ['hallo', '.']
2020-08-10 02:34:25,066 	Source:     hello .
2020-08-10 02:34:25,066 	Reference:  hallo ,
2020-08-10 02:34:25,066 	Hypothesis: hallo .
2020-08-10 02:34:25,066 Example #1
2020-08-10 02:34:25,066 	Raw source:     ['hi', ',', 'how', 'can', 'i', 'help', 'you', '?']
2020-08-10 02:34:25,066 	Raw hypothesis: ['hallo', ',', 'wie', 'kann', 'ich', 'ihnen', 'helfen', '?']
2020-08-10 02:34:25,066 	Source:     hi , how can i help you ?
2020-08-10 02:34:25,067 	Reference:  hallo , wie kann ich ihnen helfen ?
2020-08-10 02:34:25,067 	Hypothesis: hallo , wie kann ich ihnen helfen ?
2020-08-10 02:34:25,067 Example #2
2020-08-10 02:34:25,067 	Raw source:     ['hi', ',', 'i', '&apos;m', 'looking', 'for', 'a', 'restaurant', 'inside', 'the', 'arden', 'fair', 'mall', 'in', 'san', 'francisco', ',', 'california', '.']
2020-08-10 02:34:25,067 	Raw hypothesis: ['hallo', ',', 'ich', 'bin', 'in', 'san', 'francisco', ',', 'kalifornien', ',', 'kalifornien', '.', 'ich', 'suche', 'nach', 'einem', 'ort', 'zum', 'zum', 'zum', 'zum', 'mittagessen', 'in', 'san', 'francisco', ',', 'kalifornien', '.']
2020-08-10 02:34:25,067 	Source:     hi , i &apos;m looking for a restaurant inside the arden fair mall in san francisco , california .
2020-08-10 02:34:25,067 	Reference:  hallo , ich bin auf der suche nach einem restaurant im arden fair einkaufszentrum in san francisco , kalifornien .
2020-08-10 02:34:25,067 	Hypothesis: hallo , ich bin in san francisco , kalifornien , kalifornien . ich suche nach einem ort zum zum zum zum mittagessen in san francisco , kalifornien .
2020-08-10 02:34:25,067 Example #3
2020-08-10 02:34:25,067 	Raw source:     ['ok', ',', 'what', 'type', 'of', 'restaurant', 'are', 'you', 'looking', 'for', '?']
2020-08-10 02:34:25,067 	Raw hypothesis: ['ok', ',', 'für', 'welche', 'art', 'von', 'restaurant', 'sie', '?']
2020-08-10 02:34:25,067 	Source:     ok , what type of restaurant are you looking for ?
2020-08-10 02:34:25,067 	Reference:  ok . welche art von restaurant suchen sie denn genau ?
2020-08-10 02:34:25,067 	Hypothesis: ok , für welche art von restaurant sie ?
2020-08-10 02:34:25,067 Validation result (greedy) at epoch  17, step     1600: bleu:  19.85, loss: 17611.1133, ppl:  15.6698, duration: 10.0164s
2020-08-10 02:34:30,081 Epoch  17: total training loss 172.34
2020-08-10 02:34:30,081 EPOCH 18
2020-08-10 02:34:31,268 Epoch  18 Step:     1700 Batch Loss:     1.248516 Tokens per Sec:    10683, Lr: 0.000200
2020-08-10 02:34:36,194 Epoch  18: total training loss 164.64
2020-08-10 02:34:36,194 EPOCH 19
2020-08-10 02:34:37,421 Epoch  19 Step:     1800 Batch Loss:     2.507483 Tokens per Sec:    10783, Lr: 0.000200
2020-08-10 02:34:47,038 Hooray! New best validation result [ppl]!
2020-08-10 02:34:47,038 Saving new checkpoint.
2020-08-10 02:34:47,324 Example #0
2020-08-10 02:34:47,324 	Raw source:     ['hello', '.']
2020-08-10 02:34:47,325 	Raw hypothesis: ['hallo', ',']
2020-08-10 02:34:47,325 	Source:     hello .
2020-08-10 02:34:47,325 	Reference:  hallo ,
2020-08-10 02:34:47,325 	Hypothesis: hallo ,
2020-08-10 02:34:47,325 Example #1
2020-08-10 02:34:47,325 	Raw source:     ['hi', ',', 'how', 'can', 'i', 'help', 'you', '?']
2020-08-10 02:34:47,325 	Raw hypothesis: ['hallo', ',', 'wie', 'kann', 'ich', 'ihnen', 'helfen', '?']
2020-08-10 02:34:47,325 	Source:     hi , how can i help you ?
2020-08-10 02:34:47,325 	Reference:  hallo , wie kann ich ihnen helfen ?
2020-08-10 02:34:47,325 	Hypothesis: hallo , wie kann ich ihnen helfen ?
2020-08-10 02:34:47,325 Example #2
2020-08-10 02:34:47,325 	Raw source:     ['hi', ',', 'i', '&apos;m', 'looking', 'for', 'a', 'restaurant', 'inside', 'the', 'arden', 'fair', 'mall', 'in', 'san', 'francisco', ',', 'california', '.']
2020-08-10 02:34:47,325 	Raw hypothesis: ['hallo', ',', 'ich', 'bin', 'in', 'san', 'francisco', ',', 'kalifornien', '.', 'ich', 'bin', 'in', 'san', 'francisco', ',', 'kalifornien', '.']
2020-08-10 02:34:47,325 	Source:     hi , i &apos;m looking for a restaurant inside the arden fair mall in san francisco , california .
2020-08-10 02:34:47,325 	Reference:  hallo , ich bin auf der suche nach einem restaurant im arden fair einkaufszentrum in san francisco , kalifornien .
2020-08-10 02:34:47,325 	Hypothesis: hallo , ich bin in san francisco , kalifornien . ich bin in san francisco , kalifornien .
2020-08-10 02:34:47,325 Example #3
2020-08-10 02:34:47,325 	Raw source:     ['ok', ',', 'what', 'type', 'of', 'restaurant', 'are', 'you', 'looking', 'for', '?']
2020-08-10 02:34:47,325 	Raw hypothesis: ['ok', ',', 'was', 'für', 'ein', 'restaurant', 'suchen', 'sie', '?']
2020-08-10 02:34:47,325 	Source:     ok , what type of restaurant are you looking for ?
2020-08-10 02:34:47,325 	Reference:  ok . welche art von restaurant suchen sie denn genau ?
2020-08-10 02:34:47,325 	Hypothesis: ok , was für ein restaurant suchen sie ?
2020-08-10 02:34:47,325 Validation result (greedy) at epoch  19, step     1800: bleu:  20.51, loss: 17371.5586, ppl:  15.0941, duration: 9.9040s
2020-08-10 02:34:52,084 Epoch  19: total training loss 153.57
2020-08-10 02:34:52,084 EPOCH 20
2020-08-10 02:34:53,432 Epoch  20 Step:     1900 Batch Loss:     1.888124 Tokens per Sec:    10645, Lr: 0.000200
2020-08-10 02:34:58,148 Epoch  20: total training loss 152.12
2020-08-10 02:34:58,148 Training ended after  20 epochs.
2020-08-10 02:34:58,148 Best validation result (greedy) at step     1800:  15.09 ppl.
