2020-08-10 12:53:16,262 Hello! This is Joey-NMT.
2020-08-10 12:53:17,603 Total params: 29320704
2020-08-10 12:53:17,604 Trainable parameters: ['decoder.layer_norm.bias', 'decoder.layer_norm.weight', 'decoder.layers.0.dec_layer_norm.bias', 'decoder.layers.0.dec_layer_norm.weight', 'decoder.layers.0.feed_forward.layer_norm.bias', 'decoder.layers.0.feed_forward.layer_norm.weight', 'decoder.layers.0.feed_forward.pwff_layer.0.bias', 'decoder.layers.0.feed_forward.pwff_layer.0.weight', 'decoder.layers.0.feed_forward.pwff_layer.3.bias', 'decoder.layers.0.feed_forward.pwff_layer.3.weight', 'decoder.layers.0.src_trg_att.k_layer.bias', 'decoder.layers.0.src_trg_att.k_layer.weight', 'decoder.layers.0.src_trg_att.output_layer.bias', 'decoder.layers.0.src_trg_att.output_layer.weight', 'decoder.layers.0.src_trg_att.q_layer.bias', 'decoder.layers.0.src_trg_att.q_layer.weight', 'decoder.layers.0.src_trg_att.v_layer.bias', 'decoder.layers.0.src_trg_att.v_layer.weight', 'decoder.layers.0.trg_trg_att.k_layer.bias', 'decoder.layers.0.trg_trg_att.k_layer.weight', 'decoder.layers.0.trg_trg_att.output_layer.bias', 'decoder.layers.0.trg_trg_att.output_layer.weight', 'decoder.layers.0.trg_trg_att.q_layer.bias', 'decoder.layers.0.trg_trg_att.q_layer.weight', 'decoder.layers.0.trg_trg_att.v_layer.bias', 'decoder.layers.0.trg_trg_att.v_layer.weight', 'decoder.layers.0.x_layer_norm.bias', 'decoder.layers.0.x_layer_norm.weight', 'decoder.layers.1.dec_layer_norm.bias', 'decoder.layers.1.dec_layer_norm.weight', 'decoder.layers.1.feed_forward.layer_norm.bias', 'decoder.layers.1.feed_forward.layer_norm.weight', 'decoder.layers.1.feed_forward.pwff_layer.0.bias', 'decoder.layers.1.feed_forward.pwff_layer.0.weight', 'decoder.layers.1.feed_forward.pwff_layer.3.bias', 'decoder.layers.1.feed_forward.pwff_layer.3.weight', 'decoder.layers.1.src_trg_att.k_layer.bias', 'decoder.layers.1.src_trg_att.k_layer.weight', 'decoder.layers.1.src_trg_att.output_layer.bias', 'decoder.layers.1.src_trg_att.output_layer.weight', 'decoder.layers.1.src_trg_att.q_layer.bias', 'decoder.layers.1.src_trg_att.q_layer.weight', 'decoder.layers.1.src_trg_att.v_layer.bias', 'decoder.layers.1.src_trg_att.v_layer.weight', 'decoder.layers.1.trg_trg_att.k_layer.bias', 'decoder.layers.1.trg_trg_att.k_layer.weight', 'decoder.layers.1.trg_trg_att.output_layer.bias', 'decoder.layers.1.trg_trg_att.output_layer.weight', 'decoder.layers.1.trg_trg_att.q_layer.bias', 'decoder.layers.1.trg_trg_att.q_layer.weight', 'decoder.layers.1.trg_trg_att.v_layer.bias', 'decoder.layers.1.trg_trg_att.v_layer.weight', 'decoder.layers.1.x_layer_norm.bias', 'decoder.layers.1.x_layer_norm.weight', 'decoder.layers.2.dec_layer_norm.bias', 'decoder.layers.2.dec_layer_norm.weight', 'decoder.layers.2.feed_forward.layer_norm.bias', 'decoder.layers.2.feed_forward.layer_norm.weight', 'decoder.layers.2.feed_forward.pwff_layer.0.bias', 'decoder.layers.2.feed_forward.pwff_layer.0.weight', 'decoder.layers.2.feed_forward.pwff_layer.3.bias', 'decoder.layers.2.feed_forward.pwff_layer.3.weight', 'decoder.layers.2.src_trg_att.k_layer.bias', 'decoder.layers.2.src_trg_att.k_layer.weight', 'decoder.layers.2.src_trg_att.output_layer.bias', 'decoder.layers.2.src_trg_att.output_layer.weight', 'decoder.layers.2.src_trg_att.q_layer.bias', 'decoder.layers.2.src_trg_att.q_layer.weight', 'decoder.layers.2.src_trg_att.v_layer.bias', 'decoder.layers.2.src_trg_att.v_layer.weight', 'decoder.layers.2.trg_trg_att.k_layer.bias', 'decoder.layers.2.trg_trg_att.k_layer.weight', 'decoder.layers.2.trg_trg_att.output_layer.bias', 'decoder.layers.2.trg_trg_att.output_layer.weight', 'decoder.layers.2.trg_trg_att.q_layer.bias', 'decoder.layers.2.trg_trg_att.q_layer.weight', 'decoder.layers.2.trg_trg_att.v_layer.bias', 'decoder.layers.2.trg_trg_att.v_layer.weight', 'decoder.layers.2.x_layer_norm.bias', 'decoder.layers.2.x_layer_norm.weight', 'decoder.layers.3.dec_layer_norm.bias', 'decoder.layers.3.dec_layer_norm.weight', 'decoder.layers.3.feed_forward.layer_norm.bias', 'decoder.layers.3.feed_forward.layer_norm.weight', 'decoder.layers.3.feed_forward.pwff_layer.0.bias', 'decoder.layers.3.feed_forward.pwff_layer.0.weight', 'decoder.layers.3.feed_forward.pwff_layer.3.bias', 'decoder.layers.3.feed_forward.pwff_layer.3.weight', 'decoder.layers.3.src_trg_att.k_layer.bias', 'decoder.layers.3.src_trg_att.k_layer.weight', 'decoder.layers.3.src_trg_att.output_layer.bias', 'decoder.layers.3.src_trg_att.output_layer.weight', 'decoder.layers.3.src_trg_att.q_layer.bias', 'decoder.layers.3.src_trg_att.q_layer.weight', 'decoder.layers.3.src_trg_att.v_layer.bias', 'decoder.layers.3.src_trg_att.v_layer.weight', 'decoder.layers.3.trg_trg_att.k_layer.bias', 'decoder.layers.3.trg_trg_att.k_layer.weight', 'decoder.layers.3.trg_trg_att.output_layer.bias', 'decoder.layers.3.trg_trg_att.output_layer.weight', 'decoder.layers.3.trg_trg_att.q_layer.bias', 'decoder.layers.3.trg_trg_att.q_layer.weight', 'decoder.layers.3.trg_trg_att.v_layer.bias', 'decoder.layers.3.trg_trg_att.v_layer.weight', 'decoder.layers.3.x_layer_norm.bias', 'decoder.layers.3.x_layer_norm.weight', 'decoder.layers.4.dec_layer_norm.bias', 'decoder.layers.4.dec_layer_norm.weight', 'decoder.layers.4.feed_forward.layer_norm.bias', 'decoder.layers.4.feed_forward.layer_norm.weight', 'decoder.layers.4.feed_forward.pwff_layer.0.bias', 'decoder.layers.4.feed_forward.pwff_layer.0.weight', 'decoder.layers.4.feed_forward.pwff_layer.3.bias', 'decoder.layers.4.feed_forward.pwff_layer.3.weight', 'decoder.layers.4.src_trg_att.k_layer.bias', 'decoder.layers.4.src_trg_att.k_layer.weight', 'decoder.layers.4.src_trg_att.output_layer.bias', 'decoder.layers.4.src_trg_att.output_layer.weight', 'decoder.layers.4.src_trg_att.q_layer.bias', 'decoder.layers.4.src_trg_att.q_layer.weight', 'decoder.layers.4.src_trg_att.v_layer.bias', 'decoder.layers.4.src_trg_att.v_layer.weight', 'decoder.layers.4.trg_trg_att.k_layer.bias', 'decoder.layers.4.trg_trg_att.k_layer.weight', 'decoder.layers.4.trg_trg_att.output_layer.bias', 'decoder.layers.4.trg_trg_att.output_layer.weight', 'decoder.layers.4.trg_trg_att.q_layer.bias', 'decoder.layers.4.trg_trg_att.q_layer.weight', 'decoder.layers.4.trg_trg_att.v_layer.bias', 'decoder.layers.4.trg_trg_att.v_layer.weight', 'decoder.layers.4.x_layer_norm.bias', 'decoder.layers.4.x_layer_norm.weight', 'decoder.layers.5.dec_layer_norm.bias', 'decoder.layers.5.dec_layer_norm.weight', 'decoder.layers.5.feed_forward.layer_norm.bias', 'decoder.layers.5.feed_forward.layer_norm.weight', 'decoder.layers.5.feed_forward.pwff_layer.0.bias', 'decoder.layers.5.feed_forward.pwff_layer.0.weight', 'decoder.layers.5.feed_forward.pwff_layer.3.bias', 'decoder.layers.5.feed_forward.pwff_layer.3.weight', 'decoder.layers.5.src_trg_att.k_layer.bias', 'decoder.layers.5.src_trg_att.k_layer.weight', 'decoder.layers.5.src_trg_att.output_layer.bias', 'decoder.layers.5.src_trg_att.output_layer.weight', 'decoder.layers.5.src_trg_att.q_layer.bias', 'decoder.layers.5.src_trg_att.q_layer.weight', 'decoder.layers.5.src_trg_att.v_layer.bias', 'decoder.layers.5.src_trg_att.v_layer.weight', 'decoder.layers.5.trg_trg_att.k_layer.bias', 'decoder.layers.5.trg_trg_att.k_layer.weight', 'decoder.layers.5.trg_trg_att.output_layer.bias', 'decoder.layers.5.trg_trg_att.output_layer.weight', 'decoder.layers.5.trg_trg_att.q_layer.bias', 'decoder.layers.5.trg_trg_att.q_layer.weight', 'decoder.layers.5.trg_trg_att.v_layer.bias', 'decoder.layers.5.trg_trg_att.v_layer.weight', 'decoder.layers.5.x_layer_norm.bias', 'decoder.layers.5.x_layer_norm.weight', 'encoder.layer_norm.bias', 'encoder.layer_norm.weight', 'encoder.layers.0.feed_forward.layer_norm.bias', 'encoder.layers.0.feed_forward.layer_norm.weight', 'encoder.layers.0.feed_forward.pwff_layer.0.bias', 'encoder.layers.0.feed_forward.pwff_layer.0.weight', 'encoder.layers.0.feed_forward.pwff_layer.3.bias', 'encoder.layers.0.feed_forward.pwff_layer.3.weight', 'encoder.layers.0.layer_norm.bias', 'encoder.layers.0.layer_norm.weight', 'encoder.layers.0.src_src_att.k_layer.bias', 'encoder.layers.0.src_src_att.k_layer.weight', 'encoder.layers.0.src_src_att.output_layer.bias', 'encoder.layers.0.src_src_att.output_layer.weight', 'encoder.layers.0.src_src_att.q_layer.bias', 'encoder.layers.0.src_src_att.q_layer.weight', 'encoder.layers.0.src_src_att.v_layer.bias', 'encoder.layers.0.src_src_att.v_layer.weight', 'encoder.layers.1.feed_forward.layer_norm.bias', 'encoder.layers.1.feed_forward.layer_norm.weight', 'encoder.layers.1.feed_forward.pwff_layer.0.bias', 'encoder.layers.1.feed_forward.pwff_layer.0.weight', 'encoder.layers.1.feed_forward.pwff_layer.3.bias', 'encoder.layers.1.feed_forward.pwff_layer.3.weight', 'encoder.layers.1.layer_norm.bias', 'encoder.layers.1.layer_norm.weight', 'encoder.layers.1.src_src_att.k_layer.bias', 'encoder.layers.1.src_src_att.k_layer.weight', 'encoder.layers.1.src_src_att.output_layer.bias', 'encoder.layers.1.src_src_att.output_layer.weight', 'encoder.layers.1.src_src_att.q_layer.bias', 'encoder.layers.1.src_src_att.q_layer.weight', 'encoder.layers.1.src_src_att.v_layer.bias', 'encoder.layers.1.src_src_att.v_layer.weight', 'encoder.layers.2.feed_forward.layer_norm.bias', 'encoder.layers.2.feed_forward.layer_norm.weight', 'encoder.layers.2.feed_forward.pwff_layer.0.bias', 'encoder.layers.2.feed_forward.pwff_layer.0.weight', 'encoder.layers.2.feed_forward.pwff_layer.3.bias', 'encoder.layers.2.feed_forward.pwff_layer.3.weight', 'encoder.layers.2.layer_norm.bias', 'encoder.layers.2.layer_norm.weight', 'encoder.layers.2.src_src_att.k_layer.bias', 'encoder.layers.2.src_src_att.k_layer.weight', 'encoder.layers.2.src_src_att.output_layer.bias', 'encoder.layers.2.src_src_att.output_layer.weight', 'encoder.layers.2.src_src_att.q_layer.bias', 'encoder.layers.2.src_src_att.q_layer.weight', 'encoder.layers.2.src_src_att.v_layer.bias', 'encoder.layers.2.src_src_att.v_layer.weight', 'encoder.layers.3.feed_forward.layer_norm.bias', 'encoder.layers.3.feed_forward.layer_norm.weight', 'encoder.layers.3.feed_forward.pwff_layer.0.bias', 'encoder.layers.3.feed_forward.pwff_layer.0.weight', 'encoder.layers.3.feed_forward.pwff_layer.3.bias', 'encoder.layers.3.feed_forward.pwff_layer.3.weight', 'encoder.layers.3.layer_norm.bias', 'encoder.layers.3.layer_norm.weight', 'encoder.layers.3.src_src_att.k_layer.bias', 'encoder.layers.3.src_src_att.k_layer.weight', 'encoder.layers.3.src_src_att.output_layer.bias', 'encoder.layers.3.src_src_att.output_layer.weight', 'encoder.layers.3.src_src_att.q_layer.bias', 'encoder.layers.3.src_src_att.q_layer.weight', 'encoder.layers.3.src_src_att.v_layer.bias', 'encoder.layers.3.src_src_att.v_layer.weight', 'encoder.layers.4.feed_forward.layer_norm.bias', 'encoder.layers.4.feed_forward.layer_norm.weight', 'encoder.layers.4.feed_forward.pwff_layer.0.bias', 'encoder.layers.4.feed_forward.pwff_layer.0.weight', 'encoder.layers.4.feed_forward.pwff_layer.3.bias', 'encoder.layers.4.feed_forward.pwff_layer.3.weight', 'encoder.layers.4.layer_norm.bias', 'encoder.layers.4.layer_norm.weight', 'encoder.layers.4.src_src_att.k_layer.bias', 'encoder.layers.4.src_src_att.k_layer.weight', 'encoder.layers.4.src_src_att.output_layer.bias', 'encoder.layers.4.src_src_att.output_layer.weight', 'encoder.layers.4.src_src_att.q_layer.bias', 'encoder.layers.4.src_src_att.q_layer.weight', 'encoder.layers.4.src_src_att.v_layer.bias', 'encoder.layers.4.src_src_att.v_layer.weight', 'encoder.layers.5.feed_forward.layer_norm.bias', 'encoder.layers.5.feed_forward.layer_norm.weight', 'encoder.layers.5.feed_forward.pwff_layer.0.bias', 'encoder.layers.5.feed_forward.pwff_layer.0.weight', 'encoder.layers.5.feed_forward.pwff_layer.3.bias', 'encoder.layers.5.feed_forward.pwff_layer.3.weight', 'encoder.layers.5.layer_norm.bias', 'encoder.layers.5.layer_norm.weight', 'encoder.layers.5.src_src_att.k_layer.bias', 'encoder.layers.5.src_src_att.k_layer.weight', 'encoder.layers.5.src_src_att.output_layer.bias', 'encoder.layers.5.src_src_att.output_layer.weight', 'encoder.layers.5.src_src_att.q_layer.bias', 'encoder.layers.5.src_src_att.q_layer.weight', 'encoder.layers.5.src_src_att.v_layer.bias', 'encoder.layers.5.src_src_att.v_layer.weight', 'src_embed.lut.weight', 'trg_embed.lut.weight']
2020-08-10 12:53:21,486 cfg.data.dev                       : chatnmt/multi_encoder/dev_subset.tags.bpe.10000
2020-08-10 12:53:21,486 cfg.data.level                     : bpe
2020-08-10 12:53:21,486 cfg.data.lowercase                 : False
2020-08-10 12:53:21,486 cfg.data.max_sent_length           : 100
2020-08-10 12:53:21,486 cfg.data.src                       : en
2020-08-10 12:53:21,486 cfg.data.test                      : chatnmt/multi_encoder/test.tags.bpe.10000
2020-08-10 12:53:21,486 cfg.data.train                     : chatnmt/multi_encoder/train_subset.tags.bpe.10000
2020-08-10 12:53:21,486 cfg.data.trg                       : de
2020-08-10 12:53:21,486 cfg.model.bias_initializer         : zeros
2020-08-10 12:53:21,486 cfg.model.decoder.dropout          : 0.1
2020-08-10 12:53:21,486 cfg.model.decoder.embeddings.dropout : 0.0
2020-08-10 12:53:21,486 cfg.model.decoder.embeddings.embedding_dim : 512
2020-08-10 12:53:21,486 cfg.model.decoder.embeddings.scale : True
2020-08-10 12:53:21,486 cfg.model.decoder.ff_size          : 512
2020-08-10 12:53:21,486 cfg.model.decoder.freeze           : False
2020-08-10 12:53:21,486 cfg.model.decoder.hidden_size      : 512
2020-08-10 12:53:21,486 cfg.model.decoder.num_heads        : 16
2020-08-10 12:53:21,487 cfg.model.decoder.num_layers       : 6
2020-08-10 12:53:21,487 cfg.model.decoder.type             : transformer
2020-08-10 12:53:21,487 cfg.model.embed_init_gain          : 1.0
2020-08-10 12:53:21,487 cfg.model.embed_initializer        : xavier
2020-08-10 12:53:21,487 cfg.model.encoder.dropout          : 0.3
2020-08-10 12:53:21,487 cfg.model.encoder.embeddings.dropout : 0.0
2020-08-10 12:53:21,487 cfg.model.encoder.embeddings.embedding_dim : 512
2020-08-10 12:53:21,487 cfg.model.encoder.embeddings.scale : True
2020-08-10 12:53:21,487 cfg.model.encoder.ff_size          : 512
2020-08-10 12:53:21,487 cfg.model.encoder.freeze           : False
2020-08-10 12:53:21,487 cfg.model.encoder.hidden_size      : 512
2020-08-10 12:53:21,487 cfg.model.encoder.multi_encoder    : False
2020-08-10 12:53:21,487 cfg.model.encoder.num_heads        : 8
2020-08-10 12:53:21,487 cfg.model.encoder.num_layers       : 6
2020-08-10 12:53:21,487 cfg.model.encoder.type             : transformer
2020-08-10 12:53:21,487 cfg.model.init_gain                : 1.0
2020-08-10 12:53:21,487 cfg.model.initializer              : xavier
2020-08-10 12:53:21,487 cfg.model.tied_embeddings          : False
2020-08-10 12:53:21,487 cfg.model.tied_softmax             : True
2020-08-10 12:53:21,487 cfg.name                           : transformer
2020-08-10 12:53:21,487 cfg.testing.alpha                  : 1.0
2020-08-10 12:53:21,487 cfg.testing.beam_size              : 5
2020-08-10 12:53:21,487 cfg.training.adam_betas            : [0.9, 0.999]
2020-08-10 12:53:21,487 cfg.training.batch_multiplier      : 1
2020-08-10 12:53:21,487 cfg.training.batch_size            : 1024
2020-08-10 12:53:21,487 cfg.training.batch_type            : token
2020-08-10 12:53:21,487 cfg.training.decrease_factor       : 0.7
2020-08-10 12:53:21,487 cfg.training.early_stopping_metric : ppl
2020-08-10 12:53:21,488 cfg.training.epochs                : 20
2020-08-10 12:53:21,488 cfg.training.eval_metric           : bleu
2020-08-10 12:53:21,488 cfg.training.keep_last_ckpts       : 3
2020-08-10 12:53:21,488 cfg.training.label_smoothing       : 0.1
2020-08-10 12:53:21,488 cfg.training.learning_rate         : 0.0002
2020-08-10 12:53:21,488 cfg.training.learning_rate_min     : 1e-08
2020-08-10 12:53:21,488 cfg.training.logging_freq          : 100
2020-08-10 12:53:21,488 cfg.training.loss                  : crossentropy
2020-08-10 12:53:21,488 cfg.training.max_output_length     : 100
2020-08-10 12:53:21,488 cfg.training.model_dir             : models/viznet/attempt3/8_16_0.3_512_512_1024_8_10
2020-08-10 12:53:21,488 cfg.training.normalization         : tokens
2020-08-10 12:53:21,488 cfg.training.optimizer             : adam
2020-08-10 12:53:21,488 cfg.training.overwrite             : True
2020-08-10 12:53:21,488 cfg.training.patience              : 8
2020-08-10 12:53:21,488 cfg.training.print_valid_sents     : [0, 1, 2, 3]
2020-08-10 12:53:21,488 cfg.training.random_seed           : 42
2020-08-10 12:53:21,488 cfg.training.scheduling            : plateau
2020-08-10 12:53:21,488 cfg.training.shuffle               : True
2020-08-10 12:53:21,488 cfg.training.use_cuda              : True
2020-08-10 12:53:21,488 cfg.training.validation_freq       : 200
2020-08-10 12:53:21,488 cfg.training.weight_decay          : 0.0
2020-08-10 12:53:21,488 Data set sizes: 
	train 5000,
	valid 500,
	test 1220
2020-08-10 12:53:21,488 First training example:
	[SRC] hi there ! how can i help ?
	[TRG] hallo ! wie kann ich helfen ?
2020-08-10 12:53:21,488 First 10 words (src): (0) <unk> (1) <pad> (2) <s> (3) </s> (4) . (5) , (6) ? (7) you (8) i (9) the
2020-08-10 12:53:21,489 First 10 words (trg): (0) <unk> (1) <pad> (2) <s> (3) </s> (4) . (5) , (6) ? (7) sie (8) ich (9) das
2020-08-10 12:53:21,489 Number of Src words (types): 3468
2020-08-10 12:53:21,489 Number of Trg words (types): 4487
2020-08-10 12:53:21,489 Model(
	encoder=TransformerEncoder(num_layers=6, num_heads=8),
	decoder=TransformerDecoder(num_layers=6, num_heads=16),
	src_embed=Embeddings(embedding_dim=512, vocab_size=3468),
	trg_embed=Embeddings(embedding_dim=512, vocab_size=4487))
2020-08-10 12:53:21,493 EPOCH 1
2020-08-10 12:53:28,720 Epoch   1: total training loss 499.14
2020-08-10 12:53:28,721 EPOCH 2
2020-08-10 12:53:28,887 Epoch   2 Step:      100 Batch Loss:     4.057860 Tokens per Sec:     8402, Lr: 0.000200
2020-08-10 12:53:35,962 Epoch   2: total training loss 428.82
2020-08-10 12:53:35,962 EPOCH 3
2020-08-10 12:53:36,189 Epoch   3 Step:      200 Batch Loss:     3.129727 Tokens per Sec:     8852, Lr: 0.000200
2020-08-10 12:54:05,569 Hooray! New best validation result [ppl]!
2020-08-10 12:54:05,569 Saving new checkpoint.
2020-08-10 12:54:06,842 Example #0
2020-08-10 12:54:06,842 	Raw source:     ['hello', '.']
2020-08-10 12:54:06,842 	Raw hypothesis: ['vielen', 'dank', '.']
2020-08-10 12:54:06,842 	Source:     hello .
2020-08-10 12:54:06,842 	Reference:  hallo ,
2020-08-10 12:54:06,842 	Hypothesis: vielen dank .
2020-08-10 12:54:06,842 Example #1
2020-08-10 12:54:06,842 	Raw source:     ['hi', ',', 'how', 'can', 'i', 'help', 'you', '?']
2020-08-10 12:54:06,842 	Raw hypothesis: ['hallo', ',', 'wie', 'kann', 'ich', 'ihnen', 'helfen', '?']
2020-08-10 12:54:06,842 	Source:     hi , how can i help you ?
2020-08-10 12:54:06,842 	Reference:  hallo , wie kann ich ihnen helfen ?
2020-08-10 12:54:06,842 	Hypothesis: hallo , wie kann ich ihnen helfen ?
2020-08-10 12:54:06,842 Example #2
2020-08-10 12:54:06,842 	Raw source:     ['hi', ',', 'i', '&apos;m', 'looking', 'for', 'a', 'restaurant', 'inside', 'the', 'arden', 'fair', 'mall', 'in', 'san', 'francisco', ',', 'california', '.']
2020-08-10 12:54:06,842 	Raw hypothesis: ['ich', 'möchte', 'möchte', 'möchte', 'möchte', 'möchte', 'möchte', 'möchte', 'möchte', 'möchte', 'möchte', ',', 'ich', 'habe', 'habe', 'habe', 'habe', 'habe', 'habe', 'habe', 'habe', 'habe', 'habe', 'habe', 'habe', 'habe', 'habe', 'habe', 'habe', 'habe', 'habe', 'habe', 'habe', 'habe', 'habe', ',', 'ich', 'ich', 'möchte', ',', 'ich', 'möchte', ',', 'ich', 'möchte', ',', 'ich', 'möchte', ',', 'ich', 'möchte', ',', 'ich', 'ich', 'ich', 'möchte', ',', 'ich', 'möchte', 'möchte', 'möchte', 'möchte', 'möchte', 'möchte', 'möchte', 'möchte', 'möchte', 'möchte', 'möchte', 'möchte', 'möchte', 'möchte', 'möchte', 'möchte', 'möchte', 'möchte', 'möchte', 'möchte', 'möchte', 'möchte', 'möchte', 'möchte', 'möchte', 'möchte', 'möchte', 'möchte', 'möchte', 'möchte', ',', 'ich', 'möchte', 'möchte', 'möchte', 'möchte', 'möchte', 'möchte', ',', 'ich', 'ich', 'ich']
2020-08-10 12:54:06,842 	Source:     hi , i &apos;m looking for a restaurant inside the arden fair mall in san francisco , california .
2020-08-10 12:54:06,842 	Reference:  hallo , ich bin auf der suche nach einem restaurant im arden fair einkaufszentrum in san francisco , kalifornien .
2020-08-10 12:54:06,843 	Hypothesis: ich möchte möchte möchte möchte möchte möchte möchte möchte möchte möchte , ich habe habe habe habe habe habe habe habe habe habe habe habe habe habe habe habe habe habe habe habe habe habe , ich ich möchte , ich möchte , ich möchte , ich möchte , ich möchte , ich ich ich möchte , ich möchte möchte möchte möchte möchte möchte möchte möchte möchte möchte möchte möchte möchte möchte möchte möchte möchte möchte möchte möchte möchte möchte möchte möchte möchte möchte möchte möchte möchte möchte , ich möchte möchte möchte möchte möchte möchte , ich ich ich
2020-08-10 12:54:06,843 Example #3
2020-08-10 12:54:06,843 	Raw source:     ['ok', ',', 'what', 'type', 'of', 'restaurant', 'are', 'you', 'looking', 'for', '?']
2020-08-10 12:54:06,843 	Raw hypothesis: ['ok', ',', 'wie', 'sie', 'sie', 'die', '?']
2020-08-10 12:54:06,843 	Source:     ok , what type of restaurant are you looking for ?
2020-08-10 12:54:06,843 	Reference:  ok . welche art von restaurant suchen sie denn genau ?
2020-08-10 12:54:06,843 	Hypothesis: ok , wie sie sie die ?
2020-08-10 12:54:06,843 Validation result (greedy) at epoch   3, step      200: bleu:   1.58, loss: 27213.9883, ppl:  70.2588, duration: 30.6534s
2020-08-10 12:54:13,929 Epoch   3: total training loss 380.41
2020-08-10 12:54:13,929 EPOCH 4
2020-08-10 12:54:14,217 Epoch   4 Step:      300 Batch Loss:     2.991898 Tokens per Sec:     5686, Lr: 0.000200
2020-08-10 12:54:21,181 Epoch   4: total training loss 336.33
2020-08-10 12:54:21,181 EPOCH 5
2020-08-10 12:54:21,549 Epoch   5 Step:      400 Batch Loss:     2.197937 Tokens per Sec:     8116, Lr: 0.000200
2020-08-10 12:54:47,837 Hooray! New best validation result [ppl]!
2020-08-10 12:54:47,837 Saving new checkpoint.
2020-08-10 12:54:48,955 Example #0
2020-08-10 12:54:48,955 	Raw source:     ['hello', '.']
2020-08-10 12:54:48,955 	Raw hypothesis: ['hallo', '.']
2020-08-10 12:54:48,955 	Source:     hello .
2020-08-10 12:54:48,955 	Reference:  hallo ,
2020-08-10 12:54:48,955 	Hypothesis: hallo .
2020-08-10 12:54:48,955 Example #1
2020-08-10 12:54:48,955 	Raw source:     ['hi', ',', 'how', 'can', 'i', 'help', 'you', '?']
2020-08-10 12:54:48,955 	Raw hypothesis: ['hallo', ',', 'wie', 'kann', 'ich', 'ihnen', 'helfen', '?']
2020-08-10 12:54:48,956 	Source:     hi , how can i help you ?
2020-08-10 12:54:48,956 	Reference:  hallo , wie kann ich ihnen helfen ?
2020-08-10 12:54:48,956 	Hypothesis: hallo , wie kann ich ihnen helfen ?
2020-08-10 12:54:48,956 Example #2
2020-08-10 12:54:48,956 	Raw source:     ['hi', ',', 'i', '&apos;m', 'looking', 'for', 'a', 'restaurant', 'inside', 'the', 'arden', 'fair', 'mall', 'in', 'san', 'francisco', ',', 'california', '.']
2020-08-10 12:54:48,956 	Raw hypothesis: ['hallo', ',', 'ich', 'möchte', 'ein', 'restaurant', 'in', 'san', 'francisco', ',', 'kalifornien', ',', 'kalifornien', ',', 'kalifornien', ',', 'kalifornien', ',', 'kalifornien', ',', 'kalifornien', ',', 'kalifornien', '.']
2020-08-10 12:54:48,956 	Source:     hi , i &apos;m looking for a restaurant inside the arden fair mall in san francisco , california .
2020-08-10 12:54:48,956 	Reference:  hallo , ich bin auf der suche nach einem restaurant im arden fair einkaufszentrum in san francisco , kalifornien .
2020-08-10 12:54:48,956 	Hypothesis: hallo , ich möchte ein restaurant in san francisco , kalifornien , kalifornien , kalifornien , kalifornien , kalifornien , kalifornien , kalifornien .
2020-08-10 12:54:48,956 Example #3
2020-08-10 12:54:48,956 	Raw source:     ['ok', ',', 'what', 'type', 'of', 'restaurant', 'are', 'you', 'looking', 'for', '?']
2020-08-10 12:54:48,956 	Raw hypothesis: ['ok', ',', 'welche', 'art', 'von', 'restaurant', 'möchten', 'sie', '?']
2020-08-10 12:54:48,956 	Source:     ok , what type of restaurant are you looking for ?
2020-08-10 12:54:48,956 	Reference:  ok . welche art von restaurant suchen sie denn genau ?
2020-08-10 12:54:48,956 	Hypothesis: ok , welche art von restaurant möchten sie ?
2020-08-10 12:54:48,956 Validation result (greedy) at epoch   5, step      400: bleu:   5.98, loss: 21907.2109, ppl:  30.6613, duration: 27.4064s
2020-08-10 12:54:55,924 Epoch   5: total training loss 294.90
2020-08-10 12:54:55,924 EPOCH 6
2020-08-10 12:54:56,297 Epoch   6 Step:      500 Batch Loss:     1.893823 Tokens per Sec:     8139, Lr: 0.000200
2020-08-10 12:55:03,139 Epoch   6: total training loss 251.54
2020-08-10 12:55:03,139 EPOCH 7
2020-08-10 12:55:03,670 Epoch   7 Step:      600 Batch Loss:     1.654184 Tokens per Sec:     9019, Lr: 0.000200
2020-08-10 12:55:24,676 Hooray! New best validation result [ppl]!
2020-08-10 12:55:24,676 Saving new checkpoint.
2020-08-10 12:55:25,967 Example #0
2020-08-10 12:55:25,967 	Raw source:     ['hello', '.']
2020-08-10 12:55:25,967 	Raw hypothesis: ['hallo', '.']
2020-08-10 12:55:25,967 	Source:     hello .
2020-08-10 12:55:25,967 	Reference:  hallo ,
2020-08-10 12:55:25,967 	Hypothesis: hallo .
2020-08-10 12:55:25,967 Example #1
2020-08-10 12:55:25,967 	Raw source:     ['hi', ',', 'how', 'can', 'i', 'help', 'you', '?']
2020-08-10 12:55:25,967 	Raw hypothesis: ['hallo', ',', 'wie', 'kann', 'ich', 'ihnen', 'helfen', '?']
2020-08-10 12:55:25,967 	Source:     hi , how can i help you ?
2020-08-10 12:55:25,967 	Reference:  hallo , wie kann ich ihnen helfen ?
2020-08-10 12:55:25,967 	Hypothesis: hallo , wie kann ich ihnen helfen ?
2020-08-10 12:55:25,967 Example #2
2020-08-10 12:55:25,967 	Raw source:     ['hi', ',', 'i', '&apos;m', 'looking', 'for', 'a', 'restaurant', 'inside', 'the', 'arden', 'fair', 'mall', 'in', 'san', 'francisco', ',', 'california', '.']
2020-08-10 12:55:25,967 	Raw hypothesis: ['hallo', ',', 'ich', 'bin', 'in', 'san', 'francisco', ',', 'kalifornien', ',', 'kalifornien', '.']
2020-08-10 12:55:25,967 	Source:     hi , i &apos;m looking for a restaurant inside the arden fair mall in san francisco , california .
2020-08-10 12:55:25,967 	Reference:  hallo , ich bin auf der suche nach einem restaurant im arden fair einkaufszentrum in san francisco , kalifornien .
2020-08-10 12:55:25,967 	Hypothesis: hallo , ich bin in san francisco , kalifornien , kalifornien .
2020-08-10 12:55:25,967 Example #3
2020-08-10 12:55:25,967 	Raw source:     ['ok', ',', 'what', 'type', 'of', 'restaurant', 'are', 'you', 'looking', 'for', '?']
2020-08-10 12:55:25,967 	Raw hypothesis: ['ok', ',', 'welche', 'art', 'von', 'restaurant', 'für', 'welche', 'art', 'von', 'restaurant', '?']
2020-08-10 12:55:25,968 	Source:     ok , what type of restaurant are you looking for ?
2020-08-10 12:55:25,968 	Reference:  ok . welche art von restaurant suchen sie denn genau ?
2020-08-10 12:55:25,968 	Hypothesis: ok , welche art von restaurant für welche art von restaurant ?
2020-08-10 12:55:25,968 Validation result (greedy) at epoch   7, step      600: bleu:  11.49, loss: 18746.1387, ppl:  18.7105, duration: 22.2976s
2020-08-10 12:55:32,700 Epoch   7: total training loss 226.23
2020-08-10 12:55:32,700 EPOCH 8
2020-08-10 12:55:33,387 Epoch   8 Step:      700 Batch Loss:     2.455362 Tokens per Sec:     8596, Lr: 0.000200
2020-08-10 12:55:39,938 Epoch   8: total training loss 205.40
2020-08-10 12:55:39,938 EPOCH 9
2020-08-10 12:55:40,660 Epoch   9 Step:      800 Batch Loss:     0.337018 Tokens per Sec:     8299, Lr: 0.000200
2020-08-10 12:56:05,159 Hooray! New best validation result [ppl]!
2020-08-10 12:56:05,159 Saving new checkpoint.
2020-08-10 12:56:06,454 Example #0
2020-08-10 12:56:06,454 	Raw source:     ['hello', '.']
2020-08-10 12:56:06,454 	Raw hypothesis: ['hallo', '.']
2020-08-10 12:56:06,454 	Source:     hello .
2020-08-10 12:56:06,454 	Reference:  hallo ,
2020-08-10 12:56:06,454 	Hypothesis: hallo .
2020-08-10 12:56:06,454 Example #1
2020-08-10 12:56:06,454 	Raw source:     ['hi', ',', 'how', 'can', 'i', 'help', 'you', '?']
2020-08-10 12:56:06,454 	Raw hypothesis: ['hallo', ',', 'wie', 'kann', 'ich', 'ihnen', 'helfen', '?']
2020-08-10 12:56:06,454 	Source:     hi , how can i help you ?
2020-08-10 12:56:06,454 	Reference:  hallo , wie kann ich ihnen helfen ?
2020-08-10 12:56:06,454 	Hypothesis: hallo , wie kann ich ihnen helfen ?
2020-08-10 12:56:06,455 Example #2
2020-08-10 12:56:06,455 	Raw source:     ['hi', ',', 'i', '&apos;m', 'looking', 'for', 'a', 'restaurant', 'inside', 'the', 'arden', 'fair', 'mall', 'in', 'san', 'francisco', ',', 'california', '.']
2020-08-10 12:56:06,455 	Raw hypothesis: ['hallo', ',', 'ich', 'suche', 'ein', 'restaurant', 'in', 'san', 'francisco', ',', 'kalifornien', ',', 'kalifornien', ',', 'kalifornien', ',', 'kalifornien', ',', 'in', 'san', 'francisco', ',', 'kalifornien', ',', 'kalifornien', '.']
2020-08-10 12:56:06,455 	Source:     hi , i &apos;m looking for a restaurant inside the arden fair mall in san francisco , california .
2020-08-10 12:56:06,455 	Reference:  hallo , ich bin auf der suche nach einem restaurant im arden fair einkaufszentrum in san francisco , kalifornien .
2020-08-10 12:56:06,455 	Hypothesis: hallo , ich suche ein restaurant in san francisco , kalifornien , kalifornien , kalifornien , kalifornien , in san francisco , kalifornien , kalifornien .
2020-08-10 12:56:06,455 Example #3
2020-08-10 12:56:06,455 	Raw source:     ['ok', ',', 'what', 'type', 'of', 'restaurant', 'are', 'you', 'looking', 'for', '?']
2020-08-10 12:56:06,455 	Raw hypothesis: ['ok', ',', 'welche', 'art', 'von', 'restaurant', 'für', 'sie', '?']
2020-08-10 12:56:06,455 	Source:     ok , what type of restaurant are you looking for ?
2020-08-10 12:56:06,455 	Reference:  ok . welche art von restaurant suchen sie denn genau ?
2020-08-10 12:56:06,455 	Hypothesis: ok , welche art von restaurant für sie ?
2020-08-10 12:56:06,455 Validation result (greedy) at epoch   9, step      800: bleu:  12.92, loss: 17548.0371, ppl:  15.5161, duration: 25.7945s
2020-08-10 12:56:13,036 Epoch   9: total training loss 187.82
2020-08-10 12:56:13,036 EPOCH 10
2020-08-10 12:56:13,877 Epoch  10 Step:      900 Batch Loss:     2.048712 Tokens per Sec:     9272, Lr: 0.000200
2020-08-10 12:56:20,287 Epoch  10: total training loss 170.60
2020-08-10 12:56:20,287 EPOCH 11
2020-08-10 12:56:21,182 Epoch  11 Step:     1000 Batch Loss:     1.516938 Tokens per Sec:     8665, Lr: 0.000200
2020-08-10 12:56:33,859 Hooray! New best validation result [ppl]!
2020-08-10 12:56:33,859 Saving new checkpoint.
2020-08-10 12:56:35,152 Example #0
2020-08-10 12:56:35,152 	Raw source:     ['hello', '.']
2020-08-10 12:56:35,152 	Raw hypothesis: ['hallo', ',']
2020-08-10 12:56:35,153 	Source:     hello .
2020-08-10 12:56:35,153 	Reference:  hallo ,
2020-08-10 12:56:35,153 	Hypothesis: hallo ,
2020-08-10 12:56:35,153 Example #1
2020-08-10 12:56:35,153 	Raw source:     ['hi', ',', 'how', 'can', 'i', 'help', 'you', '?']
2020-08-10 12:56:35,153 	Raw hypothesis: ['hallo', ',', 'wie', 'kann', 'ich', 'ihnen', 'helfen', '?']
2020-08-10 12:56:35,153 	Source:     hi , how can i help you ?
2020-08-10 12:56:35,153 	Reference:  hallo , wie kann ich ihnen helfen ?
2020-08-10 12:56:35,153 	Hypothesis: hallo , wie kann ich ihnen helfen ?
2020-08-10 12:56:35,153 Example #2
2020-08-10 12:56:35,153 	Raw source:     ['hi', ',', 'i', '&apos;m', 'looking', 'for', 'a', 'restaurant', 'inside', 'the', 'arden', 'fair', 'mall', 'in', 'san', 'francisco', ',', 'california', '.']
2020-08-10 12:56:35,153 	Raw hypothesis: ['hallo', ',', 'ich', 'suche', 'ein', 'restaurant', 'in', 'san', 'francisco', ',', 'kalifornien', ',', 'kalifornien', ',', 'kalifornien', '.']
2020-08-10 12:56:35,153 	Source:     hi , i &apos;m looking for a restaurant inside the arden fair mall in san francisco , california .
2020-08-10 12:56:35,153 	Reference:  hallo , ich bin auf der suche nach einem restaurant im arden fair einkaufszentrum in san francisco , kalifornien .
2020-08-10 12:56:35,153 	Hypothesis: hallo , ich suche ein restaurant in san francisco , kalifornien , kalifornien , kalifornien .
2020-08-10 12:56:35,153 Example #3
2020-08-10 12:56:35,153 	Raw source:     ['ok', ',', 'what', 'type', 'of', 'restaurant', 'are', 'you', 'looking', 'for', '?']
2020-08-10 12:56:35,153 	Raw hypothesis: ['ok', ',', 'welche', 'art', 'von', 'restaurant', 'für', 'welche', 'art', '?']
2020-08-10 12:56:35,153 	Source:     ok , what type of restaurant are you looking for ?
2020-08-10 12:56:35,153 	Reference:  ok . welche art von restaurant suchen sie denn genau ?
2020-08-10 12:56:35,153 	Hypothesis: ok , welche art von restaurant für welche art ?
2020-08-10 12:56:35,153 Validation result (greedy) at epoch  11, step     1000: bleu:  22.66, loss: 16175.6094, ppl:  12.5214, duration: 13.9707s
2020-08-10 12:56:41,515 Epoch  11: total training loss 151.92
2020-08-10 12:56:41,515 EPOCH 12
2020-08-10 12:56:42,544 Epoch  12 Step:     1100 Batch Loss:     1.323017 Tokens per Sec:     8807, Lr: 0.000200
2020-08-10 12:56:48,816 Epoch  12: total training loss 144.59
2020-08-10 12:56:48,816 EPOCH 13
2020-08-10 12:56:49,875 Epoch  13 Step:     1200 Batch Loss:     1.286146 Tokens per Sec:     9221, Lr: 0.000200
2020-08-10 12:57:04,504 Hooray! New best validation result [ppl]!
2020-08-10 12:57:04,504 Saving new checkpoint.
2020-08-10 12:57:05,784 Example #0
2020-08-10 12:57:05,784 	Raw source:     ['hello', '.']
2020-08-10 12:57:05,784 	Raw hypothesis: ['hallo', '.']
2020-08-10 12:57:05,784 	Source:     hello .
2020-08-10 12:57:05,784 	Reference:  hallo ,
2020-08-10 12:57:05,784 	Hypothesis: hallo .
2020-08-10 12:57:05,784 Example #1
2020-08-10 12:57:05,784 	Raw source:     ['hi', ',', 'how', 'can', 'i', 'help', 'you', '?']
2020-08-10 12:57:05,785 	Raw hypothesis: ['hallo', ',', 'wie', 'kann', 'ich', 'ihnen', 'helfen', '?']
2020-08-10 12:57:05,785 	Source:     hi , how can i help you ?
2020-08-10 12:57:05,785 	Reference:  hallo , wie kann ich ihnen helfen ?
2020-08-10 12:57:05,785 	Hypothesis: hallo , wie kann ich ihnen helfen ?
2020-08-10 12:57:05,785 Example #2
2020-08-10 12:57:05,785 	Raw source:     ['hi', ',', 'i', '&apos;m', 'looking', 'for', 'a', 'restaurant', 'inside', 'the', 'arden', 'fair', 'mall', 'in', 'san', 'francisco', ',', 'california', '.']
2020-08-10 12:57:05,785 	Raw hypothesis: ['hallo', ',', 'ich', 'suche', 'ein', 'restaurant', 'in', 'san', 'francisco', ',', 'kalifornien', ',', 'finden', '.']
2020-08-10 12:57:05,785 	Source:     hi , i &apos;m looking for a restaurant inside the arden fair mall in san francisco , california .
2020-08-10 12:57:05,785 	Reference:  hallo , ich bin auf der suche nach einem restaurant im arden fair einkaufszentrum in san francisco , kalifornien .
2020-08-10 12:57:05,785 	Hypothesis: hallo , ich suche ein restaurant in san francisco , kalifornien , finden .
2020-08-10 12:57:05,785 Example #3
2020-08-10 12:57:05,785 	Raw source:     ['ok', ',', 'what', 'type', 'of', 'restaurant', 'are', 'you', 'looking', 'for', '?']
2020-08-10 12:57:05,785 	Raw hypothesis: ['ok', ',', 'welche', 'art', 'von', 'restaurant', 'suchen', 'sie', '?']
2020-08-10 12:57:05,785 	Source:     ok , what type of restaurant are you looking for ?
2020-08-10 12:57:05,785 	Reference:  ok . welche art von restaurant suchen sie denn genau ?
2020-08-10 12:57:05,785 	Hypothesis: ok , welche art von restaurant suchen sie ?
2020-08-10 12:57:05,785 Validation result (greedy) at epoch  13, step     1200: bleu:  25.40, loss: 15792.6260, ppl:  11.7941, duration: 15.9100s
2020-08-10 12:57:12,061 Epoch  13: total training loss 130.39
2020-08-10 12:57:12,061 EPOCH 14
2020-08-10 12:57:13,078 Epoch  14 Step:     1300 Batch Loss:     0.250912 Tokens per Sec:     8651, Lr: 0.000200
2020-08-10 12:57:19,322 Epoch  14: total training loss 116.48
2020-08-10 12:57:19,322 EPOCH 15
2020-08-10 12:57:20,427 Epoch  15 Step:     1400 Batch Loss:     0.755190 Tokens per Sec:     8774, Lr: 0.000200
2020-08-10 12:57:31,903 Hooray! New best validation result [ppl]!
2020-08-10 12:57:31,904 Saving new checkpoint.
2020-08-10 12:57:33,213 Example #0
2020-08-10 12:57:33,213 	Raw source:     ['hello', '.']
2020-08-10 12:57:33,213 	Raw hypothesis: ['hallo', ',']
2020-08-10 12:57:33,213 	Source:     hello .
2020-08-10 12:57:33,213 	Reference:  hallo ,
2020-08-10 12:57:33,213 	Hypothesis: hallo ,
2020-08-10 12:57:33,214 Example #1
2020-08-10 12:57:33,214 	Raw source:     ['hi', ',', 'how', 'can', 'i', 'help', 'you', '?']
2020-08-10 12:57:33,214 	Raw hypothesis: ['hallo', ',', 'wie', 'kann', 'ich', 'ihnen', 'helfen', '?']
2020-08-10 12:57:33,214 	Source:     hi , how can i help you ?
2020-08-10 12:57:33,214 	Reference:  hallo , wie kann ich ihnen helfen ?
2020-08-10 12:57:33,214 	Hypothesis: hallo , wie kann ich ihnen helfen ?
2020-08-10 12:57:33,214 Example #2
2020-08-10 12:57:33,214 	Raw source:     ['hi', ',', 'i', '&apos;m', 'looking', 'for', 'a', 'restaurant', 'inside', 'the', 'arden', 'fair', 'mall', 'in', 'san', 'francisco', ',', 'california', '.']
2020-08-10 12:57:33,214 	Raw hypothesis: ['hallo', ',', 'ich', 'suche', 'ein', 'restaurant', 'in', 'san', 'francisco', ',', 'kalifornien', '.']
2020-08-10 12:57:33,214 	Source:     hi , i &apos;m looking for a restaurant inside the arden fair mall in san francisco , california .
2020-08-10 12:57:33,214 	Reference:  hallo , ich bin auf der suche nach einem restaurant im arden fair einkaufszentrum in san francisco , kalifornien .
2020-08-10 12:57:33,214 	Hypothesis: hallo , ich suche ein restaurant in san francisco , kalifornien .
2020-08-10 12:57:33,214 Example #3
2020-08-10 12:57:33,214 	Raw source:     ['ok', ',', 'what', 'type', 'of', 'restaurant', 'are', 'you', 'looking', 'for', '?']
2020-08-10 12:57:33,214 	Raw hypothesis: ['ok', ',', 'nach', 'welcher', 'art', 'von', 'restaurant', 'suchen', 'sie', '?']
2020-08-10 12:57:33,214 	Source:     ok , what type of restaurant are you looking for ?
2020-08-10 12:57:33,214 	Reference:  ok . welche art von restaurant suchen sie denn genau ?
2020-08-10 12:57:33,214 	Hypothesis: ok , nach welcher art von restaurant suchen sie ?
2020-08-10 12:57:33,214 Validation result (greedy) at epoch  15, step     1400: bleu:  29.42, loss: 15655.3418, ppl:  11.5438, duration: 12.7876s
2020-08-10 12:57:39,381 Epoch  15: total training loss 99.02
2020-08-10 12:57:39,381 EPOCH 16
2020-08-10 12:57:40,630 Epoch  16 Step:     1500 Batch Loss:     1.505869 Tokens per Sec:     8672, Lr: 0.000200
2020-08-10 12:57:46,625 Epoch  16: total training loss 89.49
2020-08-10 12:57:46,625 EPOCH 17
2020-08-10 12:57:47,961 Epoch  17 Step:     1600 Batch Loss:     0.529517 Tokens per Sec:     8559, Lr: 0.000200
2020-08-10 12:58:01,586 Example #0
2020-08-10 12:58:01,586 	Raw source:     ['hello', '.']
2020-08-10 12:58:01,586 	Raw hypothesis: ['hallo', '.']
2020-08-10 12:58:01,586 	Source:     hello .
2020-08-10 12:58:01,586 	Reference:  hallo ,
2020-08-10 12:58:01,586 	Hypothesis: hallo .
2020-08-10 12:58:01,586 Example #1
2020-08-10 12:58:01,586 	Raw source:     ['hi', ',', 'how', 'can', 'i', 'help', 'you', '?']
2020-08-10 12:58:01,586 	Raw hypothesis: ['hallo', ',', 'wie', 'kann', 'ich', 'ihnen', 'helfen', '?']
2020-08-10 12:58:01,586 	Source:     hi , how can i help you ?
2020-08-10 12:58:01,587 	Reference:  hallo , wie kann ich ihnen helfen ?
2020-08-10 12:58:01,587 	Hypothesis: hallo , wie kann ich ihnen helfen ?
2020-08-10 12:58:01,587 Example #2
2020-08-10 12:58:01,587 	Raw source:     ['hi', ',', 'i', '&apos;m', 'looking', 'for', 'a', 'restaurant', 'inside', 'the', 'arden', 'fair', 'mall', 'in', 'san', 'francisco', ',', 'california', '.']
2020-08-10 12:58:01,587 	Raw hypothesis: ['hallo', ',', 'ich', 'suche', 'ein', 'paar', 'optionen', 'für', 'mich', 'in', 'san', 'francisco', ',', 'kalifornien', '.']
2020-08-10 12:58:01,587 	Source:     hi , i &apos;m looking for a restaurant inside the arden fair mall in san francisco , california .
2020-08-10 12:58:01,587 	Reference:  hallo , ich bin auf der suche nach einem restaurant im arden fair einkaufszentrum in san francisco , kalifornien .
2020-08-10 12:58:01,587 	Hypothesis: hallo , ich suche ein paar optionen für mich in san francisco , kalifornien .
2020-08-10 12:58:01,587 Example #3
2020-08-10 12:58:01,587 	Raw source:     ['ok', ',', 'what', 'type', 'of', 'restaurant', 'are', 'you', 'looking', 'for', '?']
2020-08-10 12:58:01,587 	Raw hypothesis: ['ok', ',', 'welche', 'art', 'von', 'restaurant', 'suchen', 'sie', '?']
2020-08-10 12:58:01,587 	Source:     ok , what type of restaurant are you looking for ?
2020-08-10 12:58:01,587 	Reference:  ok . welche art von restaurant suchen sie denn genau ?
2020-08-10 12:58:01,587 	Hypothesis: ok , welche art von restaurant suchen sie ?
2020-08-10 12:58:01,587 Validation result (greedy) at epoch  17, step     1600: bleu:  27.68, loss: 15724.7979, ppl:  11.6697, duration: 13.6261s
2020-08-10 12:58:07,520 Epoch  17: total training loss 81.00
2020-08-10 12:58:07,520 EPOCH 18
2020-08-10 12:58:08,925 Epoch  18 Step:     1700 Batch Loss:     0.515400 Tokens per Sec:     9023, Lr: 0.000200
2020-08-10 12:58:14,813 Epoch  18: total training loss 71.00
2020-08-10 12:58:14,813 EPOCH 19
2020-08-10 12:58:16,304 Epoch  19 Step:     1800 Batch Loss:     1.031583 Tokens per Sec:     8877, Lr: 0.000200
2020-08-10 12:58:27,839 Hooray! New best validation result [ppl]!
2020-08-10 12:58:27,840 Saving new checkpoint.
2020-08-10 12:58:29,136 Example #0
2020-08-10 12:58:29,136 	Raw source:     ['hello', '.']
2020-08-10 12:58:29,136 	Raw hypothesis: ['hallo', ',']
2020-08-10 12:58:29,136 	Source:     hello .
2020-08-10 12:58:29,136 	Reference:  hallo ,
2020-08-10 12:58:29,136 	Hypothesis: hallo ,
2020-08-10 12:58:29,136 Example #1
2020-08-10 12:58:29,136 	Raw source:     ['hi', ',', 'how', 'can', 'i', 'help', 'you', '?']
2020-08-10 12:58:29,136 	Raw hypothesis: ['hallo', ',', 'wie', 'kann', 'ich', 'ihnen', 'helfen', '?']
2020-08-10 12:58:29,136 	Source:     hi , how can i help you ?
2020-08-10 12:58:29,136 	Reference:  hallo , wie kann ich ihnen helfen ?
2020-08-10 12:58:29,137 	Hypothesis: hallo , wie kann ich ihnen helfen ?
2020-08-10 12:58:29,137 Example #2
2020-08-10 12:58:29,137 	Raw source:     ['hi', ',', 'i', '&apos;m', 'looking', 'for', 'a', 'restaurant', 'inside', 'the', 'arden', 'fair', 'mall', 'in', 'san', 'francisco', ',', 'california', '.']
2020-08-10 12:58:29,137 	Raw hypothesis: ['hallo', ',', 'ich', 'suche', 'ein', 'paar', 'restaurants', 'in', 'der', 'arden', 'fair', 'mall', '.']
2020-08-10 12:58:29,137 	Source:     hi , i &apos;m looking for a restaurant inside the arden fair mall in san francisco , california .
2020-08-10 12:58:29,137 	Reference:  hallo , ich bin auf der suche nach einem restaurant im arden fair einkaufszentrum in san francisco , kalifornien .
2020-08-10 12:58:29,137 	Hypothesis: hallo , ich suche ein paar restaurants in der arden fair mall .
2020-08-10 12:58:29,137 Example #3
2020-08-10 12:58:29,137 	Raw source:     ['ok', ',', 'what', 'type', 'of', 'restaurant', 'are', 'you', 'looking', 'for', '?']
2020-08-10 12:58:29,137 	Raw hypothesis: ['ok', ',', 'nach', 'welcher', 'art', 'von', 'restaurant', 'suchen', 'sie', '?']
2020-08-10 12:58:29,137 	Source:     ok , what type of restaurant are you looking for ?
2020-08-10 12:58:29,137 	Reference:  ok . welche art von restaurant suchen sie denn genau ?
2020-08-10 12:58:29,137 	Hypothesis: ok , nach welcher art von restaurant suchen sie ?
2020-08-10 12:58:29,137 Validation result (greedy) at epoch  19, step     1800: bleu:  29.62, loss: 15648.0146, ppl:  11.5306, duration: 12.8328s
2020-08-10 12:58:34,856 Epoch  19: total training loss 63.66
2020-08-10 12:58:34,856 EPOCH 20
2020-08-10 12:58:36,474 Epoch  20 Step:     1900 Batch Loss:     0.687332 Tokens per Sec:     8863, Lr: 0.000200
2020-08-10 12:58:42,145 Epoch  20: total training loss 58.84
2020-08-10 12:58:42,145 Training ended after  20 epochs.
2020-08-10 12:58:42,145 Best validation result (greedy) at step     1800:  11.53 ppl.
