2020-08-10 04:29:49,920 Hello! This is Joey-NMT.
2020-08-10 04:29:51,254 Total params: 29320704
2020-08-10 04:29:51,256 Trainable parameters: ['decoder.layer_norm.bias', 'decoder.layer_norm.weight', 'decoder.layers.0.dec_layer_norm.bias', 'decoder.layers.0.dec_layer_norm.weight', 'decoder.layers.0.feed_forward.layer_norm.bias', 'decoder.layers.0.feed_forward.layer_norm.weight', 'decoder.layers.0.feed_forward.pwff_layer.0.bias', 'decoder.layers.0.feed_forward.pwff_layer.0.weight', 'decoder.layers.0.feed_forward.pwff_layer.3.bias', 'decoder.layers.0.feed_forward.pwff_layer.3.weight', 'decoder.layers.0.src_trg_att.k_layer.bias', 'decoder.layers.0.src_trg_att.k_layer.weight', 'decoder.layers.0.src_trg_att.output_layer.bias', 'decoder.layers.0.src_trg_att.output_layer.weight', 'decoder.layers.0.src_trg_att.q_layer.bias', 'decoder.layers.0.src_trg_att.q_layer.weight', 'decoder.layers.0.src_trg_att.v_layer.bias', 'decoder.layers.0.src_trg_att.v_layer.weight', 'decoder.layers.0.trg_trg_att.k_layer.bias', 'decoder.layers.0.trg_trg_att.k_layer.weight', 'decoder.layers.0.trg_trg_att.output_layer.bias', 'decoder.layers.0.trg_trg_att.output_layer.weight', 'decoder.layers.0.trg_trg_att.q_layer.bias', 'decoder.layers.0.trg_trg_att.q_layer.weight', 'decoder.layers.0.trg_trg_att.v_layer.bias', 'decoder.layers.0.trg_trg_att.v_layer.weight', 'decoder.layers.0.x_layer_norm.bias', 'decoder.layers.0.x_layer_norm.weight', 'decoder.layers.1.dec_layer_norm.bias', 'decoder.layers.1.dec_layer_norm.weight', 'decoder.layers.1.feed_forward.layer_norm.bias', 'decoder.layers.1.feed_forward.layer_norm.weight', 'decoder.layers.1.feed_forward.pwff_layer.0.bias', 'decoder.layers.1.feed_forward.pwff_layer.0.weight', 'decoder.layers.1.feed_forward.pwff_layer.3.bias', 'decoder.layers.1.feed_forward.pwff_layer.3.weight', 'decoder.layers.1.src_trg_att.k_layer.bias', 'decoder.layers.1.src_trg_att.k_layer.weight', 'decoder.layers.1.src_trg_att.output_layer.bias', 'decoder.layers.1.src_trg_att.output_layer.weight', 'decoder.layers.1.src_trg_att.q_layer.bias', 'decoder.layers.1.src_trg_att.q_layer.weight', 'decoder.layers.1.src_trg_att.v_layer.bias', 'decoder.layers.1.src_trg_att.v_layer.weight', 'decoder.layers.1.trg_trg_att.k_layer.bias', 'decoder.layers.1.trg_trg_att.k_layer.weight', 'decoder.layers.1.trg_trg_att.output_layer.bias', 'decoder.layers.1.trg_trg_att.output_layer.weight', 'decoder.layers.1.trg_trg_att.q_layer.bias', 'decoder.layers.1.trg_trg_att.q_layer.weight', 'decoder.layers.1.trg_trg_att.v_layer.bias', 'decoder.layers.1.trg_trg_att.v_layer.weight', 'decoder.layers.1.x_layer_norm.bias', 'decoder.layers.1.x_layer_norm.weight', 'decoder.layers.2.dec_layer_norm.bias', 'decoder.layers.2.dec_layer_norm.weight', 'decoder.layers.2.feed_forward.layer_norm.bias', 'decoder.layers.2.feed_forward.layer_norm.weight', 'decoder.layers.2.feed_forward.pwff_layer.0.bias', 'decoder.layers.2.feed_forward.pwff_layer.0.weight', 'decoder.layers.2.feed_forward.pwff_layer.3.bias', 'decoder.layers.2.feed_forward.pwff_layer.3.weight', 'decoder.layers.2.src_trg_att.k_layer.bias', 'decoder.layers.2.src_trg_att.k_layer.weight', 'decoder.layers.2.src_trg_att.output_layer.bias', 'decoder.layers.2.src_trg_att.output_layer.weight', 'decoder.layers.2.src_trg_att.q_layer.bias', 'decoder.layers.2.src_trg_att.q_layer.weight', 'decoder.layers.2.src_trg_att.v_layer.bias', 'decoder.layers.2.src_trg_att.v_layer.weight', 'decoder.layers.2.trg_trg_att.k_layer.bias', 'decoder.layers.2.trg_trg_att.k_layer.weight', 'decoder.layers.2.trg_trg_att.output_layer.bias', 'decoder.layers.2.trg_trg_att.output_layer.weight', 'decoder.layers.2.trg_trg_att.q_layer.bias', 'decoder.layers.2.trg_trg_att.q_layer.weight', 'decoder.layers.2.trg_trg_att.v_layer.bias', 'decoder.layers.2.trg_trg_att.v_layer.weight', 'decoder.layers.2.x_layer_norm.bias', 'decoder.layers.2.x_layer_norm.weight', 'decoder.layers.3.dec_layer_norm.bias', 'decoder.layers.3.dec_layer_norm.weight', 'decoder.layers.3.feed_forward.layer_norm.bias', 'decoder.layers.3.feed_forward.layer_norm.weight', 'decoder.layers.3.feed_forward.pwff_layer.0.bias', 'decoder.layers.3.feed_forward.pwff_layer.0.weight', 'decoder.layers.3.feed_forward.pwff_layer.3.bias', 'decoder.layers.3.feed_forward.pwff_layer.3.weight', 'decoder.layers.3.src_trg_att.k_layer.bias', 'decoder.layers.3.src_trg_att.k_layer.weight', 'decoder.layers.3.src_trg_att.output_layer.bias', 'decoder.layers.3.src_trg_att.output_layer.weight', 'decoder.layers.3.src_trg_att.q_layer.bias', 'decoder.layers.3.src_trg_att.q_layer.weight', 'decoder.layers.3.src_trg_att.v_layer.bias', 'decoder.layers.3.src_trg_att.v_layer.weight', 'decoder.layers.3.trg_trg_att.k_layer.bias', 'decoder.layers.3.trg_trg_att.k_layer.weight', 'decoder.layers.3.trg_trg_att.output_layer.bias', 'decoder.layers.3.trg_trg_att.output_layer.weight', 'decoder.layers.3.trg_trg_att.q_layer.bias', 'decoder.layers.3.trg_trg_att.q_layer.weight', 'decoder.layers.3.trg_trg_att.v_layer.bias', 'decoder.layers.3.trg_trg_att.v_layer.weight', 'decoder.layers.3.x_layer_norm.bias', 'decoder.layers.3.x_layer_norm.weight', 'decoder.layers.4.dec_layer_norm.bias', 'decoder.layers.4.dec_layer_norm.weight', 'decoder.layers.4.feed_forward.layer_norm.bias', 'decoder.layers.4.feed_forward.layer_norm.weight', 'decoder.layers.4.feed_forward.pwff_layer.0.bias', 'decoder.layers.4.feed_forward.pwff_layer.0.weight', 'decoder.layers.4.feed_forward.pwff_layer.3.bias', 'decoder.layers.4.feed_forward.pwff_layer.3.weight', 'decoder.layers.4.src_trg_att.k_layer.bias', 'decoder.layers.4.src_trg_att.k_layer.weight', 'decoder.layers.4.src_trg_att.output_layer.bias', 'decoder.layers.4.src_trg_att.output_layer.weight', 'decoder.layers.4.src_trg_att.q_layer.bias', 'decoder.layers.4.src_trg_att.q_layer.weight', 'decoder.layers.4.src_trg_att.v_layer.bias', 'decoder.layers.4.src_trg_att.v_layer.weight', 'decoder.layers.4.trg_trg_att.k_layer.bias', 'decoder.layers.4.trg_trg_att.k_layer.weight', 'decoder.layers.4.trg_trg_att.output_layer.bias', 'decoder.layers.4.trg_trg_att.output_layer.weight', 'decoder.layers.4.trg_trg_att.q_layer.bias', 'decoder.layers.4.trg_trg_att.q_layer.weight', 'decoder.layers.4.trg_trg_att.v_layer.bias', 'decoder.layers.4.trg_trg_att.v_layer.weight', 'decoder.layers.4.x_layer_norm.bias', 'decoder.layers.4.x_layer_norm.weight', 'decoder.layers.5.dec_layer_norm.bias', 'decoder.layers.5.dec_layer_norm.weight', 'decoder.layers.5.feed_forward.layer_norm.bias', 'decoder.layers.5.feed_forward.layer_norm.weight', 'decoder.layers.5.feed_forward.pwff_layer.0.bias', 'decoder.layers.5.feed_forward.pwff_layer.0.weight', 'decoder.layers.5.feed_forward.pwff_layer.3.bias', 'decoder.layers.5.feed_forward.pwff_layer.3.weight', 'decoder.layers.5.src_trg_att.k_layer.bias', 'decoder.layers.5.src_trg_att.k_layer.weight', 'decoder.layers.5.src_trg_att.output_layer.bias', 'decoder.layers.5.src_trg_att.output_layer.weight', 'decoder.layers.5.src_trg_att.q_layer.bias', 'decoder.layers.5.src_trg_att.q_layer.weight', 'decoder.layers.5.src_trg_att.v_layer.bias', 'decoder.layers.5.src_trg_att.v_layer.weight', 'decoder.layers.5.trg_trg_att.k_layer.bias', 'decoder.layers.5.trg_trg_att.k_layer.weight', 'decoder.layers.5.trg_trg_att.output_layer.bias', 'decoder.layers.5.trg_trg_att.output_layer.weight', 'decoder.layers.5.trg_trg_att.q_layer.bias', 'decoder.layers.5.trg_trg_att.q_layer.weight', 'decoder.layers.5.trg_trg_att.v_layer.bias', 'decoder.layers.5.trg_trg_att.v_layer.weight', 'decoder.layers.5.x_layer_norm.bias', 'decoder.layers.5.x_layer_norm.weight', 'encoder.layer_norm.bias', 'encoder.layer_norm.weight', 'encoder.layers.0.feed_forward.layer_norm.bias', 'encoder.layers.0.feed_forward.layer_norm.weight', 'encoder.layers.0.feed_forward.pwff_layer.0.bias', 'encoder.layers.0.feed_forward.pwff_layer.0.weight', 'encoder.layers.0.feed_forward.pwff_layer.3.bias', 'encoder.layers.0.feed_forward.pwff_layer.3.weight', 'encoder.layers.0.layer_norm.bias', 'encoder.layers.0.layer_norm.weight', 'encoder.layers.0.src_src_att.k_layer.bias', 'encoder.layers.0.src_src_att.k_layer.weight', 'encoder.layers.0.src_src_att.output_layer.bias', 'encoder.layers.0.src_src_att.output_layer.weight', 'encoder.layers.0.src_src_att.q_layer.bias', 'encoder.layers.0.src_src_att.q_layer.weight', 'encoder.layers.0.src_src_att.v_layer.bias', 'encoder.layers.0.src_src_att.v_layer.weight', 'encoder.layers.1.feed_forward.layer_norm.bias', 'encoder.layers.1.feed_forward.layer_norm.weight', 'encoder.layers.1.feed_forward.pwff_layer.0.bias', 'encoder.layers.1.feed_forward.pwff_layer.0.weight', 'encoder.layers.1.feed_forward.pwff_layer.3.bias', 'encoder.layers.1.feed_forward.pwff_layer.3.weight', 'encoder.layers.1.layer_norm.bias', 'encoder.layers.1.layer_norm.weight', 'encoder.layers.1.src_src_att.k_layer.bias', 'encoder.layers.1.src_src_att.k_layer.weight', 'encoder.layers.1.src_src_att.output_layer.bias', 'encoder.layers.1.src_src_att.output_layer.weight', 'encoder.layers.1.src_src_att.q_layer.bias', 'encoder.layers.1.src_src_att.q_layer.weight', 'encoder.layers.1.src_src_att.v_layer.bias', 'encoder.layers.1.src_src_att.v_layer.weight', 'encoder.layers.2.feed_forward.layer_norm.bias', 'encoder.layers.2.feed_forward.layer_norm.weight', 'encoder.layers.2.feed_forward.pwff_layer.0.bias', 'encoder.layers.2.feed_forward.pwff_layer.0.weight', 'encoder.layers.2.feed_forward.pwff_layer.3.bias', 'encoder.layers.2.feed_forward.pwff_layer.3.weight', 'encoder.layers.2.layer_norm.bias', 'encoder.layers.2.layer_norm.weight', 'encoder.layers.2.src_src_att.k_layer.bias', 'encoder.layers.2.src_src_att.k_layer.weight', 'encoder.layers.2.src_src_att.output_layer.bias', 'encoder.layers.2.src_src_att.output_layer.weight', 'encoder.layers.2.src_src_att.q_layer.bias', 'encoder.layers.2.src_src_att.q_layer.weight', 'encoder.layers.2.src_src_att.v_layer.bias', 'encoder.layers.2.src_src_att.v_layer.weight', 'encoder.layers.3.feed_forward.layer_norm.bias', 'encoder.layers.3.feed_forward.layer_norm.weight', 'encoder.layers.3.feed_forward.pwff_layer.0.bias', 'encoder.layers.3.feed_forward.pwff_layer.0.weight', 'encoder.layers.3.feed_forward.pwff_layer.3.bias', 'encoder.layers.3.feed_forward.pwff_layer.3.weight', 'encoder.layers.3.layer_norm.bias', 'encoder.layers.3.layer_norm.weight', 'encoder.layers.3.src_src_att.k_layer.bias', 'encoder.layers.3.src_src_att.k_layer.weight', 'encoder.layers.3.src_src_att.output_layer.bias', 'encoder.layers.3.src_src_att.output_layer.weight', 'encoder.layers.3.src_src_att.q_layer.bias', 'encoder.layers.3.src_src_att.q_layer.weight', 'encoder.layers.3.src_src_att.v_layer.bias', 'encoder.layers.3.src_src_att.v_layer.weight', 'encoder.layers.4.feed_forward.layer_norm.bias', 'encoder.layers.4.feed_forward.layer_norm.weight', 'encoder.layers.4.feed_forward.pwff_layer.0.bias', 'encoder.layers.4.feed_forward.pwff_layer.0.weight', 'encoder.layers.4.feed_forward.pwff_layer.3.bias', 'encoder.layers.4.feed_forward.pwff_layer.3.weight', 'encoder.layers.4.layer_norm.bias', 'encoder.layers.4.layer_norm.weight', 'encoder.layers.4.src_src_att.k_layer.bias', 'encoder.layers.4.src_src_att.k_layer.weight', 'encoder.layers.4.src_src_att.output_layer.bias', 'encoder.layers.4.src_src_att.output_layer.weight', 'encoder.layers.4.src_src_att.q_layer.bias', 'encoder.layers.4.src_src_att.q_layer.weight', 'encoder.layers.4.src_src_att.v_layer.bias', 'encoder.layers.4.src_src_att.v_layer.weight', 'encoder.layers.5.feed_forward.layer_norm.bias', 'encoder.layers.5.feed_forward.layer_norm.weight', 'encoder.layers.5.feed_forward.pwff_layer.0.bias', 'encoder.layers.5.feed_forward.pwff_layer.0.weight', 'encoder.layers.5.feed_forward.pwff_layer.3.bias', 'encoder.layers.5.feed_forward.pwff_layer.3.weight', 'encoder.layers.5.layer_norm.bias', 'encoder.layers.5.layer_norm.weight', 'encoder.layers.5.src_src_att.k_layer.bias', 'encoder.layers.5.src_src_att.k_layer.weight', 'encoder.layers.5.src_src_att.output_layer.bias', 'encoder.layers.5.src_src_att.output_layer.weight', 'encoder.layers.5.src_src_att.q_layer.bias', 'encoder.layers.5.src_src_att.q_layer.weight', 'encoder.layers.5.src_src_att.v_layer.bias', 'encoder.layers.5.src_src_att.v_layer.weight', 'src_embed.lut.weight', 'trg_embed.lut.weight']
2020-08-10 04:29:55,082 cfg.data.dev                       : chatnmt/multi_encoder/dev_subset.tags.bpe.10000
2020-08-10 04:29:55,082 cfg.data.level                     : bpe
2020-08-10 04:29:55,082 cfg.data.lowercase                 : False
2020-08-10 04:29:55,083 cfg.data.max_sent_length           : 100
2020-08-10 04:29:55,083 cfg.data.src                       : en
2020-08-10 04:29:55,083 cfg.data.test                      : chatnmt/multi_encoder/test.tags.bpe.10000
2020-08-10 04:29:55,083 cfg.data.train                     : chatnmt/multi_encoder/train_subset.tags.bpe.10000
2020-08-10 04:29:55,083 cfg.data.trg                       : de
2020-08-10 04:29:55,083 cfg.model.bias_initializer         : zeros
2020-08-10 04:29:55,083 cfg.model.decoder.dropout          : 0.1
2020-08-10 04:29:55,083 cfg.model.decoder.embeddings.dropout : 0.0
2020-08-10 04:29:55,083 cfg.model.decoder.embeddings.embedding_dim : 512
2020-08-10 04:29:55,083 cfg.model.decoder.embeddings.scale : True
2020-08-10 04:29:55,083 cfg.model.decoder.ff_size          : 512
2020-08-10 04:29:55,084 cfg.model.decoder.freeze           : False
2020-08-10 04:29:55,084 cfg.model.decoder.hidden_size      : 512
2020-08-10 04:29:55,084 cfg.model.decoder.num_heads        : 16
2020-08-10 04:29:55,084 cfg.model.decoder.num_layers       : 6
2020-08-10 04:29:55,084 cfg.model.decoder.type             : transformer
2020-08-10 04:29:55,084 cfg.model.embed_init_gain          : 1.0
2020-08-10 04:29:55,084 cfg.model.embed_initializer        : xavier
2020-08-10 04:29:55,084 cfg.model.encoder.dropout          : 0.3
2020-08-10 04:29:55,084 cfg.model.encoder.embeddings.dropout : 0.0
2020-08-10 04:29:55,084 cfg.model.encoder.embeddings.embedding_dim : 512
2020-08-10 04:29:55,084 cfg.model.encoder.embeddings.scale : True
2020-08-10 04:29:55,084 cfg.model.encoder.ff_size          : 512
2020-08-10 04:29:55,084 cfg.model.encoder.freeze           : False
2020-08-10 04:29:55,084 cfg.model.encoder.hidden_size      : 512
2020-08-10 04:29:55,085 cfg.model.encoder.multi_encoder    : False
2020-08-10 04:29:55,085 cfg.model.encoder.num_heads        : 16
2020-08-10 04:29:55,085 cfg.model.encoder.num_layers       : 6
2020-08-10 04:29:55,085 cfg.model.encoder.type             : transformer
2020-08-10 04:29:55,085 cfg.model.init_gain                : 1.0
2020-08-10 04:29:55,085 cfg.model.initializer              : xavier
2020-08-10 04:29:55,085 cfg.model.tied_embeddings          : False
2020-08-10 04:29:55,085 cfg.model.tied_softmax             : True
2020-08-10 04:29:55,085 cfg.name                           : transformer
2020-08-10 04:29:55,085 cfg.testing.alpha                  : 1.0
2020-08-10 04:29:55,085 cfg.testing.beam_size              : 5
2020-08-10 04:29:55,085 cfg.training.adam_betas            : [0.9, 0.999]
2020-08-10 04:29:55,085 cfg.training.batch_multiplier      : 1
2020-08-10 04:29:55,085 cfg.training.batch_size            : 1024
2020-08-10 04:29:55,085 cfg.training.batch_type            : token
2020-08-10 04:29:55,085 cfg.training.decrease_factor       : 0.7
2020-08-10 04:29:55,085 cfg.training.early_stopping_metric : ppl
2020-08-10 04:29:55,085 cfg.training.epochs                : 20
2020-08-10 04:29:55,086 cfg.training.eval_metric           : bleu
2020-08-10 04:29:55,086 cfg.training.keep_last_ckpts       : 3
2020-08-10 04:29:55,086 cfg.training.label_smoothing       : 0.1
2020-08-10 04:29:55,086 cfg.training.learning_rate         : 0.0002
2020-08-10 04:29:55,086 cfg.training.learning_rate_min     : 1e-08
2020-08-10 04:29:55,086 cfg.training.logging_freq          : 100
2020-08-10 04:29:55,086 cfg.training.loss                  : crossentropy
2020-08-10 04:29:55,086 cfg.training.max_output_length     : 100
2020-08-10 04:29:55,086 cfg.training.model_dir             : models/viznet/attempt3/16_16_0.3_512_512_1024_8_10
2020-08-10 04:29:55,086 cfg.training.normalization         : tokens
2020-08-10 04:29:55,086 cfg.training.optimizer             : adam
2020-08-10 04:29:55,086 cfg.training.overwrite             : True
2020-08-10 04:29:55,086 cfg.training.patience              : 8
2020-08-10 04:29:55,086 cfg.training.print_valid_sents     : [0, 1, 2, 3]
2020-08-10 04:29:55,086 cfg.training.random_seed           : 42
2020-08-10 04:29:55,086 cfg.training.scheduling            : plateau
2020-08-10 04:29:55,086 cfg.training.shuffle               : True
2020-08-10 04:29:55,086 cfg.training.use_cuda              : True
2020-08-10 04:29:55,087 cfg.training.validation_freq       : 200
2020-08-10 04:29:55,087 cfg.training.weight_decay          : 0.0
2020-08-10 04:29:55,087 Data set sizes: 
	train 5000,
	valid 500,
	test 1220
2020-08-10 04:29:55,087 First training example:
	[SRC] hi there ! how can i help ?
	[TRG] hallo ! wie kann ich helfen ?
2020-08-10 04:29:55,087 First 10 words (src): (0) <unk> (1) <pad> (2) <s> (3) </s> (4) . (5) , (6) ? (7) you (8) i (9) the
2020-08-10 04:29:55,087 First 10 words (trg): (0) <unk> (1) <pad> (2) <s> (3) </s> (4) . (5) , (6) ? (7) sie (8) ich (9) das
2020-08-10 04:29:55,087 Number of Src words (types): 3468
2020-08-10 04:29:55,088 Number of Trg words (types): 4487
2020-08-10 04:29:55,088 Model(
	encoder=TransformerEncoder(num_layers=6, num_heads=16),
	decoder=TransformerDecoder(num_layers=6, num_heads=16),
	src_embed=Embeddings(embedding_dim=512, vocab_size=3468),
	trg_embed=Embeddings(embedding_dim=512, vocab_size=4487))
2020-08-10 04:29:55,092 EPOCH 1
2020-08-10 04:30:02,422 Epoch   1: total training loss 499.19
2020-08-10 04:30:02,422 EPOCH 2
2020-08-10 04:30:02,596 Epoch   2 Step:      100 Batch Loss:     4.033805 Tokens per Sec:     8029, Lr: 0.000200
2020-08-10 04:30:09,739 Epoch   2: total training loss 426.46
2020-08-10 04:30:09,739 EPOCH 3
2020-08-10 04:30:09,969 Epoch   3 Step:      200 Batch Loss:     3.064505 Tokens per Sec:     8730, Lr: 0.000200
2020-08-10 04:30:38,685 Hooray! New best validation result [ppl]!
2020-08-10 04:30:38,686 Saving new checkpoint.
2020-08-10 04:30:39,954 Example #0
2020-08-10 04:30:39,954 	Raw source:     ['hello', '.']
2020-08-10 04:30:39,954 	Raw hypothesis: ['ja', '.']
2020-08-10 04:30:39,954 	Source:     hello .
2020-08-10 04:30:39,954 	Reference:  hallo ,
2020-08-10 04:30:39,954 	Hypothesis: ja .
2020-08-10 04:30:39,954 Example #1
2020-08-10 04:30:39,954 	Raw source:     ['hi', ',', 'how', 'can', 'i', 'help', 'you', '?']
2020-08-10 04:30:39,954 	Raw hypothesis: ['hallo', ',', 'wie', 'kann', 'ich', 'ihnen', 'helfen', '?']
2020-08-10 04:30:39,955 	Source:     hi , how can i help you ?
2020-08-10 04:30:39,955 	Reference:  hallo , wie kann ich ihnen helfen ?
2020-08-10 04:30:39,955 	Hypothesis: hallo , wie kann ich ihnen helfen ?
2020-08-10 04:30:39,955 Example #2
2020-08-10 04:30:39,955 	Raw source:     ['hi', ',', 'i', '&apos;m', 'looking', 'for', 'a', 'restaurant', 'inside', 'the', 'arden', 'fair', 'mall', 'in', 'san', 'francisco', ',', 'california', '.']
2020-08-10 04:30:39,955 	Raw hypothesis: ['ich', 'möchte', 'möchte', 'möchte', 'möchte', 'möchte', 'möchte', 'möchte', 'möchte', 'möchte', 'in', 'in', 'in', 'in', 'in', 'in', 'in', 'in', 'in', 'in', 'in', 'in', 'in', 'in', 'in', 'in', 'in', 'in', 'in', 'in', 'in', 'in', 'in', 'in', 'in', 'in', 'in', 'in', 'in', 'in', 'in', 'in', 'in', 'in', 'in', 'in', ',', 'ich', 'in', ',', 'ich', 'in', 'in', 'in', 'in', ',', 'ich', 'möchte', ',', 'ich', 'möchte', ',', 'in', 'in', 'in', 'in', 'in', 'in', 'in', 'in', 'in', 'in', 'in', 'in', 'in', 'in', 'in', 'in', 'in', 'in', 'in', 'in', 'in', 'in', 'in', 'in', 'in', 'in', ',', ',', 'ich', 'möchte', ',', 'ich', 'möchte', ',', 'ich', 'möchte', ',', 'ich']
2020-08-10 04:30:39,955 	Source:     hi , i &apos;m looking for a restaurant inside the arden fair mall in san francisco , california .
2020-08-10 04:30:39,955 	Reference:  hallo , ich bin auf der suche nach einem restaurant im arden fair einkaufszentrum in san francisco , kalifornien .
2020-08-10 04:30:39,955 	Hypothesis: ich möchte möchte möchte möchte möchte möchte möchte möchte möchte in in in in in in in in in in in in in in in in in in in in in in in in in in in in in in in in in in in in , ich in , ich in in in in , ich möchte , ich möchte , in in in in in in in in in in in in in in in in in in in in in in in in in in , , ich möchte , ich möchte , ich möchte , ich
2020-08-10 04:30:39,955 Example #3
2020-08-10 04:30:39,955 	Raw source:     ['ok', ',', 'what', 'type', 'of', 'restaurant', 'are', 'you', 'looking', 'for', '?']
2020-08-10 04:30:39,955 	Raw hypothesis: ['ok', ',', 'wie', 'sie', 'sie', 'ihnen', '?']
2020-08-10 04:30:39,955 	Source:     ok , what type of restaurant are you looking for ?
2020-08-10 04:30:39,955 	Reference:  ok . welche art von restaurant suchen sie denn genau ?
2020-08-10 04:30:39,955 	Hypothesis: ok , wie sie sie ihnen ?
2020-08-10 04:30:39,955 Validation result (greedy) at epoch   3, step      200: bleu:   2.36, loss: 26813.0938, ppl:  65.9928, duration: 29.9859s
2020-08-10 04:30:47,053 Epoch   3: total training loss 376.46
2020-08-10 04:30:47,053 EPOCH 4
2020-08-10 04:30:47,342 Epoch   4 Step:      300 Batch Loss:     2.903358 Tokens per Sec:     5648, Lr: 0.000200
2020-08-10 04:30:54,404 Epoch   4: total training loss 333.80
2020-08-10 04:30:54,404 EPOCH 5
2020-08-10 04:30:54,780 Epoch   5 Step:      400 Batch Loss:     2.154020 Tokens per Sec:     7953, Lr: 0.000200
2020-08-10 04:31:19,569 Hooray! New best validation result [ppl]!
2020-08-10 04:31:19,569 Saving new checkpoint.
2020-08-10 04:31:20,874 Example #0
2020-08-10 04:31:20,874 	Raw source:     ['hello', '.']
2020-08-10 04:31:20,874 	Raw hypothesis: ['hallo', '.']
2020-08-10 04:31:20,874 	Source:     hello .
2020-08-10 04:31:20,874 	Reference:  hallo ,
2020-08-10 04:31:20,874 	Hypothesis: hallo .
2020-08-10 04:31:20,874 Example #1
2020-08-10 04:31:20,874 	Raw source:     ['hi', ',', 'how', 'can', 'i', 'help', 'you', '?']
2020-08-10 04:31:20,874 	Raw hypothesis: ['hallo', ',', 'wie', 'kann', 'ich', 'ihnen', 'helfen', '?']
2020-08-10 04:31:20,874 	Source:     hi , how can i help you ?
2020-08-10 04:31:20,874 	Reference:  hallo , wie kann ich ihnen helfen ?
2020-08-10 04:31:20,875 	Hypothesis: hallo , wie kann ich ihnen helfen ?
2020-08-10 04:31:20,875 Example #2
2020-08-10 04:31:20,875 	Raw source:     ['hi', ',', 'i', '&apos;m', 'looking', 'for', 'a', 'restaurant', 'inside', 'the', 'arden', 'fair', 'mall', 'in', 'san', 'francisco', ',', 'california', '.']
2020-08-10 04:31:20,875 	Raw hypothesis: ['hallo', ',', 'ich', 'möchte', 'ein', 'restaurant', 'in', 'san', 'francisco', ',', 'kalifornien', ',', 'kalifornien', ',', 'kalifornien', ',', 'kalifornien', ',', 'kalifornien', ',', 'kalifornien', ',', 'kalifornien', ',', 'kalifornien', ',', 'kalifornien', ',', 'kalifornien', ',', 'kalifornien', '.']
2020-08-10 04:31:20,875 	Source:     hi , i &apos;m looking for a restaurant inside the arden fair mall in san francisco , california .
2020-08-10 04:31:20,875 	Reference:  hallo , ich bin auf der suche nach einem restaurant im arden fair einkaufszentrum in san francisco , kalifornien .
2020-08-10 04:31:20,875 	Hypothesis: hallo , ich möchte ein restaurant in san francisco , kalifornien , kalifornien , kalifornien , kalifornien , kalifornien , kalifornien , kalifornien , kalifornien , kalifornien , kalifornien , kalifornien .
2020-08-10 04:31:20,875 Example #3
2020-08-10 04:31:20,875 	Raw source:     ['ok', ',', 'what', 'type', 'of', 'restaurant', 'are', 'you', 'looking', 'for', '?']
2020-08-10 04:31:20,875 	Raw hypothesis: ['ok', ',', 'welche', 'art', 'art', 'von', 'restaurant', 'restaurant', '?']
2020-08-10 04:31:20,875 	Source:     ok , what type of restaurant are you looking for ?
2020-08-10 04:31:20,875 	Reference:  ok . welche art von restaurant suchen sie denn genau ?
2020-08-10 04:31:20,875 	Hypothesis: ok , welche art art von restaurant restaurant ?
2020-08-10 04:31:20,875 Validation result (greedy) at epoch   5, step      400: bleu:   6.83, loss: 21904.2656, ppl:  30.6472, duration: 26.0947s
2020-08-10 04:31:27,842 Epoch   5: total training loss 293.28
2020-08-10 04:31:27,842 EPOCH 6
2020-08-10 04:31:28,215 Epoch   6 Step:      500 Batch Loss:     1.869755 Tokens per Sec:     8126, Lr: 0.000200
2020-08-10 04:31:35,099 Epoch   6: total training loss 252.70
2020-08-10 04:31:35,099 EPOCH 7
2020-08-10 04:31:35,640 Epoch   7 Step:      600 Batch Loss:     1.668752 Tokens per Sec:     8857, Lr: 0.000200
2020-08-10 04:31:54,473 Hooray! New best validation result [ppl]!
2020-08-10 04:31:54,473 Saving new checkpoint.
2020-08-10 04:31:55,726 Example #0
2020-08-10 04:31:55,726 	Raw source:     ['hello', '.']
2020-08-10 04:31:55,726 	Raw hypothesis: ['hallo', '.']
2020-08-10 04:31:55,726 	Source:     hello .
2020-08-10 04:31:55,726 	Reference:  hallo ,
2020-08-10 04:31:55,726 	Hypothesis: hallo .
2020-08-10 04:31:55,727 Example #1
2020-08-10 04:31:55,727 	Raw source:     ['hi', ',', 'how', 'can', 'i', 'help', 'you', '?']
2020-08-10 04:31:55,727 	Raw hypothesis: ['hallo', ',', 'wie', 'kann', 'ich', 'ihnen', 'helfen', '?']
2020-08-10 04:31:55,727 	Source:     hi , how can i help you ?
2020-08-10 04:31:55,727 	Reference:  hallo , wie kann ich ihnen helfen ?
2020-08-10 04:31:55,727 	Hypothesis: hallo , wie kann ich ihnen helfen ?
2020-08-10 04:31:55,727 Example #2
2020-08-10 04:31:55,727 	Raw source:     ['hi', ',', 'i', '&apos;m', 'looking', 'for', 'a', 'restaurant', 'inside', 'the', 'arden', 'fair', 'mall', 'in', 'san', 'francisco', ',', 'california', '.']
2020-08-10 04:31:55,727 	Raw hypothesis: ['hallo', ',', 'ich', 'bin', 'in', 'san', 'francisco', ',', 'kalifornien', '.']
2020-08-10 04:31:55,727 	Source:     hi , i &apos;m looking for a restaurant inside the arden fair mall in san francisco , california .
2020-08-10 04:31:55,727 	Reference:  hallo , ich bin auf der suche nach einem restaurant im arden fair einkaufszentrum in san francisco , kalifornien .
2020-08-10 04:31:55,727 	Hypothesis: hallo , ich bin in san francisco , kalifornien .
2020-08-10 04:31:55,727 Example #3
2020-08-10 04:31:55,727 	Raw source:     ['ok', ',', 'what', 'type', 'of', 'restaurant', 'are', 'you', 'looking', 'for', '?']
2020-08-10 04:31:55,727 	Raw hypothesis: ['ok', ',', 'welche', 'art', 'von', 'restaurant', 'für', 'welche', 'art', 'von', 'von', 'von', 'restaurant', '?']
2020-08-10 04:31:55,727 	Source:     ok , what type of restaurant are you looking for ?
2020-08-10 04:31:55,727 	Reference:  ok . welche art von restaurant suchen sie denn genau ?
2020-08-10 04:31:55,727 	Hypothesis: ok , welche art von restaurant für welche art von von von restaurant ?
2020-08-10 04:31:55,727 Validation result (greedy) at epoch   7, step      600: bleu:  12.27, loss: 19017.0645, ppl:  19.5195, duration: 20.0875s
2020-08-10 04:32:02,447 Epoch   7: total training loss 226.85
2020-08-10 04:32:02,447 EPOCH 8
2020-08-10 04:32:03,127 Epoch   8 Step:      700 Batch Loss:     2.485894 Tokens per Sec:     8695, Lr: 0.000200
2020-08-10 04:32:09,733 Epoch   8: total training loss 207.84
2020-08-10 04:32:09,733 EPOCH 9
2020-08-10 04:32:10,468 Epoch   9 Step:      800 Batch Loss:     0.353676 Tokens per Sec:     8156, Lr: 0.000200
2020-08-10 04:32:25,611 Hooray! New best validation result [ppl]!
2020-08-10 04:32:25,611 Saving new checkpoint.
2020-08-10 04:32:26,900 Example #0
2020-08-10 04:32:26,900 	Raw source:     ['hello', '.']
2020-08-10 04:32:26,900 	Raw hypothesis: ['hallo', '.']
2020-08-10 04:32:26,900 	Source:     hello .
2020-08-10 04:32:26,900 	Reference:  hallo ,
2020-08-10 04:32:26,900 	Hypothesis: hallo .
2020-08-10 04:32:26,901 Example #1
2020-08-10 04:32:26,901 	Raw source:     ['hi', ',', 'how', 'can', 'i', 'help', 'you', '?']
2020-08-10 04:32:26,901 	Raw hypothesis: ['hallo', ',', 'wie', 'kann', 'ich', 'ihnen', 'helfen', '?']
2020-08-10 04:32:26,901 	Source:     hi , how can i help you ?
2020-08-10 04:32:26,901 	Reference:  hallo , wie kann ich ihnen helfen ?
2020-08-10 04:32:26,901 	Hypothesis: hallo , wie kann ich ihnen helfen ?
2020-08-10 04:32:26,901 Example #2
2020-08-10 04:32:26,901 	Raw source:     ['hi', ',', 'i', '&apos;m', 'looking', 'for', 'a', 'restaurant', 'inside', 'the', 'arden', 'fair', 'mall', 'in', 'san', 'francisco', ',', 'california', '.']
2020-08-10 04:32:26,901 	Raw hypothesis: ['hallo', ',', 'ich', 'suche', 'ein', 'restaurant', 'in', 'san', 'francisco', ',', 'kalifornien', '.']
2020-08-10 04:32:26,901 	Source:     hi , i &apos;m looking for a restaurant inside the arden fair mall in san francisco , california .
2020-08-10 04:32:26,901 	Reference:  hallo , ich bin auf der suche nach einem restaurant im arden fair einkaufszentrum in san francisco , kalifornien .
2020-08-10 04:32:26,901 	Hypothesis: hallo , ich suche ein restaurant in san francisco , kalifornien .
2020-08-10 04:32:26,901 Example #3
2020-08-10 04:32:26,901 	Raw source:     ['ok', ',', 'what', 'type', 'of', 'restaurant', 'are', 'you', 'looking', 'for', '?']
2020-08-10 04:32:26,901 	Raw hypothesis: ['ok', ',', 'welche', 'art', 'von', 'restaurant', 'sie', '?']
2020-08-10 04:32:26,901 	Source:     ok , what type of restaurant are you looking for ?
2020-08-10 04:32:26,901 	Reference:  ok . welche art von restaurant suchen sie denn genau ?
2020-08-10 04:32:26,901 	Hypothesis: ok , welche art von restaurant sie ?
2020-08-10 04:32:26,902 Validation result (greedy) at epoch   9, step      800: bleu:  17.54, loss: 17796.9375, ppl:  16.1315, duration: 16.4332s
2020-08-10 04:32:33,523 Epoch   9: total training loss 189.76
2020-08-10 04:32:33,524 EPOCH 10
2020-08-10 04:32:34,381 Epoch  10 Step:      900 Batch Loss:     2.085384 Tokens per Sec:     9094, Lr: 0.000200
2020-08-10 04:32:40,909 Epoch  10: total training loss 174.30
2020-08-10 04:32:40,910 EPOCH 11
2020-08-10 04:32:41,833 Epoch  11 Step:     1000 Batch Loss:     1.563811 Tokens per Sec:     8400, Lr: 0.000200
2020-08-10 04:32:59,923 Hooray! New best validation result [ppl]!
2020-08-10 04:32:59,924 Saving new checkpoint.
2020-08-10 04:33:01,207 Example #0
2020-08-10 04:33:01,207 	Raw source:     ['hello', '.']
2020-08-10 04:33:01,207 	Raw hypothesis: ['hallo', '.']
2020-08-10 04:33:01,207 	Source:     hello .
2020-08-10 04:33:01,207 	Reference:  hallo ,
2020-08-10 04:33:01,207 	Hypothesis: hallo .
2020-08-10 04:33:01,207 Example #1
2020-08-10 04:33:01,207 	Raw source:     ['hi', ',', 'how', 'can', 'i', 'help', 'you', '?']
2020-08-10 04:33:01,207 	Raw hypothesis: ['hallo', ',', 'wie', 'kann', 'ich', 'ihnen', 'helfen', '?']
2020-08-10 04:33:01,207 	Source:     hi , how can i help you ?
2020-08-10 04:33:01,207 	Reference:  hallo , wie kann ich ihnen helfen ?
2020-08-10 04:33:01,207 	Hypothesis: hallo , wie kann ich ihnen helfen ?
2020-08-10 04:33:01,207 Example #2
2020-08-10 04:33:01,208 	Raw source:     ['hi', ',', 'i', '&apos;m', 'looking', 'for', 'a', 'restaurant', 'inside', 'the', 'arden', 'fair', 'mall', 'in', 'san', 'francisco', ',', 'california', '.']
2020-08-10 04:33:01,208 	Raw hypothesis: ['hallo', ',', 'ich', 'suche', 'ein', 'restaurant', 'in', 'san', 'francisco', ',', 'kalifornien', ',', 'in', 'san', 'francisco', ',', 'kalifornien', ',', 'kalifornien', '.']
2020-08-10 04:33:01,208 	Source:     hi , i &apos;m looking for a restaurant inside the arden fair mall in san francisco , california .
2020-08-10 04:33:01,208 	Reference:  hallo , ich bin auf der suche nach einem restaurant im arden fair einkaufszentrum in san francisco , kalifornien .
2020-08-10 04:33:01,208 	Hypothesis: hallo , ich suche ein restaurant in san francisco , kalifornien , in san francisco , kalifornien , kalifornien .
2020-08-10 04:33:01,208 Example #3
2020-08-10 04:33:01,208 	Raw source:     ['ok', ',', 'what', 'type', 'of', 'restaurant', 'are', 'you', 'looking', 'for', '?']
2020-08-10 04:33:01,208 	Raw hypothesis: ['ok', ',', 'welche', 'art', 'von', 'restaurant', 'für', 'sie', '?']
2020-08-10 04:33:01,208 	Source:     ok , what type of restaurant are you looking for ?
2020-08-10 04:33:01,208 	Reference:  ok . welche art von restaurant suchen sie denn genau ?
2020-08-10 04:33:01,208 	Hypothesis: ok , welche art von restaurant für sie ?
2020-08-10 04:33:01,208 Validation result (greedy) at epoch  11, step     1000: bleu:  20.40, loss: 16474.4219, ppl:  13.1199, duration: 19.3745s
2020-08-10 04:33:07,564 Epoch  11: total training loss 153.33
2020-08-10 04:33:07,564 EPOCH 12
2020-08-10 04:33:08,602 Epoch  12 Step:     1100 Batch Loss:     1.293589 Tokens per Sec:     8729, Lr: 0.000200
2020-08-10 04:33:14,857 Epoch  12: total training loss 144.65
2020-08-10 04:33:14,857 EPOCH 13
2020-08-10 04:33:15,898 Epoch  13 Step:     1200 Batch Loss:     1.312995 Tokens per Sec:     9374, Lr: 0.000200
2020-08-10 04:33:30,103 Hooray! New best validation result [ppl]!
2020-08-10 04:33:30,103 Saving new checkpoint.
2020-08-10 04:33:31,452 Example #0
2020-08-10 04:33:31,452 	Raw source:     ['hello', '.']
2020-08-10 04:33:31,452 	Raw hypothesis: ['hallo', '.']
2020-08-10 04:33:31,452 	Source:     hello .
2020-08-10 04:33:31,452 	Reference:  hallo ,
2020-08-10 04:33:31,452 	Hypothesis: hallo .
2020-08-10 04:33:31,452 Example #1
2020-08-10 04:33:31,452 	Raw source:     ['hi', ',', 'how', 'can', 'i', 'help', 'you', '?']
2020-08-10 04:33:31,452 	Raw hypothesis: ['hallo', ',', 'wie', 'kann', 'ich', 'ihnen', 'helfen', '?']
2020-08-10 04:33:31,452 	Source:     hi , how can i help you ?
2020-08-10 04:33:31,452 	Reference:  hallo , wie kann ich ihnen helfen ?
2020-08-10 04:33:31,452 	Hypothesis: hallo , wie kann ich ihnen helfen ?
2020-08-10 04:33:31,452 Example #2
2020-08-10 04:33:31,452 	Raw source:     ['hi', ',', 'i', '&apos;m', 'looking', 'for', 'a', 'restaurant', 'inside', 'the', 'arden', 'fair', 'mall', 'in', 'san', 'francisco', ',', 'california', '.']
2020-08-10 04:33:31,452 	Raw hypothesis: ['hallo', ',', 'ich', 'suche', 'ein', 'restaurant', 'in', 'san', 'francisco', ',', 'kalifornien', ',', 'kalifornien', ',', 'kalifornien', ',', 'kalifornien', ',', 'in', 'san', 'francisco', ',', 'kalifornien', '.']
2020-08-10 04:33:31,452 	Source:     hi , i &apos;m looking for a restaurant inside the arden fair mall in san francisco , california .
2020-08-10 04:33:31,453 	Reference:  hallo , ich bin auf der suche nach einem restaurant im arden fair einkaufszentrum in san francisco , kalifornien .
2020-08-10 04:33:31,453 	Hypothesis: hallo , ich suche ein restaurant in san francisco , kalifornien , kalifornien , kalifornien , kalifornien , in san francisco , kalifornien .
2020-08-10 04:33:31,453 Example #3
2020-08-10 04:33:31,453 	Raw source:     ['ok', ',', 'what', 'type', 'of', 'restaurant', 'are', 'you', 'looking', 'for', '?']
2020-08-10 04:33:31,453 	Raw hypothesis: ['ok', ',', 'nach', 'welcher', 'art', 'von', 'restaurant', 'suchen', 'sie', '?']
2020-08-10 04:33:31,453 	Source:     ok , what type of restaurant are you looking for ?
2020-08-10 04:33:31,453 	Reference:  ok . welche art von restaurant suchen sie denn genau ?
2020-08-10 04:33:31,453 	Hypothesis: ok , nach welcher art von restaurant suchen sie ?
2020-08-10 04:33:31,453 Validation result (greedy) at epoch  13, step     1200: bleu:  24.84, loss: 16138.7080, ppl:  12.4494, duration: 15.5544s
2020-08-10 04:33:37,870 Epoch  13: total training loss 131.92
2020-08-10 04:33:37,870 EPOCH 14
2020-08-10 04:33:38,915 Epoch  14 Step:     1300 Batch Loss:     0.296644 Tokens per Sec:     8422, Lr: 0.000200
2020-08-10 04:33:45,160 Epoch  14: total training loss 118.14
2020-08-10 04:33:45,160 EPOCH 15
2020-08-10 04:33:46,248 Epoch  15 Step:     1400 Batch Loss:     0.737855 Tokens per Sec:     8911, Lr: 0.000200
2020-08-10 04:33:58,040 Hooray! New best validation result [ppl]!
2020-08-10 04:33:58,040 Saving new checkpoint.
2020-08-10 04:33:59,347 Example #0
2020-08-10 04:33:59,347 	Raw source:     ['hello', '.']
2020-08-10 04:33:59,347 	Raw hypothesis: ['hallo', '.']
2020-08-10 04:33:59,347 	Source:     hello .
2020-08-10 04:33:59,347 	Reference:  hallo ,
2020-08-10 04:33:59,347 	Hypothesis: hallo .
2020-08-10 04:33:59,348 Example #1
2020-08-10 04:33:59,348 	Raw source:     ['hi', ',', 'how', 'can', 'i', 'help', 'you', '?']
2020-08-10 04:33:59,348 	Raw hypothesis: ['hallo', ',', 'wie', 'kann', 'ich', 'ihnen', 'helfen', '?']
2020-08-10 04:33:59,348 	Source:     hi , how can i help you ?
2020-08-10 04:33:59,348 	Reference:  hallo , wie kann ich ihnen helfen ?
2020-08-10 04:33:59,348 	Hypothesis: hallo , wie kann ich ihnen helfen ?
2020-08-10 04:33:59,348 Example #2
2020-08-10 04:33:59,348 	Raw source:     ['hi', ',', 'i', '&apos;m', 'looking', 'for', 'a', 'restaurant', 'inside', 'the', 'arden', 'fair', 'mall', 'in', 'san', 'francisco', ',', 'california', '.']
2020-08-10 04:33:59,348 	Raw hypothesis: ['hallo', ',', 'ich', 'suche', 'ein', 'restaurant', 'in', 'san', 'francisco', ',', 'kalifornien', ',', 'finden', '.']
2020-08-10 04:33:59,348 	Source:     hi , i &apos;m looking for a restaurant inside the arden fair mall in san francisco , california .
2020-08-10 04:33:59,348 	Reference:  hallo , ich bin auf der suche nach einem restaurant im arden fair einkaufszentrum in san francisco , kalifornien .
2020-08-10 04:33:59,348 	Hypothesis: hallo , ich suche ein restaurant in san francisco , kalifornien , finden .
2020-08-10 04:33:59,348 Example #3
2020-08-10 04:33:59,348 	Raw source:     ['ok', ',', 'what', 'type', 'of', 'restaurant', 'are', 'you', 'looking', 'for', '?']
2020-08-10 04:33:59,348 	Raw hypothesis: ['ok', ',', 'nach', 'welcher', 'art', 'von', 'restaurant', 'suchen', 'sie', '?']
2020-08-10 04:33:59,348 	Source:     ok , what type of restaurant are you looking for ?
2020-08-10 04:33:59,348 	Reference:  ok . welche art von restaurant suchen sie denn genau ?
2020-08-10 04:33:59,348 	Hypothesis: ok , nach welcher art von restaurant suchen sie ?
2020-08-10 04:33:59,349 Validation result (greedy) at epoch  15, step     1400: bleu:  26.14, loss: 15894.1914, ppl:  11.9827, duration: 13.1003s
2020-08-10 04:34:05,578 Epoch  15: total training loss 100.67
2020-08-10 04:34:05,578 EPOCH 16
2020-08-10 04:34:06,820 Epoch  16 Step:     1500 Batch Loss:     1.592944 Tokens per Sec:     8723, Lr: 0.000200
2020-08-10 04:34:12,814 Epoch  16: total training loss 92.36
2020-08-10 04:34:12,814 EPOCH 17
2020-08-10 04:34:14,133 Epoch  17 Step:     1600 Batch Loss:     0.552615 Tokens per Sec:     8669, Lr: 0.000200
2020-08-10 04:34:24,437 Example #0
2020-08-10 04:34:24,437 	Raw source:     ['hello', '.']
2020-08-10 04:34:24,437 	Raw hypothesis: ['hallo', '.']
2020-08-10 04:34:24,437 	Source:     hello .
2020-08-10 04:34:24,437 	Reference:  hallo ,
2020-08-10 04:34:24,437 	Hypothesis: hallo .
2020-08-10 04:34:24,437 Example #1
2020-08-10 04:34:24,437 	Raw source:     ['hi', ',', 'how', 'can', 'i', 'help', 'you', '?']
2020-08-10 04:34:24,437 	Raw hypothesis: ['hallo', ',', 'wie', 'kann', 'ich', 'ihnen', 'helfen', '?']
2020-08-10 04:34:24,437 	Source:     hi , how can i help you ?
2020-08-10 04:34:24,437 	Reference:  hallo , wie kann ich ihnen helfen ?
2020-08-10 04:34:24,437 	Hypothesis: hallo , wie kann ich ihnen helfen ?
2020-08-10 04:34:24,437 Example #2
2020-08-10 04:34:24,437 	Raw source:     ['hi', ',', 'i', '&apos;m', 'looking', 'for', 'a', 'restaurant', 'inside', 'the', 'arden', 'fair', 'mall', 'in', 'san', 'francisco', ',', 'california', '.']
2020-08-10 04:34:24,437 	Raw hypothesis: ['hallo', ',', 'ich', 'suche', 'ein', 'restaurant', 'in', 'san', 'francisco', ',', 'kalifornien', ',', 'finden', '.']
2020-08-10 04:34:24,437 	Source:     hi , i &apos;m looking for a restaurant inside the arden fair mall in san francisco , california .
2020-08-10 04:34:24,437 	Reference:  hallo , ich bin auf der suche nach einem restaurant im arden fair einkaufszentrum in san francisco , kalifornien .
2020-08-10 04:34:24,437 	Hypothesis: hallo , ich suche ein restaurant in san francisco , kalifornien , finden .
2020-08-10 04:34:24,437 Example #3
2020-08-10 04:34:24,437 	Raw source:     ['ok', ',', 'what', 'type', 'of', 'restaurant', 'are', 'you', 'looking', 'for', '?']
2020-08-10 04:34:24,437 	Raw hypothesis: ['ok', ',', 'welche', 'art', 'von', 'restaurant', 'suchen', 'sie', '?']
2020-08-10 04:34:24,437 	Source:     ok , what type of restaurant are you looking for ?
2020-08-10 04:34:24,438 	Reference:  ok . welche art von restaurant suchen sie denn genau ?
2020-08-10 04:34:24,438 	Hypothesis: ok , welche art von restaurant suchen sie ?
2020-08-10 04:34:24,438 Validation result (greedy) at epoch  17, step     1600: bleu:  28.47, loss: 16168.5664, ppl:  12.5076, duration: 10.3045s
2020-08-10 04:34:30,346 Epoch  17: total training loss 82.55
2020-08-10 04:34:30,346 EPOCH 18
2020-08-10 04:34:31,749 Epoch  18 Step:     1700 Batch Loss:     0.562421 Tokens per Sec:     9042, Lr: 0.000200
2020-08-10 04:34:37,621 Epoch  18: total training loss 73.49
2020-08-10 04:34:37,621 EPOCH 19
2020-08-10 04:34:39,109 Epoch  19 Step:     1800 Batch Loss:     1.084994 Tokens per Sec:     8891, Lr: 0.000200
2020-08-10 04:34:52,261 Example #0
2020-08-10 04:34:52,261 	Raw source:     ['hello', '.']
2020-08-10 04:34:52,261 	Raw hypothesis: ['hallo', '.']
2020-08-10 04:34:52,261 	Source:     hello .
2020-08-10 04:34:52,261 	Reference:  hallo ,
2020-08-10 04:34:52,261 	Hypothesis: hallo .
2020-08-10 04:34:52,261 Example #1
2020-08-10 04:34:52,262 	Raw source:     ['hi', ',', 'how', 'can', 'i', 'help', 'you', '?']
2020-08-10 04:34:52,262 	Raw hypothesis: ['hallo', ',', 'wie', 'kann', 'ich', 'ihnen', 'helfen', '?']
2020-08-10 04:34:52,262 	Source:     hi , how can i help you ?
2020-08-10 04:34:52,262 	Reference:  hallo , wie kann ich ihnen helfen ?
2020-08-10 04:34:52,262 	Hypothesis: hallo , wie kann ich ihnen helfen ?
2020-08-10 04:34:52,262 Example #2
2020-08-10 04:34:52,262 	Raw source:     ['hi', ',', 'i', '&apos;m', 'looking', 'for', 'a', 'restaurant', 'inside', 'the', 'arden', 'fair', 'mall', 'in', 'san', 'francisco', ',', 'california', '.']
2020-08-10 04:34:52,262 	Raw hypothesis: ['hallo', ',', 'ich', 'suche', 'ein', 'restaurant', 'in', 'san', 'francisco', ',', 'kalifornien', ',', 'finden', '.', 'in', 'san', 'francisco', ',', 'kalifornien', ',', 'finden', '.']
2020-08-10 04:34:52,262 	Source:     hi , i &apos;m looking for a restaurant inside the arden fair mall in san francisco , california .
2020-08-10 04:34:52,262 	Reference:  hallo , ich bin auf der suche nach einem restaurant im arden fair einkaufszentrum in san francisco , kalifornien .
2020-08-10 04:34:52,262 	Hypothesis: hallo , ich suche ein restaurant in san francisco , kalifornien , finden . in san francisco , kalifornien , finden .
2020-08-10 04:34:52,262 Example #3
2020-08-10 04:34:52,262 	Raw source:     ['ok', ',', 'what', 'type', 'of', 'restaurant', 'are', 'you', 'looking', 'for', '?']
2020-08-10 04:34:52,262 	Raw hypothesis: ['ok', ',', 'nach', 'welcher', 'art', 'von', 'restaurant', 'suchen', 'sie', '?']
2020-08-10 04:34:52,262 	Source:     ok , what type of restaurant are you looking for ?
2020-08-10 04:34:52,262 	Reference:  ok . welche art von restaurant suchen sie denn genau ?
2020-08-10 04:34:52,262 	Hypothesis: ok , nach welcher art von restaurant suchen sie ?
2020-08-10 04:34:52,262 Validation result (greedy) at epoch  19, step     1800: bleu:  27.28, loss: 16070.7090, ppl:  12.3178, duration: 13.1526s
2020-08-10 04:34:57,997 Epoch  19: total training loss 65.47
2020-08-10 04:34:57,997 EPOCH 20
2020-08-10 04:34:59,630 Epoch  20 Step:     1900 Batch Loss:     0.731255 Tokens per Sec:     8784, Lr: 0.000200
2020-08-10 04:35:05,380 Epoch  20: total training loss 61.11
2020-08-10 04:35:05,380 Training ended after  20 epochs.
2020-08-10 04:35:05,380 Best validation result (greedy) at step     1400:  11.98 ppl.
