2020-08-09 21:57:04,297 Hello! This is Joey-NMT.
2020-08-09 21:57:05,797 Total params: 3795840
2020-08-09 21:57:05,798 Trainable parameters: ['decoder.layer_norm.bias', 'decoder.layer_norm.weight', 'decoder.layers.0.dec_layer_norm.bias', 'decoder.layers.0.dec_layer_norm.weight', 'decoder.layers.0.feed_forward.layer_norm.bias', 'decoder.layers.0.feed_forward.layer_norm.weight', 'decoder.layers.0.feed_forward.pwff_layer.0.bias', 'decoder.layers.0.feed_forward.pwff_layer.0.weight', 'decoder.layers.0.feed_forward.pwff_layer.3.bias', 'decoder.layers.0.feed_forward.pwff_layer.3.weight', 'decoder.layers.0.src_trg_att.k_layer.bias', 'decoder.layers.0.src_trg_att.k_layer.weight', 'decoder.layers.0.src_trg_att.output_layer.bias', 'decoder.layers.0.src_trg_att.output_layer.weight', 'decoder.layers.0.src_trg_att.q_layer.bias', 'decoder.layers.0.src_trg_att.q_layer.weight', 'decoder.layers.0.src_trg_att.v_layer.bias', 'decoder.layers.0.src_trg_att.v_layer.weight', 'decoder.layers.0.trg_trg_att.k_layer.bias', 'decoder.layers.0.trg_trg_att.k_layer.weight', 'decoder.layers.0.trg_trg_att.output_layer.bias', 'decoder.layers.0.trg_trg_att.output_layer.weight', 'decoder.layers.0.trg_trg_att.q_layer.bias', 'decoder.layers.0.trg_trg_att.q_layer.weight', 'decoder.layers.0.trg_trg_att.v_layer.bias', 'decoder.layers.0.trg_trg_att.v_layer.weight', 'decoder.layers.0.x_layer_norm.bias', 'decoder.layers.0.x_layer_norm.weight', 'decoder.layers.1.dec_layer_norm.bias', 'decoder.layers.1.dec_layer_norm.weight', 'decoder.layers.1.feed_forward.layer_norm.bias', 'decoder.layers.1.feed_forward.layer_norm.weight', 'decoder.layers.1.feed_forward.pwff_layer.0.bias', 'decoder.layers.1.feed_forward.pwff_layer.0.weight', 'decoder.layers.1.feed_forward.pwff_layer.3.bias', 'decoder.layers.1.feed_forward.pwff_layer.3.weight', 'decoder.layers.1.src_trg_att.k_layer.bias', 'decoder.layers.1.src_trg_att.k_layer.weight', 'decoder.layers.1.src_trg_att.output_layer.bias', 'decoder.layers.1.src_trg_att.output_layer.weight', 'decoder.layers.1.src_trg_att.q_layer.bias', 'decoder.layers.1.src_trg_att.q_layer.weight', 'decoder.layers.1.src_trg_att.v_layer.bias', 'decoder.layers.1.src_trg_att.v_layer.weight', 'decoder.layers.1.trg_trg_att.k_layer.bias', 'decoder.layers.1.trg_trg_att.k_layer.weight', 'decoder.layers.1.trg_trg_att.output_layer.bias', 'decoder.layers.1.trg_trg_att.output_layer.weight', 'decoder.layers.1.trg_trg_att.q_layer.bias', 'decoder.layers.1.trg_trg_att.q_layer.weight', 'decoder.layers.1.trg_trg_att.v_layer.bias', 'decoder.layers.1.trg_trg_att.v_layer.weight', 'decoder.layers.1.x_layer_norm.bias', 'decoder.layers.1.x_layer_norm.weight', 'decoder.layers.2.dec_layer_norm.bias', 'decoder.layers.2.dec_layer_norm.weight', 'decoder.layers.2.feed_forward.layer_norm.bias', 'decoder.layers.2.feed_forward.layer_norm.weight', 'decoder.layers.2.feed_forward.pwff_layer.0.bias', 'decoder.layers.2.feed_forward.pwff_layer.0.weight', 'decoder.layers.2.feed_forward.pwff_layer.3.bias', 'decoder.layers.2.feed_forward.pwff_layer.3.weight', 'decoder.layers.2.src_trg_att.k_layer.bias', 'decoder.layers.2.src_trg_att.k_layer.weight', 'decoder.layers.2.src_trg_att.output_layer.bias', 'decoder.layers.2.src_trg_att.output_layer.weight', 'decoder.layers.2.src_trg_att.q_layer.bias', 'decoder.layers.2.src_trg_att.q_layer.weight', 'decoder.layers.2.src_trg_att.v_layer.bias', 'decoder.layers.2.src_trg_att.v_layer.weight', 'decoder.layers.2.trg_trg_att.k_layer.bias', 'decoder.layers.2.trg_trg_att.k_layer.weight', 'decoder.layers.2.trg_trg_att.output_layer.bias', 'decoder.layers.2.trg_trg_att.output_layer.weight', 'decoder.layers.2.trg_trg_att.q_layer.bias', 'decoder.layers.2.trg_trg_att.q_layer.weight', 'decoder.layers.2.trg_trg_att.v_layer.bias', 'decoder.layers.2.trg_trg_att.v_layer.weight', 'decoder.layers.2.x_layer_norm.bias', 'decoder.layers.2.x_layer_norm.weight', 'decoder.layers.3.dec_layer_norm.bias', 'decoder.layers.3.dec_layer_norm.weight', 'decoder.layers.3.feed_forward.layer_norm.bias', 'decoder.layers.3.feed_forward.layer_norm.weight', 'decoder.layers.3.feed_forward.pwff_layer.0.bias', 'decoder.layers.3.feed_forward.pwff_layer.0.weight', 'decoder.layers.3.feed_forward.pwff_layer.3.bias', 'decoder.layers.3.feed_forward.pwff_layer.3.weight', 'decoder.layers.3.src_trg_att.k_layer.bias', 'decoder.layers.3.src_trg_att.k_layer.weight', 'decoder.layers.3.src_trg_att.output_layer.bias', 'decoder.layers.3.src_trg_att.output_layer.weight', 'decoder.layers.3.src_trg_att.q_layer.bias', 'decoder.layers.3.src_trg_att.q_layer.weight', 'decoder.layers.3.src_trg_att.v_layer.bias', 'decoder.layers.3.src_trg_att.v_layer.weight', 'decoder.layers.3.trg_trg_att.k_layer.bias', 'decoder.layers.3.trg_trg_att.k_layer.weight', 'decoder.layers.3.trg_trg_att.output_layer.bias', 'decoder.layers.3.trg_trg_att.output_layer.weight', 'decoder.layers.3.trg_trg_att.q_layer.bias', 'decoder.layers.3.trg_trg_att.q_layer.weight', 'decoder.layers.3.trg_trg_att.v_layer.bias', 'decoder.layers.3.trg_trg_att.v_layer.weight', 'decoder.layers.3.x_layer_norm.bias', 'decoder.layers.3.x_layer_norm.weight', 'decoder.layers.4.dec_layer_norm.bias', 'decoder.layers.4.dec_layer_norm.weight', 'decoder.layers.4.feed_forward.layer_norm.bias', 'decoder.layers.4.feed_forward.layer_norm.weight', 'decoder.layers.4.feed_forward.pwff_layer.0.bias', 'decoder.layers.4.feed_forward.pwff_layer.0.weight', 'decoder.layers.4.feed_forward.pwff_layer.3.bias', 'decoder.layers.4.feed_forward.pwff_layer.3.weight', 'decoder.layers.4.src_trg_att.k_layer.bias', 'decoder.layers.4.src_trg_att.k_layer.weight', 'decoder.layers.4.src_trg_att.output_layer.bias', 'decoder.layers.4.src_trg_att.output_layer.weight', 'decoder.layers.4.src_trg_att.q_layer.bias', 'decoder.layers.4.src_trg_att.q_layer.weight', 'decoder.layers.4.src_trg_att.v_layer.bias', 'decoder.layers.4.src_trg_att.v_layer.weight', 'decoder.layers.4.trg_trg_att.k_layer.bias', 'decoder.layers.4.trg_trg_att.k_layer.weight', 'decoder.layers.4.trg_trg_att.output_layer.bias', 'decoder.layers.4.trg_trg_att.output_layer.weight', 'decoder.layers.4.trg_trg_att.q_layer.bias', 'decoder.layers.4.trg_trg_att.q_layer.weight', 'decoder.layers.4.trg_trg_att.v_layer.bias', 'decoder.layers.4.trg_trg_att.v_layer.weight', 'decoder.layers.4.x_layer_norm.bias', 'decoder.layers.4.x_layer_norm.weight', 'decoder.layers.5.dec_layer_norm.bias', 'decoder.layers.5.dec_layer_norm.weight', 'decoder.layers.5.feed_forward.layer_norm.bias', 'decoder.layers.5.feed_forward.layer_norm.weight', 'decoder.layers.5.feed_forward.pwff_layer.0.bias', 'decoder.layers.5.feed_forward.pwff_layer.0.weight', 'decoder.layers.5.feed_forward.pwff_layer.3.bias', 'decoder.layers.5.feed_forward.pwff_layer.3.weight', 'decoder.layers.5.src_trg_att.k_layer.bias', 'decoder.layers.5.src_trg_att.k_layer.weight', 'decoder.layers.5.src_trg_att.output_layer.bias', 'decoder.layers.5.src_trg_att.output_layer.weight', 'decoder.layers.5.src_trg_att.q_layer.bias', 'decoder.layers.5.src_trg_att.q_layer.weight', 'decoder.layers.5.src_trg_att.v_layer.bias', 'decoder.layers.5.src_trg_att.v_layer.weight', 'decoder.layers.5.trg_trg_att.k_layer.bias', 'decoder.layers.5.trg_trg_att.k_layer.weight', 'decoder.layers.5.trg_trg_att.output_layer.bias', 'decoder.layers.5.trg_trg_att.output_layer.weight', 'decoder.layers.5.trg_trg_att.q_layer.bias', 'decoder.layers.5.trg_trg_att.q_layer.weight', 'decoder.layers.5.trg_trg_att.v_layer.bias', 'decoder.layers.5.trg_trg_att.v_layer.weight', 'decoder.layers.5.x_layer_norm.bias', 'decoder.layers.5.x_layer_norm.weight', 'encoder.layer_norm.bias', 'encoder.layer_norm.weight', 'encoder.layers.0.feed_forward.layer_norm.bias', 'encoder.layers.0.feed_forward.layer_norm.weight', 'encoder.layers.0.feed_forward.pwff_layer.0.bias', 'encoder.layers.0.feed_forward.pwff_layer.0.weight', 'encoder.layers.0.feed_forward.pwff_layer.3.bias', 'encoder.layers.0.feed_forward.pwff_layer.3.weight', 'encoder.layers.0.layer_norm.bias', 'encoder.layers.0.layer_norm.weight', 'encoder.layers.0.src_src_att.k_layer.bias', 'encoder.layers.0.src_src_att.k_layer.weight', 'encoder.layers.0.src_src_att.output_layer.bias', 'encoder.layers.0.src_src_att.output_layer.weight', 'encoder.layers.0.src_src_att.q_layer.bias', 'encoder.layers.0.src_src_att.q_layer.weight', 'encoder.layers.0.src_src_att.v_layer.bias', 'encoder.layers.0.src_src_att.v_layer.weight', 'encoder.layers.1.feed_forward.layer_norm.bias', 'encoder.layers.1.feed_forward.layer_norm.weight', 'encoder.layers.1.feed_forward.pwff_layer.0.bias', 'encoder.layers.1.feed_forward.pwff_layer.0.weight', 'encoder.layers.1.feed_forward.pwff_layer.3.bias', 'encoder.layers.1.feed_forward.pwff_layer.3.weight', 'encoder.layers.1.layer_norm.bias', 'encoder.layers.1.layer_norm.weight', 'encoder.layers.1.src_src_att.k_layer.bias', 'encoder.layers.1.src_src_att.k_layer.weight', 'encoder.layers.1.src_src_att.output_layer.bias', 'encoder.layers.1.src_src_att.output_layer.weight', 'encoder.layers.1.src_src_att.q_layer.bias', 'encoder.layers.1.src_src_att.q_layer.weight', 'encoder.layers.1.src_src_att.v_layer.bias', 'encoder.layers.1.src_src_att.v_layer.weight', 'encoder.layers.2.feed_forward.layer_norm.bias', 'encoder.layers.2.feed_forward.layer_norm.weight', 'encoder.layers.2.feed_forward.pwff_layer.0.bias', 'encoder.layers.2.feed_forward.pwff_layer.0.weight', 'encoder.layers.2.feed_forward.pwff_layer.3.bias', 'encoder.layers.2.feed_forward.pwff_layer.3.weight', 'encoder.layers.2.layer_norm.bias', 'encoder.layers.2.layer_norm.weight', 'encoder.layers.2.src_src_att.k_layer.bias', 'encoder.layers.2.src_src_att.k_layer.weight', 'encoder.layers.2.src_src_att.output_layer.bias', 'encoder.layers.2.src_src_att.output_layer.weight', 'encoder.layers.2.src_src_att.q_layer.bias', 'encoder.layers.2.src_src_att.q_layer.weight', 'encoder.layers.2.src_src_att.v_layer.bias', 'encoder.layers.2.src_src_att.v_layer.weight', 'encoder.layers.3.feed_forward.layer_norm.bias', 'encoder.layers.3.feed_forward.layer_norm.weight', 'encoder.layers.3.feed_forward.pwff_layer.0.bias', 'encoder.layers.3.feed_forward.pwff_layer.0.weight', 'encoder.layers.3.feed_forward.pwff_layer.3.bias', 'encoder.layers.3.feed_forward.pwff_layer.3.weight', 'encoder.layers.3.layer_norm.bias', 'encoder.layers.3.layer_norm.weight', 'encoder.layers.3.src_src_att.k_layer.bias', 'encoder.layers.3.src_src_att.k_layer.weight', 'encoder.layers.3.src_src_att.output_layer.bias', 'encoder.layers.3.src_src_att.output_layer.weight', 'encoder.layers.3.src_src_att.q_layer.bias', 'encoder.layers.3.src_src_att.q_layer.weight', 'encoder.layers.3.src_src_att.v_layer.bias', 'encoder.layers.3.src_src_att.v_layer.weight', 'encoder.layers.4.feed_forward.layer_norm.bias', 'encoder.layers.4.feed_forward.layer_norm.weight', 'encoder.layers.4.feed_forward.pwff_layer.0.bias', 'encoder.layers.4.feed_forward.pwff_layer.0.weight', 'encoder.layers.4.feed_forward.pwff_layer.3.bias', 'encoder.layers.4.feed_forward.pwff_layer.3.weight', 'encoder.layers.4.layer_norm.bias', 'encoder.layers.4.layer_norm.weight', 'encoder.layers.4.src_src_att.k_layer.bias', 'encoder.layers.4.src_src_att.k_layer.weight', 'encoder.layers.4.src_src_att.output_layer.bias', 'encoder.layers.4.src_src_att.output_layer.weight', 'encoder.layers.4.src_src_att.q_layer.bias', 'encoder.layers.4.src_src_att.q_layer.weight', 'encoder.layers.4.src_src_att.v_layer.bias', 'encoder.layers.4.src_src_att.v_layer.weight', 'encoder.layers.5.feed_forward.layer_norm.bias', 'encoder.layers.5.feed_forward.layer_norm.weight', 'encoder.layers.5.feed_forward.pwff_layer.0.bias', 'encoder.layers.5.feed_forward.pwff_layer.0.weight', 'encoder.layers.5.feed_forward.pwff_layer.3.bias', 'encoder.layers.5.feed_forward.pwff_layer.3.weight', 'encoder.layers.5.layer_norm.bias', 'encoder.layers.5.layer_norm.weight', 'encoder.layers.5.src_src_att.k_layer.bias', 'encoder.layers.5.src_src_att.k_layer.weight', 'encoder.layers.5.src_src_att.output_layer.bias', 'encoder.layers.5.src_src_att.output_layer.weight', 'encoder.layers.5.src_src_att.q_layer.bias', 'encoder.layers.5.src_src_att.q_layer.weight', 'encoder.layers.5.src_src_att.v_layer.bias', 'encoder.layers.5.src_src_att.v_layer.weight', 'src_embed.lut.weight', 'trg_embed.lut.weight']
2020-08-09 21:57:09,744 cfg.data.dev                       : chatnmt/multi_encoder/dev_subset.tags.bpe.10000
2020-08-09 21:57:09,744 cfg.data.level                     : bpe
2020-08-09 21:57:09,745 cfg.data.lowercase                 : False
2020-08-09 21:57:09,745 cfg.data.max_sent_length           : 100
2020-08-09 21:57:09,745 cfg.data.src                       : en
2020-08-09 21:57:09,745 cfg.data.test                      : chatnmt/multi_encoder/test.tags.bpe.10000
2020-08-09 21:57:09,745 cfg.data.train                     : chatnmt/multi_encoder/train_subset.tags.bpe.10000
2020-08-09 21:57:09,745 cfg.data.trg                       : de
2020-08-09 21:57:09,745 cfg.model.bias_initializer         : zeros
2020-08-09 21:57:09,745 cfg.model.decoder.dropout          : 0.1
2020-08-09 21:57:09,745 cfg.model.decoder.embeddings.dropout : 0.0
2020-08-09 21:57:09,745 cfg.model.decoder.embeddings.embedding_dim : 128
2020-08-09 21:57:09,745 cfg.model.decoder.embeddings.scale : True
2020-08-09 21:57:09,745 cfg.model.decoder.ff_size          : 512
2020-08-09 21:57:09,745 cfg.model.decoder.freeze           : False
2020-08-09 21:57:09,745 cfg.model.decoder.hidden_size      : 128
2020-08-09 21:57:09,745 cfg.model.decoder.num_heads        : 8
2020-08-09 21:57:09,745 cfg.model.decoder.num_layers       : 6
2020-08-09 21:57:09,745 cfg.model.decoder.type             : transformer
2020-08-09 21:57:09,745 cfg.model.embed_init_gain          : 1.0
2020-08-09 21:57:09,745 cfg.model.embed_initializer        : xavier
2020-08-09 21:57:09,745 cfg.model.encoder.dropout          : 0.2
2020-08-09 21:57:09,745 cfg.model.encoder.embeddings.dropout : 0.0
2020-08-09 21:57:09,745 cfg.model.encoder.embeddings.embedding_dim : 128
2020-08-09 21:57:09,745 cfg.model.encoder.embeddings.scale : True
2020-08-09 21:57:09,745 cfg.model.encoder.ff_size          : 512
2020-08-09 21:57:09,745 cfg.model.encoder.freeze           : False
2020-08-09 21:57:09,746 cfg.model.encoder.hidden_size      : 128
2020-08-09 21:57:09,746 cfg.model.encoder.multi_encoder    : False
2020-08-09 21:57:09,746 cfg.model.encoder.num_heads        : 8
2020-08-09 21:57:09,746 cfg.model.encoder.num_layers       : 6
2020-08-09 21:57:09,746 cfg.model.encoder.type             : transformer
2020-08-09 21:57:09,746 cfg.model.init_gain                : 1.0
2020-08-09 21:57:09,746 cfg.model.initializer              : xavier
2020-08-09 21:57:09,746 cfg.model.tied_embeddings          : False
2020-08-09 21:57:09,746 cfg.model.tied_softmax             : True
2020-08-09 21:57:09,746 cfg.name                           : transformer
2020-08-09 21:57:09,746 cfg.testing.alpha                  : 1.0
2020-08-09 21:57:09,746 cfg.testing.beam_size              : 5
2020-08-09 21:57:09,746 cfg.training.adam_betas            : [0.9, 0.999]
2020-08-09 21:57:09,746 cfg.training.batch_multiplier      : 1
2020-08-09 21:57:09,746 cfg.training.batch_size            : 1024
2020-08-09 21:57:09,746 cfg.training.batch_type            : token
2020-08-09 21:57:09,746 cfg.training.decrease_factor       : 0.7
2020-08-09 21:57:09,746 cfg.training.early_stopping_metric : ppl
2020-08-09 21:57:09,746 cfg.training.epochs                : 20
2020-08-09 21:57:09,746 cfg.training.eval_metric           : bleu
2020-08-09 21:57:09,746 cfg.training.keep_last_ckpts       : 3
2020-08-09 21:57:09,746 cfg.training.label_smoothing       : 0.1
2020-08-09 21:57:09,746 cfg.training.learning_rate         : 0.0002
2020-08-09 21:57:09,746 cfg.training.learning_rate_min     : 1e-08
2020-08-09 21:57:09,746 cfg.training.logging_freq          : 100
2020-08-09 21:57:09,746 cfg.training.loss                  : crossentropy
2020-08-09 21:57:09,746 cfg.training.max_output_length     : 100
2020-08-09 21:57:09,747 cfg.training.model_dir             : models/viznet/attempt2/8_8_0.2_128_128_1024_6_8
2020-08-09 21:57:09,747 cfg.training.normalization         : tokens
2020-08-09 21:57:09,747 cfg.training.optimizer             : adam
2020-08-09 21:57:09,747 cfg.training.overwrite             : True
2020-08-09 21:57:09,747 cfg.training.patience              : 8
2020-08-09 21:57:09,747 cfg.training.print_valid_sents     : [0, 1, 2, 3]
2020-08-09 21:57:09,747 cfg.training.random_seed           : 42
2020-08-09 21:57:09,747 cfg.training.scheduling            : plateau
2020-08-09 21:57:09,747 cfg.training.shuffle               : True
2020-08-09 21:57:09,747 cfg.training.use_cuda              : True
2020-08-09 21:57:09,747 cfg.training.validation_freq       : 200
2020-08-09 21:57:09,747 cfg.training.weight_decay          : 0.0
2020-08-09 21:57:09,747 Data set sizes: 
	train 5000,
	valid 500,
	test 1220
2020-08-09 21:57:09,747 First training example:
	[SRC] hi there ! how can i help ?
	[TRG] hallo ! wie kann ich helfen ?
2020-08-09 21:57:09,747 First 10 words (src): (0) <unk> (1) <pad> (2) <s> (3) </s> (4) . (5) , (6) ? (7) you (8) i (9) the
2020-08-09 21:57:09,748 First 10 words (trg): (0) <unk> (1) <pad> (2) <s> (3) </s> (4) . (5) , (6) ? (7) sie (8) ich (9) das
2020-08-09 21:57:09,748 Number of Src words (types): 3468
2020-08-09 21:57:09,748 Number of Trg words (types): 4487
2020-08-09 21:57:09,748 Model(
	encoder=TransformerEncoder(num_layers=6, num_heads=8),
	decoder=TransformerDecoder(num_layers=6, num_heads=8),
	src_embed=Embeddings(embedding_dim=128, vocab_size=3468),
	trg_embed=Embeddings(embedding_dim=128, vocab_size=4487))
2020-08-09 21:57:09,752 EPOCH 1
2020-08-09 21:57:16,203 Epoch   1: total training loss 601.74
2020-08-09 21:57:16,203 EPOCH 2
2020-08-09 21:57:16,346 Epoch   2 Step:      100 Batch Loss:     5.095970 Tokens per Sec:     9796, Lr: 0.000200
2020-08-09 21:57:22,663 Epoch   2: total training loss 503.38
2020-08-09 21:57:22,663 EPOCH 3
2020-08-09 21:57:22,883 Epoch   3 Step:      200 Batch Loss:     4.319988 Tokens per Sec:     9146, Lr: 0.000200
2020-08-09 21:57:27,420 Hooray! New best validation result [ppl]!
2020-08-09 21:57:27,420 Saving new checkpoint.
2020-08-09 21:57:27,545 Example #0
2020-08-09 21:57:27,545 	Raw source:     ['hello', '.']
2020-08-09 21:57:27,545 	Raw hypothesis: ['.']
2020-08-09 21:57:27,545 	Source:     hello .
2020-08-09 21:57:27,545 	Reference:  hallo ,
2020-08-09 21:57:27,545 	Hypothesis: .
2020-08-09 21:57:27,545 Example #1
2020-08-09 21:57:27,545 	Raw source:     ['hi', ',', 'how', 'can', 'i', 'help', 'you', '?']
2020-08-09 21:57:27,545 	Raw hypothesis: [',', ',', ',', ',', ',', ',']
2020-08-09 21:57:27,545 	Source:     hi , how can i help you ?
2020-08-09 21:57:27,545 	Reference:  hallo , wie kann ich ihnen helfen ?
2020-08-09 21:57:27,545 	Hypothesis: , , , , , ,
2020-08-09 21:57:27,546 Example #2
2020-08-09 21:57:27,546 	Raw source:     ['hi', ',', 'i', '&apos;m', 'looking', 'for', 'a', 'restaurant', 'inside', 'the', 'arden', 'fair', 'mall', 'in', 'san', 'francisco', ',', 'california', '.']
2020-08-09 21:57:27,546 	Raw hypothesis: [',', ',', ',', ',', ',', ',', ',', ',', ',', ',', ',', ',', ',', '.']
2020-08-09 21:57:27,546 	Source:     hi , i &apos;m looking for a restaurant inside the arden fair mall in san francisco , california .
2020-08-09 21:57:27,546 	Reference:  hallo , ich bin auf der suche nach einem restaurant im arden fair einkaufszentrum in san francisco , kalifornien .
2020-08-09 21:57:27,546 	Hypothesis: , , , , , , , , , , , , , .
2020-08-09 21:57:27,546 Example #3
2020-08-09 21:57:27,546 	Raw source:     ['ok', ',', 'what', 'type', 'of', 'restaurant', 'are', 'you', 'looking', 'for', '?']
2020-08-09 21:57:27,546 	Raw hypothesis: [',', ',', ',', ',', ',', ',', ',', ',', ',', ',', ',', ',', ',']
2020-08-09 21:57:27,546 	Source:     ok , what type of restaurant are you looking for ?
2020-08-09 21:57:27,546 	Reference:  ok . welche art von restaurant suchen sie denn genau ?
2020-08-09 21:57:27,546 	Hypothesis: , , , , , , , , , , , , ,
2020-08-09 21:57:27,546 Validation result (greedy) at epoch   3, step      200: bleu:   0.00, loss: 32265.0312, ppl: 154.6881, duration: 4.6626s
2020-08-09 21:57:33,806 Epoch   3: total training loss 472.62
2020-08-09 21:57:33,806 EPOCH 4
2020-08-09 21:57:34,075 Epoch   4 Step:      300 Batch Loss:     4.217006 Tokens per Sec:     6083, Lr: 0.000200
2020-08-09 21:57:40,259 Epoch   4: total training loss 448.63
2020-08-09 21:57:40,259 EPOCH 5
2020-08-09 21:57:40,598 Epoch   5 Step:      400 Batch Loss:     3.782449 Tokens per Sec:     8827, Lr: 0.000200
2020-08-09 21:57:51,028 Hooray! New best validation result [ppl]!
2020-08-09 21:57:51,028 Saving new checkpoint.
2020-08-09 21:57:51,153 Example #0
2020-08-09 21:57:51,153 	Raw source:     ['hello', '.']
2020-08-09 21:57:51,153 	Raw hypothesis: ['ja', '.']
2020-08-09 21:57:51,153 	Source:     hello .
2020-08-09 21:57:51,153 	Reference:  hallo ,
2020-08-09 21:57:51,153 	Hypothesis: ja .
2020-08-09 21:57:51,153 Example #1
2020-08-09 21:57:51,153 	Raw source:     ['hi', ',', 'how', 'can', 'i', 'help', 'you', '?']
2020-08-09 21:57:51,153 	Raw hypothesis: ['ich', 'ich', 'ich', 'ich', 'ich', '?']
2020-08-09 21:57:51,153 	Source:     hi , how can i help you ?
2020-08-09 21:57:51,153 	Reference:  hallo , wie kann ich ihnen helfen ?
2020-08-09 21:57:51,154 	Hypothesis: ich ich ich ich ich ?
2020-08-09 21:57:51,154 Example #2
2020-08-09 21:57:51,154 	Raw source:     ['hi', ',', 'i', '&apos;m', 'looking', 'for', 'a', 'restaurant', 'inside', 'the', 'arden', 'fair', 'mall', 'in', 'san', 'francisco', ',', 'california', '.']
2020-08-09 21:57:51,154 	Raw hypothesis: ['ich', 'ich', 'ich', 'ich', 'ich', 'ich', 'ich', 'ich', 'ich', 'ich', 'ich', 'ich', 'ich', 'ich', 'ich', 'ich', 'ich', 'ich', 'ich', 'ich', 'ich', 'ich', 'ich', '.']
2020-08-09 21:57:51,154 	Source:     hi , i &apos;m looking for a restaurant inside the arden fair mall in san francisco , california .
2020-08-09 21:57:51,154 	Reference:  hallo , ich bin auf der suche nach einem restaurant im arden fair einkaufszentrum in san francisco , kalifornien .
2020-08-09 21:57:51,154 	Hypothesis: ich ich ich ich ich ich ich ich ich ich ich ich ich ich ich ich ich ich ich ich ich ich ich .
2020-08-09 21:57:51,154 Example #3
2020-08-09 21:57:51,154 	Raw source:     ['ok', ',', 'what', 'type', 'of', 'restaurant', 'are', 'you', 'looking', 'for', '?']
2020-08-09 21:57:51,154 	Raw hypothesis: ['okay', ',', 'sie', 'sie', 'sie', 'sie', 'sie', '?']
2020-08-09 21:57:51,154 	Source:     ok , what type of restaurant are you looking for ?
2020-08-09 21:57:51,154 	Reference:  ok . welche art von restaurant suchen sie denn genau ?
2020-08-09 21:57:51,154 	Hypothesis: okay , sie sie sie sie sie ?
2020-08-09 21:57:51,154 Validation result (greedy) at epoch   5, step      400: bleu:   0.00, loss: 29203.9785, ppl:  95.8823, duration: 10.5555s
2020-08-09 21:57:57,289 Epoch   5: total training loss 429.48
2020-08-09 21:57:57,289 EPOCH 6
2020-08-09 21:57:57,637 Epoch   6 Step:      500 Batch Loss:     3.540630 Tokens per Sec:     8712, Lr: 0.000200
2020-08-09 21:58:03,670 Epoch   6: total training loss 399.48
2020-08-09 21:58:03,670 EPOCH 7
2020-08-09 21:58:04,134 Epoch   7 Step:      600 Batch Loss:     3.309458 Tokens per Sec:    10334, Lr: 0.000200
2020-08-09 21:58:14,573 Hooray! New best validation result [ppl]!
2020-08-09 21:58:14,573 Saving new checkpoint.
2020-08-09 21:58:14,694 Example #0
2020-08-09 21:58:14,694 	Raw source:     ['hello', '.']
2020-08-09 21:58:14,694 	Raw hypothesis: ['hallo', ',']
2020-08-09 21:58:14,694 	Source:     hello .
2020-08-09 21:58:14,694 	Reference:  hallo ,
2020-08-09 21:58:14,694 	Hypothesis: hallo ,
2020-08-09 21:58:14,694 Example #1
2020-08-09 21:58:14,694 	Raw source:     ['hi', ',', 'how', 'can', 'i', 'help', 'you', '?']
2020-08-09 21:58:14,694 	Raw hypothesis: ['hallo', ',', 'ich', 'ich', 'ihnen', 'ihnen', '?']
2020-08-09 21:58:14,694 	Source:     hi , how can i help you ?
2020-08-09 21:58:14,694 	Reference:  hallo , wie kann ich ihnen helfen ?
2020-08-09 21:58:14,694 	Hypothesis: hallo , ich ich ihnen ihnen ?
2020-08-09 21:58:14,694 Example #2
2020-08-09 21:58:14,694 	Raw source:     ['hi', ',', 'i', '&apos;m', 'looking', 'for', 'a', 'restaurant', 'inside', 'the', 'arden', 'fair', 'mall', 'in', 'san', 'francisco', ',', 'california', '.']
2020-08-09 21:58:14,694 	Raw hypothesis: ['ich', 'ich', 'ich', 'möchte', 'einen', 'einen', 'einen', 'einen', 'einen', 'einen', 'einen', 'einen', 'einen', 'der', 'der', 'der', 'der', 'der', '00', '.']
2020-08-09 21:58:14,694 	Source:     hi , i &apos;m looking for a restaurant inside the arden fair mall in san francisco , california .
2020-08-09 21:58:14,695 	Reference:  hallo , ich bin auf der suche nach einem restaurant im arden fair einkaufszentrum in san francisco , kalifornien .
2020-08-09 21:58:14,695 	Hypothesis: ich ich ich möchte einen einen einen einen einen einen einen einen einen der der der der der 00 .
2020-08-09 21:58:14,695 Example #3
2020-08-09 21:58:14,695 	Raw source:     ['ok', ',', 'what', 'type', 'of', 'restaurant', 'are', 'you', 'looking', 'for', '?']
2020-08-09 21:58:14,695 	Raw hypothesis: ['ok', ',', 'sie', 'sie', 'sie', 'sie', 'sie', '?']
2020-08-09 21:58:14,695 	Source:     ok , what type of restaurant are you looking for ?
2020-08-09 21:58:14,695 	Reference:  ok . welche art von restaurant suchen sie denn genau ?
2020-08-09 21:58:14,695 	Hypothesis: ok , sie sie sie sie sie ?
2020-08-09 21:58:14,695 Validation result (greedy) at epoch   7, step      600: bleu:   0.00, loss: 26893.7949, ppl:  66.8302, duration: 10.5609s
2020-08-09 21:58:20,597 Epoch   7: total training loss 381.22
2020-08-09 21:58:20,598 EPOCH 8
2020-08-09 21:58:21,210 Epoch   8 Step:      700 Batch Loss:     4.272312 Tokens per Sec:     9659, Lr: 0.000200
2020-08-09 21:58:27,151 Epoch   8: total training loss 366.91
2020-08-09 21:58:27,151 EPOCH 9
2020-08-09 21:58:27,832 Epoch   9 Step:      800 Batch Loss:     1.100369 Tokens per Sec:     8813, Lr: 0.000200
2020-08-09 21:58:40,482 Hooray! New best validation result [ppl]!
2020-08-09 21:58:40,483 Saving new checkpoint.
2020-08-09 21:58:40,612 Example #0
2020-08-09 21:58:40,612 	Raw source:     ['hello', '.']
2020-08-09 21:58:40,612 	Raw hypothesis: ['hallo', ',']
2020-08-09 21:58:40,613 	Source:     hello .
2020-08-09 21:58:40,613 	Reference:  hallo ,
2020-08-09 21:58:40,613 	Hypothesis: hallo ,
2020-08-09 21:58:40,613 Example #1
2020-08-09 21:58:40,613 	Raw source:     ['hi', ',', 'how', 'can', 'i', 'help', 'you', '?']
2020-08-09 21:58:40,613 	Raw hypothesis: ['hallo', ',', 'wie', 'kann', 'ich', 'ihnen', 'helfen', '?']
2020-08-09 21:58:40,613 	Source:     hi , how can i help you ?
2020-08-09 21:58:40,613 	Reference:  hallo , wie kann ich ihnen helfen ?
2020-08-09 21:58:40,613 	Hypothesis: hallo , wie kann ich ihnen helfen ?
2020-08-09 21:58:40,613 Example #2
2020-08-09 21:58:40,613 	Raw source:     ['hi', ',', 'i', '&apos;m', 'looking', 'for', 'a', 'restaurant', 'inside', 'the', 'arden', 'fair', 'mall', 'in', 'san', 'francisco', ',', 'california', '.']
2020-08-09 21:58:40,613 	Raw hypothesis: ['ich', 'möchte', 'ein', 'ein', 'ein', 'ein', 'der', 'der', 'der', '00', 'uhr', ',', 'ich', 'möchte', '.']
2020-08-09 21:58:40,613 	Source:     hi , i &apos;m looking for a restaurant inside the arden fair mall in san francisco , california .
2020-08-09 21:58:40,613 	Reference:  hallo , ich bin auf der suche nach einem restaurant im arden fair einkaufszentrum in san francisco , kalifornien .
2020-08-09 21:58:40,613 	Hypothesis: ich möchte ein ein ein ein der der der 00 uhr , ich möchte .
2020-08-09 21:58:40,613 Example #3
2020-08-09 21:58:40,613 	Raw source:     ['ok', ',', 'what', 'type', 'of', 'restaurant', 'are', 'you', 'looking', 'for', '?']
2020-08-09 21:58:40,613 	Raw hypothesis: ['okay', ',', 'welche', 'möchten', 'sie', 'sie', '?']
2020-08-09 21:58:40,613 	Source:     ok , what type of restaurant are you looking for ?
2020-08-09 21:58:40,613 	Reference:  ok . welche art von restaurant suchen sie denn genau ?
2020-08-09 21:58:40,613 	Hypothesis: okay , welche möchten sie sie ?
2020-08-09 21:58:40,613 Validation result (greedy) at epoch   9, step      800: bleu:   4.67, loss: 25046.3379, ppl:  50.0734, duration: 12.7811s
2020-08-09 21:58:46,389 Epoch   9: total training loss 352.32
2020-08-09 21:58:46,389 EPOCH 10
2020-08-09 21:58:47,128 Epoch  10 Step:      900 Batch Loss:     3.995559 Tokens per Sec:    10562, Lr: 0.000200
2020-08-09 21:58:52,856 Epoch  10: total training loss 339.92
2020-08-09 21:58:52,856 EPOCH 11
2020-08-09 21:58:53,653 Epoch  11 Step:     1000 Batch Loss:     3.450088 Tokens per Sec:     9735, Lr: 0.000200
2020-08-09 21:59:03,734 Hooray! New best validation result [ppl]!
2020-08-09 21:59:03,734 Saving new checkpoint.
2020-08-09 21:59:03,862 Example #0
2020-08-09 21:59:03,862 	Raw source:     ['hello', '.']
2020-08-09 21:59:03,862 	Raw hypothesis: ['hallo', ',']
2020-08-09 21:59:03,862 	Source:     hello .
2020-08-09 21:59:03,862 	Reference:  hallo ,
2020-08-09 21:59:03,862 	Hypothesis: hallo ,
2020-08-09 21:59:03,862 Example #1
2020-08-09 21:59:03,862 	Raw source:     ['hi', ',', 'how', 'can', 'i', 'help', 'you', '?']
2020-08-09 21:59:03,863 	Raw hypothesis: ['hallo', ',', 'wie', 'kann', 'ich', 'ihnen', 'helfen', '?']
2020-08-09 21:59:03,863 	Source:     hi , how can i help you ?
2020-08-09 21:59:03,863 	Reference:  hallo , wie kann ich ihnen helfen ?
2020-08-09 21:59:03,863 	Hypothesis: hallo , wie kann ich ihnen helfen ?
2020-08-09 21:59:03,863 Example #2
2020-08-09 21:59:03,863 	Raw source:     ['hi', ',', 'i', '&apos;m', 'looking', 'for', 'a', 'restaurant', 'inside', 'the', 'arden', 'fair', 'mall', 'in', 'san', 'francisco', ',', 'california', '.']
2020-08-09 21:59:03,863 	Raw hypothesis: ['hallo', ',', 'ich', 'möchte', 'ein', 'ein', 'restaurant', 'in', 'der', 'der', 'der', 'der', 'san', 'francisco', ',', 'der', 'san', '.']
2020-08-09 21:59:03,863 	Source:     hi , i &apos;m looking for a restaurant inside the arden fair mall in san francisco , california .
2020-08-09 21:59:03,863 	Reference:  hallo , ich bin auf der suche nach einem restaurant im arden fair einkaufszentrum in san francisco , kalifornien .
2020-08-09 21:59:03,863 	Hypothesis: hallo , ich möchte ein ein restaurant in der der der der san francisco , der san .
2020-08-09 21:59:03,863 Example #3
2020-08-09 21:59:03,863 	Raw source:     ['ok', ',', 'what', 'type', 'of', 'restaurant', 'are', 'you', 'looking', 'for', '?']
2020-08-09 21:59:03,863 	Raw hypothesis: ['ok', ',', 'welche', 'möchten', 'sie', '?']
2020-08-09 21:59:03,863 	Source:     ok , what type of restaurant are you looking for ?
2020-08-09 21:59:03,863 	Reference:  ok . welche art von restaurant suchen sie denn genau ?
2020-08-09 21:59:03,863 	Hypothesis: ok , welche möchten sie ?
2020-08-09 21:59:03,863 Validation result (greedy) at epoch  11, step     1000: bleu:   6.57, loss: 23481.7500, ppl:  39.2136, duration: 10.2093s
2020-08-09 21:59:09,417 Epoch  11: total training loss 320.58
2020-08-09 21:59:09,417 EPOCH 12
2020-08-09 21:59:10,327 Epoch  12 Step:     1100 Batch Loss:     3.204477 Tokens per Sec:     9966, Lr: 0.000200
2020-08-09 21:59:15,900 Epoch  12: total training loss 318.87
2020-08-09 21:59:15,900 EPOCH 13
2020-08-09 21:59:16,821 Epoch  13 Step:     1200 Batch Loss:     3.421743 Tokens per Sec:    10609, Lr: 0.000200
2020-08-09 21:59:24,198 Hooray! New best validation result [ppl]!
2020-08-09 21:59:24,198 Saving new checkpoint.
2020-08-09 21:59:24,329 Example #0
2020-08-09 21:59:24,329 	Raw source:     ['hello', '.']
2020-08-09 21:59:24,329 	Raw hypothesis: ['hallo', ',']
2020-08-09 21:59:24,329 	Source:     hello .
2020-08-09 21:59:24,329 	Reference:  hallo ,
2020-08-09 21:59:24,330 	Hypothesis: hallo ,
2020-08-09 21:59:24,330 Example #1
2020-08-09 21:59:24,330 	Raw source:     ['hi', ',', 'how', 'can', 'i', 'help', 'you', '?']
2020-08-09 21:59:24,330 	Raw hypothesis: ['hallo', ',', 'wie', 'kann', 'ich', 'ihnen', 'helfen', '?']
2020-08-09 21:59:24,330 	Source:     hi , how can i help you ?
2020-08-09 21:59:24,330 	Reference:  hallo , wie kann ich ihnen helfen ?
2020-08-09 21:59:24,330 	Hypothesis: hallo , wie kann ich ihnen helfen ?
2020-08-09 21:59:24,330 Example #2
2020-08-09 21:59:24,330 	Raw source:     ['hi', ',', 'i', '&apos;m', 'looking', 'for', 'a', 'restaurant', 'inside', 'the', 'arden', 'fair', 'mall', 'in', 'san', 'francisco', ',', 'california', '.']
2020-08-09 21:59:24,330 	Raw hypothesis: ['hallo', ',', 'ich', 'möchte', 'ein', 'paar', 'pizzen', 'in', 'san', 'francisco', ',', 'der', 'san', 'francisco', ',', 'der', 'san', 'francisco', ',', 'der', 'san', 'francisco', '.']
2020-08-09 21:59:24,330 	Source:     hi , i &apos;m looking for a restaurant inside the arden fair mall in san francisco , california .
2020-08-09 21:59:24,330 	Reference:  hallo , ich bin auf der suche nach einem restaurant im arden fair einkaufszentrum in san francisco , kalifornien .
2020-08-09 21:59:24,330 	Hypothesis: hallo , ich möchte ein paar pizzen in san francisco , der san francisco , der san francisco , der san francisco .
2020-08-09 21:59:24,330 Example #3
2020-08-09 21:59:24,330 	Raw source:     ['ok', ',', 'what', 'type', 'of', 'restaurant', 'are', 'you', 'looking', 'for', '?']
2020-08-09 21:59:24,330 	Raw hypothesis: ['ok', ',', 'welche', 'art', 'von', 'art', 'von', 'art', 'möchten', 'sie', '?']
2020-08-09 21:59:24,330 	Source:     ok , what type of restaurant are you looking for ?
2020-08-09 21:59:24,330 	Reference:  ok . welche art von restaurant suchen sie denn genau ?
2020-08-09 21:59:24,330 	Hypothesis: ok , welche art von art von art möchten sie ?
2020-08-09 21:59:24,330 Validation result (greedy) at epoch  13, step     1200: bleu:   9.28, loss: 22451.4004, ppl:  33.3825, duration: 7.5091s
2020-08-09 21:59:29,898 Epoch  13: total training loss 307.15
2020-08-09 21:59:29,898 EPOCH 14
2020-08-09 21:59:30,837 Epoch  14 Step:     1300 Batch Loss:     0.778645 Tokens per Sec:     9371, Lr: 0.000200
2020-08-09 21:59:36,362 Epoch  14: total training loss 294.81
2020-08-09 21:59:36,363 EPOCH 15
2020-08-09 21:59:37,347 Epoch  15 Step:     1400 Batch Loss:     2.251310 Tokens per Sec:     9854, Lr: 0.000200
2020-08-09 21:59:45,569 Hooray! New best validation result [ppl]!
2020-08-09 21:59:45,569 Saving new checkpoint.
2020-08-09 21:59:45,693 Example #0
2020-08-09 21:59:45,693 	Raw source:     ['hello', '.']
2020-08-09 21:59:45,693 	Raw hypothesis: ['hallo', ',']
2020-08-09 21:59:45,693 	Source:     hello .
2020-08-09 21:59:45,693 	Reference:  hallo ,
2020-08-09 21:59:45,693 	Hypothesis: hallo ,
2020-08-09 21:59:45,693 Example #1
2020-08-09 21:59:45,693 	Raw source:     ['hi', ',', 'how', 'can', 'i', 'help', 'you', '?']
2020-08-09 21:59:45,693 	Raw hypothesis: ['hallo', ',', 'wie', 'kann', 'ich', 'ihnen', 'helfen', '?']
2020-08-09 21:59:45,693 	Source:     hi , how can i help you ?
2020-08-09 21:59:45,693 	Reference:  hallo , wie kann ich ihnen helfen ?
2020-08-09 21:59:45,693 	Hypothesis: hallo , wie kann ich ihnen helfen ?
2020-08-09 21:59:45,693 Example #2
2020-08-09 21:59:45,693 	Raw source:     ['hi', ',', 'i', '&apos;m', 'looking', 'for', 'a', 'restaurant', 'inside', 'the', 'arden', 'fair', 'mall', 'in', 'san', 'francisco', ',', 'california', '.']
2020-08-09 21:59:45,693 	Raw hypothesis: ['hallo', ',', 'ich', 'möchte', 'ein', 'paar', 'restaurant', 'in', 'san', 'francisco', ',', 'der', 'san', 'francisco', ',', 'kalifornien', '.']
2020-08-09 21:59:45,693 	Source:     hi , i &apos;m looking for a restaurant inside the arden fair mall in san francisco , california .
2020-08-09 21:59:45,693 	Reference:  hallo , ich bin auf der suche nach einem restaurant im arden fair einkaufszentrum in san francisco , kalifornien .
2020-08-09 21:59:45,694 	Hypothesis: hallo , ich möchte ein paar restaurant in san francisco , der san francisco , kalifornien .
2020-08-09 21:59:45,694 Example #3
2020-08-09 21:59:45,694 	Raw source:     ['ok', ',', 'what', 'type', 'of', 'restaurant', 'are', 'you', 'looking', 'for', '?']
2020-08-09 21:59:45,694 	Raw hypothesis: ['ok', ',', 'welche', 'art', 'von', 'pizzen', 'sie', '?']
2020-08-09 21:59:45,694 	Source:     ok , what type of restaurant are you looking for ?
2020-08-09 21:59:45,694 	Reference:  ok . welche art von restaurant suchen sie denn genau ?
2020-08-09 21:59:45,694 	Hypothesis: ok , welche art von pizzen sie ?
2020-08-09 21:59:45,694 Validation result (greedy) at epoch  15, step     1400: bleu:  10.70, loss: 21522.3770, ppl:  28.8720, duration: 8.3466s
2020-08-09 21:59:51,073 Epoch  15: total training loss 277.31
2020-08-09 21:59:51,074 EPOCH 16
2020-08-09 21:59:52,175 Epoch  16 Step:     1500 Batch Loss:     3.815644 Tokens per Sec:     9841, Lr: 0.000200
2020-08-09 21:59:57,555 Epoch  16: total training loss 272.02
2020-08-09 21:59:57,555 EPOCH 17
2020-08-09 21:59:58,786 Epoch  17 Step:     1600 Batch Loss:     1.877471 Tokens per Sec:     9287, Lr: 0.000200
2020-08-09 22:00:07,118 Hooray! New best validation result [ppl]!
2020-08-09 22:00:07,118 Saving new checkpoint.
2020-08-09 22:00:07,251 Example #0
2020-08-09 22:00:07,251 	Raw source:     ['hello', '.']
2020-08-09 22:00:07,251 	Raw hypothesis: ['hallo']
2020-08-09 22:00:07,251 	Source:     hello .
2020-08-09 22:00:07,251 	Reference:  hallo ,
2020-08-09 22:00:07,251 	Hypothesis: hallo
2020-08-09 22:00:07,251 Example #1
2020-08-09 22:00:07,251 	Raw source:     ['hi', ',', 'how', 'can', 'i', 'help', 'you', '?']
2020-08-09 22:00:07,251 	Raw hypothesis: ['hallo', ',', 'wie', 'kann', 'ich', 'ihnen', 'helfen', '?']
2020-08-09 22:00:07,251 	Source:     hi , how can i help you ?
2020-08-09 22:00:07,251 	Reference:  hallo , wie kann ich ihnen helfen ?
2020-08-09 22:00:07,251 	Hypothesis: hallo , wie kann ich ihnen helfen ?
2020-08-09 22:00:07,251 Example #2
2020-08-09 22:00:07,251 	Raw source:     ['hi', ',', 'i', '&apos;m', 'looking', 'for', 'a', 'restaurant', 'inside', 'the', 'arden', 'fair', 'mall', 'in', 'san', 'francisco', ',', 'california', '.']
2020-08-09 22:00:07,251 	Raw hypothesis: ['hallo', ',', 'ich', 'möchte', 'ein', 'paar', 'restaurant', 'in', 'san', 'francisco', ',', 'kalifornien', ',', 'kalifornien', '.']
2020-08-09 22:00:07,251 	Source:     hi , i &apos;m looking for a restaurant inside the arden fair mall in san francisco , california .
2020-08-09 22:00:07,251 	Reference:  hallo , ich bin auf der suche nach einem restaurant im arden fair einkaufszentrum in san francisco , kalifornien .
2020-08-09 22:00:07,251 	Hypothesis: hallo , ich möchte ein paar restaurant in san francisco , kalifornien , kalifornien .
2020-08-09 22:00:07,251 Example #3
2020-08-09 22:00:07,251 	Raw source:     ['ok', ',', 'what', 'type', 'of', 'restaurant', 'are', 'you', 'looking', 'for', '?']
2020-08-09 22:00:07,251 	Raw hypothesis: ['ok', ',', 'welche', 'art', 'von', 'restaurant', 'haben', 'sie', '?']
2020-08-09 22:00:07,251 	Source:     ok , what type of restaurant are you looking for ?
2020-08-09 22:00:07,252 	Reference:  ok . welche art von restaurant suchen sie denn genau ?
2020-08-09 22:00:07,252 	Hypothesis: ok , welche art von restaurant haben sie ?
2020-08-09 22:00:07,252 Validation result (greedy) at epoch  17, step     1600: bleu:  12.18, loss: 20631.1367, ppl:  25.1188, duration: 8.4653s
2020-08-09 22:00:12,463 Epoch  17: total training loss 259.87
2020-08-09 22:00:12,463 EPOCH 18
2020-08-09 22:00:13,709 Epoch  18 Step:     1700 Batch Loss:     2.112308 Tokens per Sec:    10179, Lr: 0.000200
2020-08-09 22:00:18,844 Epoch  18: total training loss 253.46
2020-08-09 22:00:18,844 EPOCH 19
2020-08-09 22:00:20,124 Epoch  19 Step:     1800 Batch Loss:     3.738944 Tokens per Sec:    10342, Lr: 0.000200
2020-08-09 22:00:28,651 Hooray! New best validation result [ppl]!
2020-08-09 22:00:28,651 Saving new checkpoint.
2020-08-09 22:00:28,775 Example #0
2020-08-09 22:00:28,776 	Raw source:     ['hello', '.']
2020-08-09 22:00:28,776 	Raw hypothesis: ['hallo', ',']
2020-08-09 22:00:28,776 	Source:     hello .
2020-08-09 22:00:28,776 	Reference:  hallo ,
2020-08-09 22:00:28,776 	Hypothesis: hallo ,
2020-08-09 22:00:28,776 Example #1
2020-08-09 22:00:28,776 	Raw source:     ['hi', ',', 'how', 'can', 'i', 'help', 'you', '?']
2020-08-09 22:00:28,776 	Raw hypothesis: ['hallo', ',', 'wie', 'kann', 'ich', 'ihnen', 'helfen', '?']
2020-08-09 22:00:28,776 	Source:     hi , how can i help you ?
2020-08-09 22:00:28,776 	Reference:  hallo , wie kann ich ihnen helfen ?
2020-08-09 22:00:28,776 	Hypothesis: hallo , wie kann ich ihnen helfen ?
2020-08-09 22:00:28,776 Example #2
2020-08-09 22:00:28,776 	Raw source:     ['hi', ',', 'i', '&apos;m', 'looking', 'for', 'a', 'restaurant', 'inside', 'the', 'arden', 'fair', 'mall', 'in', 'san', 'francisco', ',', 'california', '.']
2020-08-09 22:00:28,776 	Raw hypothesis: ['hallo', ',', 'ich', 'möchte', 'ein', 'restaurant', 'in', 'der', 'nähe', 'in', 'san', 'francisco', 'francisco', ',', 'kalifornien', '.']
2020-08-09 22:00:28,776 	Source:     hi , i &apos;m looking for a restaurant inside the arden fair mall in san francisco , california .
2020-08-09 22:00:28,776 	Reference:  hallo , ich bin auf der suche nach einem restaurant im arden fair einkaufszentrum in san francisco , kalifornien .
2020-08-09 22:00:28,776 	Hypothesis: hallo , ich möchte ein restaurant in der nähe in san francisco francisco , kalifornien .
2020-08-09 22:00:28,776 Example #3
2020-08-09 22:00:28,776 	Raw source:     ['ok', ',', 'what', 'type', 'of', 'restaurant', 'are', 'you', 'looking', 'for', '?']
2020-08-09 22:00:28,776 	Raw hypothesis: ['ok', ',', 'welche', 'art', 'von', 'restaurant', 'möchten', 'sie', '?']
2020-08-09 22:00:28,777 	Source:     ok , what type of restaurant are you looking for ?
2020-08-09 22:00:28,777 	Reference:  ok . welche art von restaurant suchen sie denn genau ?
2020-08-09 22:00:28,777 	Hypothesis: ok , welche art von restaurant möchten sie ?
2020-08-09 22:00:28,777 Validation result (greedy) at epoch  19, step     1800: bleu:  13.21, loss: 19970.4180, ppl:  22.6549, duration: 8.6526s
2020-08-09 22:00:33,871 Epoch  19: total training loss 241.23
2020-08-09 22:00:33,871 EPOCH 20
2020-08-09 22:00:35,308 Epoch  20 Step:     1900 Batch Loss:     2.895212 Tokens per Sec:     9981, Lr: 0.000200
2020-08-09 22:00:40,431 Epoch  20: total training loss 239.83
2020-08-09 22:00:40,431 Training ended after  20 epochs.
2020-08-09 22:00:40,431 Best validation result (greedy) at step     1800:  22.65 ppl.
