2020-08-09 20:10:38,328 Hello! This is Joey-NMT.
2020-08-09 20:10:39,757 Total params: 3795840
2020-08-09 20:10:39,758 Trainable parameters: ['decoder.layer_norm.bias', 'decoder.layer_norm.weight', 'decoder.layers.0.dec_layer_norm.bias', 'decoder.layers.0.dec_layer_norm.weight', 'decoder.layers.0.feed_forward.layer_norm.bias', 'decoder.layers.0.feed_forward.layer_norm.weight', 'decoder.layers.0.feed_forward.pwff_layer.0.bias', 'decoder.layers.0.feed_forward.pwff_layer.0.weight', 'decoder.layers.0.feed_forward.pwff_layer.3.bias', 'decoder.layers.0.feed_forward.pwff_layer.3.weight', 'decoder.layers.0.src_trg_att.k_layer.bias', 'decoder.layers.0.src_trg_att.k_layer.weight', 'decoder.layers.0.src_trg_att.output_layer.bias', 'decoder.layers.0.src_trg_att.output_layer.weight', 'decoder.layers.0.src_trg_att.q_layer.bias', 'decoder.layers.0.src_trg_att.q_layer.weight', 'decoder.layers.0.src_trg_att.v_layer.bias', 'decoder.layers.0.src_trg_att.v_layer.weight', 'decoder.layers.0.trg_trg_att.k_layer.bias', 'decoder.layers.0.trg_trg_att.k_layer.weight', 'decoder.layers.0.trg_trg_att.output_layer.bias', 'decoder.layers.0.trg_trg_att.output_layer.weight', 'decoder.layers.0.trg_trg_att.q_layer.bias', 'decoder.layers.0.trg_trg_att.q_layer.weight', 'decoder.layers.0.trg_trg_att.v_layer.bias', 'decoder.layers.0.trg_trg_att.v_layer.weight', 'decoder.layers.0.x_layer_norm.bias', 'decoder.layers.0.x_layer_norm.weight', 'decoder.layers.1.dec_layer_norm.bias', 'decoder.layers.1.dec_layer_norm.weight', 'decoder.layers.1.feed_forward.layer_norm.bias', 'decoder.layers.1.feed_forward.layer_norm.weight', 'decoder.layers.1.feed_forward.pwff_layer.0.bias', 'decoder.layers.1.feed_forward.pwff_layer.0.weight', 'decoder.layers.1.feed_forward.pwff_layer.3.bias', 'decoder.layers.1.feed_forward.pwff_layer.3.weight', 'decoder.layers.1.src_trg_att.k_layer.bias', 'decoder.layers.1.src_trg_att.k_layer.weight', 'decoder.layers.1.src_trg_att.output_layer.bias', 'decoder.layers.1.src_trg_att.output_layer.weight', 'decoder.layers.1.src_trg_att.q_layer.bias', 'decoder.layers.1.src_trg_att.q_layer.weight', 'decoder.layers.1.src_trg_att.v_layer.bias', 'decoder.layers.1.src_trg_att.v_layer.weight', 'decoder.layers.1.trg_trg_att.k_layer.bias', 'decoder.layers.1.trg_trg_att.k_layer.weight', 'decoder.layers.1.trg_trg_att.output_layer.bias', 'decoder.layers.1.trg_trg_att.output_layer.weight', 'decoder.layers.1.trg_trg_att.q_layer.bias', 'decoder.layers.1.trg_trg_att.q_layer.weight', 'decoder.layers.1.trg_trg_att.v_layer.bias', 'decoder.layers.1.trg_trg_att.v_layer.weight', 'decoder.layers.1.x_layer_norm.bias', 'decoder.layers.1.x_layer_norm.weight', 'decoder.layers.2.dec_layer_norm.bias', 'decoder.layers.2.dec_layer_norm.weight', 'decoder.layers.2.feed_forward.layer_norm.bias', 'decoder.layers.2.feed_forward.layer_norm.weight', 'decoder.layers.2.feed_forward.pwff_layer.0.bias', 'decoder.layers.2.feed_forward.pwff_layer.0.weight', 'decoder.layers.2.feed_forward.pwff_layer.3.bias', 'decoder.layers.2.feed_forward.pwff_layer.3.weight', 'decoder.layers.2.src_trg_att.k_layer.bias', 'decoder.layers.2.src_trg_att.k_layer.weight', 'decoder.layers.2.src_trg_att.output_layer.bias', 'decoder.layers.2.src_trg_att.output_layer.weight', 'decoder.layers.2.src_trg_att.q_layer.bias', 'decoder.layers.2.src_trg_att.q_layer.weight', 'decoder.layers.2.src_trg_att.v_layer.bias', 'decoder.layers.2.src_trg_att.v_layer.weight', 'decoder.layers.2.trg_trg_att.k_layer.bias', 'decoder.layers.2.trg_trg_att.k_layer.weight', 'decoder.layers.2.trg_trg_att.output_layer.bias', 'decoder.layers.2.trg_trg_att.output_layer.weight', 'decoder.layers.2.trg_trg_att.q_layer.bias', 'decoder.layers.2.trg_trg_att.q_layer.weight', 'decoder.layers.2.trg_trg_att.v_layer.bias', 'decoder.layers.2.trg_trg_att.v_layer.weight', 'decoder.layers.2.x_layer_norm.bias', 'decoder.layers.2.x_layer_norm.weight', 'decoder.layers.3.dec_layer_norm.bias', 'decoder.layers.3.dec_layer_norm.weight', 'decoder.layers.3.feed_forward.layer_norm.bias', 'decoder.layers.3.feed_forward.layer_norm.weight', 'decoder.layers.3.feed_forward.pwff_layer.0.bias', 'decoder.layers.3.feed_forward.pwff_layer.0.weight', 'decoder.layers.3.feed_forward.pwff_layer.3.bias', 'decoder.layers.3.feed_forward.pwff_layer.3.weight', 'decoder.layers.3.src_trg_att.k_layer.bias', 'decoder.layers.3.src_trg_att.k_layer.weight', 'decoder.layers.3.src_trg_att.output_layer.bias', 'decoder.layers.3.src_trg_att.output_layer.weight', 'decoder.layers.3.src_trg_att.q_layer.bias', 'decoder.layers.3.src_trg_att.q_layer.weight', 'decoder.layers.3.src_trg_att.v_layer.bias', 'decoder.layers.3.src_trg_att.v_layer.weight', 'decoder.layers.3.trg_trg_att.k_layer.bias', 'decoder.layers.3.trg_trg_att.k_layer.weight', 'decoder.layers.3.trg_trg_att.output_layer.bias', 'decoder.layers.3.trg_trg_att.output_layer.weight', 'decoder.layers.3.trg_trg_att.q_layer.bias', 'decoder.layers.3.trg_trg_att.q_layer.weight', 'decoder.layers.3.trg_trg_att.v_layer.bias', 'decoder.layers.3.trg_trg_att.v_layer.weight', 'decoder.layers.3.x_layer_norm.bias', 'decoder.layers.3.x_layer_norm.weight', 'decoder.layers.4.dec_layer_norm.bias', 'decoder.layers.4.dec_layer_norm.weight', 'decoder.layers.4.feed_forward.layer_norm.bias', 'decoder.layers.4.feed_forward.layer_norm.weight', 'decoder.layers.4.feed_forward.pwff_layer.0.bias', 'decoder.layers.4.feed_forward.pwff_layer.0.weight', 'decoder.layers.4.feed_forward.pwff_layer.3.bias', 'decoder.layers.4.feed_forward.pwff_layer.3.weight', 'decoder.layers.4.src_trg_att.k_layer.bias', 'decoder.layers.4.src_trg_att.k_layer.weight', 'decoder.layers.4.src_trg_att.output_layer.bias', 'decoder.layers.4.src_trg_att.output_layer.weight', 'decoder.layers.4.src_trg_att.q_layer.bias', 'decoder.layers.4.src_trg_att.q_layer.weight', 'decoder.layers.4.src_trg_att.v_layer.bias', 'decoder.layers.4.src_trg_att.v_layer.weight', 'decoder.layers.4.trg_trg_att.k_layer.bias', 'decoder.layers.4.trg_trg_att.k_layer.weight', 'decoder.layers.4.trg_trg_att.output_layer.bias', 'decoder.layers.4.trg_trg_att.output_layer.weight', 'decoder.layers.4.trg_trg_att.q_layer.bias', 'decoder.layers.4.trg_trg_att.q_layer.weight', 'decoder.layers.4.trg_trg_att.v_layer.bias', 'decoder.layers.4.trg_trg_att.v_layer.weight', 'decoder.layers.4.x_layer_norm.bias', 'decoder.layers.4.x_layer_norm.weight', 'decoder.layers.5.dec_layer_norm.bias', 'decoder.layers.5.dec_layer_norm.weight', 'decoder.layers.5.feed_forward.layer_norm.bias', 'decoder.layers.5.feed_forward.layer_norm.weight', 'decoder.layers.5.feed_forward.pwff_layer.0.bias', 'decoder.layers.5.feed_forward.pwff_layer.0.weight', 'decoder.layers.5.feed_forward.pwff_layer.3.bias', 'decoder.layers.5.feed_forward.pwff_layer.3.weight', 'decoder.layers.5.src_trg_att.k_layer.bias', 'decoder.layers.5.src_trg_att.k_layer.weight', 'decoder.layers.5.src_trg_att.output_layer.bias', 'decoder.layers.5.src_trg_att.output_layer.weight', 'decoder.layers.5.src_trg_att.q_layer.bias', 'decoder.layers.5.src_trg_att.q_layer.weight', 'decoder.layers.5.src_trg_att.v_layer.bias', 'decoder.layers.5.src_trg_att.v_layer.weight', 'decoder.layers.5.trg_trg_att.k_layer.bias', 'decoder.layers.5.trg_trg_att.k_layer.weight', 'decoder.layers.5.trg_trg_att.output_layer.bias', 'decoder.layers.5.trg_trg_att.output_layer.weight', 'decoder.layers.5.trg_trg_att.q_layer.bias', 'decoder.layers.5.trg_trg_att.q_layer.weight', 'decoder.layers.5.trg_trg_att.v_layer.bias', 'decoder.layers.5.trg_trg_att.v_layer.weight', 'decoder.layers.5.x_layer_norm.bias', 'decoder.layers.5.x_layer_norm.weight', 'encoder.layer_norm.bias', 'encoder.layer_norm.weight', 'encoder.layers.0.feed_forward.layer_norm.bias', 'encoder.layers.0.feed_forward.layer_norm.weight', 'encoder.layers.0.feed_forward.pwff_layer.0.bias', 'encoder.layers.0.feed_forward.pwff_layer.0.weight', 'encoder.layers.0.feed_forward.pwff_layer.3.bias', 'encoder.layers.0.feed_forward.pwff_layer.3.weight', 'encoder.layers.0.layer_norm.bias', 'encoder.layers.0.layer_norm.weight', 'encoder.layers.0.src_src_att.k_layer.bias', 'encoder.layers.0.src_src_att.k_layer.weight', 'encoder.layers.0.src_src_att.output_layer.bias', 'encoder.layers.0.src_src_att.output_layer.weight', 'encoder.layers.0.src_src_att.q_layer.bias', 'encoder.layers.0.src_src_att.q_layer.weight', 'encoder.layers.0.src_src_att.v_layer.bias', 'encoder.layers.0.src_src_att.v_layer.weight', 'encoder.layers.1.feed_forward.layer_norm.bias', 'encoder.layers.1.feed_forward.layer_norm.weight', 'encoder.layers.1.feed_forward.pwff_layer.0.bias', 'encoder.layers.1.feed_forward.pwff_layer.0.weight', 'encoder.layers.1.feed_forward.pwff_layer.3.bias', 'encoder.layers.1.feed_forward.pwff_layer.3.weight', 'encoder.layers.1.layer_norm.bias', 'encoder.layers.1.layer_norm.weight', 'encoder.layers.1.src_src_att.k_layer.bias', 'encoder.layers.1.src_src_att.k_layer.weight', 'encoder.layers.1.src_src_att.output_layer.bias', 'encoder.layers.1.src_src_att.output_layer.weight', 'encoder.layers.1.src_src_att.q_layer.bias', 'encoder.layers.1.src_src_att.q_layer.weight', 'encoder.layers.1.src_src_att.v_layer.bias', 'encoder.layers.1.src_src_att.v_layer.weight', 'encoder.layers.2.feed_forward.layer_norm.bias', 'encoder.layers.2.feed_forward.layer_norm.weight', 'encoder.layers.2.feed_forward.pwff_layer.0.bias', 'encoder.layers.2.feed_forward.pwff_layer.0.weight', 'encoder.layers.2.feed_forward.pwff_layer.3.bias', 'encoder.layers.2.feed_forward.pwff_layer.3.weight', 'encoder.layers.2.layer_norm.bias', 'encoder.layers.2.layer_norm.weight', 'encoder.layers.2.src_src_att.k_layer.bias', 'encoder.layers.2.src_src_att.k_layer.weight', 'encoder.layers.2.src_src_att.output_layer.bias', 'encoder.layers.2.src_src_att.output_layer.weight', 'encoder.layers.2.src_src_att.q_layer.bias', 'encoder.layers.2.src_src_att.q_layer.weight', 'encoder.layers.2.src_src_att.v_layer.bias', 'encoder.layers.2.src_src_att.v_layer.weight', 'encoder.layers.3.feed_forward.layer_norm.bias', 'encoder.layers.3.feed_forward.layer_norm.weight', 'encoder.layers.3.feed_forward.pwff_layer.0.bias', 'encoder.layers.3.feed_forward.pwff_layer.0.weight', 'encoder.layers.3.feed_forward.pwff_layer.3.bias', 'encoder.layers.3.feed_forward.pwff_layer.3.weight', 'encoder.layers.3.layer_norm.bias', 'encoder.layers.3.layer_norm.weight', 'encoder.layers.3.src_src_att.k_layer.bias', 'encoder.layers.3.src_src_att.k_layer.weight', 'encoder.layers.3.src_src_att.output_layer.bias', 'encoder.layers.3.src_src_att.output_layer.weight', 'encoder.layers.3.src_src_att.q_layer.bias', 'encoder.layers.3.src_src_att.q_layer.weight', 'encoder.layers.3.src_src_att.v_layer.bias', 'encoder.layers.3.src_src_att.v_layer.weight', 'encoder.layers.4.feed_forward.layer_norm.bias', 'encoder.layers.4.feed_forward.layer_norm.weight', 'encoder.layers.4.feed_forward.pwff_layer.0.bias', 'encoder.layers.4.feed_forward.pwff_layer.0.weight', 'encoder.layers.4.feed_forward.pwff_layer.3.bias', 'encoder.layers.4.feed_forward.pwff_layer.3.weight', 'encoder.layers.4.layer_norm.bias', 'encoder.layers.4.layer_norm.weight', 'encoder.layers.4.src_src_att.k_layer.bias', 'encoder.layers.4.src_src_att.k_layer.weight', 'encoder.layers.4.src_src_att.output_layer.bias', 'encoder.layers.4.src_src_att.output_layer.weight', 'encoder.layers.4.src_src_att.q_layer.bias', 'encoder.layers.4.src_src_att.q_layer.weight', 'encoder.layers.4.src_src_att.v_layer.bias', 'encoder.layers.4.src_src_att.v_layer.weight', 'encoder.layers.5.feed_forward.layer_norm.bias', 'encoder.layers.5.feed_forward.layer_norm.weight', 'encoder.layers.5.feed_forward.pwff_layer.0.bias', 'encoder.layers.5.feed_forward.pwff_layer.0.weight', 'encoder.layers.5.feed_forward.pwff_layer.3.bias', 'encoder.layers.5.feed_forward.pwff_layer.3.weight', 'encoder.layers.5.layer_norm.bias', 'encoder.layers.5.layer_norm.weight', 'encoder.layers.5.src_src_att.k_layer.bias', 'encoder.layers.5.src_src_att.k_layer.weight', 'encoder.layers.5.src_src_att.output_layer.bias', 'encoder.layers.5.src_src_att.output_layer.weight', 'encoder.layers.5.src_src_att.q_layer.bias', 'encoder.layers.5.src_src_att.q_layer.weight', 'encoder.layers.5.src_src_att.v_layer.bias', 'encoder.layers.5.src_src_att.v_layer.weight', 'src_embed.lut.weight', 'trg_embed.lut.weight']
2020-08-09 20:10:43,588 cfg.data.dev                       : chatnmt/multi_encoder/dev_subset.tags.bpe.10000
2020-08-09 20:10:43,588 cfg.data.level                     : bpe
2020-08-09 20:10:43,588 cfg.data.lowercase                 : False
2020-08-09 20:10:43,588 cfg.data.max_sent_length           : 100
2020-08-09 20:10:43,588 cfg.data.src                       : en
2020-08-09 20:10:43,589 cfg.data.test                      : chatnmt/multi_encoder/test.tags.bpe.10000
2020-08-09 20:10:43,589 cfg.data.train                     : chatnmt/multi_encoder/train_subset.tags.bpe.10000
2020-08-09 20:10:43,589 cfg.data.trg                       : de
2020-08-09 20:10:43,589 cfg.model.bias_initializer         : zeros
2020-08-09 20:10:43,589 cfg.model.decoder.dropout          : 0.1
2020-08-09 20:10:43,589 cfg.model.decoder.embeddings.dropout : 0.0
2020-08-09 20:10:43,589 cfg.model.decoder.embeddings.embedding_dim : 128
2020-08-09 20:10:43,589 cfg.model.decoder.embeddings.scale : True
2020-08-09 20:10:43,589 cfg.model.decoder.ff_size          : 512
2020-08-09 20:10:43,589 cfg.model.decoder.freeze           : False
2020-08-09 20:10:43,589 cfg.model.decoder.hidden_size      : 128
2020-08-09 20:10:43,589 cfg.model.decoder.num_heads        : 8
2020-08-09 20:10:43,589 cfg.model.decoder.num_layers       : 6
2020-08-09 20:10:43,589 cfg.model.decoder.type             : transformer
2020-08-09 20:10:43,589 cfg.model.embed_init_gain          : 1.0
2020-08-09 20:10:43,590 cfg.model.embed_initializer        : xavier
2020-08-09 20:10:43,590 cfg.model.encoder.dropout          : 0.1
2020-08-09 20:10:43,590 cfg.model.encoder.embeddings.dropout : 0.0
2020-08-09 20:10:43,590 cfg.model.encoder.embeddings.embedding_dim : 128
2020-08-09 20:10:43,590 cfg.model.encoder.embeddings.scale : True
2020-08-09 20:10:43,590 cfg.model.encoder.ff_size          : 512
2020-08-09 20:10:43,590 cfg.model.encoder.freeze           : False
2020-08-09 20:10:43,590 cfg.model.encoder.hidden_size      : 128
2020-08-09 20:10:43,590 cfg.model.encoder.multi_encoder    : False
2020-08-09 20:10:43,590 cfg.model.encoder.num_heads        : 8
2020-08-09 20:10:43,590 cfg.model.encoder.num_layers       : 6
2020-08-09 20:10:43,590 cfg.model.encoder.type             : transformer
2020-08-09 20:10:43,590 cfg.model.init_gain                : 1.0
2020-08-09 20:10:43,590 cfg.model.initializer              : xavier
2020-08-09 20:10:43,590 cfg.model.tied_embeddings          : False
2020-08-09 20:10:43,590 cfg.model.tied_softmax             : True
2020-08-09 20:10:43,590 cfg.name                           : transformer
2020-08-09 20:10:43,591 cfg.testing.alpha                  : 1.0
2020-08-09 20:10:43,591 cfg.testing.beam_size              : 5
2020-08-09 20:10:43,591 cfg.training.adam_betas            : [0.9, 0.999]
2020-08-09 20:10:43,591 cfg.training.batch_multiplier      : 1
2020-08-09 20:10:43,591 cfg.training.batch_size            : 1024
2020-08-09 20:10:43,591 cfg.training.batch_type            : token
2020-08-09 20:10:43,591 cfg.training.decrease_factor       : 0.7
2020-08-09 20:10:43,591 cfg.training.early_stopping_metric : ppl
2020-08-09 20:10:43,591 cfg.training.epochs                : 20
2020-08-09 20:10:43,591 cfg.training.eval_metric           : bleu
2020-08-09 20:10:43,591 cfg.training.keep_last_ckpts       : 3
2020-08-09 20:10:43,591 cfg.training.label_smoothing       : 0.1
2020-08-09 20:10:43,591 cfg.training.learning_rate         : 0.0002
2020-08-09 20:10:43,591 cfg.training.learning_rate_min     : 1e-08
2020-08-09 20:10:43,591 cfg.training.logging_freq          : 100
2020-08-09 20:10:43,592 cfg.training.loss                  : crossentropy
2020-08-09 20:10:43,592 cfg.training.max_output_length     : 100
2020-08-09 20:10:43,592 cfg.training.model_dir             : models/viznet/attempt2/8_8_0.1_128_128_1024_6_10
2020-08-09 20:10:43,592 cfg.training.normalization         : tokens
2020-08-09 20:10:43,592 cfg.training.optimizer             : adam
2020-08-09 20:10:43,592 cfg.training.overwrite             : True
2020-08-09 20:10:43,592 cfg.training.patience              : 8
2020-08-09 20:10:43,592 cfg.training.print_valid_sents     : [0, 1, 2, 3]
2020-08-09 20:10:43,592 cfg.training.random_seed           : 42
2020-08-09 20:10:43,592 cfg.training.scheduling            : plateau
2020-08-09 20:10:43,592 cfg.training.shuffle               : True
2020-08-09 20:10:43,592 cfg.training.use_cuda              : True
2020-08-09 20:10:43,592 cfg.training.validation_freq       : 200
2020-08-09 20:10:43,592 cfg.training.weight_decay          : 0.0
2020-08-09 20:10:43,592 Data set sizes: 
	train 5000,
	valid 500,
	test 1220
2020-08-09 20:10:43,593 First training example:
	[SRC] hi there ! how can i help ?
	[TRG] hallo ! wie kann ich helfen ?
2020-08-09 20:10:43,593 First 10 words (src): (0) <unk> (1) <pad> (2) <s> (3) </s> (4) . (5) , (6) ? (7) you (8) i (9) the
2020-08-09 20:10:43,593 First 10 words (trg): (0) <unk> (1) <pad> (2) <s> (3) </s> (4) . (5) , (6) ? (7) sie (8) ich (9) das
2020-08-09 20:10:43,593 Number of Src words (types): 3468
2020-08-09 20:10:43,594 Number of Trg words (types): 4487
2020-08-09 20:10:43,594 Model(
	encoder=TransformerEncoder(num_layers=6, num_heads=8),
	decoder=TransformerDecoder(num_layers=6, num_heads=8),
	src_embed=Embeddings(embedding_dim=128, vocab_size=3468),
	trg_embed=Embeddings(embedding_dim=128, vocab_size=4487))
2020-08-09 20:10:43,598 EPOCH 1
2020-08-09 20:10:49,796 Epoch   1: total training loss 601.63
2020-08-09 20:10:49,797 EPOCH 2
2020-08-09 20:10:49,938 Epoch   2 Step:      100 Batch Loss:     5.095981 Tokens per Sec:     9918, Lr: 0.000200
2020-08-09 20:10:56,099 Epoch   2: total training loss 503.31
2020-08-09 20:10:56,099 EPOCH 3
2020-08-09 20:10:56,296 Epoch   3 Step:      200 Batch Loss:     4.294210 Tokens per Sec:    10189, Lr: 0.000200
2020-08-09 20:10:58,223 Hooray! New best validation result [ppl]!
2020-08-09 20:10:58,224 Saving new checkpoint.
2020-08-09 20:10:58,364 Example #0
2020-08-09 20:10:58,365 	Raw source:     ['hello', '.']
2020-08-09 20:10:58,365 	Raw hypothesis: ['.']
2020-08-09 20:10:58,365 	Source:     hello .
2020-08-09 20:10:58,365 	Reference:  hallo ,
2020-08-09 20:10:58,365 	Hypothesis: .
2020-08-09 20:10:58,365 Example #1
2020-08-09 20:10:58,365 	Raw source:     ['hi', ',', 'how', 'can', 'i', 'help', 'you', '?']
2020-08-09 20:10:58,365 	Raw hypothesis: [',', ',']
2020-08-09 20:10:58,365 	Source:     hi , how can i help you ?
2020-08-09 20:10:58,365 	Reference:  hallo , wie kann ich ihnen helfen ?
2020-08-09 20:10:58,365 	Hypothesis: , ,
2020-08-09 20:10:58,365 Example #2
2020-08-09 20:10:58,365 	Raw source:     ['hi', ',', 'i', '&apos;m', 'looking', 'for', 'a', 'restaurant', 'inside', 'the', 'arden', 'fair', 'mall', 'in', 'san', 'francisco', ',', 'california', '.']
2020-08-09 20:10:58,365 	Raw hypothesis: [',', ',', ',', ',', ',', ',', ',', ',', ',']
2020-08-09 20:10:58,365 	Source:     hi , i &apos;m looking for a restaurant inside the arden fair mall in san francisco , california .
2020-08-09 20:10:58,365 	Reference:  hallo , ich bin auf der suche nach einem restaurant im arden fair einkaufszentrum in san francisco , kalifornien .
2020-08-09 20:10:58,365 	Hypothesis: , , , , , , , , ,
2020-08-09 20:10:58,365 Example #3
2020-08-09 20:10:58,366 	Raw source:     ['ok', ',', 'what', 'type', 'of', 'restaurant', 'are', 'you', 'looking', 'for', '?']
2020-08-09 20:10:58,366 	Raw hypothesis: [',', ',', ',']
2020-08-09 20:10:58,366 	Source:     ok , what type of restaurant are you looking for ?
2020-08-09 20:10:58,366 	Reference:  ok . welche art von restaurant suchen sie denn genau ?
2020-08-09 20:10:58,366 	Hypothesis: , , ,
2020-08-09 20:10:58,366 Validation result (greedy) at epoch   3, step      200: bleu:   0.00, loss: 32372.2539, ppl: 157.3015, duration: 2.0690s
2020-08-09 20:11:04,418 Epoch   3: total training loss 473.06
2020-08-09 20:11:04,419 EPOCH 4
2020-08-09 20:11:04,685 Epoch   4 Step:      300 Batch Loss:     4.233154 Tokens per Sec:     6148, Lr: 0.000200
2020-08-09 20:11:10,847 Epoch   4: total training loss 448.22
2020-08-09 20:11:10,847 EPOCH 5
2020-08-09 20:11:11,189 Epoch   5 Step:      400 Batch Loss:     3.803769 Tokens per Sec:     8758, Lr: 0.000200
2020-08-09 20:11:23,418 Hooray! New best validation result [ppl]!
2020-08-09 20:11:23,418 Saving new checkpoint.
2020-08-09 20:11:23,535 Example #0
2020-08-09 20:11:23,535 	Raw source:     ['hello', '.']
2020-08-09 20:11:23,535 	Raw hypothesis: ['ja', '.']
2020-08-09 20:11:23,535 	Source:     hello .
2020-08-09 20:11:23,535 	Reference:  hallo ,
2020-08-09 20:11:23,535 	Hypothesis: ja .
2020-08-09 20:11:23,536 Example #1
2020-08-09 20:11:23,536 	Raw source:     ['hi', ',', 'how', 'can', 'i', 'help', 'you', '?']
2020-08-09 20:11:23,536 	Raw hypothesis: ['ich', 'ich', 'ich', 'ich', 'ich', 'ich', '?']
2020-08-09 20:11:23,536 	Source:     hi , how can i help you ?
2020-08-09 20:11:23,536 	Reference:  hallo , wie kann ich ihnen helfen ?
2020-08-09 20:11:23,536 	Hypothesis: ich ich ich ich ich ich ?
2020-08-09 20:11:23,536 Example #2
2020-08-09 20:11:23,536 	Raw source:     ['hi', ',', 'i', '&apos;m', 'looking', 'for', 'a', 'restaurant', 'inside', 'the', 'arden', 'fair', 'mall', 'in', 'san', 'francisco', ',', 'california', '.']
2020-08-09 20:11:23,536 	Raw hypothesis: ['ich', 'ich', 'ich', 'ich', 'ich', 'ich', 'ich', 'ich', 'ich', 'ich', 'ich', 'ich', 'ich', 'ich', 'ich', 'ich', 'ich', 'ich', 'ich', 'ich', 'ich', 'ich', 'ich', '.']
2020-08-09 20:11:23,536 	Source:     hi , i &apos;m looking for a restaurant inside the arden fair mall in san francisco , california .
2020-08-09 20:11:23,536 	Reference:  hallo , ich bin auf der suche nach einem restaurant im arden fair einkaufszentrum in san francisco , kalifornien .
2020-08-09 20:11:23,536 	Hypothesis: ich ich ich ich ich ich ich ich ich ich ich ich ich ich ich ich ich ich ich ich ich ich ich .
2020-08-09 20:11:23,536 Example #3
2020-08-09 20:11:23,536 	Raw source:     ['ok', ',', 'what', 'type', 'of', 'restaurant', 'are', 'you', 'looking', 'for', '?']
2020-08-09 20:11:23,536 	Raw hypothesis: ['okay', ',', 'sie', 'sie', 'sie', 'sie', 'sie', 'sie', 'sie', 'sie', 'sie', 'sie', 'sie', '?']
2020-08-09 20:11:23,536 	Source:     ok , what type of restaurant are you looking for ?
2020-08-09 20:11:23,536 	Reference:  ok . welche art von restaurant suchen sie denn genau ?
2020-08-09 20:11:23,537 	Hypothesis: okay , sie sie sie sie sie sie sie sie sie sie sie ?
2020-08-09 20:11:23,537 Validation result (greedy) at epoch   5, step      400: bleu:   0.00, loss: 29319.3926, ppl:  97.6271, duration: 12.3472s
2020-08-09 20:11:29,482 Epoch   5: total training loss 430.58
2020-08-09 20:11:29,482 EPOCH 6
2020-08-09 20:11:29,813 Epoch   6 Step:      500 Batch Loss:     3.514278 Tokens per Sec:     9168, Lr: 0.000200
2020-08-09 20:11:35,652 Epoch   6: total training loss 399.17
2020-08-09 20:11:35,652 EPOCH 7
2020-08-09 20:11:36,114 Epoch   7 Step:      600 Batch Loss:     3.305137 Tokens per Sec:    10370, Lr: 0.000200
2020-08-09 20:11:40,433 Hooray! New best validation result [ppl]!
2020-08-09 20:11:40,434 Saving new checkpoint.
2020-08-09 20:11:40,550 Example #0
2020-08-09 20:11:40,551 	Raw source:     ['hello', '.']
2020-08-09 20:11:40,551 	Raw hypothesis: ['hallo', ',', 'ich', 'ich']
2020-08-09 20:11:40,551 	Source:     hello .
2020-08-09 20:11:40,551 	Reference:  hallo ,
2020-08-09 20:11:40,551 	Hypothesis: hallo , ich ich
2020-08-09 20:11:40,551 Example #1
2020-08-09 20:11:40,551 	Raw source:     ['hi', ',', 'how', 'can', 'i', 'help', 'you', '?']
2020-08-09 20:11:40,551 	Raw hypothesis: ['hallo', ',', 'ich', 'ich', 'ich', 'ihnen', 'ihnen', '?']
2020-08-09 20:11:40,551 	Source:     hi , how can i help you ?
2020-08-09 20:11:40,551 	Reference:  hallo , wie kann ich ihnen helfen ?
2020-08-09 20:11:40,551 	Hypothesis: hallo , ich ich ich ihnen ihnen ?
2020-08-09 20:11:40,551 Example #2
2020-08-09 20:11:40,551 	Raw source:     ['hi', ',', 'i', '&apos;m', 'looking', 'for', 'a', 'restaurant', 'inside', 'the', 'arden', 'fair', 'mall', 'in', 'san', 'francisco', ',', 'california', '.']
2020-08-09 20:11:40,551 	Raw hypothesis: ['ich', 'ich', 'möchte', 'möchte', 'einen', 'einen', 'einen', 'einen', 'einen', 'einen', 'einen', 'einen', 'einen', 'ein', '.']
2020-08-09 20:11:40,551 	Source:     hi , i &apos;m looking for a restaurant inside the arden fair mall in san francisco , california .
2020-08-09 20:11:40,551 	Reference:  hallo , ich bin auf der suche nach einem restaurant im arden fair einkaufszentrum in san francisco , kalifornien .
2020-08-09 20:11:40,551 	Hypothesis: ich ich möchte möchte einen einen einen einen einen einen einen einen einen ein .
2020-08-09 20:11:40,552 Example #3
2020-08-09 20:11:40,552 	Raw source:     ['ok', ',', 'what', 'type', 'of', 'restaurant', 'are', 'you', 'looking', 'for', '?']
2020-08-09 20:11:40,552 	Raw hypothesis: ['ok', ',', 'sie', 'sie', 'sie', 'sie', 'sie', 'sie', 'sie', 'sie', '?']
2020-08-09 20:11:40,552 	Source:     ok , what type of restaurant are you looking for ?
2020-08-09 20:11:40,552 	Reference:  ok . welche art von restaurant suchen sie denn genau ?
2020-08-09 20:11:40,552 	Hypothesis: ok , sie sie sie sie sie sie sie sie ?
2020-08-09 20:11:40,552 Validation result (greedy) at epoch   7, step      600: bleu:   0.00, loss: 27046.0664, ppl:  68.4393, duration: 4.4374s
2020-08-09 20:11:46,280 Epoch   7: total training loss 380.94
2020-08-09 20:11:46,281 EPOCH 8
2020-08-09 20:11:46,873 Epoch   8 Step:      700 Batch Loss:     4.251509 Tokens per Sec:     9978, Lr: 0.000200
2020-08-09 20:11:52,619 Epoch   8: total training loss 365.44
2020-08-09 20:11:52,619 EPOCH 9
2020-08-09 20:11:53,262 Epoch   9 Step:      800 Batch Loss:     1.053074 Tokens per Sec:     9330, Lr: 0.000200
2020-08-09 20:12:00,359 Hooray! New best validation result [ppl]!
2020-08-09 20:12:00,359 Saving new checkpoint.
2020-08-09 20:12:00,482 Example #0
2020-08-09 20:12:00,483 	Raw source:     ['hello', '.']
2020-08-09 20:12:00,483 	Raw hypothesis: ['hallo', ',']
2020-08-09 20:12:00,483 	Source:     hello .
2020-08-09 20:12:00,483 	Reference:  hallo ,
2020-08-09 20:12:00,483 	Hypothesis: hallo ,
2020-08-09 20:12:00,483 Example #1
2020-08-09 20:12:00,483 	Raw source:     ['hi', ',', 'how', 'can', 'i', 'help', 'you', '?']
2020-08-09 20:12:00,483 	Raw hypothesis: ['hallo', ',', 'wie', 'kann', 'ich', 'ihnen', 'helfen', '?']
2020-08-09 20:12:00,483 	Source:     hi , how can i help you ?
2020-08-09 20:12:00,483 	Reference:  hallo , wie kann ich ihnen helfen ?
2020-08-09 20:12:00,483 	Hypothesis: hallo , wie kann ich ihnen helfen ?
2020-08-09 20:12:00,483 Example #2
2020-08-09 20:12:00,483 	Raw source:     ['hi', ',', 'i', '&apos;m', 'looking', 'for', 'a', 'restaurant', 'inside', 'the', 'arden', 'fair', 'mall', 'in', 'san', 'francisco', ',', 'california', '.']
2020-08-09 20:12:00,483 	Raw hypothesis: ['hallo', ',', 'ich', 'möchte', 'ein', 'ein', 'ein', 'ein', 'der', 'der', 'der', 'der', '00', 'uhr', '.']
2020-08-09 20:12:00,483 	Source:     hi , i &apos;m looking for a restaurant inside the arden fair mall in san francisco , california .
2020-08-09 20:12:00,483 	Reference:  hallo , ich bin auf der suche nach einem restaurant im arden fair einkaufszentrum in san francisco , kalifornien .
2020-08-09 20:12:00,483 	Hypothesis: hallo , ich möchte ein ein ein ein der der der der 00 uhr .
2020-08-09 20:12:00,483 Example #3
2020-08-09 20:12:00,483 	Raw source:     ['ok', ',', 'what', 'type', 'of', 'restaurant', 'are', 'you', 'looking', 'for', '?']
2020-08-09 20:12:00,483 	Raw hypothesis: ['okay', ',', 'sie', 'sie', 'sie', 'mir', 'mir', 'ihnen', '?']
2020-08-09 20:12:00,483 	Source:     ok , what type of restaurant are you looking for ?
2020-08-09 20:12:00,484 	Reference:  ok . welche art von restaurant suchen sie denn genau ?
2020-08-09 20:12:00,484 	Hypothesis: okay , sie sie sie mir mir ihnen ?
2020-08-09 20:12:00,484 Validation result (greedy) at epoch   9, step      800: bleu:   6.06, loss: 24841.8145, ppl:  48.4985, duration: 7.2209s
2020-08-09 20:12:06,121 Epoch   9: total training loss 351.18
2020-08-09 20:12:06,121 EPOCH 10
2020-08-09 20:12:06,836 Epoch  10 Step:      900 Batch Loss:     3.983532 Tokens per Sec:    10908, Lr: 0.000200
2020-08-09 20:12:12,429 Epoch  10: total training loss 335.56
2020-08-09 20:12:12,429 EPOCH 11
2020-08-09 20:12:13,189 Epoch  11 Step:     1000 Batch Loss:     3.408419 Tokens per Sec:    10211, Lr: 0.000200
2020-08-09 20:12:19,811 Hooray! New best validation result [ppl]!
2020-08-09 20:12:19,812 Saving new checkpoint.
2020-08-09 20:12:19,939 Example #0
2020-08-09 20:12:19,939 	Raw source:     ['hello', '.']
2020-08-09 20:12:19,939 	Raw hypothesis: ['hallo', ',']
2020-08-09 20:12:19,939 	Source:     hello .
2020-08-09 20:12:19,940 	Reference:  hallo ,
2020-08-09 20:12:19,940 	Hypothesis: hallo ,
2020-08-09 20:12:19,940 Example #1
2020-08-09 20:12:19,940 	Raw source:     ['hi', ',', 'how', 'can', 'i', 'help', 'you', '?']
2020-08-09 20:12:19,940 	Raw hypothesis: ['hallo', ',', 'wie', 'kann', 'ich', 'ihnen', 'helfen', '?']
2020-08-09 20:12:19,940 	Source:     hi , how can i help you ?
2020-08-09 20:12:19,940 	Reference:  hallo , wie kann ich ihnen helfen ?
2020-08-09 20:12:19,940 	Hypothesis: hallo , wie kann ich ihnen helfen ?
2020-08-09 20:12:19,940 Example #2
2020-08-09 20:12:19,940 	Raw source:     ['hi', ',', 'i', '&apos;m', 'looking', 'for', 'a', 'restaurant', 'inside', 'the', 'arden', 'fair', 'mall', 'in', 'san', 'francisco', ',', 'california', '.']
2020-08-09 20:12:19,940 	Raw hypothesis: ['hallo', ',', 'ich', 'möchte', 'ein', 'der', 'der', 'der', 'der', 'der', 'der', 'san', 'francisco', ',', 'der', 'san', '.']
2020-08-09 20:12:19,940 	Source:     hi , i &apos;m looking for a restaurant inside the arden fair mall in san francisco , california .
2020-08-09 20:12:19,940 	Reference:  hallo , ich bin auf der suche nach einem restaurant im arden fair einkaufszentrum in san francisco , kalifornien .
2020-08-09 20:12:19,940 	Hypothesis: hallo , ich möchte ein der der der der der der san francisco , der san .
2020-08-09 20:12:19,940 Example #3
2020-08-09 20:12:19,940 	Raw source:     ['ok', ',', 'what', 'type', 'of', 'restaurant', 'are', 'you', 'looking', 'for', '?']
2020-08-09 20:12:19,940 	Raw hypothesis: ['ok', ',', 'welche', 'art', 'von', 'pizzen', 'sie', '?']
2020-08-09 20:12:19,940 	Source:     ok , what type of restaurant are you looking for ?
2020-08-09 20:12:19,940 	Reference:  ok . welche art von restaurant suchen sie denn genau ?
2020-08-09 20:12:19,940 	Hypothesis: ok , welche art von pizzen sie ?
2020-08-09 20:12:19,940 Validation result (greedy) at epoch  11, step     1000: bleu:   8.02, loss: 23273.7461, ppl:  37.9596, duration: 6.7507s
2020-08-09 20:12:25,369 Epoch  11: total training loss 316.71
2020-08-09 20:12:25,370 EPOCH 12
2020-08-09 20:12:26,275 Epoch  12 Step:     1100 Batch Loss:     3.081907 Tokens per Sec:    10017, Lr: 0.000200
2020-08-09 20:12:31,784 Epoch  12: total training loss 313.19
2020-08-09 20:12:31,785 EPOCH 13
2020-08-09 20:12:32,702 Epoch  13 Step:     1200 Batch Loss:     3.307541 Tokens per Sec:    10646, Lr: 0.000200
2020-08-09 20:12:39,153 Hooray! New best validation result [ppl]!
2020-08-09 20:12:39,154 Saving new checkpoint.
2020-08-09 20:12:39,279 Example #0
2020-08-09 20:12:39,279 	Raw source:     ['hello', '.']
2020-08-09 20:12:39,279 	Raw hypothesis: ['hallo', '.']
2020-08-09 20:12:39,279 	Source:     hello .
2020-08-09 20:12:39,279 	Reference:  hallo ,
2020-08-09 20:12:39,279 	Hypothesis: hallo .
2020-08-09 20:12:39,279 Example #1
2020-08-09 20:12:39,279 	Raw source:     ['hi', ',', 'how', 'can', 'i', 'help', 'you', '?']
2020-08-09 20:12:39,279 	Raw hypothesis: ['hallo', ',', 'wie', 'kann', 'ich', 'ihnen', 'helfen', '?']
2020-08-09 20:12:39,279 	Source:     hi , how can i help you ?
2020-08-09 20:12:39,280 	Reference:  hallo , wie kann ich ihnen helfen ?
2020-08-09 20:12:39,280 	Hypothesis: hallo , wie kann ich ihnen helfen ?
2020-08-09 20:12:39,280 Example #2
2020-08-09 20:12:39,280 	Raw source:     ['hi', ',', 'i', '&apos;m', 'looking', 'for', 'a', 'restaurant', 'inside', 'the', 'arden', 'fair', 'mall', 'in', 'san', 'francisco', ',', 'california', '.']
2020-08-09 20:12:39,280 	Raw hypothesis: ['hallo', ',', 'ich', 'möchte', 'ein', 'paar', 'pizzen', ',', 'der', 'san', 'francisco', ',', 'der', 'san', 'francisco', ',', 'der', 'san', 'francisco', ',', 'der', 'san', 'francisco', ',', 'der', 'san', 'francisco', ',', 'der', 'san', 'francisco', ',', 'kalifornien', '.']
2020-08-09 20:12:39,280 	Source:     hi , i &apos;m looking for a restaurant inside the arden fair mall in san francisco , california .
2020-08-09 20:12:39,280 	Reference:  hallo , ich bin auf der suche nach einem restaurant im arden fair einkaufszentrum in san francisco , kalifornien .
2020-08-09 20:12:39,280 	Hypothesis: hallo , ich möchte ein paar pizzen , der san francisco , der san francisco , der san francisco , der san francisco , der san francisco , der san francisco , kalifornien .
2020-08-09 20:12:39,280 Example #3
2020-08-09 20:12:39,280 	Raw source:     ['ok', ',', 'what', 'type', 'of', 'restaurant', 'are', 'you', 'looking', 'for', '?']
2020-08-09 20:12:39,280 	Raw hypothesis: ['okay', ',', 'welche', 'art', 'von', 'pizzen', 'sie', '?']
2020-08-09 20:12:39,280 	Source:     ok , what type of restaurant are you looking for ?
2020-08-09 20:12:39,280 	Reference:  ok . welche art von restaurant suchen sie denn genau ?
2020-08-09 20:12:39,280 	Hypothesis: okay , welche art von pizzen sie ?
2020-08-09 20:12:39,280 Validation result (greedy) at epoch  13, step     1200: bleu:  10.01, loss: 22040.3516, ppl:  31.3058, duration: 6.5778s
2020-08-09 20:12:44,747 Epoch  13: total training loss 300.47
2020-08-09 20:12:44,748 EPOCH 14
2020-08-09 20:12:45,636 Epoch  14 Step:     1300 Batch Loss:     0.752357 Tokens per Sec:     9911, Lr: 0.000200
2020-08-09 20:12:51,014 Epoch  14: total training loss 285.02
2020-08-09 20:12:51,015 EPOCH 15
2020-08-09 20:12:51,971 Epoch  15 Step:     1400 Batch Loss:     2.151396 Tokens per Sec:    10141, Lr: 0.000200
2020-08-09 20:12:58,892 Hooray! New best validation result [ppl]!
2020-08-09 20:12:58,892 Saving new checkpoint.
2020-08-09 20:12:59,014 Example #0
2020-08-09 20:12:59,014 	Raw source:     ['hello', '.']
2020-08-09 20:12:59,015 	Raw hypothesis: ['hallo', '.']
2020-08-09 20:12:59,015 	Source:     hello .
2020-08-09 20:12:59,015 	Reference:  hallo ,
2020-08-09 20:12:59,015 	Hypothesis: hallo .
2020-08-09 20:12:59,015 Example #1
2020-08-09 20:12:59,015 	Raw source:     ['hi', ',', 'how', 'can', 'i', 'help', 'you', '?']
2020-08-09 20:12:59,015 	Raw hypothesis: ['hallo', ',', 'wie', 'kann', 'ich', 'ihnen', 'helfen', '?']
2020-08-09 20:12:59,015 	Source:     hi , how can i help you ?
2020-08-09 20:12:59,015 	Reference:  hallo , wie kann ich ihnen helfen ?
2020-08-09 20:12:59,015 	Hypothesis: hallo , wie kann ich ihnen helfen ?
2020-08-09 20:12:59,015 Example #2
2020-08-09 20:12:59,015 	Raw source:     ['hi', ',', 'i', '&apos;m', 'looking', 'for', 'a', 'restaurant', 'inside', 'the', 'arden', 'fair', 'mall', 'in', 'san', 'francisco', ',', 'california', '.']
2020-08-09 20:12:59,015 	Raw hypothesis: ['hallo', ',', 'ich', 'möchte', 'ein', 'paar', 'pizzen', 'in', 'san', 'francisco', ',', 'der', 'san', 'francisco', ',', 'kalifornien', '.']
2020-08-09 20:12:59,015 	Source:     hi , i &apos;m looking for a restaurant inside the arden fair mall in san francisco , california .
2020-08-09 20:12:59,015 	Reference:  hallo , ich bin auf der suche nach einem restaurant im arden fair einkaufszentrum in san francisco , kalifornien .
2020-08-09 20:12:59,015 	Hypothesis: hallo , ich möchte ein paar pizzen in san francisco , der san francisco , kalifornien .
2020-08-09 20:12:59,015 Example #3
2020-08-09 20:12:59,015 	Raw source:     ['ok', ',', 'what', 'type', 'of', 'restaurant', 'are', 'you', 'looking', 'for', '?']
2020-08-09 20:12:59,016 	Raw hypothesis: ['ok', ',', 'welche', 'art', 'von', 'restaurant', 'haben', 'sie', '?']
2020-08-09 20:12:59,016 	Source:     ok , what type of restaurant are you looking for ?
2020-08-09 20:12:59,016 	Reference:  ok . welche art von restaurant suchen sie denn genau ?
2020-08-09 20:12:59,016 	Hypothesis: ok , welche art von restaurant haben sie ?
2020-08-09 20:12:59,016 Validation result (greedy) at epoch  15, step     1400: bleu:  12.08, loss: 20947.6152, ppl:  26.3921, duration: 7.0447s
2020-08-09 20:13:04,225 Epoch  15: total training loss 268.09
2020-08-09 20:13:04,225 EPOCH 16
2020-08-09 20:13:05,347 Epoch  16 Step:     1500 Batch Loss:     3.731961 Tokens per Sec:     9659, Lr: 0.000200
2020-08-09 20:13:10,638 Epoch  16: total training loss 263.05
2020-08-09 20:13:10,638 EPOCH 17
2020-08-09 20:13:11,792 Epoch  17 Step:     1600 Batch Loss:     1.786255 Tokens per Sec:     9907, Lr: 0.000200
2020-08-09 20:13:19,871 Hooray! New best validation result [ppl]!
2020-08-09 20:13:19,871 Saving new checkpoint.
2020-08-09 20:13:19,995 Example #0
2020-08-09 20:13:19,995 	Raw source:     ['hello', '.']
2020-08-09 20:13:19,995 	Raw hypothesis: ['hallo', '.']
2020-08-09 20:13:19,995 	Source:     hello .
2020-08-09 20:13:19,995 	Reference:  hallo ,
2020-08-09 20:13:19,995 	Hypothesis: hallo .
2020-08-09 20:13:19,995 Example #1
2020-08-09 20:13:19,995 	Raw source:     ['hi', ',', 'how', 'can', 'i', 'help', 'you', '?']
2020-08-09 20:13:19,995 	Raw hypothesis: ['hallo', ',', 'wie', 'kann', 'ich', 'ihnen', 'helfen', '?']
2020-08-09 20:13:19,995 	Source:     hi , how can i help you ?
2020-08-09 20:13:19,995 	Reference:  hallo , wie kann ich ihnen helfen ?
2020-08-09 20:13:19,995 	Hypothesis: hallo , wie kann ich ihnen helfen ?
2020-08-09 20:13:19,995 Example #2
2020-08-09 20:13:19,995 	Raw source:     ['hi', ',', 'i', '&apos;m', 'looking', 'for', 'a', 'restaurant', 'inside', 'the', 'arden', 'fair', 'mall', 'in', 'san', 'francisco', ',', 'california', '.']
2020-08-09 20:13:19,995 	Raw hypothesis: ['hallo', ',', 'ich', 'möchte', 'ein', 'restaurant', 'in', 'der', 'nähe', 'in', 'san', 'francisco', ',', 'kalifornien', ',', 'kalifornien', '.']
2020-08-09 20:13:19,995 	Source:     hi , i &apos;m looking for a restaurant inside the arden fair mall in san francisco , california .
2020-08-09 20:13:19,996 	Reference:  hallo , ich bin auf der suche nach einem restaurant im arden fair einkaufszentrum in san francisco , kalifornien .
2020-08-09 20:13:19,996 	Hypothesis: hallo , ich möchte ein restaurant in der nähe in san francisco , kalifornien , kalifornien .
2020-08-09 20:13:19,996 Example #3
2020-08-09 20:13:19,996 	Raw source:     ['ok', ',', 'what', 'type', 'of', 'restaurant', 'are', 'you', 'looking', 'for', '?']
2020-08-09 20:13:19,996 	Raw hypothesis: ['ok', ',', 'welche', 'art', 'von', 'restaurant', 'haben', 'sie', '?']
2020-08-09 20:13:19,996 	Source:     ok , what type of restaurant are you looking for ?
2020-08-09 20:13:19,996 	Reference:  ok . welche art von restaurant suchen sie denn genau ?
2020-08-09 20:13:19,996 	Hypothesis: ok , welche art von restaurant haben sie ?
2020-08-09 20:13:19,996 Validation result (greedy) at epoch  17, step     1600: bleu:  13.73, loss: 20254.9395, ppl:  23.6848, duration: 8.2036s
2020-08-09 20:13:25,146 Epoch  17: total training loss 251.37
2020-08-09 20:13:25,146 EPOCH 18
2020-08-09 20:13:26,382 Epoch  18 Step:     1700 Batch Loss:     2.003895 Tokens per Sec:    10262, Lr: 0.000200
2020-08-09 20:13:31,376 Epoch  18: total training loss 243.82
2020-08-09 20:13:31,376 EPOCH 19
2020-08-09 20:13:32,621 Epoch  19 Step:     1800 Batch Loss:     3.662597 Tokens per Sec:    10627, Lr: 0.000200
2020-08-09 20:13:41,015 Hooray! New best validation result [ppl]!
2020-08-09 20:13:41,015 Saving new checkpoint.
2020-08-09 20:13:41,142 Example #0
2020-08-09 20:13:41,142 	Raw source:     ['hello', '.']
2020-08-09 20:13:41,142 	Raw hypothesis: ['hallo', ',']
2020-08-09 20:13:41,142 	Source:     hello .
2020-08-09 20:13:41,142 	Reference:  hallo ,
2020-08-09 20:13:41,142 	Hypothesis: hallo ,
2020-08-09 20:13:41,142 Example #1
2020-08-09 20:13:41,142 	Raw source:     ['hi', ',', 'how', 'can', 'i', 'help', 'you', '?']
2020-08-09 20:13:41,142 	Raw hypothesis: ['hallo', ',', 'wie', 'kann', 'ich', 'ihnen', 'helfen', '?']
2020-08-09 20:13:41,142 	Source:     hi , how can i help you ?
2020-08-09 20:13:41,143 	Reference:  hallo , wie kann ich ihnen helfen ?
2020-08-09 20:13:41,143 	Hypothesis: hallo , wie kann ich ihnen helfen ?
2020-08-09 20:13:41,143 Example #2
2020-08-09 20:13:41,143 	Raw source:     ['hi', ',', 'i', '&apos;m', 'looking', 'for', 'a', 'restaurant', 'inside', 'the', 'arden', 'fair', 'mall', 'in', 'san', 'francisco', ',', 'california', '.']
2020-08-09 20:13:41,143 	Raw hypothesis: ['hallo', ',', 'ich', 'bin', 'in', 'der', 'nähe', 'in', 'san', 'francisco', ',', 'kalifornien', ',', 'kalifornien', '.']
2020-08-09 20:13:41,143 	Source:     hi , i &apos;m looking for a restaurant inside the arden fair mall in san francisco , california .
2020-08-09 20:13:41,143 	Reference:  hallo , ich bin auf der suche nach einem restaurant im arden fair einkaufszentrum in san francisco , kalifornien .
2020-08-09 20:13:41,143 	Hypothesis: hallo , ich bin in der nähe in san francisco , kalifornien , kalifornien .
2020-08-09 20:13:41,143 Example #3
2020-08-09 20:13:41,143 	Raw source:     ['ok', ',', 'what', 'type', 'of', 'restaurant', 'are', 'you', 'looking', 'for', '?']
2020-08-09 20:13:41,143 	Raw hypothesis: ['ok', ',', 'welche', 'art', 'von', 'restaurant', 'möchten', 'sie', '?']
2020-08-09 20:13:41,143 	Source:     ok , what type of restaurant are you looking for ?
2020-08-09 20:13:41,143 	Reference:  ok . welche art von restaurant suchen sie denn genau ?
2020-08-09 20:13:41,143 	Hypothesis: ok , welche art von restaurant möchten sie ?
2020-08-09 20:13:41,143 Validation result (greedy) at epoch  19, step     1800: bleu:  15.88, loss: 19440.7812, ppl:  20.8556, duration: 8.5211s
2020-08-09 20:13:46,107 Epoch  19: total training loss 232.17
2020-08-09 20:13:46,107 EPOCH 20
2020-08-09 20:13:47,514 Epoch  20 Step:     1900 Batch Loss:     2.808728 Tokens per Sec:    10197, Lr: 0.000200
2020-08-09 20:13:52,432 Epoch  20: total training loss 230.98
2020-08-09 20:13:52,433 Training ended after  20 epochs.
2020-08-09 20:13:52,433 Best validation result (greedy) at step     1800:  20.86 ppl.
