2020-08-11 01:16:04,236 Hello! This is Joey-NMT.
2020-08-11 01:16:05,573 Total params: 96384000
2020-08-11 01:16:05,575 Trainable parameters: ['decoder.layer_norm.bias', 'decoder.layer_norm.weight', 'decoder.layers.0.dec_layer_norm.bias', 'decoder.layers.0.dec_layer_norm.weight', 'decoder.layers.0.feed_forward.layer_norm.bias', 'decoder.layers.0.feed_forward.layer_norm.weight', 'decoder.layers.0.feed_forward.pwff_layer.0.bias', 'decoder.layers.0.feed_forward.pwff_layer.0.weight', 'decoder.layers.0.feed_forward.pwff_layer.3.bias', 'decoder.layers.0.feed_forward.pwff_layer.3.weight', 'decoder.layers.0.src_trg_att.k_layer.bias', 'decoder.layers.0.src_trg_att.k_layer.weight', 'decoder.layers.0.src_trg_att.output_layer.bias', 'decoder.layers.0.src_trg_att.output_layer.weight', 'decoder.layers.0.src_trg_att.q_layer.bias', 'decoder.layers.0.src_trg_att.q_layer.weight', 'decoder.layers.0.src_trg_att.v_layer.bias', 'decoder.layers.0.src_trg_att.v_layer.weight', 'decoder.layers.0.trg_trg_att.k_layer.bias', 'decoder.layers.0.trg_trg_att.k_layer.weight', 'decoder.layers.0.trg_trg_att.output_layer.bias', 'decoder.layers.0.trg_trg_att.output_layer.weight', 'decoder.layers.0.trg_trg_att.q_layer.bias', 'decoder.layers.0.trg_trg_att.q_layer.weight', 'decoder.layers.0.trg_trg_att.v_layer.bias', 'decoder.layers.0.trg_trg_att.v_layer.weight', 'decoder.layers.0.x_layer_norm.bias', 'decoder.layers.0.x_layer_norm.weight', 'decoder.layers.1.dec_layer_norm.bias', 'decoder.layers.1.dec_layer_norm.weight', 'decoder.layers.1.feed_forward.layer_norm.bias', 'decoder.layers.1.feed_forward.layer_norm.weight', 'decoder.layers.1.feed_forward.pwff_layer.0.bias', 'decoder.layers.1.feed_forward.pwff_layer.0.weight', 'decoder.layers.1.feed_forward.pwff_layer.3.bias', 'decoder.layers.1.feed_forward.pwff_layer.3.weight', 'decoder.layers.1.src_trg_att.k_layer.bias', 'decoder.layers.1.src_trg_att.k_layer.weight', 'decoder.layers.1.src_trg_att.output_layer.bias', 'decoder.layers.1.src_trg_att.output_layer.weight', 'decoder.layers.1.src_trg_att.q_layer.bias', 'decoder.layers.1.src_trg_att.q_layer.weight', 'decoder.layers.1.src_trg_att.v_layer.bias', 'decoder.layers.1.src_trg_att.v_layer.weight', 'decoder.layers.1.trg_trg_att.k_layer.bias', 'decoder.layers.1.trg_trg_att.k_layer.weight', 'decoder.layers.1.trg_trg_att.output_layer.bias', 'decoder.layers.1.trg_trg_att.output_layer.weight', 'decoder.layers.1.trg_trg_att.q_layer.bias', 'decoder.layers.1.trg_trg_att.q_layer.weight', 'decoder.layers.1.trg_trg_att.v_layer.bias', 'decoder.layers.1.trg_trg_att.v_layer.weight', 'decoder.layers.1.x_layer_norm.bias', 'decoder.layers.1.x_layer_norm.weight', 'decoder.layers.2.dec_layer_norm.bias', 'decoder.layers.2.dec_layer_norm.weight', 'decoder.layers.2.feed_forward.layer_norm.bias', 'decoder.layers.2.feed_forward.layer_norm.weight', 'decoder.layers.2.feed_forward.pwff_layer.0.bias', 'decoder.layers.2.feed_forward.pwff_layer.0.weight', 'decoder.layers.2.feed_forward.pwff_layer.3.bias', 'decoder.layers.2.feed_forward.pwff_layer.3.weight', 'decoder.layers.2.src_trg_att.k_layer.bias', 'decoder.layers.2.src_trg_att.k_layer.weight', 'decoder.layers.2.src_trg_att.output_layer.bias', 'decoder.layers.2.src_trg_att.output_layer.weight', 'decoder.layers.2.src_trg_att.q_layer.bias', 'decoder.layers.2.src_trg_att.q_layer.weight', 'decoder.layers.2.src_trg_att.v_layer.bias', 'decoder.layers.2.src_trg_att.v_layer.weight', 'decoder.layers.2.trg_trg_att.k_layer.bias', 'decoder.layers.2.trg_trg_att.k_layer.weight', 'decoder.layers.2.trg_trg_att.output_layer.bias', 'decoder.layers.2.trg_trg_att.output_layer.weight', 'decoder.layers.2.trg_trg_att.q_layer.bias', 'decoder.layers.2.trg_trg_att.q_layer.weight', 'decoder.layers.2.trg_trg_att.v_layer.bias', 'decoder.layers.2.trg_trg_att.v_layer.weight', 'decoder.layers.2.x_layer_norm.bias', 'decoder.layers.2.x_layer_norm.weight', 'decoder.layers.3.dec_layer_norm.bias', 'decoder.layers.3.dec_layer_norm.weight', 'decoder.layers.3.feed_forward.layer_norm.bias', 'decoder.layers.3.feed_forward.layer_norm.weight', 'decoder.layers.3.feed_forward.pwff_layer.0.bias', 'decoder.layers.3.feed_forward.pwff_layer.0.weight', 'decoder.layers.3.feed_forward.pwff_layer.3.bias', 'decoder.layers.3.feed_forward.pwff_layer.3.weight', 'decoder.layers.3.src_trg_att.k_layer.bias', 'decoder.layers.3.src_trg_att.k_layer.weight', 'decoder.layers.3.src_trg_att.output_layer.bias', 'decoder.layers.3.src_trg_att.output_layer.weight', 'decoder.layers.3.src_trg_att.q_layer.bias', 'decoder.layers.3.src_trg_att.q_layer.weight', 'decoder.layers.3.src_trg_att.v_layer.bias', 'decoder.layers.3.src_trg_att.v_layer.weight', 'decoder.layers.3.trg_trg_att.k_layer.bias', 'decoder.layers.3.trg_trg_att.k_layer.weight', 'decoder.layers.3.trg_trg_att.output_layer.bias', 'decoder.layers.3.trg_trg_att.output_layer.weight', 'decoder.layers.3.trg_trg_att.q_layer.bias', 'decoder.layers.3.trg_trg_att.q_layer.weight', 'decoder.layers.3.trg_trg_att.v_layer.bias', 'decoder.layers.3.trg_trg_att.v_layer.weight', 'decoder.layers.3.x_layer_norm.bias', 'decoder.layers.3.x_layer_norm.weight', 'decoder.layers.4.dec_layer_norm.bias', 'decoder.layers.4.dec_layer_norm.weight', 'decoder.layers.4.feed_forward.layer_norm.bias', 'decoder.layers.4.feed_forward.layer_norm.weight', 'decoder.layers.4.feed_forward.pwff_layer.0.bias', 'decoder.layers.4.feed_forward.pwff_layer.0.weight', 'decoder.layers.4.feed_forward.pwff_layer.3.bias', 'decoder.layers.4.feed_forward.pwff_layer.3.weight', 'decoder.layers.4.src_trg_att.k_layer.bias', 'decoder.layers.4.src_trg_att.k_layer.weight', 'decoder.layers.4.src_trg_att.output_layer.bias', 'decoder.layers.4.src_trg_att.output_layer.weight', 'decoder.layers.4.src_trg_att.q_layer.bias', 'decoder.layers.4.src_trg_att.q_layer.weight', 'decoder.layers.4.src_trg_att.v_layer.bias', 'decoder.layers.4.src_trg_att.v_layer.weight', 'decoder.layers.4.trg_trg_att.k_layer.bias', 'decoder.layers.4.trg_trg_att.k_layer.weight', 'decoder.layers.4.trg_trg_att.output_layer.bias', 'decoder.layers.4.trg_trg_att.output_layer.weight', 'decoder.layers.4.trg_trg_att.q_layer.bias', 'decoder.layers.4.trg_trg_att.q_layer.weight', 'decoder.layers.4.trg_trg_att.v_layer.bias', 'decoder.layers.4.trg_trg_att.v_layer.weight', 'decoder.layers.4.x_layer_norm.bias', 'decoder.layers.4.x_layer_norm.weight', 'decoder.layers.5.dec_layer_norm.bias', 'decoder.layers.5.dec_layer_norm.weight', 'decoder.layers.5.feed_forward.layer_norm.bias', 'decoder.layers.5.feed_forward.layer_norm.weight', 'decoder.layers.5.feed_forward.pwff_layer.0.bias', 'decoder.layers.5.feed_forward.pwff_layer.0.weight', 'decoder.layers.5.feed_forward.pwff_layer.3.bias', 'decoder.layers.5.feed_forward.pwff_layer.3.weight', 'decoder.layers.5.src_trg_att.k_layer.bias', 'decoder.layers.5.src_trg_att.k_layer.weight', 'decoder.layers.5.src_trg_att.output_layer.bias', 'decoder.layers.5.src_trg_att.output_layer.weight', 'decoder.layers.5.src_trg_att.q_layer.bias', 'decoder.layers.5.src_trg_att.q_layer.weight', 'decoder.layers.5.src_trg_att.v_layer.bias', 'decoder.layers.5.src_trg_att.v_layer.weight', 'decoder.layers.5.trg_trg_att.k_layer.bias', 'decoder.layers.5.trg_trg_att.k_layer.weight', 'decoder.layers.5.trg_trg_att.output_layer.bias', 'decoder.layers.5.trg_trg_att.output_layer.weight', 'decoder.layers.5.trg_trg_att.q_layer.bias', 'decoder.layers.5.trg_trg_att.q_layer.weight', 'decoder.layers.5.trg_trg_att.v_layer.bias', 'decoder.layers.5.trg_trg_att.v_layer.weight', 'decoder.layers.5.x_layer_norm.bias', 'decoder.layers.5.x_layer_norm.weight', 'encoder.layer_norm.bias', 'encoder.layer_norm.weight', 'encoder.layers.0.feed_forward.layer_norm.bias', 'encoder.layers.0.feed_forward.layer_norm.weight', 'encoder.layers.0.feed_forward.pwff_layer.0.bias', 'encoder.layers.0.feed_forward.pwff_layer.0.weight', 'encoder.layers.0.feed_forward.pwff_layer.3.bias', 'encoder.layers.0.feed_forward.pwff_layer.3.weight', 'encoder.layers.0.layer_norm.bias', 'encoder.layers.0.layer_norm.weight', 'encoder.layers.0.src_src_att.k_layer.bias', 'encoder.layers.0.src_src_att.k_layer.weight', 'encoder.layers.0.src_src_att.output_layer.bias', 'encoder.layers.0.src_src_att.output_layer.weight', 'encoder.layers.0.src_src_att.q_layer.bias', 'encoder.layers.0.src_src_att.q_layer.weight', 'encoder.layers.0.src_src_att.v_layer.bias', 'encoder.layers.0.src_src_att.v_layer.weight', 'encoder.layers.1.feed_forward.layer_norm.bias', 'encoder.layers.1.feed_forward.layer_norm.weight', 'encoder.layers.1.feed_forward.pwff_layer.0.bias', 'encoder.layers.1.feed_forward.pwff_layer.0.weight', 'encoder.layers.1.feed_forward.pwff_layer.3.bias', 'encoder.layers.1.feed_forward.pwff_layer.3.weight', 'encoder.layers.1.layer_norm.bias', 'encoder.layers.1.layer_norm.weight', 'encoder.layers.1.src_src_att.k_layer.bias', 'encoder.layers.1.src_src_att.k_layer.weight', 'encoder.layers.1.src_src_att.output_layer.bias', 'encoder.layers.1.src_src_att.output_layer.weight', 'encoder.layers.1.src_src_att.q_layer.bias', 'encoder.layers.1.src_src_att.q_layer.weight', 'encoder.layers.1.src_src_att.v_layer.bias', 'encoder.layers.1.src_src_att.v_layer.weight', 'encoder.layers.2.feed_forward.layer_norm.bias', 'encoder.layers.2.feed_forward.layer_norm.weight', 'encoder.layers.2.feed_forward.pwff_layer.0.bias', 'encoder.layers.2.feed_forward.pwff_layer.0.weight', 'encoder.layers.2.feed_forward.pwff_layer.3.bias', 'encoder.layers.2.feed_forward.pwff_layer.3.weight', 'encoder.layers.2.layer_norm.bias', 'encoder.layers.2.layer_norm.weight', 'encoder.layers.2.src_src_att.k_layer.bias', 'encoder.layers.2.src_src_att.k_layer.weight', 'encoder.layers.2.src_src_att.output_layer.bias', 'encoder.layers.2.src_src_att.output_layer.weight', 'encoder.layers.2.src_src_att.q_layer.bias', 'encoder.layers.2.src_src_att.q_layer.weight', 'encoder.layers.2.src_src_att.v_layer.bias', 'encoder.layers.2.src_src_att.v_layer.weight', 'encoder.layers.3.feed_forward.layer_norm.bias', 'encoder.layers.3.feed_forward.layer_norm.weight', 'encoder.layers.3.feed_forward.pwff_layer.0.bias', 'encoder.layers.3.feed_forward.pwff_layer.0.weight', 'encoder.layers.3.feed_forward.pwff_layer.3.bias', 'encoder.layers.3.feed_forward.pwff_layer.3.weight', 'encoder.layers.3.layer_norm.bias', 'encoder.layers.3.layer_norm.weight', 'encoder.layers.3.src_src_att.k_layer.bias', 'encoder.layers.3.src_src_att.k_layer.weight', 'encoder.layers.3.src_src_att.output_layer.bias', 'encoder.layers.3.src_src_att.output_layer.weight', 'encoder.layers.3.src_src_att.q_layer.bias', 'encoder.layers.3.src_src_att.q_layer.weight', 'encoder.layers.3.src_src_att.v_layer.bias', 'encoder.layers.3.src_src_att.v_layer.weight', 'encoder.layers.4.feed_forward.layer_norm.bias', 'encoder.layers.4.feed_forward.layer_norm.weight', 'encoder.layers.4.feed_forward.pwff_layer.0.bias', 'encoder.layers.4.feed_forward.pwff_layer.0.weight', 'encoder.layers.4.feed_forward.pwff_layer.3.bias', 'encoder.layers.4.feed_forward.pwff_layer.3.weight', 'encoder.layers.4.layer_norm.bias', 'encoder.layers.4.layer_norm.weight', 'encoder.layers.4.src_src_att.k_layer.bias', 'encoder.layers.4.src_src_att.k_layer.weight', 'encoder.layers.4.src_src_att.output_layer.bias', 'encoder.layers.4.src_src_att.output_layer.weight', 'encoder.layers.4.src_src_att.q_layer.bias', 'encoder.layers.4.src_src_att.q_layer.weight', 'encoder.layers.4.src_src_att.v_layer.bias', 'encoder.layers.4.src_src_att.v_layer.weight', 'encoder.layers.5.feed_forward.layer_norm.bias', 'encoder.layers.5.feed_forward.layer_norm.weight', 'encoder.layers.5.feed_forward.pwff_layer.0.bias', 'encoder.layers.5.feed_forward.pwff_layer.0.weight', 'encoder.layers.5.feed_forward.pwff_layer.3.bias', 'encoder.layers.5.feed_forward.pwff_layer.3.weight', 'encoder.layers.5.layer_norm.bias', 'encoder.layers.5.layer_norm.weight', 'encoder.layers.5.src_src_att.k_layer.bias', 'encoder.layers.5.src_src_att.k_layer.weight', 'encoder.layers.5.src_src_att.output_layer.bias', 'encoder.layers.5.src_src_att.output_layer.weight', 'encoder.layers.5.src_src_att.q_layer.bias', 'encoder.layers.5.src_src_att.q_layer.weight', 'encoder.layers.5.src_src_att.v_layer.bias', 'encoder.layers.5.src_src_att.v_layer.weight', 'src_embed.lut.weight', 'trg_embed.lut.weight']
2020-08-11 01:16:18,433 cfg.data.dev                       : chatnmt/multi_encoder/dev_subset.tags.bpe.10000
2020-08-11 01:16:18,433 cfg.data.level                     : bpe
2020-08-11 01:16:18,433 cfg.data.lowercase                 : False
2020-08-11 01:16:18,433 cfg.data.max_sent_length           : 100
2020-08-11 01:16:18,433 cfg.data.src                       : en
2020-08-11 01:16:18,433 cfg.data.test                      : chatnmt/multi_encoder/test.tags.bpe.10000
2020-08-11 01:16:18,433 cfg.data.train                     : chatnmt/multi_encoder/train_subset.tags.bpe.10000
2020-08-11 01:16:18,433 cfg.data.trg                       : de
2020-08-11 01:16:18,433 cfg.model.bias_initializer         : zeros
2020-08-11 01:16:18,433 cfg.model.decoder.dropout          : 0.1
2020-08-11 01:16:18,433 cfg.model.decoder.embeddings.dropout : 0.0
2020-08-11 01:16:18,433 cfg.model.decoder.embeddings.embedding_dim : 1024
2020-08-11 01:16:18,433 cfg.model.decoder.embeddings.scale : True
2020-08-11 01:16:18,434 cfg.model.decoder.ff_size          : 512
2020-08-11 01:16:18,434 cfg.model.decoder.freeze           : False
2020-08-11 01:16:18,434 cfg.model.decoder.hidden_size      : 1024
2020-08-11 01:16:18,434 cfg.model.decoder.num_heads        : 16
2020-08-11 01:16:18,434 cfg.model.decoder.num_layers       : 6
2020-08-11 01:16:18,434 cfg.model.decoder.type             : transformer
2020-08-11 01:16:18,434 cfg.model.embed_init_gain          : 1.0
2020-08-11 01:16:18,434 cfg.model.embed_initializer        : xavier
2020-08-11 01:16:18,434 cfg.model.encoder.dropout          : 0.1
2020-08-11 01:16:18,434 cfg.model.encoder.embeddings.dropout : 0.0
2020-08-11 01:16:18,434 cfg.model.encoder.embeddings.embedding_dim : 1024
2020-08-11 01:16:18,434 cfg.model.encoder.embeddings.scale : True
2020-08-11 01:16:18,434 cfg.model.encoder.ff_size          : 512
2020-08-11 01:16:18,434 cfg.model.encoder.freeze           : False
2020-08-11 01:16:18,434 cfg.model.encoder.hidden_size      : 1024
2020-08-11 01:16:18,434 cfg.model.encoder.multi_encoder    : False
2020-08-11 01:16:18,434 cfg.model.encoder.num_heads        : 16
2020-08-11 01:16:18,435 cfg.model.encoder.num_layers       : 6
2020-08-11 01:16:18,435 cfg.model.encoder.type             : transformer
2020-08-11 01:16:18,435 cfg.model.init_gain                : 1.0
2020-08-11 01:16:18,435 cfg.model.initializer              : xavier
2020-08-11 01:16:18,435 cfg.model.tied_embeddings          : False
2020-08-11 01:16:18,435 cfg.model.tied_softmax             : True
2020-08-11 01:16:18,435 cfg.name                           : transformer
2020-08-11 01:16:18,435 cfg.testing.alpha                  : 1.0
2020-08-11 01:16:18,435 cfg.testing.beam_size              : 5
2020-08-11 01:16:18,435 cfg.training.adam_betas            : [0.9, 0.999]
2020-08-11 01:16:18,435 cfg.training.batch_multiplier      : 1
2020-08-11 01:16:18,435 cfg.training.batch_size            : 1024
2020-08-11 01:16:18,435 cfg.training.batch_type            : token
2020-08-11 01:16:18,435 cfg.training.decrease_factor       : 0.7
2020-08-11 01:16:18,435 cfg.training.early_stopping_metric : ppl
2020-08-11 01:16:18,435 cfg.training.epochs                : 20
2020-08-11 01:16:18,435 cfg.training.eval_metric           : bleu
2020-08-11 01:16:18,435 cfg.training.keep_last_ckpts       : 3
2020-08-11 01:16:18,436 cfg.training.label_smoothing       : 0.1
2020-08-11 01:16:18,436 cfg.training.learning_rate         : 0.0002
2020-08-11 01:16:18,436 cfg.training.learning_rate_min     : 1e-08
2020-08-11 01:16:18,436 cfg.training.logging_freq          : 100
2020-08-11 01:16:18,436 cfg.training.loss                  : crossentropy
2020-08-11 01:16:18,436 cfg.training.max_output_length     : 100
2020-08-11 01:16:18,436 cfg.training.model_dir             : models/viznet/attempt4/16_16_0.1_1024_1024_1024_6_6
2020-08-11 01:16:18,436 cfg.training.normalization         : tokens
2020-08-11 01:16:18,436 cfg.training.optimizer             : adam
2020-08-11 01:16:18,436 cfg.training.overwrite             : True
2020-08-11 01:16:18,436 cfg.training.patience              : 8
2020-08-11 01:16:18,436 cfg.training.print_valid_sents     : [0, 1, 2, 3]
2020-08-11 01:16:18,436 cfg.training.random_seed           : 42
2020-08-11 01:16:18,436 cfg.training.scheduling            : plateau
2020-08-11 01:16:18,436 cfg.training.shuffle               : True
2020-08-11 01:16:18,436 cfg.training.use_cuda              : True
2020-08-11 01:16:18,436 cfg.training.validation_freq       : 200
2020-08-11 01:16:18,436 cfg.training.weight_decay          : 0.0
2020-08-11 01:16:18,436 Data set sizes: 
	train 5000,
	valid 500,
	test 1220
2020-08-11 01:16:18,437 First training example:
	[SRC] hi there ! how can i help ?
	[TRG] hallo ! wie kann ich helfen ?
2020-08-11 01:16:18,437 First 10 words (src): (0) <unk> (1) <pad> (2) <s> (3) </s> (4) . (5) , (6) ? (7) you (8) i (9) the
2020-08-11 01:16:18,437 First 10 words (trg): (0) <unk> (1) <pad> (2) <s> (3) </s> (4) . (5) , (6) ? (7) sie (8) ich (9) das
2020-08-11 01:16:18,437 Number of Src words (types): 3468
2020-08-11 01:16:18,438 Number of Trg words (types): 4487
2020-08-11 01:16:18,438 Model(
	encoder=TransformerEncoder(num_layers=6, num_heads=16),
	decoder=TransformerDecoder(num_layers=6, num_heads=16),
	src_embed=Embeddings(embedding_dim=1024, vocab_size=3468),
	trg_embed=Embeddings(embedding_dim=1024, vocab_size=4487))
2020-08-11 01:16:18,442 EPOCH 1
2020-08-11 01:16:31,503 Epoch   1: total training loss 488.41
2020-08-11 01:16:31,503 EPOCH 2
2020-08-11 01:16:31,797 Epoch   2 Step:      100 Batch Loss:     3.713044 Tokens per Sec:     4734, Lr: 0.000200
2020-08-11 01:16:44,342 Epoch   2: total training loss 400.80
2020-08-11 01:16:44,342 EPOCH 3
2020-08-11 01:16:44,744 Epoch   3 Step:      200 Batch Loss:     2.628870 Tokens per Sec:     4994, Lr: 0.000200
2020-08-11 01:17:47,198 Hooray! New best validation result [ppl]!
2020-08-11 01:17:47,199 Saving new checkpoint.
2020-08-11 01:17:51,747 Example #0
2020-08-11 01:17:51,747 	Raw source:     ['hello', '.']
2020-08-11 01:17:51,747 	Raw hypothesis: ['hallo', ',', 'wie', 'kann', 'ich', 'ihnen', 'helfen', '?']
2020-08-11 01:17:51,747 	Source:     hello .
2020-08-11 01:17:51,747 	Reference:  hallo ,
2020-08-11 01:17:51,747 	Hypothesis: hallo , wie kann ich ihnen helfen ?
2020-08-11 01:17:51,748 Example #1
2020-08-11 01:17:51,748 	Raw source:     ['hi', ',', 'how', 'can', 'i', 'help', 'you', '?']
2020-08-11 01:17:51,748 	Raw hypothesis: ['hallo', ',', 'wie', 'kann', 'ich', 'ihnen', 'helfen', '?']
2020-08-11 01:17:51,748 	Source:     hi , how can i help you ?
2020-08-11 01:17:51,748 	Reference:  hallo , wie kann ich ihnen helfen ?
2020-08-11 01:17:51,748 	Hypothesis: hallo , wie kann ich ihnen helfen ?
2020-08-11 01:17:51,748 Example #2
2020-08-11 01:17:51,748 	Raw source:     ['hi', ',', 'i', '&apos;m', 'looking', 'for', 'a', 'restaurant', 'inside', 'the', 'arden', 'fair', 'mall', 'in', 'san', 'francisco', ',', 'california', '.']
2020-08-11 01:17:51,748 	Raw hypothesis: ['hallo', ',', 'ich', 'möchte', 'möchte', 'möchte', 'möchte', 'in', 'der', 'der', 'der', 'der', 'der', 'der', 'der', 'der', 'der', 'der', 'der', 'der', 'der', 'der', 'der', 'der', 'der', 'der', 'der', 'der', 'der', 'der', 'der', 'der', 'der', 'der', 'der', 'der', 'der', 'der', 'der', 'der', 'der', 'der', 'der', 'der', 'der', 'der', 'der', 'der', 'der', 'der', 'zum', 'zum', 'zum', 'zum', 'zum', 'zum', 'zum', 'zum', 'zum', 'zum', 'zum', 'zum', 'zum', 'zum', 'zum', 'zum', 'zum', 'zum', 'zum', 'zum', 'zum', 'zum', 'zum', 'zum', 'zum', 'zum', 'zum', 'zum', 'zum', 'zum', 'zum', 'zum', 'zum', 'zum', 'zum', 'zum', 'zum', 'zum', 'zum', 'zum', 'zum', 'zum', 'zum', 'zum', 'zum', 'zum', 'zum', 'zum', 'zum', 'zum']
2020-08-11 01:17:51,748 	Source:     hi , i &apos;m looking for a restaurant inside the arden fair mall in san francisco , california .
2020-08-11 01:17:51,748 	Reference:  hallo , ich bin auf der suche nach einem restaurant im arden fair einkaufszentrum in san francisco , kalifornien .
2020-08-11 01:17:51,748 	Hypothesis: hallo , ich möchte möchte möchte möchte in der der der der der der der der der der der der der der der der der der der der der der der der der der der der der der der der der der der der der der der der der der zum zum zum zum zum zum zum zum zum zum zum zum zum zum zum zum zum zum zum zum zum zum zum zum zum zum zum zum zum zum zum zum zum zum zum zum zum zum zum zum zum zum zum zum zum zum zum zum zum zum
2020-08-11 01:17:51,748 Example #3
2020-08-11 01:17:51,748 	Raw source:     ['ok', ',', 'what', 'type', 'of', 'restaurant', 'are', 'you', 'looking', 'for', '?']
2020-08-11 01:17:51,748 	Raw hypothesis: ['ok', ',', 'welche', 'möchten', 'sie', 'mich', 'ihren', 'termin', '?']
2020-08-11 01:17:51,748 	Source:     ok , what type of restaurant are you looking for ?
2020-08-11 01:17:51,748 	Reference:  ok . welche art von restaurant suchen sie denn genau ?
2020-08-11 01:17:51,748 	Hypothesis: ok , welche möchten sie mich ihren termin ?
2020-08-11 01:17:51,748 Validation result (greedy) at epoch   3, step      200: bleu:   4.13, loss: 24826.0293, ppl:  48.3791, duration: 67.0045s
2020-08-11 01:18:04,216 Epoch   3: total training loss 336.31
2020-08-11 01:18:04,217 EPOCH 4
2020-08-11 01:18:04,681 Epoch   4 Step:      300 Batch Loss:     2.368700 Tokens per Sec:     3520, Lr: 0.000200
2020-08-11 01:18:17,094 Epoch   4: total training loss 282.98
2020-08-11 01:18:17,095 EPOCH 5
2020-08-11 01:18:17,741 Epoch   5 Step:      400 Batch Loss:     1.567016 Tokens per Sec:     4618, Lr: 0.000200
2020-08-11 01:19:06,515 Hooray! New best validation result [ppl]!
2020-08-11 01:19:06,515 Saving new checkpoint.
2020-08-11 01:19:11,053 Example #0
2020-08-11 01:19:11,053 	Raw source:     ['hello', '.']
2020-08-11 01:19:11,053 	Raw hypothesis: ['hallo', '.']
2020-08-11 01:19:11,053 	Source:     hello .
2020-08-11 01:19:11,053 	Reference:  hallo ,
2020-08-11 01:19:11,053 	Hypothesis: hallo .
2020-08-11 01:19:11,053 Example #1
2020-08-11 01:19:11,053 	Raw source:     ['hi', ',', 'how', 'can', 'i', 'help', 'you', '?']
2020-08-11 01:19:11,053 	Raw hypothesis: ['hallo', ',', 'wie', 'kann', 'ich', 'ihnen', 'helfen', '?']
2020-08-11 01:19:11,053 	Source:     hi , how can i help you ?
2020-08-11 01:19:11,053 	Reference:  hallo , wie kann ich ihnen helfen ?
2020-08-11 01:19:11,054 	Hypothesis: hallo , wie kann ich ihnen helfen ?
2020-08-11 01:19:11,054 Example #2
2020-08-11 01:19:11,054 	Raw source:     ['hi', ',', 'i', '&apos;m', 'looking', 'for', 'a', 'restaurant', 'inside', 'the', 'arden', 'fair', 'mall', 'in', 'san', 'francisco', ',', 'california', '.']
2020-08-11 01:19:11,054 	Raw hypothesis: ['hallo', ',', 'ich', 'bin', 'in', 'san', 'francisco', ',', 'kalifornien', ',', 'kalifornien', ',', 'kalifornien', ',', 'kalifornien', '.']
2020-08-11 01:19:11,054 	Source:     hi , i &apos;m looking for a restaurant inside the arden fair mall in san francisco , california .
2020-08-11 01:19:11,054 	Reference:  hallo , ich bin auf der suche nach einem restaurant im arden fair einkaufszentrum in san francisco , kalifornien .
2020-08-11 01:19:11,054 	Hypothesis: hallo , ich bin in san francisco , kalifornien , kalifornien , kalifornien , kalifornien .
2020-08-11 01:19:11,054 Example #3
2020-08-11 01:19:11,054 	Raw source:     ['ok', ',', 'what', 'type', 'of', 'restaurant', 'are', 'you', 'looking', 'for', '?']
2020-08-11 01:19:11,054 	Raw hypothesis: ['ok', ',', 'welche', 'art', 'von', 'restaurant', 'möchten', 'sie', '?']
2020-08-11 01:19:11,054 	Source:     ok , what type of restaurant are you looking for ?
2020-08-11 01:19:11,054 	Reference:  ok . welche art von restaurant suchen sie denn genau ?
2020-08-11 01:19:11,054 	Hypothesis: ok , welche art von restaurant möchten sie ?
2020-08-11 01:19:11,054 Validation result (greedy) at epoch   5, step      400: bleu:  12.02, loss: 18992.9512, ppl:  19.4461, duration: 53.3125s
2020-08-11 01:19:23,454 Epoch   5: total training loss 232.33
2020-08-11 01:19:23,455 EPOCH 6
2020-08-11 01:19:24,113 Epoch   6 Step:      500 Batch Loss:     1.266910 Tokens per Sec:     4602, Lr: 0.000200
2020-08-11 01:19:36,379 Epoch   6: total training loss 187.25
2020-08-11 01:19:36,379 EPOCH 7
2020-08-11 01:19:37,349 Epoch   7 Step:      600 Batch Loss:     1.049431 Tokens per Sec:     4933, Lr: 0.000200
2020-08-11 01:19:54,503 Hooray! New best validation result [ppl]!
2020-08-11 01:19:54,503 Saving new checkpoint.
2020-08-11 01:19:59,029 Example #0
2020-08-11 01:19:59,029 	Raw source:     ['hello', '.']
2020-08-11 01:19:59,029 	Raw hypothesis: ['hallo', ',']
2020-08-11 01:19:59,029 	Source:     hello .
2020-08-11 01:19:59,029 	Reference:  hallo ,
2020-08-11 01:19:59,029 	Hypothesis: hallo ,
2020-08-11 01:19:59,030 Example #1
2020-08-11 01:19:59,030 	Raw source:     ['hi', ',', 'how', 'can', 'i', 'help', 'you', '?']
2020-08-11 01:19:59,030 	Raw hypothesis: ['hallo', ',', 'wie', 'kann', 'ich', 'ihnen', 'helfen', '?']
2020-08-11 01:19:59,030 	Source:     hi , how can i help you ?
2020-08-11 01:19:59,030 	Reference:  hallo , wie kann ich ihnen helfen ?
2020-08-11 01:19:59,030 	Hypothesis: hallo , wie kann ich ihnen helfen ?
2020-08-11 01:19:59,030 Example #2
2020-08-11 01:19:59,030 	Raw source:     ['hi', ',', 'i', '&apos;m', 'looking', 'for', 'a', 'restaurant', 'inside', 'the', 'arden', 'fair', 'mall', 'in', 'san', 'francisco', ',', 'california', '.']
2020-08-11 01:19:59,030 	Raw hypothesis: ['hallo', ',', 'ich', 'suche', 'nach', 'einem', 'ort', 'in', 'san', 'francisco', ',', 'kalifornien', ',', 'kalifornien', ',', 'kalifornien', ',', 'kalifornien', ',', 'kalifornien', ',', 'kalifornien', ',', 'kalifornien', ',', 'kalifornien', ',', 'kalifornien', ',', 'kalifornien', ',', 'kalifornien', ',', 'kalifornien', ',', 'kalifornien', ',', 'kalifornien', ',', 'kalifornien', ',', 'kalifornien', ',', 'kalifornien', ',', 'kalifornien', ',', 'kalifornien', ',', 'kalifornien', ',', 'kalifornien', ',', 'kalifornien', ',', 'kalifornien', ',', 'kalifornien', ',', 'kalifornien', ',', 'kalifornien', ',', 'kalifornien', ',', 'kalifornien', ',', 'kalifornien', ',', 'kalifornien', ',', 'kalifornien', ',', 'kalifornien', ',', 'kalifornien', '.']
2020-08-11 01:19:59,030 	Source:     hi , i &apos;m looking for a restaurant inside the arden fair mall in san francisco , california .
2020-08-11 01:19:59,030 	Reference:  hallo , ich bin auf der suche nach einem restaurant im arden fair einkaufszentrum in san francisco , kalifornien .
2020-08-11 01:19:59,030 	Hypothesis: hallo , ich suche nach einem ort in san francisco , kalifornien , kalifornien , kalifornien , kalifornien , kalifornien , kalifornien , kalifornien , kalifornien , kalifornien , kalifornien , kalifornien , kalifornien , kalifornien , kalifornien , kalifornien , kalifornien , kalifornien , kalifornien , kalifornien , kalifornien , kalifornien , kalifornien , kalifornien , kalifornien , kalifornien , kalifornien , kalifornien , kalifornien , kalifornien , kalifornien , kalifornien , kalifornien , kalifornien .
2020-08-11 01:19:59,030 Example #3
2020-08-11 01:19:59,030 	Raw source:     ['ok', ',', 'what', 'type', 'of', 'restaurant', 'are', 'you', 'looking', 'for', '?']
2020-08-11 01:19:59,030 	Raw hypothesis: ['ok', ',', 'welche', 'art', 'von', 'restaurant', 'suchen', 'sie', '?']
2020-08-11 01:19:59,030 	Source:     ok , what type of restaurant are you looking for ?
2020-08-11 01:19:59,030 	Reference:  ok . welche art von restaurant suchen sie denn genau ?
2020-08-11 01:19:59,030 	Hypothesis: ok , welche art von restaurant suchen sie ?
2020-08-11 01:19:59,030 Validation result (greedy) at epoch   7, step      600: bleu:  25.27, loss: 16578.7910, ppl:  13.3356, duration: 21.6811s
2020-08-11 01:20:10,850 Epoch   7: total training loss 158.07
2020-08-11 01:20:10,850 EPOCH 8
2020-08-11 01:20:12,020 Epoch   8 Step:      700 Batch Loss:     1.537383 Tokens per Sec:     5046, Lr: 0.000200
2020-08-11 01:20:23,661 Epoch   8: total training loss 133.13
2020-08-11 01:20:23,662 EPOCH 9
2020-08-11 01:20:24,898 Epoch   9 Step:      800 Batch Loss:     0.216190 Tokens per Sec:     4845, Lr: 0.000200
2020-08-11 01:21:02,867 Hooray! New best validation result [ppl]!
2020-08-11 01:21:02,867 Saving new checkpoint.
2020-08-11 01:21:07,562 Example #0
2020-08-11 01:21:07,562 	Raw source:     ['hello', '.']
2020-08-11 01:21:07,562 	Raw hypothesis: ['hallo', '.']
2020-08-11 01:21:07,562 	Source:     hello .
2020-08-11 01:21:07,562 	Reference:  hallo ,
2020-08-11 01:21:07,562 	Hypothesis: hallo .
2020-08-11 01:21:07,562 Example #1
2020-08-11 01:21:07,562 	Raw source:     ['hi', ',', 'how', 'can', 'i', 'help', 'you', '?']
2020-08-11 01:21:07,562 	Raw hypothesis: ['hallo', ',', 'wie', 'kann', 'ich', 'ihnen', 'helfen', '?']
2020-08-11 01:21:07,562 	Source:     hi , how can i help you ?
2020-08-11 01:21:07,563 	Reference:  hallo , wie kann ich ihnen helfen ?
2020-08-11 01:21:07,563 	Hypothesis: hallo , wie kann ich ihnen helfen ?
2020-08-11 01:21:07,563 Example #2
2020-08-11 01:21:07,563 	Raw source:     ['hi', ',', 'i', '&apos;m', 'looking', 'for', 'a', 'restaurant', 'inside', 'the', 'arden', 'fair', 'mall', 'in', 'san', 'francisco', ',', 'california', '.']
2020-08-11 01:21:07,563 	Raw hypothesis: ['hallo', ',', 'ich', 'suche', 'ein', 'restaurant', 'in', 'san', 'francisco', ',', 'kalifornien', ',', 'kalifornien', ',', 'kalifornien', ',', 'in', 'san', 'francisco', ',', 'kalifornien', ',', 'kalifornien', ',', 'kalifornien', ',', 'kalifornien', ',', 'kalifornien', ',', 'kalifornien', ',', 'kalifornien', ',', 'kalifornien', ',', 'kalifornien', ',', 'kalifornien', ',', 'kalifornien', ',', 'kalifornien', ',', 'kalifornien', ',', 'kalifornien', ',', 'kalifornien', ',', 'kalifornien', ',', 'kalifornien', ',', 'kalifornien', ',', 'kalifornien', ',', 'kalifornien', ',', 'kalifornien', ',', 'kalifornien', ',', 'kalifornien', ',', 'kalifornien', ',', 'kalifornien', ',', 'kalifornien', ',', 'kalifornien', ',', 'kalifornien', ',', 'kalifornien', ',', 'kalifornien', ',', 'kalifornien', ',', 'kalifornien', ',', 'kalifornien', ',', 'kalifornien', ',', 'kalifornien', ',', 'kalifornien', ',', 'kalifornien', ',', 'kalifornien', ',', 'kalifornien', ',', 'kalifornien', ',']
2020-08-11 01:21:07,563 	Source:     hi , i &apos;m looking for a restaurant inside the arden fair mall in san francisco , california .
2020-08-11 01:21:07,563 	Reference:  hallo , ich bin auf der suche nach einem restaurant im arden fair einkaufszentrum in san francisco , kalifornien .
2020-08-11 01:21:07,563 	Hypothesis: hallo , ich suche ein restaurant in san francisco , kalifornien , kalifornien , kalifornien , in san francisco , kalifornien , kalifornien , kalifornien , kalifornien , kalifornien , kalifornien , kalifornien , kalifornien , kalifornien , kalifornien , kalifornien , kalifornien , kalifornien , kalifornien , kalifornien , kalifornien , kalifornien , kalifornien , kalifornien , kalifornien , kalifornien , kalifornien , kalifornien , kalifornien , kalifornien , kalifornien , kalifornien , kalifornien , kalifornien , kalifornien , kalifornien , kalifornien , kalifornien , kalifornien , kalifornien , kalifornien , kalifornien , kalifornien , kalifornien , kalifornien ,
2020-08-11 01:21:07,563 Example #3
2020-08-11 01:21:07,563 	Raw source:     ['ok', ',', 'what', 'type', 'of', 'restaurant', 'are', 'you', 'looking', 'for', '?']
2020-08-11 01:21:07,563 	Raw hypothesis: ['ok', ',', 'nach', 'welcher', 'art', 'von', 'restaurant', 'suchen', 'sie', '?']
2020-08-11 01:21:07,563 	Source:     ok , what type of restaurant are you looking for ?
2020-08-11 01:21:07,563 	Reference:  ok . welche art von restaurant suchen sie denn genau ?
2020-08-11 01:21:07,563 	Hypothesis: ok , nach welcher art von restaurant suchen sie ?
2020-08-11 01:21:07,563 Validation result (greedy) at epoch   9, step      800: bleu:  20.01, loss: 15812.3418, ppl:  11.8305, duration: 42.6644s
2020-08-11 01:21:19,224 Epoch   9: total training loss 113.52
2020-08-11 01:21:19,224 EPOCH 10
2020-08-11 01:21:20,736 Epoch  10 Step:      900 Batch Loss:     1.197804 Tokens per Sec:     5157, Lr: 0.000200
2020-08-11 01:21:32,240 Epoch  10: total training loss 93.77
2020-08-11 01:21:32,240 EPOCH 11
2020-08-11 01:21:33,816 Epoch  11 Step:     1000 Batch Loss:     0.690701 Tokens per Sec:     4923, Lr: 0.000200
2020-08-11 01:21:50,123 Hooray! New best validation result [ppl]!
2020-08-11 01:21:50,123 Saving new checkpoint.
2020-08-11 01:21:54,358 Example #0
2020-08-11 01:21:54,358 	Raw source:     ['hello', '.']
2020-08-11 01:21:54,358 	Raw hypothesis: ['hallo', ',']
2020-08-11 01:21:54,358 	Source:     hello .
2020-08-11 01:21:54,358 	Reference:  hallo ,
2020-08-11 01:21:54,358 	Hypothesis: hallo ,
2020-08-11 01:21:54,358 Example #1
2020-08-11 01:21:54,358 	Raw source:     ['hi', ',', 'how', 'can', 'i', 'help', 'you', '?']
2020-08-11 01:21:54,359 	Raw hypothesis: ['hallo', ',', 'wie', 'kann', 'ich', 'ihnen', 'helfen', '?']
2020-08-11 01:21:54,359 	Source:     hi , how can i help you ?
2020-08-11 01:21:54,359 	Reference:  hallo , wie kann ich ihnen helfen ?
2020-08-11 01:21:54,359 	Hypothesis: hallo , wie kann ich ihnen helfen ?
2020-08-11 01:21:54,359 Example #2
2020-08-11 01:21:54,359 	Raw source:     ['hi', ',', 'i', '&apos;m', 'looking', 'for', 'a', 'restaurant', 'inside', 'the', 'arden', 'fair', 'mall', 'in', 'san', 'francisco', ',', 'california', '.']
2020-08-11 01:21:54,359 	Raw hypothesis: ['hallo', ',', 'ich', 'suche', 'ein', 'restaurant', 'in', 'san', 'francisco', ',', 'kalifornien', ',', 'in', 'san', 'francisco', ',', 'kalifornien', '.']
2020-08-11 01:21:54,359 	Source:     hi , i &apos;m looking for a restaurant inside the arden fair mall in san francisco , california .
2020-08-11 01:21:54,359 	Reference:  hallo , ich bin auf der suche nach einem restaurant im arden fair einkaufszentrum in san francisco , kalifornien .
2020-08-11 01:21:54,359 	Hypothesis: hallo , ich suche ein restaurant in san francisco , kalifornien , in san francisco , kalifornien .
2020-08-11 01:21:54,359 Example #3
2020-08-11 01:21:54,359 	Raw source:     ['ok', ',', 'what', 'type', 'of', 'restaurant', 'are', 'you', 'looking', 'for', '?']
2020-08-11 01:21:54,359 	Raw hypothesis: ['ok', ',', 'nach', 'welcher', 'art', 'von', 'restaurant', 'suchen', 'sie', '?']
2020-08-11 01:21:54,359 	Source:     ok , what type of restaurant are you looking for ?
2020-08-11 01:21:54,359 	Reference:  ok . welche art von restaurant suchen sie denn genau ?
2020-08-11 01:21:54,359 	Hypothesis: ok , nach welcher art von restaurant suchen sie ?
2020-08-11 01:21:54,359 Validation result (greedy) at epoch  11, step     1000: bleu:  32.96, loss: 15172.5371, ppl:  10.7050, duration: 20.5434s
2020-08-11 01:22:05,618 Epoch  11: total training loss 74.47
2020-08-11 01:22:05,619 EPOCH 12
2020-08-11 01:22:07,407 Epoch  12 Step:     1100 Batch Loss:     0.515891 Tokens per Sec:     5067, Lr: 0.000200
2020-08-11 01:22:18,437 Epoch  12: total training loss 69.20
2020-08-11 01:22:18,438 EPOCH 13
2020-08-11 01:22:20,331 Epoch  13 Step:     1200 Batch Loss:     0.505760 Tokens per Sec:     5155, Lr: 0.000200
2020-08-11 01:22:37,621 Example #0
2020-08-11 01:22:37,622 	Raw source:     ['hello', '.']
2020-08-11 01:22:37,622 	Raw hypothesis: ['hallo', '.']
2020-08-11 01:22:37,622 	Source:     hello .
2020-08-11 01:22:37,622 	Reference:  hallo ,
2020-08-11 01:22:37,622 	Hypothesis: hallo .
2020-08-11 01:22:37,622 Example #1
2020-08-11 01:22:37,622 	Raw source:     ['hi', ',', 'how', 'can', 'i', 'help', 'you', '?']
2020-08-11 01:22:37,622 	Raw hypothesis: ['hallo', ',', 'wie', 'kann', 'ich', 'ihnen', 'helfen', '?']
2020-08-11 01:22:37,622 	Source:     hi , how can i help you ?
2020-08-11 01:22:37,622 	Reference:  hallo , wie kann ich ihnen helfen ?
2020-08-11 01:22:37,622 	Hypothesis: hallo , wie kann ich ihnen helfen ?
2020-08-11 01:22:37,622 Example #2
2020-08-11 01:22:37,622 	Raw source:     ['hi', ',', 'i', '&apos;m', 'looking', 'for', 'a', 'restaurant', 'inside', 'the', 'arden', 'fair', 'mall', 'in', 'san', 'francisco', ',', 'california', '.']
2020-08-11 01:22:37,622 	Raw hypothesis: ['hallo', ',', 'ich', 'suche', 'ein', 'restaurant', 'zum', 'abendessen', 'in', 'san', 'francisco', ',', 'kalifornien', '.']
2020-08-11 01:22:37,622 	Source:     hi , i &apos;m looking for a restaurant inside the arden fair mall in san francisco , california .
2020-08-11 01:22:37,622 	Reference:  hallo , ich bin auf der suche nach einem restaurant im arden fair einkaufszentrum in san francisco , kalifornien .
2020-08-11 01:22:37,623 	Hypothesis: hallo , ich suche ein restaurant zum abendessen in san francisco , kalifornien .
2020-08-11 01:22:37,623 Example #3
2020-08-11 01:22:37,623 	Raw source:     ['ok', ',', 'what', 'type', 'of', 'restaurant', 'are', 'you', 'looking', 'for', '?']
2020-08-11 01:22:37,623 	Raw hypothesis: ['ok', ',', 'nach', 'welcher', 'art', 'von', 'restaurant', 'suchen', 'sie', '?']
2020-08-11 01:22:37,623 	Source:     ok , what type of restaurant are you looking for ?
2020-08-11 01:22:37,623 	Reference:  ok . welche art von restaurant suchen sie denn genau ?
2020-08-11 01:22:37,623 	Hypothesis: ok , nach welcher art von restaurant suchen sie ?
2020-08-11 01:22:37,623 Validation result (greedy) at epoch  13, step     1200: bleu:  32.56, loss: 15367.3389, ppl:  11.0358, duration: 17.2917s
2020-08-11 01:22:48,711 Epoch  13: total training loss 59.77
2020-08-11 01:22:48,712 EPOCH 14
2020-08-11 01:22:50,523 Epoch  14 Step:     1300 Batch Loss:     0.186868 Tokens per Sec:     4856, Lr: 0.000200
2020-08-11 01:23:01,610 Epoch  14: total training loss 51.27
2020-08-11 01:23:01,610 EPOCH 15
2020-08-11 01:23:03,536 Epoch  15 Step:     1400 Batch Loss:     0.298161 Tokens per Sec:     5031, Lr: 0.000200
2020-08-11 01:23:17,104 Example #0
2020-08-11 01:23:17,104 	Raw source:     ['hello', '.']
2020-08-11 01:23:17,104 	Raw hypothesis: ['hallo', '.']
2020-08-11 01:23:17,104 	Source:     hello .
2020-08-11 01:23:17,104 	Reference:  hallo ,
2020-08-11 01:23:17,104 	Hypothesis: hallo .
2020-08-11 01:23:17,104 Example #1
2020-08-11 01:23:17,104 	Raw source:     ['hi', ',', 'how', 'can', 'i', 'help', 'you', '?']
2020-08-11 01:23:17,104 	Raw hypothesis: ['hallo', ',', 'wie', 'kann', 'ich', 'ihnen', 'helfen', '?']
2020-08-11 01:23:17,104 	Source:     hi , how can i help you ?
2020-08-11 01:23:17,104 	Reference:  hallo , wie kann ich ihnen helfen ?
2020-08-11 01:23:17,104 	Hypothesis: hallo , wie kann ich ihnen helfen ?
2020-08-11 01:23:17,104 Example #2
2020-08-11 01:23:17,105 	Raw source:     ['hi', ',', 'i', '&apos;m', 'looking', 'for', 'a', 'restaurant', 'inside', 'the', 'arden', 'fair', 'mall', 'in', 'san', 'francisco', ',', 'california', '.']
2020-08-11 01:23:17,105 	Raw hypothesis: ['hallo', ',', 'ich', 'suche', 'ein', 'restaurant', 'in', 'san', 'francisco', ',', 'kalifornien', ',', 'in', 'san', 'francisco', ',', 'kalifornien', ',', 'in', 'san', 'francisco', ',', 'kalifornien', '.']
2020-08-11 01:23:17,105 	Source:     hi , i &apos;m looking for a restaurant inside the arden fair mall in san francisco , california .
2020-08-11 01:23:17,105 	Reference:  hallo , ich bin auf der suche nach einem restaurant im arden fair einkaufszentrum in san francisco , kalifornien .
2020-08-11 01:23:17,105 	Hypothesis: hallo , ich suche ein restaurant in san francisco , kalifornien , in san francisco , kalifornien , in san francisco , kalifornien .
2020-08-11 01:23:17,105 Example #3
2020-08-11 01:23:17,105 	Raw source:     ['ok', ',', 'what', 'type', 'of', 'restaurant', 'are', 'you', 'looking', 'for', '?']
2020-08-11 01:23:17,105 	Raw hypothesis: ['ok', ',', 'nach', 'welcher', 'art', 'von', 'restaurant', 'suchen', 'sie', '?']
2020-08-11 01:23:17,105 	Source:     ok , what type of restaurant are you looking for ?
2020-08-11 01:23:17,105 	Reference:  ok . welche art von restaurant suchen sie denn genau ?
2020-08-11 01:23:17,105 	Hypothesis: ok , nach welcher art von restaurant suchen sie ?
2020-08-11 01:23:17,105 Validation result (greedy) at epoch  15, step     1400: bleu:  34.47, loss: 15623.4307, ppl:  11.4864, duration: 13.5682s
2020-08-11 01:23:28,130 Epoch  15: total training loss 38.53
2020-08-11 01:23:28,130 EPOCH 16
2020-08-11 01:23:30,340 Epoch  16 Step:     1500 Batch Loss:     0.524136 Tokens per Sec:     4901, Lr: 0.000200
2020-08-11 01:23:41,088 Epoch  16: total training loss 31.09
2020-08-11 01:23:41,088 EPOCH 17
2020-08-11 01:23:43,369 Epoch  17 Step:     1600 Batch Loss:     0.224150 Tokens per Sec:     5008, Lr: 0.000200
2020-08-11 01:24:02,244 Example #0
2020-08-11 01:24:02,244 	Raw source:     ['hello', '.']
2020-08-11 01:24:02,244 	Raw hypothesis: ['hallo', '.']
2020-08-11 01:24:02,244 	Source:     hello .
2020-08-11 01:24:02,244 	Reference:  hallo ,
2020-08-11 01:24:02,244 	Hypothesis: hallo .
2020-08-11 01:24:02,244 Example #1
2020-08-11 01:24:02,244 	Raw source:     ['hi', ',', 'how', 'can', 'i', 'help', 'you', '?']
2020-08-11 01:24:02,244 	Raw hypothesis: ['hallo', ',', 'wie', 'kann', 'ich', 'ihnen', 'helfen', '?']
2020-08-11 01:24:02,244 	Source:     hi , how can i help you ?
2020-08-11 01:24:02,244 	Reference:  hallo , wie kann ich ihnen helfen ?
2020-08-11 01:24:02,245 	Hypothesis: hallo , wie kann ich ihnen helfen ?
2020-08-11 01:24:02,245 Example #2
2020-08-11 01:24:02,245 	Raw source:     ['hi', ',', 'i', '&apos;m', 'looking', 'for', 'a', 'restaurant', 'inside', 'the', 'arden', 'fair', 'mall', 'in', 'san', 'francisco', ',', 'california', '.']
2020-08-11 01:24:02,245 	Raw hypothesis: ['hallo', ',', 'ich', 'suche', 'ein', 'restaurant', 'in', 'sacramento', ',', 'kalifornien', ',', 'in', 'san', 'francisco', ',', 'kalifornien', ',', 'kalifornien', '.']
2020-08-11 01:24:02,245 	Source:     hi , i &apos;m looking for a restaurant inside the arden fair mall in san francisco , california .
2020-08-11 01:24:02,245 	Reference:  hallo , ich bin auf der suche nach einem restaurant im arden fair einkaufszentrum in san francisco , kalifornien .
2020-08-11 01:24:02,245 	Hypothesis: hallo , ich suche ein restaurant in sacramento , kalifornien , in san francisco , kalifornien , kalifornien .
2020-08-11 01:24:02,245 Example #3
2020-08-11 01:24:02,245 	Raw source:     ['ok', ',', 'what', 'type', 'of', 'restaurant', 'are', 'you', 'looking', 'for', '?']
2020-08-11 01:24:02,245 	Raw hypothesis: ['ok', ',', 'nach', 'welcher', 'art', 'von', 'restaurant', 'suchen', 'sie', '?']
2020-08-11 01:24:02,245 	Source:     ok , what type of restaurant are you looking for ?
2020-08-11 01:24:02,245 	Reference:  ok . welche art von restaurant suchen sie denn genau ?
2020-08-11 01:24:02,245 	Hypothesis: ok , nach welcher art von restaurant suchen sie ?
2020-08-11 01:24:02,245 Validation result (greedy) at epoch  17, step     1600: bleu:  33.33, loss: 15437.7461, ppl:  11.1579, duration: 18.8752s
2020-08-11 01:24:12,766 Epoch  17: total training loss 29.00
2020-08-11 01:24:12,766 EPOCH 18
2020-08-11 01:24:15,307 Epoch  18 Step:     1700 Batch Loss:     0.216234 Tokens per Sec:     4989, Lr: 0.000200
2020-08-11 01:24:25,709 Epoch  18: total training loss 25.49
2020-08-11 01:24:25,710 EPOCH 19
2020-08-11 01:24:28,363 Epoch  19 Step:     1800 Batch Loss:     0.423483 Tokens per Sec:     4987, Lr: 0.000200
2020-08-11 01:24:42,336 Example #0
2020-08-11 01:24:42,337 	Raw source:     ['hello', '.']
2020-08-11 01:24:42,337 	Raw hypothesis: ['hallo', '!']
2020-08-11 01:24:42,337 	Source:     hello .
2020-08-11 01:24:42,337 	Reference:  hallo ,
2020-08-11 01:24:42,337 	Hypothesis: hallo !
2020-08-11 01:24:42,337 Example #1
2020-08-11 01:24:42,337 	Raw source:     ['hi', ',', 'how', 'can', 'i', 'help', 'you', '?']
2020-08-11 01:24:42,337 	Raw hypothesis: ['hallo', ',', 'wie', 'kann', 'ich', 'ihnen', 'helfen', '?']
2020-08-11 01:24:42,337 	Source:     hi , how can i help you ?
2020-08-11 01:24:42,337 	Reference:  hallo , wie kann ich ihnen helfen ?
2020-08-11 01:24:42,337 	Hypothesis: hallo , wie kann ich ihnen helfen ?
2020-08-11 01:24:42,337 Example #2
2020-08-11 01:24:42,337 	Raw source:     ['hi', ',', 'i', '&apos;m', 'looking', 'for', 'a', 'restaurant', 'inside', 'the', 'arden', 'fair', 'mall', 'in', 'san', 'francisco', ',', 'california', '.']
2020-08-11 01:24:42,337 	Raw hypothesis: ['hallo', ',', 'ich', 'suche', 'ein', 'restaurant', 'in', 'san', 'francisco', ',', 'kalifornien', ',', 'in', 'san', 'francisco', ',', 'kalifornien', ',', 'in', 'san', 'francisco', ',', 'kalifornien', ',', 'in', 'san', 'francisco', '.']
2020-08-11 01:24:42,337 	Source:     hi , i &apos;m looking for a restaurant inside the arden fair mall in san francisco , california .
2020-08-11 01:24:42,337 	Reference:  hallo , ich bin auf der suche nach einem restaurant im arden fair einkaufszentrum in san francisco , kalifornien .
2020-08-11 01:24:42,337 	Hypothesis: hallo , ich suche ein restaurant in san francisco , kalifornien , in san francisco , kalifornien , in san francisco , kalifornien , in san francisco .
2020-08-11 01:24:42,338 Example #3
2020-08-11 01:24:42,338 	Raw source:     ['ok', ',', 'what', 'type', 'of', 'restaurant', 'are', 'you', 'looking', 'for', '?']
2020-08-11 01:24:42,338 	Raw hypothesis: ['ok', ',', 'nach', 'welcher', 'art', 'von', 'restaurant', 'suchen', 'sie', '?']
2020-08-11 01:24:42,338 	Source:     ok , what type of restaurant are you looking for ?
2020-08-11 01:24:42,338 	Reference:  ok . welche art von restaurant suchen sie denn genau ?
2020-08-11 01:24:42,338 	Hypothesis: ok , nach welcher art von restaurant suchen sie ?
2020-08-11 01:24:42,338 Validation result (greedy) at epoch  19, step     1800: bleu:  34.15, loss: 15442.6777, ppl:  11.1665, duration: 13.9746s
2020-08-11 01:24:52,504 Epoch  19: total training loss 22.88
2020-08-11 01:24:52,504 EPOCH 20
2020-08-11 01:24:55,352 Epoch  20 Step:     1900 Batch Loss:     0.239783 Tokens per Sec:     5035, Lr: 0.000200
2020-08-11 01:25:05,553 Epoch  20: total training loss 23.05
2020-08-11 01:25:05,553 Training ended after  20 epochs.
2020-08-11 01:25:05,553 Best validation result (greedy) at step     1000:  10.70 ppl.
