2020-08-11 05:16:11,615 Hello! This is Joey-NMT.
2020-08-11 05:16:12,972 Total params: 96384000
2020-08-11 05:16:12,973 Trainable parameters: ['decoder.layer_norm.bias', 'decoder.layer_norm.weight', 'decoder.layers.0.dec_layer_norm.bias', 'decoder.layers.0.dec_layer_norm.weight', 'decoder.layers.0.feed_forward.layer_norm.bias', 'decoder.layers.0.feed_forward.layer_norm.weight', 'decoder.layers.0.feed_forward.pwff_layer.0.bias', 'decoder.layers.0.feed_forward.pwff_layer.0.weight', 'decoder.layers.0.feed_forward.pwff_layer.3.bias', 'decoder.layers.0.feed_forward.pwff_layer.3.weight', 'decoder.layers.0.src_trg_att.k_layer.bias', 'decoder.layers.0.src_trg_att.k_layer.weight', 'decoder.layers.0.src_trg_att.output_layer.bias', 'decoder.layers.0.src_trg_att.output_layer.weight', 'decoder.layers.0.src_trg_att.q_layer.bias', 'decoder.layers.0.src_trg_att.q_layer.weight', 'decoder.layers.0.src_trg_att.v_layer.bias', 'decoder.layers.0.src_trg_att.v_layer.weight', 'decoder.layers.0.trg_trg_att.k_layer.bias', 'decoder.layers.0.trg_trg_att.k_layer.weight', 'decoder.layers.0.trg_trg_att.output_layer.bias', 'decoder.layers.0.trg_trg_att.output_layer.weight', 'decoder.layers.0.trg_trg_att.q_layer.bias', 'decoder.layers.0.trg_trg_att.q_layer.weight', 'decoder.layers.0.trg_trg_att.v_layer.bias', 'decoder.layers.0.trg_trg_att.v_layer.weight', 'decoder.layers.0.x_layer_norm.bias', 'decoder.layers.0.x_layer_norm.weight', 'decoder.layers.1.dec_layer_norm.bias', 'decoder.layers.1.dec_layer_norm.weight', 'decoder.layers.1.feed_forward.layer_norm.bias', 'decoder.layers.1.feed_forward.layer_norm.weight', 'decoder.layers.1.feed_forward.pwff_layer.0.bias', 'decoder.layers.1.feed_forward.pwff_layer.0.weight', 'decoder.layers.1.feed_forward.pwff_layer.3.bias', 'decoder.layers.1.feed_forward.pwff_layer.3.weight', 'decoder.layers.1.src_trg_att.k_layer.bias', 'decoder.layers.1.src_trg_att.k_layer.weight', 'decoder.layers.1.src_trg_att.output_layer.bias', 'decoder.layers.1.src_trg_att.output_layer.weight', 'decoder.layers.1.src_trg_att.q_layer.bias', 'decoder.layers.1.src_trg_att.q_layer.weight', 'decoder.layers.1.src_trg_att.v_layer.bias', 'decoder.layers.1.src_trg_att.v_layer.weight', 'decoder.layers.1.trg_trg_att.k_layer.bias', 'decoder.layers.1.trg_trg_att.k_layer.weight', 'decoder.layers.1.trg_trg_att.output_layer.bias', 'decoder.layers.1.trg_trg_att.output_layer.weight', 'decoder.layers.1.trg_trg_att.q_layer.bias', 'decoder.layers.1.trg_trg_att.q_layer.weight', 'decoder.layers.1.trg_trg_att.v_layer.bias', 'decoder.layers.1.trg_trg_att.v_layer.weight', 'decoder.layers.1.x_layer_norm.bias', 'decoder.layers.1.x_layer_norm.weight', 'decoder.layers.2.dec_layer_norm.bias', 'decoder.layers.2.dec_layer_norm.weight', 'decoder.layers.2.feed_forward.layer_norm.bias', 'decoder.layers.2.feed_forward.layer_norm.weight', 'decoder.layers.2.feed_forward.pwff_layer.0.bias', 'decoder.layers.2.feed_forward.pwff_layer.0.weight', 'decoder.layers.2.feed_forward.pwff_layer.3.bias', 'decoder.layers.2.feed_forward.pwff_layer.3.weight', 'decoder.layers.2.src_trg_att.k_layer.bias', 'decoder.layers.2.src_trg_att.k_layer.weight', 'decoder.layers.2.src_trg_att.output_layer.bias', 'decoder.layers.2.src_trg_att.output_layer.weight', 'decoder.layers.2.src_trg_att.q_layer.bias', 'decoder.layers.2.src_trg_att.q_layer.weight', 'decoder.layers.2.src_trg_att.v_layer.bias', 'decoder.layers.2.src_trg_att.v_layer.weight', 'decoder.layers.2.trg_trg_att.k_layer.bias', 'decoder.layers.2.trg_trg_att.k_layer.weight', 'decoder.layers.2.trg_trg_att.output_layer.bias', 'decoder.layers.2.trg_trg_att.output_layer.weight', 'decoder.layers.2.trg_trg_att.q_layer.bias', 'decoder.layers.2.trg_trg_att.q_layer.weight', 'decoder.layers.2.trg_trg_att.v_layer.bias', 'decoder.layers.2.trg_trg_att.v_layer.weight', 'decoder.layers.2.x_layer_norm.bias', 'decoder.layers.2.x_layer_norm.weight', 'decoder.layers.3.dec_layer_norm.bias', 'decoder.layers.3.dec_layer_norm.weight', 'decoder.layers.3.feed_forward.layer_norm.bias', 'decoder.layers.3.feed_forward.layer_norm.weight', 'decoder.layers.3.feed_forward.pwff_layer.0.bias', 'decoder.layers.3.feed_forward.pwff_layer.0.weight', 'decoder.layers.3.feed_forward.pwff_layer.3.bias', 'decoder.layers.3.feed_forward.pwff_layer.3.weight', 'decoder.layers.3.src_trg_att.k_layer.bias', 'decoder.layers.3.src_trg_att.k_layer.weight', 'decoder.layers.3.src_trg_att.output_layer.bias', 'decoder.layers.3.src_trg_att.output_layer.weight', 'decoder.layers.3.src_trg_att.q_layer.bias', 'decoder.layers.3.src_trg_att.q_layer.weight', 'decoder.layers.3.src_trg_att.v_layer.bias', 'decoder.layers.3.src_trg_att.v_layer.weight', 'decoder.layers.3.trg_trg_att.k_layer.bias', 'decoder.layers.3.trg_trg_att.k_layer.weight', 'decoder.layers.3.trg_trg_att.output_layer.bias', 'decoder.layers.3.trg_trg_att.output_layer.weight', 'decoder.layers.3.trg_trg_att.q_layer.bias', 'decoder.layers.3.trg_trg_att.q_layer.weight', 'decoder.layers.3.trg_trg_att.v_layer.bias', 'decoder.layers.3.trg_trg_att.v_layer.weight', 'decoder.layers.3.x_layer_norm.bias', 'decoder.layers.3.x_layer_norm.weight', 'decoder.layers.4.dec_layer_norm.bias', 'decoder.layers.4.dec_layer_norm.weight', 'decoder.layers.4.feed_forward.layer_norm.bias', 'decoder.layers.4.feed_forward.layer_norm.weight', 'decoder.layers.4.feed_forward.pwff_layer.0.bias', 'decoder.layers.4.feed_forward.pwff_layer.0.weight', 'decoder.layers.4.feed_forward.pwff_layer.3.bias', 'decoder.layers.4.feed_forward.pwff_layer.3.weight', 'decoder.layers.4.src_trg_att.k_layer.bias', 'decoder.layers.4.src_trg_att.k_layer.weight', 'decoder.layers.4.src_trg_att.output_layer.bias', 'decoder.layers.4.src_trg_att.output_layer.weight', 'decoder.layers.4.src_trg_att.q_layer.bias', 'decoder.layers.4.src_trg_att.q_layer.weight', 'decoder.layers.4.src_trg_att.v_layer.bias', 'decoder.layers.4.src_trg_att.v_layer.weight', 'decoder.layers.4.trg_trg_att.k_layer.bias', 'decoder.layers.4.trg_trg_att.k_layer.weight', 'decoder.layers.4.trg_trg_att.output_layer.bias', 'decoder.layers.4.trg_trg_att.output_layer.weight', 'decoder.layers.4.trg_trg_att.q_layer.bias', 'decoder.layers.4.trg_trg_att.q_layer.weight', 'decoder.layers.4.trg_trg_att.v_layer.bias', 'decoder.layers.4.trg_trg_att.v_layer.weight', 'decoder.layers.4.x_layer_norm.bias', 'decoder.layers.4.x_layer_norm.weight', 'decoder.layers.5.dec_layer_norm.bias', 'decoder.layers.5.dec_layer_norm.weight', 'decoder.layers.5.feed_forward.layer_norm.bias', 'decoder.layers.5.feed_forward.layer_norm.weight', 'decoder.layers.5.feed_forward.pwff_layer.0.bias', 'decoder.layers.5.feed_forward.pwff_layer.0.weight', 'decoder.layers.5.feed_forward.pwff_layer.3.bias', 'decoder.layers.5.feed_forward.pwff_layer.3.weight', 'decoder.layers.5.src_trg_att.k_layer.bias', 'decoder.layers.5.src_trg_att.k_layer.weight', 'decoder.layers.5.src_trg_att.output_layer.bias', 'decoder.layers.5.src_trg_att.output_layer.weight', 'decoder.layers.5.src_trg_att.q_layer.bias', 'decoder.layers.5.src_trg_att.q_layer.weight', 'decoder.layers.5.src_trg_att.v_layer.bias', 'decoder.layers.5.src_trg_att.v_layer.weight', 'decoder.layers.5.trg_trg_att.k_layer.bias', 'decoder.layers.5.trg_trg_att.k_layer.weight', 'decoder.layers.5.trg_trg_att.output_layer.bias', 'decoder.layers.5.trg_trg_att.output_layer.weight', 'decoder.layers.5.trg_trg_att.q_layer.bias', 'decoder.layers.5.trg_trg_att.q_layer.weight', 'decoder.layers.5.trg_trg_att.v_layer.bias', 'decoder.layers.5.trg_trg_att.v_layer.weight', 'decoder.layers.5.x_layer_norm.bias', 'decoder.layers.5.x_layer_norm.weight', 'encoder.layer_norm.bias', 'encoder.layer_norm.weight', 'encoder.layers.0.feed_forward.layer_norm.bias', 'encoder.layers.0.feed_forward.layer_norm.weight', 'encoder.layers.0.feed_forward.pwff_layer.0.bias', 'encoder.layers.0.feed_forward.pwff_layer.0.weight', 'encoder.layers.0.feed_forward.pwff_layer.3.bias', 'encoder.layers.0.feed_forward.pwff_layer.3.weight', 'encoder.layers.0.layer_norm.bias', 'encoder.layers.0.layer_norm.weight', 'encoder.layers.0.src_src_att.k_layer.bias', 'encoder.layers.0.src_src_att.k_layer.weight', 'encoder.layers.0.src_src_att.output_layer.bias', 'encoder.layers.0.src_src_att.output_layer.weight', 'encoder.layers.0.src_src_att.q_layer.bias', 'encoder.layers.0.src_src_att.q_layer.weight', 'encoder.layers.0.src_src_att.v_layer.bias', 'encoder.layers.0.src_src_att.v_layer.weight', 'encoder.layers.1.feed_forward.layer_norm.bias', 'encoder.layers.1.feed_forward.layer_norm.weight', 'encoder.layers.1.feed_forward.pwff_layer.0.bias', 'encoder.layers.1.feed_forward.pwff_layer.0.weight', 'encoder.layers.1.feed_forward.pwff_layer.3.bias', 'encoder.layers.1.feed_forward.pwff_layer.3.weight', 'encoder.layers.1.layer_norm.bias', 'encoder.layers.1.layer_norm.weight', 'encoder.layers.1.src_src_att.k_layer.bias', 'encoder.layers.1.src_src_att.k_layer.weight', 'encoder.layers.1.src_src_att.output_layer.bias', 'encoder.layers.1.src_src_att.output_layer.weight', 'encoder.layers.1.src_src_att.q_layer.bias', 'encoder.layers.1.src_src_att.q_layer.weight', 'encoder.layers.1.src_src_att.v_layer.bias', 'encoder.layers.1.src_src_att.v_layer.weight', 'encoder.layers.2.feed_forward.layer_norm.bias', 'encoder.layers.2.feed_forward.layer_norm.weight', 'encoder.layers.2.feed_forward.pwff_layer.0.bias', 'encoder.layers.2.feed_forward.pwff_layer.0.weight', 'encoder.layers.2.feed_forward.pwff_layer.3.bias', 'encoder.layers.2.feed_forward.pwff_layer.3.weight', 'encoder.layers.2.layer_norm.bias', 'encoder.layers.2.layer_norm.weight', 'encoder.layers.2.src_src_att.k_layer.bias', 'encoder.layers.2.src_src_att.k_layer.weight', 'encoder.layers.2.src_src_att.output_layer.bias', 'encoder.layers.2.src_src_att.output_layer.weight', 'encoder.layers.2.src_src_att.q_layer.bias', 'encoder.layers.2.src_src_att.q_layer.weight', 'encoder.layers.2.src_src_att.v_layer.bias', 'encoder.layers.2.src_src_att.v_layer.weight', 'encoder.layers.3.feed_forward.layer_norm.bias', 'encoder.layers.3.feed_forward.layer_norm.weight', 'encoder.layers.3.feed_forward.pwff_layer.0.bias', 'encoder.layers.3.feed_forward.pwff_layer.0.weight', 'encoder.layers.3.feed_forward.pwff_layer.3.bias', 'encoder.layers.3.feed_forward.pwff_layer.3.weight', 'encoder.layers.3.layer_norm.bias', 'encoder.layers.3.layer_norm.weight', 'encoder.layers.3.src_src_att.k_layer.bias', 'encoder.layers.3.src_src_att.k_layer.weight', 'encoder.layers.3.src_src_att.output_layer.bias', 'encoder.layers.3.src_src_att.output_layer.weight', 'encoder.layers.3.src_src_att.q_layer.bias', 'encoder.layers.3.src_src_att.q_layer.weight', 'encoder.layers.3.src_src_att.v_layer.bias', 'encoder.layers.3.src_src_att.v_layer.weight', 'encoder.layers.4.feed_forward.layer_norm.bias', 'encoder.layers.4.feed_forward.layer_norm.weight', 'encoder.layers.4.feed_forward.pwff_layer.0.bias', 'encoder.layers.4.feed_forward.pwff_layer.0.weight', 'encoder.layers.4.feed_forward.pwff_layer.3.bias', 'encoder.layers.4.feed_forward.pwff_layer.3.weight', 'encoder.layers.4.layer_norm.bias', 'encoder.layers.4.layer_norm.weight', 'encoder.layers.4.src_src_att.k_layer.bias', 'encoder.layers.4.src_src_att.k_layer.weight', 'encoder.layers.4.src_src_att.output_layer.bias', 'encoder.layers.4.src_src_att.output_layer.weight', 'encoder.layers.4.src_src_att.q_layer.bias', 'encoder.layers.4.src_src_att.q_layer.weight', 'encoder.layers.4.src_src_att.v_layer.bias', 'encoder.layers.4.src_src_att.v_layer.weight', 'encoder.layers.5.feed_forward.layer_norm.bias', 'encoder.layers.5.feed_forward.layer_norm.weight', 'encoder.layers.5.feed_forward.pwff_layer.0.bias', 'encoder.layers.5.feed_forward.pwff_layer.0.weight', 'encoder.layers.5.feed_forward.pwff_layer.3.bias', 'encoder.layers.5.feed_forward.pwff_layer.3.weight', 'encoder.layers.5.layer_norm.bias', 'encoder.layers.5.layer_norm.weight', 'encoder.layers.5.src_src_att.k_layer.bias', 'encoder.layers.5.src_src_att.k_layer.weight', 'encoder.layers.5.src_src_att.output_layer.bias', 'encoder.layers.5.src_src_att.output_layer.weight', 'encoder.layers.5.src_src_att.q_layer.bias', 'encoder.layers.5.src_src_att.q_layer.weight', 'encoder.layers.5.src_src_att.v_layer.bias', 'encoder.layers.5.src_src_att.v_layer.weight', 'src_embed.lut.weight', 'trg_embed.lut.weight']
2020-08-11 05:16:17,007 cfg.data.dev                       : chatnmt/multi_encoder/dev_subset.tags.bpe.10000
2020-08-11 05:16:17,007 cfg.data.level                     : bpe
2020-08-11 05:16:17,007 cfg.data.lowercase                 : False
2020-08-11 05:16:17,007 cfg.data.max_sent_length           : 100
2020-08-11 05:16:17,007 cfg.data.src                       : en
2020-08-11 05:16:17,007 cfg.data.test                      : chatnmt/multi_encoder/test.tags.bpe.10000
2020-08-11 05:16:17,007 cfg.data.train                     : chatnmt/multi_encoder/train_subset.tags.bpe.10000
2020-08-11 05:16:17,007 cfg.data.trg                       : de
2020-08-11 05:16:17,007 cfg.model.bias_initializer         : zeros
2020-08-11 05:16:17,008 cfg.model.decoder.dropout          : 0.1
2020-08-11 05:16:17,008 cfg.model.decoder.embeddings.dropout : 0.0
2020-08-11 05:16:17,008 cfg.model.decoder.embeddings.embedding_dim : 1024
2020-08-11 05:16:17,008 cfg.model.decoder.embeddings.scale : True
2020-08-11 05:16:17,008 cfg.model.decoder.ff_size          : 512
2020-08-11 05:16:17,008 cfg.model.decoder.freeze           : False
2020-08-11 05:16:17,008 cfg.model.decoder.hidden_size      : 1024
2020-08-11 05:16:17,008 cfg.model.decoder.num_heads        : 8
2020-08-11 05:16:17,008 cfg.model.decoder.num_layers       : 6
2020-08-11 05:16:17,008 cfg.model.decoder.type             : transformer
2020-08-11 05:16:17,008 cfg.model.embed_init_gain          : 1.0
2020-08-11 05:16:17,008 cfg.model.embed_initializer        : xavier
2020-08-11 05:16:17,008 cfg.model.encoder.dropout          : 0.1
2020-08-11 05:16:17,008 cfg.model.encoder.embeddings.dropout : 0.0
2020-08-11 05:16:17,008 cfg.model.encoder.embeddings.embedding_dim : 1024
2020-08-11 05:16:17,008 cfg.model.encoder.embeddings.scale : True
2020-08-11 05:16:17,008 cfg.model.encoder.ff_size          : 512
2020-08-11 05:16:17,008 cfg.model.encoder.freeze           : False
2020-08-11 05:16:17,008 cfg.model.encoder.hidden_size      : 1024
2020-08-11 05:16:17,008 cfg.model.encoder.multi_encoder    : False
2020-08-11 05:16:17,008 cfg.model.encoder.num_heads        : 16
2020-08-11 05:16:17,008 cfg.model.encoder.num_layers       : 6
2020-08-11 05:16:17,008 cfg.model.encoder.type             : transformer
2020-08-11 05:16:17,008 cfg.model.init_gain                : 1.0
2020-08-11 05:16:17,008 cfg.model.initializer              : xavier
2020-08-11 05:16:17,008 cfg.model.tied_embeddings          : False
2020-08-11 05:16:17,009 cfg.model.tied_softmax             : True
2020-08-11 05:16:17,009 cfg.name                           : transformer
2020-08-11 05:16:17,009 cfg.testing.alpha                  : 1.0
2020-08-11 05:16:17,009 cfg.testing.beam_size              : 5
2020-08-11 05:16:17,009 cfg.training.adam_betas            : [0.9, 0.999]
2020-08-11 05:16:17,009 cfg.training.batch_multiplier      : 1
2020-08-11 05:16:17,009 cfg.training.batch_size            : 1024
2020-08-11 05:16:17,009 cfg.training.batch_type            : token
2020-08-11 05:16:17,009 cfg.training.decrease_factor       : 0.7
2020-08-11 05:16:17,009 cfg.training.early_stopping_metric : ppl
2020-08-11 05:16:17,009 cfg.training.epochs                : 20
2020-08-11 05:16:17,009 cfg.training.eval_metric           : bleu
2020-08-11 05:16:17,009 cfg.training.keep_last_ckpts       : 3
2020-08-11 05:16:17,009 cfg.training.label_smoothing       : 0.1
2020-08-11 05:16:17,009 cfg.training.learning_rate         : 0.0002
2020-08-11 05:16:17,009 cfg.training.learning_rate_min     : 1e-08
2020-08-11 05:16:17,009 cfg.training.logging_freq          : 100
2020-08-11 05:16:17,009 cfg.training.loss                  : crossentropy
2020-08-11 05:16:17,009 cfg.training.max_output_length     : 100
2020-08-11 05:16:17,009 cfg.training.model_dir             : models/viznet/attempt4/16_8_0.1_1024_1024_1024_8_6
2020-08-11 05:16:17,009 cfg.training.normalization         : tokens
2020-08-11 05:16:17,009 cfg.training.optimizer             : adam
2020-08-11 05:16:17,009 cfg.training.overwrite             : True
2020-08-11 05:16:17,009 cfg.training.patience              : 8
2020-08-11 05:16:17,010 cfg.training.print_valid_sents     : [0, 1, 2, 3]
2020-08-11 05:16:17,010 cfg.training.random_seed           : 42
2020-08-11 05:16:17,010 cfg.training.scheduling            : plateau
2020-08-11 05:16:17,010 cfg.training.shuffle               : True
2020-08-11 05:16:17,010 cfg.training.use_cuda              : True
2020-08-11 05:16:17,010 cfg.training.validation_freq       : 200
2020-08-11 05:16:17,010 cfg.training.weight_decay          : 0.0
2020-08-11 05:16:17,010 Data set sizes: 
	train 5000,
	valid 500,
	test 1220
2020-08-11 05:16:17,010 First training example:
	[SRC] hi there ! how can i help ?
	[TRG] hallo ! wie kann ich helfen ?
2020-08-11 05:16:17,010 First 10 words (src): (0) <unk> (1) <pad> (2) <s> (3) </s> (4) . (5) , (6) ? (7) you (8) i (9) the
2020-08-11 05:16:17,010 First 10 words (trg): (0) <unk> (1) <pad> (2) <s> (3) </s> (4) . (5) , (6) ? (7) sie (8) ich (9) das
2020-08-11 05:16:17,011 Number of Src words (types): 3468
2020-08-11 05:16:17,011 Number of Trg words (types): 4487
2020-08-11 05:16:17,011 Model(
	encoder=TransformerEncoder(num_layers=6, num_heads=16),
	decoder=TransformerDecoder(num_layers=6, num_heads=8),
	src_embed=Embeddings(embedding_dim=1024, vocab_size=3468),
	trg_embed=Embeddings(embedding_dim=1024, vocab_size=4487))
2020-08-11 05:16:17,015 EPOCH 1
2020-08-11 05:16:29,664 Epoch   1: total training loss 490.50
2020-08-11 05:16:29,664 EPOCH 2
2020-08-11 05:16:29,956 Epoch   2 Step:      100 Batch Loss:     3.794909 Tokens per Sec:     4783, Lr: 0.000200
2020-08-11 05:16:42,446 Epoch   2: total training loss 408.00
2020-08-11 05:16:42,447 EPOCH 3
2020-08-11 05:16:42,845 Epoch   3 Step:      200 Batch Loss:     2.694577 Tokens per Sec:     5032, Lr: 0.000200
2020-08-11 05:17:30,898 Hooray! New best validation result [ppl]!
2020-08-11 05:17:30,898 Saving new checkpoint.
2020-08-11 05:17:36,234 Example #0
2020-08-11 05:17:36,234 	Raw source:     ['hello', '.']
2020-08-11 05:17:36,234 	Raw hypothesis: ['hallo', ',', 'wie', 'kann', 'ich', 'ihnen', 'helfen', '.']
2020-08-11 05:17:36,234 	Source:     hello .
2020-08-11 05:17:36,234 	Reference:  hallo ,
2020-08-11 05:17:36,234 	Hypothesis: hallo , wie kann ich ihnen helfen .
2020-08-11 05:17:36,234 Example #1
2020-08-11 05:17:36,234 	Raw source:     ['hi', ',', 'how', 'can', 'i', 'help', 'you', '?']
2020-08-11 05:17:36,235 	Raw hypothesis: ['hallo', ',', 'wie', 'kann', 'ich', 'ihnen', 'helfen', '?']
2020-08-11 05:17:36,235 	Source:     hi , how can i help you ?
2020-08-11 05:17:36,235 	Reference:  hallo , wie kann ich ihnen helfen ?
2020-08-11 05:17:36,235 	Hypothesis: hallo , wie kann ich ihnen helfen ?
2020-08-11 05:17:36,235 Example #2
2020-08-11 05:17:36,235 	Raw source:     ['hi', ',', 'i', '&apos;m', 'looking', 'for', 'a', 'restaurant', 'inside', 'the', 'arden', 'fair', 'mall', 'in', 'san', 'francisco', ',', 'california', '.']
2020-08-11 05:17:36,235 	Raw hypothesis: ['hallo', ',', 'ich', 'möchte', 'möchte', 'möchte', 'möchte', 'möchte', 'möchte', 'möchte', 'möchte', 'eine', 'eine', 'in', 'der', '.']
2020-08-11 05:17:36,235 	Source:     hi , i &apos;m looking for a restaurant inside the arden fair mall in san francisco , california .
2020-08-11 05:17:36,235 	Reference:  hallo , ich bin auf der suche nach einem restaurant im arden fair einkaufszentrum in san francisco , kalifornien .
2020-08-11 05:17:36,235 	Hypothesis: hallo , ich möchte möchte möchte möchte möchte möchte möchte möchte eine eine in der .
2020-08-11 05:17:36,235 Example #3
2020-08-11 05:17:36,235 	Raw source:     ['ok', ',', 'what', 'type', 'of', 'restaurant', 'are', 'you', 'looking', 'for', '?']
2020-08-11 05:17:36,235 	Raw hypothesis: ['ok', ',', 'welche', 'möchten', 'sie', 'ihren', '?']
2020-08-11 05:17:36,235 	Source:     ok , what type of restaurant are you looking for ?
2020-08-11 05:17:36,235 	Reference:  ok . welche art von restaurant suchen sie denn genau ?
2020-08-11 05:17:36,235 	Hypothesis: ok , welche möchten sie ihren ?
2020-08-11 05:17:36,235 Validation result (greedy) at epoch   3, step      200: bleu:   4.98, loss: 25134.1191, ppl:  50.7649, duration: 53.3901s
2020-08-11 05:17:48,712 Epoch   3: total training loss 349.42
2020-08-11 05:17:48,713 EPOCH 4
2020-08-11 05:17:49,147 Epoch   4 Step:      300 Batch Loss:     2.453764 Tokens per Sec:     3757, Lr: 0.000200
2020-08-11 05:18:01,524 Epoch   4: total training loss 293.33
2020-08-11 05:18:01,524 EPOCH 5
2020-08-11 05:18:02,144 Epoch   5 Step:      400 Batch Loss:     1.625899 Tokens per Sec:     4818, Lr: 0.000200
2020-08-11 05:18:54,711 Hooray! New best validation result [ppl]!
2020-08-11 05:18:54,711 Saving new checkpoint.
2020-08-11 05:18:59,809 Example #0
2020-08-11 05:18:59,810 	Raw source:     ['hello', '.']
2020-08-11 05:18:59,810 	Raw hypothesis: ['hallo', '.']
2020-08-11 05:18:59,810 	Source:     hello .
2020-08-11 05:18:59,810 	Reference:  hallo ,
2020-08-11 05:18:59,810 	Hypothesis: hallo .
2020-08-11 05:18:59,810 Example #1
2020-08-11 05:18:59,810 	Raw source:     ['hi', ',', 'how', 'can', 'i', 'help', 'you', '?']
2020-08-11 05:18:59,810 	Raw hypothesis: ['hallo', ',', 'wie', 'kann', 'ich', 'ihnen', 'helfen', '?']
2020-08-11 05:18:59,810 	Source:     hi , how can i help you ?
2020-08-11 05:18:59,810 	Reference:  hallo , wie kann ich ihnen helfen ?
2020-08-11 05:18:59,810 	Hypothesis: hallo , wie kann ich ihnen helfen ?
2020-08-11 05:18:59,810 Example #2
2020-08-11 05:18:59,810 	Raw source:     ['hi', ',', 'i', '&apos;m', 'looking', 'for', 'a', 'restaurant', 'inside', 'the', 'arden', 'fair', 'mall', 'in', 'san', 'francisco', ',', 'california', '.']
2020-08-11 05:18:59,810 	Raw hypothesis: ['hallo', ',', 'ich', 'bin', 'in', 'san', 'francisco', ',', 'kalifornien', ',', 'kalifornien', ',', 'kalifornien', ',', 'kalifornien', ',', 'kalifornien', ',', 'kalifornien', ',', 'kalifornien', ',', 'kalifornien', ',', 'kalifornien', ',', 'kalifornien', ',', 'kalifornien', ',', 'kalifornien', ',', 'kalifornien', ',', 'kalifornien', ',', 'kalifornien', ',', 'kalifornien', ',', 'kalifornien', ',', 'kalifornien', ',', 'kalifornien', ',', 'kalifornien', ',', 'kalifornien', ',', 'kalifornien', ',', 'kalifornien', ',', 'kalifornien', ',', 'kalifornien', ',', 'kalifornien', ',', 'kalifornien', ',', 'kalifornien', ',', 'kalifornien', ',', 'kalifornien', ',', 'kalifornien', ',', 'kalifornien', ',', 'kalifornien', ',', 'kalifornien', ',', 'kalifornien', ',', 'kalifornien', ',', 'kalifornien', ',', 'kalifornien', ',', 'kalifornien', ',', 'kalifornien', ',', 'kalifornien', ',', 'kalifornien', ',', 'kalifornien', ',', 'kalifornien', ',', 'kalifornien', ',', 'kalifornien', ',']
2020-08-11 05:18:59,810 	Source:     hi , i &apos;m looking for a restaurant inside the arden fair mall in san francisco , california .
2020-08-11 05:18:59,810 	Reference:  hallo , ich bin auf der suche nach einem restaurant im arden fair einkaufszentrum in san francisco , kalifornien .
2020-08-11 05:18:59,810 	Hypothesis: hallo , ich bin in san francisco , kalifornien , kalifornien , kalifornien , kalifornien , kalifornien , kalifornien , kalifornien , kalifornien , kalifornien , kalifornien , kalifornien , kalifornien , kalifornien , kalifornien , kalifornien , kalifornien , kalifornien , kalifornien , kalifornien , kalifornien , kalifornien , kalifornien , kalifornien , kalifornien , kalifornien , kalifornien , kalifornien , kalifornien , kalifornien , kalifornien , kalifornien , kalifornien , kalifornien , kalifornien , kalifornien , kalifornien , kalifornien , kalifornien , kalifornien , kalifornien , kalifornien , kalifornien , kalifornien , kalifornien , kalifornien , kalifornien ,
2020-08-11 05:18:59,810 Example #3
2020-08-11 05:18:59,810 	Raw source:     ['ok', ',', 'what', 'type', 'of', 'restaurant', 'are', 'you', 'looking', 'for', '?']
2020-08-11 05:18:59,810 	Raw hypothesis: ['ok', ',', 'was', 'für', 'sie', 'ein', 'restaurant', 'für', 'mich', 'für', 'sie', 'restaurant', '?']
2020-08-11 05:18:59,811 	Source:     ok , what type of restaurant are you looking for ?
2020-08-11 05:18:59,811 	Reference:  ok . welche art von restaurant suchen sie denn genau ?
2020-08-11 05:18:59,811 	Hypothesis: ok , was für sie ein restaurant für mich für sie restaurant ?
2020-08-11 05:18:59,811 Validation result (greedy) at epoch   5, step      400: bleu:  10.73, loss: 19320.0234, ppl:  20.4658, duration: 57.6660s
2020-08-11 05:19:11,925 Epoch   5: total training loss 240.88
2020-08-11 05:19:11,925 EPOCH 6
2020-08-11 05:19:12,561 Epoch   6 Step:      500 Batch Loss:     1.348695 Tokens per Sec:     4759, Lr: 0.000200
2020-08-11 05:19:24,605 Epoch   6: total training loss 193.48
2020-08-11 05:19:24,606 EPOCH 7
2020-08-11 05:19:25,535 Epoch   7 Step:      600 Batch Loss:     1.078078 Tokens per Sec:     5147, Lr: 0.000200
2020-08-11 05:19:48,569 Hooray! New best validation result [ppl]!
2020-08-11 05:19:48,569 Saving new checkpoint.
2020-08-11 05:19:53,951 Example #0
2020-08-11 05:19:53,951 	Raw source:     ['hello', '.']
2020-08-11 05:19:53,951 	Raw hypothesis: ['hallo', '.']
2020-08-11 05:19:53,951 	Source:     hello .
2020-08-11 05:19:53,951 	Reference:  hallo ,
2020-08-11 05:19:53,951 	Hypothesis: hallo .
2020-08-11 05:19:53,952 Example #1
2020-08-11 05:19:53,952 	Raw source:     ['hi', ',', 'how', 'can', 'i', 'help', 'you', '?']
2020-08-11 05:19:53,952 	Raw hypothesis: ['hallo', ',', 'wie', 'kann', 'ich', 'ihnen', 'helfen', '?']
2020-08-11 05:19:53,952 	Source:     hi , how can i help you ?
2020-08-11 05:19:53,952 	Reference:  hallo , wie kann ich ihnen helfen ?
2020-08-11 05:19:53,952 	Hypothesis: hallo , wie kann ich ihnen helfen ?
2020-08-11 05:19:53,952 Example #2
2020-08-11 05:19:53,952 	Raw source:     ['hi', ',', 'i', '&apos;m', 'looking', 'for', 'a', 'restaurant', 'inside', 'the', 'arden', 'fair', 'mall', 'in', 'san', 'francisco', ',', 'california', '.']
2020-08-11 05:19:53,952 	Raw hypothesis: ['hallo', ',', 'ich', 'suche', 'ein', 'restaurant', 'in', 'san', 'francisco', ',', 'kalifornien', ',', 'kalifornien', ',', 'kalifornien', ',', 'in', 'der', 'arden', 'fair', ',', 'kalifornien', ',', 'kalifornien', ',', 'kalifornien', ',', 'kalifornien', '.']
2020-08-11 05:19:53,952 	Source:     hi , i &apos;m looking for a restaurant inside the arden fair mall in san francisco , california .
2020-08-11 05:19:53,952 	Reference:  hallo , ich bin auf der suche nach einem restaurant im arden fair einkaufszentrum in san francisco , kalifornien .
2020-08-11 05:19:53,952 	Hypothesis: hallo , ich suche ein restaurant in san francisco , kalifornien , kalifornien , kalifornien , in der arden fair , kalifornien , kalifornien , kalifornien , kalifornien .
2020-08-11 05:19:53,952 Example #3
2020-08-11 05:19:53,952 	Raw source:     ['ok', ',', 'what', 'type', 'of', 'restaurant', 'are', 'you', 'looking', 'for', '?']
2020-08-11 05:19:53,952 	Raw hypothesis: ['ok', ',', 'welche', 'art', 'von', 'restaurant', 'suchen', 'sie', '?']
2020-08-11 05:19:53,953 	Source:     ok , what type of restaurant are you looking for ?
2020-08-11 05:19:53,953 	Reference:  ok . welche art von restaurant suchen sie denn genau ?
2020-08-11 05:19:53,953 	Hypothesis: ok , welche art von restaurant suchen sie ?
2020-08-11 05:19:53,953 Validation result (greedy) at epoch   7, step      600: bleu:  22.17, loss: 16616.2148, ppl:  13.4138, duration: 28.4176s
2020-08-11 05:20:05,696 Epoch   7: total training loss 164.66
2020-08-11 05:20:05,697 EPOCH 8
2020-08-11 05:20:06,861 Epoch   8 Step:      700 Batch Loss:     1.611564 Tokens per Sec:     5071, Lr: 0.000200
2020-08-11 05:20:18,424 Epoch   8: total training loss 139.41
2020-08-11 05:20:18,424 EPOCH 9
2020-08-11 05:20:19,715 Epoch   9 Step:      800 Batch Loss:     0.199935 Tokens per Sec:     4643, Lr: 0.000200
2020-08-11 05:20:35,808 Hooray! New best validation result [ppl]!
2020-08-11 05:20:35,808 Saving new checkpoint.
2020-08-11 05:20:41,218 Example #0
2020-08-11 05:20:41,218 	Raw source:     ['hello', '.']
2020-08-11 05:20:41,219 	Raw hypothesis: ['hallo', '.']
2020-08-11 05:20:41,219 	Source:     hello .
2020-08-11 05:20:41,219 	Reference:  hallo ,
2020-08-11 05:20:41,219 	Hypothesis: hallo .
2020-08-11 05:20:41,220 Example #1
2020-08-11 05:20:41,220 	Raw source:     ['hi', ',', 'how', 'can', 'i', 'help', 'you', '?']
2020-08-11 05:20:41,220 	Raw hypothesis: ['hallo', ',', 'wie', 'kann', 'ich', 'ihnen', 'helfen', '?']
2020-08-11 05:20:41,220 	Source:     hi , how can i help you ?
2020-08-11 05:20:41,220 	Reference:  hallo , wie kann ich ihnen helfen ?
2020-08-11 05:20:41,220 	Hypothesis: hallo , wie kann ich ihnen helfen ?
2020-08-11 05:20:41,220 Example #2
2020-08-11 05:20:41,220 	Raw source:     ['hi', ',', 'i', '&apos;m', 'looking', 'for', 'a', 'restaurant', 'inside', 'the', 'arden', 'fair', 'mall', 'in', 'san', 'francisco', ',', 'california', '.']
2020-08-11 05:20:41,220 	Raw hypothesis: ['hallo', ',', 'ich', 'suche', 'ein', 'restaurant', 'in', 'san', 'francisco', ',', 'kalifornien', '.']
2020-08-11 05:20:41,220 	Source:     hi , i &apos;m looking for a restaurant inside the arden fair mall in san francisco , california .
2020-08-11 05:20:41,220 	Reference:  hallo , ich bin auf der suche nach einem restaurant im arden fair einkaufszentrum in san francisco , kalifornien .
2020-08-11 05:20:41,220 	Hypothesis: hallo , ich suche ein restaurant in san francisco , kalifornien .
2020-08-11 05:20:41,220 Example #3
2020-08-11 05:20:41,220 	Raw source:     ['ok', ',', 'what', 'type', 'of', 'restaurant', 'are', 'you', 'looking', 'for', '?']
2020-08-11 05:20:41,220 	Raw hypothesis: ['ok', ',', 'nach', 'welcher', 'art', 'von', 'restaurant', 'suchen', 'sie', '?']
2020-08-11 05:20:41,220 	Source:     ok , what type of restaurant are you looking for ?
2020-08-11 05:20:41,220 	Reference:  ok . welche art von restaurant suchen sie denn genau ?
2020-08-11 05:20:41,220 	Hypothesis: ok , nach welcher art von restaurant suchen sie ?
2020-08-11 05:20:41,221 Validation result (greedy) at epoch   9, step      800: bleu:  30.60, loss: 15499.2646, ppl:  11.2657, duration: 21.5050s
2020-08-11 05:20:52,715 Epoch   9: total training loss 116.77
2020-08-11 05:20:52,715 EPOCH 10
2020-08-11 05:20:54,216 Epoch  10 Step:      900 Batch Loss:     1.254947 Tokens per Sec:     5194, Lr: 0.000200
2020-08-11 05:21:05,541 Epoch  10: total training loss 102.83
2020-08-11 05:21:05,541 EPOCH 11
2020-08-11 05:21:07,127 Epoch  11 Step:     1000 Batch Loss:     0.775021 Tokens per Sec:     4889, Lr: 0.000200
2020-08-11 05:21:24,528 Hooray! New best validation result [ppl]!
2020-08-11 05:21:24,528 Saving new checkpoint.
2020-08-11 05:21:29,907 Example #0
2020-08-11 05:21:29,907 	Raw source:     ['hello', '.']
2020-08-11 05:21:29,907 	Raw hypothesis: ['hallo', ',']
2020-08-11 05:21:29,907 	Source:     hello .
2020-08-11 05:21:29,907 	Reference:  hallo ,
2020-08-11 05:21:29,907 	Hypothesis: hallo ,
2020-08-11 05:21:29,907 Example #1
2020-08-11 05:21:29,907 	Raw source:     ['hi', ',', 'how', 'can', 'i', 'help', 'you', '?']
2020-08-11 05:21:29,908 	Raw hypothesis: ['hallo', ',', 'wie', 'kann', 'ich', 'ihnen', 'helfen', '?']
2020-08-11 05:21:29,908 	Source:     hi , how can i help you ?
2020-08-11 05:21:29,908 	Reference:  hallo , wie kann ich ihnen helfen ?
2020-08-11 05:21:29,908 	Hypothesis: hallo , wie kann ich ihnen helfen ?
2020-08-11 05:21:29,908 Example #2
2020-08-11 05:21:29,909 	Raw source:     ['hi', ',', 'i', '&apos;m', 'looking', 'for', 'a', 'restaurant', 'inside', 'the', 'arden', 'fair', 'mall', 'in', 'san', 'francisco', ',', 'california', '.']
2020-08-11 05:21:29,909 	Raw hypothesis: ['hallo', ',', 'ich', 'suche', 'ein', 'restaurant', 'in', 'san', 'francisco', ',', 'kalifornien', ',', 'in', 'einem', 'arden', '.']
2020-08-11 05:21:29,909 	Source:     hi , i &apos;m looking for a restaurant inside the arden fair mall in san francisco , california .
2020-08-11 05:21:29,909 	Reference:  hallo , ich bin auf der suche nach einem restaurant im arden fair einkaufszentrum in san francisco , kalifornien .
2020-08-11 05:21:29,909 	Hypothesis: hallo , ich suche ein restaurant in san francisco , kalifornien , in einem arden .
2020-08-11 05:21:29,909 Example #3
2020-08-11 05:21:29,909 	Raw source:     ['ok', ',', 'what', 'type', 'of', 'restaurant', 'are', 'you', 'looking', 'for', '?']
2020-08-11 05:21:29,909 	Raw hypothesis: ['ok', ',', 'nach', 'welcher', 'art', 'von', 'restaurant', 'suchen', 'sie', '?']
2020-08-11 05:21:29,909 	Source:     ok , what type of restaurant are you looking for ?
2020-08-11 05:21:29,909 	Reference:  ok . welche art von restaurant suchen sie denn genau ?
2020-08-11 05:21:29,909 	Hypothesis: ok , nach welcher art von restaurant suchen sie ?
2020-08-11 05:21:29,909 Validation result (greedy) at epoch  11, step     1000: bleu:  31.97, loss: 15043.1426, ppl:  10.4907, duration: 22.7819s
2020-08-11 05:21:41,046 Epoch  11: total training loss 81.68
2020-08-11 05:21:41,046 EPOCH 12
2020-08-11 05:21:42,820 Epoch  12 Step:     1100 Batch Loss:     0.621951 Tokens per Sec:     5106, Lr: 0.000200
2020-08-11 05:21:53,835 Epoch  12: total training loss 73.34
2020-08-11 05:21:53,835 EPOCH 13
2020-08-11 05:21:55,707 Epoch  13 Step:     1200 Batch Loss:     0.524539 Tokens per Sec:     5213, Lr: 0.000200
2020-08-11 05:22:10,213 Hooray! New best validation result [ppl]!
2020-08-11 05:22:10,213 Saving new checkpoint.
2020-08-11 05:22:15,422 Example #0
2020-08-11 05:22:15,423 	Raw source:     ['hello', '.']
2020-08-11 05:22:15,423 	Raw hypothesis: ['hallo', '.']
2020-08-11 05:22:15,423 	Source:     hello .
2020-08-11 05:22:15,423 	Reference:  hallo ,
2020-08-11 05:22:15,423 	Hypothesis: hallo .
2020-08-11 05:22:15,423 Example #1
2020-08-11 05:22:15,423 	Raw source:     ['hi', ',', 'how', 'can', 'i', 'help', 'you', '?']
2020-08-11 05:22:15,423 	Raw hypothesis: ['hallo', ',', 'wie', 'kann', 'ich', 'ihnen', 'helfen', '?']
2020-08-11 05:22:15,423 	Source:     hi , how can i help you ?
2020-08-11 05:22:15,423 	Reference:  hallo , wie kann ich ihnen helfen ?
2020-08-11 05:22:15,423 	Hypothesis: hallo , wie kann ich ihnen helfen ?
2020-08-11 05:22:15,423 Example #2
2020-08-11 05:22:15,423 	Raw source:     ['hi', ',', 'i', '&apos;m', 'looking', 'for', 'a', 'restaurant', 'inside', 'the', 'arden', 'fair', 'mall', 'in', 'san', 'francisco', ',', 'california', '.']
2020-08-11 05:22:15,423 	Raw hypothesis: ['hallo', ',', 'ich', 'suche', 'ein', 'restaurant', 'in', 'der', 'arden', 'fair', 'mall', '.']
2020-08-11 05:22:15,423 	Source:     hi , i &apos;m looking for a restaurant inside the arden fair mall in san francisco , california .
2020-08-11 05:22:15,423 	Reference:  hallo , ich bin auf der suche nach einem restaurant im arden fair einkaufszentrum in san francisco , kalifornien .
2020-08-11 05:22:15,423 	Hypothesis: hallo , ich suche ein restaurant in der arden fair mall .
2020-08-11 05:22:15,423 Example #3
2020-08-11 05:22:15,423 	Raw source:     ['ok', ',', 'what', 'type', 'of', 'restaurant', 'are', 'you', 'looking', 'for', '?']
2020-08-11 05:22:15,423 	Raw hypothesis: ['ok', ',', 'nach', 'welcher', 'art', 'von', 'restaurant', 'suchen', 'sie', '?']
2020-08-11 05:22:15,423 	Source:     ok , what type of restaurant are you looking for ?
2020-08-11 05:22:15,424 	Reference:  ok . welche art von restaurant suchen sie denn genau ?
2020-08-11 05:22:15,424 	Hypothesis: ok , nach welcher art von restaurant suchen sie ?
2020-08-11 05:22:15,424 Validation result (greedy) at epoch  13, step     1200: bleu:  34.00, loss: 15019.7402, ppl:  10.4524, duration: 19.7160s
2020-08-11 05:22:26,511 Epoch  13: total training loss 63.67
2020-08-11 05:22:26,511 EPOCH 14
2020-08-11 05:22:28,280 Epoch  14 Step:     1300 Batch Loss:     0.213843 Tokens per Sec:     4973, Lr: 0.000200
2020-08-11 05:22:39,310 Epoch  14: total training loss 59.75
2020-08-11 05:22:39,310 EPOCH 15
2020-08-11 05:22:41,217 Epoch  15 Step:     1400 Batch Loss:     0.310766 Tokens per Sec:     5084, Lr: 0.000200
2020-08-11 05:22:53,448 Example #0
2020-08-11 05:22:53,448 	Raw source:     ['hello', '.']
2020-08-11 05:22:53,449 	Raw hypothesis: ['hallo', '.']
2020-08-11 05:22:53,449 	Source:     hello .
2020-08-11 05:22:53,449 	Reference:  hallo ,
2020-08-11 05:22:53,449 	Hypothesis: hallo .
2020-08-11 05:22:53,449 Example #1
2020-08-11 05:22:53,449 	Raw source:     ['hi', ',', 'how', 'can', 'i', 'help', 'you', '?']
2020-08-11 05:22:53,449 	Raw hypothesis: ['hallo', ',', 'wie', 'kann', 'ich', 'ihnen', 'helfen', '?']
2020-08-11 05:22:53,449 	Source:     hi , how can i help you ?
2020-08-11 05:22:53,449 	Reference:  hallo , wie kann ich ihnen helfen ?
2020-08-11 05:22:53,449 	Hypothesis: hallo , wie kann ich ihnen helfen ?
2020-08-11 05:22:53,449 Example #2
2020-08-11 05:22:53,449 	Raw source:     ['hi', ',', 'i', '&apos;m', 'looking', 'for', 'a', 'restaurant', 'inside', 'the', 'arden', 'fair', 'mall', 'in', 'san', 'francisco', ',', 'california', '.']
2020-08-11 05:22:53,449 	Raw hypothesis: ['hallo', ',', 'ich', 'suche', 'ein', 'restaurant', 'in', 'der', 'arden', 'fair', 'mall', 'in', 'san', 'francisco', ',', 'kalifornien', '.']
2020-08-11 05:22:53,449 	Source:     hi , i &apos;m looking for a restaurant inside the arden fair mall in san francisco , california .
2020-08-11 05:22:53,449 	Reference:  hallo , ich bin auf der suche nach einem restaurant im arden fair einkaufszentrum in san francisco , kalifornien .
2020-08-11 05:22:53,449 	Hypothesis: hallo , ich suche ein restaurant in der arden fair mall in san francisco , kalifornien .
2020-08-11 05:22:53,449 Example #3
2020-08-11 05:22:53,449 	Raw source:     ['ok', ',', 'what', 'type', 'of', 'restaurant', 'are', 'you', 'looking', 'for', '?']
2020-08-11 05:22:53,450 	Raw hypothesis: ['ok', ',', 'nach', 'welcher', 'art', 'von', 'restaurant', 'suchen', 'sie', '?']
2020-08-11 05:22:53,450 	Source:     ok , what type of restaurant are you looking for ?
2020-08-11 05:22:53,450 	Reference:  ok . welche art von restaurant suchen sie denn genau ?
2020-08-11 05:22:53,450 	Hypothesis: ok , nach welcher art von restaurant suchen sie ?
2020-08-11 05:22:53,450 Validation result (greedy) at epoch  15, step     1400: bleu:  34.54, loss: 15249.3818, ppl:  10.8343, duration: 12.2325s
2020-08-11 05:23:04,369 Epoch  15: total training loss 45.86
2020-08-11 05:23:04,370 EPOCH 16
2020-08-11 05:23:06,560 Epoch  16 Step:     1500 Batch Loss:     0.626368 Tokens per Sec:     4944, Lr: 0.000200
2020-08-11 05:23:17,185 Epoch  16: total training loss 37.38
2020-08-11 05:23:17,185 EPOCH 17
2020-08-11 05:23:19,498 Epoch  17 Step:     1600 Batch Loss:     0.253235 Tokens per Sec:     4941, Lr: 0.000200
2020-08-11 05:23:31,851 Example #0
2020-08-11 05:23:31,852 	Raw source:     ['hello', '.']
2020-08-11 05:23:31,852 	Raw hypothesis: ['hallo', '.']
2020-08-11 05:23:31,852 	Source:     hello .
2020-08-11 05:23:31,852 	Reference:  hallo ,
2020-08-11 05:23:31,852 	Hypothesis: hallo .
2020-08-11 05:23:31,852 Example #1
2020-08-11 05:23:31,852 	Raw source:     ['hi', ',', 'how', 'can', 'i', 'help', 'you', '?']
2020-08-11 05:23:31,852 	Raw hypothesis: ['hallo', ',', 'wie', 'kann', 'ich', 'ihnen', 'helfen', '?']
2020-08-11 05:23:31,852 	Source:     hi , how can i help you ?
2020-08-11 05:23:31,852 	Reference:  hallo , wie kann ich ihnen helfen ?
2020-08-11 05:23:31,852 	Hypothesis: hallo , wie kann ich ihnen helfen ?
2020-08-11 05:23:31,852 Example #2
2020-08-11 05:23:31,852 	Raw source:     ['hi', ',', 'i', '&apos;m', 'looking', 'for', 'a', 'restaurant', 'inside', 'the', 'arden', 'fair', 'mall', 'in', 'san', 'francisco', ',', 'california', '.']
2020-08-11 05:23:31,852 	Raw hypothesis: ['hallo', ',', 'ich', 'suche', 'ein', 'restaurant', 'in', 'san', 'francisco', ',', 'kalifornien', ',', 'in', 'dem', 'pizza', 'in', 'san', 'francisco', ',', 'kalifornien', '.']
2020-08-11 05:23:31,852 	Source:     hi , i &apos;m looking for a restaurant inside the arden fair mall in san francisco , california .
2020-08-11 05:23:31,852 	Reference:  hallo , ich bin auf der suche nach einem restaurant im arden fair einkaufszentrum in san francisco , kalifornien .
2020-08-11 05:23:31,852 	Hypothesis: hallo , ich suche ein restaurant in san francisco , kalifornien , in dem pizza in san francisco , kalifornien .
2020-08-11 05:23:31,852 Example #3
2020-08-11 05:23:31,852 	Raw source:     ['ok', ',', 'what', 'type', 'of', 'restaurant', 'are', 'you', 'looking', 'for', '?']
2020-08-11 05:23:31,852 	Raw hypothesis: ['ok', ',', 'nach', 'welcher', 'art', 'von', 'restaurant', 'suchen', 'sie', '?']
2020-08-11 05:23:31,852 	Source:     ok , what type of restaurant are you looking for ?
2020-08-11 05:23:31,852 	Reference:  ok . welche art von restaurant suchen sie denn genau ?
2020-08-11 05:23:31,852 	Hypothesis: ok , nach welcher art von restaurant suchen sie ?
2020-08-11 05:23:31,853 Validation result (greedy) at epoch  17, step     1600: bleu:  34.35, loss: 15253.0938, ppl:  10.8406, duration: 12.3541s
2020-08-11 05:23:42,225 Epoch  17: total training loss 34.24
2020-08-11 05:23:42,225 EPOCH 18
2020-08-11 05:23:44,689 Epoch  18 Step:     1700 Batch Loss:     0.226844 Tokens per Sec:     5145, Lr: 0.000200
2020-08-11 05:23:54,902 Epoch  18: total training loss 30.46
2020-08-11 05:23:54,902 EPOCH 19
2020-08-11 05:23:57,522 Epoch  19 Step:     1800 Batch Loss:     0.560187 Tokens per Sec:     5051, Lr: 0.000200
2020-08-11 05:24:12,139 Example #0
2020-08-11 05:24:12,139 	Raw source:     ['hello', '.']
2020-08-11 05:24:12,139 	Raw hypothesis: ['hallo', '!']
2020-08-11 05:24:12,139 	Source:     hello .
2020-08-11 05:24:12,139 	Reference:  hallo ,
2020-08-11 05:24:12,139 	Hypothesis: hallo !
2020-08-11 05:24:12,139 Example #1
2020-08-11 05:24:12,139 	Raw source:     ['hi', ',', 'how', 'can', 'i', 'help', 'you', '?']
2020-08-11 05:24:12,139 	Raw hypothesis: ['hallo', ',', 'wie', 'kann', 'ich', 'ihnen', 'helfen', '?']
2020-08-11 05:24:12,139 	Source:     hi , how can i help you ?
2020-08-11 05:24:12,139 	Reference:  hallo , wie kann ich ihnen helfen ?
2020-08-11 05:24:12,139 	Hypothesis: hallo , wie kann ich ihnen helfen ?
2020-08-11 05:24:12,139 Example #2
2020-08-11 05:24:12,139 	Raw source:     ['hi', ',', 'i', '&apos;m', 'looking', 'for', 'a', 'restaurant', 'inside', 'the', 'arden', 'fair', 'mall', 'in', 'san', 'francisco', ',', 'california', '.']
2020-08-11 05:24:12,139 	Raw hypothesis: ['hallo', ',', 'ich', 'suche', 'ein', 'schönes', 'restaurant', 'zum', 'mittagessen', 'in', 'der', 'arden', 'fair', 'mall', '.']
2020-08-11 05:24:12,139 	Source:     hi , i &apos;m looking for a restaurant inside the arden fair mall in san francisco , california .
2020-08-11 05:24:12,139 	Reference:  hallo , ich bin auf der suche nach einem restaurant im arden fair einkaufszentrum in san francisco , kalifornien .
2020-08-11 05:24:12,139 	Hypothesis: hallo , ich suche ein schönes restaurant zum mittagessen in der arden fair mall .
2020-08-11 05:24:12,139 Example #3
2020-08-11 05:24:12,139 	Raw source:     ['ok', ',', 'what', 'type', 'of', 'restaurant', 'are', 'you', 'looking', 'for', '?']
2020-08-11 05:24:12,139 	Raw hypothesis: ['ok', ',', 'nach', 'welcher', 'art', 'von', 'restaurant', 'suchen', 'sie', '?']
2020-08-11 05:24:12,140 	Source:     ok , what type of restaurant are you looking for ?
2020-08-11 05:24:12,140 	Reference:  ok . welche art von restaurant suchen sie denn genau ?
2020-08-11 05:24:12,140 	Hypothesis: ok , nach welcher art von restaurant suchen sie ?
2020-08-11 05:24:12,140 Validation result (greedy) at epoch  19, step     1800: bleu:  34.13, loss: 15337.4912, ppl:  10.9845, duration: 14.6179s
2020-08-11 05:24:22,193 Epoch  19: total training loss 26.61
2020-08-11 05:24:22,194 EPOCH 20
2020-08-11 05:24:25,028 Epoch  20 Step:     1900 Batch Loss:     0.268985 Tokens per Sec:     5059, Lr: 0.000200
2020-08-11 05:24:35,088 Epoch  20: total training loss 26.12
2020-08-11 05:24:35,089 Training ended after  20 epochs.
2020-08-11 05:24:35,089 Best validation result (greedy) at step     1200:  10.45 ppl.
