2020-08-11 06:03:41,849 Hello! This is Joey-NMT.
2020-08-11 06:03:43,196 Total params: 96384000
2020-08-11 06:03:43,197 Trainable parameters: ['decoder.layer_norm.bias', 'decoder.layer_norm.weight', 'decoder.layers.0.dec_layer_norm.bias', 'decoder.layers.0.dec_layer_norm.weight', 'decoder.layers.0.feed_forward.layer_norm.bias', 'decoder.layers.0.feed_forward.layer_norm.weight', 'decoder.layers.0.feed_forward.pwff_layer.0.bias', 'decoder.layers.0.feed_forward.pwff_layer.0.weight', 'decoder.layers.0.feed_forward.pwff_layer.3.bias', 'decoder.layers.0.feed_forward.pwff_layer.3.weight', 'decoder.layers.0.src_trg_att.k_layer.bias', 'decoder.layers.0.src_trg_att.k_layer.weight', 'decoder.layers.0.src_trg_att.output_layer.bias', 'decoder.layers.0.src_trg_att.output_layer.weight', 'decoder.layers.0.src_trg_att.q_layer.bias', 'decoder.layers.0.src_trg_att.q_layer.weight', 'decoder.layers.0.src_trg_att.v_layer.bias', 'decoder.layers.0.src_trg_att.v_layer.weight', 'decoder.layers.0.trg_trg_att.k_layer.bias', 'decoder.layers.0.trg_trg_att.k_layer.weight', 'decoder.layers.0.trg_trg_att.output_layer.bias', 'decoder.layers.0.trg_trg_att.output_layer.weight', 'decoder.layers.0.trg_trg_att.q_layer.bias', 'decoder.layers.0.trg_trg_att.q_layer.weight', 'decoder.layers.0.trg_trg_att.v_layer.bias', 'decoder.layers.0.trg_trg_att.v_layer.weight', 'decoder.layers.0.x_layer_norm.bias', 'decoder.layers.0.x_layer_norm.weight', 'decoder.layers.1.dec_layer_norm.bias', 'decoder.layers.1.dec_layer_norm.weight', 'decoder.layers.1.feed_forward.layer_norm.bias', 'decoder.layers.1.feed_forward.layer_norm.weight', 'decoder.layers.1.feed_forward.pwff_layer.0.bias', 'decoder.layers.1.feed_forward.pwff_layer.0.weight', 'decoder.layers.1.feed_forward.pwff_layer.3.bias', 'decoder.layers.1.feed_forward.pwff_layer.3.weight', 'decoder.layers.1.src_trg_att.k_layer.bias', 'decoder.layers.1.src_trg_att.k_layer.weight', 'decoder.layers.1.src_trg_att.output_layer.bias', 'decoder.layers.1.src_trg_att.output_layer.weight', 'decoder.layers.1.src_trg_att.q_layer.bias', 'decoder.layers.1.src_trg_att.q_layer.weight', 'decoder.layers.1.src_trg_att.v_layer.bias', 'decoder.layers.1.src_trg_att.v_layer.weight', 'decoder.layers.1.trg_trg_att.k_layer.bias', 'decoder.layers.1.trg_trg_att.k_layer.weight', 'decoder.layers.1.trg_trg_att.output_layer.bias', 'decoder.layers.1.trg_trg_att.output_layer.weight', 'decoder.layers.1.trg_trg_att.q_layer.bias', 'decoder.layers.1.trg_trg_att.q_layer.weight', 'decoder.layers.1.trg_trg_att.v_layer.bias', 'decoder.layers.1.trg_trg_att.v_layer.weight', 'decoder.layers.1.x_layer_norm.bias', 'decoder.layers.1.x_layer_norm.weight', 'decoder.layers.2.dec_layer_norm.bias', 'decoder.layers.2.dec_layer_norm.weight', 'decoder.layers.2.feed_forward.layer_norm.bias', 'decoder.layers.2.feed_forward.layer_norm.weight', 'decoder.layers.2.feed_forward.pwff_layer.0.bias', 'decoder.layers.2.feed_forward.pwff_layer.0.weight', 'decoder.layers.2.feed_forward.pwff_layer.3.bias', 'decoder.layers.2.feed_forward.pwff_layer.3.weight', 'decoder.layers.2.src_trg_att.k_layer.bias', 'decoder.layers.2.src_trg_att.k_layer.weight', 'decoder.layers.2.src_trg_att.output_layer.bias', 'decoder.layers.2.src_trg_att.output_layer.weight', 'decoder.layers.2.src_trg_att.q_layer.bias', 'decoder.layers.2.src_trg_att.q_layer.weight', 'decoder.layers.2.src_trg_att.v_layer.bias', 'decoder.layers.2.src_trg_att.v_layer.weight', 'decoder.layers.2.trg_trg_att.k_layer.bias', 'decoder.layers.2.trg_trg_att.k_layer.weight', 'decoder.layers.2.trg_trg_att.output_layer.bias', 'decoder.layers.2.trg_trg_att.output_layer.weight', 'decoder.layers.2.trg_trg_att.q_layer.bias', 'decoder.layers.2.trg_trg_att.q_layer.weight', 'decoder.layers.2.trg_trg_att.v_layer.bias', 'decoder.layers.2.trg_trg_att.v_layer.weight', 'decoder.layers.2.x_layer_norm.bias', 'decoder.layers.2.x_layer_norm.weight', 'decoder.layers.3.dec_layer_norm.bias', 'decoder.layers.3.dec_layer_norm.weight', 'decoder.layers.3.feed_forward.layer_norm.bias', 'decoder.layers.3.feed_forward.layer_norm.weight', 'decoder.layers.3.feed_forward.pwff_layer.0.bias', 'decoder.layers.3.feed_forward.pwff_layer.0.weight', 'decoder.layers.3.feed_forward.pwff_layer.3.bias', 'decoder.layers.3.feed_forward.pwff_layer.3.weight', 'decoder.layers.3.src_trg_att.k_layer.bias', 'decoder.layers.3.src_trg_att.k_layer.weight', 'decoder.layers.3.src_trg_att.output_layer.bias', 'decoder.layers.3.src_trg_att.output_layer.weight', 'decoder.layers.3.src_trg_att.q_layer.bias', 'decoder.layers.3.src_trg_att.q_layer.weight', 'decoder.layers.3.src_trg_att.v_layer.bias', 'decoder.layers.3.src_trg_att.v_layer.weight', 'decoder.layers.3.trg_trg_att.k_layer.bias', 'decoder.layers.3.trg_trg_att.k_layer.weight', 'decoder.layers.3.trg_trg_att.output_layer.bias', 'decoder.layers.3.trg_trg_att.output_layer.weight', 'decoder.layers.3.trg_trg_att.q_layer.bias', 'decoder.layers.3.trg_trg_att.q_layer.weight', 'decoder.layers.3.trg_trg_att.v_layer.bias', 'decoder.layers.3.trg_trg_att.v_layer.weight', 'decoder.layers.3.x_layer_norm.bias', 'decoder.layers.3.x_layer_norm.weight', 'decoder.layers.4.dec_layer_norm.bias', 'decoder.layers.4.dec_layer_norm.weight', 'decoder.layers.4.feed_forward.layer_norm.bias', 'decoder.layers.4.feed_forward.layer_norm.weight', 'decoder.layers.4.feed_forward.pwff_layer.0.bias', 'decoder.layers.4.feed_forward.pwff_layer.0.weight', 'decoder.layers.4.feed_forward.pwff_layer.3.bias', 'decoder.layers.4.feed_forward.pwff_layer.3.weight', 'decoder.layers.4.src_trg_att.k_layer.bias', 'decoder.layers.4.src_trg_att.k_layer.weight', 'decoder.layers.4.src_trg_att.output_layer.bias', 'decoder.layers.4.src_trg_att.output_layer.weight', 'decoder.layers.4.src_trg_att.q_layer.bias', 'decoder.layers.4.src_trg_att.q_layer.weight', 'decoder.layers.4.src_trg_att.v_layer.bias', 'decoder.layers.4.src_trg_att.v_layer.weight', 'decoder.layers.4.trg_trg_att.k_layer.bias', 'decoder.layers.4.trg_trg_att.k_layer.weight', 'decoder.layers.4.trg_trg_att.output_layer.bias', 'decoder.layers.4.trg_trg_att.output_layer.weight', 'decoder.layers.4.trg_trg_att.q_layer.bias', 'decoder.layers.4.trg_trg_att.q_layer.weight', 'decoder.layers.4.trg_trg_att.v_layer.bias', 'decoder.layers.4.trg_trg_att.v_layer.weight', 'decoder.layers.4.x_layer_norm.bias', 'decoder.layers.4.x_layer_norm.weight', 'decoder.layers.5.dec_layer_norm.bias', 'decoder.layers.5.dec_layer_norm.weight', 'decoder.layers.5.feed_forward.layer_norm.bias', 'decoder.layers.5.feed_forward.layer_norm.weight', 'decoder.layers.5.feed_forward.pwff_layer.0.bias', 'decoder.layers.5.feed_forward.pwff_layer.0.weight', 'decoder.layers.5.feed_forward.pwff_layer.3.bias', 'decoder.layers.5.feed_forward.pwff_layer.3.weight', 'decoder.layers.5.src_trg_att.k_layer.bias', 'decoder.layers.5.src_trg_att.k_layer.weight', 'decoder.layers.5.src_trg_att.output_layer.bias', 'decoder.layers.5.src_trg_att.output_layer.weight', 'decoder.layers.5.src_trg_att.q_layer.bias', 'decoder.layers.5.src_trg_att.q_layer.weight', 'decoder.layers.5.src_trg_att.v_layer.bias', 'decoder.layers.5.src_trg_att.v_layer.weight', 'decoder.layers.5.trg_trg_att.k_layer.bias', 'decoder.layers.5.trg_trg_att.k_layer.weight', 'decoder.layers.5.trg_trg_att.output_layer.bias', 'decoder.layers.5.trg_trg_att.output_layer.weight', 'decoder.layers.5.trg_trg_att.q_layer.bias', 'decoder.layers.5.trg_trg_att.q_layer.weight', 'decoder.layers.5.trg_trg_att.v_layer.bias', 'decoder.layers.5.trg_trg_att.v_layer.weight', 'decoder.layers.5.x_layer_norm.bias', 'decoder.layers.5.x_layer_norm.weight', 'encoder.layer_norm.bias', 'encoder.layer_norm.weight', 'encoder.layers.0.feed_forward.layer_norm.bias', 'encoder.layers.0.feed_forward.layer_norm.weight', 'encoder.layers.0.feed_forward.pwff_layer.0.bias', 'encoder.layers.0.feed_forward.pwff_layer.0.weight', 'encoder.layers.0.feed_forward.pwff_layer.3.bias', 'encoder.layers.0.feed_forward.pwff_layer.3.weight', 'encoder.layers.0.layer_norm.bias', 'encoder.layers.0.layer_norm.weight', 'encoder.layers.0.src_src_att.k_layer.bias', 'encoder.layers.0.src_src_att.k_layer.weight', 'encoder.layers.0.src_src_att.output_layer.bias', 'encoder.layers.0.src_src_att.output_layer.weight', 'encoder.layers.0.src_src_att.q_layer.bias', 'encoder.layers.0.src_src_att.q_layer.weight', 'encoder.layers.0.src_src_att.v_layer.bias', 'encoder.layers.0.src_src_att.v_layer.weight', 'encoder.layers.1.feed_forward.layer_norm.bias', 'encoder.layers.1.feed_forward.layer_norm.weight', 'encoder.layers.1.feed_forward.pwff_layer.0.bias', 'encoder.layers.1.feed_forward.pwff_layer.0.weight', 'encoder.layers.1.feed_forward.pwff_layer.3.bias', 'encoder.layers.1.feed_forward.pwff_layer.3.weight', 'encoder.layers.1.layer_norm.bias', 'encoder.layers.1.layer_norm.weight', 'encoder.layers.1.src_src_att.k_layer.bias', 'encoder.layers.1.src_src_att.k_layer.weight', 'encoder.layers.1.src_src_att.output_layer.bias', 'encoder.layers.1.src_src_att.output_layer.weight', 'encoder.layers.1.src_src_att.q_layer.bias', 'encoder.layers.1.src_src_att.q_layer.weight', 'encoder.layers.1.src_src_att.v_layer.bias', 'encoder.layers.1.src_src_att.v_layer.weight', 'encoder.layers.2.feed_forward.layer_norm.bias', 'encoder.layers.2.feed_forward.layer_norm.weight', 'encoder.layers.2.feed_forward.pwff_layer.0.bias', 'encoder.layers.2.feed_forward.pwff_layer.0.weight', 'encoder.layers.2.feed_forward.pwff_layer.3.bias', 'encoder.layers.2.feed_forward.pwff_layer.3.weight', 'encoder.layers.2.layer_norm.bias', 'encoder.layers.2.layer_norm.weight', 'encoder.layers.2.src_src_att.k_layer.bias', 'encoder.layers.2.src_src_att.k_layer.weight', 'encoder.layers.2.src_src_att.output_layer.bias', 'encoder.layers.2.src_src_att.output_layer.weight', 'encoder.layers.2.src_src_att.q_layer.bias', 'encoder.layers.2.src_src_att.q_layer.weight', 'encoder.layers.2.src_src_att.v_layer.bias', 'encoder.layers.2.src_src_att.v_layer.weight', 'encoder.layers.3.feed_forward.layer_norm.bias', 'encoder.layers.3.feed_forward.layer_norm.weight', 'encoder.layers.3.feed_forward.pwff_layer.0.bias', 'encoder.layers.3.feed_forward.pwff_layer.0.weight', 'encoder.layers.3.feed_forward.pwff_layer.3.bias', 'encoder.layers.3.feed_forward.pwff_layer.3.weight', 'encoder.layers.3.layer_norm.bias', 'encoder.layers.3.layer_norm.weight', 'encoder.layers.3.src_src_att.k_layer.bias', 'encoder.layers.3.src_src_att.k_layer.weight', 'encoder.layers.3.src_src_att.output_layer.bias', 'encoder.layers.3.src_src_att.output_layer.weight', 'encoder.layers.3.src_src_att.q_layer.bias', 'encoder.layers.3.src_src_att.q_layer.weight', 'encoder.layers.3.src_src_att.v_layer.bias', 'encoder.layers.3.src_src_att.v_layer.weight', 'encoder.layers.4.feed_forward.layer_norm.bias', 'encoder.layers.4.feed_forward.layer_norm.weight', 'encoder.layers.4.feed_forward.pwff_layer.0.bias', 'encoder.layers.4.feed_forward.pwff_layer.0.weight', 'encoder.layers.4.feed_forward.pwff_layer.3.bias', 'encoder.layers.4.feed_forward.pwff_layer.3.weight', 'encoder.layers.4.layer_norm.bias', 'encoder.layers.4.layer_norm.weight', 'encoder.layers.4.src_src_att.k_layer.bias', 'encoder.layers.4.src_src_att.k_layer.weight', 'encoder.layers.4.src_src_att.output_layer.bias', 'encoder.layers.4.src_src_att.output_layer.weight', 'encoder.layers.4.src_src_att.q_layer.bias', 'encoder.layers.4.src_src_att.q_layer.weight', 'encoder.layers.4.src_src_att.v_layer.bias', 'encoder.layers.4.src_src_att.v_layer.weight', 'encoder.layers.5.feed_forward.layer_norm.bias', 'encoder.layers.5.feed_forward.layer_norm.weight', 'encoder.layers.5.feed_forward.pwff_layer.0.bias', 'encoder.layers.5.feed_forward.pwff_layer.0.weight', 'encoder.layers.5.feed_forward.pwff_layer.3.bias', 'encoder.layers.5.feed_forward.pwff_layer.3.weight', 'encoder.layers.5.layer_norm.bias', 'encoder.layers.5.layer_norm.weight', 'encoder.layers.5.src_src_att.k_layer.bias', 'encoder.layers.5.src_src_att.k_layer.weight', 'encoder.layers.5.src_src_att.output_layer.bias', 'encoder.layers.5.src_src_att.output_layer.weight', 'encoder.layers.5.src_src_att.q_layer.bias', 'encoder.layers.5.src_src_att.q_layer.weight', 'encoder.layers.5.src_src_att.v_layer.bias', 'encoder.layers.5.src_src_att.v_layer.weight', 'src_embed.lut.weight', 'trg_embed.lut.weight']
2020-08-11 06:03:47,093 cfg.data.dev                       : chatnmt/multi_encoder/dev_subset.tags.bpe.10000
2020-08-11 06:03:47,093 cfg.data.level                     : bpe
2020-08-11 06:03:47,093 cfg.data.lowercase                 : False
2020-08-11 06:03:47,093 cfg.data.max_sent_length           : 100
2020-08-11 06:03:47,093 cfg.data.src                       : en
2020-08-11 06:03:47,093 cfg.data.test                      : chatnmt/multi_encoder/test.tags.bpe.10000
2020-08-11 06:03:47,093 cfg.data.train                     : chatnmt/multi_encoder/train_subset.tags.bpe.10000
2020-08-11 06:03:47,093 cfg.data.trg                       : de
2020-08-11 06:03:47,093 cfg.model.bias_initializer         : zeros
2020-08-11 06:03:47,093 cfg.model.decoder.dropout          : 0.1
2020-08-11 06:03:47,093 cfg.model.decoder.embeddings.dropout : 0.0
2020-08-11 06:03:47,093 cfg.model.decoder.embeddings.embedding_dim : 1024
2020-08-11 06:03:47,093 cfg.model.decoder.embeddings.scale : True
2020-08-11 06:03:47,093 cfg.model.decoder.ff_size          : 512
2020-08-11 06:03:47,093 cfg.model.decoder.freeze           : False
2020-08-11 06:03:47,093 cfg.model.decoder.hidden_size      : 1024
2020-08-11 06:03:47,093 cfg.model.decoder.num_heads        : 8
2020-08-11 06:03:47,093 cfg.model.decoder.num_layers       : 6
2020-08-11 06:03:47,093 cfg.model.decoder.type             : transformer
2020-08-11 06:03:47,093 cfg.model.embed_init_gain          : 1.0
2020-08-11 06:03:47,094 cfg.model.embed_initializer        : xavier
2020-08-11 06:03:47,094 cfg.model.encoder.dropout          : 0.2
2020-08-11 06:03:47,094 cfg.model.encoder.embeddings.dropout : 0.0
2020-08-11 06:03:47,094 cfg.model.encoder.embeddings.embedding_dim : 1024
2020-08-11 06:03:47,094 cfg.model.encoder.embeddings.scale : True
2020-08-11 06:03:47,094 cfg.model.encoder.ff_size          : 512
2020-08-11 06:03:47,094 cfg.model.encoder.freeze           : False
2020-08-11 06:03:47,094 cfg.model.encoder.hidden_size      : 1024
2020-08-11 06:03:47,094 cfg.model.encoder.multi_encoder    : False
2020-08-11 06:03:47,094 cfg.model.encoder.num_heads        : 16
2020-08-11 06:03:47,094 cfg.model.encoder.num_layers       : 6
2020-08-11 06:03:47,094 cfg.model.encoder.type             : transformer
2020-08-11 06:03:47,094 cfg.model.init_gain                : 1.0
2020-08-11 06:03:47,094 cfg.model.initializer              : xavier
2020-08-11 06:03:47,094 cfg.model.tied_embeddings          : False
2020-08-11 06:03:47,094 cfg.model.tied_softmax             : True
2020-08-11 06:03:47,094 cfg.name                           : transformer
2020-08-11 06:03:47,094 cfg.testing.alpha                  : 1.0
2020-08-11 06:03:47,094 cfg.testing.beam_size              : 5
2020-08-11 06:03:47,094 cfg.training.adam_betas            : [0.9, 0.999]
2020-08-11 06:03:47,094 cfg.training.batch_multiplier      : 1
2020-08-11 06:03:47,094 cfg.training.batch_size            : 1024
2020-08-11 06:03:47,094 cfg.training.batch_type            : token
2020-08-11 06:03:47,094 cfg.training.decrease_factor       : 0.7
2020-08-11 06:03:47,094 cfg.training.early_stopping_metric : ppl
2020-08-11 06:03:47,094 cfg.training.epochs                : 20
2020-08-11 06:03:47,094 cfg.training.eval_metric           : bleu
2020-08-11 06:03:47,094 cfg.training.keep_last_ckpts       : 3
2020-08-11 06:03:47,095 cfg.training.label_smoothing       : 0.1
2020-08-11 06:03:47,095 cfg.training.learning_rate         : 0.0002
2020-08-11 06:03:47,095 cfg.training.learning_rate_min     : 1e-08
2020-08-11 06:03:47,095 cfg.training.logging_freq          : 100
2020-08-11 06:03:47,095 cfg.training.loss                  : crossentropy
2020-08-11 06:03:47,095 cfg.training.max_output_length     : 100
2020-08-11 06:03:47,095 cfg.training.model_dir             : models/viznet/attempt4/16_8_0.2_1024_1024_1024_6_6
2020-08-11 06:03:47,095 cfg.training.normalization         : tokens
2020-08-11 06:03:47,095 cfg.training.optimizer             : adam
2020-08-11 06:03:47,095 cfg.training.overwrite             : True
2020-08-11 06:03:47,095 cfg.training.patience              : 8
2020-08-11 06:03:47,095 cfg.training.print_valid_sents     : [0, 1, 2, 3]
2020-08-11 06:03:47,095 cfg.training.random_seed           : 42
2020-08-11 06:03:47,095 cfg.training.scheduling            : plateau
2020-08-11 06:03:47,095 cfg.training.shuffle               : True
2020-08-11 06:03:47,095 cfg.training.use_cuda              : True
2020-08-11 06:03:47,095 cfg.training.validation_freq       : 200
2020-08-11 06:03:47,095 cfg.training.weight_decay          : 0.0
2020-08-11 06:03:47,095 Data set sizes: 
	train 5000,
	valid 500,
	test 1220
2020-08-11 06:03:47,095 First training example:
	[SRC] hi there ! how can i help ?
	[TRG] hallo ! wie kann ich helfen ?
2020-08-11 06:03:47,095 First 10 words (src): (0) <unk> (1) <pad> (2) <s> (3) </s> (4) . (5) , (6) ? (7) you (8) i (9) the
2020-08-11 06:03:47,096 First 10 words (trg): (0) <unk> (1) <pad> (2) <s> (3) </s> (4) . (5) , (6) ? (7) sie (8) ich (9) das
2020-08-11 06:03:47,096 Number of Src words (types): 3468
2020-08-11 06:03:47,096 Number of Trg words (types): 4487
2020-08-11 06:03:47,096 Model(
	encoder=TransformerEncoder(num_layers=6, num_heads=16),
	decoder=TransformerDecoder(num_layers=6, num_heads=8),
	src_embed=Embeddings(embedding_dim=1024, vocab_size=3468),
	trg_embed=Embeddings(embedding_dim=1024, vocab_size=4487))
2020-08-11 06:03:47,100 EPOCH 1
2020-08-11 06:03:59,751 Epoch   1: total training loss 489.38
2020-08-11 06:03:59,751 EPOCH 2
2020-08-11 06:04:00,045 Epoch   2 Step:      100 Batch Loss:     3.782985 Tokens per Sec:     4753, Lr: 0.000200
2020-08-11 06:04:12,487 Epoch   2: total training loss 406.77
2020-08-11 06:04:12,487 EPOCH 3
2020-08-11 06:04:12,892 Epoch   3 Step:      200 Batch Loss:     2.678937 Tokens per Sec:     4960, Lr: 0.000200
2020-08-11 06:05:15,401 Hooray! New best validation result [ppl]!
2020-08-11 06:05:15,401 Saving new checkpoint.
2020-08-11 06:05:20,283 Example #0
2020-08-11 06:05:20,284 	Raw source:     ['hello', '.']
2020-08-11 06:05:20,284 	Raw hypothesis: ['hallo', '.']
2020-08-11 06:05:20,284 	Source:     hello .
2020-08-11 06:05:20,284 	Reference:  hallo ,
2020-08-11 06:05:20,284 	Hypothesis: hallo .
2020-08-11 06:05:20,284 Example #1
2020-08-11 06:05:20,284 	Raw source:     ['hi', ',', 'how', 'can', 'i', 'help', 'you', '?']
2020-08-11 06:05:20,284 	Raw hypothesis: ['hallo', ',', 'wie', 'kann', 'ich', 'ihnen', 'helfen', '?']
2020-08-11 06:05:20,284 	Source:     hi , how can i help you ?
2020-08-11 06:05:20,284 	Reference:  hallo , wie kann ich ihnen helfen ?
2020-08-11 06:05:20,284 	Hypothesis: hallo , wie kann ich ihnen helfen ?
2020-08-11 06:05:20,284 Example #2
2020-08-11 06:05:20,284 	Raw source:     ['hi', ',', 'i', '&apos;m', 'looking', 'for', 'a', 'restaurant', 'inside', 'the', 'arden', 'fair', 'mall', 'in', 'san', 'francisco', ',', 'california', '.']
2020-08-11 06:05:20,284 	Raw hypothesis: ['hallo', ',', 'ich', 'möchte', ',', 'ich', 'möchte', ',', 'einen', 'einen', 'einen', 'einen', 'einen', 'einen', 'einen', ',', 'eine', 'in', 'in', 'in', 'in', 'in', 'in', 'in', 'in', 'in', 'in', 'in', 'in', 'in', 'in', 'in', 'in', 'in', 'in', 'in', 'in', 'in', 'in', 'in', 'in', 'in', 'in', 'in', 'in', 'in', 'in', 'in', 'in', 'in', 'in', 'in', 'in', 'in', 'in', 'in', 'in', 'in', 'in', 'in', 'in', 'in', 'in', 'in', 'in', 'in', 'in', 'in', 'in', 'in', 'in', 'in', 'in', 'in', 'in', 'in', 'in', 'in', 'in', 'in', 'in', 'in', 'in', 'in', 'in', 'in', 'in', 'in', 'in', 'in', 'in', 'in', 'in', 'in', 'in', 'in', 'in', 'in', 'in', 'in']
2020-08-11 06:05:20,284 	Source:     hi , i &apos;m looking for a restaurant inside the arden fair mall in san francisco , california .
2020-08-11 06:05:20,284 	Reference:  hallo , ich bin auf der suche nach einem restaurant im arden fair einkaufszentrum in san francisco , kalifornien .
2020-08-11 06:05:20,284 	Hypothesis: hallo , ich möchte , ich möchte , einen einen einen einen einen einen einen , eine in in in in in in in in in in in in in in in in in in in in in in in in in in in in in in in in in in in in in in in in in in in in in in in in in in in in in in in in in in in in in in in in in in in in in in in in in in in in in in in in in in in
2020-08-11 06:05:20,284 Example #3
2020-08-11 06:05:20,284 	Raw source:     ['ok', ',', 'what', 'type', 'of', 'restaurant', 'are', 'you', 'looking', 'for', '?']
2020-08-11 06:05:20,284 	Raw hypothesis: ['ok', ',', 'welche', 'möchten', 'sie', 'ihren', 'ihren', '?']
2020-08-11 06:05:20,284 	Source:     ok , what type of restaurant are you looking for ?
2020-08-11 06:05:20,284 	Reference:  ok . welche art von restaurant suchen sie denn genau ?
2020-08-11 06:05:20,284 	Hypothesis: ok , welche möchten sie ihren ihren ?
2020-08-11 06:05:20,284 Validation result (greedy) at epoch   3, step      200: bleu:   3.05, loss: 25396.1680, ppl:  52.8867, duration: 67.3925s
2020-08-11 06:05:32,602 Epoch   3: total training loss 342.66
2020-08-11 06:05:32,603 EPOCH 4
2020-08-11 06:05:33,034 Epoch   4 Step:      300 Batch Loss:     2.412766 Tokens per Sec:     3788, Lr: 0.000200
2020-08-11 06:05:45,294 Epoch   4: total training loss 287.40
2020-08-11 06:05:45,294 EPOCH 5
2020-08-11 06:05:45,917 Epoch   5 Step:      400 Batch Loss:     1.664770 Tokens per Sec:     4798, Lr: 0.000200
2020-08-11 06:06:35,320 Hooray! New best validation result [ppl]!
2020-08-11 06:06:35,320 Saving new checkpoint.
2020-08-11 06:06:40,124 Example #0
2020-08-11 06:06:40,125 	Raw source:     ['hello', '.']
2020-08-11 06:06:40,125 	Raw hypothesis: ['hallo', '.']
2020-08-11 06:06:40,125 	Source:     hello .
2020-08-11 06:06:40,125 	Reference:  hallo ,
2020-08-11 06:06:40,125 	Hypothesis: hallo .
2020-08-11 06:06:40,125 Example #1
2020-08-11 06:06:40,125 	Raw source:     ['hi', ',', 'how', 'can', 'i', 'help', 'you', '?']
2020-08-11 06:06:40,125 	Raw hypothesis: ['hallo', ',', 'wie', 'kann', 'ich', 'ihnen', 'helfen', '?']
2020-08-11 06:06:40,125 	Source:     hi , how can i help you ?
2020-08-11 06:06:40,125 	Reference:  hallo , wie kann ich ihnen helfen ?
2020-08-11 06:06:40,125 	Hypothesis: hallo , wie kann ich ihnen helfen ?
2020-08-11 06:06:40,125 Example #2
2020-08-11 06:06:40,125 	Raw source:     ['hi', ',', 'i', '&apos;m', 'looking', 'for', 'a', 'restaurant', 'inside', 'the', 'arden', 'fair', 'mall', 'in', 'san', 'francisco', ',', 'california', '.']
2020-08-11 06:06:40,125 	Raw hypothesis: ['hallo', ',', 'ich', 'bin', 'in', 'san', 'francisco', ',', 'kalifornien', ',', 'kalifornien', '.']
2020-08-11 06:06:40,125 	Source:     hi , i &apos;m looking for a restaurant inside the arden fair mall in san francisco , california .
2020-08-11 06:06:40,125 	Reference:  hallo , ich bin auf der suche nach einem restaurant im arden fair einkaufszentrum in san francisco , kalifornien .
2020-08-11 06:06:40,125 	Hypothesis: hallo , ich bin in san francisco , kalifornien , kalifornien .
2020-08-11 06:06:40,125 Example #3
2020-08-11 06:06:40,126 	Raw source:     ['ok', ',', 'what', 'type', 'of', 'restaurant', 'are', 'you', 'looking', 'for', '?']
2020-08-11 06:06:40,126 	Raw hypothesis: ['ok', ',', 'welche', 'art', 'von', 'restaurant', 'für', 'sie', '?']
2020-08-11 06:06:40,126 	Source:     ok , what type of restaurant are you looking for ?
2020-08-11 06:06:40,126 	Reference:  ok . welche art von restaurant suchen sie denn genau ?
2020-08-11 06:06:40,126 	Hypothesis: ok , welche art von restaurant für sie ?
2020-08-11 06:06:40,126 Validation result (greedy) at epoch   5, step      400: bleu:  12.15, loss: 19132.2871, ppl:  19.8741, duration: 54.2089s
2020-08-11 06:06:52,214 Epoch   5: total training loss 239.55
2020-08-11 06:06:52,214 EPOCH 6
2020-08-11 06:06:52,843 Epoch   6 Step:      500 Batch Loss:     1.368583 Tokens per Sec:     4818, Lr: 0.000200
2020-08-11 06:07:04,858 Epoch   6: total training loss 193.97
2020-08-11 06:07:04,858 EPOCH 7
2020-08-11 06:07:05,803 Epoch   7 Step:      600 Batch Loss:     1.105557 Tokens per Sec:     5059, Lr: 0.000200
2020-08-11 06:07:42,150 Hooray! New best validation result [ppl]!
2020-08-11 06:07:42,150 Saving new checkpoint.
2020-08-11 06:07:46,796 Example #0
2020-08-11 06:07:46,796 	Raw source:     ['hello', '.']
2020-08-11 06:07:46,796 	Raw hypothesis: ['hallo', '.']
2020-08-11 06:07:46,796 	Source:     hello .
2020-08-11 06:07:46,796 	Reference:  hallo ,
2020-08-11 06:07:46,797 	Hypothesis: hallo .
2020-08-11 06:07:46,797 Example #1
2020-08-11 06:07:46,797 	Raw source:     ['hi', ',', 'how', 'can', 'i', 'help', 'you', '?']
2020-08-11 06:07:46,797 	Raw hypothesis: ['hallo', ',', 'wie', 'kann', 'ich', 'ihnen', 'helfen', '?']
2020-08-11 06:07:46,797 	Source:     hi , how can i help you ?
2020-08-11 06:07:46,797 	Reference:  hallo , wie kann ich ihnen helfen ?
2020-08-11 06:07:46,797 	Hypothesis: hallo , wie kann ich ihnen helfen ?
2020-08-11 06:07:46,797 Example #2
2020-08-11 06:07:46,797 	Raw source:     ['hi', ',', 'i', '&apos;m', 'looking', 'for', 'a', 'restaurant', 'inside', 'the', 'arden', 'fair', 'mall', 'in', 'san', 'francisco', ',', 'california', '.']
2020-08-11 06:07:46,797 	Raw hypothesis: ['hallo', ',', 'ich', 'suche', 'ein', 'restaurant', 'in', 'san', 'francisco', ',', 'kalifornien', ',', 'kalifornien', ',', 'kalifornien', ',', 'kalifornien', ',', 'die', 'suche', '.']
2020-08-11 06:07:46,797 	Source:     hi , i &apos;m looking for a restaurant inside the arden fair mall in san francisco , california .
2020-08-11 06:07:46,797 	Reference:  hallo , ich bin auf der suche nach einem restaurant im arden fair einkaufszentrum in san francisco , kalifornien .
2020-08-11 06:07:46,797 	Hypothesis: hallo , ich suche ein restaurant in san francisco , kalifornien , kalifornien , kalifornien , kalifornien , die suche .
2020-08-11 06:07:46,797 Example #3
2020-08-11 06:07:46,797 	Raw source:     ['ok', ',', 'what', 'type', 'of', 'restaurant', 'are', 'you', 'looking', 'for', '?']
2020-08-11 06:07:46,797 	Raw hypothesis: ['ok', ',', 'welche', 'art', 'von', 'restaurant', 'suchen', 'sie', '?']
2020-08-11 06:07:46,797 	Source:     ok , what type of restaurant are you looking for ?
2020-08-11 06:07:46,797 	Reference:  ok . welche art von restaurant suchen sie denn genau ?
2020-08-11 06:07:46,797 	Hypothesis: ok , welche art von restaurant suchen sie ?
2020-08-11 06:07:46,797 Validation result (greedy) at epoch   7, step      600: bleu:  19.04, loss: 16758.4180, ppl:  13.7152, duration: 40.9935s
2020-08-11 06:07:58,498 Epoch   7: total training loss 167.18
2020-08-11 06:07:58,499 EPOCH 8
2020-08-11 06:07:59,664 Epoch   8 Step:      700 Batch Loss:     1.698451 Tokens per Sec:     5070, Lr: 0.000200
2020-08-11 06:08:11,124 Epoch   8: total training loss 142.79
2020-08-11 06:08:11,124 EPOCH 9
2020-08-11 06:08:12,343 Epoch   9 Step:      800 Batch Loss:     0.223304 Tokens per Sec:     4915, Lr: 0.000200
2020-08-11 06:08:34,578 Hooray! New best validation result [ppl]!
2020-08-11 06:08:34,579 Saving new checkpoint.
2020-08-11 06:08:39,542 Example #0
2020-08-11 06:08:39,542 	Raw source:     ['hello', '.']
2020-08-11 06:08:39,543 	Raw hypothesis: ['hallo', '.']
2020-08-11 06:08:39,543 	Source:     hello .
2020-08-11 06:08:39,543 	Reference:  hallo ,
2020-08-11 06:08:39,543 	Hypothesis: hallo .
2020-08-11 06:08:39,543 Example #1
2020-08-11 06:08:39,543 	Raw source:     ['hi', ',', 'how', 'can', 'i', 'help', 'you', '?']
2020-08-11 06:08:39,543 	Raw hypothesis: ['hallo', ',', 'wie', 'kann', 'ich', 'ihnen', 'helfen', '?']
2020-08-11 06:08:39,543 	Source:     hi , how can i help you ?
2020-08-11 06:08:39,544 	Reference:  hallo , wie kann ich ihnen helfen ?
2020-08-11 06:08:39,544 	Hypothesis: hallo , wie kann ich ihnen helfen ?
2020-08-11 06:08:39,544 Example #2
2020-08-11 06:08:39,544 	Raw source:     ['hi', ',', 'i', '&apos;m', 'looking', 'for', 'a', 'restaurant', 'inside', 'the', 'arden', 'fair', 'mall', 'in', 'san', 'francisco', ',', 'california', '.']
2020-08-11 06:08:39,544 	Raw hypothesis: ['hallo', ',', 'ich', 'suche', 'ein', 'restaurant', 'in', 'san', 'francisco', ',', 'kalifornien', ',', 'in', 'san', 'francisco', ',', 'kalifornien', ',', 'kalifornien', ',', 'kalifornien', ',', 'kalifornien', '.']
2020-08-11 06:08:39,544 	Source:     hi , i &apos;m looking for a restaurant inside the arden fair mall in san francisco , california .
2020-08-11 06:08:39,544 	Reference:  hallo , ich bin auf der suche nach einem restaurant im arden fair einkaufszentrum in san francisco , kalifornien .
2020-08-11 06:08:39,544 	Hypothesis: hallo , ich suche ein restaurant in san francisco , kalifornien , in san francisco , kalifornien , kalifornien , kalifornien , kalifornien .
2020-08-11 06:08:39,544 Example #3
2020-08-11 06:08:39,544 	Raw source:     ['ok', ',', 'what', 'type', 'of', 'restaurant', 'are', 'you', 'looking', 'for', '?']
2020-08-11 06:08:39,544 	Raw hypothesis: ['ok', ',', 'nach', 'welcher', 'art', 'von', 'restaurant', 'suchen', 'sie', '?']
2020-08-11 06:08:39,544 	Source:     ok , what type of restaurant are you looking for ?
2020-08-11 06:08:39,544 	Reference:  ok . welche art von restaurant suchen sie denn genau ?
2020-08-11 06:08:39,544 	Hypothesis: ok , nach welcher art von restaurant suchen sie ?
2020-08-11 06:08:39,544 Validation result (greedy) at epoch   9, step      800: bleu:  27.12, loss: 15533.1641, ppl:  11.3255, duration: 27.2005s
2020-08-11 06:08:51,017 Epoch   9: total training loss 121.99
2020-08-11 06:08:51,018 EPOCH 10
2020-08-11 06:08:52,532 Epoch  10 Step:      900 Batch Loss:     1.308056 Tokens per Sec:     5146, Lr: 0.000200
2020-08-11 06:09:03,710 Epoch  10: total training loss 108.99
2020-08-11 06:09:03,710 EPOCH 11
2020-08-11 06:09:05,297 Epoch  11 Step:     1000 Batch Loss:     0.830978 Tokens per Sec:     4886, Lr: 0.000200
