2020-08-10 04:08:24,446 Hello! This is Joey-NMT.
2020-08-10 04:08:25,763 Total params: 29320704
2020-08-10 04:08:25,765 Trainable parameters: ['decoder.layer_norm.bias', 'decoder.layer_norm.weight', 'decoder.layers.0.dec_layer_norm.bias', 'decoder.layers.0.dec_layer_norm.weight', 'decoder.layers.0.feed_forward.layer_norm.bias', 'decoder.layers.0.feed_forward.layer_norm.weight', 'decoder.layers.0.feed_forward.pwff_layer.0.bias', 'decoder.layers.0.feed_forward.pwff_layer.0.weight', 'decoder.layers.0.feed_forward.pwff_layer.3.bias', 'decoder.layers.0.feed_forward.pwff_layer.3.weight', 'decoder.layers.0.src_trg_att.k_layer.bias', 'decoder.layers.0.src_trg_att.k_layer.weight', 'decoder.layers.0.src_trg_att.output_layer.bias', 'decoder.layers.0.src_trg_att.output_layer.weight', 'decoder.layers.0.src_trg_att.q_layer.bias', 'decoder.layers.0.src_trg_att.q_layer.weight', 'decoder.layers.0.src_trg_att.v_layer.bias', 'decoder.layers.0.src_trg_att.v_layer.weight', 'decoder.layers.0.trg_trg_att.k_layer.bias', 'decoder.layers.0.trg_trg_att.k_layer.weight', 'decoder.layers.0.trg_trg_att.output_layer.bias', 'decoder.layers.0.trg_trg_att.output_layer.weight', 'decoder.layers.0.trg_trg_att.q_layer.bias', 'decoder.layers.0.trg_trg_att.q_layer.weight', 'decoder.layers.0.trg_trg_att.v_layer.bias', 'decoder.layers.0.trg_trg_att.v_layer.weight', 'decoder.layers.0.x_layer_norm.bias', 'decoder.layers.0.x_layer_norm.weight', 'decoder.layers.1.dec_layer_norm.bias', 'decoder.layers.1.dec_layer_norm.weight', 'decoder.layers.1.feed_forward.layer_norm.bias', 'decoder.layers.1.feed_forward.layer_norm.weight', 'decoder.layers.1.feed_forward.pwff_layer.0.bias', 'decoder.layers.1.feed_forward.pwff_layer.0.weight', 'decoder.layers.1.feed_forward.pwff_layer.3.bias', 'decoder.layers.1.feed_forward.pwff_layer.3.weight', 'decoder.layers.1.src_trg_att.k_layer.bias', 'decoder.layers.1.src_trg_att.k_layer.weight', 'decoder.layers.1.src_trg_att.output_layer.bias', 'decoder.layers.1.src_trg_att.output_layer.weight', 'decoder.layers.1.src_trg_att.q_layer.bias', 'decoder.layers.1.src_trg_att.q_layer.weight', 'decoder.layers.1.src_trg_att.v_layer.bias', 'decoder.layers.1.src_trg_att.v_layer.weight', 'decoder.layers.1.trg_trg_att.k_layer.bias', 'decoder.layers.1.trg_trg_att.k_layer.weight', 'decoder.layers.1.trg_trg_att.output_layer.bias', 'decoder.layers.1.trg_trg_att.output_layer.weight', 'decoder.layers.1.trg_trg_att.q_layer.bias', 'decoder.layers.1.trg_trg_att.q_layer.weight', 'decoder.layers.1.trg_trg_att.v_layer.bias', 'decoder.layers.1.trg_trg_att.v_layer.weight', 'decoder.layers.1.x_layer_norm.bias', 'decoder.layers.1.x_layer_norm.weight', 'decoder.layers.2.dec_layer_norm.bias', 'decoder.layers.2.dec_layer_norm.weight', 'decoder.layers.2.feed_forward.layer_norm.bias', 'decoder.layers.2.feed_forward.layer_norm.weight', 'decoder.layers.2.feed_forward.pwff_layer.0.bias', 'decoder.layers.2.feed_forward.pwff_layer.0.weight', 'decoder.layers.2.feed_forward.pwff_layer.3.bias', 'decoder.layers.2.feed_forward.pwff_layer.3.weight', 'decoder.layers.2.src_trg_att.k_layer.bias', 'decoder.layers.2.src_trg_att.k_layer.weight', 'decoder.layers.2.src_trg_att.output_layer.bias', 'decoder.layers.2.src_trg_att.output_layer.weight', 'decoder.layers.2.src_trg_att.q_layer.bias', 'decoder.layers.2.src_trg_att.q_layer.weight', 'decoder.layers.2.src_trg_att.v_layer.bias', 'decoder.layers.2.src_trg_att.v_layer.weight', 'decoder.layers.2.trg_trg_att.k_layer.bias', 'decoder.layers.2.trg_trg_att.k_layer.weight', 'decoder.layers.2.trg_trg_att.output_layer.bias', 'decoder.layers.2.trg_trg_att.output_layer.weight', 'decoder.layers.2.trg_trg_att.q_layer.bias', 'decoder.layers.2.trg_trg_att.q_layer.weight', 'decoder.layers.2.trg_trg_att.v_layer.bias', 'decoder.layers.2.trg_trg_att.v_layer.weight', 'decoder.layers.2.x_layer_norm.bias', 'decoder.layers.2.x_layer_norm.weight', 'decoder.layers.3.dec_layer_norm.bias', 'decoder.layers.3.dec_layer_norm.weight', 'decoder.layers.3.feed_forward.layer_norm.bias', 'decoder.layers.3.feed_forward.layer_norm.weight', 'decoder.layers.3.feed_forward.pwff_layer.0.bias', 'decoder.layers.3.feed_forward.pwff_layer.0.weight', 'decoder.layers.3.feed_forward.pwff_layer.3.bias', 'decoder.layers.3.feed_forward.pwff_layer.3.weight', 'decoder.layers.3.src_trg_att.k_layer.bias', 'decoder.layers.3.src_trg_att.k_layer.weight', 'decoder.layers.3.src_trg_att.output_layer.bias', 'decoder.layers.3.src_trg_att.output_layer.weight', 'decoder.layers.3.src_trg_att.q_layer.bias', 'decoder.layers.3.src_trg_att.q_layer.weight', 'decoder.layers.3.src_trg_att.v_layer.bias', 'decoder.layers.3.src_trg_att.v_layer.weight', 'decoder.layers.3.trg_trg_att.k_layer.bias', 'decoder.layers.3.trg_trg_att.k_layer.weight', 'decoder.layers.3.trg_trg_att.output_layer.bias', 'decoder.layers.3.trg_trg_att.output_layer.weight', 'decoder.layers.3.trg_trg_att.q_layer.bias', 'decoder.layers.3.trg_trg_att.q_layer.weight', 'decoder.layers.3.trg_trg_att.v_layer.bias', 'decoder.layers.3.trg_trg_att.v_layer.weight', 'decoder.layers.3.x_layer_norm.bias', 'decoder.layers.3.x_layer_norm.weight', 'decoder.layers.4.dec_layer_norm.bias', 'decoder.layers.4.dec_layer_norm.weight', 'decoder.layers.4.feed_forward.layer_norm.bias', 'decoder.layers.4.feed_forward.layer_norm.weight', 'decoder.layers.4.feed_forward.pwff_layer.0.bias', 'decoder.layers.4.feed_forward.pwff_layer.0.weight', 'decoder.layers.4.feed_forward.pwff_layer.3.bias', 'decoder.layers.4.feed_forward.pwff_layer.3.weight', 'decoder.layers.4.src_trg_att.k_layer.bias', 'decoder.layers.4.src_trg_att.k_layer.weight', 'decoder.layers.4.src_trg_att.output_layer.bias', 'decoder.layers.4.src_trg_att.output_layer.weight', 'decoder.layers.4.src_trg_att.q_layer.bias', 'decoder.layers.4.src_trg_att.q_layer.weight', 'decoder.layers.4.src_trg_att.v_layer.bias', 'decoder.layers.4.src_trg_att.v_layer.weight', 'decoder.layers.4.trg_trg_att.k_layer.bias', 'decoder.layers.4.trg_trg_att.k_layer.weight', 'decoder.layers.4.trg_trg_att.output_layer.bias', 'decoder.layers.4.trg_trg_att.output_layer.weight', 'decoder.layers.4.trg_trg_att.q_layer.bias', 'decoder.layers.4.trg_trg_att.q_layer.weight', 'decoder.layers.4.trg_trg_att.v_layer.bias', 'decoder.layers.4.trg_trg_att.v_layer.weight', 'decoder.layers.4.x_layer_norm.bias', 'decoder.layers.4.x_layer_norm.weight', 'decoder.layers.5.dec_layer_norm.bias', 'decoder.layers.5.dec_layer_norm.weight', 'decoder.layers.5.feed_forward.layer_norm.bias', 'decoder.layers.5.feed_forward.layer_norm.weight', 'decoder.layers.5.feed_forward.pwff_layer.0.bias', 'decoder.layers.5.feed_forward.pwff_layer.0.weight', 'decoder.layers.5.feed_forward.pwff_layer.3.bias', 'decoder.layers.5.feed_forward.pwff_layer.3.weight', 'decoder.layers.5.src_trg_att.k_layer.bias', 'decoder.layers.5.src_trg_att.k_layer.weight', 'decoder.layers.5.src_trg_att.output_layer.bias', 'decoder.layers.5.src_trg_att.output_layer.weight', 'decoder.layers.5.src_trg_att.q_layer.bias', 'decoder.layers.5.src_trg_att.q_layer.weight', 'decoder.layers.5.src_trg_att.v_layer.bias', 'decoder.layers.5.src_trg_att.v_layer.weight', 'decoder.layers.5.trg_trg_att.k_layer.bias', 'decoder.layers.5.trg_trg_att.k_layer.weight', 'decoder.layers.5.trg_trg_att.output_layer.bias', 'decoder.layers.5.trg_trg_att.output_layer.weight', 'decoder.layers.5.trg_trg_att.q_layer.bias', 'decoder.layers.5.trg_trg_att.q_layer.weight', 'decoder.layers.5.trg_trg_att.v_layer.bias', 'decoder.layers.5.trg_trg_att.v_layer.weight', 'decoder.layers.5.x_layer_norm.bias', 'decoder.layers.5.x_layer_norm.weight', 'encoder.layer_norm.bias', 'encoder.layer_norm.weight', 'encoder.layers.0.feed_forward.layer_norm.bias', 'encoder.layers.0.feed_forward.layer_norm.weight', 'encoder.layers.0.feed_forward.pwff_layer.0.bias', 'encoder.layers.0.feed_forward.pwff_layer.0.weight', 'encoder.layers.0.feed_forward.pwff_layer.3.bias', 'encoder.layers.0.feed_forward.pwff_layer.3.weight', 'encoder.layers.0.layer_norm.bias', 'encoder.layers.0.layer_norm.weight', 'encoder.layers.0.src_src_att.k_layer.bias', 'encoder.layers.0.src_src_att.k_layer.weight', 'encoder.layers.0.src_src_att.output_layer.bias', 'encoder.layers.0.src_src_att.output_layer.weight', 'encoder.layers.0.src_src_att.q_layer.bias', 'encoder.layers.0.src_src_att.q_layer.weight', 'encoder.layers.0.src_src_att.v_layer.bias', 'encoder.layers.0.src_src_att.v_layer.weight', 'encoder.layers.1.feed_forward.layer_norm.bias', 'encoder.layers.1.feed_forward.layer_norm.weight', 'encoder.layers.1.feed_forward.pwff_layer.0.bias', 'encoder.layers.1.feed_forward.pwff_layer.0.weight', 'encoder.layers.1.feed_forward.pwff_layer.3.bias', 'encoder.layers.1.feed_forward.pwff_layer.3.weight', 'encoder.layers.1.layer_norm.bias', 'encoder.layers.1.layer_norm.weight', 'encoder.layers.1.src_src_att.k_layer.bias', 'encoder.layers.1.src_src_att.k_layer.weight', 'encoder.layers.1.src_src_att.output_layer.bias', 'encoder.layers.1.src_src_att.output_layer.weight', 'encoder.layers.1.src_src_att.q_layer.bias', 'encoder.layers.1.src_src_att.q_layer.weight', 'encoder.layers.1.src_src_att.v_layer.bias', 'encoder.layers.1.src_src_att.v_layer.weight', 'encoder.layers.2.feed_forward.layer_norm.bias', 'encoder.layers.2.feed_forward.layer_norm.weight', 'encoder.layers.2.feed_forward.pwff_layer.0.bias', 'encoder.layers.2.feed_forward.pwff_layer.0.weight', 'encoder.layers.2.feed_forward.pwff_layer.3.bias', 'encoder.layers.2.feed_forward.pwff_layer.3.weight', 'encoder.layers.2.layer_norm.bias', 'encoder.layers.2.layer_norm.weight', 'encoder.layers.2.src_src_att.k_layer.bias', 'encoder.layers.2.src_src_att.k_layer.weight', 'encoder.layers.2.src_src_att.output_layer.bias', 'encoder.layers.2.src_src_att.output_layer.weight', 'encoder.layers.2.src_src_att.q_layer.bias', 'encoder.layers.2.src_src_att.q_layer.weight', 'encoder.layers.2.src_src_att.v_layer.bias', 'encoder.layers.2.src_src_att.v_layer.weight', 'encoder.layers.3.feed_forward.layer_norm.bias', 'encoder.layers.3.feed_forward.layer_norm.weight', 'encoder.layers.3.feed_forward.pwff_layer.0.bias', 'encoder.layers.3.feed_forward.pwff_layer.0.weight', 'encoder.layers.3.feed_forward.pwff_layer.3.bias', 'encoder.layers.3.feed_forward.pwff_layer.3.weight', 'encoder.layers.3.layer_norm.bias', 'encoder.layers.3.layer_norm.weight', 'encoder.layers.3.src_src_att.k_layer.bias', 'encoder.layers.3.src_src_att.k_layer.weight', 'encoder.layers.3.src_src_att.output_layer.bias', 'encoder.layers.3.src_src_att.output_layer.weight', 'encoder.layers.3.src_src_att.q_layer.bias', 'encoder.layers.3.src_src_att.q_layer.weight', 'encoder.layers.3.src_src_att.v_layer.bias', 'encoder.layers.3.src_src_att.v_layer.weight', 'encoder.layers.4.feed_forward.layer_norm.bias', 'encoder.layers.4.feed_forward.layer_norm.weight', 'encoder.layers.4.feed_forward.pwff_layer.0.bias', 'encoder.layers.4.feed_forward.pwff_layer.0.weight', 'encoder.layers.4.feed_forward.pwff_layer.3.bias', 'encoder.layers.4.feed_forward.pwff_layer.3.weight', 'encoder.layers.4.layer_norm.bias', 'encoder.layers.4.layer_norm.weight', 'encoder.layers.4.src_src_att.k_layer.bias', 'encoder.layers.4.src_src_att.k_layer.weight', 'encoder.layers.4.src_src_att.output_layer.bias', 'encoder.layers.4.src_src_att.output_layer.weight', 'encoder.layers.4.src_src_att.q_layer.bias', 'encoder.layers.4.src_src_att.q_layer.weight', 'encoder.layers.4.src_src_att.v_layer.bias', 'encoder.layers.4.src_src_att.v_layer.weight', 'encoder.layers.5.feed_forward.layer_norm.bias', 'encoder.layers.5.feed_forward.layer_norm.weight', 'encoder.layers.5.feed_forward.pwff_layer.0.bias', 'encoder.layers.5.feed_forward.pwff_layer.0.weight', 'encoder.layers.5.feed_forward.pwff_layer.3.bias', 'encoder.layers.5.feed_forward.pwff_layer.3.weight', 'encoder.layers.5.layer_norm.bias', 'encoder.layers.5.layer_norm.weight', 'encoder.layers.5.src_src_att.k_layer.bias', 'encoder.layers.5.src_src_att.k_layer.weight', 'encoder.layers.5.src_src_att.output_layer.bias', 'encoder.layers.5.src_src_att.output_layer.weight', 'encoder.layers.5.src_src_att.q_layer.bias', 'encoder.layers.5.src_src_att.q_layer.weight', 'encoder.layers.5.src_src_att.v_layer.bias', 'encoder.layers.5.src_src_att.v_layer.weight', 'src_embed.lut.weight', 'trg_embed.lut.weight']
2020-08-10 04:08:29,573 cfg.data.dev                       : chatnmt/multi_encoder/dev_subset.tags.bpe.10000
2020-08-10 04:08:29,573 cfg.data.level                     : bpe
2020-08-10 04:08:29,573 cfg.data.lowercase                 : False
2020-08-10 04:08:29,573 cfg.data.max_sent_length           : 100
2020-08-10 04:08:29,573 cfg.data.src                       : en
2020-08-10 04:08:29,573 cfg.data.test                      : chatnmt/multi_encoder/test.tags.bpe.10000
2020-08-10 04:08:29,573 cfg.data.train                     : chatnmt/multi_encoder/train_subset.tags.bpe.10000
2020-08-10 04:08:29,573 cfg.data.trg                       : de
2020-08-10 04:08:29,573 cfg.model.bias_initializer         : zeros
2020-08-10 04:08:29,573 cfg.model.decoder.dropout          : 0.1
2020-08-10 04:08:29,574 cfg.model.decoder.embeddings.dropout : 0.0
2020-08-10 04:08:29,574 cfg.model.decoder.embeddings.embedding_dim : 512
2020-08-10 04:08:29,574 cfg.model.decoder.embeddings.scale : True
2020-08-10 04:08:29,574 cfg.model.decoder.ff_size          : 512
2020-08-10 04:08:29,574 cfg.model.decoder.freeze           : False
2020-08-10 04:08:29,574 cfg.model.decoder.hidden_size      : 512
2020-08-10 04:08:29,574 cfg.model.decoder.num_heads        : 16
2020-08-10 04:08:29,574 cfg.model.decoder.num_layers       : 6
2020-08-10 04:08:29,574 cfg.model.decoder.type             : transformer
2020-08-10 04:08:29,574 cfg.model.embed_init_gain          : 1.0
2020-08-10 04:08:29,574 cfg.model.embed_initializer        : xavier
2020-08-10 04:08:29,574 cfg.model.encoder.dropout          : 0.3
2020-08-10 04:08:29,574 cfg.model.encoder.embeddings.dropout : 0.0
2020-08-10 04:08:29,574 cfg.model.encoder.embeddings.embedding_dim : 512
2020-08-10 04:08:29,574 cfg.model.encoder.embeddings.scale : True
2020-08-10 04:08:29,574 cfg.model.encoder.ff_size          : 512
2020-08-10 04:08:29,574 cfg.model.encoder.freeze           : False
2020-08-10 04:08:29,574 cfg.model.encoder.hidden_size      : 512
2020-08-10 04:08:29,575 cfg.model.encoder.multi_encoder    : False
2020-08-10 04:08:29,575 cfg.model.encoder.num_heads        : 16
2020-08-10 04:08:29,575 cfg.model.encoder.num_layers       : 6
2020-08-10 04:08:29,575 cfg.model.encoder.type             : transformer
2020-08-10 04:08:29,575 cfg.model.init_gain                : 1.0
2020-08-10 04:08:29,575 cfg.model.initializer              : xavier
2020-08-10 04:08:29,575 cfg.model.tied_embeddings          : False
2020-08-10 04:08:29,575 cfg.model.tied_softmax             : True
2020-08-10 04:08:29,575 cfg.name                           : transformer
2020-08-10 04:08:29,575 cfg.testing.alpha                  : 1.0
2020-08-10 04:08:29,575 cfg.testing.beam_size              : 5
2020-08-10 04:08:29,575 cfg.training.adam_betas            : [0.9, 0.999]
2020-08-10 04:08:29,575 cfg.training.batch_multiplier      : 1
2020-08-10 04:08:29,575 cfg.training.batch_size            : 1024
2020-08-10 04:08:29,575 cfg.training.batch_type            : token
2020-08-10 04:08:29,575 cfg.training.decrease_factor       : 0.7
2020-08-10 04:08:29,576 cfg.training.early_stopping_metric : ppl
2020-08-10 04:08:29,576 cfg.training.epochs                : 20
2020-08-10 04:08:29,576 cfg.training.eval_metric           : bleu
2020-08-10 04:08:29,576 cfg.training.keep_last_ckpts       : 3
2020-08-10 04:08:29,576 cfg.training.label_smoothing       : 0.1
2020-08-10 04:08:29,576 cfg.training.learning_rate         : 0.0002
2020-08-10 04:08:29,576 cfg.training.learning_rate_min     : 1e-08
2020-08-10 04:08:29,576 cfg.training.logging_freq          : 100
2020-08-10 04:08:29,576 cfg.training.loss                  : crossentropy
2020-08-10 04:08:29,576 cfg.training.max_output_length     : 100
2020-08-10 04:08:29,576 cfg.training.model_dir             : models/viznet/attempt3/16_16_0.3_512_512_1024_10_8
2020-08-10 04:08:29,576 cfg.training.normalization         : tokens
2020-08-10 04:08:29,576 cfg.training.optimizer             : adam
2020-08-10 04:08:29,576 cfg.training.overwrite             : True
2020-08-10 04:08:29,576 cfg.training.patience              : 8
2020-08-10 04:08:29,576 cfg.training.print_valid_sents     : [0, 1, 2, 3]
2020-08-10 04:08:29,576 cfg.training.random_seed           : 42
2020-08-10 04:08:29,576 cfg.training.scheduling            : plateau
2020-08-10 04:08:29,577 cfg.training.shuffle               : True
2020-08-10 04:08:29,577 cfg.training.use_cuda              : True
2020-08-10 04:08:29,577 cfg.training.validation_freq       : 200
2020-08-10 04:08:29,577 cfg.training.weight_decay          : 0.0
2020-08-10 04:08:29,577 Data set sizes: 
	train 5000,
	valid 500,
	test 1220
2020-08-10 04:08:29,577 First training example:
	[SRC] hi there ! how can i help ?
	[TRG] hallo ! wie kann ich helfen ?
2020-08-10 04:08:29,577 First 10 words (src): (0) <unk> (1) <pad> (2) <s> (3) </s> (4) . (5) , (6) ? (7) you (8) i (9) the
2020-08-10 04:08:29,577 First 10 words (trg): (0) <unk> (1) <pad> (2) <s> (3) </s> (4) . (5) , (6) ? (7) sie (8) ich (9) das
2020-08-10 04:08:29,578 Number of Src words (types): 3468
2020-08-10 04:08:29,578 Number of Trg words (types): 4487
2020-08-10 04:08:29,578 Model(
	encoder=TransformerEncoder(num_layers=6, num_heads=16),
	decoder=TransformerDecoder(num_layers=6, num_heads=16),
	src_embed=Embeddings(embedding_dim=512, vocab_size=3468),
	trg_embed=Embeddings(embedding_dim=512, vocab_size=4487))
2020-08-10 04:08:29,582 EPOCH 1
2020-08-10 04:08:36,873 Epoch   1: total training loss 499.19
2020-08-10 04:08:36,873 EPOCH 2
2020-08-10 04:08:37,041 Epoch   2 Step:      100 Batch Loss:     4.033805 Tokens per Sec:     8290, Lr: 0.000200
2020-08-10 04:08:44,173 Epoch   2: total training loss 426.46
2020-08-10 04:08:44,173 EPOCH 3
2020-08-10 04:08:44,408 Epoch   3 Step:      200 Batch Loss:     3.064505 Tokens per Sec:     8543, Lr: 0.000200
2020-08-10 04:09:13,172 Hooray! New best validation result [ppl]!
2020-08-10 04:09:13,172 Saving new checkpoint.
2020-08-10 04:09:14,039 Example #0
2020-08-10 04:09:14,040 	Raw source:     ['hello', '.']
2020-08-10 04:09:14,040 	Raw hypothesis: ['ja', '.']
2020-08-10 04:09:14,040 	Source:     hello .
2020-08-10 04:09:14,040 	Reference:  hallo ,
2020-08-10 04:09:14,040 	Hypothesis: ja .
2020-08-10 04:09:14,040 Example #1
2020-08-10 04:09:14,040 	Raw source:     ['hi', ',', 'how', 'can', 'i', 'help', 'you', '?']
2020-08-10 04:09:14,040 	Raw hypothesis: ['hallo', ',', 'wie', 'kann', 'ich', 'ihnen', 'helfen', '?']
2020-08-10 04:09:14,040 	Source:     hi , how can i help you ?
2020-08-10 04:09:14,040 	Reference:  hallo , wie kann ich ihnen helfen ?
2020-08-10 04:09:14,040 	Hypothesis: hallo , wie kann ich ihnen helfen ?
2020-08-10 04:09:14,040 Example #2
2020-08-10 04:09:14,040 	Raw source:     ['hi', ',', 'i', '&apos;m', 'looking', 'for', 'a', 'restaurant', 'inside', 'the', 'arden', 'fair', 'mall', 'in', 'san', 'francisco', ',', 'california', '.']
2020-08-10 04:09:14,040 	Raw hypothesis: ['ich', 'möchte', 'möchte', 'möchte', 'möchte', 'möchte', 'möchte', 'möchte', 'möchte', 'möchte', 'in', 'in', 'in', 'in', 'in', 'in', 'in', 'in', 'in', 'in', 'in', 'in', 'in', 'in', 'in', 'in', 'in', 'in', 'in', 'in', 'in', 'in', 'in', 'in', 'in', 'in', 'in', 'in', 'in', 'in', 'in', 'in', 'in', 'in', 'in', 'in', ',', 'ich', 'in', ',', 'ich', 'in', 'in', 'in', 'in', ',', 'ich', 'möchte', ',', 'ich', 'möchte', ',', 'in', 'in', 'in', 'in', 'in', 'in', 'in', 'in', 'in', 'in', 'in', 'in', 'in', 'in', 'in', 'in', 'in', 'in', 'in', 'in', 'in', 'in', 'in', 'in', 'in', 'in', ',', ',', 'ich', 'möchte', ',', 'ich', 'möchte', ',', 'ich', 'möchte', ',', 'ich']
2020-08-10 04:09:14,040 	Source:     hi , i &apos;m looking for a restaurant inside the arden fair mall in san francisco , california .
2020-08-10 04:09:14,040 	Reference:  hallo , ich bin auf der suche nach einem restaurant im arden fair einkaufszentrum in san francisco , kalifornien .
2020-08-10 04:09:14,040 	Hypothesis: ich möchte möchte möchte möchte möchte möchte möchte möchte möchte in in in in in in in in in in in in in in in in in in in in in in in in in in in in in in in in in in in in , ich in , ich in in in in , ich möchte , ich möchte , in in in in in in in in in in in in in in in in in in in in in in in in in in , , ich möchte , ich möchte , ich möchte , ich
2020-08-10 04:09:14,040 Example #3
2020-08-10 04:09:14,040 	Raw source:     ['ok', ',', 'what', 'type', 'of', 'restaurant', 'are', 'you', 'looking', 'for', '?']
2020-08-10 04:09:14,040 	Raw hypothesis: ['ok', ',', 'wie', 'sie', 'sie', 'ihnen', '?']
2020-08-10 04:09:14,040 	Source:     ok , what type of restaurant are you looking for ?
2020-08-10 04:09:14,040 	Reference:  ok . welche art von restaurant suchen sie denn genau ?
2020-08-10 04:09:14,040 	Hypothesis: ok , wie sie sie ihnen ?
2020-08-10 04:09:14,040 Validation result (greedy) at epoch   3, step      200: bleu:   2.36, loss: 26813.0938, ppl:  65.9928, duration: 29.6321s
2020-08-10 04:09:21,136 Epoch   3: total training loss 376.46
2020-08-10 04:09:21,136 EPOCH 4
2020-08-10 04:09:21,422 Epoch   4 Step:      300 Batch Loss:     2.903358 Tokens per Sec:     5714, Lr: 0.000200
2020-08-10 04:09:28,522 Epoch   4: total training loss 333.80
2020-08-10 04:09:28,522 EPOCH 5
2020-08-10 04:09:28,885 Epoch   5 Step:      400 Batch Loss:     2.154020 Tokens per Sec:     8243, Lr: 0.000200
2020-08-10 04:09:53,760 Hooray! New best validation result [ppl]!
2020-08-10 04:09:53,760 Saving new checkpoint.
2020-08-10 04:09:54,640 Example #0
2020-08-10 04:09:54,640 	Raw source:     ['hello', '.']
2020-08-10 04:09:54,640 	Raw hypothesis: ['hallo', '.']
2020-08-10 04:09:54,640 	Source:     hello .
2020-08-10 04:09:54,640 	Reference:  hallo ,
2020-08-10 04:09:54,641 	Hypothesis: hallo .
2020-08-10 04:09:54,641 Example #1
2020-08-10 04:09:54,641 	Raw source:     ['hi', ',', 'how', 'can', 'i', 'help', 'you', '?']
2020-08-10 04:09:54,641 	Raw hypothesis: ['hallo', ',', 'wie', 'kann', 'ich', 'ihnen', 'helfen', '?']
2020-08-10 04:09:54,641 	Source:     hi , how can i help you ?
2020-08-10 04:09:54,641 	Reference:  hallo , wie kann ich ihnen helfen ?
2020-08-10 04:09:54,641 	Hypothesis: hallo , wie kann ich ihnen helfen ?
2020-08-10 04:09:54,641 Example #2
2020-08-10 04:09:54,641 	Raw source:     ['hi', ',', 'i', '&apos;m', 'looking', 'for', 'a', 'restaurant', 'inside', 'the', 'arden', 'fair', 'mall', 'in', 'san', 'francisco', ',', 'california', '.']
2020-08-10 04:09:54,641 	Raw hypothesis: ['hallo', ',', 'ich', 'möchte', 'ein', 'restaurant', 'in', 'san', 'francisco', ',', 'kalifornien', ',', 'kalifornien', ',', 'kalifornien', ',', 'kalifornien', ',', 'kalifornien', ',', 'kalifornien', ',', 'kalifornien', ',', 'kalifornien', ',', 'kalifornien', ',', 'kalifornien', ',', 'kalifornien', '.']
2020-08-10 04:09:54,641 	Source:     hi , i &apos;m looking for a restaurant inside the arden fair mall in san francisco , california .
2020-08-10 04:09:54,641 	Reference:  hallo , ich bin auf der suche nach einem restaurant im arden fair einkaufszentrum in san francisco , kalifornien .
2020-08-10 04:09:54,641 	Hypothesis: hallo , ich möchte ein restaurant in san francisco , kalifornien , kalifornien , kalifornien , kalifornien , kalifornien , kalifornien , kalifornien , kalifornien , kalifornien , kalifornien , kalifornien .
2020-08-10 04:09:54,641 Example #3
2020-08-10 04:09:54,641 	Raw source:     ['ok', ',', 'what', 'type', 'of', 'restaurant', 'are', 'you', 'looking', 'for', '?']
2020-08-10 04:09:54,641 	Raw hypothesis: ['ok', ',', 'welche', 'art', 'art', 'von', 'restaurant', 'restaurant', '?']
2020-08-10 04:09:54,641 	Source:     ok , what type of restaurant are you looking for ?
2020-08-10 04:09:54,641 	Reference:  ok . welche art von restaurant suchen sie denn genau ?
2020-08-10 04:09:54,641 	Hypothesis: ok , welche art art von restaurant restaurant ?
2020-08-10 04:09:54,641 Validation result (greedy) at epoch   5, step      400: bleu:   6.83, loss: 21904.2656, ppl:  30.6472, duration: 25.7563s
2020-08-10 04:10:01,740 Epoch   5: total training loss 293.28
2020-08-10 04:10:01,740 EPOCH 6
2020-08-10 04:10:02,140 Epoch   6 Step:      500 Batch Loss:     1.869755 Tokens per Sec:     7575, Lr: 0.000200
2020-08-10 04:10:09,085 Epoch   6: total training loss 252.70
2020-08-10 04:10:09,086 EPOCH 7
2020-08-10 04:10:09,623 Epoch   7 Step:      600 Batch Loss:     1.668752 Tokens per Sec:     8907, Lr: 0.000200
2020-08-10 04:10:28,547 Hooray! New best validation result [ppl]!
2020-08-10 04:10:28,548 Saving new checkpoint.
2020-08-10 04:10:29,430 Example #0
2020-08-10 04:10:29,430 	Raw source:     ['hello', '.']
2020-08-10 04:10:29,430 	Raw hypothesis: ['hallo', '.']
2020-08-10 04:10:29,430 	Source:     hello .
2020-08-10 04:10:29,430 	Reference:  hallo ,
2020-08-10 04:10:29,430 	Hypothesis: hallo .
2020-08-10 04:10:29,430 Example #1
2020-08-10 04:10:29,430 	Raw source:     ['hi', ',', 'how', 'can', 'i', 'help', 'you', '?']
2020-08-10 04:10:29,430 	Raw hypothesis: ['hallo', ',', 'wie', 'kann', 'ich', 'ihnen', 'helfen', '?']
2020-08-10 04:10:29,431 	Source:     hi , how can i help you ?
2020-08-10 04:10:29,431 	Reference:  hallo , wie kann ich ihnen helfen ?
2020-08-10 04:10:29,431 	Hypothesis: hallo , wie kann ich ihnen helfen ?
2020-08-10 04:10:29,431 Example #2
2020-08-10 04:10:29,431 	Raw source:     ['hi', ',', 'i', '&apos;m', 'looking', 'for', 'a', 'restaurant', 'inside', 'the', 'arden', 'fair', 'mall', 'in', 'san', 'francisco', ',', 'california', '.']
2020-08-10 04:10:29,431 	Raw hypothesis: ['hallo', ',', 'ich', 'bin', 'in', 'san', 'francisco', ',', 'kalifornien', '.']
2020-08-10 04:10:29,431 	Source:     hi , i &apos;m looking for a restaurant inside the arden fair mall in san francisco , california .
2020-08-10 04:10:29,431 	Reference:  hallo , ich bin auf der suche nach einem restaurant im arden fair einkaufszentrum in san francisco , kalifornien .
2020-08-10 04:10:29,431 	Hypothesis: hallo , ich bin in san francisco , kalifornien .
2020-08-10 04:10:29,431 Example #3
2020-08-10 04:10:29,431 	Raw source:     ['ok', ',', 'what', 'type', 'of', 'restaurant', 'are', 'you', 'looking', 'for', '?']
2020-08-10 04:10:29,431 	Raw hypothesis: ['ok', ',', 'welche', 'art', 'von', 'restaurant', 'für', 'welche', 'art', 'von', 'von', 'von', 'restaurant', '?']
2020-08-10 04:10:29,431 	Source:     ok , what type of restaurant are you looking for ?
2020-08-10 04:10:29,431 	Reference:  ok . welche art von restaurant suchen sie denn genau ?
2020-08-10 04:10:29,431 	Hypothesis: ok , welche art von restaurant für welche art von von von restaurant ?
2020-08-10 04:10:29,431 Validation result (greedy) at epoch   7, step      600: bleu:  12.27, loss: 19017.0645, ppl:  19.5195, duration: 19.8081s
2020-08-10 04:10:36,186 Epoch   7: total training loss 226.85
2020-08-10 04:10:36,187 EPOCH 8
2020-08-10 04:10:36,865 Epoch   8 Step:      700 Batch Loss:     2.485894 Tokens per Sec:     8711, Lr: 0.000200
2020-08-10 04:10:43,455 Epoch   8: total training loss 207.84
2020-08-10 04:10:43,455 EPOCH 9
2020-08-10 04:10:44,178 Epoch   9 Step:      800 Batch Loss:     0.353676 Tokens per Sec:     8300, Lr: 0.000200
2020-08-10 04:10:59,408 Hooray! New best validation result [ppl]!
2020-08-10 04:10:59,408 Saving new checkpoint.
2020-08-10 04:11:00,356 Example #0
2020-08-10 04:11:00,356 	Raw source:     ['hello', '.']
2020-08-10 04:11:00,356 	Raw hypothesis: ['hallo', '.']
2020-08-10 04:11:00,356 	Source:     hello .
2020-08-10 04:11:00,356 	Reference:  hallo ,
2020-08-10 04:11:00,356 	Hypothesis: hallo .
2020-08-10 04:11:00,356 Example #1
2020-08-10 04:11:00,356 	Raw source:     ['hi', ',', 'how', 'can', 'i', 'help', 'you', '?']
2020-08-10 04:11:00,356 	Raw hypothesis: ['hallo', ',', 'wie', 'kann', 'ich', 'ihnen', 'helfen', '?']
2020-08-10 04:11:00,356 	Source:     hi , how can i help you ?
2020-08-10 04:11:00,356 	Reference:  hallo , wie kann ich ihnen helfen ?
2020-08-10 04:11:00,356 	Hypothesis: hallo , wie kann ich ihnen helfen ?
2020-08-10 04:11:00,357 Example #2
2020-08-10 04:11:00,357 	Raw source:     ['hi', ',', 'i', '&apos;m', 'looking', 'for', 'a', 'restaurant', 'inside', 'the', 'arden', 'fair', 'mall', 'in', 'san', 'francisco', ',', 'california', '.']
2020-08-10 04:11:00,357 	Raw hypothesis: ['hallo', ',', 'ich', 'suche', 'ein', 'restaurant', 'in', 'san', 'francisco', ',', 'kalifornien', '.']
2020-08-10 04:11:00,357 	Source:     hi , i &apos;m looking for a restaurant inside the arden fair mall in san francisco , california .
2020-08-10 04:11:00,357 	Reference:  hallo , ich bin auf der suche nach einem restaurant im arden fair einkaufszentrum in san francisco , kalifornien .
2020-08-10 04:11:00,357 	Hypothesis: hallo , ich suche ein restaurant in san francisco , kalifornien .
2020-08-10 04:11:00,357 Example #3
2020-08-10 04:11:00,357 	Raw source:     ['ok', ',', 'what', 'type', 'of', 'restaurant', 'are', 'you', 'looking', 'for', '?']
2020-08-10 04:11:00,357 	Raw hypothesis: ['ok', ',', 'welche', 'art', 'von', 'restaurant', 'sie', '?']
2020-08-10 04:11:00,357 	Source:     ok , what type of restaurant are you looking for ?
2020-08-10 04:11:00,357 	Reference:  ok . welche art von restaurant suchen sie denn genau ?
2020-08-10 04:11:00,357 	Hypothesis: ok , welche art von restaurant sie ?
2020-08-10 04:11:00,357 Validation result (greedy) at epoch   9, step      800: bleu:  17.54, loss: 17796.9375, ppl:  16.1315, duration: 16.1791s
2020-08-10 04:11:06,971 Epoch   9: total training loss 189.76
2020-08-10 04:11:06,971 EPOCH 10
2020-08-10 04:11:07,829 Epoch  10 Step:      900 Batch Loss:     2.085384 Tokens per Sec:     9089, Lr: 0.000200
2020-08-10 04:11:14,504 Epoch  10: total training loss 174.30
2020-08-10 04:11:14,504 EPOCH 11
2020-08-10 04:11:15,418 Epoch  11 Step:     1000 Batch Loss:     1.563811 Tokens per Sec:     8488, Lr: 0.000200
2020-08-10 04:11:33,664 Hooray! New best validation result [ppl]!
2020-08-10 04:11:33,664 Saving new checkpoint.
2020-08-10 04:11:34,533 Example #0
2020-08-10 04:11:34,534 	Raw source:     ['hello', '.']
2020-08-10 04:11:34,534 	Raw hypothesis: ['hallo', '.']
2020-08-10 04:11:34,534 	Source:     hello .
2020-08-10 04:11:34,534 	Reference:  hallo ,
2020-08-10 04:11:34,534 	Hypothesis: hallo .
2020-08-10 04:11:34,534 Example #1
2020-08-10 04:11:34,534 	Raw source:     ['hi', ',', 'how', 'can', 'i', 'help', 'you', '?']
2020-08-10 04:11:34,534 	Raw hypothesis: ['hallo', ',', 'wie', 'kann', 'ich', 'ihnen', 'helfen', '?']
2020-08-10 04:11:34,534 	Source:     hi , how can i help you ?
2020-08-10 04:11:34,534 	Reference:  hallo , wie kann ich ihnen helfen ?
2020-08-10 04:11:34,534 	Hypothesis: hallo , wie kann ich ihnen helfen ?
2020-08-10 04:11:34,534 Example #2
2020-08-10 04:11:34,534 	Raw source:     ['hi', ',', 'i', '&apos;m', 'looking', 'for', 'a', 'restaurant', 'inside', 'the', 'arden', 'fair', 'mall', 'in', 'san', 'francisco', ',', 'california', '.']
2020-08-10 04:11:34,534 	Raw hypothesis: ['hallo', ',', 'ich', 'suche', 'ein', 'restaurant', 'in', 'san', 'francisco', ',', 'kalifornien', ',', 'in', 'san', 'francisco', ',', 'kalifornien', ',', 'kalifornien', '.']
2020-08-10 04:11:34,534 	Source:     hi , i &apos;m looking for a restaurant inside the arden fair mall in san francisco , california .
2020-08-10 04:11:34,534 	Reference:  hallo , ich bin auf der suche nach einem restaurant im arden fair einkaufszentrum in san francisco , kalifornien .
2020-08-10 04:11:34,534 	Hypothesis: hallo , ich suche ein restaurant in san francisco , kalifornien , in san francisco , kalifornien , kalifornien .
2020-08-10 04:11:34,535 Example #3
2020-08-10 04:11:34,535 	Raw source:     ['ok', ',', 'what', 'type', 'of', 'restaurant', 'are', 'you', 'looking', 'for', '?']
2020-08-10 04:11:34,535 	Raw hypothesis: ['ok', ',', 'welche', 'art', 'von', 'restaurant', 'für', 'sie', '?']
2020-08-10 04:11:34,535 	Source:     ok , what type of restaurant are you looking for ?
2020-08-10 04:11:34,535 	Reference:  ok . welche art von restaurant suchen sie denn genau ?
2020-08-10 04:11:34,535 	Hypothesis: ok , welche art von restaurant für sie ?
2020-08-10 04:11:34,535 Validation result (greedy) at epoch  11, step     1000: bleu:  20.40, loss: 16474.4219, ppl:  13.1199, duration: 19.1164s
2020-08-10 04:11:40,959 Epoch  11: total training loss 153.33
2020-08-10 04:11:40,959 EPOCH 12
2020-08-10 04:11:42,000 Epoch  12 Step:     1100 Batch Loss:     1.293589 Tokens per Sec:     8703, Lr: 0.000200
2020-08-10 04:11:48,335 Epoch  12: total training loss 144.65
2020-08-10 04:11:48,335 EPOCH 13
2020-08-10 04:11:49,390 Epoch  13 Step:     1200 Batch Loss:     1.312995 Tokens per Sec:     9259, Lr: 0.000200
2020-08-10 04:12:03,706 Hooray! New best validation result [ppl]!
2020-08-10 04:12:03,706 Saving new checkpoint.
2020-08-10 04:12:04,585 Example #0
2020-08-10 04:12:04,585 	Raw source:     ['hello', '.']
2020-08-10 04:12:04,585 	Raw hypothesis: ['hallo', '.']
2020-08-10 04:12:04,585 	Source:     hello .
2020-08-10 04:12:04,585 	Reference:  hallo ,
2020-08-10 04:12:04,585 	Hypothesis: hallo .
2020-08-10 04:12:04,585 Example #1
2020-08-10 04:12:04,585 	Raw source:     ['hi', ',', 'how', 'can', 'i', 'help', 'you', '?']
2020-08-10 04:12:04,585 	Raw hypothesis: ['hallo', ',', 'wie', 'kann', 'ich', 'ihnen', 'helfen', '?']
2020-08-10 04:12:04,585 	Source:     hi , how can i help you ?
2020-08-10 04:12:04,585 	Reference:  hallo , wie kann ich ihnen helfen ?
2020-08-10 04:12:04,585 	Hypothesis: hallo , wie kann ich ihnen helfen ?
2020-08-10 04:12:04,586 Example #2
2020-08-10 04:12:04,586 	Raw source:     ['hi', ',', 'i', '&apos;m', 'looking', 'for', 'a', 'restaurant', 'inside', 'the', 'arden', 'fair', 'mall', 'in', 'san', 'francisco', ',', 'california', '.']
2020-08-10 04:12:04,586 	Raw hypothesis: ['hallo', ',', 'ich', 'suche', 'ein', 'restaurant', 'in', 'san', 'francisco', ',', 'kalifornien', ',', 'kalifornien', ',', 'kalifornien', ',', 'kalifornien', ',', 'in', 'san', 'francisco', ',', 'kalifornien', '.']
2020-08-10 04:12:04,586 	Source:     hi , i &apos;m looking for a restaurant inside the arden fair mall in san francisco , california .
2020-08-10 04:12:04,586 	Reference:  hallo , ich bin auf der suche nach einem restaurant im arden fair einkaufszentrum in san francisco , kalifornien .
2020-08-10 04:12:04,586 	Hypothesis: hallo , ich suche ein restaurant in san francisco , kalifornien , kalifornien , kalifornien , kalifornien , in san francisco , kalifornien .
2020-08-10 04:12:04,586 Example #3
2020-08-10 04:12:04,586 	Raw source:     ['ok', ',', 'what', 'type', 'of', 'restaurant', 'are', 'you', 'looking', 'for', '?']
2020-08-10 04:12:04,586 	Raw hypothesis: ['ok', ',', 'nach', 'welcher', 'art', 'von', 'restaurant', 'suchen', 'sie', '?']
2020-08-10 04:12:04,586 	Source:     ok , what type of restaurant are you looking for ?
2020-08-10 04:12:04,586 	Reference:  ok . welche art von restaurant suchen sie denn genau ?
2020-08-10 04:12:04,586 	Hypothesis: ok , nach welcher art von restaurant suchen sie ?
2020-08-10 04:12:04,586 Validation result (greedy) at epoch  13, step     1200: bleu:  24.84, loss: 16138.7080, ppl:  12.4494, duration: 15.1961s
2020-08-10 04:12:10,959 Epoch  13: total training loss 131.92
2020-08-10 04:12:10,959 EPOCH 14
2020-08-10 04:12:11,996 Epoch  14 Step:     1300 Batch Loss:     0.296644 Tokens per Sec:     8485, Lr: 0.000200
2020-08-10 04:12:18,395 Epoch  14: total training loss 118.14
2020-08-10 04:12:18,396 EPOCH 15
2020-08-10 04:12:19,508 Epoch  15 Step:     1400 Batch Loss:     0.737855 Tokens per Sec:     8713, Lr: 0.000200
2020-08-10 04:12:31,380 Hooray! New best validation result [ppl]!
2020-08-10 04:12:31,380 Saving new checkpoint.
2020-08-10 04:12:32,286 Example #0
2020-08-10 04:12:32,286 	Raw source:     ['hello', '.']
2020-08-10 04:12:32,286 	Raw hypothesis: ['hallo', '.']
2020-08-10 04:12:32,286 	Source:     hello .
2020-08-10 04:12:32,286 	Reference:  hallo ,
2020-08-10 04:12:32,286 	Hypothesis: hallo .
2020-08-10 04:12:32,287 Example #1
2020-08-10 04:12:32,287 	Raw source:     ['hi', ',', 'how', 'can', 'i', 'help', 'you', '?']
2020-08-10 04:12:32,287 	Raw hypothesis: ['hallo', ',', 'wie', 'kann', 'ich', 'ihnen', 'helfen', '?']
2020-08-10 04:12:32,287 	Source:     hi , how can i help you ?
2020-08-10 04:12:32,287 	Reference:  hallo , wie kann ich ihnen helfen ?
2020-08-10 04:12:32,287 	Hypothesis: hallo , wie kann ich ihnen helfen ?
2020-08-10 04:12:32,287 Example #2
2020-08-10 04:12:32,287 	Raw source:     ['hi', ',', 'i', '&apos;m', 'looking', 'for', 'a', 'restaurant', 'inside', 'the', 'arden', 'fair', 'mall', 'in', 'san', 'francisco', ',', 'california', '.']
2020-08-10 04:12:32,287 	Raw hypothesis: ['hallo', ',', 'ich', 'suche', 'ein', 'restaurant', 'in', 'san', 'francisco', ',', 'kalifornien', ',', 'finden', '.']
2020-08-10 04:12:32,287 	Source:     hi , i &apos;m looking for a restaurant inside the arden fair mall in san francisco , california .
2020-08-10 04:12:32,287 	Reference:  hallo , ich bin auf der suche nach einem restaurant im arden fair einkaufszentrum in san francisco , kalifornien .
2020-08-10 04:12:32,287 	Hypothesis: hallo , ich suche ein restaurant in san francisco , kalifornien , finden .
2020-08-10 04:12:32,287 Example #3
2020-08-10 04:12:32,287 	Raw source:     ['ok', ',', 'what', 'type', 'of', 'restaurant', 'are', 'you', 'looking', 'for', '?']
2020-08-10 04:12:32,287 	Raw hypothesis: ['ok', ',', 'nach', 'welcher', 'art', 'von', 'restaurant', 'suchen', 'sie', '?']
2020-08-10 04:12:32,287 	Source:     ok , what type of restaurant are you looking for ?
2020-08-10 04:12:32,287 	Reference:  ok . welche art von restaurant suchen sie denn genau ?
2020-08-10 04:12:32,287 	Hypothesis: ok , nach welcher art von restaurant suchen sie ?
2020-08-10 04:12:32,287 Validation result (greedy) at epoch  15, step     1400: bleu:  26.14, loss: 15894.1914, ppl:  11.9827, duration: 12.7785s
2020-08-10 04:12:38,624 Epoch  15: total training loss 100.67
2020-08-10 04:12:38,624 EPOCH 16
2020-08-10 04:12:39,959 Epoch  16 Step:     1500 Batch Loss:     1.592944 Tokens per Sec:     8115, Lr: 0.000200
2020-08-10 04:12:46,164 Epoch  16: total training loss 92.36
2020-08-10 04:12:46,164 EPOCH 17
2020-08-10 04:12:47,526 Epoch  17 Step:     1600 Batch Loss:     0.552615 Tokens per Sec:     8394, Lr: 0.000200
2020-08-10 04:12:58,019 Example #0
2020-08-10 04:12:58,019 	Raw source:     ['hello', '.']
2020-08-10 04:12:58,019 	Raw hypothesis: ['hallo', '.']
2020-08-10 04:12:58,019 	Source:     hello .
2020-08-10 04:12:58,019 	Reference:  hallo ,
2020-08-10 04:12:58,019 	Hypothesis: hallo .
2020-08-10 04:12:58,020 Example #1
2020-08-10 04:12:58,020 	Raw source:     ['hi', ',', 'how', 'can', 'i', 'help', 'you', '?']
2020-08-10 04:12:58,020 	Raw hypothesis: ['hallo', ',', 'wie', 'kann', 'ich', 'ihnen', 'helfen', '?']
2020-08-10 04:12:58,020 	Source:     hi , how can i help you ?
2020-08-10 04:12:58,020 	Reference:  hallo , wie kann ich ihnen helfen ?
2020-08-10 04:12:58,020 	Hypothesis: hallo , wie kann ich ihnen helfen ?
2020-08-10 04:12:58,020 Example #2
2020-08-10 04:12:58,020 	Raw source:     ['hi', ',', 'i', '&apos;m', 'looking', 'for', 'a', 'restaurant', 'inside', 'the', 'arden', 'fair', 'mall', 'in', 'san', 'francisco', ',', 'california', '.']
2020-08-10 04:12:58,020 	Raw hypothesis: ['hallo', ',', 'ich', 'suche', 'ein', 'restaurant', 'in', 'san', 'francisco', ',', 'kalifornien', ',', 'finden', '.']
2020-08-10 04:12:58,020 	Source:     hi , i &apos;m looking for a restaurant inside the arden fair mall in san francisco , california .
2020-08-10 04:12:58,020 	Reference:  hallo , ich bin auf der suche nach einem restaurant im arden fair einkaufszentrum in san francisco , kalifornien .
2020-08-10 04:12:58,020 	Hypothesis: hallo , ich suche ein restaurant in san francisco , kalifornien , finden .
2020-08-10 04:12:58,020 Example #3
2020-08-10 04:12:58,020 	Raw source:     ['ok', ',', 'what', 'type', 'of', 'restaurant', 'are', 'you', 'looking', 'for', '?']
2020-08-10 04:12:58,020 	Raw hypothesis: ['ok', ',', 'welche', 'art', 'von', 'restaurant', 'suchen', 'sie', '?']
2020-08-10 04:12:58,020 	Source:     ok , what type of restaurant are you looking for ?
2020-08-10 04:12:58,020 	Reference:  ok . welche art von restaurant suchen sie denn genau ?
2020-08-10 04:12:58,020 	Hypothesis: ok , welche art von restaurant suchen sie ?
2020-08-10 04:12:58,020 Validation result (greedy) at epoch  17, step     1600: bleu:  28.47, loss: 16168.5664, ppl:  12.5076, duration: 10.4942s
2020-08-10 04:13:04,225 Epoch  17: total training loss 82.55
2020-08-10 04:13:04,225 EPOCH 18
2020-08-10 04:13:05,655 Epoch  18 Step:     1700 Batch Loss:     0.562421 Tokens per Sec:     8866, Lr: 0.000200
2020-08-10 04:13:11,579 Epoch  18: total training loss 73.49
2020-08-10 04:13:11,579 EPOCH 19
2020-08-10 04:13:13,118 Epoch  19 Step:     1800 Batch Loss:     1.084994 Tokens per Sec:     8599, Lr: 0.000200
2020-08-10 04:13:26,427 Example #0
2020-08-10 04:13:26,427 	Raw source:     ['hello', '.']
2020-08-10 04:13:26,427 	Raw hypothesis: ['hallo', '.']
2020-08-10 04:13:26,427 	Source:     hello .
2020-08-10 04:13:26,428 	Reference:  hallo ,
2020-08-10 04:13:26,428 	Hypothesis: hallo .
2020-08-10 04:13:26,428 Example #1
2020-08-10 04:13:26,428 	Raw source:     ['hi', ',', 'how', 'can', 'i', 'help', 'you', '?']
2020-08-10 04:13:26,428 	Raw hypothesis: ['hallo', ',', 'wie', 'kann', 'ich', 'ihnen', 'helfen', '?']
2020-08-10 04:13:26,428 	Source:     hi , how can i help you ?
2020-08-10 04:13:26,428 	Reference:  hallo , wie kann ich ihnen helfen ?
2020-08-10 04:13:26,428 	Hypothesis: hallo , wie kann ich ihnen helfen ?
2020-08-10 04:13:26,428 Example #2
2020-08-10 04:13:26,428 	Raw source:     ['hi', ',', 'i', '&apos;m', 'looking', 'for', 'a', 'restaurant', 'inside', 'the', 'arden', 'fair', 'mall', 'in', 'san', 'francisco', ',', 'california', '.']
2020-08-10 04:13:26,428 	Raw hypothesis: ['hallo', ',', 'ich', 'suche', 'ein', 'restaurant', 'in', 'san', 'francisco', ',', 'kalifornien', ',', 'finden', '.', 'in', 'san', 'francisco', ',', 'kalifornien', ',', 'finden', '.']
2020-08-10 04:13:26,428 	Source:     hi , i &apos;m looking for a restaurant inside the arden fair mall in san francisco , california .
2020-08-10 04:13:26,428 	Reference:  hallo , ich bin auf der suche nach einem restaurant im arden fair einkaufszentrum in san francisco , kalifornien .
2020-08-10 04:13:26,428 	Hypothesis: hallo , ich suche ein restaurant in san francisco , kalifornien , finden . in san francisco , kalifornien , finden .
2020-08-10 04:13:26,428 Example #3
2020-08-10 04:13:26,428 	Raw source:     ['ok', ',', 'what', 'type', 'of', 'restaurant', 'are', 'you', 'looking', 'for', '?']
2020-08-10 04:13:26,428 	Raw hypothesis: ['ok', ',', 'nach', 'welcher', 'art', 'von', 'restaurant', 'suchen', 'sie', '?']
2020-08-10 04:13:26,428 	Source:     ok , what type of restaurant are you looking for ?
2020-08-10 04:13:26,428 	Reference:  ok . welche art von restaurant suchen sie denn genau ?
2020-08-10 04:13:26,428 	Hypothesis: ok , nach welcher art von restaurant suchen sie ?
2020-08-10 04:13:26,429 Validation result (greedy) at epoch  19, step     1800: bleu:  27.28, loss: 16070.7090, ppl:  12.3178, duration: 13.3103s
2020-08-10 04:13:32,188 Epoch  19: total training loss 65.47
2020-08-10 04:13:32,188 EPOCH 20
2020-08-10 04:13:33,839 Epoch  20 Step:     1900 Batch Loss:     0.731255 Tokens per Sec:     8688, Lr: 0.000200
2020-08-10 04:13:39,682 Epoch  20: total training loss 61.11
2020-08-10 04:13:39,682 Training ended after  20 epochs.
2020-08-10 04:13:39,683 Best validation result (greedy) at step     1400:  11.98 ppl.
