2020-08-09 22:04:19,678 Hello! This is Joey-NMT.
2020-08-09 22:04:21,114 Total params: 3795840
2020-08-09 22:04:21,116 Trainable parameters: ['decoder.layer_norm.bias', 'decoder.layer_norm.weight', 'decoder.layers.0.dec_layer_norm.bias', 'decoder.layers.0.dec_layer_norm.weight', 'decoder.layers.0.feed_forward.layer_norm.bias', 'decoder.layers.0.feed_forward.layer_norm.weight', 'decoder.layers.0.feed_forward.pwff_layer.0.bias', 'decoder.layers.0.feed_forward.pwff_layer.0.weight', 'decoder.layers.0.feed_forward.pwff_layer.3.bias', 'decoder.layers.0.feed_forward.pwff_layer.3.weight', 'decoder.layers.0.src_trg_att.k_layer.bias', 'decoder.layers.0.src_trg_att.k_layer.weight', 'decoder.layers.0.src_trg_att.output_layer.bias', 'decoder.layers.0.src_trg_att.output_layer.weight', 'decoder.layers.0.src_trg_att.q_layer.bias', 'decoder.layers.0.src_trg_att.q_layer.weight', 'decoder.layers.0.src_trg_att.v_layer.bias', 'decoder.layers.0.src_trg_att.v_layer.weight', 'decoder.layers.0.trg_trg_att.k_layer.bias', 'decoder.layers.0.trg_trg_att.k_layer.weight', 'decoder.layers.0.trg_trg_att.output_layer.bias', 'decoder.layers.0.trg_trg_att.output_layer.weight', 'decoder.layers.0.trg_trg_att.q_layer.bias', 'decoder.layers.0.trg_trg_att.q_layer.weight', 'decoder.layers.0.trg_trg_att.v_layer.bias', 'decoder.layers.0.trg_trg_att.v_layer.weight', 'decoder.layers.0.x_layer_norm.bias', 'decoder.layers.0.x_layer_norm.weight', 'decoder.layers.1.dec_layer_norm.bias', 'decoder.layers.1.dec_layer_norm.weight', 'decoder.layers.1.feed_forward.layer_norm.bias', 'decoder.layers.1.feed_forward.layer_norm.weight', 'decoder.layers.1.feed_forward.pwff_layer.0.bias', 'decoder.layers.1.feed_forward.pwff_layer.0.weight', 'decoder.layers.1.feed_forward.pwff_layer.3.bias', 'decoder.layers.1.feed_forward.pwff_layer.3.weight', 'decoder.layers.1.src_trg_att.k_layer.bias', 'decoder.layers.1.src_trg_att.k_layer.weight', 'decoder.layers.1.src_trg_att.output_layer.bias', 'decoder.layers.1.src_trg_att.output_layer.weight', 'decoder.layers.1.src_trg_att.q_layer.bias', 'decoder.layers.1.src_trg_att.q_layer.weight', 'decoder.layers.1.src_trg_att.v_layer.bias', 'decoder.layers.1.src_trg_att.v_layer.weight', 'decoder.layers.1.trg_trg_att.k_layer.bias', 'decoder.layers.1.trg_trg_att.k_layer.weight', 'decoder.layers.1.trg_trg_att.output_layer.bias', 'decoder.layers.1.trg_trg_att.output_layer.weight', 'decoder.layers.1.trg_trg_att.q_layer.bias', 'decoder.layers.1.trg_trg_att.q_layer.weight', 'decoder.layers.1.trg_trg_att.v_layer.bias', 'decoder.layers.1.trg_trg_att.v_layer.weight', 'decoder.layers.1.x_layer_norm.bias', 'decoder.layers.1.x_layer_norm.weight', 'decoder.layers.2.dec_layer_norm.bias', 'decoder.layers.2.dec_layer_norm.weight', 'decoder.layers.2.feed_forward.layer_norm.bias', 'decoder.layers.2.feed_forward.layer_norm.weight', 'decoder.layers.2.feed_forward.pwff_layer.0.bias', 'decoder.layers.2.feed_forward.pwff_layer.0.weight', 'decoder.layers.2.feed_forward.pwff_layer.3.bias', 'decoder.layers.2.feed_forward.pwff_layer.3.weight', 'decoder.layers.2.src_trg_att.k_layer.bias', 'decoder.layers.2.src_trg_att.k_layer.weight', 'decoder.layers.2.src_trg_att.output_layer.bias', 'decoder.layers.2.src_trg_att.output_layer.weight', 'decoder.layers.2.src_trg_att.q_layer.bias', 'decoder.layers.2.src_trg_att.q_layer.weight', 'decoder.layers.2.src_trg_att.v_layer.bias', 'decoder.layers.2.src_trg_att.v_layer.weight', 'decoder.layers.2.trg_trg_att.k_layer.bias', 'decoder.layers.2.trg_trg_att.k_layer.weight', 'decoder.layers.2.trg_trg_att.output_layer.bias', 'decoder.layers.2.trg_trg_att.output_layer.weight', 'decoder.layers.2.trg_trg_att.q_layer.bias', 'decoder.layers.2.trg_trg_att.q_layer.weight', 'decoder.layers.2.trg_trg_att.v_layer.bias', 'decoder.layers.2.trg_trg_att.v_layer.weight', 'decoder.layers.2.x_layer_norm.bias', 'decoder.layers.2.x_layer_norm.weight', 'decoder.layers.3.dec_layer_norm.bias', 'decoder.layers.3.dec_layer_norm.weight', 'decoder.layers.3.feed_forward.layer_norm.bias', 'decoder.layers.3.feed_forward.layer_norm.weight', 'decoder.layers.3.feed_forward.pwff_layer.0.bias', 'decoder.layers.3.feed_forward.pwff_layer.0.weight', 'decoder.layers.3.feed_forward.pwff_layer.3.bias', 'decoder.layers.3.feed_forward.pwff_layer.3.weight', 'decoder.layers.3.src_trg_att.k_layer.bias', 'decoder.layers.3.src_trg_att.k_layer.weight', 'decoder.layers.3.src_trg_att.output_layer.bias', 'decoder.layers.3.src_trg_att.output_layer.weight', 'decoder.layers.3.src_trg_att.q_layer.bias', 'decoder.layers.3.src_trg_att.q_layer.weight', 'decoder.layers.3.src_trg_att.v_layer.bias', 'decoder.layers.3.src_trg_att.v_layer.weight', 'decoder.layers.3.trg_trg_att.k_layer.bias', 'decoder.layers.3.trg_trg_att.k_layer.weight', 'decoder.layers.3.trg_trg_att.output_layer.bias', 'decoder.layers.3.trg_trg_att.output_layer.weight', 'decoder.layers.3.trg_trg_att.q_layer.bias', 'decoder.layers.3.trg_trg_att.q_layer.weight', 'decoder.layers.3.trg_trg_att.v_layer.bias', 'decoder.layers.3.trg_trg_att.v_layer.weight', 'decoder.layers.3.x_layer_norm.bias', 'decoder.layers.3.x_layer_norm.weight', 'decoder.layers.4.dec_layer_norm.bias', 'decoder.layers.4.dec_layer_norm.weight', 'decoder.layers.4.feed_forward.layer_norm.bias', 'decoder.layers.4.feed_forward.layer_norm.weight', 'decoder.layers.4.feed_forward.pwff_layer.0.bias', 'decoder.layers.4.feed_forward.pwff_layer.0.weight', 'decoder.layers.4.feed_forward.pwff_layer.3.bias', 'decoder.layers.4.feed_forward.pwff_layer.3.weight', 'decoder.layers.4.src_trg_att.k_layer.bias', 'decoder.layers.4.src_trg_att.k_layer.weight', 'decoder.layers.4.src_trg_att.output_layer.bias', 'decoder.layers.4.src_trg_att.output_layer.weight', 'decoder.layers.4.src_trg_att.q_layer.bias', 'decoder.layers.4.src_trg_att.q_layer.weight', 'decoder.layers.4.src_trg_att.v_layer.bias', 'decoder.layers.4.src_trg_att.v_layer.weight', 'decoder.layers.4.trg_trg_att.k_layer.bias', 'decoder.layers.4.trg_trg_att.k_layer.weight', 'decoder.layers.4.trg_trg_att.output_layer.bias', 'decoder.layers.4.trg_trg_att.output_layer.weight', 'decoder.layers.4.trg_trg_att.q_layer.bias', 'decoder.layers.4.trg_trg_att.q_layer.weight', 'decoder.layers.4.trg_trg_att.v_layer.bias', 'decoder.layers.4.trg_trg_att.v_layer.weight', 'decoder.layers.4.x_layer_norm.bias', 'decoder.layers.4.x_layer_norm.weight', 'decoder.layers.5.dec_layer_norm.bias', 'decoder.layers.5.dec_layer_norm.weight', 'decoder.layers.5.feed_forward.layer_norm.bias', 'decoder.layers.5.feed_forward.layer_norm.weight', 'decoder.layers.5.feed_forward.pwff_layer.0.bias', 'decoder.layers.5.feed_forward.pwff_layer.0.weight', 'decoder.layers.5.feed_forward.pwff_layer.3.bias', 'decoder.layers.5.feed_forward.pwff_layer.3.weight', 'decoder.layers.5.src_trg_att.k_layer.bias', 'decoder.layers.5.src_trg_att.k_layer.weight', 'decoder.layers.5.src_trg_att.output_layer.bias', 'decoder.layers.5.src_trg_att.output_layer.weight', 'decoder.layers.5.src_trg_att.q_layer.bias', 'decoder.layers.5.src_trg_att.q_layer.weight', 'decoder.layers.5.src_trg_att.v_layer.bias', 'decoder.layers.5.src_trg_att.v_layer.weight', 'decoder.layers.5.trg_trg_att.k_layer.bias', 'decoder.layers.5.trg_trg_att.k_layer.weight', 'decoder.layers.5.trg_trg_att.output_layer.bias', 'decoder.layers.5.trg_trg_att.output_layer.weight', 'decoder.layers.5.trg_trg_att.q_layer.bias', 'decoder.layers.5.trg_trg_att.q_layer.weight', 'decoder.layers.5.trg_trg_att.v_layer.bias', 'decoder.layers.5.trg_trg_att.v_layer.weight', 'decoder.layers.5.x_layer_norm.bias', 'decoder.layers.5.x_layer_norm.weight', 'encoder.layer_norm.bias', 'encoder.layer_norm.weight', 'encoder.layers.0.feed_forward.layer_norm.bias', 'encoder.layers.0.feed_forward.layer_norm.weight', 'encoder.layers.0.feed_forward.pwff_layer.0.bias', 'encoder.layers.0.feed_forward.pwff_layer.0.weight', 'encoder.layers.0.feed_forward.pwff_layer.3.bias', 'encoder.layers.0.feed_forward.pwff_layer.3.weight', 'encoder.layers.0.layer_norm.bias', 'encoder.layers.0.layer_norm.weight', 'encoder.layers.0.src_src_att.k_layer.bias', 'encoder.layers.0.src_src_att.k_layer.weight', 'encoder.layers.0.src_src_att.output_layer.bias', 'encoder.layers.0.src_src_att.output_layer.weight', 'encoder.layers.0.src_src_att.q_layer.bias', 'encoder.layers.0.src_src_att.q_layer.weight', 'encoder.layers.0.src_src_att.v_layer.bias', 'encoder.layers.0.src_src_att.v_layer.weight', 'encoder.layers.1.feed_forward.layer_norm.bias', 'encoder.layers.1.feed_forward.layer_norm.weight', 'encoder.layers.1.feed_forward.pwff_layer.0.bias', 'encoder.layers.1.feed_forward.pwff_layer.0.weight', 'encoder.layers.1.feed_forward.pwff_layer.3.bias', 'encoder.layers.1.feed_forward.pwff_layer.3.weight', 'encoder.layers.1.layer_norm.bias', 'encoder.layers.1.layer_norm.weight', 'encoder.layers.1.src_src_att.k_layer.bias', 'encoder.layers.1.src_src_att.k_layer.weight', 'encoder.layers.1.src_src_att.output_layer.bias', 'encoder.layers.1.src_src_att.output_layer.weight', 'encoder.layers.1.src_src_att.q_layer.bias', 'encoder.layers.1.src_src_att.q_layer.weight', 'encoder.layers.1.src_src_att.v_layer.bias', 'encoder.layers.1.src_src_att.v_layer.weight', 'encoder.layers.2.feed_forward.layer_norm.bias', 'encoder.layers.2.feed_forward.layer_norm.weight', 'encoder.layers.2.feed_forward.pwff_layer.0.bias', 'encoder.layers.2.feed_forward.pwff_layer.0.weight', 'encoder.layers.2.feed_forward.pwff_layer.3.bias', 'encoder.layers.2.feed_forward.pwff_layer.3.weight', 'encoder.layers.2.layer_norm.bias', 'encoder.layers.2.layer_norm.weight', 'encoder.layers.2.src_src_att.k_layer.bias', 'encoder.layers.2.src_src_att.k_layer.weight', 'encoder.layers.2.src_src_att.output_layer.bias', 'encoder.layers.2.src_src_att.output_layer.weight', 'encoder.layers.2.src_src_att.q_layer.bias', 'encoder.layers.2.src_src_att.q_layer.weight', 'encoder.layers.2.src_src_att.v_layer.bias', 'encoder.layers.2.src_src_att.v_layer.weight', 'encoder.layers.3.feed_forward.layer_norm.bias', 'encoder.layers.3.feed_forward.layer_norm.weight', 'encoder.layers.3.feed_forward.pwff_layer.0.bias', 'encoder.layers.3.feed_forward.pwff_layer.0.weight', 'encoder.layers.3.feed_forward.pwff_layer.3.bias', 'encoder.layers.3.feed_forward.pwff_layer.3.weight', 'encoder.layers.3.layer_norm.bias', 'encoder.layers.3.layer_norm.weight', 'encoder.layers.3.src_src_att.k_layer.bias', 'encoder.layers.3.src_src_att.k_layer.weight', 'encoder.layers.3.src_src_att.output_layer.bias', 'encoder.layers.3.src_src_att.output_layer.weight', 'encoder.layers.3.src_src_att.q_layer.bias', 'encoder.layers.3.src_src_att.q_layer.weight', 'encoder.layers.3.src_src_att.v_layer.bias', 'encoder.layers.3.src_src_att.v_layer.weight', 'encoder.layers.4.feed_forward.layer_norm.bias', 'encoder.layers.4.feed_forward.layer_norm.weight', 'encoder.layers.4.feed_forward.pwff_layer.0.bias', 'encoder.layers.4.feed_forward.pwff_layer.0.weight', 'encoder.layers.4.feed_forward.pwff_layer.3.bias', 'encoder.layers.4.feed_forward.pwff_layer.3.weight', 'encoder.layers.4.layer_norm.bias', 'encoder.layers.4.layer_norm.weight', 'encoder.layers.4.src_src_att.k_layer.bias', 'encoder.layers.4.src_src_att.k_layer.weight', 'encoder.layers.4.src_src_att.output_layer.bias', 'encoder.layers.4.src_src_att.output_layer.weight', 'encoder.layers.4.src_src_att.q_layer.bias', 'encoder.layers.4.src_src_att.q_layer.weight', 'encoder.layers.4.src_src_att.v_layer.bias', 'encoder.layers.4.src_src_att.v_layer.weight', 'encoder.layers.5.feed_forward.layer_norm.bias', 'encoder.layers.5.feed_forward.layer_norm.weight', 'encoder.layers.5.feed_forward.pwff_layer.0.bias', 'encoder.layers.5.feed_forward.pwff_layer.0.weight', 'encoder.layers.5.feed_forward.pwff_layer.3.bias', 'encoder.layers.5.feed_forward.pwff_layer.3.weight', 'encoder.layers.5.layer_norm.bias', 'encoder.layers.5.layer_norm.weight', 'encoder.layers.5.src_src_att.k_layer.bias', 'encoder.layers.5.src_src_att.k_layer.weight', 'encoder.layers.5.src_src_att.output_layer.bias', 'encoder.layers.5.src_src_att.output_layer.weight', 'encoder.layers.5.src_src_att.q_layer.bias', 'encoder.layers.5.src_src_att.q_layer.weight', 'encoder.layers.5.src_src_att.v_layer.bias', 'encoder.layers.5.src_src_att.v_layer.weight', 'src_embed.lut.weight', 'trg_embed.lut.weight']
2020-08-09 22:04:24,950 cfg.data.dev                       : chatnmt/multi_encoder/dev_subset.tags.bpe.10000
2020-08-09 22:04:24,950 cfg.data.level                     : bpe
2020-08-09 22:04:24,950 cfg.data.lowercase                 : False
2020-08-09 22:04:24,950 cfg.data.max_sent_length           : 100
2020-08-09 22:04:24,950 cfg.data.src                       : en
2020-08-09 22:04:24,950 cfg.data.test                      : chatnmt/multi_encoder/test.tags.bpe.10000
2020-08-09 22:04:24,950 cfg.data.train                     : chatnmt/multi_encoder/train_subset.tags.bpe.10000
2020-08-09 22:04:24,950 cfg.data.trg                       : de
2020-08-09 22:04:24,950 cfg.model.bias_initializer         : zeros
2020-08-09 22:04:24,950 cfg.model.decoder.dropout          : 0.1
2020-08-09 22:04:24,950 cfg.model.decoder.embeddings.dropout : 0.0
2020-08-09 22:04:24,950 cfg.model.decoder.embeddings.embedding_dim : 128
2020-08-09 22:04:24,950 cfg.model.decoder.embeddings.scale : True
2020-08-09 22:04:24,950 cfg.model.decoder.ff_size          : 512
2020-08-09 22:04:24,950 cfg.model.decoder.freeze           : False
2020-08-09 22:04:24,951 cfg.model.decoder.hidden_size      : 128
2020-08-09 22:04:24,951 cfg.model.decoder.num_heads        : 8
2020-08-09 22:04:24,951 cfg.model.decoder.num_layers       : 6
2020-08-09 22:04:24,951 cfg.model.decoder.type             : transformer
2020-08-09 22:04:24,951 cfg.model.embed_init_gain          : 1.0
2020-08-09 22:04:24,951 cfg.model.embed_initializer        : xavier
2020-08-09 22:04:24,951 cfg.model.encoder.dropout          : 0.2
2020-08-09 22:04:24,951 cfg.model.encoder.embeddings.dropout : 0.0
2020-08-09 22:04:24,951 cfg.model.encoder.embeddings.embedding_dim : 128
2020-08-09 22:04:24,951 cfg.model.encoder.embeddings.scale : True
2020-08-09 22:04:24,951 cfg.model.encoder.ff_size          : 512
2020-08-09 22:04:24,951 cfg.model.encoder.freeze           : False
2020-08-09 22:04:24,951 cfg.model.encoder.hidden_size      : 128
2020-08-09 22:04:24,951 cfg.model.encoder.multi_encoder    : False
2020-08-09 22:04:24,951 cfg.model.encoder.num_heads        : 8
2020-08-09 22:04:24,951 cfg.model.encoder.num_layers       : 6
2020-08-09 22:04:24,951 cfg.model.encoder.type             : transformer
2020-08-09 22:04:24,951 cfg.model.init_gain                : 1.0
2020-08-09 22:04:24,951 cfg.model.initializer              : xavier
2020-08-09 22:04:24,952 cfg.model.tied_embeddings          : False
2020-08-09 22:04:24,952 cfg.model.tied_softmax             : True
2020-08-09 22:04:24,952 cfg.name                           : transformer
2020-08-09 22:04:24,952 cfg.testing.alpha                  : 1.0
2020-08-09 22:04:24,952 cfg.testing.beam_size              : 5
2020-08-09 22:04:24,952 cfg.training.adam_betas            : [0.9, 0.999]
2020-08-09 22:04:24,952 cfg.training.batch_multiplier      : 1
2020-08-09 22:04:24,952 cfg.training.batch_size            : 1024
2020-08-09 22:04:24,952 cfg.training.batch_type            : token
2020-08-09 22:04:24,952 cfg.training.decrease_factor       : 0.7
2020-08-09 22:04:24,952 cfg.training.early_stopping_metric : ppl
2020-08-09 22:04:24,952 cfg.training.epochs                : 20
2020-08-09 22:04:24,952 cfg.training.eval_metric           : bleu
2020-08-09 22:04:24,952 cfg.training.keep_last_ckpts       : 3
2020-08-09 22:04:24,952 cfg.training.label_smoothing       : 0.1
2020-08-09 22:04:24,952 cfg.training.learning_rate         : 0.0002
2020-08-09 22:04:24,952 cfg.training.learning_rate_min     : 1e-08
2020-08-09 22:04:24,952 cfg.training.logging_freq          : 100
2020-08-09 22:04:24,952 cfg.training.loss                  : crossentropy
2020-08-09 22:04:24,953 cfg.training.max_output_length     : 100
2020-08-09 22:04:24,953 cfg.training.model_dir             : models/viznet/attempt2/8_8_0.2_128_128_1024_8_6
2020-08-09 22:04:24,953 cfg.training.normalization         : tokens
2020-08-09 22:04:24,953 cfg.training.optimizer             : adam
2020-08-09 22:04:24,953 cfg.training.overwrite             : True
2020-08-09 22:04:24,953 cfg.training.patience              : 8
2020-08-09 22:04:24,953 cfg.training.print_valid_sents     : [0, 1, 2, 3]
2020-08-09 22:04:24,953 cfg.training.random_seed           : 42
2020-08-09 22:04:24,953 cfg.training.scheduling            : plateau
2020-08-09 22:04:24,953 cfg.training.shuffle               : True
2020-08-09 22:04:24,953 cfg.training.use_cuda              : True
2020-08-09 22:04:24,953 cfg.training.validation_freq       : 200
2020-08-09 22:04:24,953 cfg.training.weight_decay          : 0.0
2020-08-09 22:04:24,953 Data set sizes: 
	train 5000,
	valid 500,
	test 1220
2020-08-09 22:04:24,953 First training example:
	[SRC] hi there ! how can i help ?
	[TRG] hallo ! wie kann ich helfen ?
2020-08-09 22:04:24,953 First 10 words (src): (0) <unk> (1) <pad> (2) <s> (3) </s> (4) . (5) , (6) ? (7) you (8) i (9) the
2020-08-09 22:04:24,954 First 10 words (trg): (0) <unk> (1) <pad> (2) <s> (3) </s> (4) . (5) , (6) ? (7) sie (8) ich (9) das
2020-08-09 22:04:24,954 Number of Src words (types): 3468
2020-08-09 22:04:24,954 Number of Trg words (types): 4487
2020-08-09 22:04:24,955 Model(
	encoder=TransformerEncoder(num_layers=6, num_heads=8),
	decoder=TransformerDecoder(num_layers=6, num_heads=8),
	src_embed=Embeddings(embedding_dim=128, vocab_size=3468),
	trg_embed=Embeddings(embedding_dim=128, vocab_size=4487))
2020-08-09 22:04:24,959 EPOCH 1
2020-08-09 22:04:31,191 Epoch   1: total training loss 601.74
2020-08-09 22:04:31,191 EPOCH 2
2020-08-09 22:04:31,332 Epoch   2 Step:      100 Batch Loss:     5.095970 Tokens per Sec:     9938, Lr: 0.000200
2020-08-09 22:04:37,483 Epoch   2: total training loss 503.38
2020-08-09 22:04:37,483 EPOCH 3
2020-08-09 22:04:37,690 Epoch   3 Step:      200 Batch Loss:     4.319988 Tokens per Sec:     9739, Lr: 0.000200
2020-08-09 22:04:42,149 Hooray! New best validation result [ppl]!
2020-08-09 22:04:42,149 Saving new checkpoint.
2020-08-09 22:04:42,269 Example #0
2020-08-09 22:04:42,269 	Raw source:     ['hello', '.']
2020-08-09 22:04:42,269 	Raw hypothesis: ['.']
2020-08-09 22:04:42,269 	Source:     hello .
2020-08-09 22:04:42,269 	Reference:  hallo ,
2020-08-09 22:04:42,269 	Hypothesis: .
2020-08-09 22:04:42,270 Example #1
2020-08-09 22:04:42,270 	Raw source:     ['hi', ',', 'how', 'can', 'i', 'help', 'you', '?']
2020-08-09 22:04:42,270 	Raw hypothesis: [',', ',', ',', ',', ',', ',']
2020-08-09 22:04:42,270 	Source:     hi , how can i help you ?
2020-08-09 22:04:42,270 	Reference:  hallo , wie kann ich ihnen helfen ?
2020-08-09 22:04:42,270 	Hypothesis: , , , , , ,
2020-08-09 22:04:42,270 Example #2
2020-08-09 22:04:42,270 	Raw source:     ['hi', ',', 'i', '&apos;m', 'looking', 'for', 'a', 'restaurant', 'inside', 'the', 'arden', 'fair', 'mall', 'in', 'san', 'francisco', ',', 'california', '.']
2020-08-09 22:04:42,270 	Raw hypothesis: [',', ',', ',', ',', ',', ',', ',', ',', ',', ',', ',', ',', ',', '.']
2020-08-09 22:04:42,270 	Source:     hi , i &apos;m looking for a restaurant inside the arden fair mall in san francisco , california .
2020-08-09 22:04:42,270 	Reference:  hallo , ich bin auf der suche nach einem restaurant im arden fair einkaufszentrum in san francisco , kalifornien .
2020-08-09 22:04:42,270 	Hypothesis: , , , , , , , , , , , , , .
2020-08-09 22:04:42,270 Example #3
2020-08-09 22:04:42,270 	Raw source:     ['ok', ',', 'what', 'type', 'of', 'restaurant', 'are', 'you', 'looking', 'for', '?']
2020-08-09 22:04:42,270 	Raw hypothesis: [',', ',', ',', ',', ',', ',', ',', ',', ',', ',', ',', ',', ',']
2020-08-09 22:04:42,270 	Source:     ok , what type of restaurant are you looking for ?
2020-08-09 22:04:42,270 	Reference:  ok . welche art von restaurant suchen sie denn genau ?
2020-08-09 22:04:42,270 	Hypothesis: , , , , , , , , , , , , ,
2020-08-09 22:04:42,270 Validation result (greedy) at epoch   3, step      200: bleu:   0.00, loss: 32265.0312, ppl: 154.6881, duration: 4.5802s
2020-08-09 22:04:48,400 Epoch   3: total training loss 472.62
2020-08-09 22:04:48,400 EPOCH 4
2020-08-09 22:04:48,672 Epoch   4 Step:      300 Batch Loss:     4.217006 Tokens per Sec:     6021, Lr: 0.000200
2020-08-09 22:04:54,668 Epoch   4: total training loss 448.63
2020-08-09 22:04:54,668 EPOCH 5
2020-08-09 22:04:54,999 Epoch   5 Step:      400 Batch Loss:     3.782449 Tokens per Sec:     9044, Lr: 0.000200
2020-08-09 22:05:05,457 Hooray! New best validation result [ppl]!
2020-08-09 22:05:05,457 Saving new checkpoint.
2020-08-09 22:05:05,590 Example #0
2020-08-09 22:05:05,590 	Raw source:     ['hello', '.']
2020-08-09 22:05:05,590 	Raw hypothesis: ['ja', '.']
2020-08-09 22:05:05,590 	Source:     hello .
2020-08-09 22:05:05,591 	Reference:  hallo ,
2020-08-09 22:05:05,591 	Hypothesis: ja .
2020-08-09 22:05:05,591 Example #1
2020-08-09 22:05:05,591 	Raw source:     ['hi', ',', 'how', 'can', 'i', 'help', 'you', '?']
2020-08-09 22:05:05,591 	Raw hypothesis: ['ich', 'ich', 'ich', 'ich', 'ich', '?']
2020-08-09 22:05:05,591 	Source:     hi , how can i help you ?
2020-08-09 22:05:05,591 	Reference:  hallo , wie kann ich ihnen helfen ?
2020-08-09 22:05:05,591 	Hypothesis: ich ich ich ich ich ?
2020-08-09 22:05:05,591 Example #2
2020-08-09 22:05:05,591 	Raw source:     ['hi', ',', 'i', '&apos;m', 'looking', 'for', 'a', 'restaurant', 'inside', 'the', 'arden', 'fair', 'mall', 'in', 'san', 'francisco', ',', 'california', '.']
2020-08-09 22:05:05,591 	Raw hypothesis: ['ich', 'ich', 'ich', 'ich', 'ich', 'ich', 'ich', 'ich', 'ich', 'ich', 'ich', 'ich', 'ich', 'ich', 'ich', 'ich', 'ich', 'ich', 'ich', 'ich', 'ich', 'ich', 'ich', '.']
2020-08-09 22:05:05,591 	Source:     hi , i &apos;m looking for a restaurant inside the arden fair mall in san francisco , california .
2020-08-09 22:05:05,591 	Reference:  hallo , ich bin auf der suche nach einem restaurant im arden fair einkaufszentrum in san francisco , kalifornien .
2020-08-09 22:05:05,591 	Hypothesis: ich ich ich ich ich ich ich ich ich ich ich ich ich ich ich ich ich ich ich ich ich ich ich .
2020-08-09 22:05:05,591 Example #3
2020-08-09 22:05:05,591 	Raw source:     ['ok', ',', 'what', 'type', 'of', 'restaurant', 'are', 'you', 'looking', 'for', '?']
2020-08-09 22:05:05,591 	Raw hypothesis: ['okay', ',', 'sie', 'sie', 'sie', 'sie', 'sie', '?']
2020-08-09 22:05:05,591 	Source:     ok , what type of restaurant are you looking for ?
2020-08-09 22:05:05,591 	Reference:  ok . welche art von restaurant suchen sie denn genau ?
2020-08-09 22:05:05,591 	Hypothesis: okay , sie sie sie sie sie ?
2020-08-09 22:05:05,591 Validation result (greedy) at epoch   5, step      400: bleu:   0.00, loss: 29203.9785, ppl:  95.8823, duration: 10.5921s
2020-08-09 22:05:11,850 Epoch   5: total training loss 429.48
2020-08-09 22:05:11,850 EPOCH 6
2020-08-09 22:05:12,190 Epoch   6 Step:      500 Batch Loss:     3.540630 Tokens per Sec:     8915, Lr: 0.000200
2020-08-09 22:05:18,270 Epoch   6: total training loss 399.48
2020-08-09 22:05:18,270 EPOCH 7
2020-08-09 22:05:18,730 Epoch   7 Step:      600 Batch Loss:     3.309458 Tokens per Sec:    10409, Lr: 0.000200
2020-08-09 22:05:28,990 Hooray! New best validation result [ppl]!
2020-08-09 22:05:28,990 Saving new checkpoint.
2020-08-09 22:05:29,110 Example #0
2020-08-09 22:05:29,110 	Raw source:     ['hello', '.']
2020-08-09 22:05:29,110 	Raw hypothesis: ['hallo', ',']
2020-08-09 22:05:29,110 	Source:     hello .
2020-08-09 22:05:29,110 	Reference:  hallo ,
2020-08-09 22:05:29,110 	Hypothesis: hallo ,
2020-08-09 22:05:29,110 Example #1
2020-08-09 22:05:29,110 	Raw source:     ['hi', ',', 'how', 'can', 'i', 'help', 'you', '?']
2020-08-09 22:05:29,111 	Raw hypothesis: ['hallo', ',', 'ich', 'ich', 'ihnen', 'ihnen', '?']
2020-08-09 22:05:29,111 	Source:     hi , how can i help you ?
2020-08-09 22:05:29,111 	Reference:  hallo , wie kann ich ihnen helfen ?
2020-08-09 22:05:29,111 	Hypothesis: hallo , ich ich ihnen ihnen ?
2020-08-09 22:05:29,111 Example #2
2020-08-09 22:05:29,111 	Raw source:     ['hi', ',', 'i', '&apos;m', 'looking', 'for', 'a', 'restaurant', 'inside', 'the', 'arden', 'fair', 'mall', 'in', 'san', 'francisco', ',', 'california', '.']
2020-08-09 22:05:29,111 	Raw hypothesis: ['ich', 'ich', 'ich', 'möchte', 'einen', 'einen', 'einen', 'einen', 'einen', 'einen', 'einen', 'einen', 'einen', 'der', 'der', 'der', 'der', 'der', '00', '.']
2020-08-09 22:05:29,111 	Source:     hi , i &apos;m looking for a restaurant inside the arden fair mall in san francisco , california .
2020-08-09 22:05:29,111 	Reference:  hallo , ich bin auf der suche nach einem restaurant im arden fair einkaufszentrum in san francisco , kalifornien .
2020-08-09 22:05:29,111 	Hypothesis: ich ich ich möchte einen einen einen einen einen einen einen einen einen der der der der der 00 .
2020-08-09 22:05:29,111 Example #3
2020-08-09 22:05:29,111 	Raw source:     ['ok', ',', 'what', 'type', 'of', 'restaurant', 'are', 'you', 'looking', 'for', '?']
2020-08-09 22:05:29,111 	Raw hypothesis: ['ok', ',', 'sie', 'sie', 'sie', 'sie', 'sie', '?']
2020-08-09 22:05:29,111 	Source:     ok , what type of restaurant are you looking for ?
2020-08-09 22:05:29,111 	Reference:  ok . welche art von restaurant suchen sie denn genau ?
2020-08-09 22:05:29,111 	Hypothesis: ok , sie sie sie sie sie ?
2020-08-09 22:05:29,111 Validation result (greedy) at epoch   7, step      600: bleu:   0.00, loss: 26893.7949, ppl:  66.8302, duration: 10.3808s
2020-08-09 22:05:34,945 Epoch   7: total training loss 381.22
2020-08-09 22:05:34,946 EPOCH 8
2020-08-09 22:05:35,539 Epoch   8 Step:      700 Batch Loss:     4.272312 Tokens per Sec:     9961, Lr: 0.000200
2020-08-09 22:05:41,261 Epoch   8: total training loss 366.91
2020-08-09 22:05:41,262 EPOCH 9
2020-08-09 22:05:41,919 Epoch   9 Step:      800 Batch Loss:     1.100369 Tokens per Sec:     9121, Lr: 0.000200
2020-08-09 22:05:54,515 Hooray! New best validation result [ppl]!
2020-08-09 22:05:54,515 Saving new checkpoint.
2020-08-09 22:05:54,645 Example #0
2020-08-09 22:05:54,645 	Raw source:     ['hello', '.']
2020-08-09 22:05:54,645 	Raw hypothesis: ['hallo', ',']
2020-08-09 22:05:54,645 	Source:     hello .
2020-08-09 22:05:54,645 	Reference:  hallo ,
2020-08-09 22:05:54,645 	Hypothesis: hallo ,
2020-08-09 22:05:54,645 Example #1
2020-08-09 22:05:54,645 	Raw source:     ['hi', ',', 'how', 'can', 'i', 'help', 'you', '?']
2020-08-09 22:05:54,645 	Raw hypothesis: ['hallo', ',', 'wie', 'kann', 'ich', 'ihnen', 'helfen', '?']
2020-08-09 22:05:54,645 	Source:     hi , how can i help you ?
2020-08-09 22:05:54,645 	Reference:  hallo , wie kann ich ihnen helfen ?
2020-08-09 22:05:54,645 	Hypothesis: hallo , wie kann ich ihnen helfen ?
2020-08-09 22:05:54,646 Example #2
2020-08-09 22:05:54,646 	Raw source:     ['hi', ',', 'i', '&apos;m', 'looking', 'for', 'a', 'restaurant', 'inside', 'the', 'arden', 'fair', 'mall', 'in', 'san', 'francisco', ',', 'california', '.']
2020-08-09 22:05:54,646 	Raw hypothesis: ['ich', 'möchte', 'ein', 'ein', 'ein', 'ein', 'der', 'der', 'der', '00', 'uhr', ',', 'ich', 'möchte', '.']
2020-08-09 22:05:54,646 	Source:     hi , i &apos;m looking for a restaurant inside the arden fair mall in san francisco , california .
2020-08-09 22:05:54,646 	Reference:  hallo , ich bin auf der suche nach einem restaurant im arden fair einkaufszentrum in san francisco , kalifornien .
2020-08-09 22:05:54,646 	Hypothesis: ich möchte ein ein ein ein der der der 00 uhr , ich möchte .
2020-08-09 22:05:54,646 Example #3
2020-08-09 22:05:54,646 	Raw source:     ['ok', ',', 'what', 'type', 'of', 'restaurant', 'are', 'you', 'looking', 'for', '?']
2020-08-09 22:05:54,646 	Raw hypothesis: ['okay', ',', 'welche', 'möchten', 'sie', 'sie', '?']
2020-08-09 22:05:54,646 	Source:     ok , what type of restaurant are you looking for ?
2020-08-09 22:05:54,646 	Reference:  ok . welche art von restaurant suchen sie denn genau ?
2020-08-09 22:05:54,646 	Hypothesis: okay , welche möchten sie sie ?
2020-08-09 22:05:54,646 Validation result (greedy) at epoch   9, step      800: bleu:   4.67, loss: 25046.3379, ppl:  50.0734, duration: 12.7266s
2020-08-09 22:06:00,292 Epoch   9: total training loss 352.32
2020-08-09 22:06:00,292 EPOCH 10
2020-08-09 22:06:01,009 Epoch  10 Step:      900 Batch Loss:     3.995559 Tokens per Sec:    10879, Lr: 0.000200
2020-08-09 22:06:06,638 Epoch  10: total training loss 339.92
2020-08-09 22:06:06,638 EPOCH 11
2020-08-09 22:06:07,418 Epoch  11 Step:     1000 Batch Loss:     3.450088 Tokens per Sec:     9951, Lr: 0.000200
2020-08-09 22:06:17,490 Hooray! New best validation result [ppl]!
2020-08-09 22:06:17,490 Saving new checkpoint.
2020-08-09 22:06:17,621 Example #0
2020-08-09 22:06:17,621 	Raw source:     ['hello', '.']
2020-08-09 22:06:17,621 	Raw hypothesis: ['hallo', ',']
2020-08-09 22:06:17,621 	Source:     hello .
2020-08-09 22:06:17,621 	Reference:  hallo ,
2020-08-09 22:06:17,621 	Hypothesis: hallo ,
2020-08-09 22:06:17,621 Example #1
2020-08-09 22:06:17,621 	Raw source:     ['hi', ',', 'how', 'can', 'i', 'help', 'you', '?']
2020-08-09 22:06:17,621 	Raw hypothesis: ['hallo', ',', 'wie', 'kann', 'ich', 'ihnen', 'helfen', '?']
2020-08-09 22:06:17,621 	Source:     hi , how can i help you ?
2020-08-09 22:06:17,621 	Reference:  hallo , wie kann ich ihnen helfen ?
2020-08-09 22:06:17,621 	Hypothesis: hallo , wie kann ich ihnen helfen ?
2020-08-09 22:06:17,621 Example #2
2020-08-09 22:06:17,621 	Raw source:     ['hi', ',', 'i', '&apos;m', 'looking', 'for', 'a', 'restaurant', 'inside', 'the', 'arden', 'fair', 'mall', 'in', 'san', 'francisco', ',', 'california', '.']
2020-08-09 22:06:17,621 	Raw hypothesis: ['hallo', ',', 'ich', 'möchte', 'ein', 'ein', 'restaurant', 'in', 'der', 'der', 'der', 'der', 'san', 'francisco', ',', 'der', 'san', '.']
2020-08-09 22:06:17,622 	Source:     hi , i &apos;m looking for a restaurant inside the arden fair mall in san francisco , california .
2020-08-09 22:06:17,622 	Reference:  hallo , ich bin auf der suche nach einem restaurant im arden fair einkaufszentrum in san francisco , kalifornien .
2020-08-09 22:06:17,622 	Hypothesis: hallo , ich möchte ein ein restaurant in der der der der san francisco , der san .
2020-08-09 22:06:17,622 Example #3
2020-08-09 22:06:17,622 	Raw source:     ['ok', ',', 'what', 'type', 'of', 'restaurant', 'are', 'you', 'looking', 'for', '?']
2020-08-09 22:06:17,622 	Raw hypothesis: ['ok', ',', 'welche', 'möchten', 'sie', '?']
2020-08-09 22:06:17,622 	Source:     ok , what type of restaurant are you looking for ?
2020-08-09 22:06:17,622 	Reference:  ok . welche art von restaurant suchen sie denn genau ?
2020-08-09 22:06:17,622 	Hypothesis: ok , welche möchten sie ?
2020-08-09 22:06:17,622 Validation result (greedy) at epoch  11, step     1000: bleu:   6.57, loss: 23481.7500, ppl:  39.2136, duration: 10.2038s
2020-08-09 22:06:23,166 Epoch  11: total training loss 320.58
2020-08-09 22:06:23,166 EPOCH 12
2020-08-09 22:06:24,082 Epoch  12 Step:     1100 Batch Loss:     3.204477 Tokens per Sec:     9898, Lr: 0.000200
2020-08-09 22:06:29,558 Epoch  12: total training loss 318.87
2020-08-09 22:06:29,559 EPOCH 13
2020-08-09 22:06:30,476 Epoch  13 Step:     1200 Batch Loss:     3.421743 Tokens per Sec:    10649, Lr: 0.000200
2020-08-09 22:06:37,773 Hooray! New best validation result [ppl]!
2020-08-09 22:06:37,773 Saving new checkpoint.
2020-08-09 22:06:37,902 Example #0
2020-08-09 22:06:37,902 	Raw source:     ['hello', '.']
2020-08-09 22:06:37,902 	Raw hypothesis: ['hallo', ',']
2020-08-09 22:06:37,902 	Source:     hello .
2020-08-09 22:06:37,902 	Reference:  hallo ,
2020-08-09 22:06:37,902 	Hypothesis: hallo ,
2020-08-09 22:06:37,902 Example #1
2020-08-09 22:06:37,902 	Raw source:     ['hi', ',', 'how', 'can', 'i', 'help', 'you', '?']
2020-08-09 22:06:37,902 	Raw hypothesis: ['hallo', ',', 'wie', 'kann', 'ich', 'ihnen', 'helfen', '?']
2020-08-09 22:06:37,902 	Source:     hi , how can i help you ?
2020-08-09 22:06:37,902 	Reference:  hallo , wie kann ich ihnen helfen ?
2020-08-09 22:06:37,902 	Hypothesis: hallo , wie kann ich ihnen helfen ?
2020-08-09 22:06:37,902 Example #2
2020-08-09 22:06:37,902 	Raw source:     ['hi', ',', 'i', '&apos;m', 'looking', 'for', 'a', 'restaurant', 'inside', 'the', 'arden', 'fair', 'mall', 'in', 'san', 'francisco', ',', 'california', '.']
2020-08-09 22:06:37,902 	Raw hypothesis: ['hallo', ',', 'ich', 'möchte', 'ein', 'paar', 'pizzen', 'in', 'san', 'francisco', ',', 'der', 'san', 'francisco', ',', 'der', 'san', 'francisco', ',', 'der', 'san', 'francisco', '.']
2020-08-09 22:06:37,902 	Source:     hi , i &apos;m looking for a restaurant inside the arden fair mall in san francisco , california .
2020-08-09 22:06:37,902 	Reference:  hallo , ich bin auf der suche nach einem restaurant im arden fair einkaufszentrum in san francisco , kalifornien .
2020-08-09 22:06:37,902 	Hypothesis: hallo , ich möchte ein paar pizzen in san francisco , der san francisco , der san francisco , der san francisco .
2020-08-09 22:06:37,902 Example #3
2020-08-09 22:06:37,903 	Raw source:     ['ok', ',', 'what', 'type', 'of', 'restaurant', 'are', 'you', 'looking', 'for', '?']
2020-08-09 22:06:37,903 	Raw hypothesis: ['ok', ',', 'welche', 'art', 'von', 'art', 'von', 'art', 'möchten', 'sie', '?']
2020-08-09 22:06:37,903 	Source:     ok , what type of restaurant are you looking for ?
2020-08-09 22:06:37,903 	Reference:  ok . welche art von restaurant suchen sie denn genau ?
2020-08-09 22:06:37,903 	Hypothesis: ok , welche art von art von art möchten sie ?
2020-08-09 22:06:37,903 Validation result (greedy) at epoch  13, step     1200: bleu:   9.28, loss: 22451.4004, ppl:  33.3825, duration: 7.4268s
2020-08-09 22:06:43,389 Epoch  13: total training loss 307.15
2020-08-09 22:06:43,389 EPOCH 14
2020-08-09 22:06:44,281 Epoch  14 Step:     1300 Batch Loss:     0.778645 Tokens per Sec:     9874, Lr: 0.000200
2020-08-09 22:06:49,643 Epoch  14: total training loss 294.81
2020-08-09 22:06:49,643 EPOCH 15
2020-08-09 22:06:50,627 Epoch  15 Step:     1400 Batch Loss:     2.251310 Tokens per Sec:     9857, Lr: 0.000200
2020-08-09 22:06:58,700 Hooray! New best validation result [ppl]!
2020-08-09 22:06:58,700 Saving new checkpoint.
2020-08-09 22:06:58,828 Example #0
2020-08-09 22:06:58,828 	Raw source:     ['hello', '.']
2020-08-09 22:06:58,828 	Raw hypothesis: ['hallo', ',']
2020-08-09 22:06:58,828 	Source:     hello .
2020-08-09 22:06:58,828 	Reference:  hallo ,
2020-08-09 22:06:58,828 	Hypothesis: hallo ,
2020-08-09 22:06:58,828 Example #1
2020-08-09 22:06:58,828 	Raw source:     ['hi', ',', 'how', 'can', 'i', 'help', 'you', '?']
2020-08-09 22:06:58,828 	Raw hypothesis: ['hallo', ',', 'wie', 'kann', 'ich', 'ihnen', 'helfen', '?']
2020-08-09 22:06:58,828 	Source:     hi , how can i help you ?
2020-08-09 22:06:58,829 	Reference:  hallo , wie kann ich ihnen helfen ?
2020-08-09 22:06:58,829 	Hypothesis: hallo , wie kann ich ihnen helfen ?
2020-08-09 22:06:58,829 Example #2
2020-08-09 22:06:58,829 	Raw source:     ['hi', ',', 'i', '&apos;m', 'looking', 'for', 'a', 'restaurant', 'inside', 'the', 'arden', 'fair', 'mall', 'in', 'san', 'francisco', ',', 'california', '.']
2020-08-09 22:06:58,829 	Raw hypothesis: ['hallo', ',', 'ich', 'möchte', 'ein', 'paar', 'restaurant', 'in', 'san', 'francisco', ',', 'der', 'san', 'francisco', ',', 'kalifornien', '.']
2020-08-09 22:06:58,829 	Source:     hi , i &apos;m looking for a restaurant inside the arden fair mall in san francisco , california .
2020-08-09 22:06:58,829 	Reference:  hallo , ich bin auf der suche nach einem restaurant im arden fair einkaufszentrum in san francisco , kalifornien .
2020-08-09 22:06:58,829 	Hypothesis: hallo , ich möchte ein paar restaurant in san francisco , der san francisco , kalifornien .
2020-08-09 22:06:58,829 Example #3
2020-08-09 22:06:58,829 	Raw source:     ['ok', ',', 'what', 'type', 'of', 'restaurant', 'are', 'you', 'looking', 'for', '?']
2020-08-09 22:06:58,829 	Raw hypothesis: ['ok', ',', 'welche', 'art', 'von', 'pizzen', 'sie', '?']
2020-08-09 22:06:58,829 	Source:     ok , what type of restaurant are you looking for ?
2020-08-09 22:06:58,829 	Reference:  ok . welche art von restaurant suchen sie denn genau ?
2020-08-09 22:06:58,829 	Hypothesis: ok , welche art von pizzen sie ?
2020-08-09 22:06:58,829 Validation result (greedy) at epoch  15, step     1400: bleu:  10.70, loss: 21522.3770, ppl:  28.8720, duration: 8.2022s
2020-08-09 22:07:04,403 Epoch  15: total training loss 277.31
2020-08-09 22:07:04,404 EPOCH 16
2020-08-09 22:07:05,474 Epoch  16 Step:     1500 Batch Loss:     3.815644 Tokens per Sec:    10118, Lr: 0.000200
2020-08-09 22:07:10,539 Epoch  16: total training loss 272.02
2020-08-09 22:07:10,539 EPOCH 17
2020-08-09 22:07:11,772 Epoch  17 Step:     1600 Batch Loss:     1.877471 Tokens per Sec:     9271, Lr: 0.000200
2020-08-09 22:07:19,888 Hooray! New best validation result [ppl]!
2020-08-09 22:07:19,888 Saving new checkpoint.
2020-08-09 22:07:20,017 Example #0
2020-08-09 22:07:20,017 	Raw source:     ['hello', '.']
2020-08-09 22:07:20,017 	Raw hypothesis: ['hallo']
2020-08-09 22:07:20,017 	Source:     hello .
2020-08-09 22:07:20,017 	Reference:  hallo ,
2020-08-09 22:07:20,017 	Hypothesis: hallo
2020-08-09 22:07:20,017 Example #1
2020-08-09 22:07:20,018 	Raw source:     ['hi', ',', 'how', 'can', 'i', 'help', 'you', '?']
2020-08-09 22:07:20,018 	Raw hypothesis: ['hallo', ',', 'wie', 'kann', 'ich', 'ihnen', 'helfen', '?']
2020-08-09 22:07:20,018 	Source:     hi , how can i help you ?
2020-08-09 22:07:20,018 	Reference:  hallo , wie kann ich ihnen helfen ?
2020-08-09 22:07:20,018 	Hypothesis: hallo , wie kann ich ihnen helfen ?
2020-08-09 22:07:20,018 Example #2
2020-08-09 22:07:20,018 	Raw source:     ['hi', ',', 'i', '&apos;m', 'looking', 'for', 'a', 'restaurant', 'inside', 'the', 'arden', 'fair', 'mall', 'in', 'san', 'francisco', ',', 'california', '.']
2020-08-09 22:07:20,018 	Raw hypothesis: ['hallo', ',', 'ich', 'möchte', 'ein', 'paar', 'restaurant', 'in', 'san', 'francisco', ',', 'kalifornien', ',', 'kalifornien', '.']
2020-08-09 22:07:20,018 	Source:     hi , i &apos;m looking for a restaurant inside the arden fair mall in san francisco , california .
2020-08-09 22:07:20,018 	Reference:  hallo , ich bin auf der suche nach einem restaurant im arden fair einkaufszentrum in san francisco , kalifornien .
2020-08-09 22:07:20,018 	Hypothesis: hallo , ich möchte ein paar restaurant in san francisco , kalifornien , kalifornien .
2020-08-09 22:07:20,018 Example #3
2020-08-09 22:07:20,018 	Raw source:     ['ok', ',', 'what', 'type', 'of', 'restaurant', 'are', 'you', 'looking', 'for', '?']
2020-08-09 22:07:20,018 	Raw hypothesis: ['ok', ',', 'welche', 'art', 'von', 'restaurant', 'haben', 'sie', '?']
2020-08-09 22:07:20,018 	Source:     ok , what type of restaurant are you looking for ?
2020-08-09 22:07:20,018 	Reference:  ok . welche art von restaurant suchen sie denn genau ?
2020-08-09 22:07:20,018 	Hypothesis: ok , welche art von restaurant haben sie ?
2020-08-09 22:07:20,018 Validation result (greedy) at epoch  17, step     1600: bleu:  12.18, loss: 20631.1367, ppl:  25.1188, duration: 8.2459s
2020-08-09 22:07:25,083 Epoch  17: total training loss 259.87
2020-08-09 22:07:25,084 EPOCH 18
2020-08-09 22:07:26,287 Epoch  18 Step:     1700 Batch Loss:     2.112308 Tokens per Sec:    10539, Lr: 0.000200
2020-08-09 22:07:31,253 Epoch  18: total training loss 253.46
2020-08-09 22:07:31,253 EPOCH 19
2020-08-09 22:07:32,511 Epoch  19 Step:     1800 Batch Loss:     3.738944 Tokens per Sec:    10521, Lr: 0.000200
2020-08-09 22:07:40,928 Hooray! New best validation result [ppl]!
2020-08-09 22:07:40,928 Saving new checkpoint.
2020-08-09 22:07:41,055 Example #0
2020-08-09 22:07:41,055 	Raw source:     ['hello', '.']
2020-08-09 22:07:41,055 	Raw hypothesis: ['hallo', ',']
2020-08-09 22:07:41,055 	Source:     hello .
2020-08-09 22:07:41,055 	Reference:  hallo ,
2020-08-09 22:07:41,056 	Hypothesis: hallo ,
2020-08-09 22:07:41,056 Example #1
2020-08-09 22:07:41,056 	Raw source:     ['hi', ',', 'how', 'can', 'i', 'help', 'you', '?']
2020-08-09 22:07:41,056 	Raw hypothesis: ['hallo', ',', 'wie', 'kann', 'ich', 'ihnen', 'helfen', '?']
2020-08-09 22:07:41,056 	Source:     hi , how can i help you ?
2020-08-09 22:07:41,056 	Reference:  hallo , wie kann ich ihnen helfen ?
2020-08-09 22:07:41,056 	Hypothesis: hallo , wie kann ich ihnen helfen ?
2020-08-09 22:07:41,056 Example #2
2020-08-09 22:07:41,056 	Raw source:     ['hi', ',', 'i', '&apos;m', 'looking', 'for', 'a', 'restaurant', 'inside', 'the', 'arden', 'fair', 'mall', 'in', 'san', 'francisco', ',', 'california', '.']
2020-08-09 22:07:41,056 	Raw hypothesis: ['hallo', ',', 'ich', 'möchte', 'ein', 'restaurant', 'in', 'der', 'nähe', 'in', 'san', 'francisco', 'francisco', ',', 'kalifornien', '.']
2020-08-09 22:07:41,056 	Source:     hi , i &apos;m looking for a restaurant inside the arden fair mall in san francisco , california .
2020-08-09 22:07:41,056 	Reference:  hallo , ich bin auf der suche nach einem restaurant im arden fair einkaufszentrum in san francisco , kalifornien .
2020-08-09 22:07:41,056 	Hypothesis: hallo , ich möchte ein restaurant in der nähe in san francisco francisco , kalifornien .
2020-08-09 22:07:41,056 Example #3
2020-08-09 22:07:41,056 	Raw source:     ['ok', ',', 'what', 'type', 'of', 'restaurant', 'are', 'you', 'looking', 'for', '?']
2020-08-09 22:07:41,056 	Raw hypothesis: ['ok', ',', 'welche', 'art', 'von', 'restaurant', 'möchten', 'sie', '?']
2020-08-09 22:07:41,056 	Source:     ok , what type of restaurant are you looking for ?
2020-08-09 22:07:41,056 	Reference:  ok . welche art von restaurant suchen sie denn genau ?
2020-08-09 22:07:41,056 	Hypothesis: ok , welche art von restaurant möchten sie ?
2020-08-09 22:07:41,056 Validation result (greedy) at epoch  19, step     1800: bleu:  13.21, loss: 19970.4180, ppl:  22.6549, duration: 8.5447s
2020-08-09 22:07:45,955 Epoch  19: total training loss 241.23
2020-08-09 22:07:45,956 EPOCH 20
2020-08-09 22:07:47,357 Epoch  20 Step:     1900 Batch Loss:     2.895212 Tokens per Sec:    10241, Lr: 0.000200
2020-08-09 22:07:52,183 Epoch  20: total training loss 239.83
2020-08-09 22:07:52,183 Training ended after  20 epochs.
2020-08-09 22:07:52,183 Best validation result (greedy) at step     1800:  22.65 ppl.
