2020-08-10 10:48:46,261 Hello! This is Joey-NMT.
2020-08-10 10:48:47,685 Total params: 9944832
2020-08-10 10:48:47,687 Trainable parameters: ['decoder.layer_norm.bias', 'decoder.layer_norm.weight', 'decoder.layers.0.dec_layer_norm.bias', 'decoder.layers.0.dec_layer_norm.weight', 'decoder.layers.0.feed_forward.layer_norm.bias', 'decoder.layers.0.feed_forward.layer_norm.weight', 'decoder.layers.0.feed_forward.pwff_layer.0.bias', 'decoder.layers.0.feed_forward.pwff_layer.0.weight', 'decoder.layers.0.feed_forward.pwff_layer.3.bias', 'decoder.layers.0.feed_forward.pwff_layer.3.weight', 'decoder.layers.0.src_trg_att.k_layer.bias', 'decoder.layers.0.src_trg_att.k_layer.weight', 'decoder.layers.0.src_trg_att.output_layer.bias', 'decoder.layers.0.src_trg_att.output_layer.weight', 'decoder.layers.0.src_trg_att.q_layer.bias', 'decoder.layers.0.src_trg_att.q_layer.weight', 'decoder.layers.0.src_trg_att.v_layer.bias', 'decoder.layers.0.src_trg_att.v_layer.weight', 'decoder.layers.0.trg_trg_att.k_layer.bias', 'decoder.layers.0.trg_trg_att.k_layer.weight', 'decoder.layers.0.trg_trg_att.output_layer.bias', 'decoder.layers.0.trg_trg_att.output_layer.weight', 'decoder.layers.0.trg_trg_att.q_layer.bias', 'decoder.layers.0.trg_trg_att.q_layer.weight', 'decoder.layers.0.trg_trg_att.v_layer.bias', 'decoder.layers.0.trg_trg_att.v_layer.weight', 'decoder.layers.0.x_layer_norm.bias', 'decoder.layers.0.x_layer_norm.weight', 'decoder.layers.1.dec_layer_norm.bias', 'decoder.layers.1.dec_layer_norm.weight', 'decoder.layers.1.feed_forward.layer_norm.bias', 'decoder.layers.1.feed_forward.layer_norm.weight', 'decoder.layers.1.feed_forward.pwff_layer.0.bias', 'decoder.layers.1.feed_forward.pwff_layer.0.weight', 'decoder.layers.1.feed_forward.pwff_layer.3.bias', 'decoder.layers.1.feed_forward.pwff_layer.3.weight', 'decoder.layers.1.src_trg_att.k_layer.bias', 'decoder.layers.1.src_trg_att.k_layer.weight', 'decoder.layers.1.src_trg_att.output_layer.bias', 'decoder.layers.1.src_trg_att.output_layer.weight', 'decoder.layers.1.src_trg_att.q_layer.bias', 'decoder.layers.1.src_trg_att.q_layer.weight', 'decoder.layers.1.src_trg_att.v_layer.bias', 'decoder.layers.1.src_trg_att.v_layer.weight', 'decoder.layers.1.trg_trg_att.k_layer.bias', 'decoder.layers.1.trg_trg_att.k_layer.weight', 'decoder.layers.1.trg_trg_att.output_layer.bias', 'decoder.layers.1.trg_trg_att.output_layer.weight', 'decoder.layers.1.trg_trg_att.q_layer.bias', 'decoder.layers.1.trg_trg_att.q_layer.weight', 'decoder.layers.1.trg_trg_att.v_layer.bias', 'decoder.layers.1.trg_trg_att.v_layer.weight', 'decoder.layers.1.x_layer_norm.bias', 'decoder.layers.1.x_layer_norm.weight', 'decoder.layers.2.dec_layer_norm.bias', 'decoder.layers.2.dec_layer_norm.weight', 'decoder.layers.2.feed_forward.layer_norm.bias', 'decoder.layers.2.feed_forward.layer_norm.weight', 'decoder.layers.2.feed_forward.pwff_layer.0.bias', 'decoder.layers.2.feed_forward.pwff_layer.0.weight', 'decoder.layers.2.feed_forward.pwff_layer.3.bias', 'decoder.layers.2.feed_forward.pwff_layer.3.weight', 'decoder.layers.2.src_trg_att.k_layer.bias', 'decoder.layers.2.src_trg_att.k_layer.weight', 'decoder.layers.2.src_trg_att.output_layer.bias', 'decoder.layers.2.src_trg_att.output_layer.weight', 'decoder.layers.2.src_trg_att.q_layer.bias', 'decoder.layers.2.src_trg_att.q_layer.weight', 'decoder.layers.2.src_trg_att.v_layer.bias', 'decoder.layers.2.src_trg_att.v_layer.weight', 'decoder.layers.2.trg_trg_att.k_layer.bias', 'decoder.layers.2.trg_trg_att.k_layer.weight', 'decoder.layers.2.trg_trg_att.output_layer.bias', 'decoder.layers.2.trg_trg_att.output_layer.weight', 'decoder.layers.2.trg_trg_att.q_layer.bias', 'decoder.layers.2.trg_trg_att.q_layer.weight', 'decoder.layers.2.trg_trg_att.v_layer.bias', 'decoder.layers.2.trg_trg_att.v_layer.weight', 'decoder.layers.2.x_layer_norm.bias', 'decoder.layers.2.x_layer_norm.weight', 'decoder.layers.3.dec_layer_norm.bias', 'decoder.layers.3.dec_layer_norm.weight', 'decoder.layers.3.feed_forward.layer_norm.bias', 'decoder.layers.3.feed_forward.layer_norm.weight', 'decoder.layers.3.feed_forward.pwff_layer.0.bias', 'decoder.layers.3.feed_forward.pwff_layer.0.weight', 'decoder.layers.3.feed_forward.pwff_layer.3.bias', 'decoder.layers.3.feed_forward.pwff_layer.3.weight', 'decoder.layers.3.src_trg_att.k_layer.bias', 'decoder.layers.3.src_trg_att.k_layer.weight', 'decoder.layers.3.src_trg_att.output_layer.bias', 'decoder.layers.3.src_trg_att.output_layer.weight', 'decoder.layers.3.src_trg_att.q_layer.bias', 'decoder.layers.3.src_trg_att.q_layer.weight', 'decoder.layers.3.src_trg_att.v_layer.bias', 'decoder.layers.3.src_trg_att.v_layer.weight', 'decoder.layers.3.trg_trg_att.k_layer.bias', 'decoder.layers.3.trg_trg_att.k_layer.weight', 'decoder.layers.3.trg_trg_att.output_layer.bias', 'decoder.layers.3.trg_trg_att.output_layer.weight', 'decoder.layers.3.trg_trg_att.q_layer.bias', 'decoder.layers.3.trg_trg_att.q_layer.weight', 'decoder.layers.3.trg_trg_att.v_layer.bias', 'decoder.layers.3.trg_trg_att.v_layer.weight', 'decoder.layers.3.x_layer_norm.bias', 'decoder.layers.3.x_layer_norm.weight', 'decoder.layers.4.dec_layer_norm.bias', 'decoder.layers.4.dec_layer_norm.weight', 'decoder.layers.4.feed_forward.layer_norm.bias', 'decoder.layers.4.feed_forward.layer_norm.weight', 'decoder.layers.4.feed_forward.pwff_layer.0.bias', 'decoder.layers.4.feed_forward.pwff_layer.0.weight', 'decoder.layers.4.feed_forward.pwff_layer.3.bias', 'decoder.layers.4.feed_forward.pwff_layer.3.weight', 'decoder.layers.4.src_trg_att.k_layer.bias', 'decoder.layers.4.src_trg_att.k_layer.weight', 'decoder.layers.4.src_trg_att.output_layer.bias', 'decoder.layers.4.src_trg_att.output_layer.weight', 'decoder.layers.4.src_trg_att.q_layer.bias', 'decoder.layers.4.src_trg_att.q_layer.weight', 'decoder.layers.4.src_trg_att.v_layer.bias', 'decoder.layers.4.src_trg_att.v_layer.weight', 'decoder.layers.4.trg_trg_att.k_layer.bias', 'decoder.layers.4.trg_trg_att.k_layer.weight', 'decoder.layers.4.trg_trg_att.output_layer.bias', 'decoder.layers.4.trg_trg_att.output_layer.weight', 'decoder.layers.4.trg_trg_att.q_layer.bias', 'decoder.layers.4.trg_trg_att.q_layer.weight', 'decoder.layers.4.trg_trg_att.v_layer.bias', 'decoder.layers.4.trg_trg_att.v_layer.weight', 'decoder.layers.4.x_layer_norm.bias', 'decoder.layers.4.x_layer_norm.weight', 'decoder.layers.5.dec_layer_norm.bias', 'decoder.layers.5.dec_layer_norm.weight', 'decoder.layers.5.feed_forward.layer_norm.bias', 'decoder.layers.5.feed_forward.layer_norm.weight', 'decoder.layers.5.feed_forward.pwff_layer.0.bias', 'decoder.layers.5.feed_forward.pwff_layer.0.weight', 'decoder.layers.5.feed_forward.pwff_layer.3.bias', 'decoder.layers.5.feed_forward.pwff_layer.3.weight', 'decoder.layers.5.src_trg_att.k_layer.bias', 'decoder.layers.5.src_trg_att.k_layer.weight', 'decoder.layers.5.src_trg_att.output_layer.bias', 'decoder.layers.5.src_trg_att.output_layer.weight', 'decoder.layers.5.src_trg_att.q_layer.bias', 'decoder.layers.5.src_trg_att.q_layer.weight', 'decoder.layers.5.src_trg_att.v_layer.bias', 'decoder.layers.5.src_trg_att.v_layer.weight', 'decoder.layers.5.trg_trg_att.k_layer.bias', 'decoder.layers.5.trg_trg_att.k_layer.weight', 'decoder.layers.5.trg_trg_att.output_layer.bias', 'decoder.layers.5.trg_trg_att.output_layer.weight', 'decoder.layers.5.trg_trg_att.q_layer.bias', 'decoder.layers.5.trg_trg_att.q_layer.weight', 'decoder.layers.5.trg_trg_att.v_layer.bias', 'decoder.layers.5.trg_trg_att.v_layer.weight', 'decoder.layers.5.x_layer_norm.bias', 'decoder.layers.5.x_layer_norm.weight', 'encoder.layer_norm.bias', 'encoder.layer_norm.weight', 'encoder.layers.0.feed_forward.layer_norm.bias', 'encoder.layers.0.feed_forward.layer_norm.weight', 'encoder.layers.0.feed_forward.pwff_layer.0.bias', 'encoder.layers.0.feed_forward.pwff_layer.0.weight', 'encoder.layers.0.feed_forward.pwff_layer.3.bias', 'encoder.layers.0.feed_forward.pwff_layer.3.weight', 'encoder.layers.0.layer_norm.bias', 'encoder.layers.0.layer_norm.weight', 'encoder.layers.0.src_src_att.k_layer.bias', 'encoder.layers.0.src_src_att.k_layer.weight', 'encoder.layers.0.src_src_att.output_layer.bias', 'encoder.layers.0.src_src_att.output_layer.weight', 'encoder.layers.0.src_src_att.q_layer.bias', 'encoder.layers.0.src_src_att.q_layer.weight', 'encoder.layers.0.src_src_att.v_layer.bias', 'encoder.layers.0.src_src_att.v_layer.weight', 'encoder.layers.1.feed_forward.layer_norm.bias', 'encoder.layers.1.feed_forward.layer_norm.weight', 'encoder.layers.1.feed_forward.pwff_layer.0.bias', 'encoder.layers.1.feed_forward.pwff_layer.0.weight', 'encoder.layers.1.feed_forward.pwff_layer.3.bias', 'encoder.layers.1.feed_forward.pwff_layer.3.weight', 'encoder.layers.1.layer_norm.bias', 'encoder.layers.1.layer_norm.weight', 'encoder.layers.1.src_src_att.k_layer.bias', 'encoder.layers.1.src_src_att.k_layer.weight', 'encoder.layers.1.src_src_att.output_layer.bias', 'encoder.layers.1.src_src_att.output_layer.weight', 'encoder.layers.1.src_src_att.q_layer.bias', 'encoder.layers.1.src_src_att.q_layer.weight', 'encoder.layers.1.src_src_att.v_layer.bias', 'encoder.layers.1.src_src_att.v_layer.weight', 'encoder.layers.2.feed_forward.layer_norm.bias', 'encoder.layers.2.feed_forward.layer_norm.weight', 'encoder.layers.2.feed_forward.pwff_layer.0.bias', 'encoder.layers.2.feed_forward.pwff_layer.0.weight', 'encoder.layers.2.feed_forward.pwff_layer.3.bias', 'encoder.layers.2.feed_forward.pwff_layer.3.weight', 'encoder.layers.2.layer_norm.bias', 'encoder.layers.2.layer_norm.weight', 'encoder.layers.2.src_src_att.k_layer.bias', 'encoder.layers.2.src_src_att.k_layer.weight', 'encoder.layers.2.src_src_att.output_layer.bias', 'encoder.layers.2.src_src_att.output_layer.weight', 'encoder.layers.2.src_src_att.q_layer.bias', 'encoder.layers.2.src_src_att.q_layer.weight', 'encoder.layers.2.src_src_att.v_layer.bias', 'encoder.layers.2.src_src_att.v_layer.weight', 'encoder.layers.3.feed_forward.layer_norm.bias', 'encoder.layers.3.feed_forward.layer_norm.weight', 'encoder.layers.3.feed_forward.pwff_layer.0.bias', 'encoder.layers.3.feed_forward.pwff_layer.0.weight', 'encoder.layers.3.feed_forward.pwff_layer.3.bias', 'encoder.layers.3.feed_forward.pwff_layer.3.weight', 'encoder.layers.3.layer_norm.bias', 'encoder.layers.3.layer_norm.weight', 'encoder.layers.3.src_src_att.k_layer.bias', 'encoder.layers.3.src_src_att.k_layer.weight', 'encoder.layers.3.src_src_att.output_layer.bias', 'encoder.layers.3.src_src_att.output_layer.weight', 'encoder.layers.3.src_src_att.q_layer.bias', 'encoder.layers.3.src_src_att.q_layer.weight', 'encoder.layers.3.src_src_att.v_layer.bias', 'encoder.layers.3.src_src_att.v_layer.weight', 'encoder.layers.4.feed_forward.layer_norm.bias', 'encoder.layers.4.feed_forward.layer_norm.weight', 'encoder.layers.4.feed_forward.pwff_layer.0.bias', 'encoder.layers.4.feed_forward.pwff_layer.0.weight', 'encoder.layers.4.feed_forward.pwff_layer.3.bias', 'encoder.layers.4.feed_forward.pwff_layer.3.weight', 'encoder.layers.4.layer_norm.bias', 'encoder.layers.4.layer_norm.weight', 'encoder.layers.4.src_src_att.k_layer.bias', 'encoder.layers.4.src_src_att.k_layer.weight', 'encoder.layers.4.src_src_att.output_layer.bias', 'encoder.layers.4.src_src_att.output_layer.weight', 'encoder.layers.4.src_src_att.q_layer.bias', 'encoder.layers.4.src_src_att.q_layer.weight', 'encoder.layers.4.src_src_att.v_layer.bias', 'encoder.layers.4.src_src_att.v_layer.weight', 'encoder.layers.5.feed_forward.layer_norm.bias', 'encoder.layers.5.feed_forward.layer_norm.weight', 'encoder.layers.5.feed_forward.pwff_layer.0.bias', 'encoder.layers.5.feed_forward.pwff_layer.0.weight', 'encoder.layers.5.feed_forward.pwff_layer.3.bias', 'encoder.layers.5.feed_forward.pwff_layer.3.weight', 'encoder.layers.5.layer_norm.bias', 'encoder.layers.5.layer_norm.weight', 'encoder.layers.5.src_src_att.k_layer.bias', 'encoder.layers.5.src_src_att.k_layer.weight', 'encoder.layers.5.src_src_att.output_layer.bias', 'encoder.layers.5.src_src_att.output_layer.weight', 'encoder.layers.5.src_src_att.q_layer.bias', 'encoder.layers.5.src_src_att.q_layer.weight', 'encoder.layers.5.src_src_att.v_layer.bias', 'encoder.layers.5.src_src_att.v_layer.weight', 'src_embed.lut.weight', 'trg_embed.lut.weight']
2020-08-10 10:48:51,620 cfg.data.dev                       : chatnmt/multi_encoder/dev_subset.tags.bpe.10000
2020-08-10 10:48:51,621 cfg.data.level                     : bpe
2020-08-10 10:48:51,621 cfg.data.lowercase                 : False
2020-08-10 10:48:51,621 cfg.data.max_sent_length           : 100
2020-08-10 10:48:51,621 cfg.data.src                       : en
2020-08-10 10:48:51,621 cfg.data.test                      : chatnmt/multi_encoder/test.tags.bpe.10000
2020-08-10 10:48:51,621 cfg.data.train                     : chatnmt/multi_encoder/train_subset.tags.bpe.10000
2020-08-10 10:48:51,621 cfg.data.trg                       : de
2020-08-10 10:48:51,621 cfg.model.bias_initializer         : zeros
2020-08-10 10:48:51,621 cfg.model.decoder.dropout          : 0.1
2020-08-10 10:48:51,621 cfg.model.decoder.embeddings.dropout : 0.0
2020-08-10 10:48:51,622 cfg.model.decoder.embeddings.embedding_dim : 256
2020-08-10 10:48:51,622 cfg.model.decoder.embeddings.scale : True
2020-08-10 10:48:51,622 cfg.model.decoder.ff_size          : 512
2020-08-10 10:48:51,622 cfg.model.decoder.freeze           : False
2020-08-10 10:48:51,622 cfg.model.decoder.hidden_size      : 256
2020-08-10 10:48:51,622 cfg.model.decoder.num_heads        : 16
2020-08-10 10:48:51,622 cfg.model.decoder.num_layers       : 6
2020-08-10 10:48:51,622 cfg.model.decoder.type             : transformer
2020-08-10 10:48:51,622 cfg.model.embed_init_gain          : 1.0
2020-08-10 10:48:51,622 cfg.model.embed_initializer        : xavier
2020-08-10 10:48:51,622 cfg.model.encoder.dropout          : 0.3
2020-08-10 10:48:51,622 cfg.model.encoder.embeddings.dropout : 0.0
2020-08-10 10:48:51,622 cfg.model.encoder.embeddings.embedding_dim : 256
2020-08-10 10:48:51,622 cfg.model.encoder.embeddings.scale : True
2020-08-10 10:48:51,622 cfg.model.encoder.ff_size          : 512
2020-08-10 10:48:51,622 cfg.model.encoder.freeze           : False
2020-08-10 10:48:51,622 cfg.model.encoder.hidden_size      : 256
2020-08-10 10:48:51,623 cfg.model.encoder.multi_encoder    : False
2020-08-10 10:48:51,623 cfg.model.encoder.num_heads        : 8
2020-08-10 10:48:51,623 cfg.model.encoder.num_layers       : 6
2020-08-10 10:48:51,623 cfg.model.encoder.type             : transformer
2020-08-10 10:48:51,623 cfg.model.init_gain                : 1.0
2020-08-10 10:48:51,623 cfg.model.initializer              : xavier
2020-08-10 10:48:51,623 cfg.model.tied_embeddings          : False
2020-08-10 10:48:51,623 cfg.model.tied_softmax             : True
2020-08-10 10:48:51,623 cfg.name                           : transformer
2020-08-10 10:48:51,623 cfg.testing.alpha                  : 1.0
2020-08-10 10:48:51,623 cfg.testing.beam_size              : 5
2020-08-10 10:48:51,623 cfg.training.adam_betas            : [0.9, 0.999]
2020-08-10 10:48:51,623 cfg.training.batch_multiplier      : 1
2020-08-10 10:48:51,623 cfg.training.batch_size            : 1024
2020-08-10 10:48:51,623 cfg.training.batch_type            : token
2020-08-10 10:48:51,623 cfg.training.decrease_factor       : 0.7
2020-08-10 10:48:51,623 cfg.training.early_stopping_metric : ppl
2020-08-10 10:48:51,623 cfg.training.epochs                : 20
2020-08-10 10:48:51,624 cfg.training.eval_metric           : bleu
2020-08-10 10:48:51,624 cfg.training.keep_last_ckpts       : 3
2020-08-10 10:48:51,624 cfg.training.label_smoothing       : 0.1
2020-08-10 10:48:51,624 cfg.training.learning_rate         : 0.0002
2020-08-10 10:48:51,624 cfg.training.learning_rate_min     : 1e-08
2020-08-10 10:48:51,624 cfg.training.logging_freq          : 100
2020-08-10 10:48:51,624 cfg.training.loss                  : crossentropy
2020-08-10 10:48:51,624 cfg.training.max_output_length     : 100
2020-08-10 10:48:51,624 cfg.training.model_dir             : models/viznet/attempt3/8_16_0.3_256_256_1024_8_8
2020-08-10 10:48:51,624 cfg.training.normalization         : tokens
2020-08-10 10:48:51,624 cfg.training.optimizer             : adam
2020-08-10 10:48:51,624 cfg.training.overwrite             : True
2020-08-10 10:48:51,624 cfg.training.patience              : 8
2020-08-10 10:48:51,624 cfg.training.print_valid_sents     : [0, 1, 2, 3]
2020-08-10 10:48:51,624 cfg.training.random_seed           : 42
2020-08-10 10:48:51,624 cfg.training.scheduling            : plateau
2020-08-10 10:48:51,624 cfg.training.shuffle               : True
2020-08-10 10:48:51,624 cfg.training.use_cuda              : True
2020-08-10 10:48:51,625 cfg.training.validation_freq       : 200
2020-08-10 10:48:51,625 cfg.training.weight_decay          : 0.0
2020-08-10 10:48:51,625 Data set sizes: 
	train 5000,
	valid 500,
	test 1220
2020-08-10 10:48:51,625 First training example:
	[SRC] hi there ! how can i help ?
	[TRG] hallo ! wie kann ich helfen ?
2020-08-10 10:48:51,625 First 10 words (src): (0) <unk> (1) <pad> (2) <s> (3) </s> (4) . (5) , (6) ? (7) you (8) i (9) the
2020-08-10 10:48:51,626 First 10 words (trg): (0) <unk> (1) <pad> (2) <s> (3) </s> (4) . (5) , (6) ? (7) sie (8) ich (9) das
2020-08-10 10:48:51,626 Number of Src words (types): 3468
2020-08-10 10:48:51,626 Number of Trg words (types): 4487
2020-08-10 10:48:51,627 Model(
	encoder=TransformerEncoder(num_layers=6, num_heads=8),
	decoder=TransformerDecoder(num_layers=6, num_heads=16),
	src_embed=Embeddings(embedding_dim=256, vocab_size=3468),
	trg_embed=Embeddings(embedding_dim=256, vocab_size=4487))
2020-08-10 10:48:51,632 EPOCH 1
2020-08-10 10:48:57,967 Epoch   1: total training loss 544.65
2020-08-10 10:48:57,967 EPOCH 2
2020-08-10 10:48:58,111 Epoch   2 Step:      100 Batch Loss:     4.494661 Tokens per Sec:     9773, Lr: 0.000200
2020-08-10 10:49:04,371 Epoch   2: total training loss 462.23
2020-08-10 10:49:04,371 EPOCH 3
2020-08-10 10:49:04,573 Epoch   3 Step:      200 Batch Loss:     3.696384 Tokens per Sec:     9925, Lr: 0.000200
2020-08-10 10:49:21,771 Hooray! New best validation result [ppl]!
2020-08-10 10:49:21,771 Saving new checkpoint.
2020-08-10 10:49:22,074 Example #0
2020-08-10 10:49:22,075 	Raw source:     ['hello', '.']
2020-08-10 10:49:22,075 	Raw hypothesis: ['ja', '.']
2020-08-10 10:49:22,075 	Source:     hello .
2020-08-10 10:49:22,075 	Reference:  hallo ,
2020-08-10 10:49:22,075 	Hypothesis: ja .
2020-08-10 10:49:22,075 Example #1
2020-08-10 10:49:22,075 	Raw source:     ['hi', ',', 'how', 'can', 'i', 'help', 'you', '?']
2020-08-10 10:49:22,075 	Raw hypothesis: ['ich', 'ich', 'sie', 'sie', 'sie', 'sie', 'sie', '?']
2020-08-10 10:49:22,075 	Source:     hi , how can i help you ?
2020-08-10 10:49:22,075 	Reference:  hallo , wie kann ich ihnen helfen ?
2020-08-10 10:49:22,075 	Hypothesis: ich ich sie sie sie sie sie ?
2020-08-10 10:49:22,075 Example #2
2020-08-10 10:49:22,075 	Raw source:     ['hi', ',', 'i', '&apos;m', 'looking', 'for', 'a', 'restaurant', 'inside', 'the', 'arden', 'fair', 'mall', 'in', 'san', 'francisco', ',', 'california', '.']
2020-08-10 10:49:22,075 	Raw hypothesis: ['ich', 'ich', 'ich', 'ich', 'ich', 'ich', 'ich', 'ich', 'ich', 'ich', 'ich', 'ich', 'ich', 'ich', 'ich', 'sie', 'sie', 'sie', 'sie', 'sie', 'sie', 'sie', 'sie', 'sie', 'sie', '.']
2020-08-10 10:49:22,075 	Source:     hi , i &apos;m looking for a restaurant inside the arden fair mall in san francisco , california .
2020-08-10 10:49:22,075 	Reference:  hallo , ich bin auf der suche nach einem restaurant im arden fair einkaufszentrum in san francisco , kalifornien .
2020-08-10 10:49:22,076 	Hypothesis: ich ich ich ich ich ich ich ich ich ich ich ich ich ich ich sie sie sie sie sie sie sie sie sie sie .
2020-08-10 10:49:22,076 Example #3
2020-08-10 10:49:22,076 	Raw source:     ['ok', ',', 'what', 'type', 'of', 'restaurant', 'are', 'you', 'looking', 'for', '?']
2020-08-10 10:49:22,076 	Raw hypothesis: ['ich', 'ich', 'sie', 'sie', 'sie', 'sie', 'sie', 'sie', 'sie', 'sie', 'sie', 'sie', 'sie', '?']
2020-08-10 10:49:22,076 	Source:     ok , what type of restaurant are you looking for ?
2020-08-10 10:49:22,076 	Reference:  ok . welche art von restaurant suchen sie denn genau ?
2020-08-10 10:49:22,076 	Hypothesis: ich ich sie sie sie sie sie sie sie sie sie sie sie ?
2020-08-10 10:49:22,076 Validation result (greedy) at epoch   3, step      200: bleu:   0.00, loss: 29642.0684, ppl: 102.6755, duration: 17.5024s
2020-08-10 10:49:28,275 Epoch   3: total training loss 426.73
2020-08-10 10:49:28,275 EPOCH 4
2020-08-10 10:49:28,540 Epoch   4 Step:      300 Batch Loss:     3.550923 Tokens per Sec:     6189, Lr: 0.000200
2020-08-10 10:49:34,692 Epoch   4: total training loss 396.99
2020-08-10 10:49:34,692 EPOCH 5
2020-08-10 10:49:35,024 Epoch   5 Step:      400 Batch Loss:     2.998615 Tokens per Sec:     9001, Lr: 0.000200
2020-08-10 10:49:54,510 Hooray! New best validation result [ppl]!
2020-08-10 10:49:54,510 Saving new checkpoint.
2020-08-10 10:49:54,814 Example #0
2020-08-10 10:49:54,814 	Raw source:     ['hello', '.']
2020-08-10 10:49:54,815 	Raw hypothesis: ['ja', '.']
2020-08-10 10:49:54,815 	Source:     hello .
2020-08-10 10:49:54,815 	Reference:  hallo ,
2020-08-10 10:49:54,815 	Hypothesis: ja .
2020-08-10 10:49:54,815 Example #1
2020-08-10 10:49:54,815 	Raw source:     ['hi', ',', 'how', 'can', 'i', 'help', 'you', '?']
2020-08-10 10:49:54,815 	Raw hypothesis: ['hallo', ',', 'wie', 'kann', 'ich', 'ihnen', 'helfen', '?']
2020-08-10 10:49:54,815 	Source:     hi , how can i help you ?
2020-08-10 10:49:54,815 	Reference:  hallo , wie kann ich ihnen helfen ?
2020-08-10 10:49:54,815 	Hypothesis: hallo , wie kann ich ihnen helfen ?
2020-08-10 10:49:54,815 Example #2
2020-08-10 10:49:54,815 	Raw source:     ['hi', ',', 'i', '&apos;m', 'looking', 'for', 'a', 'restaurant', 'inside', 'the', 'arden', 'fair', 'mall', 'in', 'san', 'francisco', ',', 'california', '.']
2020-08-10 10:49:54,815 	Raw hypothesis: ['ich', 'möchte', 'ein', 'ein', 'der', 'der', 'der', 'der', 'der', 'der', 'der', 'der', 'der', 'der', 'der', 'der', 'der', 'der', 'der', 'der', 'der', 'der', 'der', 'der', 'der', 'der', 'der', 'der', 'der', 'der', 'der', 'der', 'der', 'der', 'der', 'der', 'der', 'der', 'der', 'der', 'der', 'der', 'der', 'der', 'der', 'der', 'der', 'der', 'der', 'der', 'der', 'der', 'der', 'der', 'der', 'der', 'der', 'der', 'der', 'der', 'der', 'der', 'der', 'der', 'der', 'der', 'der', 'der', 'der', 'der', 'der', 'der', 'der', 'der', 'der', 'der', 'der', 'der', 'der', 'der', 'der', 'der', 'der', 'der', 'der', 'der', 'der', 'der', 'der', 'der', 'der', 'der', 'der', 'der', 'der', 'der', 'der', 'der', 'der', 'der']
2020-08-10 10:49:54,815 	Source:     hi , i &apos;m looking for a restaurant inside the arden fair mall in san francisco , california .
2020-08-10 10:49:54,815 	Reference:  hallo , ich bin auf der suche nach einem restaurant im arden fair einkaufszentrum in san francisco , kalifornien .
2020-08-10 10:49:54,815 	Hypothesis: ich möchte ein ein der der der der der der der der der der der der der der der der der der der der der der der der der der der der der der der der der der der der der der der der der der der der der der der der der der der der der der der der der der der der der der der der der der der der der der der der der der der der der der der der der der der der der der der der der der der der der der der der
2020-08-10 10:49:54,815 Example #3
2020-08-10 10:49:54,815 	Raw source:     ['ok', ',', 'what', 'type', 'of', 'restaurant', 'are', 'you', 'looking', 'for', '?']
2020-08-10 10:49:54,815 	Raw hypothesis: ['ok', ',', 'wie', 'sie', 'die', 'für', 'sie', '?']
2020-08-10 10:49:54,815 	Source:     ok , what type of restaurant are you looking for ?
2020-08-10 10:49:54,815 	Reference:  ok . welche art von restaurant suchen sie denn genau ?
2020-08-10 10:49:54,815 	Hypothesis: ok , wie sie die für sie ?
2020-08-10 10:49:54,815 Validation result (greedy) at epoch   5, step      400: bleu:   1.93, loss: 26040.3008, ppl:  58.4866, duration: 19.7911s
2020-08-10 10:50:00,941 Epoch   5: total training loss 367.96
2020-08-10 10:50:00,941 EPOCH 6
2020-08-10 10:50:01,283 Epoch   6 Step:      500 Batch Loss:     2.704715 Tokens per Sec:     8872, Lr: 0.000200
2020-08-10 10:50:07,335 Epoch   6: total training loss 330.66
2020-08-10 10:50:07,335 EPOCH 7
2020-08-10 10:50:07,803 Epoch   7 Step:      600 Batch Loss:     2.506810 Tokens per Sec:    10245, Lr: 0.000200
2020-08-10 10:50:25,565 Hooray! New best validation result [ppl]!
2020-08-10 10:50:25,566 Saving new checkpoint.
2020-08-10 10:50:25,865 Example #0
2020-08-10 10:50:25,865 	Raw source:     ['hello', '.']
2020-08-10 10:50:25,865 	Raw hypothesis: ['hallo', '.']
2020-08-10 10:50:25,865 	Source:     hello .
2020-08-10 10:50:25,865 	Reference:  hallo ,
2020-08-10 10:50:25,865 	Hypothesis: hallo .
2020-08-10 10:50:25,865 Example #1
2020-08-10 10:50:25,865 	Raw source:     ['hi', ',', 'how', 'can', 'i', 'help', 'you', '?']
2020-08-10 10:50:25,866 	Raw hypothesis: ['hallo', ',', 'wie', 'kann', 'ich', 'ihnen', 'helfen', '?']
2020-08-10 10:50:25,866 	Source:     hi , how can i help you ?
2020-08-10 10:50:25,866 	Reference:  hallo , wie kann ich ihnen helfen ?
2020-08-10 10:50:25,866 	Hypothesis: hallo , wie kann ich ihnen helfen ?
2020-08-10 10:50:25,866 Example #2
2020-08-10 10:50:25,866 	Raw source:     ['hi', ',', 'i', '&apos;m', 'looking', 'for', 'a', 'restaurant', 'inside', 'the', 'arden', 'fair', 'mall', 'in', 'san', 'francisco', ',', 'california', '.']
2020-08-10 10:50:25,866 	Raw hypothesis: ['ich', 'habe', 'ein', 'pizzen', 'in', 'der', 'der', 'der', 'der', 'der', 'der', 'der', 'der', 'der', 'der', 'der', 'der', 'der', 'der', 'der', 'der', 'der', 'der', 'der', 'der', 'der', 'der', 'der', 'der', 'der', 'der', 'der', 'der', 'der', 'der', 'der', 'der', 'der', 'der', 'der', 'der', 'der', 'der', 'der', 'der', 'der', 'der', 'der', 'der', 'der', 'der', 'der', 'der', 'der', 'der', 'der', 'der', 'der', 'der', 'der', 'der', 'der', 'der', 'der', 'der', 'der', 'der', 'der', 'der', 'der', 'der', 'der', 'der', 'der', 'der', 'der', 'der', 'der', 'der', 'der', 'der', 'der', 'der', 'der', 'der', 'der', 'der', 'der', 'der', 'der', 'der', 'der', 'der', 'der', 'der', 'der', 'der', 'der', 'der', 'der']
2020-08-10 10:50:25,866 	Source:     hi , i &apos;m looking for a restaurant inside the arden fair mall in san francisco , california .
2020-08-10 10:50:25,866 	Reference:  hallo , ich bin auf der suche nach einem restaurant im arden fair einkaufszentrum in san francisco , kalifornien .
2020-08-10 10:50:25,866 	Hypothesis: ich habe ein pizzen in der der der der der der der der der der der der der der der der der der der der der der der der der der der der der der der der der der der der der der der der der der der der der der der der der der der der der der der der der der der der der der der der der der der der der der der der der der der der der der der der der der der der der der der der der der der der der der der
2020-08-10 10:50:25,866 Example #3
2020-08-10 10:50:25,866 	Raw source:     ['ok', ',', 'what', 'type', 'of', 'restaurant', 'are', 'you', 'looking', 'for', '?']
2020-08-10 10:50:25,866 	Raw hypothesis: ['ok', ',', 'ihre', 'bestellung', 'für', 'sie', 'die', 'bestellung', '?']
2020-08-10 10:50:25,866 	Source:     ok , what type of restaurant are you looking for ?
2020-08-10 10:50:25,866 	Reference:  ok . welche art von restaurant suchen sie denn genau ?
2020-08-10 10:50:25,866 	Hypothesis: ok , ihre bestellung für sie die bestellung ?
2020-08-10 10:50:25,866 Validation result (greedy) at epoch   7, step      600: bleu:   4.98, loss: 23248.4102, ppl:  37.8096, duration: 18.0630s
2020-08-10 10:50:31,815 Epoch   7: total training loss 310.21
2020-08-10 10:50:31,815 EPOCH 8
2020-08-10 10:50:32,415 Epoch   8 Step:      700 Batch Loss:     3.443248 Tokens per Sec:     9856, Lr: 0.000200
2020-08-10 10:50:38,303 Epoch   8: total training loss 290.70
2020-08-10 10:50:38,303 EPOCH 9
2020-08-10 10:50:38,970 Epoch   9 Step:      800 Batch Loss:     0.589334 Tokens per Sec:     8998, Lr: 0.000200
2020-08-10 10:50:56,560 Hooray! New best validation result [ppl]!
2020-08-10 10:50:56,560 Saving new checkpoint.
2020-08-10 10:50:56,870 Example #0
2020-08-10 10:50:56,870 	Raw source:     ['hello', '.']
2020-08-10 10:50:56,870 	Raw hypothesis: ['hallo', '.']
2020-08-10 10:50:56,870 	Source:     hello .
2020-08-10 10:50:56,870 	Reference:  hallo ,
2020-08-10 10:50:56,870 	Hypothesis: hallo .
2020-08-10 10:50:56,870 Example #1
2020-08-10 10:50:56,870 	Raw source:     ['hi', ',', 'how', 'can', 'i', 'help', 'you', '?']
2020-08-10 10:50:56,870 	Raw hypothesis: ['hallo', ',', 'wie', 'kann', 'ich', 'ihnen', 'helfen', '?']
2020-08-10 10:50:56,870 	Source:     hi , how can i help you ?
2020-08-10 10:50:56,870 	Reference:  hallo , wie kann ich ihnen helfen ?
2020-08-10 10:50:56,870 	Hypothesis: hallo , wie kann ich ihnen helfen ?
2020-08-10 10:50:56,870 Example #2
2020-08-10 10:50:56,870 	Raw source:     ['hi', ',', 'i', '&apos;m', 'looking', 'for', 'a', 'restaurant', 'inside', 'the', 'arden', 'fair', 'mall', 'in', 'san', 'francisco', ',', 'california', '.']
2020-08-10 10:50:56,871 	Raw hypothesis: ['hallo', ',', 'ich', 'möchte', 'ein', 'paar', 'restaurant', 'in', 'der', 'der', 'der', 'der', 'der', 'der', 'der', 'der', 'der', 'der', 'der', 'der', 'der', 'der', 'der', 'san', 'francisco', ',', 'kalifornien', ',', 'kalifornien', ',', 'kalifornien', ',', 'kalifornien', '.']
2020-08-10 10:50:56,871 	Source:     hi , i &apos;m looking for a restaurant inside the arden fair mall in san francisco , california .
2020-08-10 10:50:56,871 	Reference:  hallo , ich bin auf der suche nach einem restaurant im arden fair einkaufszentrum in san francisco , kalifornien .
2020-08-10 10:50:56,871 	Hypothesis: hallo , ich möchte ein paar restaurant in der der der der der der der der der der der der der der der san francisco , kalifornien , kalifornien , kalifornien , kalifornien .
2020-08-10 10:50:56,871 Example #3
2020-08-10 10:50:56,871 	Raw source:     ['ok', ',', 'what', 'type', 'of', 'restaurant', 'are', 'you', 'looking', 'for', '?']
2020-08-10 10:50:56,871 	Raw hypothesis: ['ok', ',', 'welche', 'art', 'von', 'von', 'von', 'der', 'film', 'von', 'der', 'film', '?']
2020-08-10 10:50:56,871 	Source:     ok , what type of restaurant are you looking for ?
2020-08-10 10:50:56,871 	Reference:  ok . welche art von restaurant suchen sie denn genau ?
2020-08-10 10:50:56,871 	Hypothesis: ok , welche art von von von der film von der film ?
2020-08-10 10:50:56,871 Validation result (greedy) at epoch   9, step      800: bleu:   5.76, loss: 21278.5566, ppl:  27.7927, duration: 17.9013s
2020-08-10 10:51:02,638 Epoch   9: total training loss 278.51
2020-08-10 10:51:02,638 EPOCH 10
2020-08-10 10:51:03,349 Epoch  10 Step:      900 Batch Loss:     3.055559 Tokens per Sec:    10972, Lr: 0.000200
2020-08-10 10:51:09,041 Epoch  10: total training loss 258.54
2020-08-10 10:51:09,042 EPOCH 11
2020-08-10 10:51:09,824 Epoch  11 Step:     1000 Batch Loss:     2.528895 Tokens per Sec:     9915, Lr: 0.000200
2020-08-10 10:51:18,395 Hooray! New best validation result [ppl]!
2020-08-10 10:51:18,395 Saving new checkpoint.
2020-08-10 10:51:18,708 Example #0
2020-08-10 10:51:18,708 	Raw source:     ['hello', '.']
2020-08-10 10:51:18,708 	Raw hypothesis: ['hallo', '.']
2020-08-10 10:51:18,708 	Source:     hello .
2020-08-10 10:51:18,709 	Reference:  hallo ,
2020-08-10 10:51:18,709 	Hypothesis: hallo .
2020-08-10 10:51:18,709 Example #1
2020-08-10 10:51:18,709 	Raw source:     ['hi', ',', 'how', 'can', 'i', 'help', 'you', '?']
2020-08-10 10:51:18,709 	Raw hypothesis: ['hallo', ',', 'wie', 'kann', 'ich', 'ihnen', 'helfen', '?']
2020-08-10 10:51:18,709 	Source:     hi , how can i help you ?
2020-08-10 10:51:18,709 	Reference:  hallo , wie kann ich ihnen helfen ?
2020-08-10 10:51:18,709 	Hypothesis: hallo , wie kann ich ihnen helfen ?
2020-08-10 10:51:18,709 Example #2
2020-08-10 10:51:18,709 	Raw source:     ['hi', ',', 'i', '&apos;m', 'looking', 'for', 'a', 'restaurant', 'inside', 'the', 'arden', 'fair', 'mall', 'in', 'san', 'francisco', ',', 'california', '.']
2020-08-10 10:51:18,709 	Raw hypothesis: ['hallo', ',', 'ich', 'möchte', 'ein', 'restaurant', 'in', 'san', 'francisco', ',', 'kalifornien', ',', 'kalifornien', '.']
2020-08-10 10:51:18,709 	Source:     hi , i &apos;m looking for a restaurant inside the arden fair mall in san francisco , california .
2020-08-10 10:51:18,709 	Reference:  hallo , ich bin auf der suche nach einem restaurant im arden fair einkaufszentrum in san francisco , kalifornien .
2020-08-10 10:51:18,709 	Hypothesis: hallo , ich möchte ein restaurant in san francisco , kalifornien , kalifornien .
2020-08-10 10:51:18,709 Example #3
2020-08-10 10:51:18,709 	Raw source:     ['ok', ',', 'what', 'type', 'of', 'restaurant', 'are', 'you', 'looking', 'for', '?']
2020-08-10 10:51:18,709 	Raw hypothesis: ['ok', ',', 'in', 'ordnung', ',', 'was', 'möchten', 'sie', 'gerne', '?']
2020-08-10 10:51:18,709 	Source:     ok , what type of restaurant are you looking for ?
2020-08-10 10:51:18,710 	Reference:  ok . welche art von restaurant suchen sie denn genau ?
2020-08-10 10:51:18,710 	Hypothesis: ok , in ordnung , was möchten sie gerne ?
2020-08-10 10:51:18,710 Validation result (greedy) at epoch  11, step     1000: bleu:  15.38, loss: 19342.6309, ppl:  20.5382, duration: 8.8852s
2020-08-10 10:51:24,359 Epoch  11: total training loss 239.04
2020-08-10 10:51:24,360 EPOCH 12
2020-08-10 10:51:25,280 Epoch  12 Step:     1100 Batch Loss:     2.221868 Tokens per Sec:     9847, Lr: 0.000200
2020-08-10 10:51:30,981 Epoch  12: total training loss 232.84
2020-08-10 10:51:30,981 EPOCH 13
2020-08-10 10:51:31,913 Epoch  13 Step:     1200 Batch Loss:     2.365085 Tokens per Sec:    10480, Lr: 0.000200
2020-08-10 10:51:41,154 Hooray! New best validation result [ppl]!
2020-08-10 10:51:41,155 Saving new checkpoint.
2020-08-10 10:51:41,505 Example #0
2020-08-10 10:51:41,506 	Raw source:     ['hello', '.']
2020-08-10 10:51:41,506 	Raw hypothesis: ['hallo', '.']
2020-08-10 10:51:41,506 	Source:     hello .
2020-08-10 10:51:41,506 	Reference:  hallo ,
2020-08-10 10:51:41,506 	Hypothesis: hallo .
2020-08-10 10:51:41,506 Example #1
2020-08-10 10:51:41,506 	Raw source:     ['hi', ',', 'how', 'can', 'i', 'help', 'you', '?']
2020-08-10 10:51:41,506 	Raw hypothesis: ['hallo', ',', 'wie', 'kann', 'ich', 'ihnen', 'helfen', '?']
2020-08-10 10:51:41,506 	Source:     hi , how can i help you ?
2020-08-10 10:51:41,506 	Reference:  hallo , wie kann ich ihnen helfen ?
2020-08-10 10:51:41,506 	Hypothesis: hallo , wie kann ich ihnen helfen ?
2020-08-10 10:51:41,506 Example #2
2020-08-10 10:51:41,506 	Raw source:     ['hi', ',', 'i', '&apos;m', 'looking', 'for', 'a', 'restaurant', 'inside', 'the', 'arden', 'fair', 'mall', 'in', 'san', 'francisco', ',', 'california', '.']
2020-08-10 10:51:41,506 	Raw hypothesis: ['hallo', ',', 'ich', 'bin', 'in', 'san', 'francisco', ',', 'kalifornien', ',', 'kalifornien', '.']
2020-08-10 10:51:41,506 	Source:     hi , i &apos;m looking for a restaurant inside the arden fair mall in san francisco , california .
2020-08-10 10:51:41,506 	Reference:  hallo , ich bin auf der suche nach einem restaurant im arden fair einkaufszentrum in san francisco , kalifornien .
2020-08-10 10:51:41,506 	Hypothesis: hallo , ich bin in san francisco , kalifornien , kalifornien .
2020-08-10 10:51:41,506 Example #3
2020-08-10 10:51:41,506 	Raw source:     ['ok', ',', 'what', 'type', 'of', 'restaurant', 'are', 'you', 'looking', 'for', '?']
2020-08-10 10:51:41,506 	Raw hypothesis: ['ok', ',', 'welche', 'art', 'von', 'restaurant', 'haben', 'sie', '?']
2020-08-10 10:51:41,506 	Source:     ok , what type of restaurant are you looking for ?
2020-08-10 10:51:41,506 	Reference:  ok . welche art von restaurant suchen sie denn genau ?
2020-08-10 10:51:41,506 	Hypothesis: ok , welche art von restaurant haben sie ?
2020-08-10 10:51:41,506 Validation result (greedy) at epoch  13, step     1200: bleu:  17.18, loss: 18390.0352, ppl:  17.6978, duration: 9.5928s
2020-08-10 10:51:47,113 Epoch  13: total training loss 220.60
2020-08-10 10:51:47,113 EPOCH 14
2020-08-10 10:51:48,025 Epoch  14 Step:     1300 Batch Loss:     0.531649 Tokens per Sec:     9644, Lr: 0.000200
2020-08-10 10:51:53,592 Epoch  14: total training loss 203.26
2020-08-10 10:51:53,592 EPOCH 15
2020-08-10 10:51:54,577 Epoch  15 Step:     1400 Batch Loss:     1.440973 Tokens per Sec:     9842, Lr: 0.000200
2020-08-10 10:52:04,869 Hooray! New best validation result [ppl]!
2020-08-10 10:52:04,870 Saving new checkpoint.
2020-08-10 10:52:05,173 Example #0
2020-08-10 10:52:05,173 	Raw source:     ['hello', '.']
2020-08-10 10:52:05,174 	Raw hypothesis: ['hallo', '.']
2020-08-10 10:52:05,174 	Source:     hello .
2020-08-10 10:52:05,174 	Reference:  hallo ,
2020-08-10 10:52:05,174 	Hypothesis: hallo .
2020-08-10 10:52:05,174 Example #1
2020-08-10 10:52:05,174 	Raw source:     ['hi', ',', 'how', 'can', 'i', 'help', 'you', '?']
2020-08-10 10:52:05,174 	Raw hypothesis: ['hallo', ',', 'wie', 'kann', 'ich', 'ihnen', 'helfen', '?']
2020-08-10 10:52:05,174 	Source:     hi , how can i help you ?
2020-08-10 10:52:05,174 	Reference:  hallo , wie kann ich ihnen helfen ?
2020-08-10 10:52:05,174 	Hypothesis: hallo , wie kann ich ihnen helfen ?
2020-08-10 10:52:05,174 Example #2
2020-08-10 10:52:05,174 	Raw source:     ['hi', ',', 'i', '&apos;m', 'looking', 'for', 'a', 'restaurant', 'inside', 'the', 'arden', 'fair', 'mall', 'in', 'san', 'francisco', ',', 'california', '.']
2020-08-10 10:52:05,174 	Raw hypothesis: ['hallo', ',', 'ich', 'suche', 'ein', 'restaurant', 'in', 'san', 'francisco', ',', 'kalifornien', ',', 'in', 'der', 'suche', 'nach', 'einem', 'restaurant', 'in', 'san', 'francisco', ',', 'kalifornien', '.']
2020-08-10 10:52:05,174 	Source:     hi , i &apos;m looking for a restaurant inside the arden fair mall in san francisco , california .
2020-08-10 10:52:05,174 	Reference:  hallo , ich bin auf der suche nach einem restaurant im arden fair einkaufszentrum in san francisco , kalifornien .
2020-08-10 10:52:05,174 	Hypothesis: hallo , ich suche ein restaurant in san francisco , kalifornien , in der suche nach einem restaurant in san francisco , kalifornien .
2020-08-10 10:52:05,174 Example #3
2020-08-10 10:52:05,174 	Raw source:     ['ok', ',', 'what', 'type', 'of', 'restaurant', 'are', 'you', 'looking', 'for', '?']
2020-08-10 10:52:05,174 	Raw hypothesis: ['ok', ',', 'welche', 'art', 'von', 'restaurant', 'möchten', 'sie', '?']
2020-08-10 10:52:05,174 	Source:     ok , what type of restaurant are you looking for ?
2020-08-10 10:52:05,174 	Reference:  ok . welche art von restaurant suchen sie denn genau ?
2020-08-10 10:52:05,174 	Hypothesis: ok , welche art von restaurant möchten sie ?
2020-08-10 10:52:05,174 Validation result (greedy) at epoch  15, step     1400: bleu:  18.32, loss: 17712.8711, ppl:  15.9210, duration: 10.5968s
2020-08-10 10:52:10,601 Epoch  15: total training loss 187.46
2020-08-10 10:52:10,601 EPOCH 16
2020-08-10 10:52:11,716 Epoch  16 Step:     1500 Batch Loss:     2.768141 Tokens per Sec:     9720, Lr: 0.000200
2020-08-10 10:52:17,091 Epoch  16: total training loss 183.23
2020-08-10 10:52:17,091 EPOCH 17
2020-08-10 10:52:18,289 Epoch  17 Step:     1600 Batch Loss:     1.121844 Tokens per Sec:     9544, Lr: 0.000200
2020-08-10 10:52:29,614 Hooray! New best validation result [ppl]!
2020-08-10 10:52:29,614 Saving new checkpoint.
2020-08-10 10:52:29,929 Example #0
2020-08-10 10:52:29,929 	Raw source:     ['hello', '.']
2020-08-10 10:52:29,929 	Raw hypothesis: ['hallo', '.']
2020-08-10 10:52:29,929 	Source:     hello .
2020-08-10 10:52:29,930 	Reference:  hallo ,
2020-08-10 10:52:29,930 	Hypothesis: hallo .
2020-08-10 10:52:29,930 Example #1
2020-08-10 10:52:29,930 	Raw source:     ['hi', ',', 'how', 'can', 'i', 'help', 'you', '?']
2020-08-10 10:52:29,930 	Raw hypothesis: ['hallo', ',', 'wie', 'kann', 'ich', 'ihnen', 'helfen', '?']
2020-08-10 10:52:29,930 	Source:     hi , how can i help you ?
2020-08-10 10:52:29,930 	Reference:  hallo , wie kann ich ihnen helfen ?
2020-08-10 10:52:29,930 	Hypothesis: hallo , wie kann ich ihnen helfen ?
2020-08-10 10:52:29,930 Example #2
2020-08-10 10:52:29,930 	Raw source:     ['hi', ',', 'i', '&apos;m', 'looking', 'for', 'a', 'restaurant', 'inside', 'the', 'arden', 'fair', 'mall', 'in', 'san', 'francisco', ',', 'california', '.']
2020-08-10 10:52:29,930 	Raw hypothesis: ['hallo', ',', 'ich', 'bin', 'in', 'der', 'suche', 'nach', 'einem', 'ort', 'zum', 'mittagessen', 'in', 'san', 'francisco', ',', 'kalifornien', ',', 'kalifornien', ',', 'kalifornien', ',', 'kalifornien', '.']
2020-08-10 10:52:29,930 	Source:     hi , i &apos;m looking for a restaurant inside the arden fair mall in san francisco , california .
2020-08-10 10:52:29,930 	Reference:  hallo , ich bin auf der suche nach einem restaurant im arden fair einkaufszentrum in san francisco , kalifornien .
2020-08-10 10:52:29,930 	Hypothesis: hallo , ich bin in der suche nach einem ort zum mittagessen in san francisco , kalifornien , kalifornien , kalifornien , kalifornien .
2020-08-10 10:52:29,930 Example #3
2020-08-10 10:52:29,930 	Raw source:     ['ok', ',', 'what', 'type', 'of', 'restaurant', 'are', 'you', 'looking', 'for', '?']
2020-08-10 10:52:29,930 	Raw hypothesis: ['ok', ',', 'welche', 'art', 'von', 'restaurant', 'haben', 'sie', '?']
2020-08-10 10:52:29,930 	Source:     ok , what type of restaurant are you looking for ?
2020-08-10 10:52:29,930 	Reference:  ok . welche art von restaurant suchen sie denn genau ?
2020-08-10 10:52:29,930 	Hypothesis: ok , welche art von restaurant haben sie ?
2020-08-10 10:52:29,930 Validation result (greedy) at epoch  17, step     1600: bleu:  19.23, loss: 17294.8223, ppl:  14.9142, duration: 11.6412s
2020-08-10 10:52:35,236 Epoch  17: total training loss 170.15
2020-08-10 10:52:35,236 EPOCH 18
2020-08-10 10:52:36,474 Epoch  18 Step:     1700 Batch Loss:     1.249839 Tokens per Sec:    10244, Lr: 0.000200
2020-08-10 10:52:41,726 Epoch  18: total training loss 162.29
2020-08-10 10:52:41,726 EPOCH 19
2020-08-10 10:52:43,036 Epoch  19 Step:     1800 Batch Loss:     2.433509 Tokens per Sec:    10103, Lr: 0.000200
2020-08-10 10:52:52,855 Hooray! New best validation result [ppl]!
2020-08-10 10:52:52,855 Saving new checkpoint.
2020-08-10 10:52:53,168 Example #0
2020-08-10 10:52:53,168 	Raw source:     ['hello', '.']
2020-08-10 10:52:53,168 	Raw hypothesis: ['hallo', '.']
2020-08-10 10:52:53,168 	Source:     hello .
2020-08-10 10:52:53,168 	Reference:  hallo ,
2020-08-10 10:52:53,168 	Hypothesis: hallo .
2020-08-10 10:52:53,168 Example #1
2020-08-10 10:52:53,168 	Raw source:     ['hi', ',', 'how', 'can', 'i', 'help', 'you', '?']
2020-08-10 10:52:53,169 	Raw hypothesis: ['hallo', ',', 'wie', 'kann', 'ich', 'ihnen', 'helfen', '?']
2020-08-10 10:52:53,169 	Source:     hi , how can i help you ?
2020-08-10 10:52:53,169 	Reference:  hallo , wie kann ich ihnen helfen ?
2020-08-10 10:52:53,169 	Hypothesis: hallo , wie kann ich ihnen helfen ?
2020-08-10 10:52:53,169 Example #2
2020-08-10 10:52:53,169 	Raw source:     ['hi', ',', 'i', '&apos;m', 'looking', 'for', 'a', 'restaurant', 'inside', 'the', 'arden', 'fair', 'mall', 'in', 'san', 'francisco', ',', 'california', '.']
2020-08-10 10:52:53,169 	Raw hypothesis: ['hallo', ',', 'ich', 'suche', 'ein', 'restaurant', 'in', 'san', 'francisco', ',', 'kalifornien', '.']
2020-08-10 10:52:53,169 	Source:     hi , i &apos;m looking for a restaurant inside the arden fair mall in san francisco , california .
2020-08-10 10:52:53,169 	Reference:  hallo , ich bin auf der suche nach einem restaurant im arden fair einkaufszentrum in san francisco , kalifornien .
2020-08-10 10:52:53,169 	Hypothesis: hallo , ich suche ein restaurant in san francisco , kalifornien .
2020-08-10 10:52:53,169 Example #3
2020-08-10 10:52:53,169 	Raw source:     ['ok', ',', 'what', 'type', 'of', 'restaurant', 'are', 'you', 'looking', 'for', '?']
2020-08-10 10:52:53,169 	Raw hypothesis: ['ok', ',', 'welche', 'art', 'von', 'restaurant', 'suchen', 'sie', '?']
2020-08-10 10:52:53,169 	Source:     ok , what type of restaurant are you looking for ?
2020-08-10 10:52:53,169 	Reference:  ok . welche art von restaurant suchen sie denn genau ?
2020-08-10 10:52:53,169 	Hypothesis: ok , welche art von restaurant suchen sie ?
2020-08-10 10:52:53,169 Validation result (greedy) at epoch  19, step     1800: bleu:  21.63, loss: 17043.5059, ppl:  14.3399, duration: 10.1329s
2020-08-10 10:52:58,254 Epoch  19: total training loss 152.24
2020-08-10 10:52:58,254 EPOCH 20
2020-08-10 10:52:59,690 Epoch  20 Step:     1900 Batch Loss:     1.847833 Tokens per Sec:     9985, Lr: 0.000200
2020-08-10 10:53:04,803 Epoch  20: total training loss 149.45
2020-08-10 10:53:04,804 Training ended after  20 epochs.
2020-08-10 10:53:04,804 Best validation result (greedy) at step     1800:  14.34 ppl.
