2020-08-10 08:05:02,232 Hello! This is Joey-NMT.
2020-08-10 08:05:03,547 Total params: 29320704
2020-08-10 08:05:03,549 Trainable parameters: ['decoder.layer_norm.bias', 'decoder.layer_norm.weight', 'decoder.layers.0.dec_layer_norm.bias', 'decoder.layers.0.dec_layer_norm.weight', 'decoder.layers.0.feed_forward.layer_norm.bias', 'decoder.layers.0.feed_forward.layer_norm.weight', 'decoder.layers.0.feed_forward.pwff_layer.0.bias', 'decoder.layers.0.feed_forward.pwff_layer.0.weight', 'decoder.layers.0.feed_forward.pwff_layer.3.bias', 'decoder.layers.0.feed_forward.pwff_layer.3.weight', 'decoder.layers.0.src_trg_att.k_layer.bias', 'decoder.layers.0.src_trg_att.k_layer.weight', 'decoder.layers.0.src_trg_att.output_layer.bias', 'decoder.layers.0.src_trg_att.output_layer.weight', 'decoder.layers.0.src_trg_att.q_layer.bias', 'decoder.layers.0.src_trg_att.q_layer.weight', 'decoder.layers.0.src_trg_att.v_layer.bias', 'decoder.layers.0.src_trg_att.v_layer.weight', 'decoder.layers.0.trg_trg_att.k_layer.bias', 'decoder.layers.0.trg_trg_att.k_layer.weight', 'decoder.layers.0.trg_trg_att.output_layer.bias', 'decoder.layers.0.trg_trg_att.output_layer.weight', 'decoder.layers.0.trg_trg_att.q_layer.bias', 'decoder.layers.0.trg_trg_att.q_layer.weight', 'decoder.layers.0.trg_trg_att.v_layer.bias', 'decoder.layers.0.trg_trg_att.v_layer.weight', 'decoder.layers.0.x_layer_norm.bias', 'decoder.layers.0.x_layer_norm.weight', 'decoder.layers.1.dec_layer_norm.bias', 'decoder.layers.1.dec_layer_norm.weight', 'decoder.layers.1.feed_forward.layer_norm.bias', 'decoder.layers.1.feed_forward.layer_norm.weight', 'decoder.layers.1.feed_forward.pwff_layer.0.bias', 'decoder.layers.1.feed_forward.pwff_layer.0.weight', 'decoder.layers.1.feed_forward.pwff_layer.3.bias', 'decoder.layers.1.feed_forward.pwff_layer.3.weight', 'decoder.layers.1.src_trg_att.k_layer.bias', 'decoder.layers.1.src_trg_att.k_layer.weight', 'decoder.layers.1.src_trg_att.output_layer.bias', 'decoder.layers.1.src_trg_att.output_layer.weight', 'decoder.layers.1.src_trg_att.q_layer.bias', 'decoder.layers.1.src_trg_att.q_layer.weight', 'decoder.layers.1.src_trg_att.v_layer.bias', 'decoder.layers.1.src_trg_att.v_layer.weight', 'decoder.layers.1.trg_trg_att.k_layer.bias', 'decoder.layers.1.trg_trg_att.k_layer.weight', 'decoder.layers.1.trg_trg_att.output_layer.bias', 'decoder.layers.1.trg_trg_att.output_layer.weight', 'decoder.layers.1.trg_trg_att.q_layer.bias', 'decoder.layers.1.trg_trg_att.q_layer.weight', 'decoder.layers.1.trg_trg_att.v_layer.bias', 'decoder.layers.1.trg_trg_att.v_layer.weight', 'decoder.layers.1.x_layer_norm.bias', 'decoder.layers.1.x_layer_norm.weight', 'decoder.layers.2.dec_layer_norm.bias', 'decoder.layers.2.dec_layer_norm.weight', 'decoder.layers.2.feed_forward.layer_norm.bias', 'decoder.layers.2.feed_forward.layer_norm.weight', 'decoder.layers.2.feed_forward.pwff_layer.0.bias', 'decoder.layers.2.feed_forward.pwff_layer.0.weight', 'decoder.layers.2.feed_forward.pwff_layer.3.bias', 'decoder.layers.2.feed_forward.pwff_layer.3.weight', 'decoder.layers.2.src_trg_att.k_layer.bias', 'decoder.layers.2.src_trg_att.k_layer.weight', 'decoder.layers.2.src_trg_att.output_layer.bias', 'decoder.layers.2.src_trg_att.output_layer.weight', 'decoder.layers.2.src_trg_att.q_layer.bias', 'decoder.layers.2.src_trg_att.q_layer.weight', 'decoder.layers.2.src_trg_att.v_layer.bias', 'decoder.layers.2.src_trg_att.v_layer.weight', 'decoder.layers.2.trg_trg_att.k_layer.bias', 'decoder.layers.2.trg_trg_att.k_layer.weight', 'decoder.layers.2.trg_trg_att.output_layer.bias', 'decoder.layers.2.trg_trg_att.output_layer.weight', 'decoder.layers.2.trg_trg_att.q_layer.bias', 'decoder.layers.2.trg_trg_att.q_layer.weight', 'decoder.layers.2.trg_trg_att.v_layer.bias', 'decoder.layers.2.trg_trg_att.v_layer.weight', 'decoder.layers.2.x_layer_norm.bias', 'decoder.layers.2.x_layer_norm.weight', 'decoder.layers.3.dec_layer_norm.bias', 'decoder.layers.3.dec_layer_norm.weight', 'decoder.layers.3.feed_forward.layer_norm.bias', 'decoder.layers.3.feed_forward.layer_norm.weight', 'decoder.layers.3.feed_forward.pwff_layer.0.bias', 'decoder.layers.3.feed_forward.pwff_layer.0.weight', 'decoder.layers.3.feed_forward.pwff_layer.3.bias', 'decoder.layers.3.feed_forward.pwff_layer.3.weight', 'decoder.layers.3.src_trg_att.k_layer.bias', 'decoder.layers.3.src_trg_att.k_layer.weight', 'decoder.layers.3.src_trg_att.output_layer.bias', 'decoder.layers.3.src_trg_att.output_layer.weight', 'decoder.layers.3.src_trg_att.q_layer.bias', 'decoder.layers.3.src_trg_att.q_layer.weight', 'decoder.layers.3.src_trg_att.v_layer.bias', 'decoder.layers.3.src_trg_att.v_layer.weight', 'decoder.layers.3.trg_trg_att.k_layer.bias', 'decoder.layers.3.trg_trg_att.k_layer.weight', 'decoder.layers.3.trg_trg_att.output_layer.bias', 'decoder.layers.3.trg_trg_att.output_layer.weight', 'decoder.layers.3.trg_trg_att.q_layer.bias', 'decoder.layers.3.trg_trg_att.q_layer.weight', 'decoder.layers.3.trg_trg_att.v_layer.bias', 'decoder.layers.3.trg_trg_att.v_layer.weight', 'decoder.layers.3.x_layer_norm.bias', 'decoder.layers.3.x_layer_norm.weight', 'decoder.layers.4.dec_layer_norm.bias', 'decoder.layers.4.dec_layer_norm.weight', 'decoder.layers.4.feed_forward.layer_norm.bias', 'decoder.layers.4.feed_forward.layer_norm.weight', 'decoder.layers.4.feed_forward.pwff_layer.0.bias', 'decoder.layers.4.feed_forward.pwff_layer.0.weight', 'decoder.layers.4.feed_forward.pwff_layer.3.bias', 'decoder.layers.4.feed_forward.pwff_layer.3.weight', 'decoder.layers.4.src_trg_att.k_layer.bias', 'decoder.layers.4.src_trg_att.k_layer.weight', 'decoder.layers.4.src_trg_att.output_layer.bias', 'decoder.layers.4.src_trg_att.output_layer.weight', 'decoder.layers.4.src_trg_att.q_layer.bias', 'decoder.layers.4.src_trg_att.q_layer.weight', 'decoder.layers.4.src_trg_att.v_layer.bias', 'decoder.layers.4.src_trg_att.v_layer.weight', 'decoder.layers.4.trg_trg_att.k_layer.bias', 'decoder.layers.4.trg_trg_att.k_layer.weight', 'decoder.layers.4.trg_trg_att.output_layer.bias', 'decoder.layers.4.trg_trg_att.output_layer.weight', 'decoder.layers.4.trg_trg_att.q_layer.bias', 'decoder.layers.4.trg_trg_att.q_layer.weight', 'decoder.layers.4.trg_trg_att.v_layer.bias', 'decoder.layers.4.trg_trg_att.v_layer.weight', 'decoder.layers.4.x_layer_norm.bias', 'decoder.layers.4.x_layer_norm.weight', 'decoder.layers.5.dec_layer_norm.bias', 'decoder.layers.5.dec_layer_norm.weight', 'decoder.layers.5.feed_forward.layer_norm.bias', 'decoder.layers.5.feed_forward.layer_norm.weight', 'decoder.layers.5.feed_forward.pwff_layer.0.bias', 'decoder.layers.5.feed_forward.pwff_layer.0.weight', 'decoder.layers.5.feed_forward.pwff_layer.3.bias', 'decoder.layers.5.feed_forward.pwff_layer.3.weight', 'decoder.layers.5.src_trg_att.k_layer.bias', 'decoder.layers.5.src_trg_att.k_layer.weight', 'decoder.layers.5.src_trg_att.output_layer.bias', 'decoder.layers.5.src_trg_att.output_layer.weight', 'decoder.layers.5.src_trg_att.q_layer.bias', 'decoder.layers.5.src_trg_att.q_layer.weight', 'decoder.layers.5.src_trg_att.v_layer.bias', 'decoder.layers.5.src_trg_att.v_layer.weight', 'decoder.layers.5.trg_trg_att.k_layer.bias', 'decoder.layers.5.trg_trg_att.k_layer.weight', 'decoder.layers.5.trg_trg_att.output_layer.bias', 'decoder.layers.5.trg_trg_att.output_layer.weight', 'decoder.layers.5.trg_trg_att.q_layer.bias', 'decoder.layers.5.trg_trg_att.q_layer.weight', 'decoder.layers.5.trg_trg_att.v_layer.bias', 'decoder.layers.5.trg_trg_att.v_layer.weight', 'decoder.layers.5.x_layer_norm.bias', 'decoder.layers.5.x_layer_norm.weight', 'encoder.layer_norm.bias', 'encoder.layer_norm.weight', 'encoder.layers.0.feed_forward.layer_norm.bias', 'encoder.layers.0.feed_forward.layer_norm.weight', 'encoder.layers.0.feed_forward.pwff_layer.0.bias', 'encoder.layers.0.feed_forward.pwff_layer.0.weight', 'encoder.layers.0.feed_forward.pwff_layer.3.bias', 'encoder.layers.0.feed_forward.pwff_layer.3.weight', 'encoder.layers.0.layer_norm.bias', 'encoder.layers.0.layer_norm.weight', 'encoder.layers.0.src_src_att.k_layer.bias', 'encoder.layers.0.src_src_att.k_layer.weight', 'encoder.layers.0.src_src_att.output_layer.bias', 'encoder.layers.0.src_src_att.output_layer.weight', 'encoder.layers.0.src_src_att.q_layer.bias', 'encoder.layers.0.src_src_att.q_layer.weight', 'encoder.layers.0.src_src_att.v_layer.bias', 'encoder.layers.0.src_src_att.v_layer.weight', 'encoder.layers.1.feed_forward.layer_norm.bias', 'encoder.layers.1.feed_forward.layer_norm.weight', 'encoder.layers.1.feed_forward.pwff_layer.0.bias', 'encoder.layers.1.feed_forward.pwff_layer.0.weight', 'encoder.layers.1.feed_forward.pwff_layer.3.bias', 'encoder.layers.1.feed_forward.pwff_layer.3.weight', 'encoder.layers.1.layer_norm.bias', 'encoder.layers.1.layer_norm.weight', 'encoder.layers.1.src_src_att.k_layer.bias', 'encoder.layers.1.src_src_att.k_layer.weight', 'encoder.layers.1.src_src_att.output_layer.bias', 'encoder.layers.1.src_src_att.output_layer.weight', 'encoder.layers.1.src_src_att.q_layer.bias', 'encoder.layers.1.src_src_att.q_layer.weight', 'encoder.layers.1.src_src_att.v_layer.bias', 'encoder.layers.1.src_src_att.v_layer.weight', 'encoder.layers.2.feed_forward.layer_norm.bias', 'encoder.layers.2.feed_forward.layer_norm.weight', 'encoder.layers.2.feed_forward.pwff_layer.0.bias', 'encoder.layers.2.feed_forward.pwff_layer.0.weight', 'encoder.layers.2.feed_forward.pwff_layer.3.bias', 'encoder.layers.2.feed_forward.pwff_layer.3.weight', 'encoder.layers.2.layer_norm.bias', 'encoder.layers.2.layer_norm.weight', 'encoder.layers.2.src_src_att.k_layer.bias', 'encoder.layers.2.src_src_att.k_layer.weight', 'encoder.layers.2.src_src_att.output_layer.bias', 'encoder.layers.2.src_src_att.output_layer.weight', 'encoder.layers.2.src_src_att.q_layer.bias', 'encoder.layers.2.src_src_att.q_layer.weight', 'encoder.layers.2.src_src_att.v_layer.bias', 'encoder.layers.2.src_src_att.v_layer.weight', 'encoder.layers.3.feed_forward.layer_norm.bias', 'encoder.layers.3.feed_forward.layer_norm.weight', 'encoder.layers.3.feed_forward.pwff_layer.0.bias', 'encoder.layers.3.feed_forward.pwff_layer.0.weight', 'encoder.layers.3.feed_forward.pwff_layer.3.bias', 'encoder.layers.3.feed_forward.pwff_layer.3.weight', 'encoder.layers.3.layer_norm.bias', 'encoder.layers.3.layer_norm.weight', 'encoder.layers.3.src_src_att.k_layer.bias', 'encoder.layers.3.src_src_att.k_layer.weight', 'encoder.layers.3.src_src_att.output_layer.bias', 'encoder.layers.3.src_src_att.output_layer.weight', 'encoder.layers.3.src_src_att.q_layer.bias', 'encoder.layers.3.src_src_att.q_layer.weight', 'encoder.layers.3.src_src_att.v_layer.bias', 'encoder.layers.3.src_src_att.v_layer.weight', 'encoder.layers.4.feed_forward.layer_norm.bias', 'encoder.layers.4.feed_forward.layer_norm.weight', 'encoder.layers.4.feed_forward.pwff_layer.0.bias', 'encoder.layers.4.feed_forward.pwff_layer.0.weight', 'encoder.layers.4.feed_forward.pwff_layer.3.bias', 'encoder.layers.4.feed_forward.pwff_layer.3.weight', 'encoder.layers.4.layer_norm.bias', 'encoder.layers.4.layer_norm.weight', 'encoder.layers.4.src_src_att.k_layer.bias', 'encoder.layers.4.src_src_att.k_layer.weight', 'encoder.layers.4.src_src_att.output_layer.bias', 'encoder.layers.4.src_src_att.output_layer.weight', 'encoder.layers.4.src_src_att.q_layer.bias', 'encoder.layers.4.src_src_att.q_layer.weight', 'encoder.layers.4.src_src_att.v_layer.bias', 'encoder.layers.4.src_src_att.v_layer.weight', 'encoder.layers.5.feed_forward.layer_norm.bias', 'encoder.layers.5.feed_forward.layer_norm.weight', 'encoder.layers.5.feed_forward.pwff_layer.0.bias', 'encoder.layers.5.feed_forward.pwff_layer.0.weight', 'encoder.layers.5.feed_forward.pwff_layer.3.bias', 'encoder.layers.5.feed_forward.pwff_layer.3.weight', 'encoder.layers.5.layer_norm.bias', 'encoder.layers.5.layer_norm.weight', 'encoder.layers.5.src_src_att.k_layer.bias', 'encoder.layers.5.src_src_att.k_layer.weight', 'encoder.layers.5.src_src_att.output_layer.bias', 'encoder.layers.5.src_src_att.output_layer.weight', 'encoder.layers.5.src_src_att.q_layer.bias', 'encoder.layers.5.src_src_att.q_layer.weight', 'encoder.layers.5.src_src_att.v_layer.bias', 'encoder.layers.5.src_src_att.v_layer.weight', 'src_embed.lut.weight', 'trg_embed.lut.weight']
2020-08-10 08:05:07,301 cfg.data.dev                       : chatnmt/multi_encoder/dev_subset.tags.bpe.10000
2020-08-10 08:05:07,302 cfg.data.level                     : bpe
2020-08-10 08:05:07,302 cfg.data.lowercase                 : False
2020-08-10 08:05:07,302 cfg.data.max_sent_length           : 100
2020-08-10 08:05:07,302 cfg.data.src                       : en
2020-08-10 08:05:07,302 cfg.data.test                      : chatnmt/multi_encoder/test.tags.bpe.10000
2020-08-10 08:05:07,302 cfg.data.train                     : chatnmt/multi_encoder/train_subset.tags.bpe.10000
2020-08-10 08:05:07,302 cfg.data.trg                       : de
2020-08-10 08:05:07,302 cfg.model.bias_initializer         : zeros
2020-08-10 08:05:07,302 cfg.model.decoder.dropout          : 0.1
2020-08-10 08:05:07,302 cfg.model.decoder.embeddings.dropout : 0.0
2020-08-10 08:05:07,302 cfg.model.decoder.embeddings.embedding_dim : 512
2020-08-10 08:05:07,302 cfg.model.decoder.embeddings.scale : True
2020-08-10 08:05:07,302 cfg.model.decoder.ff_size          : 512
2020-08-10 08:05:07,302 cfg.model.decoder.freeze           : False
2020-08-10 08:05:07,302 cfg.model.decoder.hidden_size      : 512
2020-08-10 08:05:07,302 cfg.model.decoder.num_heads        : 8
2020-08-10 08:05:07,303 cfg.model.decoder.num_layers       : 6
2020-08-10 08:05:07,303 cfg.model.decoder.type             : transformer
2020-08-10 08:05:07,303 cfg.model.embed_init_gain          : 1.0
2020-08-10 08:05:07,303 cfg.model.embed_initializer        : xavier
2020-08-10 08:05:07,303 cfg.model.encoder.dropout          : 0.3
2020-08-10 08:05:07,303 cfg.model.encoder.embeddings.dropout : 0.0
2020-08-10 08:05:07,303 cfg.model.encoder.embeddings.embedding_dim : 512
2020-08-10 08:05:07,303 cfg.model.encoder.embeddings.scale : True
2020-08-10 08:05:07,303 cfg.model.encoder.ff_size          : 512
2020-08-10 08:05:07,303 cfg.model.encoder.freeze           : False
2020-08-10 08:05:07,303 cfg.model.encoder.hidden_size      : 512
2020-08-10 08:05:07,303 cfg.model.encoder.multi_encoder    : False
2020-08-10 08:05:07,303 cfg.model.encoder.num_heads        : 16
2020-08-10 08:05:07,303 cfg.model.encoder.num_layers       : 6
2020-08-10 08:05:07,303 cfg.model.encoder.type             : transformer
2020-08-10 08:05:07,303 cfg.model.init_gain                : 1.0
2020-08-10 08:05:07,303 cfg.model.initializer              : xavier
2020-08-10 08:05:07,303 cfg.model.tied_embeddings          : False
2020-08-10 08:05:07,304 cfg.model.tied_softmax             : True
2020-08-10 08:05:07,304 cfg.name                           : transformer
2020-08-10 08:05:07,304 cfg.testing.alpha                  : 1.0
2020-08-10 08:05:07,304 cfg.testing.beam_size              : 5
2020-08-10 08:05:07,304 cfg.training.adam_betas            : [0.9, 0.999]
2020-08-10 08:05:07,304 cfg.training.batch_multiplier      : 1
2020-08-10 08:05:07,304 cfg.training.batch_size            : 1024
2020-08-10 08:05:07,304 cfg.training.batch_type            : token
2020-08-10 08:05:07,304 cfg.training.decrease_factor       : 0.7
2020-08-10 08:05:07,304 cfg.training.early_stopping_metric : ppl
2020-08-10 08:05:07,304 cfg.training.epochs                : 20
2020-08-10 08:05:07,304 cfg.training.eval_metric           : bleu
2020-08-10 08:05:07,304 cfg.training.keep_last_ckpts       : 3
2020-08-10 08:05:07,304 cfg.training.label_smoothing       : 0.1
2020-08-10 08:05:07,304 cfg.training.learning_rate         : 0.0002
2020-08-10 08:05:07,304 cfg.training.learning_rate_min     : 1e-08
2020-08-10 08:05:07,304 cfg.training.logging_freq          : 100
2020-08-10 08:05:07,304 cfg.training.loss                  : crossentropy
2020-08-10 08:05:07,304 cfg.training.max_output_length     : 100
2020-08-10 08:05:07,305 cfg.training.model_dir             : models/viznet/attempt3/16_8_0.3_512_512_1024_10_10
2020-08-10 08:05:07,305 cfg.training.normalization         : tokens
2020-08-10 08:05:07,305 cfg.training.optimizer             : adam
2020-08-10 08:05:07,305 cfg.training.overwrite             : True
2020-08-10 08:05:07,305 cfg.training.patience              : 8
2020-08-10 08:05:07,305 cfg.training.print_valid_sents     : [0, 1, 2, 3]
2020-08-10 08:05:07,305 cfg.training.random_seed           : 42
2020-08-10 08:05:07,305 cfg.training.scheduling            : plateau
2020-08-10 08:05:07,305 cfg.training.shuffle               : True
2020-08-10 08:05:07,305 cfg.training.use_cuda              : True
2020-08-10 08:05:07,305 cfg.training.validation_freq       : 200
2020-08-10 08:05:07,305 cfg.training.weight_decay          : 0.0
2020-08-10 08:05:07,305 Data set sizes: 
	train 5000,
	valid 500,
	test 1220
2020-08-10 08:05:07,305 First training example:
	[SRC] hi there ! how can i help ?
	[TRG] hallo ! wie kann ich helfen ?
2020-08-10 08:05:07,305 First 10 words (src): (0) <unk> (1) <pad> (2) <s> (3) </s> (4) . (5) , (6) ? (7) you (8) i (9) the
2020-08-10 08:05:07,306 First 10 words (trg): (0) <unk> (1) <pad> (2) <s> (3) </s> (4) . (5) , (6) ? (7) sie (8) ich (9) das
2020-08-10 08:05:07,306 Number of Src words (types): 3468
2020-08-10 08:05:07,306 Number of Trg words (types): 4487
2020-08-10 08:05:07,306 Model(
	encoder=TransformerEncoder(num_layers=6, num_heads=16),
	decoder=TransformerDecoder(num_layers=6, num_heads=8),
	src_embed=Embeddings(embedding_dim=512, vocab_size=3468),
	trg_embed=Embeddings(embedding_dim=512, vocab_size=4487))
2020-08-10 08:05:07,311 EPOCH 1
2020-08-10 08:05:14,363 Epoch   1: total training loss 498.52
2020-08-10 08:05:14,363 EPOCH 2
2020-08-10 08:05:14,525 Epoch   2 Step:      100 Batch Loss:     4.031581 Tokens per Sec:     8627, Lr: 0.000200
2020-08-10 08:05:21,460 Epoch   2: total training loss 423.14
2020-08-10 08:05:21,461 EPOCH 3
2020-08-10 08:05:21,683 Epoch   3 Step:      200 Batch Loss:     3.067380 Tokens per Sec:     9041, Lr: 0.000200
2020-08-10 08:05:49,358 Hooray! New best validation result [ppl]!
2020-08-10 08:05:49,358 Saving new checkpoint.
2020-08-10 08:05:50,639 Example #0
2020-08-10 08:05:50,639 	Raw source:     ['hello', '.']
2020-08-10 08:05:50,639 	Raw hypothesis: ['ja', '.']
2020-08-10 08:05:50,639 	Source:     hello .
2020-08-10 08:05:50,639 	Reference:  hallo ,
2020-08-10 08:05:50,640 	Hypothesis: ja .
2020-08-10 08:05:50,640 Example #1
2020-08-10 08:05:50,640 	Raw source:     ['hi', ',', 'how', 'can', 'i', 'help', 'you', '?']
2020-08-10 08:05:50,640 	Raw hypothesis: ['hallo', ',', 'wie', 'kann', 'ich', 'ihnen', 'helfen', '?']
2020-08-10 08:05:50,640 	Source:     hi , how can i help you ?
2020-08-10 08:05:50,640 	Reference:  hallo , wie kann ich ihnen helfen ?
2020-08-10 08:05:50,640 	Hypothesis: hallo , wie kann ich ihnen helfen ?
2020-08-10 08:05:50,640 Example #2
2020-08-10 08:05:50,640 	Raw source:     ['hi', ',', 'i', '&apos;m', 'looking', 'for', 'a', 'restaurant', 'inside', 'the', 'arden', 'fair', 'mall', 'in', 'san', 'francisco', ',', 'california', '.']
2020-08-10 08:05:50,640 	Raw hypothesis: ['ich', 'habe', 'habe', 'habe', 'einen', ',', 'ich', 'habe', 'einen', ',', 'ich', 'habe', 'habe', 'einen', ',', 'ich', 'habe', 'in', 'in', 'in', 'in', 'in', 'in', 'in', 'in', 'in', 'in', 'in', 'in', 'in', 'in', 'in', 'in', 'in', 'in', ',', 'in', ',', 'ich', 'möchte', 'in', 'in', 'in', 'in', 'in', 'in', 'in', 'in', 'in', ',', 'ich', 'möchte', ',', 'ich', 'möchte', ',', 'ich', 'möchte', ',', 'ich', 'möchte', 'in', 'in', 'in', 'in', 'in', 'in', 'in', 'in', 'in', 'in', 'in', 'in', 'in', 'in', 'in', 'in', 'in', 'in', 'in', 'in', 'in', 'in', 'in', 'in', 'in', 'in', 'in', 'in', 'in', 'in', 'in', 'in', 'in', 'in', 'in', 'in', 'in', 'in', 'in']
2020-08-10 08:05:50,640 	Source:     hi , i &apos;m looking for a restaurant inside the arden fair mall in san francisco , california .
2020-08-10 08:05:50,640 	Reference:  hallo , ich bin auf der suche nach einem restaurant im arden fair einkaufszentrum in san francisco , kalifornien .
2020-08-10 08:05:50,640 	Hypothesis: ich habe habe habe einen , ich habe einen , ich habe habe einen , ich habe in in in in in in in in in in in in in in in in in in , in , ich möchte in in in in in in in in in , ich möchte , ich möchte , ich möchte , ich möchte in in in in in in in in in in in in in in in in in in in in in in in in in in in in in in in in in in in in in in in
2020-08-10 08:05:50,640 Example #3
2020-08-10 08:05:50,640 	Raw source:     ['ok', ',', 'what', 'type', 'of', 'restaurant', 'are', 'you', 'looking', 'for', '?']
2020-08-10 08:05:50,640 	Raw hypothesis: ['ok', ',', 'sie', 'sie', 'sie', '?']
2020-08-10 08:05:50,640 	Source:     ok , what type of restaurant are you looking for ?
2020-08-10 08:05:50,640 	Reference:  ok . welche art von restaurant suchen sie denn genau ?
2020-08-10 08:05:50,641 	Hypothesis: ok , sie sie sie ?
2020-08-10 08:05:50,641 Validation result (greedy) at epoch   3, step      200: bleu:   1.28, loss: 26809.2637, ppl:  65.9533, duration: 28.9577s
2020-08-10 08:05:57,608 Epoch   3: total training loss 373.15
2020-08-10 08:05:57,608 EPOCH 4
2020-08-10 08:05:57,885 Epoch   4 Step:      300 Batch Loss:     2.844917 Tokens per Sec:     5894, Lr: 0.000200
2020-08-10 08:06:04,703 Epoch   4: total training loss 327.83
2020-08-10 08:06:04,703 EPOCH 5
2020-08-10 08:06:05,055 Epoch   5 Step:      400 Batch Loss:     2.115513 Tokens per Sec:     8488, Lr: 0.000200
2020-08-10 08:06:31,900 Hooray! New best validation result [ppl]!
2020-08-10 08:06:31,900 Saving new checkpoint.
2020-08-10 08:06:33,041 Example #0
2020-08-10 08:06:33,041 	Raw source:     ['hello', '.']
2020-08-10 08:06:33,041 	Raw hypothesis: ['hallo', '.']
2020-08-10 08:06:33,042 	Source:     hello .
2020-08-10 08:06:33,042 	Reference:  hallo ,
2020-08-10 08:06:33,042 	Hypothesis: hallo .
2020-08-10 08:06:33,042 Example #1
2020-08-10 08:06:33,042 	Raw source:     ['hi', ',', 'how', 'can', 'i', 'help', 'you', '?']
2020-08-10 08:06:33,042 	Raw hypothesis: ['hallo', ',', 'wie', 'kann', 'ich', 'ihnen', 'helfen', '?']
2020-08-10 08:06:33,042 	Source:     hi , how can i help you ?
2020-08-10 08:06:33,042 	Reference:  hallo , wie kann ich ihnen helfen ?
2020-08-10 08:06:33,042 	Hypothesis: hallo , wie kann ich ihnen helfen ?
2020-08-10 08:06:33,042 Example #2
2020-08-10 08:06:33,042 	Raw source:     ['hi', ',', 'i', '&apos;m', 'looking', 'for', 'a', 'restaurant', 'inside', 'the', 'arden', 'fair', 'mall', 'in', 'san', 'francisco', ',', 'california', '.']
2020-08-10 08:06:33,042 	Raw hypothesis: ['hallo', ',', 'ich', 'möchte', 'ein', 'francisco', ',', 'kalifornien', ',', 'kalifornien', ',', 'kalifornien', ',', 'kalifornien', ',', 'kalifornien', ',', 'kalifornien', ',', 'kalifornien', ',', 'kalifornien', '.']
2020-08-10 08:06:33,042 	Source:     hi , i &apos;m looking for a restaurant inside the arden fair mall in san francisco , california .
2020-08-10 08:06:33,042 	Reference:  hallo , ich bin auf der suche nach einem restaurant im arden fair einkaufszentrum in san francisco , kalifornien .
2020-08-10 08:06:33,042 	Hypothesis: hallo , ich möchte ein francisco , kalifornien , kalifornien , kalifornien , kalifornien , kalifornien , kalifornien , kalifornien , kalifornien .
2020-08-10 08:06:33,042 Example #3
2020-08-10 08:06:33,042 	Raw source:     ['ok', ',', 'what', 'type', 'of', 'restaurant', 'are', 'you', 'looking', 'for', '?']
2020-08-10 08:06:33,042 	Raw hypothesis: ['okay', ',', 'welche', 'art', 'von', 'von', 'art', 'von', 'von', 'von', 'art', 'von', 'von', '?']
2020-08-10 08:06:33,042 	Source:     ok , what type of restaurant are you looking for ?
2020-08-10 08:06:33,042 	Reference:  ok . welche art von restaurant suchen sie denn genau ?
2020-08-10 08:06:33,042 	Hypothesis: okay , welche art von von art von von von art von von ?
2020-08-10 08:06:33,042 Validation result (greedy) at epoch   5, step      400: bleu:   5.60, loss: 21725.4961, ppl:  29.8030, duration: 27.9869s
2020-08-10 08:06:39,817 Epoch   5: total training loss 289.33
2020-08-10 08:06:39,818 EPOCH 6
2020-08-10 08:06:40,183 Epoch   6 Step:      500 Batch Loss:     1.844548 Tokens per Sec:     8299, Lr: 0.000200
2020-08-10 08:06:46,861 Epoch   6: total training loss 248.94
2020-08-10 08:06:46,861 EPOCH 7
2020-08-10 08:06:47,380 Epoch   7 Step:      600 Batch Loss:     1.631401 Tokens per Sec:     9214, Lr: 0.000200
2020-08-10 08:07:04,868 Hooray! New best validation result [ppl]!
2020-08-10 08:07:04,868 Saving new checkpoint.
2020-08-10 08:07:06,076 Example #0
2020-08-10 08:07:06,076 	Raw source:     ['hello', '.']
2020-08-10 08:07:06,076 	Raw hypothesis: ['hallo', ',']
2020-08-10 08:07:06,076 	Source:     hello .
2020-08-10 08:07:06,076 	Reference:  hallo ,
2020-08-10 08:07:06,076 	Hypothesis: hallo ,
2020-08-10 08:07:06,076 Example #1
2020-08-10 08:07:06,076 	Raw source:     ['hi', ',', 'how', 'can', 'i', 'help', 'you', '?']
2020-08-10 08:07:06,076 	Raw hypothesis: ['hallo', ',', 'wie', 'kann', 'ich', 'ihnen', 'helfen', '?']
2020-08-10 08:07:06,076 	Source:     hi , how can i help you ?
2020-08-10 08:07:06,076 	Reference:  hallo , wie kann ich ihnen helfen ?
2020-08-10 08:07:06,076 	Hypothesis: hallo , wie kann ich ihnen helfen ?
2020-08-10 08:07:06,076 Example #2
2020-08-10 08:07:06,076 	Raw source:     ['hi', ',', 'i', '&apos;m', 'looking', 'for', 'a', 'restaurant', 'inside', 'the', 'arden', 'fair', 'mall', 'in', 'san', 'francisco', ',', 'california', '.']
2020-08-10 08:07:06,077 	Raw hypothesis: ['hallo', ',', 'ich', 'bin', 'in', 'san', 'francisco', ',', 'kalifornien', ',', 'kalifornien', ',', 'kalifornien', ',', 'kalifornien', ',', 'kalifornien', ',', 'kalifornien', '.']
2020-08-10 08:07:06,077 	Source:     hi , i &apos;m looking for a restaurant inside the arden fair mall in san francisco , california .
2020-08-10 08:07:06,077 	Reference:  hallo , ich bin auf der suche nach einem restaurant im arden fair einkaufszentrum in san francisco , kalifornien .
2020-08-10 08:07:06,077 	Hypothesis: hallo , ich bin in san francisco , kalifornien , kalifornien , kalifornien , kalifornien , kalifornien , kalifornien .
2020-08-10 08:07:06,077 Example #3
2020-08-10 08:07:06,077 	Raw source:     ['ok', ',', 'what', 'type', 'of', 'restaurant', 'are', 'you', 'looking', 'for', '?']
2020-08-10 08:07:06,077 	Raw hypothesis: ['ok', ',', 'welche', 'art', 'von', 'restaurant', 'haben', 'sie', '?']
2020-08-10 08:07:06,077 	Source:     ok , what type of restaurant are you looking for ?
2020-08-10 08:07:06,077 	Reference:  ok . welche art von restaurant suchen sie denn genau ?
2020-08-10 08:07:06,077 	Hypothesis: ok , welche art von restaurant haben sie ?
2020-08-10 08:07:06,077 Validation result (greedy) at epoch   7, step      600: bleu:  11.88, loss: 18932.6270, ppl:  19.2637, duration: 18.6962s
2020-08-10 08:07:12,647 Epoch   7: total training loss 225.57
2020-08-10 08:07:12,647 EPOCH 8
2020-08-10 08:07:13,320 Epoch   8 Step:      700 Batch Loss:     2.466908 Tokens per Sec:     8785, Lr: 0.000200
2020-08-10 08:07:19,747 Epoch   8: total training loss 205.77
2020-08-10 08:07:19,747 EPOCH 9
2020-08-10 08:07:20,451 Epoch   9 Step:      800 Batch Loss:     0.339365 Tokens per Sec:     8524, Lr: 0.000200
2020-08-10 08:07:40,272 Hooray! New best validation result [ppl]!
2020-08-10 08:07:40,272 Saving new checkpoint.
2020-08-10 08:07:41,573 Example #0
2020-08-10 08:07:41,574 	Raw source:     ['hello', '.']
2020-08-10 08:07:41,574 	Raw hypothesis: ['hallo', '.']
2020-08-10 08:07:41,574 	Source:     hello .
2020-08-10 08:07:41,574 	Reference:  hallo ,
2020-08-10 08:07:41,574 	Hypothesis: hallo .
2020-08-10 08:07:41,574 Example #1
2020-08-10 08:07:41,574 	Raw source:     ['hi', ',', 'how', 'can', 'i', 'help', 'you', '?']
2020-08-10 08:07:41,574 	Raw hypothesis: ['hallo', ',', 'wie', 'kann', 'ich', 'ihnen', 'helfen', '?']
2020-08-10 08:07:41,574 	Source:     hi , how can i help you ?
2020-08-10 08:07:41,574 	Reference:  hallo , wie kann ich ihnen helfen ?
2020-08-10 08:07:41,574 	Hypothesis: hallo , wie kann ich ihnen helfen ?
2020-08-10 08:07:41,574 Example #2
2020-08-10 08:07:41,574 	Raw source:     ['hi', ',', 'i', '&apos;m', 'looking', 'for', 'a', 'restaurant', 'inside', 'the', 'arden', 'fair', 'mall', 'in', 'san', 'francisco', ',', 'california', '.']
2020-08-10 08:07:41,574 	Raw hypothesis: ['hallo', ',', 'ich', 'suche', 'ein', 'restaurant', 'in', 'san', 'francisco', ',', 'kalifornien', ',', 'kalifornien', ',', 'kalifornien', '.']
2020-08-10 08:07:41,574 	Source:     hi , i &apos;m looking for a restaurant inside the arden fair mall in san francisco , california .
2020-08-10 08:07:41,574 	Reference:  hallo , ich bin auf der suche nach einem restaurant im arden fair einkaufszentrum in san francisco , kalifornien .
2020-08-10 08:07:41,574 	Hypothesis: hallo , ich suche ein restaurant in san francisco , kalifornien , kalifornien , kalifornien .
2020-08-10 08:07:41,575 Example #3
2020-08-10 08:07:41,575 	Raw source:     ['ok', ',', 'what', 'type', 'of', 'restaurant', 'are', 'you', 'looking', 'for', '?']
2020-08-10 08:07:41,575 	Raw hypothesis: ['ok', ',', 'welche', 'art', 'von', 'restaurant', 'suchen', 'sie', '?']
2020-08-10 08:07:41,575 	Source:     ok , what type of restaurant are you looking for ?
2020-08-10 08:07:41,575 	Reference:  ok . welche art von restaurant suchen sie denn genau ?
2020-08-10 08:07:41,575 	Hypothesis: ok , welche art von restaurant suchen sie ?
2020-08-10 08:07:41,575 Validation result (greedy) at epoch   9, step      800: bleu:  16.68, loss: 17246.4805, ppl:  14.8020, duration: 21.1237s
2020-08-10 08:07:47,977 Epoch   9: total training loss 187.49
2020-08-10 08:07:47,978 EPOCH 10
2020-08-10 08:07:48,802 Epoch  10 Step:      900 Batch Loss:     2.058960 Tokens per Sec:     9457, Lr: 0.000200
2020-08-10 08:07:55,065 Epoch  10: total training loss 171.60
2020-08-10 08:07:55,065 EPOCH 11
2020-08-10 08:07:55,943 Epoch  11 Step:     1000 Batch Loss:     1.497157 Tokens per Sec:     8838, Lr: 0.000200
2020-08-10 08:08:10,223 Hooray! New best validation result [ppl]!
2020-08-10 08:08:10,223 Saving new checkpoint.
2020-08-10 08:08:11,540 Example #0
2020-08-10 08:08:11,540 	Raw source:     ['hello', '.']
2020-08-10 08:08:11,540 	Raw hypothesis: ['hallo', ',']
2020-08-10 08:08:11,540 	Source:     hello .
2020-08-10 08:08:11,540 	Reference:  hallo ,
2020-08-10 08:08:11,540 	Hypothesis: hallo ,
2020-08-10 08:08:11,541 Example #1
2020-08-10 08:08:11,541 	Raw source:     ['hi', ',', 'how', 'can', 'i', 'help', 'you', '?']
2020-08-10 08:08:11,541 	Raw hypothesis: ['hallo', ',', 'wie', 'kann', 'ich', 'ihnen', 'helfen', '?']
2020-08-10 08:08:11,541 	Source:     hi , how can i help you ?
2020-08-10 08:08:11,541 	Reference:  hallo , wie kann ich ihnen helfen ?
2020-08-10 08:08:11,541 	Hypothesis: hallo , wie kann ich ihnen helfen ?
2020-08-10 08:08:11,541 Example #2
2020-08-10 08:08:11,541 	Raw source:     ['hi', ',', 'i', '&apos;m', 'looking', 'for', 'a', 'restaurant', 'inside', 'the', 'arden', 'fair', 'mall', 'in', 'san', 'francisco', ',', 'california', '.']
2020-08-10 08:08:11,541 	Raw hypothesis: ['hallo', ',', 'ich', 'suche', 'ein', 'restaurant', 'in', 'san', 'francisco', ',', 'kalifornien', ',', 'kalifornien', '.']
2020-08-10 08:08:11,541 	Source:     hi , i &apos;m looking for a restaurant inside the arden fair mall in san francisco , california .
2020-08-10 08:08:11,541 	Reference:  hallo , ich bin auf der suche nach einem restaurant im arden fair einkaufszentrum in san francisco , kalifornien .
2020-08-10 08:08:11,541 	Hypothesis: hallo , ich suche ein restaurant in san francisco , kalifornien , kalifornien .
2020-08-10 08:08:11,541 Example #3
2020-08-10 08:08:11,541 	Raw source:     ['ok', ',', 'what', 'type', 'of', 'restaurant', 'are', 'you', 'looking', 'for', '?']
2020-08-10 08:08:11,541 	Raw hypothesis: ['ok', ',', 'welche', 'art', 'von', 'restaurant', 'suchen', 'sie', '?']
2020-08-10 08:08:11,541 	Source:     ok , what type of restaurant are you looking for ?
2020-08-10 08:08:11,541 	Reference:  ok . welche art von restaurant suchen sie denn genau ?
2020-08-10 08:08:11,541 	Hypothesis: ok , welche art von restaurant suchen sie ?
2020-08-10 08:08:11,541 Validation result (greedy) at epoch  11, step     1000: bleu:  21.96, loss: 16159.7129, ppl:  12.4903, duration: 15.5984s
2020-08-10 08:08:17,752 Epoch  11: total training loss 152.94
2020-08-10 08:08:17,752 EPOCH 12
2020-08-10 08:08:18,754 Epoch  12 Step:     1100 Batch Loss:     1.311731 Tokens per Sec:     9043, Lr: 0.000200
2020-08-10 08:08:24,821 Epoch  12: total training loss 144.42
2020-08-10 08:08:24,821 EPOCH 13
2020-08-10 08:08:25,852 Epoch  13 Step:     1200 Batch Loss:     1.302037 Tokens per Sec:     9473, Lr: 0.000200
2020-08-10 08:08:41,443 Hooray! New best validation result [ppl]!
2020-08-10 08:08:41,443 Saving new checkpoint.
2020-08-10 08:08:42,749 Example #0
2020-08-10 08:08:42,749 	Raw source:     ['hello', '.']
2020-08-10 08:08:42,749 	Raw hypothesis: ['hallo', '.']
2020-08-10 08:08:42,749 	Source:     hello .
2020-08-10 08:08:42,749 	Reference:  hallo ,
2020-08-10 08:08:42,749 	Hypothesis: hallo .
2020-08-10 08:08:42,749 Example #1
2020-08-10 08:08:42,749 	Raw source:     ['hi', ',', 'how', 'can', 'i', 'help', 'you', '?']
2020-08-10 08:08:42,749 	Raw hypothesis: ['hallo', ',', 'wie', 'kann', 'ich', 'ihnen', 'helfen', '?']
2020-08-10 08:08:42,749 	Source:     hi , how can i help you ?
2020-08-10 08:08:42,749 	Reference:  hallo , wie kann ich ihnen helfen ?
2020-08-10 08:08:42,750 	Hypothesis: hallo , wie kann ich ihnen helfen ?
2020-08-10 08:08:42,750 Example #2
2020-08-10 08:08:42,750 	Raw source:     ['hi', ',', 'i', '&apos;m', 'looking', 'for', 'a', 'restaurant', 'inside', 'the', 'arden', 'fair', 'mall', 'in', 'san', 'francisco', ',', 'california', '.']
2020-08-10 08:08:42,750 	Raw hypothesis: ['hallo', ',', 'ich', 'suche', 'ein', 'restaurant', 'in', 'san', 'francisco', ',', 'kalifornien', ',', 'kalifornien', ',', 'kalifornien', '.']
2020-08-10 08:08:42,750 	Source:     hi , i &apos;m looking for a restaurant inside the arden fair mall in san francisco , california .
2020-08-10 08:08:42,750 	Reference:  hallo , ich bin auf der suche nach einem restaurant im arden fair einkaufszentrum in san francisco , kalifornien .
2020-08-10 08:08:42,750 	Hypothesis: hallo , ich suche ein restaurant in san francisco , kalifornien , kalifornien , kalifornien .
2020-08-10 08:08:42,750 Example #3
2020-08-10 08:08:42,750 	Raw source:     ['ok', ',', 'what', 'type', 'of', 'restaurant', 'are', 'you', 'looking', 'for', '?']
2020-08-10 08:08:42,750 	Raw hypothesis: ['ok', ',', 'nach', 'welcher', 'art', 'von', 'restaurant', 'suchen', 'sie', '?']
2020-08-10 08:08:42,750 	Source:     ok , what type of restaurant are you looking for ?
2020-08-10 08:08:42,750 	Reference:  ok . welche art von restaurant suchen sie denn genau ?
2020-08-10 08:08:42,750 	Hypothesis: ok , nach welcher art von restaurant suchen sie ?
2020-08-10 08:08:42,750 Validation result (greedy) at epoch  13, step     1200: bleu:  24.48, loss: 15884.3213, ppl:  11.9643, duration: 16.8980s
2020-08-10 08:08:48,892 Epoch  13: total training loss 131.50
2020-08-10 08:08:48,893 EPOCH 14
2020-08-10 08:08:49,888 Epoch  14 Step:     1300 Batch Loss:     0.289868 Tokens per Sec:     8845, Lr: 0.000200
2020-08-10 08:08:55,964 Epoch  14: total training loss 120.54
2020-08-10 08:08:55,964 EPOCH 15
2020-08-10 08:08:57,031 Epoch  15 Step:     1400 Batch Loss:     0.747830 Tokens per Sec:     9084, Lr: 0.000200
2020-08-10 08:09:10,466 Hooray! New best validation result [ppl]!
2020-08-10 08:09:10,466 Saving new checkpoint.
2020-08-10 08:09:11,750 Example #0
2020-08-10 08:09:11,750 	Raw source:     ['hello', '.']
2020-08-10 08:09:11,750 	Raw hypothesis: ['hallo', '.']
2020-08-10 08:09:11,750 	Source:     hello .
2020-08-10 08:09:11,750 	Reference:  hallo ,
2020-08-10 08:09:11,750 	Hypothesis: hallo .
2020-08-10 08:09:11,750 Example #1
2020-08-10 08:09:11,750 	Raw source:     ['hi', ',', 'how', 'can', 'i', 'help', 'you', '?']
2020-08-10 08:09:11,750 	Raw hypothesis: ['hallo', ',', 'wie', 'kann', 'ich', 'ihnen', 'helfen', '?']
2020-08-10 08:09:11,750 	Source:     hi , how can i help you ?
2020-08-10 08:09:11,750 	Reference:  hallo , wie kann ich ihnen helfen ?
2020-08-10 08:09:11,750 	Hypothesis: hallo , wie kann ich ihnen helfen ?
2020-08-10 08:09:11,750 Example #2
2020-08-10 08:09:11,750 	Raw source:     ['hi', ',', 'i', '&apos;m', 'looking', 'for', 'a', 'restaurant', 'inside', 'the', 'arden', 'fair', 'mall', 'in', 'san', 'francisco', ',', 'california', '.']
2020-08-10 08:09:11,750 	Raw hypothesis: ['hallo', ',', 'ich', 'suche', 'ein', 'restaurant', 'in', 'san', 'francisco', ',', 'kalifornien', ',', 'kalifornien', '.']
2020-08-10 08:09:11,750 	Source:     hi , i &apos;m looking for a restaurant inside the arden fair mall in san francisco , california .
2020-08-10 08:09:11,750 	Reference:  hallo , ich bin auf der suche nach einem restaurant im arden fair einkaufszentrum in san francisco , kalifornien .
2020-08-10 08:09:11,750 	Hypothesis: hallo , ich suche ein restaurant in san francisco , kalifornien , kalifornien .
2020-08-10 08:09:11,750 Example #3
2020-08-10 08:09:11,751 	Raw source:     ['ok', ',', 'what', 'type', 'of', 'restaurant', 'are', 'you', 'looking', 'for', '?']
2020-08-10 08:09:11,751 	Raw hypothesis: ['ok', ',', 'nach', 'welcher', 'art', 'von', 'restaurant', 'suchen', 'sie', '?']
2020-08-10 08:09:11,751 	Source:     ok , what type of restaurant are you looking for ?
2020-08-10 08:09:11,751 	Reference:  ok . welche art von restaurant suchen sie denn genau ?
2020-08-10 08:09:11,751 	Hypothesis: ok , nach welcher art von restaurant suchen sie ?
2020-08-10 08:09:11,751 Validation result (greedy) at epoch  15, step     1400: bleu:  26.30, loss: 15725.6328, ppl:  11.6713, duration: 14.7192s
2020-08-10 08:09:17,783 Epoch  15: total training loss 102.29
2020-08-10 08:09:17,783 EPOCH 16
2020-08-10 08:09:19,000 Epoch  16 Step:     1500 Batch Loss:     1.598993 Tokens per Sec:     8905, Lr: 0.000200
2020-08-10 08:09:24,862 Epoch  16: total training loss 94.35
2020-08-10 08:09:24,862 EPOCH 17
2020-08-10 08:09:26,147 Epoch  17 Step:     1600 Batch Loss:     0.559346 Tokens per Sec:     8898, Lr: 0.000200
2020-08-10 08:09:35,525 Hooray! New best validation result [ppl]!
2020-08-10 08:09:35,525 Saving new checkpoint.
2020-08-10 08:09:36,861 Example #0
2020-08-10 08:09:36,861 	Raw source:     ['hello', '.']
2020-08-10 08:09:36,861 	Raw hypothesis: ['hallo', '.']
2020-08-10 08:09:36,861 	Source:     hello .
2020-08-10 08:09:36,861 	Reference:  hallo ,
2020-08-10 08:09:36,861 	Hypothesis: hallo .
2020-08-10 08:09:36,861 Example #1
2020-08-10 08:09:36,861 	Raw source:     ['hi', ',', 'how', 'can', 'i', 'help', 'you', '?']
2020-08-10 08:09:36,861 	Raw hypothesis: ['hallo', ',', 'wie', 'kann', 'ich', 'ihnen', 'helfen', '?']
2020-08-10 08:09:36,861 	Source:     hi , how can i help you ?
2020-08-10 08:09:36,861 	Reference:  hallo , wie kann ich ihnen helfen ?
2020-08-10 08:09:36,861 	Hypothesis: hallo , wie kann ich ihnen helfen ?
2020-08-10 08:09:36,861 Example #2
2020-08-10 08:09:36,861 	Raw source:     ['hi', ',', 'i', '&apos;m', 'looking', 'for', 'a', 'restaurant', 'inside', 'the', 'arden', 'fair', 'mall', 'in', 'san', 'francisco', ',', 'california', '.']
2020-08-10 08:09:36,862 	Raw hypothesis: ['hallo', ',', 'ich', 'suche', 'ein', 'restaurant', 'in', 'san', 'francisco', ',', 'kalifornien', ',', 'kalifornien', '.']
2020-08-10 08:09:36,862 	Source:     hi , i &apos;m looking for a restaurant inside the arden fair mall in san francisco , california .
2020-08-10 08:09:36,862 	Reference:  hallo , ich bin auf der suche nach einem restaurant im arden fair einkaufszentrum in san francisco , kalifornien .
2020-08-10 08:09:36,862 	Hypothesis: hallo , ich suche ein restaurant in san francisco , kalifornien , kalifornien .
2020-08-10 08:09:36,862 Example #3
2020-08-10 08:09:36,862 	Raw source:     ['ok', ',', 'what', 'type', 'of', 'restaurant', 'are', 'you', 'looking', 'for', '?']
2020-08-10 08:09:36,862 	Raw hypothesis: ['ok', ',', 'nach', 'welcher', 'art', 'von', 'restaurant', 'suchen', 'sie', '?']
2020-08-10 08:09:36,862 	Source:     ok , what type of restaurant are you looking for ?
2020-08-10 08:09:36,862 	Reference:  ok . welche art von restaurant suchen sie denn genau ?
2020-08-10 08:09:36,862 	Hypothesis: ok , nach welcher art von restaurant suchen sie ?
2020-08-10 08:09:36,862 Validation result (greedy) at epoch  17, step     1600: bleu:  30.25, loss: 15712.8975, ppl:  11.6481, duration: 10.7149s
2020-08-10 08:09:42,700 Epoch  17: total training loss 84.27
2020-08-10 08:09:42,701 EPOCH 18
2020-08-10 08:09:44,073 Epoch  18 Step:     1700 Batch Loss:     0.542824 Tokens per Sec:     9238, Lr: 0.000200
2020-08-10 08:09:49,798 Epoch  18: total training loss 75.23
2020-08-10 08:09:49,798 EPOCH 19
2020-08-10 08:09:51,263 Epoch  19 Step:     1800 Batch Loss:     1.049775 Tokens per Sec:     9030, Lr: 0.000200
2020-08-10 08:10:03,335 Hooray! New best validation result [ppl]!
2020-08-10 08:10:03,336 Saving new checkpoint.
2020-08-10 08:10:04,662 Example #0
2020-08-10 08:10:04,662 	Raw source:     ['hello', '.']
2020-08-10 08:10:04,662 	Raw hypothesis: ['hallo', '.']
2020-08-10 08:10:04,662 	Source:     hello .
2020-08-10 08:10:04,662 	Reference:  hallo ,
2020-08-10 08:10:04,663 	Hypothesis: hallo .
2020-08-10 08:10:04,663 Example #1
2020-08-10 08:10:04,663 	Raw source:     ['hi', ',', 'how', 'can', 'i', 'help', 'you', '?']
2020-08-10 08:10:04,663 	Raw hypothesis: ['hallo', ',', 'wie', 'kann', 'ich', 'ihnen', 'helfen', '?']
2020-08-10 08:10:04,663 	Source:     hi , how can i help you ?
2020-08-10 08:10:04,663 	Reference:  hallo , wie kann ich ihnen helfen ?
2020-08-10 08:10:04,663 	Hypothesis: hallo , wie kann ich ihnen helfen ?
2020-08-10 08:10:04,663 Example #2
2020-08-10 08:10:04,663 	Raw source:     ['hi', ',', 'i', '&apos;m', 'looking', 'for', 'a', 'restaurant', 'inside', 'the', 'arden', 'fair', 'mall', 'in', 'san', 'francisco', ',', 'california', '.']
2020-08-10 08:10:04,663 	Raw hypothesis: ['hallo', ',', 'ich', 'suche', 'ein', 'restaurant', 'in', 'der', 'arden', 'fair', 'mall', 'in', 'san', 'francisco', ',', 'kalifornien', '.']
2020-08-10 08:10:04,663 	Source:     hi , i &apos;m looking for a restaurant inside the arden fair mall in san francisco , california .
2020-08-10 08:10:04,663 	Reference:  hallo , ich bin auf der suche nach einem restaurant im arden fair einkaufszentrum in san francisco , kalifornien .
2020-08-10 08:10:04,663 	Hypothesis: hallo , ich suche ein restaurant in der arden fair mall in san francisco , kalifornien .
2020-08-10 08:10:04,663 Example #3
2020-08-10 08:10:04,663 	Raw source:     ['ok', ',', 'what', 'type', 'of', 'restaurant', 'are', 'you', 'looking', 'for', '?']
2020-08-10 08:10:04,663 	Raw hypothesis: ['ok', ',', 'nach', 'welcher', 'art', 'von', 'restaurant', 'suchen', 'sie', '?']
2020-08-10 08:10:04,663 	Source:     ok , what type of restaurant are you looking for ?
2020-08-10 08:10:04,663 	Reference:  ok . welche art von restaurant suchen sie denn genau ?
2020-08-10 08:10:04,663 	Hypothesis: ok , nach welcher art von restaurant suchen sie ?
2020-08-10 08:10:04,664 Validation result (greedy) at epoch  19, step     1800: bleu:  29.75, loss: 15614.2041, ppl:  11.4698, duration: 13.4001s
2020-08-10 08:10:10,235 Epoch  19: total training loss 65.68
2020-08-10 08:10:10,236 EPOCH 20
2020-08-10 08:10:11,819 Epoch  20 Step:     1900 Batch Loss:     0.720278 Tokens per Sec:     9058, Lr: 0.000200
2020-08-10 08:10:17,385 Epoch  20: total training loss 61.62
2020-08-10 08:10:17,385 Training ended after  20 epochs.
2020-08-10 08:10:17,385 Best validation result (greedy) at step     1800:  11.47 ppl.
