2020-08-10 02:35:01,384 Hello! This is Joey-NMT.
2020-08-10 02:35:02,778 Total params: 9944832
2020-08-10 02:35:02,779 Trainable parameters: ['decoder.layer_norm.bias', 'decoder.layer_norm.weight', 'decoder.layers.0.dec_layer_norm.bias', 'decoder.layers.0.dec_layer_norm.weight', 'decoder.layers.0.feed_forward.layer_norm.bias', 'decoder.layers.0.feed_forward.layer_norm.weight', 'decoder.layers.0.feed_forward.pwff_layer.0.bias', 'decoder.layers.0.feed_forward.pwff_layer.0.weight', 'decoder.layers.0.feed_forward.pwff_layer.3.bias', 'decoder.layers.0.feed_forward.pwff_layer.3.weight', 'decoder.layers.0.src_trg_att.k_layer.bias', 'decoder.layers.0.src_trg_att.k_layer.weight', 'decoder.layers.0.src_trg_att.output_layer.bias', 'decoder.layers.0.src_trg_att.output_layer.weight', 'decoder.layers.0.src_trg_att.q_layer.bias', 'decoder.layers.0.src_trg_att.q_layer.weight', 'decoder.layers.0.src_trg_att.v_layer.bias', 'decoder.layers.0.src_trg_att.v_layer.weight', 'decoder.layers.0.trg_trg_att.k_layer.bias', 'decoder.layers.0.trg_trg_att.k_layer.weight', 'decoder.layers.0.trg_trg_att.output_layer.bias', 'decoder.layers.0.trg_trg_att.output_layer.weight', 'decoder.layers.0.trg_trg_att.q_layer.bias', 'decoder.layers.0.trg_trg_att.q_layer.weight', 'decoder.layers.0.trg_trg_att.v_layer.bias', 'decoder.layers.0.trg_trg_att.v_layer.weight', 'decoder.layers.0.x_layer_norm.bias', 'decoder.layers.0.x_layer_norm.weight', 'decoder.layers.1.dec_layer_norm.bias', 'decoder.layers.1.dec_layer_norm.weight', 'decoder.layers.1.feed_forward.layer_norm.bias', 'decoder.layers.1.feed_forward.layer_norm.weight', 'decoder.layers.1.feed_forward.pwff_layer.0.bias', 'decoder.layers.1.feed_forward.pwff_layer.0.weight', 'decoder.layers.1.feed_forward.pwff_layer.3.bias', 'decoder.layers.1.feed_forward.pwff_layer.3.weight', 'decoder.layers.1.src_trg_att.k_layer.bias', 'decoder.layers.1.src_trg_att.k_layer.weight', 'decoder.layers.1.src_trg_att.output_layer.bias', 'decoder.layers.1.src_trg_att.output_layer.weight', 'decoder.layers.1.src_trg_att.q_layer.bias', 'decoder.layers.1.src_trg_att.q_layer.weight', 'decoder.layers.1.src_trg_att.v_layer.bias', 'decoder.layers.1.src_trg_att.v_layer.weight', 'decoder.layers.1.trg_trg_att.k_layer.bias', 'decoder.layers.1.trg_trg_att.k_layer.weight', 'decoder.layers.1.trg_trg_att.output_layer.bias', 'decoder.layers.1.trg_trg_att.output_layer.weight', 'decoder.layers.1.trg_trg_att.q_layer.bias', 'decoder.layers.1.trg_trg_att.q_layer.weight', 'decoder.layers.1.trg_trg_att.v_layer.bias', 'decoder.layers.1.trg_trg_att.v_layer.weight', 'decoder.layers.1.x_layer_norm.bias', 'decoder.layers.1.x_layer_norm.weight', 'decoder.layers.2.dec_layer_norm.bias', 'decoder.layers.2.dec_layer_norm.weight', 'decoder.layers.2.feed_forward.layer_norm.bias', 'decoder.layers.2.feed_forward.layer_norm.weight', 'decoder.layers.2.feed_forward.pwff_layer.0.bias', 'decoder.layers.2.feed_forward.pwff_layer.0.weight', 'decoder.layers.2.feed_forward.pwff_layer.3.bias', 'decoder.layers.2.feed_forward.pwff_layer.3.weight', 'decoder.layers.2.src_trg_att.k_layer.bias', 'decoder.layers.2.src_trg_att.k_layer.weight', 'decoder.layers.2.src_trg_att.output_layer.bias', 'decoder.layers.2.src_trg_att.output_layer.weight', 'decoder.layers.2.src_trg_att.q_layer.bias', 'decoder.layers.2.src_trg_att.q_layer.weight', 'decoder.layers.2.src_trg_att.v_layer.bias', 'decoder.layers.2.src_trg_att.v_layer.weight', 'decoder.layers.2.trg_trg_att.k_layer.bias', 'decoder.layers.2.trg_trg_att.k_layer.weight', 'decoder.layers.2.trg_trg_att.output_layer.bias', 'decoder.layers.2.trg_trg_att.output_layer.weight', 'decoder.layers.2.trg_trg_att.q_layer.bias', 'decoder.layers.2.trg_trg_att.q_layer.weight', 'decoder.layers.2.trg_trg_att.v_layer.bias', 'decoder.layers.2.trg_trg_att.v_layer.weight', 'decoder.layers.2.x_layer_norm.bias', 'decoder.layers.2.x_layer_norm.weight', 'decoder.layers.3.dec_layer_norm.bias', 'decoder.layers.3.dec_layer_norm.weight', 'decoder.layers.3.feed_forward.layer_norm.bias', 'decoder.layers.3.feed_forward.layer_norm.weight', 'decoder.layers.3.feed_forward.pwff_layer.0.bias', 'decoder.layers.3.feed_forward.pwff_layer.0.weight', 'decoder.layers.3.feed_forward.pwff_layer.3.bias', 'decoder.layers.3.feed_forward.pwff_layer.3.weight', 'decoder.layers.3.src_trg_att.k_layer.bias', 'decoder.layers.3.src_trg_att.k_layer.weight', 'decoder.layers.3.src_trg_att.output_layer.bias', 'decoder.layers.3.src_trg_att.output_layer.weight', 'decoder.layers.3.src_trg_att.q_layer.bias', 'decoder.layers.3.src_trg_att.q_layer.weight', 'decoder.layers.3.src_trg_att.v_layer.bias', 'decoder.layers.3.src_trg_att.v_layer.weight', 'decoder.layers.3.trg_trg_att.k_layer.bias', 'decoder.layers.3.trg_trg_att.k_layer.weight', 'decoder.layers.3.trg_trg_att.output_layer.bias', 'decoder.layers.3.trg_trg_att.output_layer.weight', 'decoder.layers.3.trg_trg_att.q_layer.bias', 'decoder.layers.3.trg_trg_att.q_layer.weight', 'decoder.layers.3.trg_trg_att.v_layer.bias', 'decoder.layers.3.trg_trg_att.v_layer.weight', 'decoder.layers.3.x_layer_norm.bias', 'decoder.layers.3.x_layer_norm.weight', 'decoder.layers.4.dec_layer_norm.bias', 'decoder.layers.4.dec_layer_norm.weight', 'decoder.layers.4.feed_forward.layer_norm.bias', 'decoder.layers.4.feed_forward.layer_norm.weight', 'decoder.layers.4.feed_forward.pwff_layer.0.bias', 'decoder.layers.4.feed_forward.pwff_layer.0.weight', 'decoder.layers.4.feed_forward.pwff_layer.3.bias', 'decoder.layers.4.feed_forward.pwff_layer.3.weight', 'decoder.layers.4.src_trg_att.k_layer.bias', 'decoder.layers.4.src_trg_att.k_layer.weight', 'decoder.layers.4.src_trg_att.output_layer.bias', 'decoder.layers.4.src_trg_att.output_layer.weight', 'decoder.layers.4.src_trg_att.q_layer.bias', 'decoder.layers.4.src_trg_att.q_layer.weight', 'decoder.layers.4.src_trg_att.v_layer.bias', 'decoder.layers.4.src_trg_att.v_layer.weight', 'decoder.layers.4.trg_trg_att.k_layer.bias', 'decoder.layers.4.trg_trg_att.k_layer.weight', 'decoder.layers.4.trg_trg_att.output_layer.bias', 'decoder.layers.4.trg_trg_att.output_layer.weight', 'decoder.layers.4.trg_trg_att.q_layer.bias', 'decoder.layers.4.trg_trg_att.q_layer.weight', 'decoder.layers.4.trg_trg_att.v_layer.bias', 'decoder.layers.4.trg_trg_att.v_layer.weight', 'decoder.layers.4.x_layer_norm.bias', 'decoder.layers.4.x_layer_norm.weight', 'decoder.layers.5.dec_layer_norm.bias', 'decoder.layers.5.dec_layer_norm.weight', 'decoder.layers.5.feed_forward.layer_norm.bias', 'decoder.layers.5.feed_forward.layer_norm.weight', 'decoder.layers.5.feed_forward.pwff_layer.0.bias', 'decoder.layers.5.feed_forward.pwff_layer.0.weight', 'decoder.layers.5.feed_forward.pwff_layer.3.bias', 'decoder.layers.5.feed_forward.pwff_layer.3.weight', 'decoder.layers.5.src_trg_att.k_layer.bias', 'decoder.layers.5.src_trg_att.k_layer.weight', 'decoder.layers.5.src_trg_att.output_layer.bias', 'decoder.layers.5.src_trg_att.output_layer.weight', 'decoder.layers.5.src_trg_att.q_layer.bias', 'decoder.layers.5.src_trg_att.q_layer.weight', 'decoder.layers.5.src_trg_att.v_layer.bias', 'decoder.layers.5.src_trg_att.v_layer.weight', 'decoder.layers.5.trg_trg_att.k_layer.bias', 'decoder.layers.5.trg_trg_att.k_layer.weight', 'decoder.layers.5.trg_trg_att.output_layer.bias', 'decoder.layers.5.trg_trg_att.output_layer.weight', 'decoder.layers.5.trg_trg_att.q_layer.bias', 'decoder.layers.5.trg_trg_att.q_layer.weight', 'decoder.layers.5.trg_trg_att.v_layer.bias', 'decoder.layers.5.trg_trg_att.v_layer.weight', 'decoder.layers.5.x_layer_norm.bias', 'decoder.layers.5.x_layer_norm.weight', 'encoder.layer_norm.bias', 'encoder.layer_norm.weight', 'encoder.layers.0.feed_forward.layer_norm.bias', 'encoder.layers.0.feed_forward.layer_norm.weight', 'encoder.layers.0.feed_forward.pwff_layer.0.bias', 'encoder.layers.0.feed_forward.pwff_layer.0.weight', 'encoder.layers.0.feed_forward.pwff_layer.3.bias', 'encoder.layers.0.feed_forward.pwff_layer.3.weight', 'encoder.layers.0.layer_norm.bias', 'encoder.layers.0.layer_norm.weight', 'encoder.layers.0.src_src_att.k_layer.bias', 'encoder.layers.0.src_src_att.k_layer.weight', 'encoder.layers.0.src_src_att.output_layer.bias', 'encoder.layers.0.src_src_att.output_layer.weight', 'encoder.layers.0.src_src_att.q_layer.bias', 'encoder.layers.0.src_src_att.q_layer.weight', 'encoder.layers.0.src_src_att.v_layer.bias', 'encoder.layers.0.src_src_att.v_layer.weight', 'encoder.layers.1.feed_forward.layer_norm.bias', 'encoder.layers.1.feed_forward.layer_norm.weight', 'encoder.layers.1.feed_forward.pwff_layer.0.bias', 'encoder.layers.1.feed_forward.pwff_layer.0.weight', 'encoder.layers.1.feed_forward.pwff_layer.3.bias', 'encoder.layers.1.feed_forward.pwff_layer.3.weight', 'encoder.layers.1.layer_norm.bias', 'encoder.layers.1.layer_norm.weight', 'encoder.layers.1.src_src_att.k_layer.bias', 'encoder.layers.1.src_src_att.k_layer.weight', 'encoder.layers.1.src_src_att.output_layer.bias', 'encoder.layers.1.src_src_att.output_layer.weight', 'encoder.layers.1.src_src_att.q_layer.bias', 'encoder.layers.1.src_src_att.q_layer.weight', 'encoder.layers.1.src_src_att.v_layer.bias', 'encoder.layers.1.src_src_att.v_layer.weight', 'encoder.layers.2.feed_forward.layer_norm.bias', 'encoder.layers.2.feed_forward.layer_norm.weight', 'encoder.layers.2.feed_forward.pwff_layer.0.bias', 'encoder.layers.2.feed_forward.pwff_layer.0.weight', 'encoder.layers.2.feed_forward.pwff_layer.3.bias', 'encoder.layers.2.feed_forward.pwff_layer.3.weight', 'encoder.layers.2.layer_norm.bias', 'encoder.layers.2.layer_norm.weight', 'encoder.layers.2.src_src_att.k_layer.bias', 'encoder.layers.2.src_src_att.k_layer.weight', 'encoder.layers.2.src_src_att.output_layer.bias', 'encoder.layers.2.src_src_att.output_layer.weight', 'encoder.layers.2.src_src_att.q_layer.bias', 'encoder.layers.2.src_src_att.q_layer.weight', 'encoder.layers.2.src_src_att.v_layer.bias', 'encoder.layers.2.src_src_att.v_layer.weight', 'encoder.layers.3.feed_forward.layer_norm.bias', 'encoder.layers.3.feed_forward.layer_norm.weight', 'encoder.layers.3.feed_forward.pwff_layer.0.bias', 'encoder.layers.3.feed_forward.pwff_layer.0.weight', 'encoder.layers.3.feed_forward.pwff_layer.3.bias', 'encoder.layers.3.feed_forward.pwff_layer.3.weight', 'encoder.layers.3.layer_norm.bias', 'encoder.layers.3.layer_norm.weight', 'encoder.layers.3.src_src_att.k_layer.bias', 'encoder.layers.3.src_src_att.k_layer.weight', 'encoder.layers.3.src_src_att.output_layer.bias', 'encoder.layers.3.src_src_att.output_layer.weight', 'encoder.layers.3.src_src_att.q_layer.bias', 'encoder.layers.3.src_src_att.q_layer.weight', 'encoder.layers.3.src_src_att.v_layer.bias', 'encoder.layers.3.src_src_att.v_layer.weight', 'encoder.layers.4.feed_forward.layer_norm.bias', 'encoder.layers.4.feed_forward.layer_norm.weight', 'encoder.layers.4.feed_forward.pwff_layer.0.bias', 'encoder.layers.4.feed_forward.pwff_layer.0.weight', 'encoder.layers.4.feed_forward.pwff_layer.3.bias', 'encoder.layers.4.feed_forward.pwff_layer.3.weight', 'encoder.layers.4.layer_norm.bias', 'encoder.layers.4.layer_norm.weight', 'encoder.layers.4.src_src_att.k_layer.bias', 'encoder.layers.4.src_src_att.k_layer.weight', 'encoder.layers.4.src_src_att.output_layer.bias', 'encoder.layers.4.src_src_att.output_layer.weight', 'encoder.layers.4.src_src_att.q_layer.bias', 'encoder.layers.4.src_src_att.q_layer.weight', 'encoder.layers.4.src_src_att.v_layer.bias', 'encoder.layers.4.src_src_att.v_layer.weight', 'encoder.layers.5.feed_forward.layer_norm.bias', 'encoder.layers.5.feed_forward.layer_norm.weight', 'encoder.layers.5.feed_forward.pwff_layer.0.bias', 'encoder.layers.5.feed_forward.pwff_layer.0.weight', 'encoder.layers.5.feed_forward.pwff_layer.3.bias', 'encoder.layers.5.feed_forward.pwff_layer.3.weight', 'encoder.layers.5.layer_norm.bias', 'encoder.layers.5.layer_norm.weight', 'encoder.layers.5.src_src_att.k_layer.bias', 'encoder.layers.5.src_src_att.k_layer.weight', 'encoder.layers.5.src_src_att.output_layer.bias', 'encoder.layers.5.src_src_att.output_layer.weight', 'encoder.layers.5.src_src_att.q_layer.bias', 'encoder.layers.5.src_src_att.q_layer.weight', 'encoder.layers.5.src_src_att.v_layer.bias', 'encoder.layers.5.src_src_att.v_layer.weight', 'src_embed.lut.weight', 'trg_embed.lut.weight']
2020-08-10 02:35:06,405 cfg.data.dev                       : chatnmt/multi_encoder/dev_subset.tags.bpe.10000
2020-08-10 02:35:06,406 cfg.data.level                     : bpe
2020-08-10 02:35:06,406 cfg.data.lowercase                 : False
2020-08-10 02:35:06,406 cfg.data.max_sent_length           : 100
2020-08-10 02:35:06,406 cfg.data.src                       : en
2020-08-10 02:35:06,406 cfg.data.test                      : chatnmt/multi_encoder/test.tags.bpe.10000
2020-08-10 02:35:06,406 cfg.data.train                     : chatnmt/multi_encoder/train_subset.tags.bpe.10000
2020-08-10 02:35:06,406 cfg.data.trg                       : de
2020-08-10 02:35:06,406 cfg.model.bias_initializer         : zeros
2020-08-10 02:35:06,406 cfg.model.decoder.dropout          : 0.1
2020-08-10 02:35:06,406 cfg.model.decoder.embeddings.dropout : 0.0
2020-08-10 02:35:06,406 cfg.model.decoder.embeddings.embedding_dim : 256
2020-08-10 02:35:06,406 cfg.model.decoder.embeddings.scale : True
2020-08-10 02:35:06,406 cfg.model.decoder.ff_size          : 512
2020-08-10 02:35:06,406 cfg.model.decoder.freeze           : False
2020-08-10 02:35:06,406 cfg.model.decoder.hidden_size      : 256
2020-08-10 02:35:06,406 cfg.model.decoder.num_heads        : 16
2020-08-10 02:35:06,406 cfg.model.decoder.num_layers       : 6
2020-08-10 02:35:06,406 cfg.model.decoder.type             : transformer
2020-08-10 02:35:06,406 cfg.model.embed_init_gain          : 1.0
2020-08-10 02:35:06,406 cfg.model.embed_initializer        : xavier
2020-08-10 02:35:06,406 cfg.model.encoder.dropout          : 0.3
2020-08-10 02:35:06,406 cfg.model.encoder.embeddings.dropout : 0.0
2020-08-10 02:35:06,406 cfg.model.encoder.embeddings.embedding_dim : 256
2020-08-10 02:35:06,406 cfg.model.encoder.embeddings.scale : True
2020-08-10 02:35:06,406 cfg.model.encoder.ff_size          : 512
2020-08-10 02:35:06,407 cfg.model.encoder.freeze           : False
2020-08-10 02:35:06,407 cfg.model.encoder.hidden_size      : 256
2020-08-10 02:35:06,407 cfg.model.encoder.multi_encoder    : False
2020-08-10 02:35:06,407 cfg.model.encoder.num_heads        : 16
2020-08-10 02:35:06,407 cfg.model.encoder.num_layers       : 6
2020-08-10 02:35:06,407 cfg.model.encoder.type             : transformer
2020-08-10 02:35:06,407 cfg.model.init_gain                : 1.0
2020-08-10 02:35:06,407 cfg.model.initializer              : xavier
2020-08-10 02:35:06,407 cfg.model.tied_embeddings          : False
2020-08-10 02:35:06,407 cfg.model.tied_softmax             : True
2020-08-10 02:35:06,407 cfg.name                           : transformer
2020-08-10 02:35:06,407 cfg.testing.alpha                  : 1.0
2020-08-10 02:35:06,407 cfg.testing.beam_size              : 5
2020-08-10 02:35:06,407 cfg.training.adam_betas            : [0.9, 0.999]
2020-08-10 02:35:06,407 cfg.training.batch_multiplier      : 1
2020-08-10 02:35:06,407 cfg.training.batch_size            : 1024
2020-08-10 02:35:06,407 cfg.training.batch_type            : token
2020-08-10 02:35:06,407 cfg.training.decrease_factor       : 0.7
2020-08-10 02:35:06,407 cfg.training.early_stopping_metric : ppl
2020-08-10 02:35:06,407 cfg.training.epochs                : 20
2020-08-10 02:35:06,407 cfg.training.eval_metric           : bleu
2020-08-10 02:35:06,407 cfg.training.keep_last_ckpts       : 3
2020-08-10 02:35:06,407 cfg.training.label_smoothing       : 0.1
2020-08-10 02:35:06,407 cfg.training.learning_rate         : 0.0002
2020-08-10 02:35:06,407 cfg.training.learning_rate_min     : 1e-08
2020-08-10 02:35:06,407 cfg.training.logging_freq          : 100
2020-08-10 02:35:06,408 cfg.training.loss                  : crossentropy
2020-08-10 02:35:06,408 cfg.training.max_output_length     : 100
2020-08-10 02:35:06,408 cfg.training.model_dir             : models/viznet/attempt3/16_16_0.3_256_256_1024_8_8
2020-08-10 02:35:06,408 cfg.training.normalization         : tokens
2020-08-10 02:35:06,408 cfg.training.optimizer             : adam
2020-08-10 02:35:06,408 cfg.training.overwrite             : True
2020-08-10 02:35:06,408 cfg.training.patience              : 8
2020-08-10 02:35:06,408 cfg.training.print_valid_sents     : [0, 1, 2, 3]
2020-08-10 02:35:06,408 cfg.training.random_seed           : 42
2020-08-10 02:35:06,408 cfg.training.scheduling            : plateau
2020-08-10 02:35:06,408 cfg.training.shuffle               : True
2020-08-10 02:35:06,408 cfg.training.use_cuda              : True
2020-08-10 02:35:06,408 cfg.training.validation_freq       : 200
2020-08-10 02:35:06,408 cfg.training.weight_decay          : 0.0
2020-08-10 02:35:06,408 Data set sizes: 
	train 5000,
	valid 500,
	test 1220
2020-08-10 02:35:06,408 First training example:
	[SRC] hi there ! how can i help ?
	[TRG] hallo ! wie kann ich helfen ?
2020-08-10 02:35:06,408 First 10 words (src): (0) <unk> (1) <pad> (2) <s> (3) </s> (4) . (5) , (6) ? (7) you (8) i (9) the
2020-08-10 02:35:06,409 First 10 words (trg): (0) <unk> (1) <pad> (2) <s> (3) </s> (4) . (5) , (6) ? (7) sie (8) ich (9) das
2020-08-10 02:35:06,409 Number of Src words (types): 3468
2020-08-10 02:35:06,409 Number of Trg words (types): 4487
2020-08-10 02:35:06,409 Model(
	encoder=TransformerEncoder(num_layers=6, num_heads=16),
	decoder=TransformerDecoder(num_layers=6, num_heads=16),
	src_embed=Embeddings(embedding_dim=256, vocab_size=3468),
	trg_embed=Embeddings(embedding_dim=256, vocab_size=4487))
2020-08-10 02:35:06,413 EPOCH 1
2020-08-10 02:35:12,416 Epoch   1: total training loss 544.41
2020-08-10 02:35:12,416 EPOCH 2
2020-08-10 02:35:12,550 Epoch   2 Step:      100 Batch Loss:     4.488263 Tokens per Sec:    10506, Lr: 0.000200
2020-08-10 02:35:18,445 Epoch   2: total training loss 461.32
2020-08-10 02:35:18,446 EPOCH 3
2020-08-10 02:35:18,640 Epoch   3 Step:      200 Batch Loss:     3.642391 Tokens per Sec:    10348, Lr: 0.000200
2020-08-10 02:35:36,878 Hooray! New best validation result [ppl]!
2020-08-10 02:35:36,878 Saving new checkpoint.
2020-08-10 02:35:37,145 Example #0
2020-08-10 02:35:37,146 	Raw source:     ['hello', '.']
2020-08-10 02:35:37,146 	Raw hypothesis: ['ja', '.']
2020-08-10 02:35:37,146 	Source:     hello .
2020-08-10 02:35:37,146 	Reference:  hallo ,
2020-08-10 02:35:37,146 	Hypothesis: ja .
2020-08-10 02:35:37,146 Example #1
2020-08-10 02:35:37,146 	Raw source:     ['hi', ',', 'how', 'can', 'i', 'help', 'you', '?']
2020-08-10 02:35:37,146 	Raw hypothesis: ['ich', 'ich', 'sie', 'sie', 'sie', '?']
2020-08-10 02:35:37,146 	Source:     hi , how can i help you ?
2020-08-10 02:35:37,146 	Reference:  hallo , wie kann ich ihnen helfen ?
2020-08-10 02:35:37,146 	Hypothesis: ich ich sie sie sie ?
2020-08-10 02:35:37,146 Example #2
2020-08-10 02:35:37,146 	Raw source:     ['hi', ',', 'i', '&apos;m', 'looking', 'for', 'a', 'restaurant', 'inside', 'the', 'arden', 'fair', 'mall', 'in', 'san', 'francisco', ',', 'california', '.']
2020-08-10 02:35:37,146 	Raw hypothesis: ['ich', 'ich', 'ich', 'ich', 'ich', 'ich', 'ich', 'ich', 'ich', 'ich', 'ich', 'ich', 'ich', 'ich', '.']
2020-08-10 02:35:37,146 	Source:     hi , i &apos;m looking for a restaurant inside the arden fair mall in san francisco , california .
2020-08-10 02:35:37,146 	Reference:  hallo , ich bin auf der suche nach einem restaurant im arden fair einkaufszentrum in san francisco , kalifornien .
2020-08-10 02:35:37,146 	Hypothesis: ich ich ich ich ich ich ich ich ich ich ich ich ich ich .
2020-08-10 02:35:37,146 Example #3
2020-08-10 02:35:37,146 	Raw source:     ['ok', ',', 'what', 'type', 'of', 'restaurant', 'are', 'you', 'looking', 'for', '?']
2020-08-10 02:35:37,146 	Raw hypothesis: ['ich', 'sie', 'sie', 'sie', 'sie', 'sie', 'sie', '?']
2020-08-10 02:35:37,146 	Source:     ok , what type of restaurant are you looking for ?
2020-08-10 02:35:37,146 	Reference:  ok . welche art von restaurant suchen sie denn genau ?
2020-08-10 02:35:37,146 	Hypothesis: ich sie sie sie sie sie sie ?
2020-08-10 02:35:37,147 Validation result (greedy) at epoch   3, step      200: bleu:   0.00, loss: 29497.8691, ppl: 100.3879, duration: 18.5065s
2020-08-10 02:35:43,009 Epoch   3: total training loss 424.76
2020-08-10 02:35:43,009 EPOCH 4
2020-08-10 02:35:43,262 Epoch   4 Step:      300 Batch Loss:     3.509414 Tokens per Sec:     6472, Lr: 0.000200
2020-08-10 02:35:49,057 Epoch   4: total training loss 395.86
2020-08-10 02:35:49,058 EPOCH 5
2020-08-10 02:35:49,370 Epoch   5 Step:      400 Batch Loss:     2.911302 Tokens per Sec:     9564, Lr: 0.000200
2020-08-10 02:36:08,157 Hooray! New best validation result [ppl]!
2020-08-10 02:36:08,157 Saving new checkpoint.
2020-08-10 02:36:08,427 Example #0
2020-08-10 02:36:08,427 	Raw source:     ['hello', '.']
2020-08-10 02:36:08,427 	Raw hypothesis: ['ja', '.']
2020-08-10 02:36:08,427 	Source:     hello .
2020-08-10 02:36:08,427 	Reference:  hallo ,
2020-08-10 02:36:08,427 	Hypothesis: ja .
2020-08-10 02:36:08,427 Example #1
2020-08-10 02:36:08,427 	Raw source:     ['hi', ',', 'how', 'can', 'i', 'help', 'you', '?']
2020-08-10 02:36:08,428 	Raw hypothesis: ['hallo', ',', 'wie', 'kann', 'ich', 'ihnen', 'helfen', '?']
2020-08-10 02:36:08,428 	Source:     hi , how can i help you ?
2020-08-10 02:36:08,428 	Reference:  hallo , wie kann ich ihnen helfen ?
2020-08-10 02:36:08,428 	Hypothesis: hallo , wie kann ich ihnen helfen ?
2020-08-10 02:36:08,428 Example #2
2020-08-10 02:36:08,428 	Raw source:     ['hi', ',', 'i', '&apos;m', 'looking', 'for', 'a', 'restaurant', 'inside', 'the', 'arden', 'fair', 'mall', 'in', 'san', 'francisco', ',', 'california', '.']
2020-08-10 02:36:08,428 	Raw hypothesis: ['ich', 'habe', 'habe', 'ein', 'ein', 'ein', 'der', 'der', 'der', 'der', 'der', 'der', 'der', 'der', 'der', 'der', 'der', 'der', 'der', 'der', 'der', 'der', 'der', 'der', 'der', 'der', 'der', 'der', 'der', 'der', 'der', 'der', 'der', 'der', 'der', 'der', 'der', 'der', 'der', 'der', 'der', 'der', 'der', 'der', 'der', 'der', 'der', 'der', 'der', 'der', 'der', 'der', 'der', 'der', 'der', 'der', 'der', 'der', 'der', 'der', 'der', 'der', 'der', 'der', 'der', 'der', 'der', 'der', 'der', 'der', 'der', 'der', 'der', 'der', 'der', 'der', 'der', 'der', 'der', 'der', 'der', 'der', 'der', 'der', 'der', 'der', 'der', 'der', 'der', 'der', 'der', 'der', 'der', 'der', 'der', 'der', 'der', 'der', 'der', 'der']
2020-08-10 02:36:08,428 	Source:     hi , i &apos;m looking for a restaurant inside the arden fair mall in san francisco , california .
2020-08-10 02:36:08,428 	Reference:  hallo , ich bin auf der suche nach einem restaurant im arden fair einkaufszentrum in san francisco , kalifornien .
2020-08-10 02:36:08,428 	Hypothesis: ich habe habe ein ein ein der der der der der der der der der der der der der der der der der der der der der der der der der der der der der der der der der der der der der der der der der der der der der der der der der der der der der der der der der der der der der der der der der der der der der der der der der der der der der der der der der der der der der der der der der der der der der der
2020-08-10 02:36:08,428 Example #3
2020-08-10 02:36:08,428 	Raw source:     ['ok', ',', 'what', 'type', 'of', 'restaurant', 'are', 'you', 'looking', 'for', '?']
2020-08-10 02:36:08,428 	Raw hypothesis: ['ok', ',', 'wie', 'möchten', 'sie', '?']
2020-08-10 02:36:08,428 	Source:     ok , what type of restaurant are you looking for ?
2020-08-10 02:36:08,428 	Reference:  ok . welche art von restaurant suchen sie denn genau ?
2020-08-10 02:36:08,428 	Hypothesis: ok , wie möchten sie ?
2020-08-10 02:36:08,428 Validation result (greedy) at epoch   5, step      400: bleu:   2.21, loss: 25704.4258, ppl:  55.4963, duration: 19.0577s
2020-08-10 02:36:14,214 Epoch   5: total training loss 364.96
2020-08-10 02:36:14,214 EPOCH 6
2020-08-10 02:36:14,553 Epoch   6 Step:      500 Batch Loss:     2.625186 Tokens per Sec:     8928, Lr: 0.000200
2020-08-10 02:36:20,200 Epoch   6: total training loss 326.99
2020-08-10 02:36:20,201 EPOCH 7
2020-08-10 02:36:20,646 Epoch   7 Step:      600 Batch Loss:     2.421906 Tokens per Sec:    10753, Lr: 0.000200
2020-08-10 02:36:37,226 Hooray! New best validation result [ppl]!
2020-08-10 02:36:37,227 Saving new checkpoint.
2020-08-10 02:36:37,493 Example #0
2020-08-10 02:36:37,493 	Raw source:     ['hello', '.']
2020-08-10 02:36:37,493 	Raw hypothesis: ['hallo', '.']
2020-08-10 02:36:37,493 	Source:     hello .
2020-08-10 02:36:37,493 	Reference:  hallo ,
2020-08-10 02:36:37,493 	Hypothesis: hallo .
2020-08-10 02:36:37,493 Example #1
2020-08-10 02:36:37,493 	Raw source:     ['hi', ',', 'how', 'can', 'i', 'help', 'you', '?']
2020-08-10 02:36:37,493 	Raw hypothesis: ['hallo', ',', 'wie', 'kann', 'ich', 'ihnen', 'helfen', '?']
2020-08-10 02:36:37,493 	Source:     hi , how can i help you ?
2020-08-10 02:36:37,493 	Reference:  hallo , wie kann ich ihnen helfen ?
2020-08-10 02:36:37,493 	Hypothesis: hallo , wie kann ich ihnen helfen ?
2020-08-10 02:36:37,494 Example #2
2020-08-10 02:36:37,494 	Raw source:     ['hi', ',', 'i', '&apos;m', 'looking', 'for', 'a', 'restaurant', 'inside', 'the', 'arden', 'fair', 'mall', 'in', 'san', 'francisco', ',', 'california', '.']
2020-08-10 02:36:37,494 	Raw hypothesis: ['hallo', ',', 'ich', 'habe', 'ein', 'pizzen', 'in', 'der', 'der', 'der', 'der', 'der', 'der', 'der', 'der', 'der', 'der', 'der', 'der', 'der', 'der', 'der', 'der', 'der', 'der', 'der', 'der', 'der', 'der', 'der', 'der', 'der', 'der', 'der', 'der', 'der', 'der', 'der', 'der', 'der', 'der', 'der', 'der', 'der', 'der', 'der', 'der', 'der', 'der', 'der', 'der', 'der', 'der', 'der', 'der', 'der', 'der', 'der', 'der', 'der', 'der', 'der', 'der', 'der', 'der', 'der', 'der', 'der', 'der', 'der', 'der', 'der', 'der', 'der', 'der', 'der', 'der', 'der', 'der', 'der', 'der', 'der', 'der', 'der', 'der', 'der', 'der', 'der', 'der', 'der', 'der', 'der', 'der', 'der', 'der', 'der', 'der', 'der', 'der', 'der']
2020-08-10 02:36:37,494 	Source:     hi , i &apos;m looking for a restaurant inside the arden fair mall in san francisco , california .
2020-08-10 02:36:37,494 	Reference:  hallo , ich bin auf der suche nach einem restaurant im arden fair einkaufszentrum in san francisco , kalifornien .
2020-08-10 02:36:37,494 	Hypothesis: hallo , ich habe ein pizzen in der der der der der der der der der der der der der der der der der der der der der der der der der der der der der der der der der der der der der der der der der der der der der der der der der der der der der der der der der der der der der der der der der der der der der der der der der der der der der der der der der der der der der der der der der der der der der
2020-08-10 02:36:37,494 Example #3
2020-08-10 02:36:37,494 	Raw source:     ['ok', ',', 'what', 'type', 'of', 'restaurant', 'are', 'you', 'looking', 'for', '?']
2020-08-10 02:36:37,494 	Raw hypothesis: ['ok', ',', 'welche', 'art', 'von', 'von', 'von', 'von', 'von', 'von', 'von', 'von', 'von', 'von', '?']
2020-08-10 02:36:37,494 	Source:     ok , what type of restaurant are you looking for ?
2020-08-10 02:36:37,494 	Reference:  ok . welche art von restaurant suchen sie denn genau ?
2020-08-10 02:36:37,494 	Hypothesis: ok , welche art von von von von von von von von von von ?
2020-08-10 02:36:37,494 Validation result (greedy) at epoch   7, step      600: bleu:   5.74, loss: 22893.4102, ppl:  35.7695, duration: 16.8478s
2020-08-10 02:36:43,047 Epoch   7: total training loss 306.12
2020-08-10 02:36:43,047 EPOCH 8
2020-08-10 02:36:43,622 Epoch   8 Step:      700 Batch Loss:     3.377218 Tokens per Sec:    10267, Lr: 0.000200
2020-08-10 02:36:49,097 Epoch   8: total training loss 288.66
2020-08-10 02:36:49,097 EPOCH 9
2020-08-10 02:36:49,719 Epoch   9 Step:      800 Batch Loss:     0.566108 Tokens per Sec:     9636, Lr: 0.000200
2020-08-10 02:37:03,504 Hooray! New best validation result [ppl]!
2020-08-10 02:37:03,504 Saving new checkpoint.
2020-08-10 02:37:03,781 Example #0
2020-08-10 02:37:03,781 	Raw source:     ['hello', '.']
2020-08-10 02:37:03,781 	Raw hypothesis: ['hallo', '.']
2020-08-10 02:37:03,781 	Source:     hello .
2020-08-10 02:37:03,781 	Reference:  hallo ,
2020-08-10 02:37:03,781 	Hypothesis: hallo .
2020-08-10 02:37:03,781 Example #1
2020-08-10 02:37:03,781 	Raw source:     ['hi', ',', 'how', 'can', 'i', 'help', 'you', '?']
2020-08-10 02:37:03,781 	Raw hypothesis: ['hallo', ',', 'wie', 'kann', 'ich', 'ihnen', 'helfen', '?']
2020-08-10 02:37:03,781 	Source:     hi , how can i help you ?
2020-08-10 02:37:03,781 	Reference:  hallo , wie kann ich ihnen helfen ?
2020-08-10 02:37:03,781 	Hypothesis: hallo , wie kann ich ihnen helfen ?
2020-08-10 02:37:03,781 Example #2
2020-08-10 02:37:03,781 	Raw source:     ['hi', ',', 'i', '&apos;m', 'looking', 'for', 'a', 'restaurant', 'inside', 'the', 'arden', 'fair', 'mall', 'in', 'san', 'francisco', ',', 'california', '.']
2020-08-10 02:37:03,781 	Raw hypothesis: ['hallo', ',', 'ich', 'möchte', 'ein', 'restaurant', 'in', 'der', 'san', 'francisco', ',', 'kalifornien', ',', 'kalifornien', ',', 'kalifornien', ',', 'kalifornien', ',', 'kalifornien', ',', 'ich', 'möchte', 'in', 'der', 'der', 'der', 'der', 'der', 'der', 'der', 'der', 'der', 'der', 'der', 'der', 'der', 'der', 'der', 'der', 'der', 'der', 'nähe', 'in', 'der', 'der', 'nähe', 'von', 'der', 'nähe', 'von', 'bella', '.']
2020-08-10 02:37:03,781 	Source:     hi , i &apos;m looking for a restaurant inside the arden fair mall in san francisco , california .
2020-08-10 02:37:03,781 	Reference:  hallo , ich bin auf der suche nach einem restaurant im arden fair einkaufszentrum in san francisco , kalifornien .
2020-08-10 02:37:03,781 	Hypothesis: hallo , ich möchte ein restaurant in der san francisco , kalifornien , kalifornien , kalifornien , kalifornien , kalifornien , ich möchte in der der der der der der der der der der der der der der der der der der nähe in der der nähe von der nähe von bella .
2020-08-10 02:37:03,781 Example #3
2020-08-10 02:37:03,782 	Raw source:     ['ok', ',', 'what', 'type', 'of', 'restaurant', 'are', 'you', 'looking', 'for', '?']
2020-08-10 02:37:03,782 	Raw hypothesis: ['ok', ',', 'welche', 'art', 'von', 'von', 'von', 'von', 'essen', '?']
2020-08-10 02:37:03,782 	Source:     ok , what type of restaurant are you looking for ?
2020-08-10 02:37:03,782 	Reference:  ok . welche art von restaurant suchen sie denn genau ?
2020-08-10 02:37:03,782 	Hypothesis: ok , welche art von von von von essen ?
2020-08-10 02:37:03,782 Validation result (greedy) at epoch   9, step      800: bleu:   8.14, loss: 21253.3125, ppl:  27.6833, duration: 14.0624s
2020-08-10 02:37:09,233 Epoch   9: total training loss 273.90
2020-08-10 02:37:09,233 EPOCH 10
2020-08-10 02:37:09,910 Epoch  10 Step:      900 Batch Loss:     3.045480 Tokens per Sec:    11519, Lr: 0.000200
2020-08-10 02:37:15,267 Epoch  10: total training loss 257.95
2020-08-10 02:37:15,267 EPOCH 11
2020-08-10 02:37:16,014 Epoch  11 Step:     1000 Batch Loss:     2.532518 Tokens per Sec:    10395, Lr: 0.000200
2020-08-10 02:37:23,744 Hooray! New best validation result [ppl]!
2020-08-10 02:37:23,744 Saving new checkpoint.
2020-08-10 02:37:24,025 Example #0
2020-08-10 02:37:24,025 	Raw source:     ['hello', '.']
2020-08-10 02:37:24,025 	Raw hypothesis: ['hallo', '.']
2020-08-10 02:37:24,025 	Source:     hello .
2020-08-10 02:37:24,025 	Reference:  hallo ,
2020-08-10 02:37:24,025 	Hypothesis: hallo .
2020-08-10 02:37:24,025 Example #1
2020-08-10 02:37:24,025 	Raw source:     ['hi', ',', 'how', 'can', 'i', 'help', 'you', '?']
2020-08-10 02:37:24,025 	Raw hypothesis: ['hallo', ',', 'wie', 'kann', 'ich', 'ihnen', 'helfen', '?']
2020-08-10 02:37:24,025 	Source:     hi , how can i help you ?
2020-08-10 02:37:24,025 	Reference:  hallo , wie kann ich ihnen helfen ?
2020-08-10 02:37:24,025 	Hypothesis: hallo , wie kann ich ihnen helfen ?
2020-08-10 02:37:24,025 Example #2
2020-08-10 02:37:24,025 	Raw source:     ['hi', ',', 'i', '&apos;m', 'looking', 'for', 'a', 'restaurant', 'inside', 'the', 'arden', 'fair', 'mall', 'in', 'san', 'francisco', ',', 'california', '.']
2020-08-10 02:37:24,025 	Raw hypothesis: ['hallo', ',', 'ich', 'bin', 'in', 'der', 'nähe', 'der', 'nähe', 'der', 'nähe', 'von', 'san', 'francisco', ',', 'kalifornien', '.']
2020-08-10 02:37:24,025 	Source:     hi , i &apos;m looking for a restaurant inside the arden fair mall in san francisco , california .
2020-08-10 02:37:24,025 	Reference:  hallo , ich bin auf der suche nach einem restaurant im arden fair einkaufszentrum in san francisco , kalifornien .
2020-08-10 02:37:24,025 	Hypothesis: hallo , ich bin in der nähe der nähe der nähe von san francisco , kalifornien .
2020-08-10 02:37:24,026 Example #3
2020-08-10 02:37:24,026 	Raw source:     ['ok', ',', 'what', 'type', 'of', 'restaurant', 'are', 'you', 'looking', 'for', '?']
2020-08-10 02:37:24,026 	Raw hypothesis: ['okay', ',', 'was', 'möchten', 'sie', 'eine', 'restaurant', '?']
2020-08-10 02:37:24,026 	Source:     ok , what type of restaurant are you looking for ?
2020-08-10 02:37:24,026 	Reference:  ok . welche art von restaurant suchen sie denn genau ?
2020-08-10 02:37:24,026 	Hypothesis: okay , was möchten sie eine restaurant ?
2020-08-10 02:37:24,026 Validation result (greedy) at epoch  11, step     1000: bleu:  15.03, loss: 19468.5488, ppl:  20.9463, duration: 8.0119s
2020-08-10 02:37:29,292 Epoch  11: total training loss 239.63
2020-08-10 02:37:29,292 EPOCH 12
2020-08-10 02:37:30,170 Epoch  12 Step:     1100 Batch Loss:     2.256875 Tokens per Sec:    10324, Lr: 0.000200
2020-08-10 02:37:35,402 Epoch  12: total training loss 233.53
2020-08-10 02:37:35,402 EPOCH 13
2020-08-10 02:37:36,270 Epoch  13 Step:     1200 Batch Loss:     2.423048 Tokens per Sec:    11252, Lr: 0.000200
2020-08-10 02:37:46,325 Hooray! New best validation result [ppl]!
2020-08-10 02:37:46,325 Saving new checkpoint.
2020-08-10 02:37:46,603 Example #0
2020-08-10 02:37:46,603 	Raw source:     ['hello', '.']
2020-08-10 02:37:46,603 	Raw hypothesis: ['hallo', '.']
2020-08-10 02:37:46,603 	Source:     hello .
2020-08-10 02:37:46,603 	Reference:  hallo ,
2020-08-10 02:37:46,603 	Hypothesis: hallo .
2020-08-10 02:37:46,603 Example #1
2020-08-10 02:37:46,603 	Raw source:     ['hi', ',', 'how', 'can', 'i', 'help', 'you', '?']
2020-08-10 02:37:46,603 	Raw hypothesis: ['hallo', ',', 'wie', 'kann', 'ich', 'ihnen', 'helfen', '?']
2020-08-10 02:37:46,603 	Source:     hi , how can i help you ?
2020-08-10 02:37:46,603 	Reference:  hallo , wie kann ich ihnen helfen ?
2020-08-10 02:37:46,603 	Hypothesis: hallo , wie kann ich ihnen helfen ?
2020-08-10 02:37:46,603 Example #2
2020-08-10 02:37:46,604 	Raw source:     ['hi', ',', 'i', '&apos;m', 'looking', 'for', 'a', 'restaurant', 'inside', 'the', 'arden', 'fair', 'mall', 'in', 'san', 'francisco', ',', 'california', '.']
2020-08-10 02:37:46,604 	Raw hypothesis: ['hallo', ',', 'ich', 'bin', 'in', 'san', 'francisco', ',', 'kalifornien', ',', 'kalifornien', '.']
2020-08-10 02:37:46,604 	Source:     hi , i &apos;m looking for a restaurant inside the arden fair mall in san francisco , california .
2020-08-10 02:37:46,604 	Reference:  hallo , ich bin auf der suche nach einem restaurant im arden fair einkaufszentrum in san francisco , kalifornien .
2020-08-10 02:37:46,604 	Hypothesis: hallo , ich bin in san francisco , kalifornien , kalifornien .
2020-08-10 02:37:46,604 Example #3
2020-08-10 02:37:46,604 	Raw source:     ['ok', ',', 'what', 'type', 'of', 'restaurant', 'are', 'you', 'looking', 'for', '?']
2020-08-10 02:37:46,604 	Raw hypothesis: ['ok', ',', 'welche', 'art', 'von', 'restaurant', 'haben', 'sie', '?']
2020-08-10 02:37:46,604 	Source:     ok , what type of restaurant are you looking for ?
2020-08-10 02:37:46,604 	Reference:  ok . welche art von restaurant suchen sie denn genau ?
2020-08-10 02:37:46,604 	Hypothesis: ok , welche art von restaurant haben sie ?
2020-08-10 02:37:46,604 Validation result (greedy) at epoch  13, step     1200: bleu:  15.23, loss: 18637.9902, ppl:  18.3970, duration: 10.3342s
2020-08-10 02:37:51,827 Epoch  13: total training loss 221.54
2020-08-10 02:37:51,827 EPOCH 14
2020-08-10 02:37:52,718 Epoch  14 Step:     1300 Batch Loss:     0.441740 Tokens per Sec:     9877, Lr: 0.000200
2020-08-10 02:37:57,908 Epoch  14: total training loss 208.38
2020-08-10 02:37:57,908 EPOCH 15
2020-08-10 02:37:58,830 Epoch  15 Step:     1400 Batch Loss:     1.455724 Tokens per Sec:    10519, Lr: 0.000200
2020-08-10 02:38:06,829 Hooray! New best validation result [ppl]!
2020-08-10 02:38:06,829 Saving new checkpoint.
2020-08-10 02:38:07,104 Example #0
2020-08-10 02:38:07,104 	Raw source:     ['hello', '.']
2020-08-10 02:38:07,104 	Raw hypothesis: ['hallo', '.']
2020-08-10 02:38:07,104 	Source:     hello .
2020-08-10 02:38:07,104 	Reference:  hallo ,
2020-08-10 02:38:07,104 	Hypothesis: hallo .
2020-08-10 02:38:07,104 Example #1
2020-08-10 02:38:07,104 	Raw source:     ['hi', ',', 'how', 'can', 'i', 'help', 'you', '?']
2020-08-10 02:38:07,104 	Raw hypothesis: ['hallo', ',', 'wie', 'kann', 'ich', 'ihnen', 'helfen', '?']
2020-08-10 02:38:07,104 	Source:     hi , how can i help you ?
2020-08-10 02:38:07,104 	Reference:  hallo , wie kann ich ihnen helfen ?
2020-08-10 02:38:07,104 	Hypothesis: hallo , wie kann ich ihnen helfen ?
2020-08-10 02:38:07,104 Example #2
2020-08-10 02:38:07,105 	Raw source:     ['hi', ',', 'i', '&apos;m', 'looking', 'for', 'a', 'restaurant', 'inside', 'the', 'arden', 'fair', 'mall', 'in', 'san', 'francisco', ',', 'california', '.']
2020-08-10 02:38:07,105 	Raw hypothesis: ['hallo', ',', 'ich', 'suche', 'ein', 'restaurant', 'in', 'san', 'francisco', ',', 'kalifornien', '.']
2020-08-10 02:38:07,105 	Source:     hi , i &apos;m looking for a restaurant inside the arden fair mall in san francisco , california .
2020-08-10 02:38:07,105 	Reference:  hallo , ich bin auf der suche nach einem restaurant im arden fair einkaufszentrum in san francisco , kalifornien .
2020-08-10 02:38:07,105 	Hypothesis: hallo , ich suche ein restaurant in san francisco , kalifornien .
2020-08-10 02:38:07,105 Example #3
2020-08-10 02:38:07,105 	Raw source:     ['ok', ',', 'what', 'type', 'of', 'restaurant', 'are', 'you', 'looking', 'for', '?']
2020-08-10 02:38:07,105 	Raw hypothesis: ['ok', ',', 'welche', 'art', 'von', 'restaurant', 'möchten', 'sie', '?']
2020-08-10 02:38:07,105 	Source:     ok , what type of restaurant are you looking for ?
2020-08-10 02:38:07,105 	Reference:  ok . welche art von restaurant suchen sie denn genau ?
2020-08-10 02:38:07,105 	Hypothesis: ok , welche art von restaurant möchten sie ?
2020-08-10 02:38:07,105 Validation result (greedy) at epoch  15, step     1400: bleu:  18.60, loss: 17937.4805, ppl:  16.4896, duration: 8.2747s
2020-08-10 02:38:12,159 Epoch  15: total training loss 189.71
2020-08-10 02:38:12,159 EPOCH 16
2020-08-10 02:38:13,243 Epoch  16 Step:     1500 Batch Loss:     2.731776 Tokens per Sec:     9995, Lr: 0.000200
2020-08-10 02:38:18,236 Epoch  16: total training loss 183.94
2020-08-10 02:38:18,237 EPOCH 17
2020-08-10 02:38:19,347 Epoch  17 Step:     1600 Batch Loss:     1.154734 Tokens per Sec:    10289, Lr: 0.000200
2020-08-10 02:38:28,927 Hooray! New best validation result [ppl]!
2020-08-10 02:38:28,927 Saving new checkpoint.
2020-08-10 02:38:29,211 Example #0
2020-08-10 02:38:29,212 	Raw source:     ['hello', '.']
2020-08-10 02:38:29,212 	Raw hypothesis: ['hallo', '.']
2020-08-10 02:38:29,212 	Source:     hello .
2020-08-10 02:38:29,212 	Reference:  hallo ,
2020-08-10 02:38:29,212 	Hypothesis: hallo .
2020-08-10 02:38:29,212 Example #1
2020-08-10 02:38:29,212 	Raw source:     ['hi', ',', 'how', 'can', 'i', 'help', 'you', '?']
2020-08-10 02:38:29,212 	Raw hypothesis: ['hallo', ',', 'wie', 'kann', 'ich', 'ihnen', 'helfen', '?']
2020-08-10 02:38:29,212 	Source:     hi , how can i help you ?
2020-08-10 02:38:29,212 	Reference:  hallo , wie kann ich ihnen helfen ?
2020-08-10 02:38:29,212 	Hypothesis: hallo , wie kann ich ihnen helfen ?
2020-08-10 02:38:29,212 Example #2
2020-08-10 02:38:29,212 	Raw source:     ['hi', ',', 'i', '&apos;m', 'looking', 'for', 'a', 'restaurant', 'inside', 'the', 'arden', 'fair', 'mall', 'in', 'san', 'francisco', ',', 'california', '.']
2020-08-10 02:38:29,212 	Raw hypothesis: ['hallo', ',', 'ich', 'bin', 'in', 'san', 'francisco', ',', 'kalifornien', ',', 'kalifornien', '.', 'ich', 'suche', 'nach', 'einem', 'ort', 'zum', 'zum', 'zum', 'zum', 'mittagessen', 'in', 'san', 'francisco', ',', 'kalifornien', '.']
2020-08-10 02:38:29,212 	Source:     hi , i &apos;m looking for a restaurant inside the arden fair mall in san francisco , california .
2020-08-10 02:38:29,212 	Reference:  hallo , ich bin auf der suche nach einem restaurant im arden fair einkaufszentrum in san francisco , kalifornien .
2020-08-10 02:38:29,212 	Hypothesis: hallo , ich bin in san francisco , kalifornien , kalifornien . ich suche nach einem ort zum zum zum zum mittagessen in san francisco , kalifornien .
2020-08-10 02:38:29,212 Example #3
2020-08-10 02:38:29,212 	Raw source:     ['ok', ',', 'what', 'type', 'of', 'restaurant', 'are', 'you', 'looking', 'for', '?']
2020-08-10 02:38:29,212 	Raw hypothesis: ['ok', ',', 'für', 'welche', 'art', 'von', 'restaurant', 'sie', '?']
2020-08-10 02:38:29,212 	Source:     ok , what type of restaurant are you looking for ?
2020-08-10 02:38:29,212 	Reference:  ok . welche art von restaurant suchen sie denn genau ?
2020-08-10 02:38:29,212 	Hypothesis: ok , für welche art von restaurant sie ?
2020-08-10 02:38:29,212 Validation result (greedy) at epoch  17, step     1600: bleu:  19.85, loss: 17611.1133, ppl:  15.6698, duration: 9.8648s
2020-08-10 02:38:34,144 Epoch  17: total training loss 172.34
2020-08-10 02:38:34,144 EPOCH 18
2020-08-10 02:38:35,319 Epoch  18 Step:     1700 Batch Loss:     1.248516 Tokens per Sec:    10792, Lr: 0.000200
2020-08-10 02:38:40,269 Epoch  18: total training loss 164.64
2020-08-10 02:38:40,269 EPOCH 19
2020-08-10 02:38:41,509 Epoch  19 Step:     1800 Batch Loss:     2.507483 Tokens per Sec:    10667, Lr: 0.000200
2020-08-10 02:38:51,023 Hooray! New best validation result [ppl]!
2020-08-10 02:38:51,023 Saving new checkpoint.
2020-08-10 02:38:51,299 Example #0
2020-08-10 02:38:51,299 	Raw source:     ['hello', '.']
2020-08-10 02:38:51,299 	Raw hypothesis: ['hallo', ',']
2020-08-10 02:38:51,299 	Source:     hello .
2020-08-10 02:38:51,299 	Reference:  hallo ,
2020-08-10 02:38:51,299 	Hypothesis: hallo ,
2020-08-10 02:38:51,299 Example #1
2020-08-10 02:38:51,299 	Raw source:     ['hi', ',', 'how', 'can', 'i', 'help', 'you', '?']
2020-08-10 02:38:51,299 	Raw hypothesis: ['hallo', ',', 'wie', 'kann', 'ich', 'ihnen', 'helfen', '?']
2020-08-10 02:38:51,299 	Source:     hi , how can i help you ?
2020-08-10 02:38:51,299 	Reference:  hallo , wie kann ich ihnen helfen ?
2020-08-10 02:38:51,299 	Hypothesis: hallo , wie kann ich ihnen helfen ?
2020-08-10 02:38:51,300 Example #2
2020-08-10 02:38:51,300 	Raw source:     ['hi', ',', 'i', '&apos;m', 'looking', 'for', 'a', 'restaurant', 'inside', 'the', 'arden', 'fair', 'mall', 'in', 'san', 'francisco', ',', 'california', '.']
2020-08-10 02:38:51,300 	Raw hypothesis: ['hallo', ',', 'ich', 'bin', 'in', 'san', 'francisco', ',', 'kalifornien', '.', 'ich', 'bin', 'in', 'san', 'francisco', ',', 'kalifornien', '.']
2020-08-10 02:38:51,300 	Source:     hi , i &apos;m looking for a restaurant inside the arden fair mall in san francisco , california .
2020-08-10 02:38:51,300 	Reference:  hallo , ich bin auf der suche nach einem restaurant im arden fair einkaufszentrum in san francisco , kalifornien .
2020-08-10 02:38:51,300 	Hypothesis: hallo , ich bin in san francisco , kalifornien . ich bin in san francisco , kalifornien .
2020-08-10 02:38:51,300 Example #3
2020-08-10 02:38:51,300 	Raw source:     ['ok', ',', 'what', 'type', 'of', 'restaurant', 'are', 'you', 'looking', 'for', '?']
2020-08-10 02:38:51,300 	Raw hypothesis: ['ok', ',', 'was', 'für', 'ein', 'restaurant', 'suchen', 'sie', '?']
2020-08-10 02:38:51,300 	Source:     ok , what type of restaurant are you looking for ?
2020-08-10 02:38:51,300 	Reference:  ok . welche art von restaurant suchen sie denn genau ?
2020-08-10 02:38:51,300 	Hypothesis: ok , was für ein restaurant suchen sie ?
2020-08-10 02:38:51,300 Validation result (greedy) at epoch  19, step     1800: bleu:  20.51, loss: 17371.5586, ppl:  15.0941, duration: 9.7903s
2020-08-10 02:38:56,068 Epoch  19: total training loss 153.57
2020-08-10 02:38:56,068 EPOCH 20
2020-08-10 02:38:57,435 Epoch  20 Step:     1900 Batch Loss:     1.888124 Tokens per Sec:    10498, Lr: 0.000200
2020-08-10 02:39:02,219 Epoch  20: total training loss 152.12
2020-08-10 02:39:02,219 Training ended after  20 epochs.
2020-08-10 02:39:02,219 Best validation result (greedy) at step     1800:  15.09 ppl.
