2020-08-10 14:36:46,510 Hello! This is Joey-NMT.
2020-08-10 14:36:47,838 Total params: 9944832
2020-08-10 14:36:47,839 Trainable parameters: ['decoder.layer_norm.bias', 'decoder.layer_norm.weight', 'decoder.layers.0.dec_layer_norm.bias', 'decoder.layers.0.dec_layer_norm.weight', 'decoder.layers.0.feed_forward.layer_norm.bias', 'decoder.layers.0.feed_forward.layer_norm.weight', 'decoder.layers.0.feed_forward.pwff_layer.0.bias', 'decoder.layers.0.feed_forward.pwff_layer.0.weight', 'decoder.layers.0.feed_forward.pwff_layer.3.bias', 'decoder.layers.0.feed_forward.pwff_layer.3.weight', 'decoder.layers.0.src_trg_att.k_layer.bias', 'decoder.layers.0.src_trg_att.k_layer.weight', 'decoder.layers.0.src_trg_att.output_layer.bias', 'decoder.layers.0.src_trg_att.output_layer.weight', 'decoder.layers.0.src_trg_att.q_layer.bias', 'decoder.layers.0.src_trg_att.q_layer.weight', 'decoder.layers.0.src_trg_att.v_layer.bias', 'decoder.layers.0.src_trg_att.v_layer.weight', 'decoder.layers.0.trg_trg_att.k_layer.bias', 'decoder.layers.0.trg_trg_att.k_layer.weight', 'decoder.layers.0.trg_trg_att.output_layer.bias', 'decoder.layers.0.trg_trg_att.output_layer.weight', 'decoder.layers.0.trg_trg_att.q_layer.bias', 'decoder.layers.0.trg_trg_att.q_layer.weight', 'decoder.layers.0.trg_trg_att.v_layer.bias', 'decoder.layers.0.trg_trg_att.v_layer.weight', 'decoder.layers.0.x_layer_norm.bias', 'decoder.layers.0.x_layer_norm.weight', 'decoder.layers.1.dec_layer_norm.bias', 'decoder.layers.1.dec_layer_norm.weight', 'decoder.layers.1.feed_forward.layer_norm.bias', 'decoder.layers.1.feed_forward.layer_norm.weight', 'decoder.layers.1.feed_forward.pwff_layer.0.bias', 'decoder.layers.1.feed_forward.pwff_layer.0.weight', 'decoder.layers.1.feed_forward.pwff_layer.3.bias', 'decoder.layers.1.feed_forward.pwff_layer.3.weight', 'decoder.layers.1.src_trg_att.k_layer.bias', 'decoder.layers.1.src_trg_att.k_layer.weight', 'decoder.layers.1.src_trg_att.output_layer.bias', 'decoder.layers.1.src_trg_att.output_layer.weight', 'decoder.layers.1.src_trg_att.q_layer.bias', 'decoder.layers.1.src_trg_att.q_layer.weight', 'decoder.layers.1.src_trg_att.v_layer.bias', 'decoder.layers.1.src_trg_att.v_layer.weight', 'decoder.layers.1.trg_trg_att.k_layer.bias', 'decoder.layers.1.trg_trg_att.k_layer.weight', 'decoder.layers.1.trg_trg_att.output_layer.bias', 'decoder.layers.1.trg_trg_att.output_layer.weight', 'decoder.layers.1.trg_trg_att.q_layer.bias', 'decoder.layers.1.trg_trg_att.q_layer.weight', 'decoder.layers.1.trg_trg_att.v_layer.bias', 'decoder.layers.1.trg_trg_att.v_layer.weight', 'decoder.layers.1.x_layer_norm.bias', 'decoder.layers.1.x_layer_norm.weight', 'decoder.layers.2.dec_layer_norm.bias', 'decoder.layers.2.dec_layer_norm.weight', 'decoder.layers.2.feed_forward.layer_norm.bias', 'decoder.layers.2.feed_forward.layer_norm.weight', 'decoder.layers.2.feed_forward.pwff_layer.0.bias', 'decoder.layers.2.feed_forward.pwff_layer.0.weight', 'decoder.layers.2.feed_forward.pwff_layer.3.bias', 'decoder.layers.2.feed_forward.pwff_layer.3.weight', 'decoder.layers.2.src_trg_att.k_layer.bias', 'decoder.layers.2.src_trg_att.k_layer.weight', 'decoder.layers.2.src_trg_att.output_layer.bias', 'decoder.layers.2.src_trg_att.output_layer.weight', 'decoder.layers.2.src_trg_att.q_layer.bias', 'decoder.layers.2.src_trg_att.q_layer.weight', 'decoder.layers.2.src_trg_att.v_layer.bias', 'decoder.layers.2.src_trg_att.v_layer.weight', 'decoder.layers.2.trg_trg_att.k_layer.bias', 'decoder.layers.2.trg_trg_att.k_layer.weight', 'decoder.layers.2.trg_trg_att.output_layer.bias', 'decoder.layers.2.trg_trg_att.output_layer.weight', 'decoder.layers.2.trg_trg_att.q_layer.bias', 'decoder.layers.2.trg_trg_att.q_layer.weight', 'decoder.layers.2.trg_trg_att.v_layer.bias', 'decoder.layers.2.trg_trg_att.v_layer.weight', 'decoder.layers.2.x_layer_norm.bias', 'decoder.layers.2.x_layer_norm.weight', 'decoder.layers.3.dec_layer_norm.bias', 'decoder.layers.3.dec_layer_norm.weight', 'decoder.layers.3.feed_forward.layer_norm.bias', 'decoder.layers.3.feed_forward.layer_norm.weight', 'decoder.layers.3.feed_forward.pwff_layer.0.bias', 'decoder.layers.3.feed_forward.pwff_layer.0.weight', 'decoder.layers.3.feed_forward.pwff_layer.3.bias', 'decoder.layers.3.feed_forward.pwff_layer.3.weight', 'decoder.layers.3.src_trg_att.k_layer.bias', 'decoder.layers.3.src_trg_att.k_layer.weight', 'decoder.layers.3.src_trg_att.output_layer.bias', 'decoder.layers.3.src_trg_att.output_layer.weight', 'decoder.layers.3.src_trg_att.q_layer.bias', 'decoder.layers.3.src_trg_att.q_layer.weight', 'decoder.layers.3.src_trg_att.v_layer.bias', 'decoder.layers.3.src_trg_att.v_layer.weight', 'decoder.layers.3.trg_trg_att.k_layer.bias', 'decoder.layers.3.trg_trg_att.k_layer.weight', 'decoder.layers.3.trg_trg_att.output_layer.bias', 'decoder.layers.3.trg_trg_att.output_layer.weight', 'decoder.layers.3.trg_trg_att.q_layer.bias', 'decoder.layers.3.trg_trg_att.q_layer.weight', 'decoder.layers.3.trg_trg_att.v_layer.bias', 'decoder.layers.3.trg_trg_att.v_layer.weight', 'decoder.layers.3.x_layer_norm.bias', 'decoder.layers.3.x_layer_norm.weight', 'decoder.layers.4.dec_layer_norm.bias', 'decoder.layers.4.dec_layer_norm.weight', 'decoder.layers.4.feed_forward.layer_norm.bias', 'decoder.layers.4.feed_forward.layer_norm.weight', 'decoder.layers.4.feed_forward.pwff_layer.0.bias', 'decoder.layers.4.feed_forward.pwff_layer.0.weight', 'decoder.layers.4.feed_forward.pwff_layer.3.bias', 'decoder.layers.4.feed_forward.pwff_layer.3.weight', 'decoder.layers.4.src_trg_att.k_layer.bias', 'decoder.layers.4.src_trg_att.k_layer.weight', 'decoder.layers.4.src_trg_att.output_layer.bias', 'decoder.layers.4.src_trg_att.output_layer.weight', 'decoder.layers.4.src_trg_att.q_layer.bias', 'decoder.layers.4.src_trg_att.q_layer.weight', 'decoder.layers.4.src_trg_att.v_layer.bias', 'decoder.layers.4.src_trg_att.v_layer.weight', 'decoder.layers.4.trg_trg_att.k_layer.bias', 'decoder.layers.4.trg_trg_att.k_layer.weight', 'decoder.layers.4.trg_trg_att.output_layer.bias', 'decoder.layers.4.trg_trg_att.output_layer.weight', 'decoder.layers.4.trg_trg_att.q_layer.bias', 'decoder.layers.4.trg_trg_att.q_layer.weight', 'decoder.layers.4.trg_trg_att.v_layer.bias', 'decoder.layers.4.trg_trg_att.v_layer.weight', 'decoder.layers.4.x_layer_norm.bias', 'decoder.layers.4.x_layer_norm.weight', 'decoder.layers.5.dec_layer_norm.bias', 'decoder.layers.5.dec_layer_norm.weight', 'decoder.layers.5.feed_forward.layer_norm.bias', 'decoder.layers.5.feed_forward.layer_norm.weight', 'decoder.layers.5.feed_forward.pwff_layer.0.bias', 'decoder.layers.5.feed_forward.pwff_layer.0.weight', 'decoder.layers.5.feed_forward.pwff_layer.3.bias', 'decoder.layers.5.feed_forward.pwff_layer.3.weight', 'decoder.layers.5.src_trg_att.k_layer.bias', 'decoder.layers.5.src_trg_att.k_layer.weight', 'decoder.layers.5.src_trg_att.output_layer.bias', 'decoder.layers.5.src_trg_att.output_layer.weight', 'decoder.layers.5.src_trg_att.q_layer.bias', 'decoder.layers.5.src_trg_att.q_layer.weight', 'decoder.layers.5.src_trg_att.v_layer.bias', 'decoder.layers.5.src_trg_att.v_layer.weight', 'decoder.layers.5.trg_trg_att.k_layer.bias', 'decoder.layers.5.trg_trg_att.k_layer.weight', 'decoder.layers.5.trg_trg_att.output_layer.bias', 'decoder.layers.5.trg_trg_att.output_layer.weight', 'decoder.layers.5.trg_trg_att.q_layer.bias', 'decoder.layers.5.trg_trg_att.q_layer.weight', 'decoder.layers.5.trg_trg_att.v_layer.bias', 'decoder.layers.5.trg_trg_att.v_layer.weight', 'decoder.layers.5.x_layer_norm.bias', 'decoder.layers.5.x_layer_norm.weight', 'encoder.layer_norm.bias', 'encoder.layer_norm.weight', 'encoder.layers.0.feed_forward.layer_norm.bias', 'encoder.layers.0.feed_forward.layer_norm.weight', 'encoder.layers.0.feed_forward.pwff_layer.0.bias', 'encoder.layers.0.feed_forward.pwff_layer.0.weight', 'encoder.layers.0.feed_forward.pwff_layer.3.bias', 'encoder.layers.0.feed_forward.pwff_layer.3.weight', 'encoder.layers.0.layer_norm.bias', 'encoder.layers.0.layer_norm.weight', 'encoder.layers.0.src_src_att.k_layer.bias', 'encoder.layers.0.src_src_att.k_layer.weight', 'encoder.layers.0.src_src_att.output_layer.bias', 'encoder.layers.0.src_src_att.output_layer.weight', 'encoder.layers.0.src_src_att.q_layer.bias', 'encoder.layers.0.src_src_att.q_layer.weight', 'encoder.layers.0.src_src_att.v_layer.bias', 'encoder.layers.0.src_src_att.v_layer.weight', 'encoder.layers.1.feed_forward.layer_norm.bias', 'encoder.layers.1.feed_forward.layer_norm.weight', 'encoder.layers.1.feed_forward.pwff_layer.0.bias', 'encoder.layers.1.feed_forward.pwff_layer.0.weight', 'encoder.layers.1.feed_forward.pwff_layer.3.bias', 'encoder.layers.1.feed_forward.pwff_layer.3.weight', 'encoder.layers.1.layer_norm.bias', 'encoder.layers.1.layer_norm.weight', 'encoder.layers.1.src_src_att.k_layer.bias', 'encoder.layers.1.src_src_att.k_layer.weight', 'encoder.layers.1.src_src_att.output_layer.bias', 'encoder.layers.1.src_src_att.output_layer.weight', 'encoder.layers.1.src_src_att.q_layer.bias', 'encoder.layers.1.src_src_att.q_layer.weight', 'encoder.layers.1.src_src_att.v_layer.bias', 'encoder.layers.1.src_src_att.v_layer.weight', 'encoder.layers.2.feed_forward.layer_norm.bias', 'encoder.layers.2.feed_forward.layer_norm.weight', 'encoder.layers.2.feed_forward.pwff_layer.0.bias', 'encoder.layers.2.feed_forward.pwff_layer.0.weight', 'encoder.layers.2.feed_forward.pwff_layer.3.bias', 'encoder.layers.2.feed_forward.pwff_layer.3.weight', 'encoder.layers.2.layer_norm.bias', 'encoder.layers.2.layer_norm.weight', 'encoder.layers.2.src_src_att.k_layer.bias', 'encoder.layers.2.src_src_att.k_layer.weight', 'encoder.layers.2.src_src_att.output_layer.bias', 'encoder.layers.2.src_src_att.output_layer.weight', 'encoder.layers.2.src_src_att.q_layer.bias', 'encoder.layers.2.src_src_att.q_layer.weight', 'encoder.layers.2.src_src_att.v_layer.bias', 'encoder.layers.2.src_src_att.v_layer.weight', 'encoder.layers.3.feed_forward.layer_norm.bias', 'encoder.layers.3.feed_forward.layer_norm.weight', 'encoder.layers.3.feed_forward.pwff_layer.0.bias', 'encoder.layers.3.feed_forward.pwff_layer.0.weight', 'encoder.layers.3.feed_forward.pwff_layer.3.bias', 'encoder.layers.3.feed_forward.pwff_layer.3.weight', 'encoder.layers.3.layer_norm.bias', 'encoder.layers.3.layer_norm.weight', 'encoder.layers.3.src_src_att.k_layer.bias', 'encoder.layers.3.src_src_att.k_layer.weight', 'encoder.layers.3.src_src_att.output_layer.bias', 'encoder.layers.3.src_src_att.output_layer.weight', 'encoder.layers.3.src_src_att.q_layer.bias', 'encoder.layers.3.src_src_att.q_layer.weight', 'encoder.layers.3.src_src_att.v_layer.bias', 'encoder.layers.3.src_src_att.v_layer.weight', 'encoder.layers.4.feed_forward.layer_norm.bias', 'encoder.layers.4.feed_forward.layer_norm.weight', 'encoder.layers.4.feed_forward.pwff_layer.0.bias', 'encoder.layers.4.feed_forward.pwff_layer.0.weight', 'encoder.layers.4.feed_forward.pwff_layer.3.bias', 'encoder.layers.4.feed_forward.pwff_layer.3.weight', 'encoder.layers.4.layer_norm.bias', 'encoder.layers.4.layer_norm.weight', 'encoder.layers.4.src_src_att.k_layer.bias', 'encoder.layers.4.src_src_att.k_layer.weight', 'encoder.layers.4.src_src_att.output_layer.bias', 'encoder.layers.4.src_src_att.output_layer.weight', 'encoder.layers.4.src_src_att.q_layer.bias', 'encoder.layers.4.src_src_att.q_layer.weight', 'encoder.layers.4.src_src_att.v_layer.bias', 'encoder.layers.4.src_src_att.v_layer.weight', 'encoder.layers.5.feed_forward.layer_norm.bias', 'encoder.layers.5.feed_forward.layer_norm.weight', 'encoder.layers.5.feed_forward.pwff_layer.0.bias', 'encoder.layers.5.feed_forward.pwff_layer.0.weight', 'encoder.layers.5.feed_forward.pwff_layer.3.bias', 'encoder.layers.5.feed_forward.pwff_layer.3.weight', 'encoder.layers.5.layer_norm.bias', 'encoder.layers.5.layer_norm.weight', 'encoder.layers.5.src_src_att.k_layer.bias', 'encoder.layers.5.src_src_att.k_layer.weight', 'encoder.layers.5.src_src_att.output_layer.bias', 'encoder.layers.5.src_src_att.output_layer.weight', 'encoder.layers.5.src_src_att.q_layer.bias', 'encoder.layers.5.src_src_att.q_layer.weight', 'encoder.layers.5.src_src_att.v_layer.bias', 'encoder.layers.5.src_src_att.v_layer.weight', 'src_embed.lut.weight', 'trg_embed.lut.weight']
2020-08-10 14:36:51,646 cfg.data.dev                       : chatnmt/multi_encoder/dev_subset.tags.bpe.10000
2020-08-10 14:36:51,646 cfg.data.level                     : bpe
2020-08-10 14:36:51,646 cfg.data.lowercase                 : False
2020-08-10 14:36:51,646 cfg.data.max_sent_length           : 100
2020-08-10 14:36:51,646 cfg.data.src                       : en
2020-08-10 14:36:51,646 cfg.data.test                      : chatnmt/multi_encoder/test.tags.bpe.10000
2020-08-10 14:36:51,646 cfg.data.train                     : chatnmt/multi_encoder/train_subset.tags.bpe.10000
2020-08-10 14:36:51,646 cfg.data.trg                       : de
2020-08-10 14:36:51,646 cfg.model.bias_initializer         : zeros
2020-08-10 14:36:51,646 cfg.model.decoder.dropout          : 0.1
2020-08-10 14:36:51,646 cfg.model.decoder.embeddings.dropout : 0.0
2020-08-10 14:36:51,646 cfg.model.decoder.embeddings.embedding_dim : 256
2020-08-10 14:36:51,646 cfg.model.decoder.embeddings.scale : True
2020-08-10 14:36:51,646 cfg.model.decoder.ff_size          : 512
2020-08-10 14:36:51,647 cfg.model.decoder.freeze           : False
2020-08-10 14:36:51,647 cfg.model.decoder.hidden_size      : 256
2020-08-10 14:36:51,647 cfg.model.decoder.num_heads        : 8
2020-08-10 14:36:51,647 cfg.model.decoder.num_layers       : 6
2020-08-10 14:36:51,647 cfg.model.decoder.type             : transformer
2020-08-10 14:36:51,647 cfg.model.embed_init_gain          : 1.0
2020-08-10 14:36:51,647 cfg.model.embed_initializer        : xavier
2020-08-10 14:36:51,647 cfg.model.encoder.dropout          : 0.3
2020-08-10 14:36:51,647 cfg.model.encoder.embeddings.dropout : 0.0
2020-08-10 14:36:51,647 cfg.model.encoder.embeddings.embedding_dim : 256
2020-08-10 14:36:51,647 cfg.model.encoder.embeddings.scale : True
2020-08-10 14:36:51,647 cfg.model.encoder.ff_size          : 512
2020-08-10 14:36:51,647 cfg.model.encoder.freeze           : False
2020-08-10 14:36:51,647 cfg.model.encoder.hidden_size      : 256
2020-08-10 14:36:51,647 cfg.model.encoder.multi_encoder    : False
2020-08-10 14:36:51,647 cfg.model.encoder.num_heads        : 8
2020-08-10 14:36:51,647 cfg.model.encoder.num_layers       : 6
2020-08-10 14:36:51,647 cfg.model.encoder.type             : transformer
2020-08-10 14:36:51,647 cfg.model.init_gain                : 1.0
2020-08-10 14:36:51,647 cfg.model.initializer              : xavier
2020-08-10 14:36:51,647 cfg.model.tied_embeddings          : False
2020-08-10 14:36:51,647 cfg.model.tied_softmax             : True
2020-08-10 14:36:51,647 cfg.name                           : transformer
2020-08-10 14:36:51,647 cfg.testing.alpha                  : 1.0
2020-08-10 14:36:51,647 cfg.testing.beam_size              : 5
2020-08-10 14:36:51,647 cfg.training.adam_betas            : [0.9, 0.999]
2020-08-10 14:36:51,647 cfg.training.batch_multiplier      : 1
2020-08-10 14:36:51,648 cfg.training.batch_size            : 1024
2020-08-10 14:36:51,648 cfg.training.batch_type            : token
2020-08-10 14:36:51,648 cfg.training.decrease_factor       : 0.7
2020-08-10 14:36:51,648 cfg.training.early_stopping_metric : ppl
2020-08-10 14:36:51,648 cfg.training.epochs                : 20
2020-08-10 14:36:51,648 cfg.training.eval_metric           : bleu
2020-08-10 14:36:51,648 cfg.training.keep_last_ckpts       : 3
2020-08-10 14:36:51,648 cfg.training.label_smoothing       : 0.1
2020-08-10 14:36:51,648 cfg.training.learning_rate         : 0.0002
2020-08-10 14:36:51,648 cfg.training.learning_rate_min     : 1e-08
2020-08-10 14:36:51,648 cfg.training.logging_freq          : 100
2020-08-10 14:36:51,648 cfg.training.loss                  : crossentropy
2020-08-10 14:36:51,648 cfg.training.max_output_length     : 100
2020-08-10 14:36:51,648 cfg.training.model_dir             : models/viznet/attempt3/8_8_0.3_256_256_1024_10_8
2020-08-10 14:36:51,648 cfg.training.normalization         : tokens
2020-08-10 14:36:51,648 cfg.training.optimizer             : adam
2020-08-10 14:36:51,648 cfg.training.overwrite             : True
2020-08-10 14:36:51,648 cfg.training.patience              : 8
2020-08-10 14:36:51,648 cfg.training.print_valid_sents     : [0, 1, 2, 3]
2020-08-10 14:36:51,649 cfg.training.random_seed           : 42
2020-08-10 14:36:51,649 cfg.training.scheduling            : plateau
2020-08-10 14:36:51,649 cfg.training.shuffle               : True
2020-08-10 14:36:51,649 cfg.training.use_cuda              : True
2020-08-10 14:36:51,649 cfg.training.validation_freq       : 200
2020-08-10 14:36:51,649 cfg.training.weight_decay          : 0.0
2020-08-10 14:36:51,649 Data set sizes: 
	train 5000,
	valid 500,
	test 1220
2020-08-10 14:36:51,649 First training example:
	[SRC] hi there ! how can i help ?
	[TRG] hallo ! wie kann ich helfen ?
2020-08-10 14:36:51,649 First 10 words (src): (0) <unk> (1) <pad> (2) <s> (3) </s> (4) . (5) , (6) ? (7) you (8) i (9) the
2020-08-10 14:36:51,650 First 10 words (trg): (0) <unk> (1) <pad> (2) <s> (3) </s> (4) . (5) , (6) ? (7) sie (8) ich (9) das
2020-08-10 14:36:51,650 Number of Src words (types): 3468
2020-08-10 14:36:51,650 Number of Trg words (types): 4487
2020-08-10 14:36:51,650 Model(
	encoder=TransformerEncoder(num_layers=6, num_heads=8),
	decoder=TransformerDecoder(num_layers=6, num_heads=8),
	src_embed=Embeddings(embedding_dim=256, vocab_size=3468),
	trg_embed=Embeddings(embedding_dim=256, vocab_size=4487))
2020-08-10 14:36:51,655 EPOCH 1
2020-08-10 14:36:57,538 Epoch   1: total training loss 544.57
2020-08-10 14:36:57,538 EPOCH 2
2020-08-10 14:36:57,669 Epoch   2 Step:      100 Batch Loss:     4.484281 Tokens per Sec:    10716, Lr: 0.000200
2020-08-10 14:37:03,493 Epoch   2: total training loss 463.10
2020-08-10 14:37:03,494 EPOCH 3
2020-08-10 14:37:03,686 Epoch   3 Step:      200 Batch Loss:     3.692001 Tokens per Sec:    10431, Lr: 0.000200
2020-08-10 14:37:21,792 Hooray! New best validation result [ppl]!
2020-08-10 14:37:21,792 Saving new checkpoint.
2020-08-10 14:37:22,085 Example #0
2020-08-10 14:37:22,086 	Raw source:     ['hello', '.']
2020-08-10 14:37:22,086 	Raw hypothesis: ['ja', '.']
2020-08-10 14:37:22,086 	Source:     hello .
2020-08-10 14:37:22,086 	Reference:  hallo ,
2020-08-10 14:37:22,086 	Hypothesis: ja .
2020-08-10 14:37:22,086 Example #1
2020-08-10 14:37:22,086 	Raw source:     ['hi', ',', 'how', 'can', 'i', 'help', 'you', '?']
2020-08-10 14:37:22,086 	Raw hypothesis: ['ich', 'sie', 'sie', 'sie', 'sie', '?']
2020-08-10 14:37:22,086 	Source:     hi , how can i help you ?
2020-08-10 14:37:22,086 	Reference:  hallo , wie kann ich ihnen helfen ?
2020-08-10 14:37:22,086 	Hypothesis: ich sie sie sie sie ?
2020-08-10 14:37:22,086 Example #2
2020-08-10 14:37:22,086 	Raw source:     ['hi', ',', 'i', '&apos;m', 'looking', 'for', 'a', 'restaurant', 'inside', 'the', 'arden', 'fair', 'mall', 'in', 'san', 'francisco', ',', 'california', '.']
2020-08-10 14:37:22,086 	Raw hypothesis: ['ich', 'ich', 'ich', 'ich', 'ich', 'ich', 'ich', ',', 'ich', 'ich', 'ich', 'ich', 'ich', 'ich', 'sie', 'sie', 'sie', 'sie', 'sie', 'sie', 'sie', 'sie', 'sie', 'sie', 'sie', 'sie', 'sie', 'sie', 'sie', 'sie', 'sie', 'sie', 'sie', 'sie', 'sie', 'sie', 'sie', 'sie', 'sie', 'sie', 'sie', 'sie', 'sie', 'sie', 'sie', 'sie', 'sie', 'sie', 'sie', 'sie', 'sie', 'sie', 'sie', 'sie', 'sie', 'sie', 'sie', 'sie', 'sie', 'sie', 'sie', 'sie', 'sie', 'sie', 'sie', 'sie', 'sie', 'sie', 'sie', 'sie', 'sie', 'sie', 'sie', 'sie', 'sie', 'sie', 'sie', 'sie', 'sie', 'sie', 'sie', 'sie', 'sie', 'sie', 'sie', 'sie', 'sie', 'sie', 'sie', 'sie', 'sie', 'sie', 'sie', 'sie', 'sie', 'sie', 'sie', 'sie', 'sie', 'sie']
2020-08-10 14:37:22,086 	Source:     hi , i &apos;m looking for a restaurant inside the arden fair mall in san francisco , california .
2020-08-10 14:37:22,086 	Reference:  hallo , ich bin auf der suche nach einem restaurant im arden fair einkaufszentrum in san francisco , kalifornien .
2020-08-10 14:37:22,086 	Hypothesis: ich ich ich ich ich ich ich , ich ich ich ich ich ich sie sie sie sie sie sie sie sie sie sie sie sie sie sie sie sie sie sie sie sie sie sie sie sie sie sie sie sie sie sie sie sie sie sie sie sie sie sie sie sie sie sie sie sie sie sie sie sie sie sie sie sie sie sie sie sie sie sie sie sie sie sie sie sie sie sie sie sie sie sie sie sie sie sie sie sie sie sie sie sie sie sie sie sie sie sie
2020-08-10 14:37:22,086 Example #3
2020-08-10 14:37:22,086 	Raw source:     ['ok', ',', 'what', 'type', 'of', 'restaurant', 'are', 'you', 'looking', 'for', '?']
2020-08-10 14:37:22,086 	Raw hypothesis: ['ich', 'sie', 'sie', 'sie', 'sie', 'sie', 'sie', '?']
2020-08-10 14:37:22,086 	Source:     ok , what type of restaurant are you looking for ?
2020-08-10 14:37:22,086 	Reference:  ok . welche art von restaurant suchen sie denn genau ?
2020-08-10 14:37:22,086 	Hypothesis: ich sie sie sie sie sie sie ?
2020-08-10 14:37:22,086 Validation result (greedy) at epoch   3, step      200: bleu:   0.00, loss: 29822.9199, ppl: 105.6182, duration: 18.3999s
2020-08-10 14:37:27,880 Epoch   3: total training loss 430.07
2020-08-10 14:37:27,880 EPOCH 4
2020-08-10 14:37:28,132 Epoch   4 Step:      300 Batch Loss:     3.596407 Tokens per Sec:     6479, Lr: 0.000200
2020-08-10 14:37:33,899 Epoch   4: total training loss 399.30
2020-08-10 14:37:33,900 EPOCH 5
2020-08-10 14:37:34,210 Epoch   5 Step:      400 Batch Loss:     3.010152 Tokens per Sec:     9648, Lr: 0.000200
2020-08-10 14:37:51,999 Hooray! New best validation result [ppl]!
2020-08-10 14:37:51,999 Saving new checkpoint.
2020-08-10 14:37:52,298 Example #0
2020-08-10 14:37:52,298 	Raw source:     ['hello', '.']
2020-08-10 14:37:52,298 	Raw hypothesis: ['ja', '.']
2020-08-10 14:37:52,298 	Source:     hello .
2020-08-10 14:37:52,298 	Reference:  hallo ,
2020-08-10 14:37:52,298 	Hypothesis: ja .
2020-08-10 14:37:52,298 Example #1
2020-08-10 14:37:52,298 	Raw source:     ['hi', ',', 'how', 'can', 'i', 'help', 'you', '?']
2020-08-10 14:37:52,298 	Raw hypothesis: ['hallo', ',', 'wie', 'kann', 'ich', 'ihnen', 'helfen', '?']
2020-08-10 14:37:52,298 	Source:     hi , how can i help you ?
2020-08-10 14:37:52,298 	Reference:  hallo , wie kann ich ihnen helfen ?
2020-08-10 14:37:52,298 	Hypothesis: hallo , wie kann ich ihnen helfen ?
2020-08-10 14:37:52,298 Example #2
2020-08-10 14:37:52,298 	Raw source:     ['hi', ',', 'i', '&apos;m', 'looking', 'for', 'a', 'restaurant', 'inside', 'the', 'arden', 'fair', 'mall', 'in', 'san', 'francisco', ',', 'california', '.']
2020-08-10 14:37:52,298 	Raw hypothesis: ['ich', 'habe', 'habe', 'ein', 'ein', 'ein', 'in', 'in', 'in', 'in', 'in', 'der', 'der', 'der', 'der', 'der', 'der', 'der', 'der', 'der', 'der', 'der', 'der', 'der', 'der', 'der', 'der', 'der', 'der', 'der', 'der', 'der', 'der', 'der', 'der', 'der', 'der', 'der', 'der', 'der', 'der', 'der', 'der', 'der', 'der', 'der', 'der', 'der', 'der', 'der', 'der', 'der', 'der', 'der', 'der', 'der', 'der', 'der', 'der', 'der', 'der', 'der', 'der', 'der', 'der', 'der', 'der', 'der', 'der', 'der', 'der', 'der', 'der', 'der', 'der', 'der', 'der', 'der', 'der', 'der', 'der', 'der', 'der', 'der', 'der', 'der', 'der', 'der', 'der', 'der', 'der', 'der', 'der', 'der', 'der', 'der', 'der', 'der', 'der', 'der']
2020-08-10 14:37:52,298 	Source:     hi , i &apos;m looking for a restaurant inside the arden fair mall in san francisco , california .
2020-08-10 14:37:52,299 	Reference:  hallo , ich bin auf der suche nach einem restaurant im arden fair einkaufszentrum in san francisco , kalifornien .
2020-08-10 14:37:52,299 	Hypothesis: ich habe habe ein ein ein in in in in in der der der der der der der der der der der der der der der der der der der der der der der der der der der der der der der der der der der der der der der der der der der der der der der der der der der der der der der der der der der der der der der der der der der der der der der der der der der der der der der der der der der der der der der der der
2020-08-10 14:37:52,299 Example #3
2020-08-10 14:37:52,299 	Raw source:     ['ok', ',', 'what', 'type', 'of', 'restaurant', 'are', 'you', 'looking', 'for', '?']
2020-08-10 14:37:52,299 	Raw hypothesis: ['ok', ',', 'wie', 'sie', 'mir', 'mir', 'für', 'die', 'für', 'die', '?']
2020-08-10 14:37:52,299 	Source:     ok , what type of restaurant are you looking for ?
2020-08-10 14:37:52,299 	Reference:  ok . welche art von restaurant suchen sie denn genau ?
2020-08-10 14:37:52,299 	Hypothesis: ok , wie sie mir mir für die für die ?
2020-08-10 14:37:52,299 Validation result (greedy) at epoch   5, step      400: bleu:   1.83, loss: 25893.2637, ppl:  57.1582, duration: 18.0890s
2020-08-10 14:37:58,000 Epoch   5: total training loss 371.37
2020-08-10 14:37:58,000 EPOCH 6
2020-08-10 14:37:58,307 Epoch   6 Step:      500 Batch Loss:     2.766680 Tokens per Sec:     9879, Lr: 0.000200
2020-08-10 14:38:03,906 Epoch   6: total training loss 333.74
2020-08-10 14:38:03,907 EPOCH 7
2020-08-10 14:38:04,338 Epoch   7 Step:      600 Batch Loss:     2.573418 Tokens per Sec:    11107, Lr: 0.000200
2020-08-10 14:38:18,536 Hooray! New best validation result [ppl]!
2020-08-10 14:38:18,536 Saving new checkpoint.
2020-08-10 14:38:18,825 Example #0
2020-08-10 14:38:18,825 	Raw source:     ['hello', '.']
2020-08-10 14:38:18,825 	Raw hypothesis: ['hallo', '.']
2020-08-10 14:38:18,825 	Source:     hello .
2020-08-10 14:38:18,825 	Reference:  hallo ,
2020-08-10 14:38:18,825 	Hypothesis: hallo .
2020-08-10 14:38:18,825 Example #1
2020-08-10 14:38:18,825 	Raw source:     ['hi', ',', 'how', 'can', 'i', 'help', 'you', '?']
2020-08-10 14:38:18,825 	Raw hypothesis: ['hallo', ',', 'wie', 'kann', 'ich', 'ihnen', 'helfen', '?']
2020-08-10 14:38:18,825 	Source:     hi , how can i help you ?
2020-08-10 14:38:18,825 	Reference:  hallo , wie kann ich ihnen helfen ?
2020-08-10 14:38:18,825 	Hypothesis: hallo , wie kann ich ihnen helfen ?
2020-08-10 14:38:18,825 Example #2
2020-08-10 14:38:18,825 	Raw source:     ['hi', ',', 'i', '&apos;m', 'looking', 'for', 'a', 'restaurant', 'inside', 'the', 'arden', 'fair', 'mall', 'in', 'san', 'francisco', ',', 'california', '.']
2020-08-10 14:38:18,825 	Raw hypothesis: ['ich', 'habe', 'ein', 'pizzen', ',', 'das', 'in', 'der', 'der', 'der', 'der', 'der', 'der', 'der', 'der', 'der', 'der', 'der', 'der', 'der', 'der', 'der', 'der', 'der', 'der', 'der', 'der', 'der', 'der', 'der', 'der', 'der', 'der', 'der', 'der', 'der', 'der', 'der', 'der', 'der', 'der', 'der', 'der', 'der', 'der', 'der', 'der', 'der', 'der', 'der', 'der', 'der', 'der', 'der', 'der', 'der', 'der', 'der', 'der', 'der', 'der', 'der', 'der', 'der', 'der', 'der', 'der', 'der', 'der', 'der', 'der', 'der', 'der', 'der', 'der', 'der', 'der', 'der', 'der', 'der', 'der', 'der', 'der', 'der', 'der', 'der', 'der', 'der', 'der', 'der', 'der', 'der', 'der', 'der', 'der', 'der', 'der', 'der', 'der', 'der']
2020-08-10 14:38:18,825 	Source:     hi , i &apos;m looking for a restaurant inside the arden fair mall in san francisco , california .
2020-08-10 14:38:18,825 	Reference:  hallo , ich bin auf der suche nach einem restaurant im arden fair einkaufszentrum in san francisco , kalifornien .
2020-08-10 14:38:18,826 	Hypothesis: ich habe ein pizzen , das in der der der der der der der der der der der der der der der der der der der der der der der der der der der der der der der der der der der der der der der der der der der der der der der der der der der der der der der der der der der der der der der der der der der der der der der der der der der der der der der der der der der der der der der der der der der der der
2020-08-10 14:38:18,826 Example #3
2020-08-10 14:38:18,826 	Raw source:     ['ok', ',', 'what', 'type', 'of', 'restaurant', 'are', 'you', 'looking', 'for', '?']
2020-08-10 14:38:18,826 	Raw hypothesis: ['ok', ',', 'welche', 'art', 'von', 'von', 'von', 'von', 'von', 'von', 'von', 'von', 'von', 'von', 'von', 'von', 'art', 'von', 'von', 'von', 'von', 'von', '?']
2020-08-10 14:38:18,826 	Source:     ok , what type of restaurant are you looking for ?
2020-08-10 14:38:18,826 	Reference:  ok . welche art von restaurant suchen sie denn genau ?
2020-08-10 14:38:18,826 	Hypothesis: ok , welche art von von von von von von von von von von von von art von von von von von ?
2020-08-10 14:38:18,826 Validation result (greedy) at epoch   7, step      600: bleu:   5.35, loss: 23669.5566, ppl:  40.3814, duration: 14.4879s
2020-08-10 14:38:24,322 Epoch   7: total training loss 314.14
2020-08-10 14:38:24,322 EPOCH 8
2020-08-10 14:38:24,882 Epoch   8 Step:      700 Batch Loss:     3.453745 Tokens per Sec:    10556, Lr: 0.000200
2020-08-10 14:38:30,324 Epoch   8: total training loss 292.81
2020-08-10 14:38:30,324 EPOCH 9
2020-08-10 14:38:30,939 Epoch   9 Step:      800 Batch Loss:     0.592474 Tokens per Sec:     9753, Lr: 0.000200
2020-08-10 14:38:45,013 Hooray! New best validation result [ppl]!
2020-08-10 14:38:45,013 Saving new checkpoint.
2020-08-10 14:38:45,316 Example #0
2020-08-10 14:38:45,316 	Raw source:     ['hello', '.']
2020-08-10 14:38:45,316 	Raw hypothesis: ['hallo', '.']
2020-08-10 14:38:45,316 	Source:     hello .
2020-08-10 14:38:45,316 	Reference:  hallo ,
2020-08-10 14:38:45,316 	Hypothesis: hallo .
2020-08-10 14:38:45,316 Example #1
2020-08-10 14:38:45,316 	Raw source:     ['hi', ',', 'how', 'can', 'i', 'help', 'you', '?']
2020-08-10 14:38:45,316 	Raw hypothesis: ['hallo', ',', 'wie', 'kann', 'ich', 'ihnen', 'helfen', '?']
2020-08-10 14:38:45,316 	Source:     hi , how can i help you ?
2020-08-10 14:38:45,316 	Reference:  hallo , wie kann ich ihnen helfen ?
2020-08-10 14:38:45,316 	Hypothesis: hallo , wie kann ich ihnen helfen ?
2020-08-10 14:38:45,316 Example #2
2020-08-10 14:38:45,316 	Raw source:     ['hi', ',', 'i', '&apos;m', 'looking', 'for', 'a', 'restaurant', 'inside', 'the', 'arden', 'fair', 'mall', 'in', 'san', 'francisco', ',', 'california', '.']
2020-08-10 14:38:45,316 	Raw hypothesis: ['hallo', ',', 'ich', 'möchte', 'ein', 'paar', 'restaurant', 'in', 'der', 'der', 'der', 'der', 'der', 'der', 'der', 'der', 'der', 'der', 'der', 'der', 'einem', 'restaurant', 'in', 'san', 'francisco', ',', 'in', 'der', 'der', 'der', 'der', 'der', 'der', 'der', 'der', 'der', 'der', 'der', 'der', 'der', 'der', 'der', 'der', 'der', 'san', 'francisco', 'in', 'san', 'francisco', ',', 'in', 'san', 'francisco', ',', 'in', 'san', 'francisco', ',', 'in', 'san', 'francisco', ',', 'in', 'san', 'francisco', ',', 'kalifornien', 'in', 'san', 'francisco', ',', 'in', 'san', 'francisco', '.']
2020-08-10 14:38:45,316 	Source:     hi , i &apos;m looking for a restaurant inside the arden fair mall in san francisco , california .
2020-08-10 14:38:45,317 	Reference:  hallo , ich bin auf der suche nach einem restaurant im arden fair einkaufszentrum in san francisco , kalifornien .
2020-08-10 14:38:45,317 	Hypothesis: hallo , ich möchte ein paar restaurant in der der der der der der der der der der der der einem restaurant in san francisco , in der der der der der der der der der der der der der der der der der san francisco in san francisco , in san francisco , in san francisco , in san francisco , in san francisco , kalifornien in san francisco , in san francisco .
2020-08-10 14:38:45,317 Example #3
2020-08-10 14:38:45,317 	Raw source:     ['ok', ',', 'what', 'type', 'of', 'restaurant', 'are', 'you', 'looking', 'for', '?']
2020-08-10 14:38:45,317 	Raw hypothesis: ['ok', ',', 'welche', 'art', 'von', 'von', 'art', 'von', 'von', 'art', 'von', 'von', 'art', 'von', 'von', 'von', 'art', '?']
2020-08-10 14:38:45,317 	Source:     ok , what type of restaurant are you looking for ?
2020-08-10 14:38:45,317 	Reference:  ok . welche art von restaurant suchen sie denn genau ?
2020-08-10 14:38:45,317 	Hypothesis: ok , welche art von von art von von art von von art von von von art ?
2020-08-10 14:38:45,317 Validation result (greedy) at epoch   9, step      800: bleu:   6.48, loss: 21213.3555, ppl:  27.5110, duration: 14.3777s
2020-08-10 14:38:50,756 Epoch   9: total training loss 276.09
2020-08-10 14:38:50,756 EPOCH 10
2020-08-10 14:38:51,438 Epoch  10 Step:      900 Batch Loss:     3.084441 Tokens per Sec:    11444, Lr: 0.000200
2020-08-10 14:38:56,744 Epoch  10: total training loss 259.55
2020-08-10 14:38:56,745 EPOCH 11
2020-08-10 14:38:57,474 Epoch  11 Step:     1000 Batch Loss:     2.536601 Tokens per Sec:    10636, Lr: 0.000200
2020-08-10 14:39:04,944 Hooray! New best validation result [ppl]!
2020-08-10 14:39:04,945 Saving new checkpoint.
2020-08-10 14:39:05,239 Example #0
2020-08-10 14:39:05,239 	Raw source:     ['hello', '.']
2020-08-10 14:39:05,239 	Raw hypothesis: ['hallo', '.']
2020-08-10 14:39:05,239 	Source:     hello .
2020-08-10 14:39:05,239 	Reference:  hallo ,
2020-08-10 14:39:05,239 	Hypothesis: hallo .
2020-08-10 14:39:05,239 Example #1
2020-08-10 14:39:05,239 	Raw source:     ['hi', ',', 'how', 'can', 'i', 'help', 'you', '?']
2020-08-10 14:39:05,239 	Raw hypothesis: ['hallo', ',', 'wie', 'kann', 'ich', 'ihnen', 'helfen', '?']
2020-08-10 14:39:05,239 	Source:     hi , how can i help you ?
2020-08-10 14:39:05,239 	Reference:  hallo , wie kann ich ihnen helfen ?
2020-08-10 14:39:05,239 	Hypothesis: hallo , wie kann ich ihnen helfen ?
2020-08-10 14:39:05,239 Example #2
2020-08-10 14:39:05,240 	Raw source:     ['hi', ',', 'i', '&apos;m', 'looking', 'for', 'a', 'restaurant', 'inside', 'the', 'arden', 'fair', 'mall', 'in', 'san', 'francisco', ',', 'california', '.']
2020-08-10 14:39:05,240 	Raw hypothesis: ['hallo', ',', 'ich', 'möchte', 'ein', 'restaurant', 'in', 'san', 'francisco', ',', 'kalifornien', ',', 'kalifornien', '.']
2020-08-10 14:39:05,240 	Source:     hi , i &apos;m looking for a restaurant inside the arden fair mall in san francisco , california .
2020-08-10 14:39:05,240 	Reference:  hallo , ich bin auf der suche nach einem restaurant im arden fair einkaufszentrum in san francisco , kalifornien .
2020-08-10 14:39:05,240 	Hypothesis: hallo , ich möchte ein restaurant in san francisco , kalifornien , kalifornien .
2020-08-10 14:39:05,240 Example #3
2020-08-10 14:39:05,240 	Raw source:     ['ok', ',', 'what', 'type', 'of', 'restaurant', 'are', 'you', 'looking', 'for', '?']
2020-08-10 14:39:05,240 	Raw hypothesis: ['ok', ',', 'welche', 'art', 'von', 'von', 'von', 'von', 'von', 'von', 'von', 'von', 'art', 'von', 'von', 'von', 'von', 'essen', '?']
2020-08-10 14:39:05,240 	Source:     ok , what type of restaurant are you looking for ?
2020-08-10 14:39:05,240 	Reference:  ok . welche art von restaurant suchen sie denn genau ?
2020-08-10 14:39:05,240 	Hypothesis: ok , welche art von von von von von von von von art von von von von essen ?
2020-08-10 14:39:05,240 Validation result (greedy) at epoch  11, step     1000: bleu:  14.35, loss: 19316.1406, ppl:  20.4534, duration: 7.7654s
2020-08-10 14:39:10,449 Epoch  11: total training loss 240.32
2020-08-10 14:39:10,449 EPOCH 12
2020-08-10 14:39:11,342 Epoch  12 Step:     1100 Batch Loss:     2.219424 Tokens per Sec:    10165, Lr: 0.000200
2020-08-10 14:39:16,545 Epoch  12: total training loss 233.58
2020-08-10 14:39:16,545 EPOCH 13
2020-08-10 14:39:17,407 Epoch  13 Step:     1200 Batch Loss:     2.400802 Tokens per Sec:    11332, Lr: 0.000200
2020-08-10 14:39:27,794 Hooray! New best validation result [ppl]!
2020-08-10 14:39:27,794 Saving new checkpoint.
2020-08-10 14:39:28,105 Example #0
2020-08-10 14:39:28,105 	Raw source:     ['hello', '.']
2020-08-10 14:39:28,105 	Raw hypothesis: ['hallo', '.']
2020-08-10 14:39:28,105 	Source:     hello .
2020-08-10 14:39:28,105 	Reference:  hallo ,
2020-08-10 14:39:28,105 	Hypothesis: hallo .
2020-08-10 14:39:28,105 Example #1
2020-08-10 14:39:28,105 	Raw source:     ['hi', ',', 'how', 'can', 'i', 'help', 'you', '?']
2020-08-10 14:39:28,105 	Raw hypothesis: ['hallo', ',', 'wie', 'kann', 'ich', 'ihnen', 'helfen', '?']
2020-08-10 14:39:28,105 	Source:     hi , how can i help you ?
2020-08-10 14:39:28,105 	Reference:  hallo , wie kann ich ihnen helfen ?
2020-08-10 14:39:28,105 	Hypothesis: hallo , wie kann ich ihnen helfen ?
2020-08-10 14:39:28,105 Example #2
2020-08-10 14:39:28,105 	Raw source:     ['hi', ',', 'i', '&apos;m', 'looking', 'for', 'a', 'restaurant', 'inside', 'the', 'arden', 'fair', 'mall', 'in', 'san', 'francisco', ',', 'california', '.']
2020-08-10 14:39:28,105 	Raw hypothesis: ['hallo', ',', 'ich', 'bin', 'in', 'san', 'francisco', ',', 'kalifornien', ',', 'kalifornien', '.']
2020-08-10 14:39:28,105 	Source:     hi , i &apos;m looking for a restaurant inside the arden fair mall in san francisco , california .
2020-08-10 14:39:28,106 	Reference:  hallo , ich bin auf der suche nach einem restaurant im arden fair einkaufszentrum in san francisco , kalifornien .
2020-08-10 14:39:28,106 	Hypothesis: hallo , ich bin in san francisco , kalifornien , kalifornien .
2020-08-10 14:39:28,106 Example #3
2020-08-10 14:39:28,106 	Raw source:     ['ok', ',', 'what', 'type', 'of', 'restaurant', 'are', 'you', 'looking', 'for', '?']
2020-08-10 14:39:28,106 	Raw hypothesis: ['ok', ',', 'welche', 'art', 'von', 'essen', 'möchten', 'sie', '?']
2020-08-10 14:39:28,106 	Source:     ok , what type of restaurant are you looking for ?
2020-08-10 14:39:28,106 	Reference:  ok . welche art von restaurant suchen sie denn genau ?
2020-08-10 14:39:28,106 	Hypothesis: ok , welche art von essen möchten sie ?
2020-08-10 14:39:28,106 Validation result (greedy) at epoch  13, step     1200: bleu:  16.86, loss: 18198.8223, ppl:  17.1769, duration: 10.6989s
2020-08-10 14:39:33,413 Epoch  13: total training loss 218.58
2020-08-10 14:39:33,414 EPOCH 14
2020-08-10 14:39:34,263 Epoch  14 Step:     1300 Batch Loss:     0.485041 Tokens per Sec:    10359, Lr: 0.000200
2020-08-10 14:39:39,431 Epoch  14: total training loss 202.50
2020-08-10 14:39:39,431 EPOCH 15
2020-08-10 14:39:40,352 Epoch  15 Step:     1400 Batch Loss:     1.452289 Tokens per Sec:    10525, Lr: 0.000200
2020-08-10 14:39:47,684 Hooray! New best validation result [ppl]!
2020-08-10 14:39:47,684 Saving new checkpoint.
2020-08-10 14:39:47,981 Example #0
2020-08-10 14:39:47,981 	Raw source:     ['hello', '.']
2020-08-10 14:39:47,981 	Raw hypothesis: ['hallo', '.']
2020-08-10 14:39:47,981 	Source:     hello .
2020-08-10 14:39:47,981 	Reference:  hallo ,
2020-08-10 14:39:47,981 	Hypothesis: hallo .
2020-08-10 14:39:47,981 Example #1
2020-08-10 14:39:47,981 	Raw source:     ['hi', ',', 'how', 'can', 'i', 'help', 'you', '?']
2020-08-10 14:39:47,981 	Raw hypothesis: ['hallo', ',', 'wie', 'kann', 'ich', 'ihnen', 'helfen', '?']
2020-08-10 14:39:47,981 	Source:     hi , how can i help you ?
2020-08-10 14:39:47,981 	Reference:  hallo , wie kann ich ihnen helfen ?
2020-08-10 14:39:47,981 	Hypothesis: hallo , wie kann ich ihnen helfen ?
2020-08-10 14:39:47,981 Example #2
2020-08-10 14:39:47,981 	Raw source:     ['hi', ',', 'i', '&apos;m', 'looking', 'for', 'a', 'restaurant', 'inside', 'the', 'arden', 'fair', 'mall', 'in', 'san', 'francisco', ',', 'california', '.']
2020-08-10 14:39:47,981 	Raw hypothesis: ['hallo', ',', 'ich', 'suche', 'ein', 'restaurant', 'in', 'san', 'francisco', ',', 'kalifornien', ',', 'kalifornien', ',', 'kalifornien', '.']
2020-08-10 14:39:47,981 	Source:     hi , i &apos;m looking for a restaurant inside the arden fair mall in san francisco , california .
2020-08-10 14:39:47,981 	Reference:  hallo , ich bin auf der suche nach einem restaurant im arden fair einkaufszentrum in san francisco , kalifornien .
2020-08-10 14:39:47,982 	Hypothesis: hallo , ich suche ein restaurant in san francisco , kalifornien , kalifornien , kalifornien .
2020-08-10 14:39:47,982 Example #3
2020-08-10 14:39:47,982 	Raw source:     ['ok', ',', 'what', 'type', 'of', 'restaurant', 'are', 'you', 'looking', 'for', '?']
2020-08-10 14:39:47,982 	Raw hypothesis: ['ok', ',', 'welche', 'art', 'von', 'restaurant', 'möchten', 'sie', '?']
2020-08-10 14:39:47,982 	Source:     ok , what type of restaurant are you looking for ?
2020-08-10 14:39:47,982 	Reference:  ok . welche art von restaurant suchen sie denn genau ?
2020-08-10 14:39:47,982 	Hypothesis: ok , welche art von restaurant möchten sie ?
2020-08-10 14:39:47,982 Validation result (greedy) at epoch  15, step     1400: bleu:  21.25, loss: 17470.7988, ppl:  15.3300, duration: 7.6290s
2020-08-10 14:39:52,992 Epoch  15: total training loss 187.53
2020-08-10 14:39:52,992 EPOCH 16
2020-08-10 14:39:54,038 Epoch  16 Step:     1500 Batch Loss:     2.744045 Tokens per Sec:    10363, Lr: 0.000200
2020-08-10 14:39:59,026 Epoch  16: total training loss 181.09
2020-08-10 14:39:59,026 EPOCH 17
2020-08-10 14:40:00,156 Epoch  17 Step:     1600 Batch Loss:     1.144718 Tokens per Sec:    10116, Lr: 0.000200
2020-08-10 14:40:12,123 Hooray! New best validation result [ppl]!
2020-08-10 14:40:12,123 Saving new checkpoint.
2020-08-10 14:40:12,424 Example #0
2020-08-10 14:40:12,424 	Raw source:     ['hello', '.']
2020-08-10 14:40:12,424 	Raw hypothesis: ['hallo', '.']
2020-08-10 14:40:12,424 	Source:     hello .
2020-08-10 14:40:12,424 	Reference:  hallo ,
2020-08-10 14:40:12,424 	Hypothesis: hallo .
2020-08-10 14:40:12,424 Example #1
2020-08-10 14:40:12,424 	Raw source:     ['hi', ',', 'how', 'can', 'i', 'help', 'you', '?']
2020-08-10 14:40:12,424 	Raw hypothesis: ['hallo', ',', 'wie', 'kann', 'ich', 'ihnen', 'helfen', '?']
2020-08-10 14:40:12,424 	Source:     hi , how can i help you ?
2020-08-10 14:40:12,424 	Reference:  hallo , wie kann ich ihnen helfen ?
2020-08-10 14:40:12,424 	Hypothesis: hallo , wie kann ich ihnen helfen ?
2020-08-10 14:40:12,424 Example #2
2020-08-10 14:40:12,424 	Raw source:     ['hi', ',', 'i', '&apos;m', 'looking', 'for', 'a', 'restaurant', 'inside', 'the', 'arden', 'fair', 'mall', 'in', 'san', 'francisco', ',', 'california', '.']
2020-08-10 14:40:12,424 	Raw hypothesis: ['hallo', ',', 'ich', 'suche', 'ein', 'restaurant', 'in', 'san', 'francisco', ',', 'kalifornien', ',', 'kalifornien', '.']
2020-08-10 14:40:12,424 	Source:     hi , i &apos;m looking for a restaurant inside the arden fair mall in san francisco , california .
2020-08-10 14:40:12,424 	Reference:  hallo , ich bin auf der suche nach einem restaurant im arden fair einkaufszentrum in san francisco , kalifornien .
2020-08-10 14:40:12,424 	Hypothesis: hallo , ich suche ein restaurant in san francisco , kalifornien , kalifornien .
2020-08-10 14:40:12,424 Example #3
2020-08-10 14:40:12,425 	Raw source:     ['ok', ',', 'what', 'type', 'of', 'restaurant', 'are', 'you', 'looking', 'for', '?']
2020-08-10 14:40:12,425 	Raw hypothesis: ['ok', ',', 'welche', 'art', 'von', 'restaurant', 'haben', 'sie', '?']
2020-08-10 14:40:12,425 	Source:     ok , what type of restaurant are you looking for ?
2020-08-10 14:40:12,425 	Reference:  ok . welche art von restaurant suchen sie denn genau ?
2020-08-10 14:40:12,425 	Hypothesis: ok , welche art von restaurant haben sie ?
2020-08-10 14:40:12,425 Validation result (greedy) at epoch  17, step     1600: bleu:  17.82, loss: 17201.6191, ppl:  14.6986, duration: 12.2681s
2020-08-10 14:40:17,411 Epoch  17: total training loss 170.14
2020-08-10 14:40:17,411 EPOCH 18
2020-08-10 14:40:18,609 Epoch  18 Step:     1700 Batch Loss:     1.256668 Tokens per Sec:    10583, Lr: 0.000200
2020-08-10 14:40:23,550 Epoch  18: total training loss 161.38
2020-08-10 14:40:23,550 EPOCH 19
2020-08-10 14:40:24,807 Epoch  19 Step:     1800 Batch Loss:     2.454655 Tokens per Sec:    10525, Lr: 0.000200
2020-08-10 14:40:33,970 Hooray! New best validation result [ppl]!
2020-08-10 14:40:33,970 Saving new checkpoint.
2020-08-10 14:40:34,275 Example #0
2020-08-10 14:40:34,275 	Raw source:     ['hello', '.']
2020-08-10 14:40:34,275 	Raw hypothesis: ['hallo', '.']
2020-08-10 14:40:34,275 	Source:     hello .
2020-08-10 14:40:34,275 	Reference:  hallo ,
2020-08-10 14:40:34,275 	Hypothesis: hallo .
2020-08-10 14:40:34,275 Example #1
2020-08-10 14:40:34,275 	Raw source:     ['hi', ',', 'how', 'can', 'i', 'help', 'you', '?']
2020-08-10 14:40:34,275 	Raw hypothesis: ['hallo', ',', 'wie', 'kann', 'ich', 'ihnen', 'helfen', '?']
2020-08-10 14:40:34,276 	Source:     hi , how can i help you ?
2020-08-10 14:40:34,276 	Reference:  hallo , wie kann ich ihnen helfen ?
2020-08-10 14:40:34,276 	Hypothesis: hallo , wie kann ich ihnen helfen ?
2020-08-10 14:40:34,276 Example #2
2020-08-10 14:40:34,276 	Raw source:     ['hi', ',', 'i', '&apos;m', 'looking', 'for', 'a', 'restaurant', 'inside', 'the', 'arden', 'fair', 'mall', 'in', 'san', 'francisco', ',', 'california', '.']
2020-08-10 14:40:34,276 	Raw hypothesis: ['hallo', ',', 'ich', 'suche', 'ein', 'restaurant', 'in', 'san', 'francisco', ',', 'kalifornien', ',', 'kalifornien', '.']
2020-08-10 14:40:34,276 	Source:     hi , i &apos;m looking for a restaurant inside the arden fair mall in san francisco , california .
2020-08-10 14:40:34,276 	Reference:  hallo , ich bin auf der suche nach einem restaurant im arden fair einkaufszentrum in san francisco , kalifornien .
2020-08-10 14:40:34,276 	Hypothesis: hallo , ich suche ein restaurant in san francisco , kalifornien , kalifornien .
2020-08-10 14:40:34,276 Example #3
2020-08-10 14:40:34,276 	Raw source:     ['ok', ',', 'what', 'type', 'of', 'restaurant', 'are', 'you', 'looking', 'for', '?']
2020-08-10 14:40:34,276 	Raw hypothesis: ['ok', ',', 'was', 'für', 'ein', 'restaurant', 'suchen', 'sie', '?']
2020-08-10 14:40:34,276 	Source:     ok , what type of restaurant are you looking for ?
2020-08-10 14:40:34,276 	Reference:  ok . welche art von restaurant suchen sie denn genau ?
2020-08-10 14:40:34,276 	Hypothesis: ok , was für ein restaurant suchen sie ?
2020-08-10 14:40:34,276 Validation result (greedy) at epoch  19, step     1800: bleu:  23.04, loss: 16768.9648, ppl:  13.7378, duration: 9.4684s
2020-08-10 14:40:39,159 Epoch  19: total training loss 151.19
2020-08-10 14:40:39,160 EPOCH 20
2020-08-10 14:40:40,550 Epoch  20 Step:     1900 Batch Loss:     1.843573 Tokens per Sec:    10319, Lr: 0.000200
2020-08-10 14:40:45,349 Epoch  20: total training loss 146.55
2020-08-10 14:40:45,349 Training ended after  20 epochs.
2020-08-10 14:40:45,349 Best validation result (greedy) at step     1800:  13.74 ppl.
