2020-08-10 13:44:46,904 Hello! This is Joey-NMT.
2020-08-10 13:44:48,305 Total params: 29320704
2020-08-10 13:44:48,306 Trainable parameters: ['decoder.layer_norm.bias', 'decoder.layer_norm.weight', 'decoder.layers.0.dec_layer_norm.bias', 'decoder.layers.0.dec_layer_norm.weight', 'decoder.layers.0.feed_forward.layer_norm.bias', 'decoder.layers.0.feed_forward.layer_norm.weight', 'decoder.layers.0.feed_forward.pwff_layer.0.bias', 'decoder.layers.0.feed_forward.pwff_layer.0.weight', 'decoder.layers.0.feed_forward.pwff_layer.3.bias', 'decoder.layers.0.feed_forward.pwff_layer.3.weight', 'decoder.layers.0.src_trg_att.k_layer.bias', 'decoder.layers.0.src_trg_att.k_layer.weight', 'decoder.layers.0.src_trg_att.output_layer.bias', 'decoder.layers.0.src_trg_att.output_layer.weight', 'decoder.layers.0.src_trg_att.q_layer.bias', 'decoder.layers.0.src_trg_att.q_layer.weight', 'decoder.layers.0.src_trg_att.v_layer.bias', 'decoder.layers.0.src_trg_att.v_layer.weight', 'decoder.layers.0.trg_trg_att.k_layer.bias', 'decoder.layers.0.trg_trg_att.k_layer.weight', 'decoder.layers.0.trg_trg_att.output_layer.bias', 'decoder.layers.0.trg_trg_att.output_layer.weight', 'decoder.layers.0.trg_trg_att.q_layer.bias', 'decoder.layers.0.trg_trg_att.q_layer.weight', 'decoder.layers.0.trg_trg_att.v_layer.bias', 'decoder.layers.0.trg_trg_att.v_layer.weight', 'decoder.layers.0.x_layer_norm.bias', 'decoder.layers.0.x_layer_norm.weight', 'decoder.layers.1.dec_layer_norm.bias', 'decoder.layers.1.dec_layer_norm.weight', 'decoder.layers.1.feed_forward.layer_norm.bias', 'decoder.layers.1.feed_forward.layer_norm.weight', 'decoder.layers.1.feed_forward.pwff_layer.0.bias', 'decoder.layers.1.feed_forward.pwff_layer.0.weight', 'decoder.layers.1.feed_forward.pwff_layer.3.bias', 'decoder.layers.1.feed_forward.pwff_layer.3.weight', 'decoder.layers.1.src_trg_att.k_layer.bias', 'decoder.layers.1.src_trg_att.k_layer.weight', 'decoder.layers.1.src_trg_att.output_layer.bias', 'decoder.layers.1.src_trg_att.output_layer.weight', 'decoder.layers.1.src_trg_att.q_layer.bias', 'decoder.layers.1.src_trg_att.q_layer.weight', 'decoder.layers.1.src_trg_att.v_layer.bias', 'decoder.layers.1.src_trg_att.v_layer.weight', 'decoder.layers.1.trg_trg_att.k_layer.bias', 'decoder.layers.1.trg_trg_att.k_layer.weight', 'decoder.layers.1.trg_trg_att.output_layer.bias', 'decoder.layers.1.trg_trg_att.output_layer.weight', 'decoder.layers.1.trg_trg_att.q_layer.bias', 'decoder.layers.1.trg_trg_att.q_layer.weight', 'decoder.layers.1.trg_trg_att.v_layer.bias', 'decoder.layers.1.trg_trg_att.v_layer.weight', 'decoder.layers.1.x_layer_norm.bias', 'decoder.layers.1.x_layer_norm.weight', 'decoder.layers.2.dec_layer_norm.bias', 'decoder.layers.2.dec_layer_norm.weight', 'decoder.layers.2.feed_forward.layer_norm.bias', 'decoder.layers.2.feed_forward.layer_norm.weight', 'decoder.layers.2.feed_forward.pwff_layer.0.bias', 'decoder.layers.2.feed_forward.pwff_layer.0.weight', 'decoder.layers.2.feed_forward.pwff_layer.3.bias', 'decoder.layers.2.feed_forward.pwff_layer.3.weight', 'decoder.layers.2.src_trg_att.k_layer.bias', 'decoder.layers.2.src_trg_att.k_layer.weight', 'decoder.layers.2.src_trg_att.output_layer.bias', 'decoder.layers.2.src_trg_att.output_layer.weight', 'decoder.layers.2.src_trg_att.q_layer.bias', 'decoder.layers.2.src_trg_att.q_layer.weight', 'decoder.layers.2.src_trg_att.v_layer.bias', 'decoder.layers.2.src_trg_att.v_layer.weight', 'decoder.layers.2.trg_trg_att.k_layer.bias', 'decoder.layers.2.trg_trg_att.k_layer.weight', 'decoder.layers.2.trg_trg_att.output_layer.bias', 'decoder.layers.2.trg_trg_att.output_layer.weight', 'decoder.layers.2.trg_trg_att.q_layer.bias', 'decoder.layers.2.trg_trg_att.q_layer.weight', 'decoder.layers.2.trg_trg_att.v_layer.bias', 'decoder.layers.2.trg_trg_att.v_layer.weight', 'decoder.layers.2.x_layer_norm.bias', 'decoder.layers.2.x_layer_norm.weight', 'decoder.layers.3.dec_layer_norm.bias', 'decoder.layers.3.dec_layer_norm.weight', 'decoder.layers.3.feed_forward.layer_norm.bias', 'decoder.layers.3.feed_forward.layer_norm.weight', 'decoder.layers.3.feed_forward.pwff_layer.0.bias', 'decoder.layers.3.feed_forward.pwff_layer.0.weight', 'decoder.layers.3.feed_forward.pwff_layer.3.bias', 'decoder.layers.3.feed_forward.pwff_layer.3.weight', 'decoder.layers.3.src_trg_att.k_layer.bias', 'decoder.layers.3.src_trg_att.k_layer.weight', 'decoder.layers.3.src_trg_att.output_layer.bias', 'decoder.layers.3.src_trg_att.output_layer.weight', 'decoder.layers.3.src_trg_att.q_layer.bias', 'decoder.layers.3.src_trg_att.q_layer.weight', 'decoder.layers.3.src_trg_att.v_layer.bias', 'decoder.layers.3.src_trg_att.v_layer.weight', 'decoder.layers.3.trg_trg_att.k_layer.bias', 'decoder.layers.3.trg_trg_att.k_layer.weight', 'decoder.layers.3.trg_trg_att.output_layer.bias', 'decoder.layers.3.trg_trg_att.output_layer.weight', 'decoder.layers.3.trg_trg_att.q_layer.bias', 'decoder.layers.3.trg_trg_att.q_layer.weight', 'decoder.layers.3.trg_trg_att.v_layer.bias', 'decoder.layers.3.trg_trg_att.v_layer.weight', 'decoder.layers.3.x_layer_norm.bias', 'decoder.layers.3.x_layer_norm.weight', 'decoder.layers.4.dec_layer_norm.bias', 'decoder.layers.4.dec_layer_norm.weight', 'decoder.layers.4.feed_forward.layer_norm.bias', 'decoder.layers.4.feed_forward.layer_norm.weight', 'decoder.layers.4.feed_forward.pwff_layer.0.bias', 'decoder.layers.4.feed_forward.pwff_layer.0.weight', 'decoder.layers.4.feed_forward.pwff_layer.3.bias', 'decoder.layers.4.feed_forward.pwff_layer.3.weight', 'decoder.layers.4.src_trg_att.k_layer.bias', 'decoder.layers.4.src_trg_att.k_layer.weight', 'decoder.layers.4.src_trg_att.output_layer.bias', 'decoder.layers.4.src_trg_att.output_layer.weight', 'decoder.layers.4.src_trg_att.q_layer.bias', 'decoder.layers.4.src_trg_att.q_layer.weight', 'decoder.layers.4.src_trg_att.v_layer.bias', 'decoder.layers.4.src_trg_att.v_layer.weight', 'decoder.layers.4.trg_trg_att.k_layer.bias', 'decoder.layers.4.trg_trg_att.k_layer.weight', 'decoder.layers.4.trg_trg_att.output_layer.bias', 'decoder.layers.4.trg_trg_att.output_layer.weight', 'decoder.layers.4.trg_trg_att.q_layer.bias', 'decoder.layers.4.trg_trg_att.q_layer.weight', 'decoder.layers.4.trg_trg_att.v_layer.bias', 'decoder.layers.4.trg_trg_att.v_layer.weight', 'decoder.layers.4.x_layer_norm.bias', 'decoder.layers.4.x_layer_norm.weight', 'decoder.layers.5.dec_layer_norm.bias', 'decoder.layers.5.dec_layer_norm.weight', 'decoder.layers.5.feed_forward.layer_norm.bias', 'decoder.layers.5.feed_forward.layer_norm.weight', 'decoder.layers.5.feed_forward.pwff_layer.0.bias', 'decoder.layers.5.feed_forward.pwff_layer.0.weight', 'decoder.layers.5.feed_forward.pwff_layer.3.bias', 'decoder.layers.5.feed_forward.pwff_layer.3.weight', 'decoder.layers.5.src_trg_att.k_layer.bias', 'decoder.layers.5.src_trg_att.k_layer.weight', 'decoder.layers.5.src_trg_att.output_layer.bias', 'decoder.layers.5.src_trg_att.output_layer.weight', 'decoder.layers.5.src_trg_att.q_layer.bias', 'decoder.layers.5.src_trg_att.q_layer.weight', 'decoder.layers.5.src_trg_att.v_layer.bias', 'decoder.layers.5.src_trg_att.v_layer.weight', 'decoder.layers.5.trg_trg_att.k_layer.bias', 'decoder.layers.5.trg_trg_att.k_layer.weight', 'decoder.layers.5.trg_trg_att.output_layer.bias', 'decoder.layers.5.trg_trg_att.output_layer.weight', 'decoder.layers.5.trg_trg_att.q_layer.bias', 'decoder.layers.5.trg_trg_att.q_layer.weight', 'decoder.layers.5.trg_trg_att.v_layer.bias', 'decoder.layers.5.trg_trg_att.v_layer.weight', 'decoder.layers.5.x_layer_norm.bias', 'decoder.layers.5.x_layer_norm.weight', 'encoder.layer_norm.bias', 'encoder.layer_norm.weight', 'encoder.layers.0.feed_forward.layer_norm.bias', 'encoder.layers.0.feed_forward.layer_norm.weight', 'encoder.layers.0.feed_forward.pwff_layer.0.bias', 'encoder.layers.0.feed_forward.pwff_layer.0.weight', 'encoder.layers.0.feed_forward.pwff_layer.3.bias', 'encoder.layers.0.feed_forward.pwff_layer.3.weight', 'encoder.layers.0.layer_norm.bias', 'encoder.layers.0.layer_norm.weight', 'encoder.layers.0.src_src_att.k_layer.bias', 'encoder.layers.0.src_src_att.k_layer.weight', 'encoder.layers.0.src_src_att.output_layer.bias', 'encoder.layers.0.src_src_att.output_layer.weight', 'encoder.layers.0.src_src_att.q_layer.bias', 'encoder.layers.0.src_src_att.q_layer.weight', 'encoder.layers.0.src_src_att.v_layer.bias', 'encoder.layers.0.src_src_att.v_layer.weight', 'encoder.layers.1.feed_forward.layer_norm.bias', 'encoder.layers.1.feed_forward.layer_norm.weight', 'encoder.layers.1.feed_forward.pwff_layer.0.bias', 'encoder.layers.1.feed_forward.pwff_layer.0.weight', 'encoder.layers.1.feed_forward.pwff_layer.3.bias', 'encoder.layers.1.feed_forward.pwff_layer.3.weight', 'encoder.layers.1.layer_norm.bias', 'encoder.layers.1.layer_norm.weight', 'encoder.layers.1.src_src_att.k_layer.bias', 'encoder.layers.1.src_src_att.k_layer.weight', 'encoder.layers.1.src_src_att.output_layer.bias', 'encoder.layers.1.src_src_att.output_layer.weight', 'encoder.layers.1.src_src_att.q_layer.bias', 'encoder.layers.1.src_src_att.q_layer.weight', 'encoder.layers.1.src_src_att.v_layer.bias', 'encoder.layers.1.src_src_att.v_layer.weight', 'encoder.layers.2.feed_forward.layer_norm.bias', 'encoder.layers.2.feed_forward.layer_norm.weight', 'encoder.layers.2.feed_forward.pwff_layer.0.bias', 'encoder.layers.2.feed_forward.pwff_layer.0.weight', 'encoder.layers.2.feed_forward.pwff_layer.3.bias', 'encoder.layers.2.feed_forward.pwff_layer.3.weight', 'encoder.layers.2.layer_norm.bias', 'encoder.layers.2.layer_norm.weight', 'encoder.layers.2.src_src_att.k_layer.bias', 'encoder.layers.2.src_src_att.k_layer.weight', 'encoder.layers.2.src_src_att.output_layer.bias', 'encoder.layers.2.src_src_att.output_layer.weight', 'encoder.layers.2.src_src_att.q_layer.bias', 'encoder.layers.2.src_src_att.q_layer.weight', 'encoder.layers.2.src_src_att.v_layer.bias', 'encoder.layers.2.src_src_att.v_layer.weight', 'encoder.layers.3.feed_forward.layer_norm.bias', 'encoder.layers.3.feed_forward.layer_norm.weight', 'encoder.layers.3.feed_forward.pwff_layer.0.bias', 'encoder.layers.3.feed_forward.pwff_layer.0.weight', 'encoder.layers.3.feed_forward.pwff_layer.3.bias', 'encoder.layers.3.feed_forward.pwff_layer.3.weight', 'encoder.layers.3.layer_norm.bias', 'encoder.layers.3.layer_norm.weight', 'encoder.layers.3.src_src_att.k_layer.bias', 'encoder.layers.3.src_src_att.k_layer.weight', 'encoder.layers.3.src_src_att.output_layer.bias', 'encoder.layers.3.src_src_att.output_layer.weight', 'encoder.layers.3.src_src_att.q_layer.bias', 'encoder.layers.3.src_src_att.q_layer.weight', 'encoder.layers.3.src_src_att.v_layer.bias', 'encoder.layers.3.src_src_att.v_layer.weight', 'encoder.layers.4.feed_forward.layer_norm.bias', 'encoder.layers.4.feed_forward.layer_norm.weight', 'encoder.layers.4.feed_forward.pwff_layer.0.bias', 'encoder.layers.4.feed_forward.pwff_layer.0.weight', 'encoder.layers.4.feed_forward.pwff_layer.3.bias', 'encoder.layers.4.feed_forward.pwff_layer.3.weight', 'encoder.layers.4.layer_norm.bias', 'encoder.layers.4.layer_norm.weight', 'encoder.layers.4.src_src_att.k_layer.bias', 'encoder.layers.4.src_src_att.k_layer.weight', 'encoder.layers.4.src_src_att.output_layer.bias', 'encoder.layers.4.src_src_att.output_layer.weight', 'encoder.layers.4.src_src_att.q_layer.bias', 'encoder.layers.4.src_src_att.q_layer.weight', 'encoder.layers.4.src_src_att.v_layer.bias', 'encoder.layers.4.src_src_att.v_layer.weight', 'encoder.layers.5.feed_forward.layer_norm.bias', 'encoder.layers.5.feed_forward.layer_norm.weight', 'encoder.layers.5.feed_forward.pwff_layer.0.bias', 'encoder.layers.5.feed_forward.pwff_layer.0.weight', 'encoder.layers.5.feed_forward.pwff_layer.3.bias', 'encoder.layers.5.feed_forward.pwff_layer.3.weight', 'encoder.layers.5.layer_norm.bias', 'encoder.layers.5.layer_norm.weight', 'encoder.layers.5.src_src_att.k_layer.bias', 'encoder.layers.5.src_src_att.k_layer.weight', 'encoder.layers.5.src_src_att.output_layer.bias', 'encoder.layers.5.src_src_att.output_layer.weight', 'encoder.layers.5.src_src_att.q_layer.bias', 'encoder.layers.5.src_src_att.q_layer.weight', 'encoder.layers.5.src_src_att.v_layer.bias', 'encoder.layers.5.src_src_att.v_layer.weight', 'src_embed.lut.weight', 'trg_embed.lut.weight']
2020-08-10 13:44:52,187 cfg.data.dev                       : chatnmt/multi_encoder/dev_subset.tags.bpe.10000
2020-08-10 13:44:52,187 cfg.data.level                     : bpe
2020-08-10 13:44:52,187 cfg.data.lowercase                 : False
2020-08-10 13:44:52,187 cfg.data.max_sent_length           : 100
2020-08-10 13:44:52,187 cfg.data.src                       : en
2020-08-10 13:44:52,188 cfg.data.test                      : chatnmt/multi_encoder/test.tags.bpe.10000
2020-08-10 13:44:52,188 cfg.data.train                     : chatnmt/multi_encoder/train_subset.tags.bpe.10000
2020-08-10 13:44:52,188 cfg.data.trg                       : de
2020-08-10 13:44:52,188 cfg.model.bias_initializer         : zeros
2020-08-10 13:44:52,188 cfg.model.decoder.dropout          : 0.1
2020-08-10 13:44:52,188 cfg.model.decoder.embeddings.dropout : 0.0
2020-08-10 13:44:52,188 cfg.model.decoder.embeddings.embedding_dim : 512
2020-08-10 13:44:52,188 cfg.model.decoder.embeddings.scale : True
2020-08-10 13:44:52,188 cfg.model.decoder.ff_size          : 512
2020-08-10 13:44:52,188 cfg.model.decoder.freeze           : False
2020-08-10 13:44:52,188 cfg.model.decoder.hidden_size      : 512
2020-08-10 13:44:52,188 cfg.model.decoder.num_heads        : 16
2020-08-10 13:44:52,188 cfg.model.decoder.num_layers       : 6
2020-08-10 13:44:52,188 cfg.model.decoder.type             : transformer
2020-08-10 13:44:52,188 cfg.model.embed_init_gain          : 1.0
2020-08-10 13:44:52,188 cfg.model.embed_initializer        : xavier
2020-08-10 13:44:52,188 cfg.model.encoder.dropout          : 0.3
2020-08-10 13:44:52,188 cfg.model.encoder.embeddings.dropout : 0.0
2020-08-10 13:44:52,189 cfg.model.encoder.embeddings.embedding_dim : 512
2020-08-10 13:44:52,189 cfg.model.encoder.embeddings.scale : True
2020-08-10 13:44:52,189 cfg.model.encoder.ff_size          : 512
2020-08-10 13:44:52,189 cfg.model.encoder.freeze           : False
2020-08-10 13:44:52,189 cfg.model.encoder.hidden_size      : 512
2020-08-10 13:44:52,189 cfg.model.encoder.multi_encoder    : False
2020-08-10 13:44:52,189 cfg.model.encoder.num_heads        : 8
2020-08-10 13:44:52,189 cfg.model.encoder.num_layers       : 6
2020-08-10 13:44:52,189 cfg.model.encoder.type             : transformer
2020-08-10 13:44:52,189 cfg.model.init_gain                : 1.0
2020-08-10 13:44:52,189 cfg.model.initializer              : xavier
2020-08-10 13:44:52,189 cfg.model.tied_embeddings          : False
2020-08-10 13:44:52,189 cfg.model.tied_softmax             : True
2020-08-10 13:44:52,189 cfg.name                           : transformer
2020-08-10 13:44:52,189 cfg.testing.alpha                  : 1.0
2020-08-10 13:44:52,189 cfg.testing.beam_size              : 5
2020-08-10 13:44:52,189 cfg.training.adam_betas            : [0.9, 0.999]
2020-08-10 13:44:52,189 cfg.training.batch_multiplier      : 1
2020-08-10 13:44:52,189 cfg.training.batch_size            : 512
2020-08-10 13:44:52,190 cfg.training.batch_type            : token
2020-08-10 13:44:52,190 cfg.training.decrease_factor       : 0.7
2020-08-10 13:44:52,190 cfg.training.early_stopping_metric : ppl
2020-08-10 13:44:52,190 cfg.training.epochs                : 20
2020-08-10 13:44:52,190 cfg.training.eval_metric           : bleu
2020-08-10 13:44:52,190 cfg.training.keep_last_ckpts       : 3
2020-08-10 13:44:52,190 cfg.training.label_smoothing       : 0.1
2020-08-10 13:44:52,190 cfg.training.learning_rate         : 0.0002
2020-08-10 13:44:52,190 cfg.training.learning_rate_min     : 1e-08
2020-08-10 13:44:52,190 cfg.training.logging_freq          : 100
2020-08-10 13:44:52,190 cfg.training.loss                  : crossentropy
2020-08-10 13:44:52,190 cfg.training.max_output_length     : 100
2020-08-10 13:44:52,190 cfg.training.model_dir             : models/viznet/attempt3/8_16_0.3_512_512_512_6_6
2020-08-10 13:44:52,190 cfg.training.normalization         : tokens
2020-08-10 13:44:52,190 cfg.training.optimizer             : adam
2020-08-10 13:44:52,190 cfg.training.overwrite             : True
2020-08-10 13:44:52,190 cfg.training.patience              : 8
2020-08-10 13:44:52,190 cfg.training.print_valid_sents     : [0, 1, 2, 3]
2020-08-10 13:44:52,190 cfg.training.random_seed           : 42
2020-08-10 13:44:52,191 cfg.training.scheduling            : plateau
2020-08-10 13:44:52,191 cfg.training.shuffle               : True
2020-08-10 13:44:52,191 cfg.training.use_cuda              : True
2020-08-10 13:44:52,191 cfg.training.validation_freq       : 200
2020-08-10 13:44:52,191 cfg.training.weight_decay          : 0.0
2020-08-10 13:44:52,191 Data set sizes: 
	train 5000,
	valid 500,
	test 1220
2020-08-10 13:44:52,191 First training example:
	[SRC] hi there ! how can i help ?
	[TRG] hallo ! wie kann ich helfen ?
2020-08-10 13:44:52,191 First 10 words (src): (0) <unk> (1) <pad> (2) <s> (3) </s> (4) . (5) , (6) ? (7) you (8) i (9) the
2020-08-10 13:44:52,192 First 10 words (trg): (0) <unk> (1) <pad> (2) <s> (3) </s> (4) . (5) , (6) ? (7) sie (8) ich (9) das
2020-08-10 13:44:52,192 Number of Src words (types): 3468
2020-08-10 13:44:52,192 Number of Trg words (types): 4487
2020-08-10 13:44:52,192 Model(
	encoder=TransformerEncoder(num_layers=6, num_heads=8),
	decoder=TransformerDecoder(num_layers=6, num_heads=16),
	src_embed=Embeddings(embedding_dim=512, vocab_size=3468),
	trg_embed=Embeddings(embedding_dim=512, vocab_size=4487))
2020-08-10 13:44:52,196 EPOCH 1
2020-08-10 13:44:58,112 Epoch   1 Step:      100 Batch Loss:     4.091588 Tokens per Sec:     5803, Lr: 0.000200
2020-08-10 13:45:03,220 Epoch   1: total training loss 905.40
2020-08-10 13:45:03,220 EPOCH 2
2020-08-10 13:45:03,998 Epoch   2 Step:      200 Batch Loss:     3.441173 Tokens per Sec:     5610, Lr: 0.000200
2020-08-10 13:45:28,764 Hooray! New best validation result [ppl]!
2020-08-10 13:45:28,765 Saving new checkpoint.
2020-08-10 13:45:30,104 Example #0
2020-08-10 13:45:30,104 	Raw source:     ['hello', '.']
2020-08-10 13:45:30,104 	Raw hypothesis: ['ja', '.']
2020-08-10 13:45:30,104 	Source:     hello .
2020-08-10 13:45:30,104 	Reference:  hallo ,
2020-08-10 13:45:30,104 	Hypothesis: ja .
2020-08-10 13:45:30,104 Example #1
2020-08-10 13:45:30,104 	Raw source:     ['hi', ',', 'how', 'can', 'i', 'help', 'you', '?']
2020-08-10 13:45:30,104 	Raw hypothesis: ['hallo', ',', 'wie', 'kann', 'ich', 'ihnen', 'helfen', '?']
2020-08-10 13:45:30,104 	Source:     hi , how can i help you ?
2020-08-10 13:45:30,104 	Reference:  hallo , wie kann ich ihnen helfen ?
2020-08-10 13:45:30,104 	Hypothesis: hallo , wie kann ich ihnen helfen ?
2020-08-10 13:45:30,105 Example #2
2020-08-10 13:45:30,105 	Raw source:     ['hi', ',', 'i', '&apos;m', 'looking', 'for', 'a', 'restaurant', 'inside', 'the', 'arden', 'fair', 'mall', 'in', 'san', 'francisco', ',', 'california', '.']
2020-08-10 13:45:30,105 	Raw hypothesis: ['ich', 'ich', 'ich', 'ich', 'ich', 'ich', 'ich', 'ich', 'ich', 'ich', 'ich', 'ich', 'ich', 'ich', 'ich', 'ich', 'ich', 'ich', 'ich', 'ich', 'ich', 'ich', 'ich', 'ich', 'ich', 'ich', 'ich', 'ich', 'ich', 'ich', 'ich', 'ich', 'ich', 'ich', 'ich', 'ich', 'ich', 'ich', 'ich', 'ich', 'ich', 'ich', 'ich', 'ich', 'ich', 'ich', 'ich', 'ich', 'ich', 'ich', 'ich', 'ich', 'ich', 'ich', 'ich', 'ich', 'ich', 'ich', 'ich', 'ich', 'ich', 'ich', 'ich', 'ich', 'ich', 'ich', 'ich', 'ich', 'ich', 'ich', 'ich', 'ich', 'ich', 'ich', 'ich', 'ich', 'ich', 'ich', 'ich', 'ich', 'ich', 'ich', 'ich', 'ich', 'ich', 'ich', 'ich', 'ich', 'ich', 'ich', 'ich', 'ich', 'ich', 'ich', 'ich', 'ich', 'ich', 'ich', 'ich', 'ich']
2020-08-10 13:45:30,105 	Source:     hi , i &apos;m looking for a restaurant inside the arden fair mall in san francisco , california .
2020-08-10 13:45:30,105 	Reference:  hallo , ich bin auf der suche nach einem restaurant im arden fair einkaufszentrum in san francisco , kalifornien .
2020-08-10 13:45:30,105 	Hypothesis: ich ich ich ich ich ich ich ich ich ich ich ich ich ich ich ich ich ich ich ich ich ich ich ich ich ich ich ich ich ich ich ich ich ich ich ich ich ich ich ich ich ich ich ich ich ich ich ich ich ich ich ich ich ich ich ich ich ich ich ich ich ich ich ich ich ich ich ich ich ich ich ich ich ich ich ich ich ich ich ich ich ich ich ich ich ich ich ich ich ich ich ich ich ich ich ich ich ich ich ich
2020-08-10 13:45:30,105 Example #3
2020-08-10 13:45:30,105 	Raw source:     ['ok', ',', 'what', 'type', 'of', 'restaurant', 'are', 'you', 'looking', 'for', '?']
2020-08-10 13:45:30,105 	Raw hypothesis: ['ok', ',', 'wie', 'sie', 'sie', 'sie', '?']
2020-08-10 13:45:30,105 	Source:     ok , what type of restaurant are you looking for ?
2020-08-10 13:45:30,105 	Reference:  ok . welche art von restaurant suchen sie denn genau ?
2020-08-10 13:45:30,105 	Hypothesis: ok , wie sie sie sie ?
2020-08-10 13:45:30,105 Validation result (greedy) at epoch   2, step      200: bleu:   2.45, loss: 28663.6367, ppl:  88.1194, duration: 26.1073s
2020-08-10 13:45:36,079 Epoch   2 Step:      300 Batch Loss:     3.215882 Tokens per Sec:     5735, Lr: 0.000200
2020-08-10 13:45:40,622 Epoch   2: total training loss 758.88
2020-08-10 13:45:40,622 EPOCH 3
2020-08-10 13:45:41,987 Epoch   3 Step:      400 Batch Loss:     4.250193 Tokens per Sec:     5902, Lr: 0.000200
2020-08-10 13:46:16,229 Hooray! New best validation result [ppl]!
2020-08-10 13:46:16,229 Saving new checkpoint.
2020-08-10 13:46:17,615 Example #0
2020-08-10 13:46:17,615 	Raw source:     ['hello', '.']
2020-08-10 13:46:17,615 	Raw hypothesis: ['hallo', '.']
2020-08-10 13:46:17,615 	Source:     hello .
2020-08-10 13:46:17,615 	Reference:  hallo ,
2020-08-10 13:46:17,616 	Hypothesis: hallo .
2020-08-10 13:46:17,616 Example #1
2020-08-10 13:46:17,616 	Raw source:     ['hi', ',', 'how', 'can', 'i', 'help', 'you', '?']
2020-08-10 13:46:17,616 	Raw hypothesis: ['hallo', ',', 'wie', 'kann', 'ich', 'ihnen', 'helfen', '?']
2020-08-10 13:46:17,616 	Source:     hi , how can i help you ?
2020-08-10 13:46:17,616 	Reference:  hallo , wie kann ich ihnen helfen ?
2020-08-10 13:46:17,616 	Hypothesis: hallo , wie kann ich ihnen helfen ?
2020-08-10 13:46:17,616 Example #2
2020-08-10 13:46:17,616 	Raw source:     ['hi', ',', 'i', '&apos;m', 'looking', 'for', 'a', 'restaurant', 'inside', 'the', 'arden', 'fair', 'mall', 'in', 'san', 'francisco', ',', 'california', '.']
2020-08-10 13:46:17,616 	Raw hypothesis: ['ich', 'möchte', 'ein', 'in', 'in', 'in', 'in', 'in', 'in', 'in', 'in', 'in', 'in', 'in', 'in', 'in', 'in', 'in', 'in', 'in', 'in', 'in', 'in', 'in', 'in', 'in', 'in', 'in', 'in', 'in', 'in', 'in', 'in', 'in', 'in', 'in', 'in', 'in', 'in', 'in', 'in', 'in', 'in', 'in', 'in', 'in', 'in', 'in', 'in', 'in', 'in', 'in', 'in', 'in', 'in', 'in', 'in', 'in', 'in', 'in', 'in', 'in', 'in', 'in', 'in', 'in', 'in', 'in', 'in', 'in', 'in', 'in', 'in', 'in', 'in', 'in', 'in', 'in', 'in', 'in', 'in', 'in', 'in', 'in', 'in', 'in', 'in', 'in', 'in', 'in', 'in', 'in', 'in', 'in', 'in', 'in', 'in', 'in', 'in', 'in']
2020-08-10 13:46:17,616 	Source:     hi , i &apos;m looking for a restaurant inside the arden fair mall in san francisco , california .
2020-08-10 13:46:17,616 	Reference:  hallo , ich bin auf der suche nach einem restaurant im arden fair einkaufszentrum in san francisco , kalifornien .
2020-08-10 13:46:17,616 	Hypothesis: ich möchte ein in in in in in in in in in in in in in in in in in in in in in in in in in in in in in in in in in in in in in in in in in in in in in in in in in in in in in in in in in in in in in in in in in in in in in in in in in in in in in in in in in in in in in in in in in in in in in in in in in
2020-08-10 13:46:17,616 Example #3
2020-08-10 13:46:17,616 	Raw source:     ['ok', ',', 'what', 'type', 'of', 'restaurant', 'are', 'you', 'looking', 'for', '?']
2020-08-10 13:46:17,616 	Raw hypothesis: ['ok', ',', 'welche', 'art', 'art', 'art', 'art', 'möchten', 'sie', '?']
2020-08-10 13:46:17,616 	Source:     ok , what type of restaurant are you looking for ?
2020-08-10 13:46:17,616 	Reference:  ok . welche art von restaurant suchen sie denn genau ?
2020-08-10 13:46:17,616 	Hypothesis: ok , welche art art art art möchten sie ?
2020-08-10 13:46:17,616 Validation result (greedy) at epoch   3, step      400: bleu:   2.84, loss: 24088.9570, ppl:  43.1162, duration: 35.6288s
2020-08-10 13:46:23,603 Epoch   3 Step:      500 Batch Loss:     4.819752 Tokens per Sec:     5603, Lr: 0.000200
2020-08-10 13:46:27,606 Epoch   3: total training loss 631.11
2020-08-10 13:46:27,607 EPOCH 4
2020-08-10 13:46:29,713 Epoch   4 Step:      600 Batch Loss:     3.439259 Tokens per Sec:     5583, Lr: 0.000200
2020-08-10 13:46:51,885 Hooray! New best validation result [ppl]!
2020-08-10 13:46:51,885 Saving new checkpoint.
2020-08-10 13:46:53,180 Example #0
2020-08-10 13:46:53,180 	Raw source:     ['hello', '.']
2020-08-10 13:46:53,180 	Raw hypothesis: ['hallo', '.']
2020-08-10 13:46:53,180 	Source:     hello .
2020-08-10 13:46:53,180 	Reference:  hallo ,
2020-08-10 13:46:53,180 	Hypothesis: hallo .
2020-08-10 13:46:53,180 Example #1
2020-08-10 13:46:53,180 	Raw source:     ['hi', ',', 'how', 'can', 'i', 'help', 'you', '?']
2020-08-10 13:46:53,180 	Raw hypothesis: ['hallo', ',', 'wie', 'kann', 'ich', 'ihnen', 'helfen', '?']
2020-08-10 13:46:53,180 	Source:     hi , how can i help you ?
2020-08-10 13:46:53,180 	Reference:  hallo , wie kann ich ihnen helfen ?
2020-08-10 13:46:53,180 	Hypothesis: hallo , wie kann ich ihnen helfen ?
2020-08-10 13:46:53,180 Example #2
2020-08-10 13:46:53,180 	Raw source:     ['hi', ',', 'i', '&apos;m', 'looking', 'for', 'a', 'restaurant', 'inside', 'the', 'arden', 'fair', 'mall', 'in', 'san', 'francisco', ',', 'california', '.']
2020-08-10 13:46:53,181 	Raw hypothesis: ['hallo', ',', 'ich', 'habe', 'einen', 'termin', 'in', 'san', 'francisco', ',', 'kalifornien', ',', 'kalifornien', ',', 'kalifornien', '.']
2020-08-10 13:46:53,181 	Source:     hi , i &apos;m looking for a restaurant inside the arden fair mall in san francisco , california .
2020-08-10 13:46:53,181 	Reference:  hallo , ich bin auf der suche nach einem restaurant im arden fair einkaufszentrum in san francisco , kalifornien .
2020-08-10 13:46:53,181 	Hypothesis: hallo , ich habe einen termin in san francisco , kalifornien , kalifornien , kalifornien .
2020-08-10 13:46:53,181 Example #3
2020-08-10 13:46:53,181 	Raw source:     ['ok', ',', 'what', 'type', 'of', 'restaurant', 'are', 'you', 'looking', 'for', '?']
2020-08-10 13:46:53,181 	Raw hypothesis: ['ok', ',', 'welche', 'art', 'von', 'von', 'von', 'von', 'von', 'von', 'von', 'von', 'von', 'von', 'von', 'von', '?']
2020-08-10 13:46:53,181 	Source:     ok , what type of restaurant are you looking for ?
2020-08-10 13:46:53,181 	Reference:  ok . welche art von restaurant suchen sie denn genau ?
2020-08-10 13:46:53,181 	Hypothesis: ok , welche art von von von von von von von von von von von von ?
2020-08-10 13:46:53,181 Validation result (greedy) at epoch   4, step      600: bleu:   8.81, loss: 20921.0234, ppl:  26.2827, duration: 23.4679s
2020-08-10 13:46:59,144 Epoch   4 Step:      700 Batch Loss:     4.570734 Tokens per Sec:     5737, Lr: 0.000200
2020-08-10 13:47:02,227 Epoch   4: total training loss 527.15
2020-08-10 13:47:02,227 EPOCH 5
2020-08-10 13:47:04,998 Epoch   5 Step:      800 Batch Loss:     3.621423 Tokens per Sec:     5780, Lr: 0.000200
2020-08-10 13:47:27,495 Hooray! New best validation result [ppl]!
2020-08-10 13:47:27,495 Saving new checkpoint.
2020-08-10 13:47:28,873 Example #0
2020-08-10 13:47:28,874 	Raw source:     ['hello', '.']
2020-08-10 13:47:28,874 	Raw hypothesis: ['hallo', '.']
2020-08-10 13:47:28,874 	Source:     hello .
2020-08-10 13:47:28,874 	Reference:  hallo ,
2020-08-10 13:47:28,874 	Hypothesis: hallo .
2020-08-10 13:47:28,874 Example #1
2020-08-10 13:47:28,874 	Raw source:     ['hi', ',', 'how', 'can', 'i', 'help', 'you', '?']
2020-08-10 13:47:28,874 	Raw hypothesis: ['hallo', ',', 'wie', 'kann', 'ich', 'ihnen', 'helfen', '?']
2020-08-10 13:47:28,874 	Source:     hi , how can i help you ?
2020-08-10 13:47:28,874 	Reference:  hallo , wie kann ich ihnen helfen ?
2020-08-10 13:47:28,874 	Hypothesis: hallo , wie kann ich ihnen helfen ?
2020-08-10 13:47:28,874 Example #2
2020-08-10 13:47:28,874 	Raw source:     ['hi', ',', 'i', '&apos;m', 'looking', 'for', 'a', 'restaurant', 'inside', 'the', 'arden', 'fair', 'mall', 'in', 'san', 'francisco', ',', 'california', '.']
2020-08-10 13:47:28,874 	Raw hypothesis: ['hallo', ',', 'ich', 'möchte', 'ein', 'restaurant', 'in', 'san', 'francisco', ',', 'kalifornien', ',', 'kalifornien', ',', 'kalifornien', ',', 'kalifornien', ',', 'kalifornien', ',', 'kalifornien', ',', 'kalifornien', ',', 'kalifornien', '.']
2020-08-10 13:47:28,874 	Source:     hi , i &apos;m looking for a restaurant inside the arden fair mall in san francisco , california .
2020-08-10 13:47:28,874 	Reference:  hallo , ich bin auf der suche nach einem restaurant im arden fair einkaufszentrum in san francisco , kalifornien .
2020-08-10 13:47:28,874 	Hypothesis: hallo , ich möchte ein restaurant in san francisco , kalifornien , kalifornien , kalifornien , kalifornien , kalifornien , kalifornien , kalifornien , kalifornien .
2020-08-10 13:47:28,874 Example #3
2020-08-10 13:47:28,874 	Raw source:     ['ok', ',', 'what', 'type', 'of', 'restaurant', 'are', 'you', 'looking', 'for', '?']
2020-08-10 13:47:28,874 	Raw hypothesis: ['ok', ',', 'welche', 'art', 'von', 'restaurant', 'für', 'sie', '?']
2020-08-10 13:47:28,875 	Source:     ok , what type of restaurant are you looking for ?
2020-08-10 13:47:28,875 	Reference:  ok . welche art von restaurant suchen sie denn genau ?
2020-08-10 13:47:28,875 	Hypothesis: ok , welche art von restaurant für sie ?
2020-08-10 13:47:28,875 Validation result (greedy) at epoch   5, step      800: bleu:  11.73, loss: 18888.9102, ppl:  19.1326, duration: 23.8768s
2020-08-10 13:47:34,911 Epoch   5 Step:      900 Batch Loss:     3.414250 Tokens per Sec:     5595, Lr: 0.000200
2020-08-10 13:47:37,442 Epoch   5: total training loss 462.84
2020-08-10 13:47:37,443 EPOCH 6
2020-08-10 13:47:40,906 Epoch   6 Step:     1000 Batch Loss:     2.203830 Tokens per Sec:     5756, Lr: 0.000200
2020-08-10 13:47:56,096 Hooray! New best validation result [ppl]!
2020-08-10 13:47:56,096 Saving new checkpoint.
2020-08-10 13:47:57,467 Example #0
2020-08-10 13:47:57,467 	Raw source:     ['hello', '.']
2020-08-10 13:47:57,468 	Raw hypothesis: ['hallo', '.']
2020-08-10 13:47:57,468 	Source:     hello .
2020-08-10 13:47:57,468 	Reference:  hallo ,
2020-08-10 13:47:57,468 	Hypothesis: hallo .
2020-08-10 13:47:57,468 Example #1
2020-08-10 13:47:57,468 	Raw source:     ['hi', ',', 'how', 'can', 'i', 'help', 'you', '?']
2020-08-10 13:47:57,468 	Raw hypothesis: ['hallo', ',', 'wie', 'kann', 'ich', 'ihnen', 'helfen', '?']
2020-08-10 13:47:57,468 	Source:     hi , how can i help you ?
2020-08-10 13:47:57,468 	Reference:  hallo , wie kann ich ihnen helfen ?
2020-08-10 13:47:57,468 	Hypothesis: hallo , wie kann ich ihnen helfen ?
2020-08-10 13:47:57,468 Example #2
2020-08-10 13:47:57,468 	Raw source:     ['hi', ',', 'i', '&apos;m', 'looking', 'for', 'a', 'restaurant', 'inside', 'the', 'arden', 'fair', 'mall', 'in', 'san', 'francisco', ',', 'california', '.']
2020-08-10 13:47:57,468 	Raw hypothesis: ['hallo', ',', 'ich', 'suche', 'ein', 'restaurant', 'in', 'san', 'francisco', ',', 'kalifornien', ',', 'kalifornien', ',', 'kalifornien', '.']
2020-08-10 13:47:57,468 	Source:     hi , i &apos;m looking for a restaurant inside the arden fair mall in san francisco , california .
2020-08-10 13:47:57,468 	Reference:  hallo , ich bin auf der suche nach einem restaurant im arden fair einkaufszentrum in san francisco , kalifornien .
2020-08-10 13:47:57,468 	Hypothesis: hallo , ich suche ein restaurant in san francisco , kalifornien , kalifornien , kalifornien .
2020-08-10 13:47:57,468 Example #3
2020-08-10 13:47:57,468 	Raw source:     ['ok', ',', 'what', 'type', 'of', 'restaurant', 'are', 'you', 'looking', 'for', '?']
2020-08-10 13:47:57,468 	Raw hypothesis: ['ok', ',', 'welche', 'art', 'von', 'restaurant', 'restaurant', 'restaurant', '?']
2020-08-10 13:47:57,468 	Source:     ok , what type of restaurant are you looking for ?
2020-08-10 13:47:57,468 	Reference:  ok . welche art von restaurant suchen sie denn genau ?
2020-08-10 13:47:57,468 	Hypothesis: ok , welche art von restaurant restaurant restaurant ?
2020-08-10 13:47:57,468 Validation result (greedy) at epoch   6, step     1000: bleu:  18.53, loss: 17551.5957, ppl:  15.5248, duration: 16.5618s
2020-08-10 13:48:03,422 Epoch   6 Step:     1100 Batch Loss:     4.082216 Tokens per Sec:     5616, Lr: 0.000200
2020-08-10 13:48:05,177 Epoch   6: total training loss 402.62
2020-08-10 13:48:05,177 EPOCH 7
2020-08-10 13:48:09,249 Epoch   7 Step:     1200 Batch Loss:     1.832299 Tokens per Sec:     5761, Lr: 0.000200
2020-08-10 13:48:24,816 Hooray! New best validation result [ppl]!
2020-08-10 13:48:24,816 Saving new checkpoint.
2020-08-10 13:48:26,138 Example #0
2020-08-10 13:48:26,138 	Raw source:     ['hello', '.']
2020-08-10 13:48:26,138 	Raw hypothesis: ['hallo', '.']
2020-08-10 13:48:26,138 	Source:     hello .
2020-08-10 13:48:26,138 	Reference:  hallo ,
2020-08-10 13:48:26,139 	Hypothesis: hallo .
2020-08-10 13:48:26,139 Example #1
2020-08-10 13:48:26,139 	Raw source:     ['hi', ',', 'how', 'can', 'i', 'help', 'you', '?']
2020-08-10 13:48:26,139 	Raw hypothesis: ['hallo', ',', 'wie', 'kann', 'ich', 'ihnen', 'helfen', '?']
2020-08-10 13:48:26,139 	Source:     hi , how can i help you ?
2020-08-10 13:48:26,139 	Reference:  hallo , wie kann ich ihnen helfen ?
2020-08-10 13:48:26,139 	Hypothesis: hallo , wie kann ich ihnen helfen ?
2020-08-10 13:48:26,139 Example #2
2020-08-10 13:48:26,139 	Raw source:     ['hi', ',', 'i', '&apos;m', 'looking', 'for', 'a', 'restaurant', 'inside', 'the', 'arden', 'fair', 'mall', 'in', 'san', 'francisco', ',', 'california', '.']
2020-08-10 13:48:26,139 	Raw hypothesis: ['hallo', ',', 'ich', 'suche', 'ein', 'restaurant', 'in', 'san', 'francisco', ',', 'kalifornien', ',', 'kalifornien', ',', 'kalifornien', '.']
2020-08-10 13:48:26,139 	Source:     hi , i &apos;m looking for a restaurant inside the arden fair mall in san francisco , california .
2020-08-10 13:48:26,139 	Reference:  hallo , ich bin auf der suche nach einem restaurant im arden fair einkaufszentrum in san francisco , kalifornien .
2020-08-10 13:48:26,139 	Hypothesis: hallo , ich suche ein restaurant in san francisco , kalifornien , kalifornien , kalifornien .
2020-08-10 13:48:26,139 Example #3
2020-08-10 13:48:26,139 	Raw source:     ['ok', ',', 'what', 'type', 'of', 'restaurant', 'are', 'you', 'looking', 'for', '?']
2020-08-10 13:48:26,139 	Raw hypothesis: ['ok', ',', 'welche', 'art', 'von', 'restaurant', 'suchen', 'sie', '?']
2020-08-10 13:48:26,139 	Source:     ok , what type of restaurant are you looking for ?
2020-08-10 13:48:26,139 	Reference:  ok . welche art von restaurant suchen sie denn genau ?
2020-08-10 13:48:26,139 	Hypothesis: ok , welche art von restaurant suchen sie ?
2020-08-10 13:48:26,139 Validation result (greedy) at epoch   7, step     1200: bleu:  20.31, loss: 17024.4922, ppl:  14.2974, duration: 16.8898s
2020-08-10 13:48:31,978 Epoch   7 Step:     1300 Batch Loss:     2.443104 Tokens per Sec:     5814, Lr: 0.000200
2020-08-10 13:48:33,181 Epoch   7: total training loss 366.11
2020-08-10 13:48:33,181 EPOCH 8
2020-08-10 13:48:37,759 Epoch   8 Step:     1400 Batch Loss:     0.932141 Tokens per Sec:     5913, Lr: 0.000200
2020-08-10 13:48:50,265 Hooray! New best validation result [ppl]!
2020-08-10 13:48:50,265 Saving new checkpoint.
2020-08-10 13:48:51,564 Example #0
2020-08-10 13:48:51,565 	Raw source:     ['hello', '.']
2020-08-10 13:48:51,565 	Raw hypothesis: ['hallo', '.']
2020-08-10 13:48:51,565 	Source:     hello .
2020-08-10 13:48:51,565 	Reference:  hallo ,
2020-08-10 13:48:51,565 	Hypothesis: hallo .
2020-08-10 13:48:51,565 Example #1
2020-08-10 13:48:51,565 	Raw source:     ['hi', ',', 'how', 'can', 'i', 'help', 'you', '?']
2020-08-10 13:48:51,565 	Raw hypothesis: ['hallo', ',', 'wie', 'kann', 'ich', 'ihnen', 'helfen', '?']
2020-08-10 13:48:51,565 	Source:     hi , how can i help you ?
2020-08-10 13:48:51,565 	Reference:  hallo , wie kann ich ihnen helfen ?
2020-08-10 13:48:51,565 	Hypothesis: hallo , wie kann ich ihnen helfen ?
2020-08-10 13:48:51,565 Example #2
2020-08-10 13:48:51,565 	Raw source:     ['hi', ',', 'i', '&apos;m', 'looking', 'for', 'a', 'restaurant', 'inside', 'the', 'arden', 'fair', 'mall', 'in', 'san', 'francisco', ',', 'california', '.']
2020-08-10 13:48:51,565 	Raw hypothesis: ['hallo', ',', 'ich', 'suche', 'ein', 'restaurant', 'in', 'san', 'francisco', ',', 'kalifornien', ',', 'kalifornien', ',', 'kalifornien', ',', 'kalifornien', '.']
2020-08-10 13:48:51,565 	Source:     hi , i &apos;m looking for a restaurant inside the arden fair mall in san francisco , california .
2020-08-10 13:48:51,566 	Reference:  hallo , ich bin auf der suche nach einem restaurant im arden fair einkaufszentrum in san francisco , kalifornien .
2020-08-10 13:48:51,566 	Hypothesis: hallo , ich suche ein restaurant in san francisco , kalifornien , kalifornien , kalifornien , kalifornien .
2020-08-10 13:48:51,566 Example #3
2020-08-10 13:48:51,566 	Raw source:     ['ok', ',', 'what', 'type', 'of', 'restaurant', 'are', 'you', 'looking', 'for', '?']
2020-08-10 13:48:51,566 	Raw hypothesis: ['ok', ',', 'welche', 'art', 'von', 'restaurant', 'möchten', 'sie', '?']
2020-08-10 13:48:51,566 	Source:     ok , what type of restaurant are you looking for ?
2020-08-10 13:48:51,566 	Reference:  ok . welche art von restaurant suchen sie denn genau ?
2020-08-10 13:48:51,566 	Hypothesis: ok , welche art von restaurant möchten sie ?
2020-08-10 13:48:51,566 Validation result (greedy) at epoch   8, step     1400: bleu:  22.78, loss: 16419.9785, ppl:  13.0087, duration: 13.8070s
2020-08-10 13:48:57,493 Epoch   8 Step:     1500 Batch Loss:     2.101511 Tokens per Sec:     5675, Lr: 0.000200
2020-08-10 13:48:58,080 Epoch   8: total training loss 315.08
2020-08-10 13:48:58,080 EPOCH 9
2020-08-10 13:49:03,364 Epoch   9 Step:     1600 Batch Loss:     1.300928 Tokens per Sec:     5838, Lr: 0.000200
2020-08-10 13:49:18,704 Hooray! New best validation result [ppl]!
2020-08-10 13:49:18,704 Saving new checkpoint.
2020-08-10 13:49:20,027 Example #0
2020-08-10 13:49:20,027 	Raw source:     ['hello', '.']
2020-08-10 13:49:20,027 	Raw hypothesis: ['hallo', '.']
2020-08-10 13:49:20,027 	Source:     hello .
2020-08-10 13:49:20,027 	Reference:  hallo ,
2020-08-10 13:49:20,027 	Hypothesis: hallo .
2020-08-10 13:49:20,027 Example #1
2020-08-10 13:49:20,027 	Raw source:     ['hi', ',', 'how', 'can', 'i', 'help', 'you', '?']
2020-08-10 13:49:20,027 	Raw hypothesis: ['hallo', ',', 'wie', 'kann', 'ich', 'ihnen', 'helfen', '?']
2020-08-10 13:49:20,027 	Source:     hi , how can i help you ?
2020-08-10 13:49:20,028 	Reference:  hallo , wie kann ich ihnen helfen ?
2020-08-10 13:49:20,028 	Hypothesis: hallo , wie kann ich ihnen helfen ?
2020-08-10 13:49:20,028 Example #2
2020-08-10 13:49:20,028 	Raw source:     ['hi', ',', 'i', '&apos;m', 'looking', 'for', 'a', 'restaurant', 'inside', 'the', 'arden', 'fair', 'mall', 'in', 'san', 'francisco', ',', 'california', '.']
2020-08-10 13:49:20,028 	Raw hypothesis: ['hallo', ',', 'ich', 'suche', 'ein', 'restaurant', 'in', 'san', 'francisco', ',', 'kalifornien', ',', 'kalifornien', '.']
2020-08-10 13:49:20,028 	Source:     hi , i &apos;m looking for a restaurant inside the arden fair mall in san francisco , california .
2020-08-10 13:49:20,028 	Reference:  hallo , ich bin auf der suche nach einem restaurant im arden fair einkaufszentrum in san francisco , kalifornien .
2020-08-10 13:49:20,028 	Hypothesis: hallo , ich suche ein restaurant in san francisco , kalifornien , kalifornien .
2020-08-10 13:49:20,028 Example #3
2020-08-10 13:49:20,028 	Raw source:     ['ok', ',', 'what', 'type', 'of', 'restaurant', 'are', 'you', 'looking', 'for', '?']
2020-08-10 13:49:20,028 	Raw hypothesis: ['ok', ',', 'welche', 'art', 'von', 'restaurant', 'suchen', 'sie', '?']
2020-08-10 13:49:20,028 	Source:     ok , what type of restaurant are you looking for ?
2020-08-10 13:49:20,028 	Reference:  ok . welche art von restaurant suchen sie denn genau ?
2020-08-10 13:49:20,028 	Hypothesis: ok , welche art von restaurant suchen sie ?
2020-08-10 13:49:20,028 Validation result (greedy) at epoch   9, step     1600: bleu:  22.95, loss: 15974.4600, ppl:  12.1340, duration: 16.6638s
2020-08-10 13:49:25,815 Epoch   9: total training loss 269.34
2020-08-10 13:49:25,816 EPOCH 10
2020-08-10 13:49:26,001 Epoch  10 Step:     1700 Batch Loss:     1.748991 Tokens per Sec:     6134, Lr: 0.000200
2020-08-10 13:49:31,920 Epoch  10 Step:     1800 Batch Loss:     1.845303 Tokens per Sec:     5725, Lr: 0.000200
2020-08-10 13:49:45,663 Hooray! New best validation result [ppl]!
2020-08-10 13:49:45,663 Saving new checkpoint.
2020-08-10 13:49:46,966 Example #0
2020-08-10 13:49:46,966 	Raw source:     ['hello', '.']
2020-08-10 13:49:46,966 	Raw hypothesis: ['hallo', '.']
2020-08-10 13:49:46,966 	Source:     hello .
2020-08-10 13:49:46,967 	Reference:  hallo ,
2020-08-10 13:49:46,967 	Hypothesis: hallo .
2020-08-10 13:49:46,967 Example #1
2020-08-10 13:49:46,967 	Raw source:     ['hi', ',', 'how', 'can', 'i', 'help', 'you', '?']
2020-08-10 13:49:46,967 	Raw hypothesis: ['hallo', ',', 'wie', 'kann', 'ich', 'ihnen', 'helfen', '?']
2020-08-10 13:49:46,967 	Source:     hi , how can i help you ?
2020-08-10 13:49:46,967 	Reference:  hallo , wie kann ich ihnen helfen ?
2020-08-10 13:49:46,967 	Hypothesis: hallo , wie kann ich ihnen helfen ?
2020-08-10 13:49:46,967 Example #2
2020-08-10 13:49:46,967 	Raw source:     ['hi', ',', 'i', '&apos;m', 'looking', 'for', 'a', 'restaurant', 'inside', 'the', 'arden', 'fair', 'mall', 'in', 'san', 'francisco', ',', 'california', '.']
2020-08-10 13:49:46,967 	Raw hypothesis: ['hallo', ',', 'ich', 'suche', 'ein', 'restaurant', 'in', 'san', 'francisco', ',', 'kalifornien', ',', 'in', 'san', 'francisco', ',', 'kalifornien', ',', 'kalifornien', ',', 'finden', '.']
2020-08-10 13:49:46,967 	Source:     hi , i &apos;m looking for a restaurant inside the arden fair mall in san francisco , california .
2020-08-10 13:49:46,967 	Reference:  hallo , ich bin auf der suche nach einem restaurant im arden fair einkaufszentrum in san francisco , kalifornien .
2020-08-10 13:49:46,967 	Hypothesis: hallo , ich suche ein restaurant in san francisco , kalifornien , in san francisco , kalifornien , kalifornien , finden .
2020-08-10 13:49:46,967 Example #3
2020-08-10 13:49:46,967 	Raw source:     ['ok', ',', 'what', 'type', 'of', 'restaurant', 'are', 'you', 'looking', 'for', '?']
2020-08-10 13:49:46,967 	Raw hypothesis: ['ok', ',', 'welche', 'art', 'von', 'restaurant', 'suchen', 'sie', '?']
2020-08-10 13:49:46,967 	Source:     ok , what type of restaurant are you looking for ?
2020-08-10 13:49:46,967 	Reference:  ok . welche art von restaurant suchen sie denn genau ?
2020-08-10 13:49:46,967 	Hypothesis: ok , welche art von restaurant suchen sie ?
2020-08-10 13:49:46,967 Validation result (greedy) at epoch  10, step     1800: bleu:  23.50, loss: 15895.2168, ppl:  11.9847, duration: 15.0468s
2020-08-10 13:49:52,059 Epoch  10: total training loss 237.88
2020-08-10 13:49:52,059 EPOCH 11
2020-08-10 13:49:52,965 Epoch  11 Step:     1900 Batch Loss:     1.239143 Tokens per Sec:     5444, Lr: 0.000200
2020-08-10 13:49:58,913 Epoch  11 Step:     2000 Batch Loss:     0.590684 Tokens per Sec:     5770, Lr: 0.000200
2020-08-10 13:50:12,765 Hooray! New best validation result [ppl]!
2020-08-10 13:50:12,765 Saving new checkpoint.
2020-08-10 13:50:14,108 Example #0
2020-08-10 13:50:14,108 	Raw source:     ['hello', '.']
2020-08-10 13:50:14,108 	Raw hypothesis: ['hallo', '.']
2020-08-10 13:50:14,108 	Source:     hello .
2020-08-10 13:50:14,108 	Reference:  hallo ,
2020-08-10 13:50:14,108 	Hypothesis: hallo .
2020-08-10 13:50:14,108 Example #1
2020-08-10 13:50:14,108 	Raw source:     ['hi', ',', 'how', 'can', 'i', 'help', 'you', '?']
2020-08-10 13:50:14,108 	Raw hypothesis: ['hallo', ',', 'wie', 'kann', 'ich', 'ihnen', 'helfen', '?']
2020-08-10 13:50:14,108 	Source:     hi , how can i help you ?
2020-08-10 13:50:14,108 	Reference:  hallo , wie kann ich ihnen helfen ?
2020-08-10 13:50:14,108 	Hypothesis: hallo , wie kann ich ihnen helfen ?
2020-08-10 13:50:14,108 Example #2
2020-08-10 13:50:14,108 	Raw source:     ['hi', ',', 'i', '&apos;m', 'looking', 'for', 'a', 'restaurant', 'inside', 'the', 'arden', 'fair', 'mall', 'in', 'san', 'francisco', ',', 'california', '.']
2020-08-10 13:50:14,108 	Raw hypothesis: ['hallo', ',', 'ich', 'suche', 'ein', 'restaurant', 'in', 'san', 'francisco', ',', 'kalifornien', ',', 'finden', '.']
2020-08-10 13:50:14,108 	Source:     hi , i &apos;m looking for a restaurant inside the arden fair mall in san francisco , california .
2020-08-10 13:50:14,108 	Reference:  hallo , ich bin auf der suche nach einem restaurant im arden fair einkaufszentrum in san francisco , kalifornien .
2020-08-10 13:50:14,108 	Hypothesis: hallo , ich suche ein restaurant in san francisco , kalifornien , finden .
2020-08-10 13:50:14,109 Example #3
2020-08-10 13:50:14,109 	Raw source:     ['ok', ',', 'what', 'type', 'of', 'restaurant', 'are', 'you', 'looking', 'for', '?']
2020-08-10 13:50:14,109 	Raw hypothesis: ['ok', ',', 'welche', 'art', 'von', 'restaurant', 'suchen', 'sie', '?']
2020-08-10 13:50:14,109 	Source:     ok , what type of restaurant are you looking for ?
2020-08-10 13:50:14,109 	Reference:  ok . welche art von restaurant suchen sie denn genau ?
2020-08-10 13:50:14,109 	Hypothesis: ok , welche art von restaurant suchen sie ?
2020-08-10 13:50:14,109 Validation result (greedy) at epoch  11, step     2000: bleu:  27.98, loss: 15828.6055, ppl:  11.8606, duration: 15.1954s
2020-08-10 13:50:18,461 Epoch  11: total training loss 207.30
2020-08-10 13:50:18,461 EPOCH 12
2020-08-10 13:50:20,042 Epoch  12 Step:     2100 Batch Loss:     0.495803 Tokens per Sec:     5954, Lr: 0.000200
2020-08-10 13:50:25,860 Epoch  12 Step:     2200 Batch Loss:     0.845011 Tokens per Sec:     5793, Lr: 0.000200
2020-08-10 13:50:39,892 Hooray! New best validation result [ppl]!
2020-08-10 13:50:39,893 Saving new checkpoint.
2020-08-10 13:50:41,273 Example #0
2020-08-10 13:50:41,273 	Raw source:     ['hello', '.']
2020-08-10 13:50:41,273 	Raw hypothesis: ['hallo', '.']
2020-08-10 13:50:41,273 	Source:     hello .
2020-08-10 13:50:41,274 	Reference:  hallo ,
2020-08-10 13:50:41,274 	Hypothesis: hallo .
2020-08-10 13:50:41,274 Example #1
2020-08-10 13:50:41,274 	Raw source:     ['hi', ',', 'how', 'can', 'i', 'help', 'you', '?']
2020-08-10 13:50:41,274 	Raw hypothesis: ['hallo', ',', 'wie', 'kann', 'ich', 'ihnen', 'helfen', '?']
2020-08-10 13:50:41,274 	Source:     hi , how can i help you ?
2020-08-10 13:50:41,274 	Reference:  hallo , wie kann ich ihnen helfen ?
2020-08-10 13:50:41,274 	Hypothesis: hallo , wie kann ich ihnen helfen ?
2020-08-10 13:50:41,274 Example #2
2020-08-10 13:50:41,274 	Raw source:     ['hi', ',', 'i', '&apos;m', 'looking', 'for', 'a', 'restaurant', 'inside', 'the', 'arden', 'fair', 'mall', 'in', 'san', 'francisco', ',', 'california', '.']
2020-08-10 13:50:41,274 	Raw hypothesis: ['hallo', ',', 'ich', 'suche', 'ein', 'restaurant', 'in', 'san', 'francisco', ',', 'kalifornien', ',', 'kalifornien', ',', 'kalifornien', '.']
2020-08-10 13:50:41,274 	Source:     hi , i &apos;m looking for a restaurant inside the arden fair mall in san francisco , california .
2020-08-10 13:50:41,274 	Reference:  hallo , ich bin auf der suche nach einem restaurant im arden fair einkaufszentrum in san francisco , kalifornien .
2020-08-10 13:50:41,274 	Hypothesis: hallo , ich suche ein restaurant in san francisco , kalifornien , kalifornien , kalifornien .
2020-08-10 13:50:41,274 Example #3
2020-08-10 13:50:41,274 	Raw source:     ['ok', ',', 'what', 'type', 'of', 'restaurant', 'are', 'you', 'looking', 'for', '?']
2020-08-10 13:50:41,274 	Raw hypothesis: ['ok', ',', 'welche', 'art', 'von', 'restaurant', 'suchen', 'sie', '?']
2020-08-10 13:50:41,275 	Source:     ok , what type of restaurant are you looking for ?
2020-08-10 13:50:41,275 	Reference:  ok . welche art von restaurant suchen sie denn genau ?
2020-08-10 13:50:41,275 	Hypothesis: ok , welche art von restaurant suchen sie ?
2020-08-10 13:50:41,275 Validation result (greedy) at epoch  12, step     2200: bleu:  27.48, loss: 15745.8105, ppl:  11.7081, duration: 15.4149s
2020-08-10 13:50:45,019 Epoch  12: total training loss 183.66
2020-08-10 13:50:45,020 EPOCH 13
2020-08-10 13:50:47,181 Epoch  13 Step:     2300 Batch Loss:     0.438203 Tokens per Sec:     5730, Lr: 0.000200
2020-08-10 13:50:52,971 Epoch  13 Step:     2400 Batch Loss:     0.295912 Tokens per Sec:     6001, Lr: 0.000200
2020-08-10 13:51:04,582 Hooray! New best validation result [ppl]!
2020-08-10 13:51:04,582 Saving new checkpoint.
2020-08-10 13:51:05,938 Example #0
2020-08-10 13:51:05,938 	Raw source:     ['hello', '.']
2020-08-10 13:51:05,938 	Raw hypothesis: ['hallo', '.']
2020-08-10 13:51:05,938 	Source:     hello .
2020-08-10 13:51:05,938 	Reference:  hallo ,
2020-08-10 13:51:05,938 	Hypothesis: hallo .
2020-08-10 13:51:05,938 Example #1
2020-08-10 13:51:05,938 	Raw source:     ['hi', ',', 'how', 'can', 'i', 'help', 'you', '?']
2020-08-10 13:51:05,938 	Raw hypothesis: ['hallo', ',', 'wie', 'kann', 'ich', 'ihnen', 'helfen', '?']
2020-08-10 13:51:05,938 	Source:     hi , how can i help you ?
2020-08-10 13:51:05,938 	Reference:  hallo , wie kann ich ihnen helfen ?
2020-08-10 13:51:05,938 	Hypothesis: hallo , wie kann ich ihnen helfen ?
2020-08-10 13:51:05,938 Example #2
2020-08-10 13:51:05,938 	Raw source:     ['hi', ',', 'i', '&apos;m', 'looking', 'for', 'a', 'restaurant', 'inside', 'the', 'arden', 'fair', 'mall', 'in', 'san', 'francisco', ',', 'california', '.']
2020-08-10 13:51:05,939 	Raw hypothesis: ['hallo', ',', 'ich', 'suche', 'ein', 'restaurant', 'in', 'san', 'francisco', ',', 'kalifornien', ',', 'kalifornien', ',', 'finden', '.']
2020-08-10 13:51:05,939 	Source:     hi , i &apos;m looking for a restaurant inside the arden fair mall in san francisco , california .
2020-08-10 13:51:05,939 	Reference:  hallo , ich bin auf der suche nach einem restaurant im arden fair einkaufszentrum in san francisco , kalifornien .
2020-08-10 13:51:05,939 	Hypothesis: hallo , ich suche ein restaurant in san francisco , kalifornien , kalifornien , finden .
2020-08-10 13:51:05,939 Example #3
2020-08-10 13:51:05,939 	Raw source:     ['ok', ',', 'what', 'type', 'of', 'restaurant', 'are', 'you', 'looking', 'for', '?']
2020-08-10 13:51:05,939 	Raw hypothesis: ['ok', ',', 'nach', 'welcher', 'art', 'von', 'restaurant', 'suchen', 'sie', '?']
2020-08-10 13:51:05,939 	Source:     ok , what type of restaurant are you looking for ?
2020-08-10 13:51:05,939 	Reference:  ok . welche art von restaurant suchen sie denn genau ?
2020-08-10 13:51:05,939 	Hypothesis: ok , nach welcher art von restaurant suchen sie ?
2020-08-10 13:51:05,939 Validation result (greedy) at epoch  13, step     2400: bleu:  30.76, loss: 15709.6592, ppl:  11.6422, duration: 12.9676s
2020-08-10 13:51:08,831 Epoch  13: total training loss 158.10
2020-08-10 13:51:08,831 EPOCH 14
2020-08-10 13:51:11,848 Epoch  14 Step:     2500 Batch Loss:     0.493952 Tokens per Sec:     5755, Lr: 0.000200
2020-08-10 13:51:17,794 Epoch  14 Step:     2600 Batch Loss:     1.004735 Tokens per Sec:     5790, Lr: 0.000200
2020-08-10 13:51:29,431 Example #0
2020-08-10 13:51:29,431 	Raw source:     ['hello', '.']
2020-08-10 13:51:29,431 	Raw hypothesis: ['hallo', ',']
2020-08-10 13:51:29,431 	Source:     hello .
2020-08-10 13:51:29,431 	Reference:  hallo ,
2020-08-10 13:51:29,431 	Hypothesis: hallo ,
2020-08-10 13:51:29,431 Example #1
2020-08-10 13:51:29,431 	Raw source:     ['hi', ',', 'how', 'can', 'i', 'help', 'you', '?']
2020-08-10 13:51:29,431 	Raw hypothesis: ['hallo', ',', 'wie', 'kann', 'ich', 'ihnen', 'helfen', '?']
2020-08-10 13:51:29,431 	Source:     hi , how can i help you ?
2020-08-10 13:51:29,431 	Reference:  hallo , wie kann ich ihnen helfen ?
2020-08-10 13:51:29,431 	Hypothesis: hallo , wie kann ich ihnen helfen ?
2020-08-10 13:51:29,431 Example #2
2020-08-10 13:51:29,431 	Raw source:     ['hi', ',', 'i', '&apos;m', 'looking', 'for', 'a', 'restaurant', 'inside', 'the', 'arden', 'fair', 'mall', 'in', 'san', 'francisco', ',', 'california', '.']
2020-08-10 13:51:29,431 	Raw hypothesis: ['hallo', ',', 'ich', 'suche', 'ein', 'restaurant', 'in', 'san', 'francisco', ',', 'kalifornien', '.']
2020-08-10 13:51:29,431 	Source:     hi , i &apos;m looking for a restaurant inside the arden fair mall in san francisco , california .
2020-08-10 13:51:29,431 	Reference:  hallo , ich bin auf der suche nach einem restaurant im arden fair einkaufszentrum in san francisco , kalifornien .
2020-08-10 13:51:29,432 	Hypothesis: hallo , ich suche ein restaurant in san francisco , kalifornien .
2020-08-10 13:51:29,432 Example #3
2020-08-10 13:51:29,432 	Raw source:     ['ok', ',', 'what', 'type', 'of', 'restaurant', 'are', 'you', 'looking', 'for', '?']
2020-08-10 13:51:29,432 	Raw hypothesis: ['ok', ',', 'nach', 'welcher', 'art', 'von', 'restaurant', 'suchen', 'sie', '?']
2020-08-10 13:51:29,432 	Source:     ok , what type of restaurant are you looking for ?
2020-08-10 13:51:29,432 	Reference:  ok . welche art von restaurant suchen sie denn genau ?
2020-08-10 13:51:29,432 	Hypothesis: ok , nach welcher art von restaurant suchen sie ?
2020-08-10 13:51:29,432 Validation result (greedy) at epoch  14, step     2600: bleu:  30.86, loss: 15726.6064, ppl:  11.6730, duration: 11.6376s
2020-08-10 13:51:31,638 Epoch  14: total training loss 136.46
2020-08-10 13:51:31,638 EPOCH 15
2020-08-10 13:51:35,434 Epoch  15 Step:     2700 Batch Loss:     0.493485 Tokens per Sec:     5544, Lr: 0.000200
2020-08-10 13:51:41,315 Epoch  15 Step:     2800 Batch Loss:     1.035815 Tokens per Sec:     5746, Lr: 0.000200
2020-08-10 13:51:52,346 Hooray! New best validation result [ppl]!
2020-08-10 13:51:52,346 Saving new checkpoint.
2020-08-10 13:51:53,718 Example #0
2020-08-10 13:51:53,718 	Raw source:     ['hello', '.']
2020-08-10 13:51:53,718 	Raw hypothesis: ['hallo', '.']
2020-08-10 13:51:53,718 	Source:     hello .
2020-08-10 13:51:53,718 	Reference:  hallo ,
2020-08-10 13:51:53,718 	Hypothesis: hallo .
2020-08-10 13:51:53,718 Example #1
2020-08-10 13:51:53,718 	Raw source:     ['hi', ',', 'how', 'can', 'i', 'help', 'you', '?']
2020-08-10 13:51:53,718 	Raw hypothesis: ['hallo', ',', 'wie', 'kann', 'ich', 'ihnen', 'helfen', '?']
2020-08-10 13:51:53,719 	Source:     hi , how can i help you ?
2020-08-10 13:51:53,719 	Reference:  hallo , wie kann ich ihnen helfen ?
2020-08-10 13:51:53,719 	Hypothesis: hallo , wie kann ich ihnen helfen ?
2020-08-10 13:51:53,719 Example #2
2020-08-10 13:51:53,719 	Raw source:     ['hi', ',', 'i', '&apos;m', 'looking', 'for', 'a', 'restaurant', 'inside', 'the', 'arden', 'fair', 'mall', 'in', 'san', 'francisco', ',', 'california', '.']
2020-08-10 13:51:53,719 	Raw hypothesis: ['hallo', ',', 'ich', 'suche', 'ein', 'restaurant', 'in', 'san', 'francisco', ',', 'kalifornien', ',', 'finden', '.']
2020-08-10 13:51:53,719 	Source:     hi , i &apos;m looking for a restaurant inside the arden fair mall in san francisco , california .
2020-08-10 13:51:53,719 	Reference:  hallo , ich bin auf der suche nach einem restaurant im arden fair einkaufszentrum in san francisco , kalifornien .
2020-08-10 13:51:53,719 	Hypothesis: hallo , ich suche ein restaurant in san francisco , kalifornien , finden .
2020-08-10 13:51:53,719 Example #3
2020-08-10 13:51:53,719 	Raw source:     ['ok', ',', 'what', 'type', 'of', 'restaurant', 'are', 'you', 'looking', 'for', '?']
2020-08-10 13:51:53,719 	Raw hypothesis: ['ok', ',', 'nach', 'welcher', 'art', 'von', 'restaurant', 'suchen', 'sie', '?']
2020-08-10 13:51:53,719 	Source:     ok , what type of restaurant are you looking for ?
2020-08-10 13:51:53,719 	Reference:  ok . welche art von restaurant suchen sie denn genau ?
2020-08-10 13:51:53,719 	Hypothesis: ok , nach welcher art von restaurant suchen sie ?
2020-08-10 13:51:53,719 Validation result (greedy) at epoch  15, step     2800: bleu:  32.00, loss: 15684.6562, ppl:  11.5968, duration: 12.4046s
2020-08-10 13:51:55,393 Epoch  15: total training loss 122.46
2020-08-10 13:51:55,393 EPOCH 16
2020-08-10 13:51:59,786 Epoch  16 Step:     2900 Batch Loss:     0.687527 Tokens per Sec:     5568, Lr: 0.000200
2020-08-10 13:52:05,749 Epoch  16 Step:     3000 Batch Loss:     0.798437 Tokens per Sec:     5723, Lr: 0.000200
2020-08-10 13:52:16,456 Example #0
2020-08-10 13:52:16,457 	Raw source:     ['hello', '.']
2020-08-10 13:52:16,457 	Raw hypothesis: ['hallo', '.']
2020-08-10 13:52:16,457 	Source:     hello .
2020-08-10 13:52:16,457 	Reference:  hallo ,
2020-08-10 13:52:16,457 	Hypothesis: hallo .
2020-08-10 13:52:16,457 Example #1
2020-08-10 13:52:16,457 	Raw source:     ['hi', ',', 'how', 'can', 'i', 'help', 'you', '?']
2020-08-10 13:52:16,457 	Raw hypothesis: ['hallo', ',', 'wie', 'kann', 'ich', 'ihnen', 'helfen', '?']
2020-08-10 13:52:16,457 	Source:     hi , how can i help you ?
2020-08-10 13:52:16,457 	Reference:  hallo , wie kann ich ihnen helfen ?
2020-08-10 13:52:16,457 	Hypothesis: hallo , wie kann ich ihnen helfen ?
2020-08-10 13:52:16,457 Example #2
2020-08-10 13:52:16,457 	Raw source:     ['hi', ',', 'i', '&apos;m', 'looking', 'for', 'a', 'restaurant', 'inside', 'the', 'arden', 'fair', 'mall', 'in', 'san', 'francisco', ',', 'california', '.']
2020-08-10 13:52:16,457 	Raw hypothesis: ['hallo', ',', 'ich', 'suche', 'ein', 'restaurant', 'in', 'san', 'francisco', ',', 'kalifornien', ',', 'in', 'san', 'francisco', ',', 'kalifornien', ',', 'finden', '.']
2020-08-10 13:52:16,457 	Source:     hi , i &apos;m looking for a restaurant inside the arden fair mall in san francisco , california .
2020-08-10 13:52:16,457 	Reference:  hallo , ich bin auf der suche nach einem restaurant im arden fair einkaufszentrum in san francisco , kalifornien .
2020-08-10 13:52:16,457 	Hypothesis: hallo , ich suche ein restaurant in san francisco , kalifornien , in san francisco , kalifornien , finden .
2020-08-10 13:52:16,457 Example #3
2020-08-10 13:52:16,457 	Raw source:     ['ok', ',', 'what', 'type', 'of', 'restaurant', 'are', 'you', 'looking', 'for', '?']
2020-08-10 13:52:16,457 	Raw hypothesis: ['ok', ',', 'nach', 'welcher', 'art', 'von', 'restaurant', 'suchen', 'sie', '?']
2020-08-10 13:52:16,457 	Source:     ok , what type of restaurant are you looking for ?
2020-08-10 13:52:16,457 	Reference:  ok . welche art von restaurant suchen sie denn genau ?
2020-08-10 13:52:16,457 	Hypothesis: ok , nach welcher art von restaurant suchen sie ?
2020-08-10 13:52:16,457 Validation result (greedy) at epoch  16, step     3000: bleu:  31.11, loss: 15805.8398, ppl:  11.8185, duration: 10.7078s
2020-08-10 13:52:17,404 Epoch  16: total training loss 106.67
2020-08-10 13:52:17,404 EPOCH 17
2020-08-10 13:52:22,356 Epoch  17 Step:     3100 Batch Loss:     0.663674 Tokens per Sec:     5807, Lr: 0.000200
2020-08-10 13:52:28,246 Epoch  17 Step:     3200 Batch Loss:     0.509741 Tokens per Sec:     5657, Lr: 0.000200
2020-08-10 13:52:39,681 Example #0
2020-08-10 13:52:39,681 	Raw source:     ['hello', '.']
2020-08-10 13:52:39,681 	Raw hypothesis: ['hallo', '.']
2020-08-10 13:52:39,681 	Source:     hello .
2020-08-10 13:52:39,681 	Reference:  hallo ,
2020-08-10 13:52:39,681 	Hypothesis: hallo .
2020-08-10 13:52:39,682 Example #1
2020-08-10 13:52:39,682 	Raw source:     ['hi', ',', 'how', 'can', 'i', 'help', 'you', '?']
2020-08-10 13:52:39,682 	Raw hypothesis: ['hallo', ',', 'wie', 'kann', 'ich', 'ihnen', 'helfen', '?']
2020-08-10 13:52:39,682 	Source:     hi , how can i help you ?
2020-08-10 13:52:39,682 	Reference:  hallo , wie kann ich ihnen helfen ?
2020-08-10 13:52:39,682 	Hypothesis: hallo , wie kann ich ihnen helfen ?
2020-08-10 13:52:39,682 Example #2
2020-08-10 13:52:39,682 	Raw source:     ['hi', ',', 'i', '&apos;m', 'looking', 'for', 'a', 'restaurant', 'inside', 'the', 'arden', 'fair', 'mall', 'in', 'san', 'francisco', ',', 'california', '.']
2020-08-10 13:52:39,682 	Raw hypothesis: ['hallo', ',', 'ich', 'suche', 'ein', 'restaurant', 'in', 'san', 'francisco', ',', 'kalifornien', ',', 'finden', '.']
2020-08-10 13:52:39,682 	Source:     hi , i &apos;m looking for a restaurant inside the arden fair mall in san francisco , california .
2020-08-10 13:52:39,682 	Reference:  hallo , ich bin auf der suche nach einem restaurant im arden fair einkaufszentrum in san francisco , kalifornien .
2020-08-10 13:52:39,682 	Hypothesis: hallo , ich suche ein restaurant in san francisco , kalifornien , finden .
2020-08-10 13:52:39,682 Example #3
2020-08-10 13:52:39,682 	Raw source:     ['ok', ',', 'what', 'type', 'of', 'restaurant', 'are', 'you', 'looking', 'for', '?']
2020-08-10 13:52:39,682 	Raw hypothesis: ['ok', ',', 'nach', 'welcher', 'art', 'von', 'restaurant', 'suchen', 'sie', '?']
2020-08-10 13:52:39,682 	Source:     ok , what type of restaurant are you looking for ?
2020-08-10 13:52:39,682 	Reference:  ok . welche art von restaurant suchen sie denn genau ?
2020-08-10 13:52:39,682 	Hypothesis: ok , nach welcher art von restaurant suchen sie ?
2020-08-10 13:52:39,682 Validation result (greedy) at epoch  17, step     3200: bleu:  31.64, loss: 15783.0850, ppl:  11.7765, duration: 11.4358s
2020-08-10 13:52:40,045 Epoch  17: total training loss 91.61
2020-08-10 13:52:40,045 EPOCH 18
2020-08-10 13:52:45,710 Epoch  18 Step:     3300 Batch Loss:     0.343236 Tokens per Sec:     5583, Lr: 0.000200
2020-08-10 13:52:51,578 Epoch  18: total training loss 83.60
2020-08-10 13:52:51,579 EPOCH 19
2020-08-10 13:52:51,771 Epoch  19 Step:     3400 Batch Loss:     0.362031 Tokens per Sec:     6120, Lr: 0.000200
2020-08-10 13:53:00,974 Example #0
2020-08-10 13:53:00,974 	Raw source:     ['hello', '.']
2020-08-10 13:53:00,974 	Raw hypothesis: ['hallo', ',']
2020-08-10 13:53:00,974 	Source:     hello .
2020-08-10 13:53:00,974 	Reference:  hallo ,
2020-08-10 13:53:00,974 	Hypothesis: hallo ,
2020-08-10 13:53:00,974 Example #1
2020-08-10 13:53:00,974 	Raw source:     ['hi', ',', 'how', 'can', 'i', 'help', 'you', '?']
2020-08-10 13:53:00,974 	Raw hypothesis: ['hallo', ',', 'wie', 'kann', 'ich', 'ihnen', 'helfen', '?']
2020-08-10 13:53:00,974 	Source:     hi , how can i help you ?
2020-08-10 13:53:00,974 	Reference:  hallo , wie kann ich ihnen helfen ?
2020-08-10 13:53:00,974 	Hypothesis: hallo , wie kann ich ihnen helfen ?
2020-08-10 13:53:00,974 Example #2
2020-08-10 13:53:00,974 	Raw source:     ['hi', ',', 'i', '&apos;m', 'looking', 'for', 'a', 'restaurant', 'inside', 'the', 'arden', 'fair', 'mall', 'in', 'san', 'francisco', ',', 'california', '.']
2020-08-10 13:53:00,974 	Raw hypothesis: ['hallo', ',', 'ich', 'suche', 'ein', 'restaurant', 'in', 'sacramento', ',', 'kalifornien', ',', 'in', 'san', 'francisco', ',', 'kalifornien', '.']
2020-08-10 13:53:00,974 	Source:     hi , i &apos;m looking for a restaurant inside the arden fair mall in san francisco , california .
2020-08-10 13:53:00,974 	Reference:  hallo , ich bin auf der suche nach einem restaurant im arden fair einkaufszentrum in san francisco , kalifornien .
2020-08-10 13:53:00,974 	Hypothesis: hallo , ich suche ein restaurant in sacramento , kalifornien , in san francisco , kalifornien .
2020-08-10 13:53:00,974 Example #3
2020-08-10 13:53:00,974 	Raw source:     ['ok', ',', 'what', 'type', 'of', 'restaurant', 'are', 'you', 'looking', 'for', '?']
2020-08-10 13:53:00,974 	Raw hypothesis: ['ok', ',', 'nach', 'welcher', 'art', 'von', 'restaurant', 'suchen', 'sie', '?']
2020-08-10 13:53:00,974 	Source:     ok , what type of restaurant are you looking for ?
2020-08-10 13:53:00,975 	Reference:  ok . welche art von restaurant suchen sie denn genau ?
2020-08-10 13:53:00,975 	Hypothesis: ok , nach welcher art von restaurant suchen sie ?
2020-08-10 13:53:00,975 Validation result (greedy) at epoch  19, step     3400: bleu:  32.28, loss: 16180.6270, ppl:  12.5312, duration: 9.2039s
2020-08-10 13:53:07,007 Epoch  19 Step:     3500 Batch Loss:     0.394430 Tokens per Sec:     5520, Lr: 0.000200
2020-08-10 13:53:12,387 Epoch  19: total training loss 76.88
2020-08-10 13:53:12,387 EPOCH 20
2020-08-10 13:53:13,144 Epoch  20 Step:     3600 Batch Loss:     0.411769 Tokens per Sec:     5207, Lr: 0.000200
2020-08-10 13:53:23,881 Example #0
2020-08-10 13:53:23,881 	Raw source:     ['hello', '.']
2020-08-10 13:53:23,882 	Raw hypothesis: ['hallo', '.']
2020-08-10 13:53:23,882 	Source:     hello .
2020-08-10 13:53:23,882 	Reference:  hallo ,
2020-08-10 13:53:23,882 	Hypothesis: hallo .
2020-08-10 13:53:23,882 Example #1
2020-08-10 13:53:23,882 	Raw source:     ['hi', ',', 'how', 'can', 'i', 'help', 'you', '?']
2020-08-10 13:53:23,882 	Raw hypothesis: ['hallo', ',', 'wie', 'kann', 'ich', 'ihnen', 'helfen', '?']
2020-08-10 13:53:23,882 	Source:     hi , how can i help you ?
2020-08-10 13:53:23,882 	Reference:  hallo , wie kann ich ihnen helfen ?
2020-08-10 13:53:23,882 	Hypothesis: hallo , wie kann ich ihnen helfen ?
2020-08-10 13:53:23,882 Example #2
2020-08-10 13:53:23,882 	Raw source:     ['hi', ',', 'i', '&apos;m', 'looking', 'for', 'a', 'restaurant', 'inside', 'the', 'arden', 'fair', 'mall', 'in', 'san', 'francisco', ',', 'california', '.']
2020-08-10 13:53:23,882 	Raw hypothesis: ['hallo', ',', 'ich', 'suche', 'ein', 'restaurant', 'in', 'san', 'francisco', ',', 'kalifornien', ',', 'in', 'san', 'francisco', ',', 'kalifornien', ',', 'finden', '.']
2020-08-10 13:53:23,882 	Source:     hi , i &apos;m looking for a restaurant inside the arden fair mall in san francisco , california .
2020-08-10 13:53:23,882 	Reference:  hallo , ich bin auf der suche nach einem restaurant im arden fair einkaufszentrum in san francisco , kalifornien .
2020-08-10 13:53:23,882 	Hypothesis: hallo , ich suche ein restaurant in san francisco , kalifornien , in san francisco , kalifornien , finden .
2020-08-10 13:53:23,882 Example #3
2020-08-10 13:53:23,882 	Raw source:     ['ok', ',', 'what', 'type', 'of', 'restaurant', 'are', 'you', 'looking', 'for', '?']
2020-08-10 13:53:23,882 	Raw hypothesis: ['ok', ',', 'nach', 'welcher', 'art', 'von', 'restaurant', 'suchen', 'sie', '?']
2020-08-10 13:53:23,882 	Source:     ok , what type of restaurant are you looking for ?
2020-08-10 13:53:23,882 	Reference:  ok . welche art von restaurant suchen sie denn genau ?
2020-08-10 13:53:23,882 	Hypothesis: ok , nach welcher art von restaurant suchen sie ?
2020-08-10 13:53:23,882 Validation result (greedy) at epoch  20, step     3600: bleu:  31.05, loss: 16176.4365, ppl:  12.5230, duration: 10.7385s
2020-08-10 13:53:29,801 Epoch  20 Step:     3700 Batch Loss:     0.287775 Tokens per Sec:     5793, Lr: 0.000200
2020-08-10 13:53:34,298 Epoch  20: total training loss 68.38
2020-08-10 13:53:34,299 Training ended after  20 epochs.
2020-08-10 13:53:34,299 Best validation result (greedy) at step     2800:  11.60 ppl.
