2020-05-27 14:15:04,403 Hello! This is Joey-NMT.
2020-05-27 14:15:20,931 Total params: 49449472
2020-05-27 14:15:20,934 Trainable parameters: ['decoder.layer_norm.bias', 'decoder.layer_norm.weight', 'decoder.layers.0.dec_layer_norm.bias', 'decoder.layers.0.dec_layer_norm.weight', 'decoder.layers.0.feed_forward.layer_norm.bias', 'decoder.layers.0.feed_forward.layer_norm.weight', 'decoder.layers.0.feed_forward.pwff_layer.0.bias', 'decoder.layers.0.feed_forward.pwff_layer.0.weight', 'decoder.layers.0.feed_forward.pwff_layer.3.bias', 'decoder.layers.0.feed_forward.pwff_layer.3.weight', 'decoder.layers.0.src_trg_att.k_layer.bias', 'decoder.layers.0.src_trg_att.k_layer.weight', 'decoder.layers.0.src_trg_att.output_layer.bias', 'decoder.layers.0.src_trg_att.output_layer.weight', 'decoder.layers.0.src_trg_att.q_layer.bias', 'decoder.layers.0.src_trg_att.q_layer.weight', 'decoder.layers.0.src_trg_att.v_layer.bias', 'decoder.layers.0.src_trg_att.v_layer.weight', 'decoder.layers.0.trg_trg_att.k_layer.bias', 'decoder.layers.0.trg_trg_att.k_layer.weight', 'decoder.layers.0.trg_trg_att.output_layer.bias', 'decoder.layers.0.trg_trg_att.output_layer.weight', 'decoder.layers.0.trg_trg_att.q_layer.bias', 'decoder.layers.0.trg_trg_att.q_layer.weight', 'decoder.layers.0.trg_trg_att.v_layer.bias', 'decoder.layers.0.trg_trg_att.v_layer.weight', 'decoder.layers.0.x_layer_norm.bias', 'decoder.layers.0.x_layer_norm.weight', 'decoder.layers.1.dec_layer_norm.bias', 'decoder.layers.1.dec_layer_norm.weight', 'decoder.layers.1.feed_forward.layer_norm.bias', 'decoder.layers.1.feed_forward.layer_norm.weight', 'decoder.layers.1.feed_forward.pwff_layer.0.bias', 'decoder.layers.1.feed_forward.pwff_layer.0.weight', 'decoder.layers.1.feed_forward.pwff_layer.3.bias', 'decoder.layers.1.feed_forward.pwff_layer.3.weight', 'decoder.layers.1.src_trg_att.k_layer.bias', 'decoder.layers.1.src_trg_att.k_layer.weight', 'decoder.layers.1.src_trg_att.output_layer.bias', 'decoder.layers.1.src_trg_att.output_layer.weight', 'decoder.layers.1.src_trg_att.q_layer.bias', 'decoder.layers.1.src_trg_att.q_layer.weight', 'decoder.layers.1.src_trg_att.v_layer.bias', 'decoder.layers.1.src_trg_att.v_layer.weight', 'decoder.layers.1.trg_trg_att.k_layer.bias', 'decoder.layers.1.trg_trg_att.k_layer.weight', 'decoder.layers.1.trg_trg_att.output_layer.bias', 'decoder.layers.1.trg_trg_att.output_layer.weight', 'decoder.layers.1.trg_trg_att.q_layer.bias', 'decoder.layers.1.trg_trg_att.q_layer.weight', 'decoder.layers.1.trg_trg_att.v_layer.bias', 'decoder.layers.1.trg_trg_att.v_layer.weight', 'decoder.layers.1.x_layer_norm.bias', 'decoder.layers.1.x_layer_norm.weight', 'decoder.layers.2.dec_layer_norm.bias', 'decoder.layers.2.dec_layer_norm.weight', 'decoder.layers.2.feed_forward.layer_norm.bias', 'decoder.layers.2.feed_forward.layer_norm.weight', 'decoder.layers.2.feed_forward.pwff_layer.0.bias', 'decoder.layers.2.feed_forward.pwff_layer.0.weight', 'decoder.layers.2.feed_forward.pwff_layer.3.bias', 'decoder.layers.2.feed_forward.pwff_layer.3.weight', 'decoder.layers.2.src_trg_att.k_layer.bias', 'decoder.layers.2.src_trg_att.k_layer.weight', 'decoder.layers.2.src_trg_att.output_layer.bias', 'decoder.layers.2.src_trg_att.output_layer.weight', 'decoder.layers.2.src_trg_att.q_layer.bias', 'decoder.layers.2.src_trg_att.q_layer.weight', 'decoder.layers.2.src_trg_att.v_layer.bias', 'decoder.layers.2.src_trg_att.v_layer.weight', 'decoder.layers.2.trg_trg_att.k_layer.bias', 'decoder.layers.2.trg_trg_att.k_layer.weight', 'decoder.layers.2.trg_trg_att.output_layer.bias', 'decoder.layers.2.trg_trg_att.output_layer.weight', 'decoder.layers.2.trg_trg_att.q_layer.bias', 'decoder.layers.2.trg_trg_att.q_layer.weight', 'decoder.layers.2.trg_trg_att.v_layer.bias', 'decoder.layers.2.trg_trg_att.v_layer.weight', 'decoder.layers.2.x_layer_norm.bias', 'decoder.layers.2.x_layer_norm.weight', 'decoder.layers.3.dec_layer_norm.bias', 'decoder.layers.3.dec_layer_norm.weight', 'decoder.layers.3.feed_forward.layer_norm.bias', 'decoder.layers.3.feed_forward.layer_norm.weight', 'decoder.layers.3.feed_forward.pwff_layer.0.bias', 'decoder.layers.3.feed_forward.pwff_layer.0.weight', 'decoder.layers.3.feed_forward.pwff_layer.3.bias', 'decoder.layers.3.feed_forward.pwff_layer.3.weight', 'decoder.layers.3.src_trg_att.k_layer.bias', 'decoder.layers.3.src_trg_att.k_layer.weight', 'decoder.layers.3.src_trg_att.output_layer.bias', 'decoder.layers.3.src_trg_att.output_layer.weight', 'decoder.layers.3.src_trg_att.q_layer.bias', 'decoder.layers.3.src_trg_att.q_layer.weight', 'decoder.layers.3.src_trg_att.v_layer.bias', 'decoder.layers.3.src_trg_att.v_layer.weight', 'decoder.layers.3.trg_trg_att.k_layer.bias', 'decoder.layers.3.trg_trg_att.k_layer.weight', 'decoder.layers.3.trg_trg_att.output_layer.bias', 'decoder.layers.3.trg_trg_att.output_layer.weight', 'decoder.layers.3.trg_trg_att.q_layer.bias', 'decoder.layers.3.trg_trg_att.q_layer.weight', 'decoder.layers.3.trg_trg_att.v_layer.bias', 'decoder.layers.3.trg_trg_att.v_layer.weight', 'decoder.layers.3.x_layer_norm.bias', 'decoder.layers.3.x_layer_norm.weight', 'decoder.layers.4.dec_layer_norm.bias', 'decoder.layers.4.dec_layer_norm.weight', 'decoder.layers.4.feed_forward.layer_norm.bias', 'decoder.layers.4.feed_forward.layer_norm.weight', 'decoder.layers.4.feed_forward.pwff_layer.0.bias', 'decoder.layers.4.feed_forward.pwff_layer.0.weight', 'decoder.layers.4.feed_forward.pwff_layer.3.bias', 'decoder.layers.4.feed_forward.pwff_layer.3.weight', 'decoder.layers.4.src_trg_att.k_layer.bias', 'decoder.layers.4.src_trg_att.k_layer.weight', 'decoder.layers.4.src_trg_att.output_layer.bias', 'decoder.layers.4.src_trg_att.output_layer.weight', 'decoder.layers.4.src_trg_att.q_layer.bias', 'decoder.layers.4.src_trg_att.q_layer.weight', 'decoder.layers.4.src_trg_att.v_layer.bias', 'decoder.layers.4.src_trg_att.v_layer.weight', 'decoder.layers.4.trg_trg_att.k_layer.bias', 'decoder.layers.4.trg_trg_att.k_layer.weight', 'decoder.layers.4.trg_trg_att.output_layer.bias', 'decoder.layers.4.trg_trg_att.output_layer.weight', 'decoder.layers.4.trg_trg_att.q_layer.bias', 'decoder.layers.4.trg_trg_att.q_layer.weight', 'decoder.layers.4.trg_trg_att.v_layer.bias', 'decoder.layers.4.trg_trg_att.v_layer.weight', 'decoder.layers.4.x_layer_norm.bias', 'decoder.layers.4.x_layer_norm.weight', 'decoder.layers.5.dec_layer_norm.bias', 'decoder.layers.5.dec_layer_norm.weight', 'decoder.layers.5.feed_forward.layer_norm.bias', 'decoder.layers.5.feed_forward.layer_norm.weight', 'decoder.layers.5.feed_forward.pwff_layer.0.bias', 'decoder.layers.5.feed_forward.pwff_layer.0.weight', 'decoder.layers.5.feed_forward.pwff_layer.3.bias', 'decoder.layers.5.feed_forward.pwff_layer.3.weight', 'decoder.layers.5.src_trg_att.k_layer.bias', 'decoder.layers.5.src_trg_att.k_layer.weight', 'decoder.layers.5.src_trg_att.output_layer.bias', 'decoder.layers.5.src_trg_att.output_layer.weight', 'decoder.layers.5.src_trg_att.q_layer.bias', 'decoder.layers.5.src_trg_att.q_layer.weight', 'decoder.layers.5.src_trg_att.v_layer.bias', 'decoder.layers.5.src_trg_att.v_layer.weight', 'decoder.layers.5.trg_trg_att.k_layer.bias', 'decoder.layers.5.trg_trg_att.k_layer.weight', 'decoder.layers.5.trg_trg_att.output_layer.bias', 'decoder.layers.5.trg_trg_att.output_layer.weight', 'decoder.layers.5.trg_trg_att.q_layer.bias', 'decoder.layers.5.trg_trg_att.q_layer.weight', 'decoder.layers.5.trg_trg_att.v_layer.bias', 'decoder.layers.5.trg_trg_att.v_layer.weight', 'decoder.layers.5.x_layer_norm.bias', 'decoder.layers.5.x_layer_norm.weight', 'encoder.layer_norm.bias', 'encoder.layer_norm.weight', 'encoder.layers.0.feed_forward.layer_norm.bias', 'encoder.layers.0.feed_forward.layer_norm.weight', 'encoder.layers.0.feed_forward.pwff_layer.0.bias', 'encoder.layers.0.feed_forward.pwff_layer.0.weight', 'encoder.layers.0.feed_forward.pwff_layer.3.bias', 'encoder.layers.0.feed_forward.pwff_layer.3.weight', 'encoder.layers.0.layer_norm.bias', 'encoder.layers.0.layer_norm.weight', 'encoder.layers.0.src_src_att.k_layer.bias', 'encoder.layers.0.src_src_att.k_layer.weight', 'encoder.layers.0.src_src_att.output_layer.bias', 'encoder.layers.0.src_src_att.output_layer.weight', 'encoder.layers.0.src_src_att.q_layer.bias', 'encoder.layers.0.src_src_att.q_layer.weight', 'encoder.layers.0.src_src_att.v_layer.bias', 'encoder.layers.0.src_src_att.v_layer.weight', 'encoder.layers.1.feed_forward.layer_norm.bias', 'encoder.layers.1.feed_forward.layer_norm.weight', 'encoder.layers.1.feed_forward.pwff_layer.0.bias', 'encoder.layers.1.feed_forward.pwff_layer.0.weight', 'encoder.layers.1.feed_forward.pwff_layer.3.bias', 'encoder.layers.1.feed_forward.pwff_layer.3.weight', 'encoder.layers.1.layer_norm.bias', 'encoder.layers.1.layer_norm.weight', 'encoder.layers.1.src_src_att.k_layer.bias', 'encoder.layers.1.src_src_att.k_layer.weight', 'encoder.layers.1.src_src_att.output_layer.bias', 'encoder.layers.1.src_src_att.output_layer.weight', 'encoder.layers.1.src_src_att.q_layer.bias', 'encoder.layers.1.src_src_att.q_layer.weight', 'encoder.layers.1.src_src_att.v_layer.bias', 'encoder.layers.1.src_src_att.v_layer.weight', 'encoder.layers.2.feed_forward.layer_norm.bias', 'encoder.layers.2.feed_forward.layer_norm.weight', 'encoder.layers.2.feed_forward.pwff_layer.0.bias', 'encoder.layers.2.feed_forward.pwff_layer.0.weight', 'encoder.layers.2.feed_forward.pwff_layer.3.bias', 'encoder.layers.2.feed_forward.pwff_layer.3.weight', 'encoder.layers.2.layer_norm.bias', 'encoder.layers.2.layer_norm.weight', 'encoder.layers.2.src_src_att.k_layer.bias', 'encoder.layers.2.src_src_att.k_layer.weight', 'encoder.layers.2.src_src_att.output_layer.bias', 'encoder.layers.2.src_src_att.output_layer.weight', 'encoder.layers.2.src_src_att.q_layer.bias', 'encoder.layers.2.src_src_att.q_layer.weight', 'encoder.layers.2.src_src_att.v_layer.bias', 'encoder.layers.2.src_src_att.v_layer.weight', 'encoder.layers.3.feed_forward.layer_norm.bias', 'encoder.layers.3.feed_forward.layer_norm.weight', 'encoder.layers.3.feed_forward.pwff_layer.0.bias', 'encoder.layers.3.feed_forward.pwff_layer.0.weight', 'encoder.layers.3.feed_forward.pwff_layer.3.bias', 'encoder.layers.3.feed_forward.pwff_layer.3.weight', 'encoder.layers.3.layer_norm.bias', 'encoder.layers.3.layer_norm.weight', 'encoder.layers.3.src_src_att.k_layer.bias', 'encoder.layers.3.src_src_att.k_layer.weight', 'encoder.layers.3.src_src_att.output_layer.bias', 'encoder.layers.3.src_src_att.output_layer.weight', 'encoder.layers.3.src_src_att.q_layer.bias', 'encoder.layers.3.src_src_att.q_layer.weight', 'encoder.layers.3.src_src_att.v_layer.bias', 'encoder.layers.3.src_src_att.v_layer.weight', 'encoder.layers.4.feed_forward.layer_norm.bias', 'encoder.layers.4.feed_forward.layer_norm.weight', 'encoder.layers.4.feed_forward.pwff_layer.0.bias', 'encoder.layers.4.feed_forward.pwff_layer.0.weight', 'encoder.layers.4.feed_forward.pwff_layer.3.bias', 'encoder.layers.4.feed_forward.pwff_layer.3.weight', 'encoder.layers.4.layer_norm.bias', 'encoder.layers.4.layer_norm.weight', 'encoder.layers.4.src_src_att.k_layer.bias', 'encoder.layers.4.src_src_att.k_layer.weight', 'encoder.layers.4.src_src_att.output_layer.bias', 'encoder.layers.4.src_src_att.output_layer.weight', 'encoder.layers.4.src_src_att.q_layer.bias', 'encoder.layers.4.src_src_att.q_layer.weight', 'encoder.layers.4.src_src_att.v_layer.bias', 'encoder.layers.4.src_src_att.v_layer.weight', 'encoder.layers.5.feed_forward.layer_norm.bias', 'encoder.layers.5.feed_forward.layer_norm.weight', 'encoder.layers.5.feed_forward.pwff_layer.0.bias', 'encoder.layers.5.feed_forward.pwff_layer.0.weight', 'encoder.layers.5.feed_forward.pwff_layer.3.bias', 'encoder.layers.5.feed_forward.pwff_layer.3.weight', 'encoder.layers.5.layer_norm.bias', 'encoder.layers.5.layer_norm.weight', 'encoder.layers.5.src_src_att.k_layer.bias', 'encoder.layers.5.src_src_att.k_layer.weight', 'encoder.layers.5.src_src_att.output_layer.bias', 'encoder.layers.5.src_src_att.output_layer.weight', 'encoder.layers.5.src_src_att.q_layer.bias', 'encoder.layers.5.src_src_att.q_layer.weight', 'encoder.layers.5.src_src_att.v_layer.bias', 'encoder.layers.5.src_src_att.v_layer.weight', 'src_embed.lut.weight', 'trg_embed.lut.weight']
2020-05-27 14:15:23,115 cfg.name                           : transformer
2020-05-27 14:15:23,115 cfg.data.src                       : en
2020-05-27 14:15:23,115 cfg.data.trg                       : de
2020-05-27 14:15:23,115 cfg.data.train                     : chatnmt/prep/train.tags.bpe.10000
2020-05-27 14:15:23,115 cfg.data.dev                       : chatnmt/prep/dev.tags.bpe.10000
2020-05-27 14:15:23,116 cfg.data.test                      : chatnmt/prep/test.tags.bpe.10000
2020-05-27 14:15:23,116 cfg.data.level                     : bpe
2020-05-27 14:15:23,116 cfg.data.lowercase                 : True
2020-05-27 14:15:23,116 cfg.data.max_sent_length           : 100
2020-05-27 14:15:23,116 cfg.testing.beam_size              : 5
2020-05-27 14:15:23,116 cfg.testing.alpha                  : 1.0
2020-05-27 14:15:23,116 cfg.training.random_seed           : 42
2020-05-27 14:15:23,116 cfg.training.optimizer             : adam
2020-05-27 14:15:23,116 cfg.training.normalization         : tokens
2020-05-27 14:15:23,116 cfg.training.adam_betas            : [0.9, 0.999]
2020-05-27 14:15:23,116 cfg.training.scheduling            : plateau
2020-05-27 14:15:23,116 cfg.training.patience              : 8
2020-05-27 14:15:23,116 cfg.training.decrease_factor       : 0.7
2020-05-27 14:15:23,116 cfg.training.loss                  : crossentropy
2020-05-27 14:15:23,117 cfg.training.learning_rate         : 0.0002
2020-05-27 14:15:23,117 cfg.training.learning_rate_min     : 1e-08
2020-05-27 14:15:23,117 cfg.training.weight_decay          : 0.0
2020-05-27 14:15:23,117 cfg.training.label_smoothing       : 0.1
2020-05-27 14:15:23,117 cfg.training.batch_size            : 4096
2020-05-27 14:15:23,117 cfg.training.batch_type            : token
2020-05-27 14:15:23,117 cfg.training.eval_batch_size       : 3600
2020-05-27 14:15:23,117 cfg.training.eval_batch_type       : token
2020-05-27 14:15:23,117 cfg.training.batch_multiplier      : 1
2020-05-27 14:15:23,117 cfg.training.early_stopping_metric : ppl
2020-05-27 14:15:23,117 cfg.training.epochs                : 100
2020-05-27 14:15:23,117 cfg.training.validation_freq       : 1000
2020-05-27 14:15:23,117 cfg.training.logging_freq          : 100
2020-05-27 14:15:23,117 cfg.training.eval_metric           : bleu
2020-05-27 14:15:23,117 cfg.training.model_dir             : models/transformer_ende
2020-05-27 14:15:23,117 cfg.training.overwrite             : True
2020-05-27 14:15:23,117 cfg.training.shuffle               : True
2020-05-27 14:15:23,117 cfg.training.use_cuda              : True
2020-05-27 14:15:23,118 cfg.training.max_output_length     : 100
2020-05-27 14:15:23,118 cfg.training.print_valid_sents     : [0, 1, 2, 3]
2020-05-27 14:15:23,118 cfg.training.keep_last_ckpts       : 3
2020-05-27 14:15:23,118 cfg.model.initializer              : xavier
2020-05-27 14:15:23,118 cfg.model.bias_initializer         : zeros
2020-05-27 14:15:23,118 cfg.model.init_gain                : 1.0
2020-05-27 14:15:23,118 cfg.model.embed_initializer        : xavier
2020-05-27 14:15:23,118 cfg.model.embed_init_gain          : 1.0
2020-05-27 14:15:23,118 cfg.model.tied_embeddings          : False
2020-05-27 14:15:23,118 cfg.model.tied_softmax             : True
2020-05-27 14:15:23,118 cfg.model.encoder.type             : transformer
2020-05-27 14:15:23,118 cfg.model.encoder.num_layers       : 6
2020-05-27 14:15:23,118 cfg.model.encoder.num_heads        : 8
2020-05-27 14:15:23,118 cfg.model.encoder.embeddings.embedding_dim : 512
2020-05-27 14:15:23,118 cfg.model.encoder.embeddings.scale : True
2020-05-27 14:15:23,118 cfg.model.encoder.embeddings.dropout : 0.0
2020-05-27 14:15:23,118 cfg.model.encoder.hidden_size      : 512
2020-05-27 14:15:23,119 cfg.model.encoder.ff_size          : 2048
2020-05-27 14:15:23,119 cfg.model.encoder.freeze           : False
2020-05-27 14:15:23,119 cfg.model.encoder.dropout          : 0.1
2020-05-27 14:15:23,119 cfg.model.decoder.type             : transformer
2020-05-27 14:15:23,119 cfg.model.decoder.num_layers       : 6
2020-05-27 14:15:23,119 cfg.model.decoder.num_heads        : 8
2020-05-27 14:15:23,119 cfg.model.decoder.embeddings.embedding_dim : 512
2020-05-27 14:15:23,119 cfg.model.decoder.embeddings.scale : True
2020-05-27 14:15:23,119 cfg.model.decoder.embeddings.dropout : 0.0
2020-05-27 14:15:23,119 cfg.model.decoder.hidden_size      : 512
2020-05-27 14:15:23,119 cfg.model.decoder.ff_size          : 2048
2020-05-27 14:15:23,119 cfg.model.decoder.freeze           : False
2020-05-27 14:15:23,119 cfg.model.decoder.dropout          : 0.1
2020-05-27 14:15:23,119 Data set sizes: 
	train 9467,
	valid 1476,
	test 1163
2020-05-27 14:15:23,119 First training example:
	[SRC] hi there ! how can i help ?
	[TRG] hallo ! wie kann ich helfen ?
2020-05-27 14:15:23,119 First 10 words (src): (0) <unk> (1) <pad> (2) <s> (3) </s> (4) . (5) , (6) ? (7) you (8) i (9) the
2020-05-27 14:15:23,120 First 10 words (trg): (0) <unk> (1) <pad> (2) <s> (3) </s> (4) . (5) , (6) ? (7) sie (8) ich (9) das
2020-05-27 14:15:23,120 Number of Src words (types): 4536
2020-05-27 14:15:23,120 Number of Trg words (types): 5833
2020-05-27 14:15:23,120 Model(
	encoder=TransformerEncoder(num_layers=6, num_heads=8),
	decoder=TransformerDecoder(num_layers=6, num_heads=8),
	src_embed=Embeddings(embedding_dim=512, vocab_size=4536),
	trg_embed=Embeddings(embedding_dim=512, vocab_size=5833))
2020-05-27 14:15:23,134 EPOCH 1
2020-05-27 14:15:31,536 Epoch   1: total training loss 279.66
2020-05-27 14:15:31,537 EPOCH 2
2020-05-27 14:15:39,008 Epoch   2 Step:      100 Batch Loss:     5.673461 Tokens per Sec:    16440, Lr: 0.000200
2020-05-27 14:15:39,323 Epoch   2: total training loss 244.77
2020-05-27 14:15:39,324 EPOCH 3
2020-05-27 14:15:47,143 Epoch   3: total training loss 225.34
2020-05-27 14:15:47,144 EPOCH 4
2020-05-27 14:15:54,598 Epoch   4 Step:      200 Batch Loss:     5.291471 Tokens per Sec:    16190, Lr: 0.000200
2020-05-27 14:15:55,099 Epoch   4: total training loss 213.72
2020-05-27 14:15:55,099 EPOCH 5
2020-05-27 14:16:03,103 Epoch   5: total training loss 197.94
2020-05-27 14:16:03,103 EPOCH 6
2020-05-27 14:16:09,743 Epoch   6 Step:      300 Batch Loss:     3.474453 Tokens per Sec:    17658, Lr: 0.000200
2020-05-27 14:16:10,412 Epoch   6: total training loss 181.10
2020-05-27 14:16:10,413 EPOCH 7
2020-05-27 14:16:17,675 Epoch   7: total training loss 159.09
2020-05-27 14:16:17,676 EPOCH 8
2020-05-27 14:16:24,255 Epoch   8 Step:      400 Batch Loss:     3.437508 Tokens per Sec:    17765, Lr: 0.000200
2020-05-27 14:16:24,967 Epoch   8: total training loss 143.93
2020-05-27 14:16:24,967 EPOCH 9
2020-05-27 14:16:32,233 Epoch   9: total training loss 129.25
2020-05-27 14:16:32,234 EPOCH 10
2020-05-27 14:16:38,947 Epoch  10 Step:      500 Batch Loss:     3.356057 Tokens per Sec:    17024, Lr: 0.000200
2020-05-27 14:16:39,946 Epoch  10: total training loss 122.47
2020-05-27 14:16:39,946 EPOCH 11
2020-05-27 14:16:48,034 Epoch  11: total training loss 111.50
2020-05-27 14:16:48,035 EPOCH 12
2020-05-27 14:16:55,128 Epoch  12 Step:      600 Batch Loss:     2.103659 Tokens per Sec:    15852, Lr: 0.000200
2020-05-27 14:16:56,157 Epoch  12: total training loss 101.93
2020-05-27 14:16:56,158 EPOCH 13
2020-05-27 14:17:04,253 Epoch  13: total training loss 96.48
2020-05-27 14:17:04,254 EPOCH 14
2020-05-27 14:17:10,861 Epoch  14 Step:      700 Batch Loss:     2.907431 Tokens per Sec:    16384, Lr: 0.000200
2020-05-27 14:17:12,151 Epoch  14: total training loss 84.44
2020-05-27 14:17:12,151 EPOCH 15
2020-05-27 14:17:20,190 Epoch  15: total training loss 82.13
2020-05-27 14:17:20,191 EPOCH 16
2020-05-27 14:17:26,640 Epoch  16 Step:      800 Batch Loss:     0.421671 Tokens per Sec:    15996, Lr: 0.000200
2020-05-27 14:17:28,267 Epoch  16: total training loss 76.98
2020-05-27 14:17:28,268 EPOCH 17
2020-05-27 14:17:36,315 Epoch  17: total training loss 68.75
2020-05-27 14:17:36,315 EPOCH 18
2020-05-27 14:17:42,534 Epoch  18 Step:      900 Batch Loss:     0.792848 Tokens per Sec:    15885, Lr: 0.000200
2020-05-27 14:17:44,397 Epoch  18: total training loss 65.48
2020-05-27 14:17:44,397 EPOCH 19
2020-05-27 14:17:52,422 Epoch  19: total training loss 61.33
2020-05-27 14:17:52,424 EPOCH 20
2020-05-27 14:17:58,314 Epoch  20 Step:     1000 Batch Loss:     1.716918 Tokens per Sec:    16035, Lr: 0.000200
2020-05-27 14:19:01,098 Hooray! New best validation result [ppl]!
2020-05-27 14:19:01,099 Saving new checkpoint.
2020-05-27 14:19:08,542 Example #0
2020-05-27 14:19:08,542 	Raw source:     ['hello', '.']
2020-05-27 14:19:08,542 	Raw hypothesis: ['hallo', 'hallo', 'hallo', 'hallo', 'hallo', 'hallo', 'hallo', 'hallo', 'hallo', 'hallo', 'hallo', 'hallo', 'hallo', 'hallo', 'hallo', 'hallo', 'hallo', 'hallo', 'hallo', 'hallo', 'hallo', 'hallo', 'hallo', 'hallo', 'hallo', 'hallo', 'hallo', 'hallo', 'hallo', 'hallo', 'hallo', 'hallo', 'hallo', 'hallo', 'hallo', 'hallo', 'hallo', 'hallo', 'hallo', 'hallo', 'hallo', 'hallo', 'hallo', 'hallo', 'hallo', 'hallo', 'hallo', 'hallo', 'hallo', 'hallo', 'hallo', 'hallo', 'hallo', 'hallo', 'hallo', 'hallo', 'hallo', 'hallo', 'hallo', 'hallo', 'hallo', 'hallo', 'hallo', 'hallo', 'hallo', 'hallo', 'hallo', 'hallo', 'hallo', 'hallo', 'hallo', 'hallo', 'hallo', 'hallo', 'hallo', 'hallo', 'hallo', 'hallo', 'hallo', 'hallo', 'hallo', 'hallo', 'hallo', 'hallo', 'hallo', 'hallo', 'hallo', 'hallo', 'hallo', 'hallo', 'hallo', 'hallo', 'hallo', 'hallo', 'hallo', 'hallo', 'hallo', 'hallo', 'hallo', 'hallo']
2020-05-27 14:19:08,543 	Source:     hello .
2020-05-27 14:19:08,543 	Reference:  hallo ,
2020-05-27 14:19:08,543 	Hypothesis: hallo hallo hallo hallo hallo hallo hallo hallo hallo hallo hallo hallo hallo hallo hallo hallo hallo hallo hallo hallo hallo hallo hallo hallo hallo hallo hallo hallo hallo hallo hallo hallo hallo hallo hallo hallo hallo hallo hallo hallo hallo hallo hallo hallo hallo hallo hallo hallo hallo hallo hallo hallo hallo hallo hallo hallo hallo hallo hallo hallo hallo hallo hallo hallo hallo hallo hallo hallo hallo hallo hallo hallo hallo hallo hallo hallo hallo hallo hallo hallo hallo hallo hallo hallo hallo hallo hallo hallo hallo hallo hallo hallo hallo hallo hallo hallo hallo hallo hallo hallo
2020-05-27 14:19:08,543 Example #1
2020-05-27 14:19:08,543 	Raw source:     ['hi', ',', 'how', 'can', 'i', 'help', 'you', '?']
2020-05-27 14:19:08,543 	Raw hypothesis: ['hallo', 'hallo', 'hallo', 'hallo', 'hallo', 'hallo', 'hallo', 'hallo', 'hallo', 'hallo', 'hallo', 'hallo', 'hallo', 'hallo', 'hallo', 'hallo', 'hallo', 'hallo', 'hallo', 'hallo', 'hallo', 'hallo', 'hallo', 'hallo', 'hallo', 'hallo', 'hallo', 'hallo', 'hallo', 'hallo', 'hallo', 'hallo', 'hallo', 'hallo', 'hallo', 'hallo', 'hallo', 'hallo', 'hallo', 'hallo', 'hallo', 'hallo', 'hallo', 'hallo', 'hallo', 'hallo', 'hallo', 'hallo', 'hallo', 'hallo', 'hallo', 'hallo', 'hallo', 'hallo', 'hallo', 'hallo', 'hallo', 'hallo', 'hallo', 'hallo', 'hallo', 'hallo', 'hallo', 'hallo', 'hallo', 'hallo', 'hallo', 'hallo', 'hallo', 'hallo', 'hallo', 'hallo', 'hallo', 'hallo', 'hallo', 'hallo', 'hallo', 'hallo', 'hallo', 'hallo', 'hallo', 'hallo', 'hallo', 'hallo', 'hallo', 'hallo', 'hallo', 'hallo', 'hallo', 'hallo', 'hallo', 'hallo', 'hallo', 'hallo', 'hallo', 'hallo', 'hallo', 'hallo', 'hallo', 'hallo']
2020-05-27 14:19:08,543 	Source:     hi , how can i help you ?
2020-05-27 14:19:08,543 	Reference:  hallo , wie kann ich ihnen helfen ?
2020-05-27 14:19:08,543 	Hypothesis: hallo hallo hallo hallo hallo hallo hallo hallo hallo hallo hallo hallo hallo hallo hallo hallo hallo hallo hallo hallo hallo hallo hallo hallo hallo hallo hallo hallo hallo hallo hallo hallo hallo hallo hallo hallo hallo hallo hallo hallo hallo hallo hallo hallo hallo hallo hallo hallo hallo hallo hallo hallo hallo hallo hallo hallo hallo hallo hallo hallo hallo hallo hallo hallo hallo hallo hallo hallo hallo hallo hallo hallo hallo hallo hallo hallo hallo hallo hallo hallo hallo hallo hallo hallo hallo hallo hallo hallo hallo hallo hallo hallo hallo hallo hallo hallo hallo hallo hallo hallo
2020-05-27 14:19:08,543 Example #2
2020-05-27 14:19:08,543 	Raw source:     ['hi', ',', 'i', '&apos;m', 'looking', 'for', 'a', 'restaurant', 'inside', 'the', 'arden', 'fair', 'mall', 'in', 'san', 'francisco', ',', 'california', '.']
2020-05-27 14:19:08,543 	Raw hypothesis: ['hallo', 'hallo', 'hallo', 'hallo', 'hallo', 'hallo', 'hallo', 'hallo', 'hallo', 'hallo', 'san', 'san', 'san', 'san', 'san', 'san', 'san', 'san', 'san', 'hallo', 'hallo', 'hallo', 'hallo', 'hallo', 'hallo', 'hallo', 'hallo', 'hallo', 'hallo', 'hallo', 'hallo', 'hallo', 'hallo', 'hallo', 'hallo', 'hallo', 'hallo', 'hallo', 'hallo', 'hallo', 'hallo', 'hallo', 'hallo', 'hallo', 'hallo', 'hallo', 'hallo', 'hallo', 'hallo', 'hallo', 'hallo', 'hallo', 'hallo', 'hallo', 'hallo', 'hallo', 'hallo', 'hallo', 'hallo', 'hallo', 'hallo', 'hallo', 'hallo', 'hallo', 'hallo', 'hallo', 'hallo', 'hallo', 'hallo', 'hallo', 'hallo', 'hallo', 'hallo', 'hallo', 'hallo', 'hallo', 'hallo', 'hallo', 'hallo', 'hallo', 'hallo', 'hallo', 'hallo', 'hallo', 'hallo', 'hallo', 'hallo', 'hallo', 'hallo', 'hallo', 'hallo', 'hallo', 'hallo', 'hallo', 'hallo', 'hallo', 'hallo', 'hallo', 'hallo', 'hallo']
2020-05-27 14:19:08,543 	Source:     hi , i &apos;m looking for a restaurant inside the arden fair mall in san francisco , california .
2020-05-27 14:19:08,543 	Reference:  hallo , ich bin auf der suche nach einem restaurant im arden fair einkaufszentrum in san francisco , kalifornien .
2020-05-27 14:19:08,543 	Hypothesis: hallo hallo hallo hallo hallo hallo hallo hallo hallo hallo san san san san san san san san san hallo hallo hallo hallo hallo hallo hallo hallo hallo hallo hallo hallo hallo hallo hallo hallo hallo hallo hallo hallo hallo hallo hallo hallo hallo hallo hallo hallo hallo hallo hallo hallo hallo hallo hallo hallo hallo hallo hallo hallo hallo hallo hallo hallo hallo hallo hallo hallo hallo hallo hallo hallo hallo hallo hallo hallo hallo hallo hallo hallo hallo hallo hallo hallo hallo hallo hallo hallo hallo hallo hallo hallo hallo hallo hallo hallo hallo hallo hallo hallo hallo
2020-05-27 14:19:08,544 Example #3
2020-05-27 14:19:08,544 	Raw source:     ['ok', ',', 'what', 'type', 'of', 'restaurant', 'are', 'you', 'looking', 'for', '?']
2020-05-27 14:19:08,544 	Raw hypothesis: ['ok', 'ok', 'ok', 'ok', 'ok', 'ok', 'ok', 'ok', 'ok', 'ok', 'ok', 'ok', 'ok', 'ok', 'ok', 'ok', 'ok', 'ok', 'ok', 'ok', 'ok', 'ok', 'ok', 'ok', 'ok', 'ok', 'ok', 'ok', 'ok', 'ok', 'ok', 'ok', 'ok', 'ok', 'ok', 'ok', 'ok', 'ok', 'ok', 'ok', 'ok', 'ok', 'ok', 'ok', 'ok', 'ok', 'ok', 'ok', 'ok', 'ok', 'ok', 'ok', 'ok', 'ok', 'ok', 'ok', 'ok', 'ok', 'ok', 'ok', 'ok', 'ok', 'ok', 'ok', 'ok', 'ok', 'ok', 'ok', 'ok', 'ok', 'ok', 'ok', 'ok', 'ok', 'ok', 'ok', 'ok', 'ok', 'ok', 'ok', 'ok', 'ok', 'ok', 'ok', 'ok', 'ok', 'ok', 'ok', 'ok', 'ok', 'ok', 'ok', 'ok', 'ok', 'ok', 'ok', 'ok', 'ok', 'ok', 'ok']
2020-05-27 14:19:08,544 	Source:     ok , what type of restaurant are you looking for ?
2020-05-27 14:19:08,544 	Reference:  ok . welche art von restaurant suchen sie denn genau ?
2020-05-27 14:19:08,544 	Hypothesis: ok ok ok ok ok ok ok ok ok ok ok ok ok ok ok ok ok ok ok ok ok ok ok ok ok ok ok ok ok ok ok ok ok ok ok ok ok ok ok ok ok ok ok ok ok ok ok ok ok ok ok ok ok ok ok ok ok ok ok ok ok ok ok ok ok ok ok ok ok ok ok ok ok ok ok ok ok ok ok ok ok ok ok ok ok ok ok ok ok ok ok ok ok ok ok ok ok ok ok ok
2020-05-27 14:19:08,544 Validation result (greedy) at epoch  20, step     1000: bleu:   0.18, loss: 46216.2344, ppl:   9.2271, duration: 70.2289s
2020-05-27 14:19:10,760 Epoch  20: total training loss 56.04
2020-05-27 14:19:10,760 EPOCH 21
2020-05-27 14:19:18,279 Epoch  21: total training loss 53.32
2020-05-27 14:19:18,279 EPOCH 22
2020-05-27 14:19:23,390 Epoch  22 Step:     1100 Batch Loss:     0.589237 Tokens per Sec:    17538, Lr: 0.000200
2020-05-27 14:19:25,768 Epoch  22: total training loss 47.68
2020-05-27 14:19:25,768 EPOCH 23
2020-05-27 14:19:33,264 Epoch  23: total training loss 46.07
2020-05-27 14:19:33,265 EPOCH 24
2020-05-27 14:19:38,032 Epoch  24 Step:     1200 Batch Loss:     0.725848 Tokens per Sec:    17289, Lr: 0.000200
2020-05-27 14:19:40,808 Epoch  24: total training loss 42.82
2020-05-27 14:19:40,808 EPOCH 25
2020-05-27 14:19:48,357 Epoch  25: total training loss 38.08
2020-05-27 14:19:48,357 EPOCH 26
2020-05-27 14:19:52,821 Epoch  26 Step:     1300 Batch Loss:     0.343920 Tokens per Sec:    16993, Lr: 0.000200
2020-05-27 14:19:55,906 Epoch  26: total training loss 35.45
2020-05-27 14:19:55,906 EPOCH 27
2020-05-27 14:20:03,415 Epoch  27: total training loss 30.99
2020-05-27 14:20:03,415 EPOCH 28
2020-05-27 14:20:07,735 Epoch  28 Step:     1400 Batch Loss:     0.654508 Tokens per Sec:    17200, Lr: 0.000200
2020-05-27 14:20:11,045 Epoch  28: total training loss 32.18
2020-05-27 14:20:11,045 EPOCH 29
2020-05-27 14:20:18,592 Epoch  29: total training loss 28.86
2020-05-27 14:20:18,593 EPOCH 30
2020-05-27 14:20:22,420 Epoch  30 Step:     1500 Batch Loss:     0.501425 Tokens per Sec:    17086, Lr: 0.000200
2020-05-27 14:20:26,124 Epoch  30: total training loss 26.01
2020-05-27 14:20:26,124 EPOCH 31
2020-05-27 14:20:33,649 Epoch  31: total training loss 22.83
2020-05-27 14:20:33,650 EPOCH 32
2020-05-27 14:20:37,294 Epoch  32 Step:     1600 Batch Loss:     0.511958 Tokens per Sec:    17160, Lr: 0.000200
2020-05-27 14:20:41,200 Epoch  32: total training loss 21.88
2020-05-27 14:20:41,200 EPOCH 33
2020-05-27 14:20:48,783 Epoch  33: total training loss 19.14
2020-05-27 14:20:48,784 EPOCH 34
2020-05-27 14:20:52,015 Epoch  34 Step:     1700 Batch Loss:     0.277777 Tokens per Sec:    16980, Lr: 0.000200
2020-05-27 14:20:56,332 Epoch  34: total training loss 18.14
2020-05-27 14:20:56,333 EPOCH 35
2020-05-27 14:21:03,896 Epoch  35: total training loss 16.22
2020-05-27 14:21:03,896 EPOCH 36
2020-05-27 14:21:07,106 Epoch  36 Step:     1800 Batch Loss:     0.210255 Tokens per Sec:    17073, Lr: 0.000200
2020-05-27 14:21:11,514 Epoch  36: total training loss 15.00
2020-05-27 14:21:11,515 EPOCH 37
2020-05-27 14:21:19,113 Epoch  37: total training loss 14.60
2020-05-27 14:21:19,114 EPOCH 38
2020-05-27 14:21:21,987 Epoch  38 Step:     1900 Batch Loss:     0.269346 Tokens per Sec:    17121, Lr: 0.000200
2020-05-27 14:21:26,685 Epoch  38: total training loss 14.53
2020-05-27 14:21:26,685 EPOCH 39
2020-05-27 14:21:34,343 Epoch  39: total training loss 13.46
2020-05-27 14:21:34,343 EPOCH 40
2020-05-27 14:21:36,915 Epoch  40 Step:     2000 Batch Loss:     0.222118 Tokens per Sec:    16960, Lr: 0.000200
2020-05-27 14:22:41,949 Example #0
2020-05-27 14:22:41,949 	Raw source:     ['hello', '.']
2020-05-27 14:22:41,949 	Raw hypothesis: ['hallo', 'hallo', 'hallo', 'hallo', 'hallo', 'hallo', 'hallo', 'hallo', 'hallo', 'hallo', 'hallo', 'hallo', 'hallo', 'hallo', 'hallo', 'hallo', 'hallo', 'hallo', 'hallo', 'hallo', 'hallo', 'hallo', 'hallo', 'hallo', 'hallo', 'hallo', 'hallo', 'hallo', 'hallo', 'hallo', 'hallo', 'hallo', 'hallo', 'hallo', 'hallo', 'hallo', 'hallo', 'hallo', 'hallo', 'hallo', 'hallo', 'hallo', 'hallo', 'hallo', 'hallo', 'hallo', 'hallo', 'hallo', 'hallo', 'hallo', 'hallo', 'hallo', 'hallo', 'hallo', 'hallo', 'hallo', 'hallo', 'hallo', 'hallo', 'hallo', 'hallo', 'hallo', 'hallo', 'hallo', 'hallo', 'hallo', 'hallo', 'hallo', 'hallo', 'hallo', 'hallo', 'hallo', 'hallo', 'hallo', 'hallo', 'hallo', 'hallo', 'hallo', 'hallo', 'hallo', 'hallo', 'hallo', 'hallo', 'hallo', 'hallo', 'hallo', 'hallo', 'hallo', 'hallo', 'hallo', 'hallo', 'hallo', 'hallo', 'hallo', 'hallo', 'hallo', 'hallo', 'hallo', 'hallo', 'hallo']
2020-05-27 14:22:41,949 	Source:     hello .
2020-05-27 14:22:41,949 	Reference:  hallo ,
2020-05-27 14:22:41,949 	Hypothesis: hallo hallo hallo hallo hallo hallo hallo hallo hallo hallo hallo hallo hallo hallo hallo hallo hallo hallo hallo hallo hallo hallo hallo hallo hallo hallo hallo hallo hallo hallo hallo hallo hallo hallo hallo hallo hallo hallo hallo hallo hallo hallo hallo hallo hallo hallo hallo hallo hallo hallo hallo hallo hallo hallo hallo hallo hallo hallo hallo hallo hallo hallo hallo hallo hallo hallo hallo hallo hallo hallo hallo hallo hallo hallo hallo hallo hallo hallo hallo hallo hallo hallo hallo hallo hallo hallo hallo hallo hallo hallo hallo hallo hallo hallo hallo hallo hallo hallo hallo hallo
2020-05-27 14:22:41,949 Example #1
2020-05-27 14:22:41,949 	Raw source:     ['hi', ',', 'how', 'can', 'i', 'help', 'you', '?']
2020-05-27 14:22:41,949 	Raw hypothesis: ['hallo', 'hallo', 'hallo', 'hallo', 'hallo', 'hallo', '?', '?', '?', 'hallo', 'hallo', 'hallo', 'hallo', 'hallo', 'hallo', 'hallo', 'hallo', 'hallo', 'hallo', 'hallo', 'hallo', 'hallo', 'hallo', 'hallo', 'hallo', 'hallo', 'hallo', 'hallo', 'hallo', 'hallo', 'hallo', 'hallo', 'hallo', 'hallo', 'hallo', 'hallo', 'hallo', 'hallo', 'hallo', 'hallo', 'hallo', 'hallo', 'hallo', 'hallo', 'hallo', 'hallo', 'hallo', 'hallo', 'hallo', 'hallo', 'hallo', 'hallo', 'hallo', 'hallo', 'hallo', 'hallo', 'hallo', 'hallo', 'hallo', 'hallo', 'hallo', 'hallo', 'hallo', 'hallo', 'hallo', 'hallo', 'hallo', 'hallo', 'hallo', 'hallo', 'hallo', 'hallo', 'hallo', 'hallo', 'hallo', 'hallo', 'hallo', 'hallo', 'hallo', 'hallo', 'hallo', 'hallo', 'hallo', 'hallo', 'hallo', 'hallo', 'hallo', 'hallo', 'hallo', 'hallo', 'hallo', 'hallo', 'hallo', 'hallo', 'hallo', 'hallo', 'hallo', 'hallo', 'hallo', 'hallo']
2020-05-27 14:22:41,949 	Source:     hi , how can i help you ?
2020-05-27 14:22:41,949 	Reference:  hallo , wie kann ich ihnen helfen ?
2020-05-27 14:22:41,949 	Hypothesis: hallo hallo hallo hallo hallo hallo ? ? ? hallo hallo hallo hallo hallo hallo hallo hallo hallo hallo hallo hallo hallo hallo hallo hallo hallo hallo hallo hallo hallo hallo hallo hallo hallo hallo hallo hallo hallo hallo hallo hallo hallo hallo hallo hallo hallo hallo hallo hallo hallo hallo hallo hallo hallo hallo hallo hallo hallo hallo hallo hallo hallo hallo hallo hallo hallo hallo hallo hallo hallo hallo hallo hallo hallo hallo hallo hallo hallo hallo hallo hallo hallo hallo hallo hallo hallo hallo hallo hallo hallo hallo hallo hallo hallo hallo hallo hallo hallo hallo hallo
2020-05-27 14:22:41,949 Example #2
2020-05-27 14:22:41,949 	Raw source:     ['hi', ',', 'i', '&apos;m', 'looking', 'for', 'a', 'restaurant', 'inside', 'the', 'arden', 'fair', 'mall', 'in', 'san', 'francisco', ',', 'california', '.']
2020-05-27 14:22:41,950 	Raw hypothesis: ['hallo', 'hallo', 'hallo', 'hallo', 'hallo', 'hallo', 'hallo', 'hallo', 'hallo', 'hallo', 'hallo', 'hallo', 'hallo', 'hallo', '.', '.', '.', '.', '.', '.', '.', '.', '.', '.', '.', '.', '.', '.', '.', '.', '.', '.', '.', '.', '.', '.', '.', '.', '.', 'hallo', '.', '.', '.', '.', '.', '.', '.', '.', '.', '.', 'hallo', 'hallo', 'hallo', 'hallo', '.', '.', '.', '.', '.', '.', '.', '.', '.', '.', '.', '.', '.', '.', '.', 'hallo', 'hallo', 'hallo', 'hallo', 'hallo', 'hallo', 'hallo', 'hallo', 'hallo', 'hallo', 'hallo', 'hallo', 'hallo', 'hallo', 'hallo', 'hallo', 'hallo', 'hallo', 'hallo', 'hallo', '.', '.', '.', 'hallo', 'hallo', 'hallo', '.', '.', '.', '.', '.']
2020-05-27 14:22:41,950 	Source:     hi , i &apos;m looking for a restaurant inside the arden fair mall in san francisco , california .
2020-05-27 14:22:41,950 	Reference:  hallo , ich bin auf der suche nach einem restaurant im arden fair einkaufszentrum in san francisco , kalifornien .
2020-05-27 14:22:41,950 	Hypothesis: hallo hallo hallo hallo hallo hallo hallo hallo hallo hallo hallo hallo hallo hallo . . . . . . . . . . . . . . . . . . . . . . . . . hallo . . . . . . . . . . hallo hallo hallo hallo . . . . . . . . . . . . . . . hallo hallo hallo hallo hallo hallo hallo hallo hallo hallo hallo hallo hallo hallo hallo hallo hallo hallo hallo hallo . . . hallo hallo hallo . . . . .
2020-05-27 14:22:41,950 Example #3
2020-05-27 14:22:41,950 	Raw source:     ['ok', ',', 'what', 'type', 'of', 'restaurant', 'are', 'you', 'looking', 'for', '?']
2020-05-27 14:22:41,950 	Raw hypothesis: ['ok', 'ok', 'ok', 'ok', 'ok', 'ok', 'ok', 'ok', 'ok', 'ok', 'ok', 'ok', 'ok', 'ok', 'ok', 'ok', 'ok', 'ok', 'ok', 'ok', 'ok', 'ok', 'ok', 'ok', 'ok', 'ok', 'ok', 'ok', 'ok', 'ok', 'ok', 'ok', 'ok', 'ok', 'ok', 'ok', 'ok', 'ok', 'ok', 'ok', 'ok', 'ok', 'ok', 'ok', 'ok', 'ok', 'ok', 'ok', 'ok', 'ok', 'ok', 'ok', 'ok', 'ok', 'ok', 'ok', 'ok', 'ok', 'ok', 'ok', 'ok', 'ok', 'ok', 'ok', 'ok', 'ok', 'ok', 'ok', 'ok', 'ok', 'ok', 'ok', 'ok', 'ok', 'ok', 'ok', 'ok', 'ok', 'ok', 'ok', 'ok', 'ok', 'ok', 'ok', 'ok', 'ok', 'ok', 'ok', 'ok', 'ok', 'ok', 'ok', 'ok', 'ok', 'ok', 'ok', 'ok', 'ok', 'ok', 'ok']
2020-05-27 14:22:41,950 	Source:     ok , what type of restaurant are you looking for ?
2020-05-27 14:22:41,950 	Reference:  ok . welche art von restaurant suchen sie denn genau ?
2020-05-27 14:22:41,950 	Hypothesis: ok ok ok ok ok ok ok ok ok ok ok ok ok ok ok ok ok ok ok ok ok ok ok ok ok ok ok ok ok ok ok ok ok ok ok ok ok ok ok ok ok ok ok ok ok ok ok ok ok ok ok ok ok ok ok ok ok ok ok ok ok ok ok ok ok ok ok ok ok ok ok ok ok ok ok ok ok ok ok ok ok ok ok ok ok ok ok ok ok ok ok ok ok ok ok ok ok ok ok ok
2020-05-27 14:22:41,950 Validation result (greedy) at epoch  40, step     2000: bleu:   0.45, loss: 46548.7617, ppl:   9.3758, duration: 65.0348s
2020-05-27 14:22:47,092 Epoch  40: total training loss 12.66
2020-05-27 14:22:47,093 EPOCH 41
2020-05-27 14:22:54,811 Epoch  41: total training loss 12.18
2020-05-27 14:22:54,812 EPOCH 42
2020-05-27 14:22:57,000 Epoch  42 Step:     2100 Batch Loss:     0.231107 Tokens per Sec:    17431, Lr: 0.000200
2020-05-27 14:23:02,436 Epoch  42: total training loss 11.39
2020-05-27 14:23:02,436 EPOCH 43
2020-05-27 14:23:10,127 Epoch  43: total training loss 10.66
2020-05-27 14:23:10,127 EPOCH 44
2020-05-27 14:23:12,072 Epoch  44 Step:     2200 Batch Loss:     0.213738 Tokens per Sec:    16703, Lr: 0.000200
2020-05-27 14:23:17,833 Epoch  44: total training loss 10.13
2020-05-27 14:23:17,833 EPOCH 45
2020-05-27 14:23:25,503 Epoch  45: total training loss 10.47
2020-05-27 14:23:25,504 EPOCH 46
2020-05-27 14:23:27,231 Epoch  46 Step:     2300 Batch Loss:     0.206921 Tokens per Sec:    17208, Lr: 0.000200
2020-05-27 14:23:33,223 Epoch  46: total training loss 9.37
2020-05-27 14:23:33,223 EPOCH 47
2020-05-27 14:23:40,868 Epoch  47: total training loss 8.75
2020-05-27 14:23:40,868 EPOCH 48
2020-05-27 14:23:42,443 Epoch  48 Step:     2400 Batch Loss:     0.167607 Tokens per Sec:    15963, Lr: 0.000200
2020-05-27 14:23:48,570 Epoch  48: total training loss 8.67
2020-05-27 14:23:48,571 EPOCH 49
2020-05-27 14:23:56,253 Epoch  49: total training loss 8.23
2020-05-27 14:23:56,254 EPOCH 50
2020-05-27 14:23:57,486 Epoch  50 Step:     2500 Batch Loss:     0.140940 Tokens per Sec:    17367, Lr: 0.000200
2020-05-27 14:24:03,938 Epoch  50: total training loss 7.95
2020-05-27 14:24:03,938 EPOCH 51
2020-05-27 14:24:11,649 Epoch  51: total training loss 7.91
2020-05-27 14:24:11,649 EPOCH 52
2020-05-27 14:24:12,480 Epoch  52 Step:     2600 Batch Loss:     0.164744 Tokens per Sec:    16900, Lr: 0.000200
2020-05-27 14:24:19,273 Epoch  52: total training loss 7.71
2020-05-27 14:24:19,273 EPOCH 53
2020-05-27 14:24:26,982 Epoch  53: total training loss 7.63
2020-05-27 14:24:26,982 EPOCH 54
2020-05-27 14:24:27,613 Epoch  54 Step:     2700 Batch Loss:     0.151853 Tokens per Sec:    16991, Lr: 0.000200
2020-05-27 14:24:34,705 Epoch  54: total training loss 7.67
2020-05-27 14:24:34,706 EPOCH 55
2020-05-27 14:24:42,387 Epoch  55: total training loss 8.25
2020-05-27 14:24:42,388 EPOCH 56
2020-05-27 14:24:42,708 Epoch  56 Step:     2800 Batch Loss:     0.141731 Tokens per Sec:    15346, Lr: 0.000200
2020-05-27 14:24:50,132 Epoch  56: total training loss 7.75
2020-05-27 14:24:50,132 EPOCH 57
2020-05-27 14:24:57,781 Epoch  57: total training loss 7.01
2020-05-27 14:24:57,781 EPOCH 58
2020-05-27 14:24:57,945 Epoch  58 Step:     2900 Batch Loss:     0.116086 Tokens per Sec:    14692, Lr: 0.000200
2020-05-27 14:25:05,466 Epoch  58: total training loss 6.75
2020-05-27 14:25:05,466 EPOCH 59
2020-05-27 14:25:12,998 Epoch  59 Step:     3000 Batch Loss:     0.150778 Tokens per Sec:    16624, Lr: 0.000200
2020-05-27 14:26:18,425 Example #0
2020-05-27 14:26:18,426 	Raw source:     ['hello', '.']
2020-05-27 14:26:18,426 	Raw hypothesis: ['hallo', 'hallo', 'hallo', 'hallo', 'hallo', 'hallo', 'hallo', 'hallo', 'hallo', 'hallo', 'hallo', 'hallo', 'hallo', 'hallo', 'hallo', 'hallo', 'hallo', 'hallo', 'hallo', 'hallo', 'hallo', 'hallo', 'hallo', 'hallo', 'hallo', 'hallo', 'hallo', 'hallo', 'hallo', 'hallo', 'hallo', 'hallo', 'hallo', 'hallo', 'hallo', 'hallo', 'hallo', 'hallo', 'hallo', 'hallo', 'hallo', 'hallo', 'hallo', 'hallo', 'hallo', 'hallo', 'hallo', 'hallo', 'hallo', 'hallo', 'hallo', 'hallo', 'hallo', 'hallo', 'hallo', 'hallo', 'hallo', 'hallo', 'hallo', 'hallo', 'hallo', 'hallo', 'hallo', 'hallo', 'hallo', 'hallo', 'hallo', 'hallo', 'hallo', 'hallo', 'hallo', 'hallo', 'hallo', 'hallo', 'hallo', 'hallo', 'hallo', 'hallo', 'hallo', 'hallo', 'hallo', 'hallo', 'hallo', 'hallo', 'hallo', 'hallo', 'hallo', 'hallo', 'hallo', 'hallo', 'hallo', 'hallo', 'hallo', 'hallo', 'hallo', 'hallo', 'hallo', 'hallo', 'hallo', 'hallo']
2020-05-27 14:26:18,426 	Source:     hello .
2020-05-27 14:26:18,426 	Reference:  hallo ,
2020-05-27 14:26:18,426 	Hypothesis: hallo hallo hallo hallo hallo hallo hallo hallo hallo hallo hallo hallo hallo hallo hallo hallo hallo hallo hallo hallo hallo hallo hallo hallo hallo hallo hallo hallo hallo hallo hallo hallo hallo hallo hallo hallo hallo hallo hallo hallo hallo hallo hallo hallo hallo hallo hallo hallo hallo hallo hallo hallo hallo hallo hallo hallo hallo hallo hallo hallo hallo hallo hallo hallo hallo hallo hallo hallo hallo hallo hallo hallo hallo hallo hallo hallo hallo hallo hallo hallo hallo hallo hallo hallo hallo hallo hallo hallo hallo hallo hallo hallo hallo hallo hallo hallo hallo hallo hallo hallo
2020-05-27 14:26:18,426 Example #1
2020-05-27 14:26:18,426 	Raw source:     ['hi', ',', 'how', 'can', 'i', 'help', 'you', '?']
2020-05-27 14:26:18,426 	Raw hypothesis: ['hallo', 'hallo', 'hallo', 'hallo', 'womit', 'womit', 'womit', 'kann', 'ich', 'womit', 'kann', 'hallo', 'hallo', 'hallo', 'hallo', 'hallo', 'hallo', 'hallo', 'hallo', 'hallo', 'hallo', 'hallo', 'hallo', 'hallo', 'hallo', 'hallo', 'hallo', 'hallo', 'hallo', 'hallo', 'hallo', 'hallo', 'hallo', 'hallo', 'hallo', 'hallo', 'hallo', 'hallo', 'hallo', '?', 'hallo', 'hallo', 'hallo', 'hallo', 'hallo', '?', '?', 'hallo', '?', 'hallo', 'hallo', 'hallo', 'hallo', 'hallo', 'hallo', 'hallo', 'hallo', 'hallo', 'hallo', '?', 'hallo', '?', 'hallo', 'hallo', 'hallo', 'hallo', 'hallo', 'hallo', 'hallo', 'hallo', 'hallo', 'hallo', 'hallo', 'hallo', 'hallo', 'hallo', 'hallo', 'hallo', 'hallo', 'hallo', 'hallo', 'hallo', 'hallo', 'hallo', 'hallo', '?', 'hallo', 'hallo', 'hallo', 'hallo', '?', '?', '?', '?', '?', '?', '?', '?', '?', '?']
2020-05-27 14:26:18,426 	Source:     hi , how can i help you ?
2020-05-27 14:26:18,426 	Reference:  hallo , wie kann ich ihnen helfen ?
2020-05-27 14:26:18,426 	Hypothesis: hallo hallo hallo hallo womit womit womit kann ich womit kann hallo hallo hallo hallo hallo hallo hallo hallo hallo hallo hallo hallo hallo hallo hallo hallo hallo hallo hallo hallo hallo hallo hallo hallo hallo hallo hallo hallo ? hallo hallo hallo hallo hallo ? ? hallo ? hallo hallo hallo hallo hallo hallo hallo hallo hallo hallo ? hallo ? hallo hallo hallo hallo hallo hallo hallo hallo hallo hallo hallo hallo hallo hallo hallo hallo hallo hallo hallo hallo hallo hallo hallo ? hallo hallo hallo hallo ? ? ? ? ? ? ? ? ? ?
2020-05-27 14:26:18,426 Example #2
2020-05-27 14:26:18,426 	Raw source:     ['hi', ',', 'i', '&apos;m', 'looking', 'for', 'a', 'restaurant', 'inside', 'the', 'arden', 'fair', 'mall', 'in', 'san', 'francisco', ',', 'california', '.']
2020-05-27 14:26:18,427 	Raw hypothesis: ['hallo', 'hallo', 'hallo', 'hallo', 'hallo', 'hallo', ',', 'ich', 'ich', 'ich', 'ich', 'ich', 'san', 'san', 'san', 'san', 'san', 'san', 'san', 'san', 'san', 'hallo', '.', '.', '.', '.', '.', '.', '.', '.', '.', '.', '.', '.', '.', '.', '.', '.', '.', 'hallo', '.', 'hallo', '.', '.', '.', '.', '.', '.', '.', 'hallo', 'hallo', 'hallo', 'hallo', 'hallo', 'hallo', '.', '.', '.', '.', '.', '.', '.', '.', 'hallo', '.', '.', 'hallo', '.', 'hallo', 'hallo', 'hallo', '.', '.', '.', '.', '.', '.', 'hallo', '.', '.', 'ich', 'ich', 'hallo', '.', '.', 'ich', 'ich', 'ich', 'ich', 'ich', 'ich', 'ich', 'ich', 'ich', 'ich', 'ich', 'ich', 'ich', 'ich', '.']
2020-05-27 14:26:18,427 	Source:     hi , i &apos;m looking for a restaurant inside the arden fair mall in san francisco , california .
2020-05-27 14:26:18,427 	Reference:  hallo , ich bin auf der suche nach einem restaurant im arden fair einkaufszentrum in san francisco , kalifornien .
2020-05-27 14:26:18,427 	Hypothesis: hallo hallo hallo hallo hallo hallo , ich ich ich ich ich san san san san san san san san san hallo . . . . . . . . . . . . . . . . . hallo . hallo . . . . . . . hallo hallo hallo hallo hallo hallo . . . . . . . . hallo . . hallo . hallo hallo hallo . . . . . . hallo . . ich ich hallo . . ich ich ich ich ich ich ich ich ich ich ich ich ich ich .
2020-05-27 14:26:18,427 Example #3
2020-05-27 14:26:18,427 	Raw source:     ['ok', ',', 'what', 'type', 'of', 'restaurant', 'are', 'you', 'looking', 'for', '?']
2020-05-27 14:26:18,427 	Raw hypothesis: ['ok', 'ok', 'okay', ',', 'nach', 'nach', 'art', 'art', 'art', 'art', 'art', '?', '?', '?', '?', '?', '?', 'ok', 'ok', 'ok', 'ok', 'ok', 'ok', 'ok', 'ok', 'ok', 'ok', 'ok', 'ok', 'ok', 'ok', 'ok', 'ok', 'ok', 'ok', 'ok', 'ok', 'ok', 'ok', 'ok', 'ok', 'ok', 'ok', 'ok', 'ok', 'ok', 'ok', 'ok', 'ok', 'ok', 'ok', 'ok', 'ok', 'ok', 'ok', 'ok', 'ok', 'ok', 'ok', 'ok', 'ok', 'ok', 'ok', 'ok', 'ok', 'ok', 'ok', 'ok', 'ok', 'ok', 'ok', 'ok', 'ok', 'ok', 'ok', 'ok', 'ok', 'ok', 'ok', 'ok', 'ok', 'ok', 'ok', 'ok', 'ok', 'ok', 'ok', 'ok', 'ok', 'ok', 'ok', 'ok', 'ok', 'ok', 'ok', 'ok', 'ok', 'ok', 'ok', 'ok']
2020-05-27 14:26:18,427 	Source:     ok , what type of restaurant are you looking for ?
2020-05-27 14:26:18,427 	Reference:  ok . welche art von restaurant suchen sie denn genau ?
2020-05-27 14:26:18,427 	Hypothesis: ok ok okay , nach nach art art art art art ? ? ? ? ? ? ok ok ok ok ok ok ok ok ok ok ok ok ok ok ok ok ok ok ok ok ok ok ok ok ok ok ok ok ok ok ok ok ok ok ok ok ok ok ok ok ok ok ok ok ok ok ok ok ok ok ok ok ok ok ok ok ok ok ok ok ok ok ok ok ok ok ok ok ok ok ok ok ok ok ok ok ok ok ok ok ok ok ok
2020-05-27 14:26:18,427 Validation result (greedy) at epoch  59, step     3000: bleu:   0.67, loss: 47168.6211, ppl:   9.6595, duration: 65.4285s
2020-05-27 14:26:18,586 Epoch  59: total training loss 6.77
2020-05-27 14:26:18,586 EPOCH 60
2020-05-27 14:26:26,209 Epoch  60: total training loss 6.70
2020-05-27 14:26:26,210 EPOCH 61
2020-05-27 14:26:33,908 Epoch  61 Step:     3100 Batch Loss:     0.147514 Tokens per Sec:    15657, Lr: 0.000200
2020-05-27 14:26:34,400 Epoch  61: total training loss 6.51
2020-05-27 14:26:34,400 EPOCH 62
2020-05-27 14:26:42,664 Epoch  62: total training loss 6.46
2020-05-27 14:26:42,664 EPOCH 63
2020-05-27 14:26:50,243 Epoch  63 Step:     3200 Batch Loss:     0.116588 Tokens per Sec:    15706, Lr: 0.000200
2020-05-27 14:26:50,885 Epoch  63: total training loss 6.23
2020-05-27 14:26:50,885 EPOCH 64
2020-05-27 14:26:59,109 Epoch  64: total training loss 6.17
2020-05-27 14:26:59,110 EPOCH 65
2020-05-27 14:27:06,469 Epoch  65 Step:     3300 Batch Loss:     0.142324 Tokens per Sec:    15775, Lr: 0.000200
2020-05-27 14:27:07,300 Epoch  65: total training loss 6.35
2020-05-27 14:27:07,301 EPOCH 66
2020-05-27 14:27:15,510 Epoch  66: total training loss 6.23
2020-05-27 14:27:15,510 EPOCH 67
2020-05-27 14:27:22,671 Epoch  67 Step:     3400 Batch Loss:     0.126156 Tokens per Sec:    15769, Lr: 0.000200
2020-05-27 14:27:23,716 Epoch  67: total training loss 5.88
2020-05-27 14:27:23,716 EPOCH 68
2020-05-27 14:27:31,967 Epoch  68: total training loss 5.83
2020-05-27 14:27:31,968 EPOCH 69
2020-05-27 14:27:38,741 Epoch  69 Step:     3500 Batch Loss:     0.129679 Tokens per Sec:    15617, Lr: 0.000200
2020-05-27 14:27:40,205 Epoch  69: total training loss 5.95
2020-05-27 14:27:40,205 EPOCH 70
2020-05-27 14:27:48,405 Epoch  70: total training loss 5.58
2020-05-27 14:27:48,406 EPOCH 71
2020-05-27 14:27:54,854 Epoch  71 Step:     3600 Batch Loss:     0.116109 Tokens per Sec:    16016, Lr: 0.000200
2020-05-27 14:27:56,520 Epoch  71: total training loss 5.53
2020-05-27 14:27:56,520 EPOCH 72
2020-05-27 14:28:04,653 Epoch  72: total training loss 5.35
2020-05-27 14:28:04,654 EPOCH 73
2020-05-27 14:28:11,093 Epoch  73 Step:     3700 Batch Loss:     0.119823 Tokens per Sec:    15649, Lr: 0.000200
2020-05-27 14:28:13,017 Epoch  73: total training loss 5.52
2020-05-27 14:28:13,017 EPOCH 74
2020-05-27 14:28:21,283 Epoch  74: total training loss 5.24
2020-05-27 14:28:21,283 EPOCH 75
2020-05-27 14:28:27,563 Epoch  75 Step:     3800 Batch Loss:     0.103207 Tokens per Sec:    15439, Lr: 0.000200
2020-05-27 14:28:29,560 Epoch  75: total training loss 5.10
2020-05-27 14:28:29,561 EPOCH 76
2020-05-27 14:28:37,995 Epoch  76: total training loss 5.09
2020-05-27 14:28:37,996 EPOCH 77
2020-05-27 14:28:43,941 Epoch  77 Step:     3900 Batch Loss:     0.102186 Tokens per Sec:    15439, Lr: 0.000200
2020-05-27 14:28:46,313 Epoch  77: total training loss 5.26
2020-05-27 14:28:46,313 EPOCH 78
2020-05-27 14:28:54,543 Epoch  78: total training loss 4.86
2020-05-27 14:28:54,544 EPOCH 79
2020-05-27 14:29:00,293 Epoch  79 Step:     4000 Batch Loss:     0.103942 Tokens per Sec:    15644, Lr: 0.000200
2020-05-27 14:30:05,665 Example #0
2020-05-27 14:30:05,665 	Raw source:     ['hello', '.']
2020-05-27 14:30:05,665 	Raw hypothesis: ['hallo', 'hallo', '.', 'hallo', 'hallo', 'hallo', 'hallo', 'hallo', 'hallo', 'hallo', 'hallo', 'hallo', 'hallo', 'hallo', 'hallo', 'hallo', 'hallo', 'hallo', 'hallo', 'hallo', 'hallo', 'hallo', 'hallo', 'hallo', 'hallo', 'hallo', 'hallo', 'hallo', 'hallo', 'hallo', 'hallo', 'hallo', 'hallo', 'hallo', 'hallo', 'hallo', 'hallo', 'hallo', 'hallo', 'hallo', 'hallo', 'hallo', 'hallo', 'hallo', 'hallo', 'hallo', 'hallo', 'hallo', 'hallo', 'hallo', 'hallo', 'hallo', 'hallo', 'hallo', 'hallo', 'hallo', 'hallo', 'hallo', 'hallo', 'hallo', 'hallo', 'hallo', 'hallo', 'hallo', 'hallo', 'hallo', 'hallo', 'hallo', 'hallo', 'hallo', 'hallo', 'hallo', 'hallo', 'hallo', 'hallo', 'hallo', 'hallo', 'hallo', 'hallo', 'hallo', 'hallo', 'hallo', 'hallo', 'hallo', 'hallo', 'hallo', 'hallo', 'hallo', 'hallo', 'hallo', 'hallo', 'hallo', 'hallo', 'hallo', 'hallo', 'hallo', 'hallo', 'hallo', 'hallo', 'hallo']
2020-05-27 14:30:05,665 	Source:     hello .
2020-05-27 14:30:05,665 	Reference:  hallo ,
2020-05-27 14:30:05,666 	Hypothesis: hallo hallo . hallo hallo hallo hallo hallo hallo hallo hallo hallo hallo hallo hallo hallo hallo hallo hallo hallo hallo hallo hallo hallo hallo hallo hallo hallo hallo hallo hallo hallo hallo hallo hallo hallo hallo hallo hallo hallo hallo hallo hallo hallo hallo hallo hallo hallo hallo hallo hallo hallo hallo hallo hallo hallo hallo hallo hallo hallo hallo hallo hallo hallo hallo hallo hallo hallo hallo hallo hallo hallo hallo hallo hallo hallo hallo hallo hallo hallo hallo hallo hallo hallo hallo hallo hallo hallo hallo hallo hallo hallo hallo hallo hallo hallo hallo hallo hallo hallo
2020-05-27 14:30:05,666 Example #1
2020-05-27 14:30:05,666 	Raw source:     ['hi', ',', 'how', 'can', 'i', 'help', 'you', '?']
2020-05-27 14:30:05,666 	Raw hypothesis: ['hallo', 'hallo', ',', 'wie', 'kann', 'hallo', 'womit', 'womit', '?', '?', '?', '?', '?', '?', '?', 'helfen', '?', 'hallo', 'hallo', 'hallo', 'hallo', 'hallo', 'hallo', 'hallo', 'hallo', 'hallo', 'hallo', 'hallo', 'hallo', 'hallo', 'hallo', 'hallo', 'hallo', 'hallo', 'hallo', '?', '?', '?', '?', 'helfen', '?', 'helfen', '?', 'helfen', '?', '?', '?', '?', '?', '?', '?', 'helfen', 'hallo', 'hallo', 'hallo', 'hallo', 'hallo', 'hallo', 'hallo', 'hallo', 'hallo', 'hallo', 'hallo', 'hallo', 'wie', 'kann', 'hallo', 'hallo', 'womit', 'womit', 'womit', 'womit', 'womit', 'womit', 'womit', 'womit', 'womit', 'womit', 'womit', 'womit', 'womit', 'womit', 'kann', 'ich', 'womit', 'womit', 'womit', 'womit', 'womit', 'womit', 'womit', 'womit', 'womit', 'womit', 'kann', '?', '?', '?', '?', '?']
2020-05-27 14:30:05,666 	Source:     hi , how can i help you ?
2020-05-27 14:30:05,666 	Reference:  hallo , wie kann ich ihnen helfen ?
2020-05-27 14:30:05,666 	Hypothesis: hallo hallo , wie kann hallo womit womit ? ? ? ? ? ? ? helfen ? hallo hallo hallo hallo hallo hallo hallo hallo hallo hallo hallo hallo hallo hallo hallo hallo hallo hallo ? ? ? ? helfen ? helfen ? helfen ? ? ? ? ? ? ? helfen hallo hallo hallo hallo hallo hallo hallo hallo hallo hallo hallo hallo wie kann hallo hallo womit womit womit womit womit womit womit womit womit womit womit womit womit womit kann ich womit womit womit womit womit womit womit womit womit womit kann ? ? ? ? ?
2020-05-27 14:30:05,666 Example #2
2020-05-27 14:30:05,666 	Raw source:     ['hi', ',', 'i', '&apos;m', 'looking', 'for', 'a', 'restaurant', 'inside', 'the', 'arden', 'fair', 'mall', 'in', 'san', 'francisco', ',', 'california', '.']
2020-05-27 14:30:05,666 	Raw hypothesis: ['hallo', 'hallo', 'hallo', 'hallo', 'hallo', 'ich', 'ich', 'ein', 'ein', 'ein', 'ein', 'ein', 'san', 'san', 'san', 'san', 'san', 'san', 'san', 'san', 'hallo', '.', '.', '.', '.', '.', '.', 'hallo', '.', 'hallo', '.', '.', '.', 'hallo', '.', 'hallo', '.', 'hallo', 'hallo', 'hallo', 'hallo', 'hallo', 'hallo', 'hallo', 'hallo', 'hallo', 'hallo', 'hallo', 'hallo', 'hallo', 'hallo', 'hallo', 'hallo', 'hallo', 'hallo', 'hallo', '.', 'hallo', '.', 'hallo', '.', 'hallo', '.', 'hallo', '.', 'hallo', 'hallo', 'hallo', 'hallo', 'hallo', '.', 'hallo', '.', 'hallo', '.', 'hallo', '.', 'hallo', 'hallo', 'hallo', 'hallo', 'hallo', 'hallo', '.', 'hallo', 'hallo', 'hallo', 'in', 'hallo', '.', 'hallo', '.', 'hallo', '.', 'hallo', '.', 'ich', 'ich', 'ich', 'ich']
2020-05-27 14:30:05,666 	Source:     hi , i &apos;m looking for a restaurant inside the arden fair mall in san francisco , california .
2020-05-27 14:30:05,666 	Reference:  hallo , ich bin auf der suche nach einem restaurant im arden fair einkaufszentrum in san francisco , kalifornien .
2020-05-27 14:30:05,666 	Hypothesis: hallo hallo hallo hallo hallo ich ich ein ein ein ein ein san san san san san san san san hallo . . . . . . hallo . hallo . . . hallo . hallo . hallo hallo hallo hallo hallo hallo hallo hallo hallo hallo hallo hallo hallo hallo hallo hallo hallo hallo hallo . hallo . hallo . hallo . hallo . hallo hallo hallo hallo hallo . hallo . hallo . hallo . hallo hallo hallo hallo hallo hallo . hallo hallo hallo in hallo . hallo . hallo . hallo . ich ich ich ich
2020-05-27 14:30:05,666 Example #3
2020-05-27 14:30:05,666 	Raw source:     ['ok', ',', 'what', 'type', 'of', 'restaurant', 'are', 'you', 'looking', 'for', '?']
2020-05-27 14:30:05,666 	Raw hypothesis: ['ok', 'ok', 'ok', ',', 'nach', 'nach', 'nach', 'nach', 'nach', 'nach', 'nach', 'nach', 'nach', 'nach', 'nach', 'nach', 'nach', 'nach', 'nach', 'nach', '?', 'ok', 'ok', 'ok', 'ok', 'ok', 'ok', 'ok', 'ok', 'ok', 'ok', 'ok', 'ok', 'ok', 'ok', 'ok', 'ok', 'ok', 'ok', 'ok', 'ok', 'ok', 'ok', 'ok', 'ok', 'ok', 'ok', 'ok', 'ok', 'ok', 'ok', 'ok', 'ok', 'ok', 'ok', 'ok', 'ok', 'ok', 'ok', 'ok', 'ok', 'ok', 'ok', 'ok', 'ok', 'ok', 'ok', 'ok', 'ok', 'ok', 'ok', 'ok', 'ok', 'ok', 'ok', 'ok', 'ok', 'ok', 'ok', 'ok', 'ok', 'ok', 'ok', 'ok', 'ok', 'ok', 'ok', 'ok', 'ok', 'ok', 'ok', 'ok', 'ok', 'ok', 'ok', 'ok', 'ok', 'ok', 'ok', 'ok']
2020-05-27 14:30:05,666 	Source:     ok , what type of restaurant are you looking for ?
2020-05-27 14:30:05,666 	Reference:  ok . welche art von restaurant suchen sie denn genau ?
2020-05-27 14:30:05,666 	Hypothesis: ok ok ok , nach nach nach nach nach nach nach nach nach nach nach nach nach nach nach nach ? ok ok ok ok ok ok ok ok ok ok ok ok ok ok ok ok ok ok ok ok ok ok ok ok ok ok ok ok ok ok ok ok ok ok ok ok ok ok ok ok ok ok ok ok ok ok ok ok ok ok ok ok ok ok ok ok ok ok ok ok ok ok ok ok ok ok ok ok ok ok ok ok ok ok ok ok ok ok ok
2020-05-27 14:30:05,666 Validation result (greedy) at epoch  79, step     4000: bleu:   0.87, loss: 47218.3672, ppl:   9.6826, duration: 65.3721s
2020-05-27 14:30:08,193 Epoch  79: total training loss 5.10
2020-05-27 14:30:08,193 EPOCH 80
2020-05-27 14:30:16,393 Epoch  80: total training loss 4.94
2020-05-27 14:30:16,393 EPOCH 81
2020-05-27 14:30:22,014 Epoch  81 Step:     4100 Batch Loss:     0.103470 Tokens per Sec:    15796, Lr: 0.000200
2020-05-27 14:30:24,641 Epoch  81: total training loss 4.95
2020-05-27 14:30:24,641 EPOCH 82
2020-05-27 14:30:32,849 Epoch  82: total training loss 5.25
2020-05-27 14:30:32,850 EPOCH 83
2020-05-27 14:30:38,031 Epoch  83 Step:     4200 Batch Loss:     0.102292 Tokens per Sec:    16033, Lr: 0.000200
2020-05-27 14:30:40,995 Epoch  83: total training loss 5.30
2020-05-27 14:30:40,996 EPOCH 84
2020-05-27 14:30:49,195 Epoch  84: total training loss 5.03
2020-05-27 14:30:49,196 EPOCH 85
2020-05-27 14:30:54,357 Epoch  85 Step:     4300 Batch Loss:     0.097354 Tokens per Sec:    15364, Lr: 0.000200
2020-05-27 14:30:57,548 Epoch  85: total training loss 4.84
2020-05-27 14:30:57,548 EPOCH 86
2020-05-27 14:31:05,941 Epoch  86: total training loss 4.66
2020-05-27 14:31:05,942 EPOCH 87
2020-05-27 14:31:11,195 Epoch  87 Step:     4400 Batch Loss:     0.085372 Tokens per Sec:    15568, Lr: 0.000200
2020-05-27 14:31:14,399 Epoch  87: total training loss 4.73
2020-05-27 14:31:14,400 EPOCH 88
2020-05-27 14:31:22,709 Epoch  88: total training loss 5.42
2020-05-27 14:31:22,709 EPOCH 89
2020-05-27 14:31:27,408 Epoch  89 Step:     4500 Batch Loss:     0.095431 Tokens per Sec:    15276, Lr: 0.000200
2020-05-27 14:31:31,001 Epoch  89: total training loss 5.04
2020-05-27 14:31:31,001 EPOCH 90
2020-05-27 14:31:39,355 Epoch  90: total training loss 5.06
2020-05-27 14:31:39,356 EPOCH 91
2020-05-27 14:31:43,629 Epoch  91 Step:     4600 Batch Loss:     0.110587 Tokens per Sec:    15478, Lr: 0.000200
2020-05-27 14:31:47,653 Epoch  91: total training loss 5.10
2020-05-27 14:31:47,653 EPOCH 92
2020-05-27 14:31:55,876 Epoch  92: total training loss 5.15
2020-05-27 14:31:55,876 EPOCH 93
2020-05-27 14:31:59,724 Epoch  93 Step:     4700 Batch Loss:     0.088467 Tokens per Sec:    15933, Lr: 0.000200
2020-05-27 14:32:04,136 Epoch  93: total training loss 4.93
2020-05-27 14:32:04,136 EPOCH 94
2020-05-27 14:32:12,296 Epoch  94: total training loss 5.41
2020-05-27 14:32:12,296 EPOCH 95
2020-05-27 14:32:15,672 Epoch  95 Step:     4800 Batch Loss:     0.101880 Tokens per Sec:    15876, Lr: 0.000200
2020-05-27 14:32:20,471 Epoch  95: total training loss 4.87
2020-05-27 14:32:20,471 EPOCH 96
2020-05-27 14:32:28,726 Epoch  96: total training loss 5.08
2020-05-27 14:32:28,726 EPOCH 97
2020-05-27 14:32:31,605 Epoch  97 Step:     4900 Batch Loss:     0.124454 Tokens per Sec:    15528, Lr: 0.000200
2020-05-27 14:32:36,888 Epoch  97: total training loss 6.90
2020-05-27 14:32:36,888 EPOCH 98
2020-05-27 14:32:45,132 Epoch  98: total training loss 5.42
2020-05-27 14:32:45,133 EPOCH 99
2020-05-27 14:32:47,683 Epoch  99 Step:     5000 Batch Loss:     0.115566 Tokens per Sec:    15914, Lr: 0.000200
2020-05-27 14:33:53,137 Example #0
2020-05-27 14:33:53,137 	Raw source:     ['hello', '.']
2020-05-27 14:33:53,137 	Raw hypothesis: ['hallo', 'hallo', '.', '.', 'hallo', '.', 'hallo', 'hallo', 'hallo', 'hallo', 'hallo', 'hallo', 'hallo', 'hallo', 'hallo', 'hallo', 'hallo', '.', 'hallo', 'hallo', 'hallo', 'hallo', 'hallo', 'hallo', 'hallo', 'hallo', '.', 'hallo', 'hallo', 'hallo', 'hallo', 'hallo', 'hallo', '.', 'hallo', 'hallo', 'hallo', 'hallo', 'hallo', 'hallo', 'hallo', '.', 'hallo', '.', 'hallo', 'hallo', '.', 'hallo', 'hallo', 'hallo', 'hallo', 'hallo', 'hallo', 'hallo', 'hallo', 'hallo', 'hallo', 'hallo', 'hallo', 'hallo', 'hallo', '.', 'hallo', 'hallo', 'hallo', 'hallo', 'hallo', 'hallo', 'hallo', 'hallo', 'hallo', 'hallo', 'hallo', 'hallo', 'hallo', 'hallo', 'hallo', 'hallo', 'hallo', 'hallo', 'hallo', 'hallo', 'hallo', 'hallo', 'hallo', 'hallo', 'hallo', 'hallo', 'hallo', 'hallo', 'hallo', 'hallo', 'hallo', 'hallo', 'hallo', 'hallo', 'hallo', 'hallo', 'hallo', 'hallo']
2020-05-27 14:33:53,137 	Source:     hello .
2020-05-27 14:33:53,137 	Reference:  hallo ,
2020-05-27 14:33:53,137 	Hypothesis: hallo hallo . . hallo . hallo hallo hallo hallo hallo hallo hallo hallo hallo hallo hallo . hallo hallo hallo hallo hallo hallo hallo hallo . hallo hallo hallo hallo hallo hallo . hallo hallo hallo hallo hallo hallo hallo . hallo . hallo hallo . hallo hallo hallo hallo hallo hallo hallo hallo hallo hallo hallo hallo hallo hallo . hallo hallo hallo hallo hallo hallo hallo hallo hallo hallo hallo hallo hallo hallo hallo hallo hallo hallo hallo hallo hallo hallo hallo hallo hallo hallo hallo hallo hallo hallo hallo hallo hallo hallo hallo hallo hallo hallo
2020-05-27 14:33:53,137 Example #1
2020-05-27 14:33:53,137 	Raw source:     ['hi', ',', 'how', 'can', 'i', 'help', 'you', '?']
2020-05-27 14:33:53,137 	Raw hypothesis: ['hallo', 'hallo', 'hallo', 'womit', 'womit', 'womit', 'womit', 'womit', 'womit', 'womit', 'womit', 'womit', 'womit', 'womit', 'womit', 'kann', 'hallo', '?', '?', '?', '?', '?', '?', '?', '?', '?', '?', '?', 'hallo', 'hallo', 'hallo', 'hallo', 'hallo', 'hallo', 'hallo', 'hallo', '?', '?', '?', '?', '?', '?', '?', '?', '?', '?', '?', '?', '?', '?', '?', '?', '?', '?', '?', '?', '?', '?', '?', '?', '?', '?', '?', '?', '?', '?', '?', '?', '?', '?', '?', '?', '?', '?', '?', '?', '?', '?', '?', '?', '?', '?', '?', '?', '?', '?', '?', '?', '?', '?', '?', '?', '?', '?', '?', '?', '?', '?', '?', '?']
2020-05-27 14:33:53,137 	Source:     hi , how can i help you ?
2020-05-27 14:33:53,137 	Reference:  hallo , wie kann ich ihnen helfen ?
2020-05-27 14:33:53,137 	Hypothesis: hallo hallo hallo womit womit womit womit womit womit womit womit womit womit womit womit kann hallo ? ? ? ? ? ? ? ? ? ? ? hallo hallo hallo hallo hallo hallo hallo hallo ? ? ? ? ? ? ? ? ? ? ? ? ? ? ? ? ? ? ? ? ? ? ? ? ? ? ? ? ? ? ? ? ? ? ? ? ? ? ? ? ? ? ? ? ? ? ? ? ? ? ? ? ? ? ? ? ? ? ? ? ? ? ? ?
2020-05-27 14:33:53,138 Example #2
2020-05-27 14:33:53,138 	Raw source:     ['hi', ',', 'i', '&apos;m', 'looking', 'for', 'a', 'restaurant', 'inside', 'the', 'arden', 'fair', 'mall', 'in', 'san', 'francisco', ',', 'california', '.']
2020-05-27 14:33:53,138 	Raw hypothesis: ['hallo', 'hallo', 'hallo', 'hallo', 'ich', 'ich', 'ich', 'ich', 'ich', 'ich', 'ich', 'ich', 'hallo', 'arden', 'arden', 'arden', 'arden', 'arden', '.', '.', '.', '.', '.', '.', '.', '.']
2020-05-27 14:33:53,138 	Source:     hi , i &apos;m looking for a restaurant inside the arden fair mall in san francisco , california .
2020-05-27 14:33:53,138 	Reference:  hallo , ich bin auf der suche nach einem restaurant im arden fair einkaufszentrum in san francisco , kalifornien .
2020-05-27 14:33:53,138 	Hypothesis: hallo hallo hallo hallo ich ich ich ich ich ich ich ich hallo arden arden arden arden arden . . . . . . . .
2020-05-27 14:33:53,138 Example #3
2020-05-27 14:33:53,138 	Raw source:     ['ok', ',', 'what', 'type', 'of', 'restaurant', 'are', 'you', 'looking', 'for', '?']
2020-05-27 14:33:53,138 	Raw hypothesis: ['okay', 'okay', 'okay', 'okay', 'okay', 'suchen', 'suchen', 'suchen', 'suchen', '?', '?', '?', '?', '?', '?', '?', '?', '?', 'okay', 'okay', 'okay', 'okay', 'okay', 'okay', 'okay', 'okay', 'okay', 'okay', 'okay', 'okay', 'okay', 'okay', 'okay', 'okay', 'okay', 'okay', 'okay', 'okay', 'okay', 'okay', 'okay', 'okay', 'okay', 'okay', 'okay', 'okay', 'okay', 'okay', 'okay', 'okay', 'okay', 'okay', 'okay', 'okay', 'okay', 'okay', 'okay', 'okay', 'okay', 'okay', 'okay', 'okay', 'okay', 'okay', 'okay', 'okay', 'okay', 'okay', 'okay', 'okay', 'okay', 'okay', 'okay', 'okay', 'okay', 'okay', 'okay', 'okay', 'okay', 'okay', 'okay', 'okay', 'okay', 'okay', 'okay', 'okay', 'okay', 'okay', 'okay', 'okay', 'okay', 'okay', 'okay', 'okay', 'okay', 'okay', 'okay', 'okay', 'okay', 'okay']
2020-05-27 14:33:53,138 	Source:     ok , what type of restaurant are you looking for ?
2020-05-27 14:33:53,138 	Reference:  ok . welche art von restaurant suchen sie denn genau ?
2020-05-27 14:33:53,138 	Hypothesis: okay okay okay okay okay suchen suchen suchen suchen ? ? ? ? ? ? ? ? ? okay okay okay okay okay okay okay okay okay okay okay okay okay okay okay okay okay okay okay okay okay okay okay okay okay okay okay okay okay okay okay okay okay okay okay okay okay okay okay okay okay okay okay okay okay okay okay okay okay okay okay okay okay okay okay okay okay okay okay okay okay okay okay okay okay okay okay okay okay okay okay okay okay okay okay okay okay okay okay okay okay okay
2020-05-27 14:33:53,138 Validation result (greedy) at epoch  99, step     5000: bleu:   0.77, loss: 47442.3008, ppl:   9.7874, duration: 65.4548s
2020-05-27 14:33:58,778 Epoch  99: total training loss 5.01
2020-05-27 14:33:58,778 EPOCH 100
2020-05-27 14:34:07,035 Epoch 100: total training loss 5.85
2020-05-27 14:34:07,036 Training ended after 100 epochs.
2020-05-27 14:34:07,036 Best validation result (greedy) at step     1000:   9.23 ppl.
2020-05-27 14:38:55,638  dev bleu:   0.24 [Beam search decoding with beam size = 5 and alpha = 1.0]
2020-05-27 14:38:55,649 Translations saved to: models/transformer_ende/00001000.hyps.dev
2020-05-27 14:42:37,626 test bleu:   0.19 [Beam search decoding with beam size = 5 and alpha = 1.0]
2020-05-27 14:42:37,638 Translations saved to: models/transformer_ende/00001000.hyps.test
