2020-08-09 20:17:12,947 Hello! This is Joey-NMT.
2020-08-09 20:17:14,358 Total params: 3795840
2020-08-09 20:17:14,360 Trainable parameters: ['decoder.layer_norm.bias', 'decoder.layer_norm.weight', 'decoder.layers.0.dec_layer_norm.bias', 'decoder.layers.0.dec_layer_norm.weight', 'decoder.layers.0.feed_forward.layer_norm.bias', 'decoder.layers.0.feed_forward.layer_norm.weight', 'decoder.layers.0.feed_forward.pwff_layer.0.bias', 'decoder.layers.0.feed_forward.pwff_layer.0.weight', 'decoder.layers.0.feed_forward.pwff_layer.3.bias', 'decoder.layers.0.feed_forward.pwff_layer.3.weight', 'decoder.layers.0.src_trg_att.k_layer.bias', 'decoder.layers.0.src_trg_att.k_layer.weight', 'decoder.layers.0.src_trg_att.output_layer.bias', 'decoder.layers.0.src_trg_att.output_layer.weight', 'decoder.layers.0.src_trg_att.q_layer.bias', 'decoder.layers.0.src_trg_att.q_layer.weight', 'decoder.layers.0.src_trg_att.v_layer.bias', 'decoder.layers.0.src_trg_att.v_layer.weight', 'decoder.layers.0.trg_trg_att.k_layer.bias', 'decoder.layers.0.trg_trg_att.k_layer.weight', 'decoder.layers.0.trg_trg_att.output_layer.bias', 'decoder.layers.0.trg_trg_att.output_layer.weight', 'decoder.layers.0.trg_trg_att.q_layer.bias', 'decoder.layers.0.trg_trg_att.q_layer.weight', 'decoder.layers.0.trg_trg_att.v_layer.bias', 'decoder.layers.0.trg_trg_att.v_layer.weight', 'decoder.layers.0.x_layer_norm.bias', 'decoder.layers.0.x_layer_norm.weight', 'decoder.layers.1.dec_layer_norm.bias', 'decoder.layers.1.dec_layer_norm.weight', 'decoder.layers.1.feed_forward.layer_norm.bias', 'decoder.layers.1.feed_forward.layer_norm.weight', 'decoder.layers.1.feed_forward.pwff_layer.0.bias', 'decoder.layers.1.feed_forward.pwff_layer.0.weight', 'decoder.layers.1.feed_forward.pwff_layer.3.bias', 'decoder.layers.1.feed_forward.pwff_layer.3.weight', 'decoder.layers.1.src_trg_att.k_layer.bias', 'decoder.layers.1.src_trg_att.k_layer.weight', 'decoder.layers.1.src_trg_att.output_layer.bias', 'decoder.layers.1.src_trg_att.output_layer.weight', 'decoder.layers.1.src_trg_att.q_layer.bias', 'decoder.layers.1.src_trg_att.q_layer.weight', 'decoder.layers.1.src_trg_att.v_layer.bias', 'decoder.layers.1.src_trg_att.v_layer.weight', 'decoder.layers.1.trg_trg_att.k_layer.bias', 'decoder.layers.1.trg_trg_att.k_layer.weight', 'decoder.layers.1.trg_trg_att.output_layer.bias', 'decoder.layers.1.trg_trg_att.output_layer.weight', 'decoder.layers.1.trg_trg_att.q_layer.bias', 'decoder.layers.1.trg_trg_att.q_layer.weight', 'decoder.layers.1.trg_trg_att.v_layer.bias', 'decoder.layers.1.trg_trg_att.v_layer.weight', 'decoder.layers.1.x_layer_norm.bias', 'decoder.layers.1.x_layer_norm.weight', 'decoder.layers.2.dec_layer_norm.bias', 'decoder.layers.2.dec_layer_norm.weight', 'decoder.layers.2.feed_forward.layer_norm.bias', 'decoder.layers.2.feed_forward.layer_norm.weight', 'decoder.layers.2.feed_forward.pwff_layer.0.bias', 'decoder.layers.2.feed_forward.pwff_layer.0.weight', 'decoder.layers.2.feed_forward.pwff_layer.3.bias', 'decoder.layers.2.feed_forward.pwff_layer.3.weight', 'decoder.layers.2.src_trg_att.k_layer.bias', 'decoder.layers.2.src_trg_att.k_layer.weight', 'decoder.layers.2.src_trg_att.output_layer.bias', 'decoder.layers.2.src_trg_att.output_layer.weight', 'decoder.layers.2.src_trg_att.q_layer.bias', 'decoder.layers.2.src_trg_att.q_layer.weight', 'decoder.layers.2.src_trg_att.v_layer.bias', 'decoder.layers.2.src_trg_att.v_layer.weight', 'decoder.layers.2.trg_trg_att.k_layer.bias', 'decoder.layers.2.trg_trg_att.k_layer.weight', 'decoder.layers.2.trg_trg_att.output_layer.bias', 'decoder.layers.2.trg_trg_att.output_layer.weight', 'decoder.layers.2.trg_trg_att.q_layer.bias', 'decoder.layers.2.trg_trg_att.q_layer.weight', 'decoder.layers.2.trg_trg_att.v_layer.bias', 'decoder.layers.2.trg_trg_att.v_layer.weight', 'decoder.layers.2.x_layer_norm.bias', 'decoder.layers.2.x_layer_norm.weight', 'decoder.layers.3.dec_layer_norm.bias', 'decoder.layers.3.dec_layer_norm.weight', 'decoder.layers.3.feed_forward.layer_norm.bias', 'decoder.layers.3.feed_forward.layer_norm.weight', 'decoder.layers.3.feed_forward.pwff_layer.0.bias', 'decoder.layers.3.feed_forward.pwff_layer.0.weight', 'decoder.layers.3.feed_forward.pwff_layer.3.bias', 'decoder.layers.3.feed_forward.pwff_layer.3.weight', 'decoder.layers.3.src_trg_att.k_layer.bias', 'decoder.layers.3.src_trg_att.k_layer.weight', 'decoder.layers.3.src_trg_att.output_layer.bias', 'decoder.layers.3.src_trg_att.output_layer.weight', 'decoder.layers.3.src_trg_att.q_layer.bias', 'decoder.layers.3.src_trg_att.q_layer.weight', 'decoder.layers.3.src_trg_att.v_layer.bias', 'decoder.layers.3.src_trg_att.v_layer.weight', 'decoder.layers.3.trg_trg_att.k_layer.bias', 'decoder.layers.3.trg_trg_att.k_layer.weight', 'decoder.layers.3.trg_trg_att.output_layer.bias', 'decoder.layers.3.trg_trg_att.output_layer.weight', 'decoder.layers.3.trg_trg_att.q_layer.bias', 'decoder.layers.3.trg_trg_att.q_layer.weight', 'decoder.layers.3.trg_trg_att.v_layer.bias', 'decoder.layers.3.trg_trg_att.v_layer.weight', 'decoder.layers.3.x_layer_norm.bias', 'decoder.layers.3.x_layer_norm.weight', 'decoder.layers.4.dec_layer_norm.bias', 'decoder.layers.4.dec_layer_norm.weight', 'decoder.layers.4.feed_forward.layer_norm.bias', 'decoder.layers.4.feed_forward.layer_norm.weight', 'decoder.layers.4.feed_forward.pwff_layer.0.bias', 'decoder.layers.4.feed_forward.pwff_layer.0.weight', 'decoder.layers.4.feed_forward.pwff_layer.3.bias', 'decoder.layers.4.feed_forward.pwff_layer.3.weight', 'decoder.layers.4.src_trg_att.k_layer.bias', 'decoder.layers.4.src_trg_att.k_layer.weight', 'decoder.layers.4.src_trg_att.output_layer.bias', 'decoder.layers.4.src_trg_att.output_layer.weight', 'decoder.layers.4.src_trg_att.q_layer.bias', 'decoder.layers.4.src_trg_att.q_layer.weight', 'decoder.layers.4.src_trg_att.v_layer.bias', 'decoder.layers.4.src_trg_att.v_layer.weight', 'decoder.layers.4.trg_trg_att.k_layer.bias', 'decoder.layers.4.trg_trg_att.k_layer.weight', 'decoder.layers.4.trg_trg_att.output_layer.bias', 'decoder.layers.4.trg_trg_att.output_layer.weight', 'decoder.layers.4.trg_trg_att.q_layer.bias', 'decoder.layers.4.trg_trg_att.q_layer.weight', 'decoder.layers.4.trg_trg_att.v_layer.bias', 'decoder.layers.4.trg_trg_att.v_layer.weight', 'decoder.layers.4.x_layer_norm.bias', 'decoder.layers.4.x_layer_norm.weight', 'decoder.layers.5.dec_layer_norm.bias', 'decoder.layers.5.dec_layer_norm.weight', 'decoder.layers.5.feed_forward.layer_norm.bias', 'decoder.layers.5.feed_forward.layer_norm.weight', 'decoder.layers.5.feed_forward.pwff_layer.0.bias', 'decoder.layers.5.feed_forward.pwff_layer.0.weight', 'decoder.layers.5.feed_forward.pwff_layer.3.bias', 'decoder.layers.5.feed_forward.pwff_layer.3.weight', 'decoder.layers.5.src_trg_att.k_layer.bias', 'decoder.layers.5.src_trg_att.k_layer.weight', 'decoder.layers.5.src_trg_att.output_layer.bias', 'decoder.layers.5.src_trg_att.output_layer.weight', 'decoder.layers.5.src_trg_att.q_layer.bias', 'decoder.layers.5.src_trg_att.q_layer.weight', 'decoder.layers.5.src_trg_att.v_layer.bias', 'decoder.layers.5.src_trg_att.v_layer.weight', 'decoder.layers.5.trg_trg_att.k_layer.bias', 'decoder.layers.5.trg_trg_att.k_layer.weight', 'decoder.layers.5.trg_trg_att.output_layer.bias', 'decoder.layers.5.trg_trg_att.output_layer.weight', 'decoder.layers.5.trg_trg_att.q_layer.bias', 'decoder.layers.5.trg_trg_att.q_layer.weight', 'decoder.layers.5.trg_trg_att.v_layer.bias', 'decoder.layers.5.trg_trg_att.v_layer.weight', 'decoder.layers.5.x_layer_norm.bias', 'decoder.layers.5.x_layer_norm.weight', 'encoder.layer_norm.bias', 'encoder.layer_norm.weight', 'encoder.layers.0.feed_forward.layer_norm.bias', 'encoder.layers.0.feed_forward.layer_norm.weight', 'encoder.layers.0.feed_forward.pwff_layer.0.bias', 'encoder.layers.0.feed_forward.pwff_layer.0.weight', 'encoder.layers.0.feed_forward.pwff_layer.3.bias', 'encoder.layers.0.feed_forward.pwff_layer.3.weight', 'encoder.layers.0.layer_norm.bias', 'encoder.layers.0.layer_norm.weight', 'encoder.layers.0.src_src_att.k_layer.bias', 'encoder.layers.0.src_src_att.k_layer.weight', 'encoder.layers.0.src_src_att.output_layer.bias', 'encoder.layers.0.src_src_att.output_layer.weight', 'encoder.layers.0.src_src_att.q_layer.bias', 'encoder.layers.0.src_src_att.q_layer.weight', 'encoder.layers.0.src_src_att.v_layer.bias', 'encoder.layers.0.src_src_att.v_layer.weight', 'encoder.layers.1.feed_forward.layer_norm.bias', 'encoder.layers.1.feed_forward.layer_norm.weight', 'encoder.layers.1.feed_forward.pwff_layer.0.bias', 'encoder.layers.1.feed_forward.pwff_layer.0.weight', 'encoder.layers.1.feed_forward.pwff_layer.3.bias', 'encoder.layers.1.feed_forward.pwff_layer.3.weight', 'encoder.layers.1.layer_norm.bias', 'encoder.layers.1.layer_norm.weight', 'encoder.layers.1.src_src_att.k_layer.bias', 'encoder.layers.1.src_src_att.k_layer.weight', 'encoder.layers.1.src_src_att.output_layer.bias', 'encoder.layers.1.src_src_att.output_layer.weight', 'encoder.layers.1.src_src_att.q_layer.bias', 'encoder.layers.1.src_src_att.q_layer.weight', 'encoder.layers.1.src_src_att.v_layer.bias', 'encoder.layers.1.src_src_att.v_layer.weight', 'encoder.layers.2.feed_forward.layer_norm.bias', 'encoder.layers.2.feed_forward.layer_norm.weight', 'encoder.layers.2.feed_forward.pwff_layer.0.bias', 'encoder.layers.2.feed_forward.pwff_layer.0.weight', 'encoder.layers.2.feed_forward.pwff_layer.3.bias', 'encoder.layers.2.feed_forward.pwff_layer.3.weight', 'encoder.layers.2.layer_norm.bias', 'encoder.layers.2.layer_norm.weight', 'encoder.layers.2.src_src_att.k_layer.bias', 'encoder.layers.2.src_src_att.k_layer.weight', 'encoder.layers.2.src_src_att.output_layer.bias', 'encoder.layers.2.src_src_att.output_layer.weight', 'encoder.layers.2.src_src_att.q_layer.bias', 'encoder.layers.2.src_src_att.q_layer.weight', 'encoder.layers.2.src_src_att.v_layer.bias', 'encoder.layers.2.src_src_att.v_layer.weight', 'encoder.layers.3.feed_forward.layer_norm.bias', 'encoder.layers.3.feed_forward.layer_norm.weight', 'encoder.layers.3.feed_forward.pwff_layer.0.bias', 'encoder.layers.3.feed_forward.pwff_layer.0.weight', 'encoder.layers.3.feed_forward.pwff_layer.3.bias', 'encoder.layers.3.feed_forward.pwff_layer.3.weight', 'encoder.layers.3.layer_norm.bias', 'encoder.layers.3.layer_norm.weight', 'encoder.layers.3.src_src_att.k_layer.bias', 'encoder.layers.3.src_src_att.k_layer.weight', 'encoder.layers.3.src_src_att.output_layer.bias', 'encoder.layers.3.src_src_att.output_layer.weight', 'encoder.layers.3.src_src_att.q_layer.bias', 'encoder.layers.3.src_src_att.q_layer.weight', 'encoder.layers.3.src_src_att.v_layer.bias', 'encoder.layers.3.src_src_att.v_layer.weight', 'encoder.layers.4.feed_forward.layer_norm.bias', 'encoder.layers.4.feed_forward.layer_norm.weight', 'encoder.layers.4.feed_forward.pwff_layer.0.bias', 'encoder.layers.4.feed_forward.pwff_layer.0.weight', 'encoder.layers.4.feed_forward.pwff_layer.3.bias', 'encoder.layers.4.feed_forward.pwff_layer.3.weight', 'encoder.layers.4.layer_norm.bias', 'encoder.layers.4.layer_norm.weight', 'encoder.layers.4.src_src_att.k_layer.bias', 'encoder.layers.4.src_src_att.k_layer.weight', 'encoder.layers.4.src_src_att.output_layer.bias', 'encoder.layers.4.src_src_att.output_layer.weight', 'encoder.layers.4.src_src_att.q_layer.bias', 'encoder.layers.4.src_src_att.q_layer.weight', 'encoder.layers.4.src_src_att.v_layer.bias', 'encoder.layers.4.src_src_att.v_layer.weight', 'encoder.layers.5.feed_forward.layer_norm.bias', 'encoder.layers.5.feed_forward.layer_norm.weight', 'encoder.layers.5.feed_forward.pwff_layer.0.bias', 'encoder.layers.5.feed_forward.pwff_layer.0.weight', 'encoder.layers.5.feed_forward.pwff_layer.3.bias', 'encoder.layers.5.feed_forward.pwff_layer.3.weight', 'encoder.layers.5.layer_norm.bias', 'encoder.layers.5.layer_norm.weight', 'encoder.layers.5.src_src_att.k_layer.bias', 'encoder.layers.5.src_src_att.k_layer.weight', 'encoder.layers.5.src_src_att.output_layer.bias', 'encoder.layers.5.src_src_att.output_layer.weight', 'encoder.layers.5.src_src_att.q_layer.bias', 'encoder.layers.5.src_src_att.q_layer.weight', 'encoder.layers.5.src_src_att.v_layer.bias', 'encoder.layers.5.src_src_att.v_layer.weight', 'src_embed.lut.weight', 'trg_embed.lut.weight']
2020-08-09 20:17:18,146 cfg.data.dev                       : chatnmt/multi_encoder/dev_subset.tags.bpe.10000
2020-08-09 20:17:18,146 cfg.data.level                     : bpe
2020-08-09 20:17:18,146 cfg.data.lowercase                 : False
2020-08-09 20:17:18,146 cfg.data.max_sent_length           : 100
2020-08-09 20:17:18,146 cfg.data.src                       : en
2020-08-09 20:17:18,146 cfg.data.test                      : chatnmt/multi_encoder/test.tags.bpe.10000
2020-08-09 20:17:18,147 cfg.data.train                     : chatnmt/multi_encoder/train_subset.tags.bpe.10000
2020-08-09 20:17:18,147 cfg.data.trg                       : de
2020-08-09 20:17:18,147 cfg.model.bias_initializer         : zeros
2020-08-09 20:17:18,147 cfg.model.decoder.dropout          : 0.1
2020-08-09 20:17:18,147 cfg.model.decoder.embeddings.dropout : 0.0
2020-08-09 20:17:18,147 cfg.model.decoder.embeddings.embedding_dim : 128
2020-08-09 20:17:18,147 cfg.model.decoder.embeddings.scale : True
2020-08-09 20:17:18,147 cfg.model.decoder.ff_size          : 512
2020-08-09 20:17:18,147 cfg.model.decoder.freeze           : False
2020-08-09 20:17:18,147 cfg.model.decoder.hidden_size      : 128
2020-08-09 20:17:18,147 cfg.model.decoder.num_heads        : 8
2020-08-09 20:17:18,147 cfg.model.decoder.num_layers       : 6
2020-08-09 20:17:18,147 cfg.model.decoder.type             : transformer
2020-08-09 20:17:18,147 cfg.model.embed_init_gain          : 1.0
2020-08-09 20:17:18,147 cfg.model.embed_initializer        : xavier
2020-08-09 20:17:18,147 cfg.model.encoder.dropout          : 0.1
2020-08-09 20:17:18,148 cfg.model.encoder.embeddings.dropout : 0.0
2020-08-09 20:17:18,148 cfg.model.encoder.embeddings.embedding_dim : 128
2020-08-09 20:17:18,148 cfg.model.encoder.embeddings.scale : True
2020-08-09 20:17:18,148 cfg.model.encoder.ff_size          : 512
2020-08-09 20:17:18,148 cfg.model.encoder.freeze           : False
2020-08-09 20:17:18,148 cfg.model.encoder.hidden_size      : 128
2020-08-09 20:17:18,148 cfg.model.encoder.multi_encoder    : False
2020-08-09 20:17:18,148 cfg.model.encoder.num_heads        : 8
2020-08-09 20:17:18,148 cfg.model.encoder.num_layers       : 6
2020-08-09 20:17:18,148 cfg.model.encoder.type             : transformer
2020-08-09 20:17:18,148 cfg.model.init_gain                : 1.0
2020-08-09 20:17:18,148 cfg.model.initializer              : xavier
2020-08-09 20:17:18,148 cfg.model.tied_embeddings          : False
2020-08-09 20:17:18,148 cfg.model.tied_softmax             : True
2020-08-09 20:17:18,148 cfg.name                           : transformer
2020-08-09 20:17:18,148 cfg.testing.alpha                  : 1.0
2020-08-09 20:17:18,148 cfg.testing.beam_size              : 5
2020-08-09 20:17:18,148 cfg.training.adam_betas            : [0.9, 0.999]
2020-08-09 20:17:18,149 cfg.training.batch_multiplier      : 1
2020-08-09 20:17:18,149 cfg.training.batch_size            : 1024
2020-08-09 20:17:18,149 cfg.training.batch_type            : token
2020-08-09 20:17:18,149 cfg.training.decrease_factor       : 0.7
2020-08-09 20:17:18,149 cfg.training.early_stopping_metric : ppl
2020-08-09 20:17:18,149 cfg.training.epochs                : 20
2020-08-09 20:17:18,149 cfg.training.eval_metric           : bleu
2020-08-09 20:17:18,149 cfg.training.keep_last_ckpts       : 3
2020-08-09 20:17:18,149 cfg.training.label_smoothing       : 0.1
2020-08-09 20:17:18,149 cfg.training.learning_rate         : 0.0002
2020-08-09 20:17:18,149 cfg.training.learning_rate_min     : 1e-08
2020-08-09 20:17:18,149 cfg.training.logging_freq          : 100
2020-08-09 20:17:18,149 cfg.training.loss                  : crossentropy
2020-08-09 20:17:18,149 cfg.training.max_output_length     : 100
2020-08-09 20:17:18,149 cfg.training.model_dir             : models/viznet/attempt2/8_8_0.1_128_128_1024_6_8
2020-08-09 20:17:18,149 cfg.training.normalization         : tokens
2020-08-09 20:17:18,149 cfg.training.optimizer             : adam
2020-08-09 20:17:18,149 cfg.training.overwrite             : True
2020-08-09 20:17:18,149 cfg.training.patience              : 8
2020-08-09 20:17:18,150 cfg.training.print_valid_sents     : [0, 1, 2, 3]
2020-08-09 20:17:18,150 cfg.training.random_seed           : 42
2020-08-09 20:17:18,150 cfg.training.scheduling            : plateau
2020-08-09 20:17:18,150 cfg.training.shuffle               : True
2020-08-09 20:17:18,150 cfg.training.use_cuda              : True
2020-08-09 20:17:18,150 cfg.training.validation_freq       : 200
2020-08-09 20:17:18,150 cfg.training.weight_decay          : 0.0
2020-08-09 20:17:18,150 Data set sizes: 
	train 5000,
	valid 500,
	test 1220
2020-08-09 20:17:18,150 First training example:
	[SRC] hi there ! how can i help ?
	[TRG] hallo ! wie kann ich helfen ?
2020-08-09 20:17:18,150 First 10 words (src): (0) <unk> (1) <pad> (2) <s> (3) </s> (4) . (5) , (6) ? (7) you (8) i (9) the
2020-08-09 20:17:18,151 First 10 words (trg): (0) <unk> (1) <pad> (2) <s> (3) </s> (4) . (5) , (6) ? (7) sie (8) ich (9) das
2020-08-09 20:17:18,151 Number of Src words (types): 3468
2020-08-09 20:17:18,151 Number of Trg words (types): 4487
2020-08-09 20:17:18,151 Model(
	encoder=TransformerEncoder(num_layers=6, num_heads=8),
	decoder=TransformerDecoder(num_layers=6, num_heads=8),
	src_embed=Embeddings(embedding_dim=128, vocab_size=3468),
	trg_embed=Embeddings(embedding_dim=128, vocab_size=4487))
2020-08-09 20:17:18,155 EPOCH 1
2020-08-09 20:17:24,358 Epoch   1: total training loss 601.63
2020-08-09 20:17:24,358 EPOCH 2
2020-08-09 20:17:24,492 Epoch   2 Step:      100 Batch Loss:     5.095981 Tokens per Sec:    10456, Lr: 0.000200
2020-08-09 20:17:30,530 Epoch   2: total training loss 503.31
2020-08-09 20:17:30,530 EPOCH 3
2020-08-09 20:17:30,732 Epoch   3 Step:      200 Batch Loss:     4.294210 Tokens per Sec:     9944, Lr: 0.000200
2020-08-09 20:17:32,683 Hooray! New best validation result [ppl]!
2020-08-09 20:17:32,684 Saving new checkpoint.
2020-08-09 20:17:32,804 Example #0
2020-08-09 20:17:32,805 	Raw source:     ['hello', '.']
2020-08-09 20:17:32,805 	Raw hypothesis: ['.']
2020-08-09 20:17:32,805 	Source:     hello .
2020-08-09 20:17:32,805 	Reference:  hallo ,
2020-08-09 20:17:32,805 	Hypothesis: .
2020-08-09 20:17:32,805 Example #1
2020-08-09 20:17:32,805 	Raw source:     ['hi', ',', 'how', 'can', 'i', 'help', 'you', '?']
2020-08-09 20:17:32,805 	Raw hypothesis: [',', ',']
2020-08-09 20:17:32,805 	Source:     hi , how can i help you ?
2020-08-09 20:17:32,805 	Reference:  hallo , wie kann ich ihnen helfen ?
2020-08-09 20:17:32,805 	Hypothesis: , ,
2020-08-09 20:17:32,805 Example #2
2020-08-09 20:17:32,805 	Raw source:     ['hi', ',', 'i', '&apos;m', 'looking', 'for', 'a', 'restaurant', 'inside', 'the', 'arden', 'fair', 'mall', 'in', 'san', 'francisco', ',', 'california', '.']
2020-08-09 20:17:32,805 	Raw hypothesis: [',', ',', ',', ',', ',', ',', ',', ',', ',']
2020-08-09 20:17:32,805 	Source:     hi , i &apos;m looking for a restaurant inside the arden fair mall in san francisco , california .
2020-08-09 20:17:32,805 	Reference:  hallo , ich bin auf der suche nach einem restaurant im arden fair einkaufszentrum in san francisco , kalifornien .
2020-08-09 20:17:32,805 	Hypothesis: , , , , , , , , ,
2020-08-09 20:17:32,805 Example #3
2020-08-09 20:17:32,805 	Raw source:     ['ok', ',', 'what', 'type', 'of', 'restaurant', 'are', 'you', 'looking', 'for', '?']
2020-08-09 20:17:32,805 	Raw hypothesis: [',', ',', ',']
2020-08-09 20:17:32,805 	Source:     ok , what type of restaurant are you looking for ?
2020-08-09 20:17:32,805 	Reference:  ok . welche art von restaurant suchen sie denn genau ?
2020-08-09 20:17:32,805 	Hypothesis: , , ,
2020-08-09 20:17:32,805 Validation result (greedy) at epoch   3, step      200: bleu:   0.00, loss: 32372.2539, ppl: 157.3015, duration: 2.0727s
2020-08-09 20:17:38,940 Epoch   3: total training loss 473.06
2020-08-09 20:17:38,940 EPOCH 4
2020-08-09 20:17:39,210 Epoch   4 Step:      300 Batch Loss:     4.233154 Tokens per Sec:     6078, Lr: 0.000200
2020-08-09 20:17:45,159 Epoch   4: total training loss 448.22
2020-08-09 20:17:45,159 EPOCH 5
2020-08-09 20:17:45,495 Epoch   5 Step:      400 Batch Loss:     3.803769 Tokens per Sec:     8894, Lr: 0.000200
2020-08-09 20:17:57,775 Hooray! New best validation result [ppl]!
2020-08-09 20:17:57,775 Saving new checkpoint.
2020-08-09 20:17:57,893 Example #0
2020-08-09 20:17:57,893 	Raw source:     ['hello', '.']
2020-08-09 20:17:57,893 	Raw hypothesis: ['ja', '.']
2020-08-09 20:17:57,893 	Source:     hello .
2020-08-09 20:17:57,893 	Reference:  hallo ,
2020-08-09 20:17:57,893 	Hypothesis: ja .
2020-08-09 20:17:57,894 Example #1
2020-08-09 20:17:57,894 	Raw source:     ['hi', ',', 'how', 'can', 'i', 'help', 'you', '?']
2020-08-09 20:17:57,894 	Raw hypothesis: ['ich', 'ich', 'ich', 'ich', 'ich', 'ich', '?']
2020-08-09 20:17:57,894 	Source:     hi , how can i help you ?
2020-08-09 20:17:57,894 	Reference:  hallo , wie kann ich ihnen helfen ?
2020-08-09 20:17:57,894 	Hypothesis: ich ich ich ich ich ich ?
2020-08-09 20:17:57,894 Example #2
2020-08-09 20:17:57,894 	Raw source:     ['hi', ',', 'i', '&apos;m', 'looking', 'for', 'a', 'restaurant', 'inside', 'the', 'arden', 'fair', 'mall', 'in', 'san', 'francisco', ',', 'california', '.']
2020-08-09 20:17:57,894 	Raw hypothesis: ['ich', 'ich', 'ich', 'ich', 'ich', 'ich', 'ich', 'ich', 'ich', 'ich', 'ich', 'ich', 'ich', 'ich', 'ich', 'ich', 'ich', 'ich', 'ich', 'ich', 'ich', 'ich', 'ich', '.']
2020-08-09 20:17:57,894 	Source:     hi , i &apos;m looking for a restaurant inside the arden fair mall in san francisco , california .
2020-08-09 20:17:57,894 	Reference:  hallo , ich bin auf der suche nach einem restaurant im arden fair einkaufszentrum in san francisco , kalifornien .
2020-08-09 20:17:57,894 	Hypothesis: ich ich ich ich ich ich ich ich ich ich ich ich ich ich ich ich ich ich ich ich ich ich ich .
2020-08-09 20:17:57,894 Example #3
2020-08-09 20:17:57,894 	Raw source:     ['ok', ',', 'what', 'type', 'of', 'restaurant', 'are', 'you', 'looking', 'for', '?']
2020-08-09 20:17:57,894 	Raw hypothesis: ['okay', ',', 'sie', 'sie', 'sie', 'sie', 'sie', 'sie', 'sie', 'sie', 'sie', 'sie', 'sie', '?']
2020-08-09 20:17:57,894 	Source:     ok , what type of restaurant are you looking for ?
2020-08-09 20:17:57,894 	Reference:  ok . welche art von restaurant suchen sie denn genau ?
2020-08-09 20:17:57,894 	Hypothesis: okay , sie sie sie sie sie sie sie sie sie sie sie ?
2020-08-09 20:17:57,894 Validation result (greedy) at epoch   5, step      400: bleu:   0.00, loss: 29319.3926, ppl:  97.6271, duration: 12.3989s
2020-08-09 20:18:03,879 Epoch   5: total training loss 430.58
2020-08-09 20:18:03,880 EPOCH 6
2020-08-09 20:18:04,210 Epoch   6 Step:      500 Batch Loss:     3.514278 Tokens per Sec:     9165, Lr: 0.000200
2020-08-09 20:18:10,503 Epoch   6: total training loss 399.17
2020-08-09 20:18:10,503 EPOCH 7
2020-08-09 20:18:10,992 Epoch   7 Step:      600 Batch Loss:     3.305137 Tokens per Sec:     9796, Lr: 0.000200
2020-08-09 20:18:15,737 Hooray! New best validation result [ppl]!
2020-08-09 20:18:15,737 Saving new checkpoint.
2020-08-09 20:18:15,864 Example #0
2020-08-09 20:18:15,864 	Raw source:     ['hello', '.']
2020-08-09 20:18:15,864 	Raw hypothesis: ['hallo', ',', 'ich', 'ich']
2020-08-09 20:18:15,864 	Source:     hello .
2020-08-09 20:18:15,864 	Reference:  hallo ,
2020-08-09 20:18:15,864 	Hypothesis: hallo , ich ich
2020-08-09 20:18:15,864 Example #1
2020-08-09 20:18:15,864 	Raw source:     ['hi', ',', 'how', 'can', 'i', 'help', 'you', '?']
2020-08-09 20:18:15,864 	Raw hypothesis: ['hallo', ',', 'ich', 'ich', 'ich', 'ihnen', 'ihnen', '?']
2020-08-09 20:18:15,865 	Source:     hi , how can i help you ?
2020-08-09 20:18:15,865 	Reference:  hallo , wie kann ich ihnen helfen ?
2020-08-09 20:18:15,865 	Hypothesis: hallo , ich ich ich ihnen ihnen ?
2020-08-09 20:18:15,865 Example #2
2020-08-09 20:18:15,865 	Raw source:     ['hi', ',', 'i', '&apos;m', 'looking', 'for', 'a', 'restaurant', 'inside', 'the', 'arden', 'fair', 'mall', 'in', 'san', 'francisco', ',', 'california', '.']
2020-08-09 20:18:15,865 	Raw hypothesis: ['ich', 'ich', 'möchte', 'möchte', 'einen', 'einen', 'einen', 'einen', 'einen', 'einen', 'einen', 'einen', 'einen', 'ein', '.']
2020-08-09 20:18:15,865 	Source:     hi , i &apos;m looking for a restaurant inside the arden fair mall in san francisco , california .
2020-08-09 20:18:15,865 	Reference:  hallo , ich bin auf der suche nach einem restaurant im arden fair einkaufszentrum in san francisco , kalifornien .
2020-08-09 20:18:15,865 	Hypothesis: ich ich möchte möchte einen einen einen einen einen einen einen einen einen ein .
2020-08-09 20:18:15,865 Example #3
2020-08-09 20:18:15,865 	Raw source:     ['ok', ',', 'what', 'type', 'of', 'restaurant', 'are', 'you', 'looking', 'for', '?']
2020-08-09 20:18:15,865 	Raw hypothesis: ['ok', ',', 'sie', 'sie', 'sie', 'sie', 'sie', 'sie', 'sie', 'sie', '?']
2020-08-09 20:18:15,865 	Source:     ok , what type of restaurant are you looking for ?
2020-08-09 20:18:15,865 	Reference:  ok . welche art von restaurant suchen sie denn genau ?
2020-08-09 20:18:15,865 	Hypothesis: ok , sie sie sie sie sie sie sie sie ?
2020-08-09 20:18:15,865 Validation result (greedy) at epoch   7, step      600: bleu:   0.00, loss: 27046.0664, ppl:  68.4393, duration: 4.8724s
2020-08-09 20:18:21,902 Epoch   7: total training loss 380.94
2020-08-09 20:18:21,902 EPOCH 8
2020-08-09 20:18:22,524 Epoch   8 Step:      700 Batch Loss:     4.251509 Tokens per Sec:     9505, Lr: 0.000200
2020-08-09 20:18:28,588 Epoch   8: total training loss 365.44
2020-08-09 20:18:28,588 EPOCH 9
2020-08-09 20:18:29,262 Epoch   9 Step:      800 Batch Loss:     1.053074 Tokens per Sec:     8898, Lr: 0.000200
2020-08-09 20:18:37,013 Hooray! New best validation result [ppl]!
2020-08-09 20:18:37,013 Saving new checkpoint.
2020-08-09 20:18:37,143 Example #0
2020-08-09 20:18:37,143 	Raw source:     ['hello', '.']
2020-08-09 20:18:37,144 	Raw hypothesis: ['hallo', ',']
2020-08-09 20:18:37,144 	Source:     hello .
2020-08-09 20:18:37,144 	Reference:  hallo ,
2020-08-09 20:18:37,144 	Hypothesis: hallo ,
2020-08-09 20:18:37,144 Example #1
2020-08-09 20:18:37,144 	Raw source:     ['hi', ',', 'how', 'can', 'i', 'help', 'you', '?']
2020-08-09 20:18:37,144 	Raw hypothesis: ['hallo', ',', 'wie', 'kann', 'ich', 'ihnen', 'helfen', '?']
2020-08-09 20:18:37,144 	Source:     hi , how can i help you ?
2020-08-09 20:18:37,144 	Reference:  hallo , wie kann ich ihnen helfen ?
2020-08-09 20:18:37,144 	Hypothesis: hallo , wie kann ich ihnen helfen ?
2020-08-09 20:18:37,144 Example #2
2020-08-09 20:18:37,144 	Raw source:     ['hi', ',', 'i', '&apos;m', 'looking', 'for', 'a', 'restaurant', 'inside', 'the', 'arden', 'fair', 'mall', 'in', 'san', 'francisco', ',', 'california', '.']
2020-08-09 20:18:37,144 	Raw hypothesis: ['hallo', ',', 'ich', 'möchte', 'ein', 'ein', 'ein', 'ein', 'der', 'der', 'der', 'der', '00', 'uhr', '.']
2020-08-09 20:18:37,144 	Source:     hi , i &apos;m looking for a restaurant inside the arden fair mall in san francisco , california .
2020-08-09 20:18:37,144 	Reference:  hallo , ich bin auf der suche nach einem restaurant im arden fair einkaufszentrum in san francisco , kalifornien .
2020-08-09 20:18:37,144 	Hypothesis: hallo , ich möchte ein ein ein ein der der der der 00 uhr .
2020-08-09 20:18:37,144 Example #3
2020-08-09 20:18:37,145 	Raw source:     ['ok', ',', 'what', 'type', 'of', 'restaurant', 'are', 'you', 'looking', 'for', '?']
2020-08-09 20:18:37,145 	Raw hypothesis: ['okay', ',', 'sie', 'sie', 'sie', 'mir', 'mir', 'ihnen', '?']
2020-08-09 20:18:37,145 	Source:     ok , what type of restaurant are you looking for ?
2020-08-09 20:18:37,145 	Reference:  ok . welche art von restaurant suchen sie denn genau ?
2020-08-09 20:18:37,145 	Hypothesis: okay , sie sie sie mir mir ihnen ?
2020-08-09 20:18:37,145 Validation result (greedy) at epoch   9, step      800: bleu:   6.06, loss: 24841.8145, ppl:  48.4985, duration: 7.8821s
2020-08-09 20:18:42,997 Epoch   9: total training loss 351.18
2020-08-09 20:18:42,997 EPOCH 10
2020-08-09 20:18:43,709 Epoch  10 Step:      900 Batch Loss:     3.983532 Tokens per Sec:    10965, Lr: 0.000200
2020-08-09 20:18:49,312 Epoch  10: total training loss 335.56
2020-08-09 20:18:49,312 EPOCH 11
2020-08-09 20:18:50,101 Epoch  11 Step:     1000 Batch Loss:     3.408419 Tokens per Sec:     9829, Lr: 0.000200
2020-08-09 20:18:56,867 Hooray! New best validation result [ppl]!
2020-08-09 20:18:56,867 Saving new checkpoint.
2020-08-09 20:18:56,994 Example #0
2020-08-09 20:18:56,995 	Raw source:     ['hello', '.']
2020-08-09 20:18:56,995 	Raw hypothesis: ['hallo', ',']
2020-08-09 20:18:56,995 	Source:     hello .
2020-08-09 20:18:56,995 	Reference:  hallo ,
2020-08-09 20:18:56,995 	Hypothesis: hallo ,
2020-08-09 20:18:56,995 Example #1
2020-08-09 20:18:56,995 	Raw source:     ['hi', ',', 'how', 'can', 'i', 'help', 'you', '?']
2020-08-09 20:18:56,995 	Raw hypothesis: ['hallo', ',', 'wie', 'kann', 'ich', 'ihnen', 'helfen', '?']
2020-08-09 20:18:56,995 	Source:     hi , how can i help you ?
2020-08-09 20:18:56,995 	Reference:  hallo , wie kann ich ihnen helfen ?
2020-08-09 20:18:56,995 	Hypothesis: hallo , wie kann ich ihnen helfen ?
2020-08-09 20:18:56,995 Example #2
2020-08-09 20:18:56,995 	Raw source:     ['hi', ',', 'i', '&apos;m', 'looking', 'for', 'a', 'restaurant', 'inside', 'the', 'arden', 'fair', 'mall', 'in', 'san', 'francisco', ',', 'california', '.']
2020-08-09 20:18:56,995 	Raw hypothesis: ['hallo', ',', 'ich', 'möchte', 'ein', 'der', 'der', 'der', 'der', 'der', 'der', 'san', 'francisco', ',', 'der', 'san', '.']
2020-08-09 20:18:56,995 	Source:     hi , i &apos;m looking for a restaurant inside the arden fair mall in san francisco , california .
2020-08-09 20:18:56,995 	Reference:  hallo , ich bin auf der suche nach einem restaurant im arden fair einkaufszentrum in san francisco , kalifornien .
2020-08-09 20:18:56,995 	Hypothesis: hallo , ich möchte ein der der der der der der san francisco , der san .
2020-08-09 20:18:56,995 Example #3
2020-08-09 20:18:56,995 	Raw source:     ['ok', ',', 'what', 'type', 'of', 'restaurant', 'are', 'you', 'looking', 'for', '?']
2020-08-09 20:18:56,995 	Raw hypothesis: ['ok', ',', 'welche', 'art', 'von', 'pizzen', 'sie', '?']
2020-08-09 20:18:56,995 	Source:     ok , what type of restaurant are you looking for ?
2020-08-09 20:18:56,995 	Reference:  ok . welche art von restaurant suchen sie denn genau ?
2020-08-09 20:18:56,995 	Hypothesis: ok , welche art von pizzen sie ?
2020-08-09 20:18:56,996 Validation result (greedy) at epoch  11, step     1000: bleu:   8.02, loss: 23273.7461, ppl:  37.9596, duration: 6.8937s
2020-08-09 20:19:02,501 Epoch  11: total training loss 316.71
2020-08-09 20:19:02,502 EPOCH 12
2020-08-09 20:19:03,399 Epoch  12 Step:     1100 Batch Loss:     3.081907 Tokens per Sec:    10097, Lr: 0.000200
2020-08-09 20:19:08,971 Epoch  12: total training loss 313.19
2020-08-09 20:19:08,971 EPOCH 13
2020-08-09 20:19:09,882 Epoch  13 Step:     1200 Batch Loss:     3.307541 Tokens per Sec:    10718, Lr: 0.000200
2020-08-09 20:19:16,652 Hooray! New best validation result [ppl]!
2020-08-09 20:19:16,652 Saving new checkpoint.
2020-08-09 20:19:16,786 Example #0
2020-08-09 20:19:16,786 	Raw source:     ['hello', '.']
2020-08-09 20:19:16,786 	Raw hypothesis: ['hallo', '.']
2020-08-09 20:19:16,786 	Source:     hello .
2020-08-09 20:19:16,786 	Reference:  hallo ,
2020-08-09 20:19:16,786 	Hypothesis: hallo .
2020-08-09 20:19:16,786 Example #1
2020-08-09 20:19:16,786 	Raw source:     ['hi', ',', 'how', 'can', 'i', 'help', 'you', '?']
2020-08-09 20:19:16,787 	Raw hypothesis: ['hallo', ',', 'wie', 'kann', 'ich', 'ihnen', 'helfen', '?']
2020-08-09 20:19:16,787 	Source:     hi , how can i help you ?
2020-08-09 20:19:16,787 	Reference:  hallo , wie kann ich ihnen helfen ?
2020-08-09 20:19:16,787 	Hypothesis: hallo , wie kann ich ihnen helfen ?
2020-08-09 20:19:16,787 Example #2
2020-08-09 20:19:16,787 	Raw source:     ['hi', ',', 'i', '&apos;m', 'looking', 'for', 'a', 'restaurant', 'inside', 'the', 'arden', 'fair', 'mall', 'in', 'san', 'francisco', ',', 'california', '.']
2020-08-09 20:19:16,787 	Raw hypothesis: ['hallo', ',', 'ich', 'möchte', 'ein', 'paar', 'pizzen', ',', 'der', 'san', 'francisco', ',', 'der', 'san', 'francisco', ',', 'der', 'san', 'francisco', ',', 'der', 'san', 'francisco', ',', 'der', 'san', 'francisco', ',', 'der', 'san', 'francisco', ',', 'kalifornien', '.']
2020-08-09 20:19:16,787 	Source:     hi , i &apos;m looking for a restaurant inside the arden fair mall in san francisco , california .
2020-08-09 20:19:16,787 	Reference:  hallo , ich bin auf der suche nach einem restaurant im arden fair einkaufszentrum in san francisco , kalifornien .
2020-08-09 20:19:16,787 	Hypothesis: hallo , ich möchte ein paar pizzen , der san francisco , der san francisco , der san francisco , der san francisco , der san francisco , der san francisco , kalifornien .
2020-08-09 20:19:16,787 Example #3
2020-08-09 20:19:16,787 	Raw source:     ['ok', ',', 'what', 'type', 'of', 'restaurant', 'are', 'you', 'looking', 'for', '?']
2020-08-09 20:19:16,787 	Raw hypothesis: ['okay', ',', 'welche', 'art', 'von', 'pizzen', 'sie', '?']
2020-08-09 20:19:16,787 	Source:     ok , what type of restaurant are you looking for ?
2020-08-09 20:19:16,787 	Reference:  ok . welche art von restaurant suchen sie denn genau ?
2020-08-09 20:19:16,787 	Hypothesis: okay , welche art von pizzen sie ?
2020-08-09 20:19:16,787 Validation result (greedy) at epoch  13, step     1200: bleu:  10.01, loss: 22040.3516, ppl:  31.3058, duration: 6.9045s
2020-08-09 20:19:22,238 Epoch  13: total training loss 300.47
2020-08-09 20:19:22,238 EPOCH 14
2020-08-09 20:19:23,145 Epoch  14 Step:     1300 Batch Loss:     0.752357 Tokens per Sec:     9707, Lr: 0.000200
2020-08-09 20:19:28,570 Epoch  14: total training loss 285.02
2020-08-09 20:19:28,570 EPOCH 15
2020-08-09 20:19:29,537 Epoch  15 Step:     1400 Batch Loss:     2.151396 Tokens per Sec:    10033, Lr: 0.000200
2020-08-09 20:19:36,789 Hooray! New best validation result [ppl]!
2020-08-09 20:19:36,789 Saving new checkpoint.
2020-08-09 20:19:36,911 Example #0
2020-08-09 20:19:36,911 	Raw source:     ['hello', '.']
2020-08-09 20:19:36,911 	Raw hypothesis: ['hallo', '.']
2020-08-09 20:19:36,911 	Source:     hello .
2020-08-09 20:19:36,911 	Reference:  hallo ,
2020-08-09 20:19:36,911 	Hypothesis: hallo .
2020-08-09 20:19:36,911 Example #1
2020-08-09 20:19:36,911 	Raw source:     ['hi', ',', 'how', 'can', 'i', 'help', 'you', '?']
2020-08-09 20:19:36,911 	Raw hypothesis: ['hallo', ',', 'wie', 'kann', 'ich', 'ihnen', 'helfen', '?']
2020-08-09 20:19:36,911 	Source:     hi , how can i help you ?
2020-08-09 20:19:36,911 	Reference:  hallo , wie kann ich ihnen helfen ?
2020-08-09 20:19:36,912 	Hypothesis: hallo , wie kann ich ihnen helfen ?
2020-08-09 20:19:36,912 Example #2
2020-08-09 20:19:36,912 	Raw source:     ['hi', ',', 'i', '&apos;m', 'looking', 'for', 'a', 'restaurant', 'inside', 'the', 'arden', 'fair', 'mall', 'in', 'san', 'francisco', ',', 'california', '.']
2020-08-09 20:19:36,912 	Raw hypothesis: ['hallo', ',', 'ich', 'möchte', 'ein', 'paar', 'pizzen', 'in', 'san', 'francisco', ',', 'der', 'san', 'francisco', ',', 'kalifornien', '.']
2020-08-09 20:19:36,912 	Source:     hi , i &apos;m looking for a restaurant inside the arden fair mall in san francisco , california .
2020-08-09 20:19:36,912 	Reference:  hallo , ich bin auf der suche nach einem restaurant im arden fair einkaufszentrum in san francisco , kalifornien .
2020-08-09 20:19:36,912 	Hypothesis: hallo , ich möchte ein paar pizzen in san francisco , der san francisco , kalifornien .
2020-08-09 20:19:36,912 Example #3
2020-08-09 20:19:36,912 	Raw source:     ['ok', ',', 'what', 'type', 'of', 'restaurant', 'are', 'you', 'looking', 'for', '?']
2020-08-09 20:19:36,912 	Raw hypothesis: ['ok', ',', 'welche', 'art', 'von', 'restaurant', 'haben', 'sie', '?']
2020-08-09 20:19:36,912 	Source:     ok , what type of restaurant are you looking for ?
2020-08-09 20:19:36,912 	Reference:  ok . welche art von restaurant suchen sie denn genau ?
2020-08-09 20:19:36,912 	Hypothesis: ok , welche art von restaurant haben sie ?
2020-08-09 20:19:36,912 Validation result (greedy) at epoch  15, step     1400: bleu:  12.08, loss: 20947.6152, ppl:  26.3921, duration: 7.3750s
2020-08-09 20:19:42,292 Epoch  15: total training loss 268.09
2020-08-09 20:19:42,292 EPOCH 16
2020-08-09 20:19:43,394 Epoch  16 Step:     1500 Batch Loss:     3.731961 Tokens per Sec:     9837, Lr: 0.000200
2020-08-09 20:19:48,722 Epoch  16: total training loss 263.05
2020-08-09 20:19:48,722 EPOCH 17
2020-08-09 20:19:49,890 Epoch  17 Step:     1600 Batch Loss:     1.786255 Tokens per Sec:     9783, Lr: 0.000200
2020-08-09 20:19:58,181 Hooray! New best validation result [ppl]!
2020-08-09 20:19:58,182 Saving new checkpoint.
2020-08-09 20:19:58,309 Example #0
2020-08-09 20:19:58,309 	Raw source:     ['hello', '.']
2020-08-09 20:19:58,309 	Raw hypothesis: ['hallo', '.']
2020-08-09 20:19:58,309 	Source:     hello .
2020-08-09 20:19:58,309 	Reference:  hallo ,
2020-08-09 20:19:58,309 	Hypothesis: hallo .
2020-08-09 20:19:58,310 Example #1
2020-08-09 20:19:58,310 	Raw source:     ['hi', ',', 'how', 'can', 'i', 'help', 'you', '?']
2020-08-09 20:19:58,310 	Raw hypothesis: ['hallo', ',', 'wie', 'kann', 'ich', 'ihnen', 'helfen', '?']
2020-08-09 20:19:58,310 	Source:     hi , how can i help you ?
2020-08-09 20:19:58,310 	Reference:  hallo , wie kann ich ihnen helfen ?
2020-08-09 20:19:58,310 	Hypothesis: hallo , wie kann ich ihnen helfen ?
2020-08-09 20:19:58,310 Example #2
2020-08-09 20:19:58,310 	Raw source:     ['hi', ',', 'i', '&apos;m', 'looking', 'for', 'a', 'restaurant', 'inside', 'the', 'arden', 'fair', 'mall', 'in', 'san', 'francisco', ',', 'california', '.']
2020-08-09 20:19:58,310 	Raw hypothesis: ['hallo', ',', 'ich', 'möchte', 'ein', 'restaurant', 'in', 'der', 'nähe', 'in', 'san', 'francisco', ',', 'kalifornien', ',', 'kalifornien', '.']
2020-08-09 20:19:58,310 	Source:     hi , i &apos;m looking for a restaurant inside the arden fair mall in san francisco , california .
2020-08-09 20:19:58,310 	Reference:  hallo , ich bin auf der suche nach einem restaurant im arden fair einkaufszentrum in san francisco , kalifornien .
2020-08-09 20:19:58,310 	Hypothesis: hallo , ich möchte ein restaurant in der nähe in san francisco , kalifornien , kalifornien .
2020-08-09 20:19:58,310 Example #3
2020-08-09 20:19:58,310 	Raw source:     ['ok', ',', 'what', 'type', 'of', 'restaurant', 'are', 'you', 'looking', 'for', '?']
2020-08-09 20:19:58,310 	Raw hypothesis: ['ok', ',', 'welche', 'art', 'von', 'restaurant', 'haben', 'sie', '?']
2020-08-09 20:19:58,310 	Source:     ok , what type of restaurant are you looking for ?
2020-08-09 20:19:58,310 	Reference:  ok . welche art von restaurant suchen sie denn genau ?
2020-08-09 20:19:58,310 	Hypothesis: ok , welche art von restaurant haben sie ?
2020-08-09 20:19:58,310 Validation result (greedy) at epoch  17, step     1600: bleu:  13.73, loss: 20254.9395, ppl:  23.6848, duration: 8.4196s
2020-08-09 20:20:03,550 Epoch  17: total training loss 251.37
2020-08-09 20:20:03,550 EPOCH 18
2020-08-09 20:20:04,780 Epoch  18 Step:     1700 Batch Loss:     2.003895 Tokens per Sec:    10314, Lr: 0.000200
2020-08-09 20:20:09,858 Epoch  18: total training loss 243.82
2020-08-09 20:20:09,859 EPOCH 19
2020-08-09 20:20:11,144 Epoch  19 Step:     1800 Batch Loss:     3.662597 Tokens per Sec:    10295, Lr: 0.000200
2020-08-09 20:20:19,922 Hooray! New best validation result [ppl]!
2020-08-09 20:20:19,922 Saving new checkpoint.
2020-08-09 20:20:20,048 Example #0
2020-08-09 20:20:20,048 	Raw source:     ['hello', '.']
2020-08-09 20:20:20,048 	Raw hypothesis: ['hallo', ',']
2020-08-09 20:20:20,048 	Source:     hello .
2020-08-09 20:20:20,048 	Reference:  hallo ,
2020-08-09 20:20:20,048 	Hypothesis: hallo ,
2020-08-09 20:20:20,048 Example #1
2020-08-09 20:20:20,048 	Raw source:     ['hi', ',', 'how', 'can', 'i', 'help', 'you', '?']
2020-08-09 20:20:20,048 	Raw hypothesis: ['hallo', ',', 'wie', 'kann', 'ich', 'ihnen', 'helfen', '?']
2020-08-09 20:20:20,048 	Source:     hi , how can i help you ?
2020-08-09 20:20:20,048 	Reference:  hallo , wie kann ich ihnen helfen ?
2020-08-09 20:20:20,048 	Hypothesis: hallo , wie kann ich ihnen helfen ?
2020-08-09 20:20:20,048 Example #2
2020-08-09 20:20:20,048 	Raw source:     ['hi', ',', 'i', '&apos;m', 'looking', 'for', 'a', 'restaurant', 'inside', 'the', 'arden', 'fair', 'mall', 'in', 'san', 'francisco', ',', 'california', '.']
2020-08-09 20:20:20,048 	Raw hypothesis: ['hallo', ',', 'ich', 'bin', 'in', 'der', 'nähe', 'in', 'san', 'francisco', ',', 'kalifornien', ',', 'kalifornien', '.']
2020-08-09 20:20:20,048 	Source:     hi , i &apos;m looking for a restaurant inside the arden fair mall in san francisco , california .
2020-08-09 20:20:20,048 	Reference:  hallo , ich bin auf der suche nach einem restaurant im arden fair einkaufszentrum in san francisco , kalifornien .
2020-08-09 20:20:20,048 	Hypothesis: hallo , ich bin in der nähe in san francisco , kalifornien , kalifornien .
2020-08-09 20:20:20,048 Example #3
2020-08-09 20:20:20,049 	Raw source:     ['ok', ',', 'what', 'type', 'of', 'restaurant', 'are', 'you', 'looking', 'for', '?']
2020-08-09 20:20:20,049 	Raw hypothesis: ['ok', ',', 'welche', 'art', 'von', 'restaurant', 'möchten', 'sie', '?']
2020-08-09 20:20:20,049 	Source:     ok , what type of restaurant are you looking for ?
2020-08-09 20:20:20,049 	Reference:  ok . welche art von restaurant suchen sie denn genau ?
2020-08-09 20:20:20,049 	Hypothesis: ok , welche art von restaurant möchten sie ?
2020-08-09 20:20:20,049 Validation result (greedy) at epoch  19, step     1800: bleu:  15.88, loss: 19440.7812, ppl:  20.8556, duration: 8.9041s
2020-08-09 20:20:24,996 Epoch  19: total training loss 232.17
2020-08-09 20:20:24,996 EPOCH 20
2020-08-09 20:20:26,412 Epoch  20 Step:     1900 Batch Loss:     2.808728 Tokens per Sec:    10135, Lr: 0.000200
2020-08-09 20:20:31,451 Epoch  20: total training loss 230.98
2020-08-09 20:20:31,452 Training ended after  20 epochs.
2020-08-09 20:20:31,452 Best validation result (greedy) at step     1800:  20.86 ppl.
