2020-08-10 06:42:30,247 Hello! This is Joey-NMT.
2020-08-10 06:42:31,570 Total params: 9944832
2020-08-10 06:42:31,571 Trainable parameters: ['decoder.layer_norm.bias', 'decoder.layer_norm.weight', 'decoder.layers.0.dec_layer_norm.bias', 'decoder.layers.0.dec_layer_norm.weight', 'decoder.layers.0.feed_forward.layer_norm.bias', 'decoder.layers.0.feed_forward.layer_norm.weight', 'decoder.layers.0.feed_forward.pwff_layer.0.bias', 'decoder.layers.0.feed_forward.pwff_layer.0.weight', 'decoder.layers.0.feed_forward.pwff_layer.3.bias', 'decoder.layers.0.feed_forward.pwff_layer.3.weight', 'decoder.layers.0.src_trg_att.k_layer.bias', 'decoder.layers.0.src_trg_att.k_layer.weight', 'decoder.layers.0.src_trg_att.output_layer.bias', 'decoder.layers.0.src_trg_att.output_layer.weight', 'decoder.layers.0.src_trg_att.q_layer.bias', 'decoder.layers.0.src_trg_att.q_layer.weight', 'decoder.layers.0.src_trg_att.v_layer.bias', 'decoder.layers.0.src_trg_att.v_layer.weight', 'decoder.layers.0.trg_trg_att.k_layer.bias', 'decoder.layers.0.trg_trg_att.k_layer.weight', 'decoder.layers.0.trg_trg_att.output_layer.bias', 'decoder.layers.0.trg_trg_att.output_layer.weight', 'decoder.layers.0.trg_trg_att.q_layer.bias', 'decoder.layers.0.trg_trg_att.q_layer.weight', 'decoder.layers.0.trg_trg_att.v_layer.bias', 'decoder.layers.0.trg_trg_att.v_layer.weight', 'decoder.layers.0.x_layer_norm.bias', 'decoder.layers.0.x_layer_norm.weight', 'decoder.layers.1.dec_layer_norm.bias', 'decoder.layers.1.dec_layer_norm.weight', 'decoder.layers.1.feed_forward.layer_norm.bias', 'decoder.layers.1.feed_forward.layer_norm.weight', 'decoder.layers.1.feed_forward.pwff_layer.0.bias', 'decoder.layers.1.feed_forward.pwff_layer.0.weight', 'decoder.layers.1.feed_forward.pwff_layer.3.bias', 'decoder.layers.1.feed_forward.pwff_layer.3.weight', 'decoder.layers.1.src_trg_att.k_layer.bias', 'decoder.layers.1.src_trg_att.k_layer.weight', 'decoder.layers.1.src_trg_att.output_layer.bias', 'decoder.layers.1.src_trg_att.output_layer.weight', 'decoder.layers.1.src_trg_att.q_layer.bias', 'decoder.layers.1.src_trg_att.q_layer.weight', 'decoder.layers.1.src_trg_att.v_layer.bias', 'decoder.layers.1.src_trg_att.v_layer.weight', 'decoder.layers.1.trg_trg_att.k_layer.bias', 'decoder.layers.1.trg_trg_att.k_layer.weight', 'decoder.layers.1.trg_trg_att.output_layer.bias', 'decoder.layers.1.trg_trg_att.output_layer.weight', 'decoder.layers.1.trg_trg_att.q_layer.bias', 'decoder.layers.1.trg_trg_att.q_layer.weight', 'decoder.layers.1.trg_trg_att.v_layer.bias', 'decoder.layers.1.trg_trg_att.v_layer.weight', 'decoder.layers.1.x_layer_norm.bias', 'decoder.layers.1.x_layer_norm.weight', 'decoder.layers.2.dec_layer_norm.bias', 'decoder.layers.2.dec_layer_norm.weight', 'decoder.layers.2.feed_forward.layer_norm.bias', 'decoder.layers.2.feed_forward.layer_norm.weight', 'decoder.layers.2.feed_forward.pwff_layer.0.bias', 'decoder.layers.2.feed_forward.pwff_layer.0.weight', 'decoder.layers.2.feed_forward.pwff_layer.3.bias', 'decoder.layers.2.feed_forward.pwff_layer.3.weight', 'decoder.layers.2.src_trg_att.k_layer.bias', 'decoder.layers.2.src_trg_att.k_layer.weight', 'decoder.layers.2.src_trg_att.output_layer.bias', 'decoder.layers.2.src_trg_att.output_layer.weight', 'decoder.layers.2.src_trg_att.q_layer.bias', 'decoder.layers.2.src_trg_att.q_layer.weight', 'decoder.layers.2.src_trg_att.v_layer.bias', 'decoder.layers.2.src_trg_att.v_layer.weight', 'decoder.layers.2.trg_trg_att.k_layer.bias', 'decoder.layers.2.trg_trg_att.k_layer.weight', 'decoder.layers.2.trg_trg_att.output_layer.bias', 'decoder.layers.2.trg_trg_att.output_layer.weight', 'decoder.layers.2.trg_trg_att.q_layer.bias', 'decoder.layers.2.trg_trg_att.q_layer.weight', 'decoder.layers.2.trg_trg_att.v_layer.bias', 'decoder.layers.2.trg_trg_att.v_layer.weight', 'decoder.layers.2.x_layer_norm.bias', 'decoder.layers.2.x_layer_norm.weight', 'decoder.layers.3.dec_layer_norm.bias', 'decoder.layers.3.dec_layer_norm.weight', 'decoder.layers.3.feed_forward.layer_norm.bias', 'decoder.layers.3.feed_forward.layer_norm.weight', 'decoder.layers.3.feed_forward.pwff_layer.0.bias', 'decoder.layers.3.feed_forward.pwff_layer.0.weight', 'decoder.layers.3.feed_forward.pwff_layer.3.bias', 'decoder.layers.3.feed_forward.pwff_layer.3.weight', 'decoder.layers.3.src_trg_att.k_layer.bias', 'decoder.layers.3.src_trg_att.k_layer.weight', 'decoder.layers.3.src_trg_att.output_layer.bias', 'decoder.layers.3.src_trg_att.output_layer.weight', 'decoder.layers.3.src_trg_att.q_layer.bias', 'decoder.layers.3.src_trg_att.q_layer.weight', 'decoder.layers.3.src_trg_att.v_layer.bias', 'decoder.layers.3.src_trg_att.v_layer.weight', 'decoder.layers.3.trg_trg_att.k_layer.bias', 'decoder.layers.3.trg_trg_att.k_layer.weight', 'decoder.layers.3.trg_trg_att.output_layer.bias', 'decoder.layers.3.trg_trg_att.output_layer.weight', 'decoder.layers.3.trg_trg_att.q_layer.bias', 'decoder.layers.3.trg_trg_att.q_layer.weight', 'decoder.layers.3.trg_trg_att.v_layer.bias', 'decoder.layers.3.trg_trg_att.v_layer.weight', 'decoder.layers.3.x_layer_norm.bias', 'decoder.layers.3.x_layer_norm.weight', 'decoder.layers.4.dec_layer_norm.bias', 'decoder.layers.4.dec_layer_norm.weight', 'decoder.layers.4.feed_forward.layer_norm.bias', 'decoder.layers.4.feed_forward.layer_norm.weight', 'decoder.layers.4.feed_forward.pwff_layer.0.bias', 'decoder.layers.4.feed_forward.pwff_layer.0.weight', 'decoder.layers.4.feed_forward.pwff_layer.3.bias', 'decoder.layers.4.feed_forward.pwff_layer.3.weight', 'decoder.layers.4.src_trg_att.k_layer.bias', 'decoder.layers.4.src_trg_att.k_layer.weight', 'decoder.layers.4.src_trg_att.output_layer.bias', 'decoder.layers.4.src_trg_att.output_layer.weight', 'decoder.layers.4.src_trg_att.q_layer.bias', 'decoder.layers.4.src_trg_att.q_layer.weight', 'decoder.layers.4.src_trg_att.v_layer.bias', 'decoder.layers.4.src_trg_att.v_layer.weight', 'decoder.layers.4.trg_trg_att.k_layer.bias', 'decoder.layers.4.trg_trg_att.k_layer.weight', 'decoder.layers.4.trg_trg_att.output_layer.bias', 'decoder.layers.4.trg_trg_att.output_layer.weight', 'decoder.layers.4.trg_trg_att.q_layer.bias', 'decoder.layers.4.trg_trg_att.q_layer.weight', 'decoder.layers.4.trg_trg_att.v_layer.bias', 'decoder.layers.4.trg_trg_att.v_layer.weight', 'decoder.layers.4.x_layer_norm.bias', 'decoder.layers.4.x_layer_norm.weight', 'decoder.layers.5.dec_layer_norm.bias', 'decoder.layers.5.dec_layer_norm.weight', 'decoder.layers.5.feed_forward.layer_norm.bias', 'decoder.layers.5.feed_forward.layer_norm.weight', 'decoder.layers.5.feed_forward.pwff_layer.0.bias', 'decoder.layers.5.feed_forward.pwff_layer.0.weight', 'decoder.layers.5.feed_forward.pwff_layer.3.bias', 'decoder.layers.5.feed_forward.pwff_layer.3.weight', 'decoder.layers.5.src_trg_att.k_layer.bias', 'decoder.layers.5.src_trg_att.k_layer.weight', 'decoder.layers.5.src_trg_att.output_layer.bias', 'decoder.layers.5.src_trg_att.output_layer.weight', 'decoder.layers.5.src_trg_att.q_layer.bias', 'decoder.layers.5.src_trg_att.q_layer.weight', 'decoder.layers.5.src_trg_att.v_layer.bias', 'decoder.layers.5.src_trg_att.v_layer.weight', 'decoder.layers.5.trg_trg_att.k_layer.bias', 'decoder.layers.5.trg_trg_att.k_layer.weight', 'decoder.layers.5.trg_trg_att.output_layer.bias', 'decoder.layers.5.trg_trg_att.output_layer.weight', 'decoder.layers.5.trg_trg_att.q_layer.bias', 'decoder.layers.5.trg_trg_att.q_layer.weight', 'decoder.layers.5.trg_trg_att.v_layer.bias', 'decoder.layers.5.trg_trg_att.v_layer.weight', 'decoder.layers.5.x_layer_norm.bias', 'decoder.layers.5.x_layer_norm.weight', 'encoder.layer_norm.bias', 'encoder.layer_norm.weight', 'encoder.layers.0.feed_forward.layer_norm.bias', 'encoder.layers.0.feed_forward.layer_norm.weight', 'encoder.layers.0.feed_forward.pwff_layer.0.bias', 'encoder.layers.0.feed_forward.pwff_layer.0.weight', 'encoder.layers.0.feed_forward.pwff_layer.3.bias', 'encoder.layers.0.feed_forward.pwff_layer.3.weight', 'encoder.layers.0.layer_norm.bias', 'encoder.layers.0.layer_norm.weight', 'encoder.layers.0.src_src_att.k_layer.bias', 'encoder.layers.0.src_src_att.k_layer.weight', 'encoder.layers.0.src_src_att.output_layer.bias', 'encoder.layers.0.src_src_att.output_layer.weight', 'encoder.layers.0.src_src_att.q_layer.bias', 'encoder.layers.0.src_src_att.q_layer.weight', 'encoder.layers.0.src_src_att.v_layer.bias', 'encoder.layers.0.src_src_att.v_layer.weight', 'encoder.layers.1.feed_forward.layer_norm.bias', 'encoder.layers.1.feed_forward.layer_norm.weight', 'encoder.layers.1.feed_forward.pwff_layer.0.bias', 'encoder.layers.1.feed_forward.pwff_layer.0.weight', 'encoder.layers.1.feed_forward.pwff_layer.3.bias', 'encoder.layers.1.feed_forward.pwff_layer.3.weight', 'encoder.layers.1.layer_norm.bias', 'encoder.layers.1.layer_norm.weight', 'encoder.layers.1.src_src_att.k_layer.bias', 'encoder.layers.1.src_src_att.k_layer.weight', 'encoder.layers.1.src_src_att.output_layer.bias', 'encoder.layers.1.src_src_att.output_layer.weight', 'encoder.layers.1.src_src_att.q_layer.bias', 'encoder.layers.1.src_src_att.q_layer.weight', 'encoder.layers.1.src_src_att.v_layer.bias', 'encoder.layers.1.src_src_att.v_layer.weight', 'encoder.layers.2.feed_forward.layer_norm.bias', 'encoder.layers.2.feed_forward.layer_norm.weight', 'encoder.layers.2.feed_forward.pwff_layer.0.bias', 'encoder.layers.2.feed_forward.pwff_layer.0.weight', 'encoder.layers.2.feed_forward.pwff_layer.3.bias', 'encoder.layers.2.feed_forward.pwff_layer.3.weight', 'encoder.layers.2.layer_norm.bias', 'encoder.layers.2.layer_norm.weight', 'encoder.layers.2.src_src_att.k_layer.bias', 'encoder.layers.2.src_src_att.k_layer.weight', 'encoder.layers.2.src_src_att.output_layer.bias', 'encoder.layers.2.src_src_att.output_layer.weight', 'encoder.layers.2.src_src_att.q_layer.bias', 'encoder.layers.2.src_src_att.q_layer.weight', 'encoder.layers.2.src_src_att.v_layer.bias', 'encoder.layers.2.src_src_att.v_layer.weight', 'encoder.layers.3.feed_forward.layer_norm.bias', 'encoder.layers.3.feed_forward.layer_norm.weight', 'encoder.layers.3.feed_forward.pwff_layer.0.bias', 'encoder.layers.3.feed_forward.pwff_layer.0.weight', 'encoder.layers.3.feed_forward.pwff_layer.3.bias', 'encoder.layers.3.feed_forward.pwff_layer.3.weight', 'encoder.layers.3.layer_norm.bias', 'encoder.layers.3.layer_norm.weight', 'encoder.layers.3.src_src_att.k_layer.bias', 'encoder.layers.3.src_src_att.k_layer.weight', 'encoder.layers.3.src_src_att.output_layer.bias', 'encoder.layers.3.src_src_att.output_layer.weight', 'encoder.layers.3.src_src_att.q_layer.bias', 'encoder.layers.3.src_src_att.q_layer.weight', 'encoder.layers.3.src_src_att.v_layer.bias', 'encoder.layers.3.src_src_att.v_layer.weight', 'encoder.layers.4.feed_forward.layer_norm.bias', 'encoder.layers.4.feed_forward.layer_norm.weight', 'encoder.layers.4.feed_forward.pwff_layer.0.bias', 'encoder.layers.4.feed_forward.pwff_layer.0.weight', 'encoder.layers.4.feed_forward.pwff_layer.3.bias', 'encoder.layers.4.feed_forward.pwff_layer.3.weight', 'encoder.layers.4.layer_norm.bias', 'encoder.layers.4.layer_norm.weight', 'encoder.layers.4.src_src_att.k_layer.bias', 'encoder.layers.4.src_src_att.k_layer.weight', 'encoder.layers.4.src_src_att.output_layer.bias', 'encoder.layers.4.src_src_att.output_layer.weight', 'encoder.layers.4.src_src_att.q_layer.bias', 'encoder.layers.4.src_src_att.q_layer.weight', 'encoder.layers.4.src_src_att.v_layer.bias', 'encoder.layers.4.src_src_att.v_layer.weight', 'encoder.layers.5.feed_forward.layer_norm.bias', 'encoder.layers.5.feed_forward.layer_norm.weight', 'encoder.layers.5.feed_forward.pwff_layer.0.bias', 'encoder.layers.5.feed_forward.pwff_layer.0.weight', 'encoder.layers.5.feed_forward.pwff_layer.3.bias', 'encoder.layers.5.feed_forward.pwff_layer.3.weight', 'encoder.layers.5.layer_norm.bias', 'encoder.layers.5.layer_norm.weight', 'encoder.layers.5.src_src_att.k_layer.bias', 'encoder.layers.5.src_src_att.k_layer.weight', 'encoder.layers.5.src_src_att.output_layer.bias', 'encoder.layers.5.src_src_att.output_layer.weight', 'encoder.layers.5.src_src_att.q_layer.bias', 'encoder.layers.5.src_src_att.q_layer.weight', 'encoder.layers.5.src_src_att.v_layer.bias', 'encoder.layers.5.src_src_att.v_layer.weight', 'src_embed.lut.weight', 'trg_embed.lut.weight']
2020-08-10 06:42:35,243 cfg.data.dev                       : chatnmt/multi_encoder/dev_subset.tags.bpe.10000
2020-08-10 06:42:35,243 cfg.data.level                     : bpe
2020-08-10 06:42:35,243 cfg.data.lowercase                 : False
2020-08-10 06:42:35,243 cfg.data.max_sent_length           : 100
2020-08-10 06:42:35,243 cfg.data.src                       : en
2020-08-10 06:42:35,243 cfg.data.test                      : chatnmt/multi_encoder/test.tags.bpe.10000
2020-08-10 06:42:35,243 cfg.data.train                     : chatnmt/multi_encoder/train_subset.tags.bpe.10000
2020-08-10 06:42:35,243 cfg.data.trg                       : de
2020-08-10 06:42:35,243 cfg.model.bias_initializer         : zeros
2020-08-10 06:42:35,243 cfg.model.decoder.dropout          : 0.1
2020-08-10 06:42:35,243 cfg.model.decoder.embeddings.dropout : 0.0
2020-08-10 06:42:35,243 cfg.model.decoder.embeddings.embedding_dim : 256
2020-08-10 06:42:35,243 cfg.model.decoder.embeddings.scale : True
2020-08-10 06:42:35,243 cfg.model.decoder.ff_size          : 512
2020-08-10 06:42:35,243 cfg.model.decoder.freeze           : False
2020-08-10 06:42:35,243 cfg.model.decoder.hidden_size      : 256
2020-08-10 06:42:35,243 cfg.model.decoder.num_heads        : 8
2020-08-10 06:42:35,243 cfg.model.decoder.num_layers       : 6
2020-08-10 06:42:35,243 cfg.model.decoder.type             : transformer
2020-08-10 06:42:35,243 cfg.model.embed_init_gain          : 1.0
2020-08-10 06:42:35,244 cfg.model.embed_initializer        : xavier
2020-08-10 06:42:35,244 cfg.model.encoder.dropout          : 0.3
2020-08-10 06:42:35,244 cfg.model.encoder.embeddings.dropout : 0.0
2020-08-10 06:42:35,244 cfg.model.encoder.embeddings.embedding_dim : 256
2020-08-10 06:42:35,244 cfg.model.encoder.embeddings.scale : True
2020-08-10 06:42:35,244 cfg.model.encoder.ff_size          : 512
2020-08-10 06:42:35,244 cfg.model.encoder.freeze           : False
2020-08-10 06:42:35,244 cfg.model.encoder.hidden_size      : 256
2020-08-10 06:42:35,244 cfg.model.encoder.multi_encoder    : False
2020-08-10 06:42:35,244 cfg.model.encoder.num_heads        : 16
2020-08-10 06:42:35,244 cfg.model.encoder.num_layers       : 6
2020-08-10 06:42:35,244 cfg.model.encoder.type             : transformer
2020-08-10 06:42:35,244 cfg.model.init_gain                : 1.0
2020-08-10 06:42:35,244 cfg.model.initializer              : xavier
2020-08-10 06:42:35,244 cfg.model.tied_embeddings          : False
2020-08-10 06:42:35,244 cfg.model.tied_softmax             : True
2020-08-10 06:42:35,244 cfg.name                           : transformer
2020-08-10 06:42:35,244 cfg.testing.alpha                  : 1.0
2020-08-10 06:42:35,244 cfg.testing.beam_size              : 5
2020-08-10 06:42:35,244 cfg.training.adam_betas            : [0.9, 0.999]
2020-08-10 06:42:35,244 cfg.training.batch_multiplier      : 1
2020-08-10 06:42:35,244 cfg.training.batch_size            : 1024
2020-08-10 06:42:35,244 cfg.training.batch_type            : token
2020-08-10 06:42:35,244 cfg.training.decrease_factor       : 0.7
2020-08-10 06:42:35,244 cfg.training.early_stopping_metric : ppl
2020-08-10 06:42:35,244 cfg.training.epochs                : 20
2020-08-10 06:42:35,244 cfg.training.eval_metric           : bleu
2020-08-10 06:42:35,244 cfg.training.keep_last_ckpts       : 3
2020-08-10 06:42:35,244 cfg.training.label_smoothing       : 0.1
2020-08-10 06:42:35,245 cfg.training.learning_rate         : 0.0002
2020-08-10 06:42:35,245 cfg.training.learning_rate_min     : 1e-08
2020-08-10 06:42:35,245 cfg.training.logging_freq          : 100
2020-08-10 06:42:35,245 cfg.training.loss                  : crossentropy
2020-08-10 06:42:35,245 cfg.training.max_output_length     : 100
2020-08-10 06:42:35,245 cfg.training.model_dir             : models/viznet/attempt3/16_8_0.3_256_256_1024_8_8
2020-08-10 06:42:35,245 cfg.training.normalization         : tokens
2020-08-10 06:42:35,245 cfg.training.optimizer             : adam
2020-08-10 06:42:35,245 cfg.training.overwrite             : True
2020-08-10 06:42:35,245 cfg.training.patience              : 8
2020-08-10 06:42:35,245 cfg.training.print_valid_sents     : [0, 1, 2, 3]
2020-08-10 06:42:35,245 cfg.training.random_seed           : 42
2020-08-10 06:42:35,245 cfg.training.scheduling            : plateau
2020-08-10 06:42:35,245 cfg.training.shuffle               : True
2020-08-10 06:42:35,245 cfg.training.use_cuda              : True
2020-08-10 06:42:35,245 cfg.training.validation_freq       : 200
2020-08-10 06:42:35,245 cfg.training.weight_decay          : 0.0
2020-08-10 06:42:35,245 Data set sizes: 
	train 5000,
	valid 500,
	test 1220
2020-08-10 06:42:35,245 First training example:
	[SRC] hi there ! how can i help ?
	[TRG] hallo ! wie kann ich helfen ?
2020-08-10 06:42:35,245 First 10 words (src): (0) <unk> (1) <pad> (2) <s> (3) </s> (4) . (5) , (6) ? (7) you (8) i (9) the
2020-08-10 06:42:35,246 First 10 words (trg): (0) <unk> (1) <pad> (2) <s> (3) </s> (4) . (5) , (6) ? (7) sie (8) ich (9) das
2020-08-10 06:42:35,246 Number of Src words (types): 3468
2020-08-10 06:42:35,246 Number of Trg words (types): 4487
2020-08-10 06:42:35,246 Model(
	encoder=TransformerEncoder(num_layers=6, num_heads=16),
	decoder=TransformerDecoder(num_layers=6, num_heads=8),
	src_embed=Embeddings(embedding_dim=256, vocab_size=3468),
	trg_embed=Embeddings(embedding_dim=256, vocab_size=4487))
2020-08-10 06:42:35,251 EPOCH 1
2020-08-10 06:42:41,226 Epoch   1: total training loss 544.58
2020-08-10 06:42:41,227 EPOCH 2
2020-08-10 06:42:41,364 Epoch   2 Step:      100 Batch Loss:     4.493063 Tokens per Sec:    10203, Lr: 0.000200
2020-08-10 06:42:47,191 Epoch   2: total training loss 462.87
2020-08-10 06:42:47,192 EPOCH 3
2020-08-10 06:42:47,388 Epoch   3 Step:      200 Batch Loss:     3.676988 Tokens per Sec:    10238, Lr: 0.000200
2020-08-10 06:43:05,335 Hooray! New best validation result [ppl]!
2020-08-10 06:43:05,336 Saving new checkpoint.
2020-08-10 06:43:05,607 Example #0
2020-08-10 06:43:05,607 	Raw source:     ['hello', '.']
2020-08-10 06:43:05,607 	Raw hypothesis: ['ja', '.']
2020-08-10 06:43:05,607 	Source:     hello .
2020-08-10 06:43:05,607 	Reference:  hallo ,
2020-08-10 06:43:05,607 	Hypothesis: ja .
2020-08-10 06:43:05,607 Example #1
2020-08-10 06:43:05,607 	Raw source:     ['hi', ',', 'how', 'can', 'i', 'help', 'you', '?']
2020-08-10 06:43:05,607 	Raw hypothesis: ['ich', ',', 'ich', 'sie', 'sie', 'sie', '?']
2020-08-10 06:43:05,607 	Source:     hi , how can i help you ?
2020-08-10 06:43:05,607 	Reference:  hallo , wie kann ich ihnen helfen ?
2020-08-10 06:43:05,607 	Hypothesis: ich , ich sie sie sie ?
2020-08-10 06:43:05,607 Example #2
2020-08-10 06:43:05,607 	Raw source:     ['hi', ',', 'i', '&apos;m', 'looking', 'for', 'a', 'restaurant', 'inside', 'the', 'arden', 'fair', 'mall', 'in', 'san', 'francisco', ',', 'california', '.']
2020-08-10 06:43:05,607 	Raw hypothesis: ['ich', ',', 'ich', 'ich', 'ich', 'ich', 'sie', 'sie', 'sie', 'sie', 'sie', 'sie', 'sie', 'sie', 'sie', 'sie', 'sie', 'sie', 'sie', 'sie', 'sie', 'sie', 'sie', 'sie', 'sie', 'sie', 'sie', 'sie', 'sie', 'sie', 'sie', 'sie', 'sie', 'sie', 'sie', 'sie', 'sie', 'sie', 'sie', 'sie', 'sie', 'sie', 'sie', 'sie', 'sie', '.']
2020-08-10 06:43:05,607 	Source:     hi , i &apos;m looking for a restaurant inside the arden fair mall in san francisco , california .
2020-08-10 06:43:05,607 	Reference:  hallo , ich bin auf der suche nach einem restaurant im arden fair einkaufszentrum in san francisco , kalifornien .
2020-08-10 06:43:05,607 	Hypothesis: ich , ich ich ich ich sie sie sie sie sie sie sie sie sie sie sie sie sie sie sie sie sie sie sie sie sie sie sie sie sie sie sie sie sie sie sie sie sie sie sie sie sie sie sie .
2020-08-10 06:43:05,607 Example #3
2020-08-10 06:43:05,607 	Raw source:     ['ok', ',', 'what', 'type', 'of', 'restaurant', 'are', 'you', 'looking', 'for', '?']
2020-08-10 06:43:05,607 	Raw hypothesis: ['ich', 'sie', 'sie', 'sie', 'sie', 'sie', 'sie', '?']
2020-08-10 06:43:05,607 	Source:     ok , what type of restaurant are you looking for ?
2020-08-10 06:43:05,607 	Reference:  ok . welche art von restaurant suchen sie denn genau ?
2020-08-10 06:43:05,607 	Hypothesis: ich sie sie sie sie sie sie ?
2020-08-10 06:43:05,608 Validation result (greedy) at epoch   3, step      200: bleu:   0.00, loss: 29717.8066, ppl: 103.8978, duration: 18.2192s
2020-08-10 06:43:11,306 Epoch   3: total training loss 426.73
2020-08-10 06:43:11,306 EPOCH 4
2020-08-10 06:43:11,551 Epoch   4 Step:      300 Batch Loss:     3.594886 Tokens per Sec:     6678, Lr: 0.000200
2020-08-10 06:43:17,297 Epoch   4: total training loss 396.27
2020-08-10 06:43:17,297 EPOCH 5
2020-08-10 06:43:17,610 Epoch   5 Step:      400 Batch Loss:     2.952101 Tokens per Sec:     9559, Lr: 0.000200
2020-08-10 06:43:34,945 Hooray! New best validation result [ppl]!
2020-08-10 06:43:34,945 Saving new checkpoint.
2020-08-10 06:43:35,221 Example #0
2020-08-10 06:43:35,222 	Raw source:     ['hello', '.']
2020-08-10 06:43:35,222 	Raw hypothesis: ['hallo', '.']
2020-08-10 06:43:35,222 	Source:     hello .
2020-08-10 06:43:35,222 	Reference:  hallo ,
2020-08-10 06:43:35,222 	Hypothesis: hallo .
2020-08-10 06:43:35,222 Example #1
2020-08-10 06:43:35,222 	Raw source:     ['hi', ',', 'how', 'can', 'i', 'help', 'you', '?']
2020-08-10 06:43:35,222 	Raw hypothesis: ['hallo', ',', 'wie', 'kann', 'ich', 'ihnen', 'helfen', '?']
2020-08-10 06:43:35,222 	Source:     hi , how can i help you ?
2020-08-10 06:43:35,222 	Reference:  hallo , wie kann ich ihnen helfen ?
2020-08-10 06:43:35,222 	Hypothesis: hallo , wie kann ich ihnen helfen ?
2020-08-10 06:43:35,222 Example #2
2020-08-10 06:43:35,222 	Raw source:     ['hi', ',', 'i', '&apos;m', 'looking', 'for', 'a', 'restaurant', 'inside', 'the', 'arden', 'fair', 'mall', 'in', 'san', 'francisco', ',', 'california', '.']
2020-08-10 06:43:35,222 	Raw hypothesis: ['ich', 'möchte', 'habe', 'ein', 'ein', 'ein', 'ein', 'der', 'der', 'der', 'der', 'der', 'der', 'der', 'der', 'der', 'der', 'der', 'der', 'der', 'der', 'der', 'der', 'der', 'der', 'der', 'der', 'der', 'der', 'der', 'der', 'der', 'der', 'der', 'der', 'der', 'der', 'der', 'der', 'der', 'der', 'der', 'der', 'der', 'der', 'der', 'der', 'der', 'der', 'der', 'der', 'der', 'der', 'der', 'der', 'der', 'der', 'der', 'der', 'der', 'der', 'der', 'der', 'der', 'der', 'der', 'der', 'der', 'der', 'der', 'der', 'der', 'der', 'der', 'der', 'der', 'der', 'der', 'der', 'der', 'der', 'der', 'der', 'der', 'der', 'der', 'der', 'der', 'der', 'der', 'der', 'der', 'der', 'der', 'der', 'der', 'der', 'der', 'der', 'der']
2020-08-10 06:43:35,222 	Source:     hi , i &apos;m looking for a restaurant inside the arden fair mall in san francisco , california .
2020-08-10 06:43:35,222 	Reference:  hallo , ich bin auf der suche nach einem restaurant im arden fair einkaufszentrum in san francisco , kalifornien .
2020-08-10 06:43:35,222 	Hypothesis: ich möchte habe ein ein ein ein der der der der der der der der der der der der der der der der der der der der der der der der der der der der der der der der der der der der der der der der der der der der der der der der der der der der der der der der der der der der der der der der der der der der der der der der der der der der der der der der der der der der der der der der der der der der der
2020-08-10 06:43:35,223 Example #3
2020-08-10 06:43:35,223 	Raw source:     ['ok', ',', 'what', 'type', 'of', 'restaurant', 'are', 'you', 'looking', 'for', '?']
2020-08-10 06:43:35,223 	Raw hypothesis: ['ok', ',', 'wie', 'sie', 'die', 'die', 'die', 'die', '?']
2020-08-10 06:43:35,223 	Source:     ok , what type of restaurant are you looking for ?
2020-08-10 06:43:35,223 	Reference:  ok . welche art von restaurant suchen sie denn genau ?
2020-08-10 06:43:35,223 	Hypothesis: ok , wie sie die die die die ?
2020-08-10 06:43:35,223 Validation result (greedy) at epoch   5, step      400: bleu:   2.29, loss: 25752.8516, ppl:  55.9178, duration: 17.6123s
2020-08-10 06:43:40,929 Epoch   5: total training loss 366.96
2020-08-10 06:43:40,929 EPOCH 6
2020-08-10 06:43:41,241 Epoch   6 Step:      500 Batch Loss:     2.713176 Tokens per Sec:     9724, Lr: 0.000200
2020-08-10 06:43:46,861 Epoch   6: total training loss 330.04
2020-08-10 06:43:46,861 EPOCH 7
2020-08-10 06:43:47,306 Epoch   7 Step:      600 Batch Loss:     2.450723 Tokens per Sec:    10764, Lr: 0.000200
2020-08-10 06:44:02,672 Hooray! New best validation result [ppl]!
2020-08-10 06:44:02,672 Saving new checkpoint.
2020-08-10 06:44:02,958 Example #0
2020-08-10 06:44:02,958 	Raw source:     ['hello', '.']
2020-08-10 06:44:02,958 	Raw hypothesis: ['hallo', '.']
2020-08-10 06:44:02,958 	Source:     hello .
2020-08-10 06:44:02,958 	Reference:  hallo ,
2020-08-10 06:44:02,958 	Hypothesis: hallo .
2020-08-10 06:44:02,958 Example #1
2020-08-10 06:44:02,958 	Raw source:     ['hi', ',', 'how', 'can', 'i', 'help', 'you', '?']
2020-08-10 06:44:02,958 	Raw hypothesis: ['hallo', ',', 'wie', 'kann', 'ich', 'ihnen', 'helfen', '?']
2020-08-10 06:44:02,958 	Source:     hi , how can i help you ?
2020-08-10 06:44:02,958 	Reference:  hallo , wie kann ich ihnen helfen ?
2020-08-10 06:44:02,959 	Hypothesis: hallo , wie kann ich ihnen helfen ?
2020-08-10 06:44:02,959 Example #2
2020-08-10 06:44:02,959 	Raw source:     ['hi', ',', 'i', '&apos;m', 'looking', 'for', 'a', 'restaurant', 'inside', 'the', 'arden', 'fair', 'mall', 'in', 'san', 'francisco', ',', 'california', '.']
2020-08-10 06:44:02,959 	Raw hypothesis: ['hallo', ',', 'ich', 'möchte', 'ein', 'pizzen', 'in', 'der', 'der', 'der', 'der', 'der', 'der', 'der', 'der', 'der', 'der', 'der', 'der', 'der', 'der', 'der', 'der', 'der', 'der', 'der', 'der', 'der', 'der', 'der', 'der', 'der', 'der', 'der', 'der', 'der', 'der', 'der', 'der', 'der', 'der', 'der', 'der', 'der', 'der', 'der', 'der', 'der', 'der', 'der', 'der', 'der', 'der', 'der', 'der', 'der', 'der', 'der', 'der', 'der', 'der', 'der', 'der', 'der', 'der', 'der', 'der', 'der', 'der', 'der', 'der', 'der', 'der', 'der', 'der', 'der', 'der', 'der', 'der', 'der', 'der', 'der', 'der', 'der', 'der', 'der', 'der', 'der', 'der', 'der', 'der', 'der', 'der', 'der', 'der', 'der', 'der', 'der', 'der', 'der']
2020-08-10 06:44:02,959 	Source:     hi , i &apos;m looking for a restaurant inside the arden fair mall in san francisco , california .
2020-08-10 06:44:02,959 	Reference:  hallo , ich bin auf der suche nach einem restaurant im arden fair einkaufszentrum in san francisco , kalifornien .
2020-08-10 06:44:02,959 	Hypothesis: hallo , ich möchte ein pizzen in der der der der der der der der der der der der der der der der der der der der der der der der der der der der der der der der der der der der der der der der der der der der der der der der der der der der der der der der der der der der der der der der der der der der der der der der der der der der der der der der der der der der der der der der der der der der der
2020-08-10 06:44:02,959 Example #3
2020-08-10 06:44:02,959 	Raw source:     ['ok', ',', 'what', 'type', 'of', 'restaurant', 'are', 'you', 'looking', 'for', '?']
2020-08-10 06:44:02,959 	Raw hypothesis: ['ok', ',', 'welche', 'art', 'von', 'von', 'von', 'von', 'art', 'von', 'von', 'von', '?']
2020-08-10 06:44:02,959 	Source:     ok , what type of restaurant are you looking for ?
2020-08-10 06:44:02,959 	Reference:  ok . welche art von restaurant suchen sie denn genau ?
2020-08-10 06:44:02,959 	Hypothesis: ok , welche art von von von von art von von von ?
2020-08-10 06:44:02,959 Validation result (greedy) at epoch   7, step      600: bleu:   6.03, loss: 22955.9297, ppl:  36.1206, duration: 15.6528s
2020-08-10 06:44:08,451 Epoch   7: total training loss 308.26
2020-08-10 06:44:08,452 EPOCH 8
2020-08-10 06:44:09,011 Epoch   8 Step:      700 Batch Loss:     3.424850 Tokens per Sec:    10575, Lr: 0.000200
2020-08-10 06:44:14,342 Epoch   8: total training loss 290.47
2020-08-10 06:44:14,342 EPOCH 9
2020-08-10 06:44:14,947 Epoch   9 Step:      800 Batch Loss:     0.581125 Tokens per Sec:     9915, Lr: 0.000200
2020-08-10 06:44:30,349 Hooray! New best validation result [ppl]!
2020-08-10 06:44:30,350 Saving new checkpoint.
2020-08-10 06:44:30,664 Example #0
2020-08-10 06:44:30,664 	Raw source:     ['hello', '.']
2020-08-10 06:44:30,664 	Raw hypothesis: ['hallo', '.']
2020-08-10 06:44:30,664 	Source:     hello .
2020-08-10 06:44:30,664 	Reference:  hallo ,
2020-08-10 06:44:30,664 	Hypothesis: hallo .
2020-08-10 06:44:30,664 Example #1
2020-08-10 06:44:30,664 	Raw source:     ['hi', ',', 'how', 'can', 'i', 'help', 'you', '?']
2020-08-10 06:44:30,664 	Raw hypothesis: ['hallo', ',', 'wie', 'kann', 'ich', 'ihnen', 'helfen', '?']
2020-08-10 06:44:30,664 	Source:     hi , how can i help you ?
2020-08-10 06:44:30,664 	Reference:  hallo , wie kann ich ihnen helfen ?
2020-08-10 06:44:30,664 	Hypothesis: hallo , wie kann ich ihnen helfen ?
2020-08-10 06:44:30,665 Example #2
2020-08-10 06:44:30,665 	Raw source:     ['hi', ',', 'i', '&apos;m', 'looking', 'for', 'a', 'restaurant', 'inside', 'the', 'arden', 'fair', 'mall', 'in', 'san', 'francisco', ',', 'california', '.']
2020-08-10 06:44:30,665 	Raw hypothesis: ['hallo', ',', 'ich', 'möchte', 'ein', 'paar', 'restaurant', 'in', 'der', 'der', 'der', 'der', 'der', 'der', 'der', 'der', 'der', 'der', 'bella', 'bella', 'luna', 'luna', '.']
2020-08-10 06:44:30,665 	Source:     hi , i &apos;m looking for a restaurant inside the arden fair mall in san francisco , california .
2020-08-10 06:44:30,665 	Reference:  hallo , ich bin auf der suche nach einem restaurant im arden fair einkaufszentrum in san francisco , kalifornien .
2020-08-10 06:44:30,665 	Hypothesis: hallo , ich möchte ein paar restaurant in der der der der der der der der der der bella bella luna luna .
2020-08-10 06:44:30,665 Example #3
2020-08-10 06:44:30,665 	Raw source:     ['ok', ',', 'what', 'type', 'of', 'restaurant', 'are', 'you', 'looking', 'for', '?']
2020-08-10 06:44:30,665 	Raw hypothesis: ['ok', ',', 'welche', 'art', 'von', 'von', 'von', 'von', 'von', 'von', 'von', 'von', 'von', 'von', '?']
2020-08-10 06:44:30,665 	Source:     ok , what type of restaurant are you looking for ?
2020-08-10 06:44:30,665 	Reference:  ok . welche art von restaurant suchen sie denn genau ?
2020-08-10 06:44:30,665 	Hypothesis: ok , welche art von von von von von von von von von von ?
2020-08-10 06:44:30,665 Validation result (greedy) at epoch   9, step      800: bleu:   7.05, loss: 21102.7402, ppl:  27.0396, duration: 15.7182s
2020-08-10 06:44:36,047 Epoch   9: total training loss 272.43
2020-08-10 06:44:36,047 EPOCH 10
2020-08-10 06:44:36,717 Epoch  10 Step:      900 Batch Loss:     3.054405 Tokens per Sec:    11629, Lr: 0.000200
2020-08-10 06:44:42,027 Epoch  10: total training loss 265.66
2020-08-10 06:44:42,027 EPOCH 11
2020-08-10 06:44:42,761 Epoch  11 Step:     1000 Batch Loss:     2.597502 Tokens per Sec:    10577, Lr: 0.000200
2020-08-10 06:44:49,952 Hooray! New best validation result [ppl]!
2020-08-10 06:44:49,952 Saving new checkpoint.
2020-08-10 06:44:50,250 Example #0
2020-08-10 06:44:50,251 	Raw source:     ['hello', '.']
2020-08-10 06:44:50,251 	Raw hypothesis: ['hallo', ',']
2020-08-10 06:44:50,251 	Source:     hello .
2020-08-10 06:44:50,251 	Reference:  hallo ,
2020-08-10 06:44:50,251 	Hypothesis: hallo ,
2020-08-10 06:44:50,251 Example #1
2020-08-10 06:44:50,251 	Raw source:     ['hi', ',', 'how', 'can', 'i', 'help', 'you', '?']
2020-08-10 06:44:50,251 	Raw hypothesis: ['hallo', ',', 'wie', 'kann', 'ich', 'ihnen', 'helfen', '?']
2020-08-10 06:44:50,251 	Source:     hi , how can i help you ?
2020-08-10 06:44:50,251 	Reference:  hallo , wie kann ich ihnen helfen ?
2020-08-10 06:44:50,251 	Hypothesis: hallo , wie kann ich ihnen helfen ?
2020-08-10 06:44:50,251 Example #2
2020-08-10 06:44:50,251 	Raw source:     ['hi', ',', 'i', '&apos;m', 'looking', 'for', 'a', 'restaurant', 'inside', 'the', 'arden', 'fair', 'mall', 'in', 'san', 'francisco', ',', 'california', '.']
2020-08-10 06:44:50,251 	Raw hypothesis: ['hallo', ',', 'ich', 'möchte', 'ein', 'restaurant', 'in', 'der', 'nähe', 'in', 'der', 'nähe', 'der', 'nähe', 'von', 'bella', 'luna', '.']
2020-08-10 06:44:50,251 	Source:     hi , i &apos;m looking for a restaurant inside the arden fair mall in san francisco , california .
2020-08-10 06:44:50,251 	Reference:  hallo , ich bin auf der suche nach einem restaurant im arden fair einkaufszentrum in san francisco , kalifornien .
2020-08-10 06:44:50,251 	Hypothesis: hallo , ich möchte ein restaurant in der nähe in der nähe der nähe von bella luna .
2020-08-10 06:44:50,252 Example #3
2020-08-10 06:44:50,252 	Raw source:     ['ok', ',', 'what', 'type', 'of', 'restaurant', 'are', 'you', 'looking', 'for', '?']
2020-08-10 06:44:50,252 	Raw hypothesis: ['ok', ',', 'welche', 'art', 'von', 'von', 'von', 'essen', 'möchten', 'sie', '?']
2020-08-10 06:44:50,252 	Source:     ok , what type of restaurant are you looking for ?
2020-08-10 06:44:50,252 	Reference:  ok . welche art von restaurant suchen sie denn genau ?
2020-08-10 06:44:50,252 	Hypothesis: ok , welche art von von von essen möchten sie ?
2020-08-10 06:44:50,252 Validation result (greedy) at epoch  11, step     1000: bleu:  13.87, loss: 19706.3066, ppl:  21.7391, duration: 7.4910s
2020-08-10 06:44:55,417 Epoch  11: total training loss 243.26
2020-08-10 06:44:55,417 EPOCH 12
2020-08-10 06:44:56,276 Epoch  12 Step:     1100 Batch Loss:     2.286428 Tokens per Sec:    10547, Lr: 0.000200
2020-08-10 06:45:01,455 Epoch  12: total training loss 236.29
2020-08-10 06:45:01,455 EPOCH 13
2020-08-10 06:45:02,305 Epoch  13 Step:     1200 Batch Loss:     2.467098 Tokens per Sec:    11487, Lr: 0.000200
2020-08-10 06:45:11,308 Hooray! New best validation result [ppl]!
2020-08-10 06:45:11,308 Saving new checkpoint.
2020-08-10 06:45:11,605 Example #0
2020-08-10 06:45:11,605 	Raw source:     ['hello', '.']
2020-08-10 06:45:11,605 	Raw hypothesis: ['hallo']
2020-08-10 06:45:11,605 	Source:     hello .
2020-08-10 06:45:11,605 	Reference:  hallo ,
2020-08-10 06:45:11,605 	Hypothesis: hallo
2020-08-10 06:45:11,605 Example #1
2020-08-10 06:45:11,605 	Raw source:     ['hi', ',', 'how', 'can', 'i', 'help', 'you', '?']
2020-08-10 06:45:11,605 	Raw hypothesis: ['hallo', ',', 'wie', 'kann', 'ich', 'ihnen', 'helfen', '?']
2020-08-10 06:45:11,605 	Source:     hi , how can i help you ?
2020-08-10 06:45:11,605 	Reference:  hallo , wie kann ich ihnen helfen ?
2020-08-10 06:45:11,605 	Hypothesis: hallo , wie kann ich ihnen helfen ?
2020-08-10 06:45:11,605 Example #2
2020-08-10 06:45:11,605 	Raw source:     ['hi', ',', 'i', '&apos;m', 'looking', 'for', 'a', 'restaurant', 'inside', 'the', 'arden', 'fair', 'mall', 'in', 'san', 'francisco', ',', 'california', '.']
2020-08-10 06:45:11,605 	Raw hypothesis: ['hallo', ',', 'ich', 'bin', 'in', 'der', 'suche', 'nach', 'einem', 'restaurant', 'in', 'san', 'francisco', ',', 'kalifornien', '.']
2020-08-10 06:45:11,605 	Source:     hi , i &apos;m looking for a restaurant inside the arden fair mall in san francisco , california .
2020-08-10 06:45:11,605 	Reference:  hallo , ich bin auf der suche nach einem restaurant im arden fair einkaufszentrum in san francisco , kalifornien .
2020-08-10 06:45:11,606 	Hypothesis: hallo , ich bin in der suche nach einem restaurant in san francisco , kalifornien .
2020-08-10 06:45:11,606 Example #3
2020-08-10 06:45:11,606 	Raw source:     ['ok', ',', 'what', 'type', 'of', 'restaurant', 'are', 'you', 'looking', 'for', '?']
2020-08-10 06:45:11,606 	Raw hypothesis: ['ok', ',', 'welche', 'art', 'von', 'restaurant', 'möchten', 'sie', '?']
2020-08-10 06:45:11,606 	Source:     ok , what type of restaurant are you looking for ?
2020-08-10 06:45:11,606 	Reference:  ok . welche art von restaurant suchen sie denn genau ?
2020-08-10 06:45:11,606 	Hypothesis: ok , welche art von restaurant möchten sie ?
2020-08-10 06:45:11,606 Validation result (greedy) at epoch  13, step     1200: bleu:  15.12, loss: 18723.9961, ppl:  18.6459, duration: 9.3005s
2020-08-10 06:45:16,810 Epoch  13: total training loss 222.24
2020-08-10 06:45:16,811 EPOCH 14
2020-08-10 06:45:17,655 Epoch  14 Step:     1300 Batch Loss:     0.464601 Tokens per Sec:    10425, Lr: 0.000200
2020-08-10 06:45:22,797 Epoch  14: total training loss 206.66
2020-08-10 06:45:22,798 EPOCH 15
2020-08-10 06:45:23,713 Epoch  15 Step:     1400 Batch Loss:     1.512632 Tokens per Sec:    10594, Lr: 0.000200
2020-08-10 06:45:29,614 Hooray! New best validation result [ppl]!
2020-08-10 06:45:29,614 Saving new checkpoint.
2020-08-10 06:45:29,913 Example #0
2020-08-10 06:45:29,913 	Raw source:     ['hello', '.']
2020-08-10 06:45:29,913 	Raw hypothesis: ['hallo', '.']
2020-08-10 06:45:29,913 	Source:     hello .
2020-08-10 06:45:29,913 	Reference:  hallo ,
2020-08-10 06:45:29,913 	Hypothesis: hallo .
2020-08-10 06:45:29,913 Example #1
2020-08-10 06:45:29,913 	Raw source:     ['hi', ',', 'how', 'can', 'i', 'help', 'you', '?']
2020-08-10 06:45:29,913 	Raw hypothesis: ['hallo', ',', 'wie', 'kann', 'ich', 'ihnen', 'helfen', '?']
2020-08-10 06:45:29,913 	Source:     hi , how can i help you ?
2020-08-10 06:45:29,914 	Reference:  hallo , wie kann ich ihnen helfen ?
2020-08-10 06:45:29,914 	Hypothesis: hallo , wie kann ich ihnen helfen ?
2020-08-10 06:45:29,914 Example #2
2020-08-10 06:45:29,914 	Raw source:     ['hi', ',', 'i', '&apos;m', 'looking', 'for', 'a', 'restaurant', 'inside', 'the', 'arden', 'fair', 'mall', 'in', 'san', 'francisco', ',', 'california', '.']
2020-08-10 06:45:29,914 	Raw hypothesis: ['hallo', ',', 'ich', 'suche', 'ein', 'restaurant', 'in', 'san', 'francisco', ',', 'kalifornien', '.']
2020-08-10 06:45:29,914 	Source:     hi , i &apos;m looking for a restaurant inside the arden fair mall in san francisco , california .
2020-08-10 06:45:29,914 	Reference:  hallo , ich bin auf der suche nach einem restaurant im arden fair einkaufszentrum in san francisco , kalifornien .
2020-08-10 06:45:29,914 	Hypothesis: hallo , ich suche ein restaurant in san francisco , kalifornien .
2020-08-10 06:45:29,914 Example #3
2020-08-10 06:45:29,914 	Raw source:     ['ok', ',', 'what', 'type', 'of', 'restaurant', 'are', 'you', 'looking', 'for', '?']
2020-08-10 06:45:29,914 	Raw hypothesis: ['ok', ',', 'welche', 'art', 'von', 'restaurant', 'möchten', 'sie', '?']
2020-08-10 06:45:29,914 	Source:     ok , what type of restaurant are you looking for ?
2020-08-10 06:45:29,914 	Reference:  ok . welche art von restaurant suchen sie denn genau ?
2020-08-10 06:45:29,914 	Hypothesis: ok , welche art von restaurant möchten sie ?
2020-08-10 06:45:29,914 Validation result (greedy) at epoch  15, step     1400: bleu:  18.85, loss: 18352.5879, ppl:  17.5946, duration: 6.2007s
2020-08-10 06:45:34,952 Epoch  15: total training loss 193.47
2020-08-10 06:45:34,953 EPOCH 16
2020-08-10 06:45:35,976 Epoch  16 Step:     1500 Batch Loss:     2.743554 Tokens per Sec:    10586, Lr: 0.000200
2020-08-10 06:45:40,918 Epoch  16: total training loss 185.09
2020-08-10 06:45:40,918 EPOCH 17
2020-08-10 06:45:42,008 Epoch  17 Step:     1600 Batch Loss:     1.164860 Tokens per Sec:    10484, Lr: 0.000200
2020-08-10 06:45:48,963 Hooray! New best validation result [ppl]!
2020-08-10 06:45:48,963 Saving new checkpoint.
2020-08-10 06:45:49,261 Example #0
2020-08-10 06:45:49,261 	Raw source:     ['hello', '.']
2020-08-10 06:45:49,261 	Raw hypothesis: ['hallo']
2020-08-10 06:45:49,261 	Source:     hello .
2020-08-10 06:45:49,261 	Reference:  hallo ,
2020-08-10 06:45:49,261 	Hypothesis: hallo
2020-08-10 06:45:49,261 Example #1
2020-08-10 06:45:49,261 	Raw source:     ['hi', ',', 'how', 'can', 'i', 'help', 'you', '?']
2020-08-10 06:45:49,261 	Raw hypothesis: ['hallo', ',', 'wie', 'kann', 'ich', 'ihnen', 'helfen', '?']
2020-08-10 06:45:49,261 	Source:     hi , how can i help you ?
2020-08-10 06:45:49,261 	Reference:  hallo , wie kann ich ihnen helfen ?
2020-08-10 06:45:49,261 	Hypothesis: hallo , wie kann ich ihnen helfen ?
2020-08-10 06:45:49,261 Example #2
2020-08-10 06:45:49,261 	Raw source:     ['hi', ',', 'i', '&apos;m', 'looking', 'for', 'a', 'restaurant', 'inside', 'the', 'arden', 'fair', 'mall', 'in', 'san', 'francisco', ',', 'california', '.']
2020-08-10 06:45:49,262 	Raw hypothesis: ['hallo', ',', 'ich', 'suche', 'ein', 'restaurant', 'in', 'san', 'francisco', ',', 'kalifornien', '.', 'ich', 'suche', 'nach', 'einem', 'restaurant', 'in', 'san', 'francisco', ',', 'kalifornien', ',', 'kalifornien', '.']
2020-08-10 06:45:49,262 	Source:     hi , i &apos;m looking for a restaurant inside the arden fair mall in san francisco , california .
2020-08-10 06:45:49,262 	Reference:  hallo , ich bin auf der suche nach einem restaurant im arden fair einkaufszentrum in san francisco , kalifornien .
2020-08-10 06:45:49,262 	Hypothesis: hallo , ich suche ein restaurant in san francisco , kalifornien . ich suche nach einem restaurant in san francisco , kalifornien , kalifornien .
2020-08-10 06:45:49,262 Example #3
2020-08-10 06:45:49,262 	Raw source:     ['ok', ',', 'what', 'type', 'of', 'restaurant', 'are', 'you', 'looking', 'for', '?']
2020-08-10 06:45:49,262 	Raw hypothesis: ['ok', ',', 'welche', 'art', 'von', 'restaurant', 'haben', 'sie', '?']
2020-08-10 06:45:49,262 	Source:     ok , what type of restaurant are you looking for ?
2020-08-10 06:45:49,262 	Reference:  ok . welche art von restaurant suchen sie denn genau ?
2020-08-10 06:45:49,262 	Hypothesis: ok , welche art von restaurant haben sie ?
2020-08-10 06:45:49,262 Validation result (greedy) at epoch  17, step     1600: bleu:  22.58, loss: 17617.9023, ppl:  15.6864, duration: 7.2533s
2020-08-10 06:45:54,134 Epoch  17: total training loss 173.52
2020-08-10 06:45:54,135 EPOCH 18
2020-08-10 06:45:55,282 Epoch  18 Step:     1700 Batch Loss:     1.273381 Tokens per Sec:    11057, Lr: 0.000200
2020-08-10 06:46:00,154 Epoch  18: total training loss 165.55
2020-08-10 06:46:00,154 EPOCH 19
2020-08-10 06:46:01,378 Epoch  19 Step:     1800 Batch Loss:     2.494405 Tokens per Sec:    10813, Lr: 0.000200
2020-08-10 06:46:09,054 Hooray! New best validation result [ppl]!
2020-08-10 06:46:09,054 Saving new checkpoint.
2020-08-10 06:46:09,356 Example #0
2020-08-10 06:46:09,356 	Raw source:     ['hello', '.']
2020-08-10 06:46:09,356 	Raw hypothesis: ['hallo', ',']
2020-08-10 06:46:09,356 	Source:     hello .
2020-08-10 06:46:09,356 	Reference:  hallo ,
2020-08-10 06:46:09,356 	Hypothesis: hallo ,
2020-08-10 06:46:09,356 Example #1
2020-08-10 06:46:09,356 	Raw source:     ['hi', ',', 'how', 'can', 'i', 'help', 'you', '?']
2020-08-10 06:46:09,356 	Raw hypothesis: ['hallo', ',', 'wie', 'kann', 'ich', 'ihnen', 'helfen', '?']
2020-08-10 06:46:09,356 	Source:     hi , how can i help you ?
2020-08-10 06:46:09,356 	Reference:  hallo , wie kann ich ihnen helfen ?
2020-08-10 06:46:09,356 	Hypothesis: hallo , wie kann ich ihnen helfen ?
2020-08-10 06:46:09,356 Example #2
2020-08-10 06:46:09,357 	Raw source:     ['hi', ',', 'i', '&apos;m', 'looking', 'for', 'a', 'restaurant', 'inside', 'the', 'arden', 'fair', 'mall', 'in', 'san', 'francisco', ',', 'california', '.']
2020-08-10 06:46:09,357 	Raw hypothesis: ['hallo', ',', 'ich', 'suche', 'ein', 'restaurant', 'in', 'san', 'francisco', ',', 'kalifornien', '.']
2020-08-10 06:46:09,357 	Source:     hi , i &apos;m looking for a restaurant inside the arden fair mall in san francisco , california .
2020-08-10 06:46:09,357 	Reference:  hallo , ich bin auf der suche nach einem restaurant im arden fair einkaufszentrum in san francisco , kalifornien .
2020-08-10 06:46:09,357 	Hypothesis: hallo , ich suche ein restaurant in san francisco , kalifornien .
2020-08-10 06:46:09,357 Example #3
2020-08-10 06:46:09,357 	Raw source:     ['ok', ',', 'what', 'type', 'of', 'restaurant', 'are', 'you', 'looking', 'for', '?']
2020-08-10 06:46:09,357 	Raw hypothesis: ['ok', ',', 'für', 'welche', 'art', 'von', 'restaurant', 'möchten', 'sie', '?']
2020-08-10 06:46:09,357 	Source:     ok , what type of restaurant are you looking for ?
2020-08-10 06:46:09,357 	Reference:  ok . welche art von restaurant suchen sie denn genau ?
2020-08-10 06:46:09,357 	Hypothesis: ok , für welche art von restaurant möchten sie ?
2020-08-10 06:46:09,357 Validation result (greedy) at epoch  19, step     1800: bleu:  23.15, loss: 17260.4590, ppl:  14.8344, duration: 7.9779s
2020-08-10 06:46:14,072 Epoch  19: total training loss 155.85
2020-08-10 06:46:14,072 EPOCH 20
2020-08-10 06:46:15,427 Epoch  20 Step:     1900 Batch Loss:     1.851633 Tokens per Sec:    10590, Lr: 0.000200
2020-08-10 06:46:20,101 Epoch  20: total training loss 152.26
2020-08-10 06:46:20,102 Training ended after  20 epochs.
2020-08-10 06:46:20,102 Best validation result (greedy) at step     1800:  14.83 ppl.
