2020-07-09 19:00:55,850 Hello! This is Joey-NMT.
2020-07-09 19:00:55,856 Total params: 62894080
2020-07-09 19:00:55,857 Trainable parameters: ['decoder.layer_norm.bias', 'decoder.layer_norm.weight', 'decoder.layers.0.dec_layer_norm.bias', 'decoder.layers.0.dec_layer_norm.weight', 'decoder.layers.0.feed_forward.layer_norm.bias', 'decoder.layers.0.feed_forward.layer_norm.weight', 'decoder.layers.0.feed_forward.pwff_layer.0.bias', 'decoder.layers.0.feed_forward.pwff_layer.0.weight', 'decoder.layers.0.feed_forward.pwff_layer.3.bias', 'decoder.layers.0.feed_forward.pwff_layer.3.weight', 'decoder.layers.0.src_trg_att.k_layer.bias', 'decoder.layers.0.src_trg_att.k_layer.weight', 'decoder.layers.0.src_trg_att.output_layer.bias', 'decoder.layers.0.src_trg_att.output_layer.weight', 'decoder.layers.0.src_trg_att.q_layer.bias', 'decoder.layers.0.src_trg_att.q_layer.weight', 'decoder.layers.0.src_trg_att.v_layer.bias', 'decoder.layers.0.src_trg_att.v_layer.weight', 'decoder.layers.0.trg_trg_att.k_layer.bias', 'decoder.layers.0.trg_trg_att.k_layer.weight', 'decoder.layers.0.trg_trg_att.output_layer.bias', 'decoder.layers.0.trg_trg_att.output_layer.weight', 'decoder.layers.0.trg_trg_att.q_layer.bias', 'decoder.layers.0.trg_trg_att.q_layer.weight', 'decoder.layers.0.trg_trg_att.v_layer.bias', 'decoder.layers.0.trg_trg_att.v_layer.weight', 'decoder.layers.0.x_layer_norm.bias', 'decoder.layers.0.x_layer_norm.weight', 'decoder.layers.1.dec_layer_norm.bias', 'decoder.layers.1.dec_layer_norm.weight', 'decoder.layers.1.feed_forward.layer_norm.bias', 'decoder.layers.1.feed_forward.layer_norm.weight', 'decoder.layers.1.feed_forward.pwff_layer.0.bias', 'decoder.layers.1.feed_forward.pwff_layer.0.weight', 'decoder.layers.1.feed_forward.pwff_layer.3.bias', 'decoder.layers.1.feed_forward.pwff_layer.3.weight', 'decoder.layers.1.src_trg_att.k_layer.bias', 'decoder.layers.1.src_trg_att.k_layer.weight', 'decoder.layers.1.src_trg_att.output_layer.bias', 'decoder.layers.1.src_trg_att.output_layer.weight', 'decoder.layers.1.src_trg_att.q_layer.bias', 'decoder.layers.1.src_trg_att.q_layer.weight', 'decoder.layers.1.src_trg_att.v_layer.bias', 'decoder.layers.1.src_trg_att.v_layer.weight', 'decoder.layers.1.trg_trg_att.k_layer.bias', 'decoder.layers.1.trg_trg_att.k_layer.weight', 'decoder.layers.1.trg_trg_att.output_layer.bias', 'decoder.layers.1.trg_trg_att.output_layer.weight', 'decoder.layers.1.trg_trg_att.q_layer.bias', 'decoder.layers.1.trg_trg_att.q_layer.weight', 'decoder.layers.1.trg_trg_att.v_layer.bias', 'decoder.layers.1.trg_trg_att.v_layer.weight', 'decoder.layers.1.x_layer_norm.bias', 'decoder.layers.1.x_layer_norm.weight', 'decoder.layers.2.dec_layer_norm.bias', 'decoder.layers.2.dec_layer_norm.weight', 'decoder.layers.2.feed_forward.layer_norm.bias', 'decoder.layers.2.feed_forward.layer_norm.weight', 'decoder.layers.2.feed_forward.pwff_layer.0.bias', 'decoder.layers.2.feed_forward.pwff_layer.0.weight', 'decoder.layers.2.feed_forward.pwff_layer.3.bias', 'decoder.layers.2.feed_forward.pwff_layer.3.weight', 'decoder.layers.2.src_trg_att.k_layer.bias', 'decoder.layers.2.src_trg_att.k_layer.weight', 'decoder.layers.2.src_trg_att.output_layer.bias', 'decoder.layers.2.src_trg_att.output_layer.weight', 'decoder.layers.2.src_trg_att.q_layer.bias', 'decoder.layers.2.src_trg_att.q_layer.weight', 'decoder.layers.2.src_trg_att.v_layer.bias', 'decoder.layers.2.src_trg_att.v_layer.weight', 'decoder.layers.2.trg_trg_att.k_layer.bias', 'decoder.layers.2.trg_trg_att.k_layer.weight', 'decoder.layers.2.trg_trg_att.output_layer.bias', 'decoder.layers.2.trg_trg_att.output_layer.weight', 'decoder.layers.2.trg_trg_att.q_layer.bias', 'decoder.layers.2.trg_trg_att.q_layer.weight', 'decoder.layers.2.trg_trg_att.v_layer.bias', 'decoder.layers.2.trg_trg_att.v_layer.weight', 'decoder.layers.2.x_layer_norm.bias', 'decoder.layers.2.x_layer_norm.weight', 'decoder.layers.3.dec_layer_norm.bias', 'decoder.layers.3.dec_layer_norm.weight', 'decoder.layers.3.feed_forward.layer_norm.bias', 'decoder.layers.3.feed_forward.layer_norm.weight', 'decoder.layers.3.feed_forward.pwff_layer.0.bias', 'decoder.layers.3.feed_forward.pwff_layer.0.weight', 'decoder.layers.3.feed_forward.pwff_layer.3.bias', 'decoder.layers.3.feed_forward.pwff_layer.3.weight', 'decoder.layers.3.src_trg_att.k_layer.bias', 'decoder.layers.3.src_trg_att.k_layer.weight', 'decoder.layers.3.src_trg_att.output_layer.bias', 'decoder.layers.3.src_trg_att.output_layer.weight', 'decoder.layers.3.src_trg_att.q_layer.bias', 'decoder.layers.3.src_trg_att.q_layer.weight', 'decoder.layers.3.src_trg_att.v_layer.bias', 'decoder.layers.3.src_trg_att.v_layer.weight', 'decoder.layers.3.trg_trg_att.k_layer.bias', 'decoder.layers.3.trg_trg_att.k_layer.weight', 'decoder.layers.3.trg_trg_att.output_layer.bias', 'decoder.layers.3.trg_trg_att.output_layer.weight', 'decoder.layers.3.trg_trg_att.q_layer.bias', 'decoder.layers.3.trg_trg_att.q_layer.weight', 'decoder.layers.3.trg_trg_att.v_layer.bias', 'decoder.layers.3.trg_trg_att.v_layer.weight', 'decoder.layers.3.x_layer_norm.bias', 'decoder.layers.3.x_layer_norm.weight', 'decoder.layers.4.dec_layer_norm.bias', 'decoder.layers.4.dec_layer_norm.weight', 'decoder.layers.4.feed_forward.layer_norm.bias', 'decoder.layers.4.feed_forward.layer_norm.weight', 'decoder.layers.4.feed_forward.pwff_layer.0.bias', 'decoder.layers.4.feed_forward.pwff_layer.0.weight', 'decoder.layers.4.feed_forward.pwff_layer.3.bias', 'decoder.layers.4.feed_forward.pwff_layer.3.weight', 'decoder.layers.4.src_trg_att.k_layer.bias', 'decoder.layers.4.src_trg_att.k_layer.weight', 'decoder.layers.4.src_trg_att.output_layer.bias', 'decoder.layers.4.src_trg_att.output_layer.weight', 'decoder.layers.4.src_trg_att.q_layer.bias', 'decoder.layers.4.src_trg_att.q_layer.weight', 'decoder.layers.4.src_trg_att.v_layer.bias', 'decoder.layers.4.src_trg_att.v_layer.weight', 'decoder.layers.4.trg_trg_att.k_layer.bias', 'decoder.layers.4.trg_trg_att.k_layer.weight', 'decoder.layers.4.trg_trg_att.output_layer.bias', 'decoder.layers.4.trg_trg_att.output_layer.weight', 'decoder.layers.4.trg_trg_att.q_layer.bias', 'decoder.layers.4.trg_trg_att.q_layer.weight', 'decoder.layers.4.trg_trg_att.v_layer.bias', 'decoder.layers.4.trg_trg_att.v_layer.weight', 'decoder.layers.4.x_layer_norm.bias', 'decoder.layers.4.x_layer_norm.weight', 'decoder.layers.5.dec_layer_norm.bias', 'decoder.layers.5.dec_layer_norm.weight', 'decoder.layers.5.feed_forward.layer_norm.bias', 'decoder.layers.5.feed_forward.layer_norm.weight', 'decoder.layers.5.feed_forward.pwff_layer.0.bias', 'decoder.layers.5.feed_forward.pwff_layer.0.weight', 'decoder.layers.5.feed_forward.pwff_layer.3.bias', 'decoder.layers.5.feed_forward.pwff_layer.3.weight', 'decoder.layers.5.src_trg_att.k_layer.bias', 'decoder.layers.5.src_trg_att.k_layer.weight', 'decoder.layers.5.src_trg_att.output_layer.bias', 'decoder.layers.5.src_trg_att.output_layer.weight', 'decoder.layers.5.src_trg_att.q_layer.bias', 'decoder.layers.5.src_trg_att.q_layer.weight', 'decoder.layers.5.src_trg_att.v_layer.bias', 'decoder.layers.5.src_trg_att.v_layer.weight', 'decoder.layers.5.trg_trg_att.k_layer.bias', 'decoder.layers.5.trg_trg_att.k_layer.weight', 'decoder.layers.5.trg_trg_att.output_layer.bias', 'decoder.layers.5.trg_trg_att.output_layer.weight', 'decoder.layers.5.trg_trg_att.q_layer.bias', 'decoder.layers.5.trg_trg_att.q_layer.weight', 'decoder.layers.5.trg_trg_att.v_layer.bias', 'decoder.layers.5.trg_trg_att.v_layer.weight', 'decoder.layers.5.x_layer_norm.bias', 'decoder.layers.5.x_layer_norm.weight', 'encoder.layer_norm.bias', 'encoder.layer_norm.weight', 'encoder.layers.0.feed_forward.layer_norm.bias', 'encoder.layers.0.feed_forward.layer_norm.weight', 'encoder.layers.0.feed_forward.pwff_layer.0.bias', 'encoder.layers.0.feed_forward.pwff_layer.0.weight', 'encoder.layers.0.feed_forward.pwff_layer.3.bias', 'encoder.layers.0.feed_forward.pwff_layer.3.weight', 'encoder.layers.0.layer_norm.bias', 'encoder.layers.0.layer_norm.weight', 'encoder.layers.0.src_src_att.k_layer.bias', 'encoder.layers.0.src_src_att.k_layer.weight', 'encoder.layers.0.src_src_att.output_layer.bias', 'encoder.layers.0.src_src_att.output_layer.weight', 'encoder.layers.0.src_src_att.q_layer.bias', 'encoder.layers.0.src_src_att.q_layer.weight', 'encoder.layers.0.src_src_att.v_layer.bias', 'encoder.layers.0.src_src_att.v_layer.weight', 'encoder.layers.1.feed_forward.layer_norm.bias', 'encoder.layers.1.feed_forward.layer_norm.weight', 'encoder.layers.1.feed_forward.pwff_layer.0.bias', 'encoder.layers.1.feed_forward.pwff_layer.0.weight', 'encoder.layers.1.feed_forward.pwff_layer.3.bias', 'encoder.layers.1.feed_forward.pwff_layer.3.weight', 'encoder.layers.1.layer_norm.bias', 'encoder.layers.1.layer_norm.weight', 'encoder.layers.1.src_src_att.k_layer.bias', 'encoder.layers.1.src_src_att.k_layer.weight', 'encoder.layers.1.src_src_att.output_layer.bias', 'encoder.layers.1.src_src_att.output_layer.weight', 'encoder.layers.1.src_src_att.q_layer.bias', 'encoder.layers.1.src_src_att.q_layer.weight', 'encoder.layers.1.src_src_att.v_layer.bias', 'encoder.layers.1.src_src_att.v_layer.weight', 'encoder.layers.2.feed_forward.layer_norm.bias', 'encoder.layers.2.feed_forward.layer_norm.weight', 'encoder.layers.2.feed_forward.pwff_layer.0.bias', 'encoder.layers.2.feed_forward.pwff_layer.0.weight', 'encoder.layers.2.feed_forward.pwff_layer.3.bias', 'encoder.layers.2.feed_forward.pwff_layer.3.weight', 'encoder.layers.2.layer_norm.bias', 'encoder.layers.2.layer_norm.weight', 'encoder.layers.2.src_src_att.k_layer.bias', 'encoder.layers.2.src_src_att.k_layer.weight', 'encoder.layers.2.src_src_att.output_layer.bias', 'encoder.layers.2.src_src_att.output_layer.weight', 'encoder.layers.2.src_src_att.q_layer.bias', 'encoder.layers.2.src_src_att.q_layer.weight', 'encoder.layers.2.src_src_att.v_layer.bias', 'encoder.layers.2.src_src_att.v_layer.weight', 'encoder.layers.3.feed_forward.layer_norm.bias', 'encoder.layers.3.feed_forward.layer_norm.weight', 'encoder.layers.3.feed_forward.pwff_layer.0.bias', 'encoder.layers.3.feed_forward.pwff_layer.0.weight', 'encoder.layers.3.feed_forward.pwff_layer.3.bias', 'encoder.layers.3.feed_forward.pwff_layer.3.weight', 'encoder.layers.3.layer_norm.bias', 'encoder.layers.3.layer_norm.weight', 'encoder.layers.3.src_src_att.k_layer.bias', 'encoder.layers.3.src_src_att.k_layer.weight', 'encoder.layers.3.src_src_att.output_layer.bias', 'encoder.layers.3.src_src_att.output_layer.weight', 'encoder.layers.3.src_src_att.q_layer.bias', 'encoder.layers.3.src_src_att.q_layer.weight', 'encoder.layers.3.src_src_att.v_layer.bias', 'encoder.layers.3.src_src_att.v_layer.weight', 'encoder.layers.4.feed_forward.layer_norm.bias', 'encoder.layers.4.feed_forward.layer_norm.weight', 'encoder.layers.4.feed_forward.pwff_layer.0.bias', 'encoder.layers.4.feed_forward.pwff_layer.0.weight', 'encoder.layers.4.feed_forward.pwff_layer.3.bias', 'encoder.layers.4.feed_forward.pwff_layer.3.weight', 'encoder.layers.4.layer_norm.bias', 'encoder.layers.4.layer_norm.weight', 'encoder.layers.4.src_src_att.k_layer.bias', 'encoder.layers.4.src_src_att.k_layer.weight', 'encoder.layers.4.src_src_att.output_layer.bias', 'encoder.layers.4.src_src_att.output_layer.weight', 'encoder.layers.4.src_src_att.q_layer.bias', 'encoder.layers.4.src_src_att.q_layer.weight', 'encoder.layers.4.src_src_att.v_layer.bias', 'encoder.layers.4.src_src_att.v_layer.weight', 'encoder.layers.5.feed_forward.layer_norm.bias', 'encoder.layers.5.feed_forward.layer_norm.weight', 'encoder.layers.5.feed_forward.pwff_layer.0.bias', 'encoder.layers.5.feed_forward.pwff_layer.0.weight', 'encoder.layers.5.feed_forward.pwff_layer.3.bias', 'encoder.layers.5.feed_forward.pwff_layer.3.weight', 'encoder.layers.5.layer_norm.bias', 'encoder.layers.5.layer_norm.weight', 'encoder.layers.5.src_src_att.k_layer.bias', 'encoder.layers.5.src_src_att.k_layer.weight', 'encoder.layers.5.src_src_att.output_layer.bias', 'encoder.layers.5.src_src_att.output_layer.weight', 'encoder.layers.5.src_src_att.q_layer.bias', 'encoder.layers.5.src_src_att.q_layer.weight', 'encoder.layers.5.src_src_att.v_layer.bias', 'encoder.layers.5.src_src_att.v_layer.weight', 'src_embed.lut.weight']
2020-07-09 19:00:59,365 Loading model from models/wmt_ende_transformer/best.ckpt
2020-07-09 19:00:59,873 Reset optimizer.
2020-07-09 19:00:59,874 Reset scheduler.
2020-07-09 19:00:59,874 Reset tracking of the best checkpoint.
2020-07-09 19:00:59,877 cfg.name                           : transformer
2020-07-09 19:00:59,878 cfg.data.src                       : en
2020-07-09 19:00:59,878 cfg.data.trg                       : de
2020-07-09 19:00:59,878 cfg.data.train                     : chatnmt/official_split/wmt17bpe/train.news.tags.bpe.wmt-ende-best
2020-07-09 19:00:59,878 cfg.data.dev                       : chatnmt/official_split/wmt17bpe/dev.tags.bpe.wmt-ende-best
2020-07-09 19:00:59,878 cfg.data.test                      : chatnmt/official_split/wmt17bpe/test.tags.bpe.wmt-ende-best
2020-07-09 19:00:59,878 cfg.data.level                     : bpe
2020-07-09 19:00:59,878 cfg.data.lowercase                 : False
2020-07-09 19:00:59,878 cfg.data.max_sent_length           : 100
2020-07-09 19:00:59,878 cfg.data.src_vocab                 : models/wmt_ende_transformer/src_vocab.txt
2020-07-09 19:00:59,878 cfg.data.trg_vocab                 : models/wmt_ende_transformer/trg_vocab.txt
2020-07-09 19:00:59,878 cfg.testing.beam_size              : 5
2020-07-09 19:00:59,878 cfg.testing.alpha                  : 1.0
2020-07-09 19:00:59,878 cfg.training.random_seed           : 42
2020-07-09 19:00:59,879 cfg.training.optimizer             : adam
2020-07-09 19:00:59,879 cfg.training.normalization         : tokens
2020-07-09 19:00:59,879 cfg.training.adam_betas            : [0.9, 0.999]
2020-07-09 19:00:59,879 cfg.training.scheduling            : plateau
2020-07-09 19:00:59,879 cfg.training.patience              : 8
2020-07-09 19:00:59,879 cfg.training.decrease_factor       : 0.7
2020-07-09 19:00:59,879 cfg.training.loss                  : crossentropy
2020-07-09 19:00:59,879 cfg.training.learning_rate         : 0.0002
2020-07-09 19:00:59,879 cfg.training.learning_rate_min     : 1e-08
2020-07-09 19:00:59,879 cfg.training.weight_decay          : 0.0
2020-07-09 19:00:59,879 cfg.training.label_smoothing       : 0.1
2020-07-09 19:00:59,879 cfg.training.batch_size            : 2048
2020-07-09 19:00:59,879 cfg.training.batch_type            : token
2020-07-09 19:00:59,880 cfg.training.batch_multiplier      : 1
2020-07-09 19:00:59,880 cfg.training.early_stopping_metric : ppl
2020-07-09 19:00:59,880 cfg.training.epochs                : 50
2020-07-09 19:00:59,880 cfg.training.validation_freq       : 750
2020-07-09 19:00:59,880 cfg.training.logging_freq          : 100
2020-07-09 19:00:59,880 cfg.training.eval_metric           : bleu
2020-07-09 19:00:59,880 cfg.training.model_dir             : models/wmt20/single_enc_main_tfm_b2048_ende_news_pretrained/
2020-07-09 19:00:59,880 cfg.training.load_model            : models/wmt_ende_transformer/best.ckpt
2020-07-09 19:00:59,880 cfg.training.reset_best_ckpt       : True
2020-07-09 19:00:59,880 cfg.training.reset_scheduler       : True
2020-07-09 19:00:59,880 cfg.training.reset_optimizer       : True
2020-07-09 19:00:59,880 cfg.training.overwrite             : True
2020-07-09 19:00:59,880 cfg.training.shuffle               : True
2020-07-09 19:00:59,880 cfg.training.use_cuda              : True
2020-07-09 19:00:59,881 cfg.training.max_output_length     : 100
2020-07-09 19:00:59,881 cfg.training.print_valid_sents     : [0, 1, 2, 3]
2020-07-09 19:00:59,881 cfg.training.keep_last_ckpts       : 3
2020-07-09 19:00:59,881 cfg.model.initializer              : xavier
2020-07-09 19:00:59,881 cfg.model.bias_initializer         : zeros
2020-07-09 19:00:59,881 cfg.model.init_gain                : 1.0
2020-07-09 19:00:59,881 cfg.model.embed_initializer        : xavier
2020-07-09 19:00:59,881 cfg.model.embed_init_gain          : 1.0
2020-07-09 19:00:59,881 cfg.model.tied_embeddings          : True
2020-07-09 19:00:59,881 cfg.model.tied_softmax             : True
2020-07-09 19:00:59,881 cfg.model.encoder.type             : transformer
2020-07-09 19:00:59,881 cfg.model.encoder.num_layers       : 6
2020-07-09 19:00:59,881 cfg.model.encoder.num_heads        : 8
2020-07-09 19:00:59,881 cfg.model.encoder.embeddings.embedding_dim : 512
2020-07-09 19:00:59,882 cfg.model.encoder.embeddings.scale : True
2020-07-09 19:00:59,882 cfg.model.encoder.embeddings.dropout : 0.0
2020-07-09 19:00:59,882 cfg.model.encoder.hidden_size      : 512
2020-07-09 19:00:59,882 cfg.model.encoder.ff_size          : 2048
2020-07-09 19:00:59,882 cfg.model.encoder.freeze           : False
2020-07-09 19:00:59,882 cfg.model.encoder.dropout          : 0.1
2020-07-09 19:00:59,882 cfg.model.decoder.type             : transformer
2020-07-09 19:00:59,882 cfg.model.decoder.num_layers       : 6
2020-07-09 19:00:59,882 cfg.model.decoder.num_heads        : 8
2020-07-09 19:00:59,882 cfg.model.decoder.embeddings.embedding_dim : 512
2020-07-09 19:00:59,882 cfg.model.decoder.embeddings.scale : True
2020-07-09 19:00:59,882 cfg.model.decoder.embeddings.dropout : 0.0
2020-07-09 19:00:59,882 cfg.model.decoder.hidden_size      : 512
2020-07-09 19:00:59,882 cfg.model.decoder.ff_size          : 2048
2020-07-09 19:00:59,883 cfg.model.decoder.freeze           : False
2020-07-09 19:00:59,883 cfg.model.decoder.dropout          : 0.1
2020-07-09 19:00:59,883 Data set sizes: 
	train 13940,
	valid 776,
	test 0
2020-07-09 19:00:59,883 First training example:
	[SRC] H@@ i there ! How can I help ?
	[TRG] Hall@@ o ! Wie kann ich helfen ?
2020-07-09 19:00:59,883 First 10 words (src): (0) <unk> (1) <pad> (2) <s> (3) </s> (4) , (5) . (6) the (7) in (8) of (9) der
2020-07-09 19:00:59,883 First 10 words (trg): (0) <unk> (1) <pad> (2) <s> (3) </s> (4) , (5) . (6) the (7) in (8) of (9) der
2020-07-09 19:00:59,883 Number of Src words (types): 36628
2020-07-09 19:00:59,883 Number of Trg words (types): 36628
2020-07-09 19:00:59,884 Model(
	encoder=TransformerEncoder(num_layers=6, num_heads=8),
	decoder=TransformerDecoder(num_layers=6, num_heads=8),
	src_embed=Embeddings(embedding_dim=512, vocab_size=36628),
	trg_embed=Embeddings(embedding_dim=512, vocab_size=36628))
2020-07-09 19:00:59,910 EPOCH 1
2020-07-09 19:01:11,952 Epoch   1 Step:  1360100 Batch Loss:     1.409863 Tokens per Sec:    11193, Lr: 0.000200
2020-07-09 19:01:21,332 Epoch   1: total training loss 227.17
2020-07-09 19:01:21,333 EPOCH 2
2020-07-09 19:01:23,958 Epoch   2 Step:  1360200 Batch Loss:     0.844907 Tokens per Sec:    10894, Lr: 0.000200
2020-07-09 19:01:35,946 Epoch   2 Step:  1360300 Batch Loss:     0.836842 Tokens per Sec:    11302, Lr: 0.000200
2020-07-09 19:01:42,747 Epoch   2: total training loss 144.04
2020-07-09 19:01:42,748 EPOCH 3
2020-07-09 19:01:47,909 Epoch   3 Step:  1360400 Batch Loss:     0.747292 Tokens per Sec:    11326, Lr: 0.000200
2020-07-09 19:01:59,833 Epoch   3 Step:  1360500 Batch Loss:     0.938109 Tokens per Sec:    11055, Lr: 0.000200
2020-07-09 19:02:24,141 Hooray! New best validation result [ppl]!
2020-07-09 19:02:24,142 Saving new checkpoint.
2020-07-09 19:02:25,036 Example #0
2020-07-09 19:02:25,037 	Raw source:     ['H@@', 'i', ',', 'how', 'can', 'I', 'help', 'you', '?']
2020-07-09 19:02:25,037 	Raw hypothesis: ['Hall@@', 'o', ',', 'wie', 'kann', 'ich', 'Ihnen', 'helfen', '?']
2020-07-09 19:02:25,037 	Source:     Hi , how can I help you ?
2020-07-09 19:02:25,037 	Reference:  Hallo , wie kann ich Ihnen helfen ?
2020-07-09 19:02:25,037 	Hypothesis: Hallo , wie kann ich Ihnen helfen ?
2020-07-09 19:02:25,037 Example #1
2020-07-09 19:02:25,037 	Raw source:     ['O@@', 'k', ',', 'what', 'type', 'of', 'restaurant', 'are', 'you', 'looking', 'for', '?']
2020-07-09 19:02:25,037 	Raw hypothesis: ['O@@', 'k', ',', 'nach', 'welcher', 'Art', 'von', 'Restaurant', 'suchen', 'Sie', '?']
2020-07-09 19:02:25,037 	Source:     Ok , what type of restaurant are you looking for ?
2020-07-09 19:02:25,037 	Reference:  Ok . Welche Art von Restaurant suchen Sie denn genau ?
2020-07-09 19:02:25,037 	Hypothesis: Ok , nach welcher Art von Restaurant suchen Sie ?
2020-07-09 19:02:25,037 Example #2
2020-07-09 19:02:25,038 	Raw source:     ['S@@', 'ure', ',', 'give', 'me', 'a', 'second', ',', 'I', 'will', 'be', 'right', 'back', 'with', 'a', 'couple', 'of', 'options', '.']
2020-07-09 19:02:25,038 	Raw hypothesis: ['K@@', 'lar', ',', 'geben', 'Sie', 'mir', 'eine', 'Sek@@', 'unde', ',', 'ich', 'werde', 'gleich', 'mit', 'ein', 'paar', 'Optionen', 'zurück', 'sein', '.']
2020-07-09 19:02:25,038 	Source:     Sure , give me a second , I will be right back with a couple of options .
2020-07-09 19:02:25,038 	Reference:  Klar , geben Sie mir eine Sekunde , ich bin gleich zurück mit ein paar Optionen .
2020-07-09 19:02:25,038 	Hypothesis: Klar , geben Sie mir eine Sekunde , ich werde gleich mit ein paar Optionen zurück sein .
2020-07-09 19:02:25,038 Example #3
2020-07-09 19:02:25,038 	Raw source:     ['I', 'found', ':', 'Se@@', 'as@@', 'ons', '52', ',', 'a', 'Rot@@', 'ating', 'menu', 'of', 'seasonal', 'American', 'dishes', 'alongside', 'International', 'wines', 'in', 'an', 'up@@', 'scale', 'setting', '.', 'I', 'also', 'found', ':', 'P@@', 'lu@@', 'to', "'s", ':', 'a', 'Local', 'counter-@@', 'serve', 'chain', 'featuring', 'buil@@', 'd-@@', 'your@@', '-@@', 'own', 'sal@@', 'ads', '&', 'sand@@', 'wich@@', 'es', 'in', 'a', 'cas@@', 'ual', ',', 'modern', 'setting', '.']
2020-07-09 19:02:25,038 	Raw hypothesis: ['Ich', 'habe', 'Folgendes', 'gefunden', ':', 'Se@@', 'as@@', 'ons', '52', ',', 'eine', 'wechsel@@', 'nde', 'Speis@@', 'ek@@', 'arte', 'mit', 'sa@@', 'ison@@', 'alen', 'amerikanischen', 'Gerichten', 'neben', 'internationalen', 'W@@', 'einen', 'in', 'geho@@', 'ben@@', 'em', 'Ambiente', '.', 'Ich', 'habe', 'auch', ':', 'P@@', 'lu@@', 'to', "'", 's', ':', 'eine', 'lokale', 'K@@', 'ette', 'mit', 'haus@@', 'eigenen', 'Sal@@', 'aten', '&', 'Sand@@', 'wich@@', 'es', 'in', 'einer', 'lässi@@', 'gen', ',', 'modernen', 'Umgebung', '.']
2020-07-09 19:02:25,038 	Source:     I found : Seasons 52 , a Rotating menu of seasonal American dishes alongside International wines in an upscale setting . I also found : Pluto 's : a Local counter-serve chain featuring build-your-own salads & sandwiches in a casual , modern setting .
2020-07-09 19:02:25,038 	Reference:  Ich fand : Seasons 52 , ein wechselndes Menü mit saisonalen amerikanischen Gerichten neben internationalen Weinen in einer gehobenen Umgebung . Ich habe auch : Pluto ' s : eine lokale Counter-Service-Kette , die Salate & Sandwiches zum Selbermachen in einem ungezwungenen , modernen Ambiente anbietet , gefunden .
2020-07-09 19:02:25,038 	Hypothesis: Ich habe Folgendes gefunden : Seasons 52 , eine wechselnde Speisekarte mit saisonalen amerikanischen Gerichten neben internationalen Weinen in gehobenem Ambiente . Ich habe auch : Pluto ' s : eine lokale Kette mit hauseigenen Salaten & Sandwiches in einer lässigen , modernen Umgebung .
2020-07-09 19:02:25,038 Validation result (greedy) at epoch   3, step  1360500: bleu:  56.80, loss: 9465.4883, ppl:   1.8847, duration: 25.2050s
2020-07-09 19:02:29,384 Epoch   3: total training loss 118.49
2020-07-09 19:02:29,385 EPOCH 4
2020-07-09 19:02:37,107 Epoch   4 Step:  1360600 Batch Loss:     0.674500 Tokens per Sec:    11105, Lr: 0.000200
2020-07-09 19:02:49,100 Epoch   4 Step:  1360700 Batch Loss:     0.610476 Tokens per Sec:    11192, Lr: 0.000200
2020-07-09 19:02:50,892 Epoch   4: total training loss 102.59
2020-07-09 19:02:50,892 EPOCH 5
2020-07-09 19:03:01,074 Epoch   5 Step:  1360800 Batch Loss:     0.346483 Tokens per Sec:    11182, Lr: 0.000200
2020-07-09 19:03:12,334 Epoch   5: total training loss 90.40
2020-07-09 19:03:12,335 EPOCH 6
2020-07-09 19:03:13,082 Epoch   6 Step:  1360900 Batch Loss:     0.519612 Tokens per Sec:    10672, Lr: 0.000200
2020-07-09 19:03:24,995 Epoch   6 Step:  1361000 Batch Loss:     0.399548 Tokens per Sec:    11160, Lr: 0.000200
2020-07-09 19:03:33,765 Epoch   6: total training loss 80.47
2020-07-09 19:03:33,765 EPOCH 7
2020-07-09 19:03:37,038 Epoch   7 Step:  1361100 Batch Loss:     0.300968 Tokens per Sec:    11111, Lr: 0.000200
2020-07-09 19:03:48,998 Epoch   7 Step:  1361200 Batch Loss:     0.286501 Tokens per Sec:    11146, Lr: 0.000200
2020-07-09 19:04:20,332 Hooray! New best validation result [ppl]!
2020-07-09 19:04:20,332 Saving new checkpoint.
2020-07-09 19:04:21,217 Example #0
2020-07-09 19:04:21,217 	Raw source:     ['H@@', 'i', ',', 'how', 'can', 'I', 'help', 'you', '?']
2020-07-09 19:04:21,217 	Raw hypothesis: ['Hall@@', 'o', ',', 'wie', 'kann', 'ich', 'Ihnen', 'helfen', '?']
2020-07-09 19:04:21,217 	Source:     Hi , how can I help you ?
2020-07-09 19:04:21,218 	Reference:  Hallo , wie kann ich Ihnen helfen ?
2020-07-09 19:04:21,218 	Hypothesis: Hallo , wie kann ich Ihnen helfen ?
2020-07-09 19:04:21,218 Example #1
2020-07-09 19:04:21,218 	Raw source:     ['O@@', 'k', ',', 'what', 'type', 'of', 'restaurant', 'are', 'you', 'looking', 'for', '?']
2020-07-09 19:04:21,218 	Raw hypothesis: ['O@@', 'k', ',', 'nach', 'welcher', 'Art', 'von', 'Restaurant', 'suchen', 'Sie', '?']
2020-07-09 19:04:21,218 	Source:     Ok , what type of restaurant are you looking for ?
2020-07-09 19:04:21,218 	Reference:  Ok . Welche Art von Restaurant suchen Sie denn genau ?
2020-07-09 19:04:21,218 	Hypothesis: Ok , nach welcher Art von Restaurant suchen Sie ?
2020-07-09 19:04:21,218 Example #2
2020-07-09 19:04:21,218 	Raw source:     ['S@@', 'ure', ',', 'give', 'me', 'a', 'second', ',', 'I', 'will', 'be', 'right', 'back', 'with', 'a', 'couple', 'of', 'options', '.']
2020-07-09 19:04:21,218 	Raw hypothesis: ['K@@', 'lar', ',', 'geben', 'Sie', 'mir', 'eine', 'Sek@@', 'unde', ',', 'ich', 'werde', 'gleich', 'mit', 'ein', 'paar', 'Optionen', 'sein', '.']
2020-07-09 19:04:21,218 	Source:     Sure , give me a second , I will be right back with a couple of options .
2020-07-09 19:04:21,218 	Reference:  Klar , geben Sie mir eine Sekunde , ich bin gleich zurück mit ein paar Optionen .
2020-07-09 19:04:21,218 	Hypothesis: Klar , geben Sie mir eine Sekunde , ich werde gleich mit ein paar Optionen sein .
2020-07-09 19:04:21,218 Example #3
2020-07-09 19:04:21,218 	Raw source:     ['I', 'found', ':', 'Se@@', 'as@@', 'ons', '52', ',', 'a', 'Rot@@', 'ating', 'menu', 'of', 'seasonal', 'American', 'dishes', 'alongside', 'International', 'wines', 'in', 'an', 'up@@', 'scale', 'setting', '.', 'I', 'also', 'found', ':', 'P@@', 'lu@@', 'to', "'s", ':', 'a', 'Local', 'counter-@@', 'serve', 'chain', 'featuring', 'buil@@', 'd-@@', 'your@@', '-@@', 'own', 'sal@@', 'ads', '&', 'sand@@', 'wich@@', 'es', 'in', 'a', 'cas@@', 'ual', ',', 'modern', 'setting', '.']
2020-07-09 19:04:21,219 	Raw hypothesis: ['Ich', 'habe', 'folgendes', 'gefunden', ':', 'Se@@', 'as@@', 'ons', '52', ',', 'eine', 'Ro@@', 'tier@@', 'ende', 'Speis@@', 'ek@@', 'arte', 'mit', 'sa@@', 'ison@@', 'alen', 'amerikanischen', 'Gerichten', 'zusammen', 'mit', 'internationalen', 'W@@', 'einen', 'in', 'geho@@', 'ben@@', 'em', 'Rahmen', '.', 'Ich', 'habe', 'auch', 'folgendes', 'gefunden', ':', 'P@@', 'lu@@', 'to', "'", 's', ':', 'eine', 'lokale', 'K@@', 'ette', 'mit', 'Co@@', 'unter@@', '-@@', 'Ser@@', 've-@@', 'K@@', 'ette', 'mit', 'haus@@', 'eigenen', 'Sal@@', 'aten', '&', 'Sand@@', 'wich@@', 'es', 'in', 'lock@@', 'erer', ',', 'moderner', 'Umgebung', '.']
2020-07-09 19:04:21,219 	Source:     I found : Seasons 52 , a Rotating menu of seasonal American dishes alongside International wines in an upscale setting . I also found : Pluto 's : a Local counter-serve chain featuring build-your-own salads & sandwiches in a casual , modern setting .
2020-07-09 19:04:21,219 	Reference:  Ich fand : Seasons 52 , ein wechselndes Menü mit saisonalen amerikanischen Gerichten neben internationalen Weinen in einer gehobenen Umgebung . Ich habe auch : Pluto ' s : eine lokale Counter-Service-Kette , die Salate & Sandwiches zum Selbermachen in einem ungezwungenen , modernen Ambiente anbietet , gefunden .
2020-07-09 19:04:21,219 	Hypothesis: Ich habe folgendes gefunden : Seasons 52 , eine Rotierende Speisekarte mit saisonalen amerikanischen Gerichten zusammen mit internationalen Weinen in gehobenem Rahmen . Ich habe auch folgendes gefunden : Pluto ' s : eine lokale Kette mit Counter-Serve-Kette mit hauseigenen Salaten & Sandwiches in lockerer , moderner Umgebung .
2020-07-09 19:04:21,219 Validation result (greedy) at epoch   7, step  1361250: bleu:  57.45, loss: 9330.4932, ppl:   1.8678, duration: 26.2632s
2020-07-09 19:04:21,463 Epoch   7: total training loss 72.48
2020-07-09 19:04:21,463 EPOCH 8
2020-07-09 19:04:27,257 Epoch   8 Step:  1361300 Batch Loss:     0.463382 Tokens per Sec:    11077, Lr: 0.000200
2020-07-09 19:04:39,257 Epoch   8 Step:  1361400 Batch Loss:     0.446876 Tokens per Sec:    11148, Lr: 0.000200
2020-07-09 19:04:43,008 Epoch   8: total training loss 65.95
2020-07-09 19:04:43,008 EPOCH 9
2020-07-09 19:04:51,267 Epoch   9 Step:  1361500 Batch Loss:     0.336932 Tokens per Sec:    11157, Lr: 0.000200
2020-07-09 19:05:03,397 Epoch   9 Step:  1361600 Batch Loss:     0.397661 Tokens per Sec:    11122, Lr: 0.000200
2020-07-09 19:05:04,602 Epoch   9: total training loss 59.63
2020-07-09 19:05:04,602 EPOCH 10
2020-07-09 19:05:15,405 Epoch  10 Step:  1361700 Batch Loss:     0.287791 Tokens per Sec:    11100, Lr: 0.000200
2020-07-09 19:05:26,135 Epoch  10: total training loss 55.44
2020-07-09 19:05:26,135 EPOCH 11
2020-07-09 19:05:27,346 Epoch  11 Step:  1361800 Batch Loss:     0.250019 Tokens per Sec:    10877, Lr: 0.000200
2020-07-09 19:05:39,325 Epoch  11 Step:  1361900 Batch Loss:     0.300201 Tokens per Sec:    11136, Lr: 0.000200
2020-07-09 19:05:47,595 Epoch  11: total training loss 50.64
2020-07-09 19:05:47,595 EPOCH 12
2020-07-09 19:05:51,354 Epoch  12 Step:  1362000 Batch Loss:     0.249310 Tokens per Sec:    11057, Lr: 0.000200
2020-07-09 19:06:16,023 Example #0
2020-07-09 19:06:16,023 	Raw source:     ['H@@', 'i', ',', 'how', 'can', 'I', 'help', 'you', '?']
2020-07-09 19:06:16,023 	Raw hypothesis: ['Hall@@', 'o', ',', 'wie', 'kann', 'ich', 'Ihnen', 'helfen', '?']
2020-07-09 19:06:16,023 	Source:     Hi , how can I help you ?
2020-07-09 19:06:16,023 	Reference:  Hallo , wie kann ich Ihnen helfen ?
2020-07-09 19:06:16,023 	Hypothesis: Hallo , wie kann ich Ihnen helfen ?
2020-07-09 19:06:16,023 Example #1
2020-07-09 19:06:16,023 	Raw source:     ['O@@', 'k', ',', 'what', 'type', 'of', 'restaurant', 'are', 'you', 'looking', 'for', '?']
2020-07-09 19:06:16,023 	Raw hypothesis: ['O@@', 'k', ',', 'nach', 'welcher', 'Art', 'von', 'Restaurant', 'suchen', 'Sie', '?']
2020-07-09 19:06:16,023 	Source:     Ok , what type of restaurant are you looking for ?
2020-07-09 19:06:16,023 	Reference:  Ok . Welche Art von Restaurant suchen Sie denn genau ?
2020-07-09 19:06:16,023 	Hypothesis: Ok , nach welcher Art von Restaurant suchen Sie ?
2020-07-09 19:06:16,023 Example #2
2020-07-09 19:06:16,023 	Raw source:     ['S@@', 'ure', ',', 'give', 'me', 'a', 'second', ',', 'I', 'will', 'be', 'right', 'back', 'with', 'a', 'couple', 'of', 'options', '.']
2020-07-09 19:06:16,023 	Raw hypothesis: ['K@@', 'lar', ',', 'geben', 'Sie', 'mir', 'eine', 'Sek@@', 'unde', ',', 'ich', 'werde', 'gleich', 'wieder', 'ein', 'paar', 'Optionen', 'haben', '.']
2020-07-09 19:06:16,023 	Source:     Sure , give me a second , I will be right back with a couple of options .
2020-07-09 19:06:16,023 	Reference:  Klar , geben Sie mir eine Sekunde , ich bin gleich zurück mit ein paar Optionen .
2020-07-09 19:06:16,024 	Hypothesis: Klar , geben Sie mir eine Sekunde , ich werde gleich wieder ein paar Optionen haben .
2020-07-09 19:06:16,024 Example #3
2020-07-09 19:06:16,024 	Raw source:     ['I', 'found', ':', 'Se@@', 'as@@', 'ons', '52', ',', 'a', 'Rot@@', 'ating', 'menu', 'of', 'seasonal', 'American', 'dishes', 'alongside', 'International', 'wines', 'in', 'an', 'up@@', 'scale', 'setting', '.', 'I', 'also', 'found', ':', 'P@@', 'lu@@', 'to', "'s", ':', 'a', 'Local', 'counter-@@', 'serve', 'chain', 'featuring', 'buil@@', 'd-@@', 'your@@', '-@@', 'own', 'sal@@', 'ads', '&', 'sand@@', 'wich@@', 'es', 'in', 'a', 'cas@@', 'ual', ',', 'modern', 'setting', '.']
2020-07-09 19:06:16,024 	Raw hypothesis: ['Ich', 'habe', 'Folgendes', 'gefunden', ':', 'Se@@', 'as@@', 'ons', '52', ',', 'eine', 'wechsel@@', 'n@@', 'des', 'Menü', 'mit', 'sa@@', 'ison@@', 'alen', 'amerikanischen', 'Gerichten', 'zusammen', 'mit', 'internationalen', 'W@@', 'einen', 'in', 'einer', 'geho@@', 'benen', 'Umgebung', '.', 'Ich', 'habe', 'auch', 'Folgendes', 'gefunden', ':', 'P@@', 'lu@@', 'to', "'", 's', ':', 'eine', 'lokale', 'K@@', 'ette', 'zum', 'Be@@', 'sten', 'Service', 'mit', 'haus@@', 'eigenen', 'Sal@@', 'aten', '&', 'Sand@@', 'wich@@', 'es', 'in', 'einer', 'lässi@@', 'gen', ',', 'modernen', 'Umgebung', '.']
2020-07-09 19:06:16,024 	Source:     I found : Seasons 52 , a Rotating menu of seasonal American dishes alongside International wines in an upscale setting . I also found : Pluto 's : a Local counter-serve chain featuring build-your-own salads & sandwiches in a casual , modern setting .
2020-07-09 19:06:16,024 	Reference:  Ich fand : Seasons 52 , ein wechselndes Menü mit saisonalen amerikanischen Gerichten neben internationalen Weinen in einer gehobenen Umgebung . Ich habe auch : Pluto ' s : eine lokale Counter-Service-Kette , die Salate & Sandwiches zum Selbermachen in einem ungezwungenen , modernen Ambiente anbietet , gefunden .
2020-07-09 19:06:16,024 	Hypothesis: Ich habe Folgendes gefunden : Seasons 52 , eine wechselndes Menü mit saisonalen amerikanischen Gerichten zusammen mit internationalen Weinen in einer gehobenen Umgebung . Ich habe auch Folgendes gefunden : Pluto ' s : eine lokale Kette zum Besten Service mit hauseigenen Salaten & Sandwiches in einer lässigen , modernen Umgebung .
2020-07-09 19:06:16,024 Validation result (greedy) at epoch  12, step  1362000: bleu:  57.59, loss: 9826.7295, ppl:   1.9309, duration: 24.6691s
2020-07-09 19:06:28,020 Epoch  12 Step:  1362100 Batch Loss:     0.279694 Tokens per Sec:    11121, Lr: 0.000200
2020-07-09 19:06:33,861 Epoch  12: total training loss 47.05
2020-07-09 19:06:33,861 EPOCH 13
2020-07-09 19:06:39,990 Epoch  13 Step:  1362200 Batch Loss:     0.247136 Tokens per Sec:    11277, Lr: 0.000200
2020-07-09 19:06:52,011 Epoch  13 Step:  1362300 Batch Loss:     0.274654 Tokens per Sec:    11237, Lr: 0.000200
2020-07-09 19:06:55,221 Epoch  13: total training loss 43.35
2020-07-09 19:06:55,222 EPOCH 14
2020-07-09 19:07:03,986 Epoch  14 Step:  1362400 Batch Loss:     0.216895 Tokens per Sec:    11156, Lr: 0.000200
2020-07-09 19:07:16,050 Epoch  14 Step:  1362500 Batch Loss:     0.209766 Tokens per Sec:    11259, Lr: 0.000200
2020-07-09 19:07:16,640 Epoch  14: total training loss 40.34
2020-07-09 19:07:16,641 EPOCH 15
2020-07-09 19:07:28,098 Epoch  15 Step:  1362600 Batch Loss:     0.168333 Tokens per Sec:    11232, Lr: 0.000200
2020-07-09 19:07:38,074 Epoch  15: total training loss 37.89
2020-07-09 19:07:38,074 EPOCH 16
2020-07-09 19:07:40,184 Epoch  16 Step:  1362700 Batch Loss:     0.254112 Tokens per Sec:    11534, Lr: 0.000200
2020-07-09 19:08:10,572 Example #0
2020-07-09 19:08:10,572 	Raw source:     ['H@@', 'i', ',', 'how', 'can', 'I', 'help', 'you', '?']
2020-07-09 19:08:10,572 	Raw hypothesis: ['Hall@@', 'o', ',', 'wie', 'kann', 'ich', 'Ihnen', 'helfen', '?']
2020-07-09 19:08:10,572 	Source:     Hi , how can I help you ?
2020-07-09 19:08:10,572 	Reference:  Hallo , wie kann ich Ihnen helfen ?
2020-07-09 19:08:10,572 	Hypothesis: Hallo , wie kann ich Ihnen helfen ?
2020-07-09 19:08:10,572 Example #1
2020-07-09 19:08:10,573 	Raw source:     ['O@@', 'k', ',', 'what', 'type', 'of', 'restaurant', 'are', 'you', 'looking', 'for', '?']
2020-07-09 19:08:10,573 	Raw hypothesis: ['O@@', 'k', ',', 'nach', 'welcher', 'Art', 'von', 'Restaurant', 'suchen', 'Sie', '?']
2020-07-09 19:08:10,573 	Source:     Ok , what type of restaurant are you looking for ?
2020-07-09 19:08:10,573 	Reference:  Ok . Welche Art von Restaurant suchen Sie denn genau ?
2020-07-09 19:08:10,573 	Hypothesis: Ok , nach welcher Art von Restaurant suchen Sie ?
2020-07-09 19:08:10,573 Example #2
2020-07-09 19:08:10,573 	Raw source:     ['S@@', 'ure', ',', 'give', 'me', 'a', 'second', ',', 'I', 'will', 'be', 'right', 'back', 'with', 'a', 'couple', 'of', 'options', '.']
2020-07-09 19:08:10,573 	Raw hypothesis: ['K@@', 'lar', ',', 'geben', 'Sie', 'mir', 'eine', 'Sek@@', 'unde', ',', 'ich', 'werde', 'gleich', 'wieder', 'ein', 'paar', 'Optionen', 'haben', '.']
2020-07-09 19:08:10,573 	Source:     Sure , give me a second , I will be right back with a couple of options .
2020-07-09 19:08:10,573 	Reference:  Klar , geben Sie mir eine Sekunde , ich bin gleich zurück mit ein paar Optionen .
2020-07-09 19:08:10,573 	Hypothesis: Klar , geben Sie mir eine Sekunde , ich werde gleich wieder ein paar Optionen haben .
2020-07-09 19:08:10,573 Example #3
2020-07-09 19:08:10,573 	Raw source:     ['I', 'found', ':', 'Se@@', 'as@@', 'ons', '52', ',', 'a', 'Rot@@', 'ating', 'menu', 'of', 'seasonal', 'American', 'dishes', 'alongside', 'International', 'wines', 'in', 'an', 'up@@', 'scale', 'setting', '.', 'I', 'also', 'found', ':', 'P@@', 'lu@@', 'to', "'s", ':', 'a', 'Local', 'counter-@@', 'serve', 'chain', 'featuring', 'buil@@', 'd-@@', 'your@@', '-@@', 'own', 'sal@@', 'ads', '&', 'sand@@', 'wich@@', 'es', 'in', 'a', 'cas@@', 'ual', ',', 'modern', 'setting', '.']
2020-07-09 19:08:10,573 	Raw hypothesis: ['Ich', 'habe', 'folgendes', 'gefunden', ':', '"', 'Se@@', 'as@@', 'ons', '52', '"', ',', 'eine', 'wechsel@@', 'n@@', 'des', 'Menü', 'mit', 'sa@@', 'ison@@', 'alen', 'amerikanischen', 'Gerichten', 'zusammen', 'mit', 'internationalen', 'W@@', 'einen', 'in', 'geho@@', 'ben@@', 'em', 'Rahmen', '.', 'Ich', 'habe', 'auch', 'folgendes', 'gefunden', ':', '"', 'P@@', 'lu@@', 'to', "'", 's', '"', ':', 'eine', 'lokale', 'K@@', 'ette', ',', 'die', 'neben', 'dem', 'Restaurant', 'auch', 'lokale', 'Sal@@', 'ate', '&', 'Sand@@', 'wich@@', 'es', 'in', 'zw@@', 'ang@@', 'loser', ',', 'moderner', 'Umgebung', 'anbietet', '.']
2020-07-09 19:08:10,574 	Source:     I found : Seasons 52 , a Rotating menu of seasonal American dishes alongside International wines in an upscale setting . I also found : Pluto 's : a Local counter-serve chain featuring build-your-own salads & sandwiches in a casual , modern setting .
2020-07-09 19:08:10,574 	Reference:  Ich fand : Seasons 52 , ein wechselndes Menü mit saisonalen amerikanischen Gerichten neben internationalen Weinen in einer gehobenen Umgebung . Ich habe auch : Pluto ' s : eine lokale Counter-Service-Kette , die Salate & Sandwiches zum Selbermachen in einem ungezwungenen , modernen Ambiente anbietet , gefunden .
2020-07-09 19:08:10,574 	Hypothesis: Ich habe folgendes gefunden : " Seasons 52 " , eine wechselndes Menü mit saisonalen amerikanischen Gerichten zusammen mit internationalen Weinen in gehobenem Rahmen . Ich habe auch folgendes gefunden : " Pluto ' s " : eine lokale Kette , die neben dem Restaurant auch lokale Salate & Sandwiches in zwangloser , moderner Umgebung anbietet .
2020-07-09 19:08:10,574 Validation result (greedy) at epoch  16, step  1362750: bleu:  56.69, loss: 10366.4219, ppl:   2.0019, duration: 24.4258s
2020-07-09 19:08:16,515 Epoch  16 Step:  1362800 Batch Loss:     0.209140 Tokens per Sec:    11127, Lr: 0.000200
2020-07-09 19:08:23,939 Epoch  16: total training loss 35.68
2020-07-09 19:08:23,940 EPOCH 17
2020-07-09 19:08:28,535 Epoch  17 Step:  1362900 Batch Loss:     0.197792 Tokens per Sec:    11130, Lr: 0.000200
2020-07-09 19:08:40,562 Epoch  17 Step:  1363000 Batch Loss:     0.193563 Tokens per Sec:    11266, Lr: 0.000200
2020-07-09 19:08:45,351 Epoch  17: total training loss 33.40
2020-07-09 19:08:45,352 EPOCH 18
2020-07-09 19:08:52,580 Epoch  18 Step:  1363100 Batch Loss:     0.175779 Tokens per Sec:    11050, Lr: 0.000200
2020-07-09 19:09:04,586 Epoch  18 Step:  1363200 Batch Loss:     0.165666 Tokens per Sec:    11240, Lr: 0.000200
2020-07-09 19:09:06,780 Epoch  18: total training loss 31.75
2020-07-09 19:09:06,781 EPOCH 19
2020-07-09 19:09:16,601 Epoch  19 Step:  1363300 Batch Loss:     0.184255 Tokens per Sec:    11153, Lr: 0.000200
2020-07-09 19:09:28,179 Epoch  19: total training loss 30.13
2020-07-09 19:09:28,180 EPOCH 20
2020-07-09 19:09:28,690 Epoch  20 Step:  1363400 Batch Loss:     0.148660 Tokens per Sec:    11281, Lr: 0.000200
2020-07-09 19:09:40,638 Epoch  20 Step:  1363500 Batch Loss:     0.158191 Tokens per Sec:    11220, Lr: 0.000200
2020-07-09 19:10:05,400 Example #0
2020-07-09 19:10:05,401 	Raw source:     ['H@@', 'i', ',', 'how', 'can', 'I', 'help', 'you', '?']
2020-07-09 19:10:05,401 	Raw hypothesis: ['Hall@@', 'o', ',', 'wie', 'kann', 'ich', 'Ihnen', 'helfen', '?']
2020-07-09 19:10:05,401 	Source:     Hi , how can I help you ?
2020-07-09 19:10:05,401 	Reference:  Hallo , wie kann ich Ihnen helfen ?
2020-07-09 19:10:05,401 	Hypothesis: Hallo , wie kann ich Ihnen helfen ?
2020-07-09 19:10:05,401 Example #1
2020-07-09 19:10:05,401 	Raw source:     ['O@@', 'k', ',', 'what', 'type', 'of', 'restaurant', 'are', 'you', 'looking', 'for', '?']
2020-07-09 19:10:05,401 	Raw hypothesis: ['O@@', 'k', ',', 'nach', 'welcher', 'Art', 'von', 'Restaurant', 'suchen', 'Sie', '?']
2020-07-09 19:10:05,401 	Source:     Ok , what type of restaurant are you looking for ?
2020-07-09 19:10:05,401 	Reference:  Ok . Welche Art von Restaurant suchen Sie denn genau ?
2020-07-09 19:10:05,401 	Hypothesis: Ok , nach welcher Art von Restaurant suchen Sie ?
2020-07-09 19:10:05,401 Example #2
2020-07-09 19:10:05,402 	Raw source:     ['S@@', 'ure', ',', 'give', 'me', 'a', 'second', ',', 'I', 'will', 'be', 'right', 'back', 'with', 'a', 'couple', 'of', 'options', '.']
2020-07-09 19:10:05,402 	Raw hypothesis: ['K@@', 'lar', ',', 'geben', 'Sie', 'mir', 'eine', 'Sek@@', 'unde', ',', 'ich', 'werde', 'gleich', 'wieder', 'ein', 'paar', 'Optionen', 'haben', '.']
2020-07-09 19:10:05,402 	Source:     Sure , give me a second , I will be right back with a couple of options .
2020-07-09 19:10:05,402 	Reference:  Klar , geben Sie mir eine Sekunde , ich bin gleich zurück mit ein paar Optionen .
2020-07-09 19:10:05,402 	Hypothesis: Klar , geben Sie mir eine Sekunde , ich werde gleich wieder ein paar Optionen haben .
2020-07-09 19:10:05,402 Example #3
2020-07-09 19:10:05,402 	Raw source:     ['I', 'found', ':', 'Se@@', 'as@@', 'ons', '52', ',', 'a', 'Rot@@', 'ating', 'menu', 'of', 'seasonal', 'American', 'dishes', 'alongside', 'International', 'wines', 'in', 'an', 'up@@', 'scale', 'setting', '.', 'I', 'also', 'found', ':', 'P@@', 'lu@@', 'to', "'s", ':', 'a', 'Local', 'counter-@@', 'serve', 'chain', 'featuring', 'buil@@', 'd-@@', 'your@@', '-@@', 'own', 'sal@@', 'ads', '&', 'sand@@', 'wich@@', 'es', 'in', 'a', 'cas@@', 'ual', ',', 'modern', 'setting', '.']
2020-07-09 19:10:05,402 	Raw hypothesis: ['Ich', 'habe', 'Folgendes', 'gefunden', ':', '"', 'Se@@', 'as@@', 'ons', '52', '"', ',', 'eine', 'wechsel@@', 'n@@', 'des', 'Menü', 'mit', 'sa@@', 'ison@@', 'alen', 'amerikanischen', 'Gerichten', 'zusammen', 'mit', 'internationalen', 'W@@', 'einen', 'in', 'einer', 'geho@@', 'benen', 'Umgebung', '.', 'Ich', 'habe', 'auch', 'Folgendes', 'gefunden', ':', '"', 'P@@', 'lu@@', 'to', "'", 's', '"', ':', 'eine', 'lokale', 'Co@@', 'unter@@', '-@@', 'Ser@@', 've-@@', 'K@@', 'ette', 'mit', '<unk>', 'eigenen', 'Sal@@', 'aten', '&', 'Sand@@', 'wich@@', 'es', 'in', 'einer', 'lässi@@', 'gen', ',', 'modernen', 'Umgebung', '.']
2020-07-09 19:10:05,402 	Source:     I found : Seasons 52 , a Rotating menu of seasonal American dishes alongside International wines in an upscale setting . I also found : Pluto 's : a Local counter-serve chain featuring build-your-own salads & sandwiches in a casual , modern setting .
2020-07-09 19:10:05,402 	Reference:  Ich fand : Seasons 52 , ein wechselndes Menü mit saisonalen amerikanischen Gerichten neben internationalen Weinen in einer gehobenen Umgebung . Ich habe auch : Pluto ' s : eine lokale Counter-Service-Kette , die Salate & Sandwiches zum Selbermachen in einem ungezwungenen , modernen Ambiente anbietet , gefunden .
2020-07-09 19:10:05,402 	Hypothesis: Ich habe Folgendes gefunden : " Seasons 52 " , eine wechselndes Menü mit saisonalen amerikanischen Gerichten zusammen mit internationalen Weinen in einer gehobenen Umgebung . Ich habe auch Folgendes gefunden : " Pluto ' s " : eine lokale Counter-Serve-Kette mit <unk> eigenen Salaten & Sandwiches in einer lässigen , modernen Umgebung .
2020-07-09 19:10:05,402 Validation result (greedy) at epoch  20, step  1363500: bleu:  56.70, loss: 10962.7891, ppl:   2.0835, duration: 24.7640s
2020-07-09 19:10:14,430 Epoch  20: total training loss 28.94
2020-07-09 19:10:14,431 EPOCH 21
2020-07-09 19:10:17,438 Epoch  21 Step:  1363600 Batch Loss:     0.148903 Tokens per Sec:    10969, Lr: 0.000200
2020-07-09 19:10:29,431 Epoch  21 Step:  1363700 Batch Loss:     0.167576 Tokens per Sec:    11199, Lr: 0.000200
2020-07-09 19:10:35,947 Epoch  21: total training loss 27.61
2020-07-09 19:10:35,947 EPOCH 22
2020-07-09 19:10:41,507 Epoch  22 Step:  1363800 Batch Loss:     0.158778 Tokens per Sec:    11119, Lr: 0.000200
2020-07-09 19:10:53,579 Epoch  22 Step:  1363900 Batch Loss:     0.164583 Tokens per Sec:    11177, Lr: 0.000200
2020-07-09 19:10:57,381 Epoch  22: total training loss 26.14
2020-07-09 19:10:57,381 EPOCH 23
2020-07-09 19:11:05,570 Epoch  23 Step:  1364000 Batch Loss:     0.137556 Tokens per Sec:    11234, Lr: 0.000200
2020-07-09 19:11:17,577 Epoch  23 Step:  1364100 Batch Loss:     0.159109 Tokens per Sec:    11274, Lr: 0.000200
2020-07-09 19:11:18,669 Epoch  23: total training loss 24.97
2020-07-09 19:11:18,670 EPOCH 24
2020-07-09 19:11:29,599 Epoch  24 Step:  1364200 Batch Loss:     0.126001 Tokens per Sec:    11176, Lr: 0.000200
2020-07-09 19:12:00,064 Example #0
2020-07-09 19:12:00,064 	Raw source:     ['H@@', 'i', ',', 'how', 'can', 'I', 'help', 'you', '?']
2020-07-09 19:12:00,064 	Raw hypothesis: ['Hall@@', 'o', ',', 'wie', 'kann', 'ich', 'Ihnen', 'helfen', '?']
2020-07-09 19:12:00,064 	Source:     Hi , how can I help you ?
2020-07-09 19:12:00,064 	Reference:  Hallo , wie kann ich Ihnen helfen ?
2020-07-09 19:12:00,064 	Hypothesis: Hallo , wie kann ich Ihnen helfen ?
2020-07-09 19:12:00,064 Example #1
2020-07-09 19:12:00,065 	Raw source:     ['O@@', 'k', ',', 'what', 'type', 'of', 'restaurant', 'are', 'you', 'looking', 'for', '?']
2020-07-09 19:12:00,065 	Raw hypothesis: ['O@@', 'k', ',', 'nach', 'welcher', 'Art', 'von', 'Restaurant', 'suchen', 'Sie', '?']
2020-07-09 19:12:00,065 	Source:     Ok , what type of restaurant are you looking for ?
2020-07-09 19:12:00,065 	Reference:  Ok . Welche Art von Restaurant suchen Sie denn genau ?
2020-07-09 19:12:00,065 	Hypothesis: Ok , nach welcher Art von Restaurant suchen Sie ?
2020-07-09 19:12:00,065 Example #2
2020-07-09 19:12:00,065 	Raw source:     ['S@@', 'ure', ',', 'give', 'me', 'a', 'second', ',', 'I', 'will', 'be', 'right', 'back', 'with', 'a', 'couple', 'of', 'options', '.']
2020-07-09 19:12:00,065 	Raw hypothesis: ['K@@', 'lar', ',', 'geben', 'Sie', 'mir', 'eine', 'Sek@@', 'unde', ',', 'ich', 'werde', 'gleich', 'wieder', 'ein', 'paar', 'Optionen', 'haben', '.']
2020-07-09 19:12:00,065 	Source:     Sure , give me a second , I will be right back with a couple of options .
2020-07-09 19:12:00,065 	Reference:  Klar , geben Sie mir eine Sekunde , ich bin gleich zurück mit ein paar Optionen .
2020-07-09 19:12:00,065 	Hypothesis: Klar , geben Sie mir eine Sekunde , ich werde gleich wieder ein paar Optionen haben .
2020-07-09 19:12:00,065 Example #3
2020-07-09 19:12:00,065 	Raw source:     ['I', 'found', ':', 'Se@@', 'as@@', 'ons', '52', ',', 'a', 'Rot@@', 'ating', 'menu', 'of', 'seasonal', 'American', 'dishes', 'alongside', 'International', 'wines', 'in', 'an', 'up@@', 'scale', 'setting', '.', 'I', 'also', 'found', ':', 'P@@', 'lu@@', 'to', "'s", ':', 'a', 'Local', 'counter-@@', 'serve', 'chain', 'featuring', 'buil@@', 'd-@@', 'your@@', '-@@', 'own', 'sal@@', 'ads', '&', 'sand@@', 'wich@@', 'es', 'in', 'a', 'cas@@', 'ual', ',', 'modern', 'setting', '.']
2020-07-09 19:12:00,065 	Raw hypothesis: ['Ich', 'habe', 'Folgendes', 'gefunden', ':', '"', 'Se@@', 'as@@', 'ons', '52', '"', ',', 'eine', 'wechsel@@', 'n@@', 'des', 'Menü', 'mit', 'sa@@', 'ison@@', 'alen', 'amerikanischen', 'Gerichten', 'zusammen', 'mit', 'internationalen', 'W@@', 'einen', 'in', 'einer', 'geho@@', 'benen', 'Umgebung', '.', 'Ich', 'habe', 'auch', 'Folgendes', 'gefunden', ':', '"', 'P@@', 'lu@@', 'to', "'", 's', '"', ':', 'eine', 'lokale', 'Co@@', 'unter@@', '-@@', 'Ser@@', 've-@@', 'K@@', 'ette', 'mit', '<unk>', 'eigenen', 'Sal@@', 'aten', '&', 'Sand@@', 'wich@@', 'es', 'in', 'einem', 'lässi@@', 'gen', ',', 'modernen', 'Ambiente', '.']
2020-07-09 19:12:00,065 	Source:     I found : Seasons 52 , a Rotating menu of seasonal American dishes alongside International wines in an upscale setting . I also found : Pluto 's : a Local counter-serve chain featuring build-your-own salads & sandwiches in a casual , modern setting .
2020-07-09 19:12:00,065 	Reference:  Ich fand : Seasons 52 , ein wechselndes Menü mit saisonalen amerikanischen Gerichten neben internationalen Weinen in einer gehobenen Umgebung . Ich habe auch : Pluto ' s : eine lokale Counter-Service-Kette , die Salate & Sandwiches zum Selbermachen in einem ungezwungenen , modernen Ambiente anbietet , gefunden .
2020-07-09 19:12:00,066 	Hypothesis: Ich habe Folgendes gefunden : " Seasons 52 " , eine wechselndes Menü mit saisonalen amerikanischen Gerichten zusammen mit internationalen Weinen in einer gehobenen Umgebung . Ich habe auch Folgendes gefunden : " Pluto ' s " : eine lokale Counter-Serve-Kette mit <unk> eigenen Salaten & Sandwiches in einem lässigen , modernen Ambiente .
2020-07-09 19:12:00,066 Validation result (greedy) at epoch  24, step  1364250: bleu:  56.59, loss: 11332.2656, ppl:   2.1357, duration: 24.5337s
2020-07-09 19:12:04,551 Epoch  24: total training loss 23.91
2020-07-09 19:12:04,551 EPOCH 25
2020-07-09 19:12:06,147 Epoch  25 Step:  1364300 Batch Loss:     0.141115 Tokens per Sec:    11303, Lr: 0.000200
2020-07-09 19:12:18,199 Epoch  25 Step:  1364400 Batch Loss:     0.126078 Tokens per Sec:    11183, Lr: 0.000200
2020-07-09 19:12:25,995 Epoch  25: total training loss 23.07
2020-07-09 19:12:25,996 EPOCH 26
2020-07-09 19:12:30,234 Epoch  26 Step:  1364500 Batch Loss:     0.130307 Tokens per Sec:    11237, Lr: 0.000200
2020-07-09 19:12:42,283 Epoch  26 Step:  1364600 Batch Loss:     0.108455 Tokens per Sec:    11194, Lr: 0.000200
2020-07-09 19:12:47,421 Epoch  26: total training loss 22.13
2020-07-09 19:12:47,422 EPOCH 27
2020-07-09 19:12:54,267 Epoch  27 Step:  1364700 Batch Loss:     0.096471 Tokens per Sec:    11164, Lr: 0.000200
2020-07-09 19:13:06,341 Epoch  27 Step:  1364800 Batch Loss:     0.128828 Tokens per Sec:    11306, Lr: 0.000200
2020-07-09 19:13:08,757 Epoch  27: total training loss 21.39
2020-07-09 19:13:08,757 EPOCH 28
2020-07-09 19:13:18,382 Epoch  28 Step:  1364900 Batch Loss:     0.110225 Tokens per Sec:    11255, Lr: 0.000200
2020-07-09 19:13:30,127 Epoch  28: total training loss 20.79
2020-07-09 19:13:30,127 EPOCH 29
2020-07-09 19:13:30,398 Epoch  29 Step:  1365000 Batch Loss:     0.114647 Tokens per Sec:    10456, Lr: 0.000200
2020-07-09 19:13:54,988 Example #0
2020-07-09 19:13:54,988 	Raw source:     ['H@@', 'i', ',', 'how', 'can', 'I', 'help', 'you', '?']
2020-07-09 19:13:54,988 	Raw hypothesis: ['Hall@@', 'o', ',', 'wie', 'kann', 'ich', 'Ihnen', 'helfen', '?']
2020-07-09 19:13:54,988 	Source:     Hi , how can I help you ?
2020-07-09 19:13:54,988 	Reference:  Hallo , wie kann ich Ihnen helfen ?
2020-07-09 19:13:54,988 	Hypothesis: Hallo , wie kann ich Ihnen helfen ?
2020-07-09 19:13:54,989 Example #1
2020-07-09 19:13:54,989 	Raw source:     ['O@@', 'k', ',', 'what', 'type', 'of', 'restaurant', 'are', 'you', 'looking', 'for', '?']
2020-07-09 19:13:54,989 	Raw hypothesis: ['O@@', 'k', ',', 'nach', 'welcher', 'Art', 'von', 'Restaurant', 'suchen', 'Sie', '?']
2020-07-09 19:13:54,989 	Source:     Ok , what type of restaurant are you looking for ?
2020-07-09 19:13:54,989 	Reference:  Ok . Welche Art von Restaurant suchen Sie denn genau ?
2020-07-09 19:13:54,989 	Hypothesis: Ok , nach welcher Art von Restaurant suchen Sie ?
2020-07-09 19:13:54,989 Example #2
2020-07-09 19:13:54,989 	Raw source:     ['S@@', 'ure', ',', 'give', 'me', 'a', 'second', ',', 'I', 'will', 'be', 'right', 'back', 'with', 'a', 'couple', 'of', 'options', '.']
2020-07-09 19:13:54,989 	Raw hypothesis: ['K@@', 'lar', ',', 'geben', 'Sie', 'mir', 'eine', 'Sek@@', 'unde', ',', 'ich', 'werde', 'gleich', 'wieder', 'ein', 'paar', 'Optionen', 'haben', '.']
2020-07-09 19:13:54,989 	Source:     Sure , give me a second , I will be right back with a couple of options .
2020-07-09 19:13:54,989 	Reference:  Klar , geben Sie mir eine Sekunde , ich bin gleich zurück mit ein paar Optionen .
2020-07-09 19:13:54,989 	Hypothesis: Klar , geben Sie mir eine Sekunde , ich werde gleich wieder ein paar Optionen haben .
2020-07-09 19:13:54,989 Example #3
2020-07-09 19:13:54,989 	Raw source:     ['I', 'found', ':', 'Se@@', 'as@@', 'ons', '52', ',', 'a', 'Rot@@', 'ating', 'menu', 'of', 'seasonal', 'American', 'dishes', 'alongside', 'International', 'wines', 'in', 'an', 'up@@', 'scale', 'setting', '.', 'I', 'also', 'found', ':', 'P@@', 'lu@@', 'to', "'s", ':', 'a', 'Local', 'counter-@@', 'serve', 'chain', 'featuring', 'buil@@', 'd-@@', 'your@@', '-@@', 'own', 'sal@@', 'ads', '&', 'sand@@', 'wich@@', 'es', 'in', 'a', 'cas@@', 'ual', ',', 'modern', 'setting', '.']
2020-07-09 19:13:54,989 	Raw hypothesis: ['Ich', 'habe', 'folgendes', 'gefunden', ':', '"', 'Se@@', 'as@@', 'ons', '52', '"', ',', 'eine', 'wechsel@@', 'n@@', 'des', 'Menü', 'mit', 'sa@@', 'ison@@', 'alen', 'amerikanischen', 'Gerichten', 'sowie', 'internationalen', 'W@@', 'einen', 'in', 'geho@@', 'ben@@', 'em', 'Rahmen', '.', 'Ich', 'habe', 'auch', 'folgendes', 'gefunden', ':', '"', 'P@@', 'lu@@', 'to', "'", 's', '"', 'eine', 'lokale', 'Co@@', 'unter@@', '-@@', 'Ser@@', 've-@@', 'K@@', 'ette', 'mit', '<unk>', 'eigenen', 'Sal@@', 'aten', '&', 'Sand@@', 'wich@@', 'es', 'in', 'lock@@', 'erer', ',', 'moderner', 'Umgebung', '.']
2020-07-09 19:13:54,989 	Source:     I found : Seasons 52 , a Rotating menu of seasonal American dishes alongside International wines in an upscale setting . I also found : Pluto 's : a Local counter-serve chain featuring build-your-own salads & sandwiches in a casual , modern setting .
2020-07-09 19:13:54,990 	Reference:  Ich fand : Seasons 52 , ein wechselndes Menü mit saisonalen amerikanischen Gerichten neben internationalen Weinen in einer gehobenen Umgebung . Ich habe auch : Pluto ' s : eine lokale Counter-Service-Kette , die Salate & Sandwiches zum Selbermachen in einem ungezwungenen , modernen Ambiente anbietet , gefunden .
2020-07-09 19:13:54,990 	Hypothesis: Ich habe folgendes gefunden : " Seasons 52 " , eine wechselndes Menü mit saisonalen amerikanischen Gerichten sowie internationalen Weinen in gehobenem Rahmen . Ich habe auch folgendes gefunden : " Pluto ' s " eine lokale Counter-Serve-Kette mit <unk> eigenen Salaten & Sandwiches in lockerer , moderner Umgebung .
2020-07-09 19:13:54,990 Validation result (greedy) at epoch  29, step  1365000: bleu:  56.42, loss: 11886.2637, ppl:   2.2164, duration: 24.5909s
2020-07-09 19:14:07,103 Epoch  29 Step:  1365100 Batch Loss:     0.131741 Tokens per Sec:    11284, Lr: 0.000200
2020-07-09 19:14:16,185 Epoch  29: total training loss 20.03
2020-07-09 19:14:16,186 EPOCH 30
2020-07-09 19:14:19,072 Epoch  30 Step:  1365200 Batch Loss:     0.109001 Tokens per Sec:    11079, Lr: 0.000200
2020-07-09 19:14:31,007 Epoch  30 Step:  1365300 Batch Loss:     0.130387 Tokens per Sec:    11179, Lr: 0.000200
2020-07-09 19:14:37,553 Epoch  30: total training loss 19.60
2020-07-09 19:14:37,553 EPOCH 31
2020-07-09 19:14:42,971 Epoch  31 Step:  1365400 Batch Loss:     0.100333 Tokens per Sec:    11363, Lr: 0.000200
2020-07-09 19:14:54,872 Epoch  31 Step:  1365500 Batch Loss:     0.110944 Tokens per Sec:    11066, Lr: 0.000200
2020-07-09 19:14:59,050 Epoch  31: total training loss 19.21
2020-07-09 19:14:59,051 EPOCH 32
2020-07-09 19:15:06,907 Epoch  32 Step:  1365600 Batch Loss:     0.109517 Tokens per Sec:    11198, Lr: 0.000200
2020-07-09 19:15:18,895 Epoch  32 Step:  1365700 Batch Loss:     0.088549 Tokens per Sec:    11333, Lr: 0.000200
2020-07-09 19:15:20,417 Epoch  32: total training loss 18.42
2020-07-09 19:15:20,417 EPOCH 33
2020-07-09 19:15:49,221 Example #0
2020-07-09 19:15:49,221 	Raw source:     ['H@@', 'i', ',', 'how', 'can', 'I', 'help', 'you', '?']
2020-07-09 19:15:49,221 	Raw hypothesis: ['Hall@@', 'o', ',', 'wie', 'kann', 'ich', 'Ihnen', 'helfen', '?']
2020-07-09 19:15:49,221 	Source:     Hi , how can I help you ?
2020-07-09 19:15:49,221 	Reference:  Hallo , wie kann ich Ihnen helfen ?
2020-07-09 19:15:49,222 	Hypothesis: Hallo , wie kann ich Ihnen helfen ?
2020-07-09 19:15:49,222 Example #1
2020-07-09 19:15:49,222 	Raw source:     ['O@@', 'k', ',', 'what', 'type', 'of', 'restaurant', 'are', 'you', 'looking', 'for', '?']
2020-07-09 19:15:49,222 	Raw hypothesis: ['O@@', 'k', ',', 'nach', 'welcher', 'Art', 'von', 'Restaurant', 'suchen', 'Sie', '?']
2020-07-09 19:15:49,222 	Source:     Ok , what type of restaurant are you looking for ?
2020-07-09 19:15:49,222 	Reference:  Ok . Welche Art von Restaurant suchen Sie denn genau ?
2020-07-09 19:15:49,222 	Hypothesis: Ok , nach welcher Art von Restaurant suchen Sie ?
2020-07-09 19:15:49,222 Example #2
2020-07-09 19:15:49,222 	Raw source:     ['S@@', 'ure', ',', 'give', 'me', 'a', 'second', ',', 'I', 'will', 'be', 'right', 'back', 'with', 'a', 'couple', 'of', 'options', '.']
2020-07-09 19:15:49,222 	Raw hypothesis: ['K@@', 'lar', ',', 'geben', 'Sie', 'mir', 'eine', 'Sek@@', 'unde', ',', 'ich', 'werde', 'gleich', 'wieder', 'ein', 'paar', 'Optionen', 'haben', '.']
2020-07-09 19:15:49,222 	Source:     Sure , give me a second , I will be right back with a couple of options .
2020-07-09 19:15:49,222 	Reference:  Klar , geben Sie mir eine Sekunde , ich bin gleich zurück mit ein paar Optionen .
2020-07-09 19:15:49,222 	Hypothesis: Klar , geben Sie mir eine Sekunde , ich werde gleich wieder ein paar Optionen haben .
2020-07-09 19:15:49,222 Example #3
2020-07-09 19:15:49,222 	Raw source:     ['I', 'found', ':', 'Se@@', 'as@@', 'ons', '52', ',', 'a', 'Rot@@', 'ating', 'menu', 'of', 'seasonal', 'American', 'dishes', 'alongside', 'International', 'wines', 'in', 'an', 'up@@', 'scale', 'setting', '.', 'I', 'also', 'found', ':', 'P@@', 'lu@@', 'to', "'s", ':', 'a', 'Local', 'counter-@@', 'serve', 'chain', 'featuring', 'buil@@', 'd-@@', 'your@@', '-@@', 'own', 'sal@@', 'ads', '&', 'sand@@', 'wich@@', 'es', 'in', 'a', 'cas@@', 'ual', ',', 'modern', 'setting', '.']
2020-07-09 19:15:49,222 	Raw hypothesis: ['Ich', 'habe', 'Folgendes', 'gefunden', ':', '"', 'Se@@', 'as@@', 'ons', '52', '"', ',', 'eine', 'wechsel@@', 'n@@', 'des', 'Menü', 'mit', 'sa@@', 'ison@@', 'alen', 'amerikanischen', 'Gerichten', 'sowie', 'internationalen', 'W@@', 'einen', 'in', 'geho@@', 'ben@@', 'em', 'Rahmen', '.', 'Ich', 'habe', 'auch', 'folgendes', 'gefunden', ':', '"', 'P@@', 'lu@@', 'to', "'", 's', '"', 'eine', 'lokale', 'Co@@', 'unter@@', '-@@', 'Ser@@', 've-@@', 'K@@', 'ette', 'mit', '<unk>', 'eigenen', 'Sal@@', 'aten', '&', 'Sand@@', 'wich@@', 'es', 'in', 'einem', 'lässi@@', 'gen', ',', 'modernen', 'Ambiente', '.']
2020-07-09 19:15:49,222 	Source:     I found : Seasons 52 , a Rotating menu of seasonal American dishes alongside International wines in an upscale setting . I also found : Pluto 's : a Local counter-serve chain featuring build-your-own salads & sandwiches in a casual , modern setting .
2020-07-09 19:15:49,222 	Reference:  Ich fand : Seasons 52 , ein wechselndes Menü mit saisonalen amerikanischen Gerichten neben internationalen Weinen in einer gehobenen Umgebung . Ich habe auch : Pluto ' s : eine lokale Counter-Service-Kette , die Salate & Sandwiches zum Selbermachen in einem ungezwungenen , modernen Ambiente anbietet , gefunden .
2020-07-09 19:15:49,222 	Hypothesis: Ich habe Folgendes gefunden : " Seasons 52 " , eine wechselndes Menü mit saisonalen amerikanischen Gerichten sowie internationalen Weinen in gehobenem Rahmen . Ich habe auch folgendes gefunden : " Pluto ' s " eine lokale Counter-Serve-Kette mit <unk> eigenen Salaten & Sandwiches in einem lässigen , modernen Ambiente .
2020-07-09 19:15:49,222 Validation result (greedy) at epoch  33, step  1365750: bleu:  56.43, loss: 12374.2725, ppl:   2.2900, duration: 24.3875s
2020-07-09 19:15:55,183 Epoch  33 Step:  1365800 Batch Loss:     0.093872 Tokens per Sec:    11318, Lr: 0.000200
2020-07-09 19:16:06,192 Epoch  33: total training loss 17.92
2020-07-09 19:16:06,192 EPOCH 34
2020-07-09 19:16:07,305 Epoch  34 Step:  1365900 Batch Loss:     0.088706 Tokens per Sec:    10878, Lr: 0.000200
2020-07-09 19:16:19,268 Epoch  34 Step:  1366000 Batch Loss:     0.124480 Tokens per Sec:    11200, Lr: 0.000200
2020-07-09 19:16:27,569 Epoch  34: total training loss 17.43
2020-07-09 19:16:27,570 EPOCH 35
2020-07-09 19:16:31,275 Epoch  35 Step:  1366100 Batch Loss:     0.094353 Tokens per Sec:    11102, Lr: 0.000200
2020-07-09 19:16:43,234 Epoch  35 Step:  1366200 Batch Loss:     0.090299 Tokens per Sec:    11114, Lr: 0.000200
2020-07-09 19:16:49,070 Epoch  35: total training loss 16.98
2020-07-09 19:16:49,071 EPOCH 36
2020-07-09 19:16:55,172 Epoch  36 Step:  1366300 Batch Loss:     0.077163 Tokens per Sec:    11098, Lr: 0.000200
2020-07-09 19:17:07,184 Epoch  36 Step:  1366400 Batch Loss:     0.092417 Tokens per Sec:    11240, Lr: 0.000200
2020-07-09 19:17:10,520 Epoch  36: total training loss 16.42
2020-07-09 19:17:10,521 EPOCH 37
2020-07-09 19:17:19,117 Epoch  37 Step:  1366500 Batch Loss:     0.107859 Tokens per Sec:    11205, Lr: 0.000200
2020-07-09 19:17:42,530 Example #0
2020-07-09 19:17:42,530 	Raw source:     ['H@@', 'i', ',', 'how', 'can', 'I', 'help', 'you', '?']
2020-07-09 19:17:42,530 	Raw hypothesis: ['Hall@@', 'o', ',', 'wie', 'kann', 'ich', 'Ihnen', 'helfen', '?']
2020-07-09 19:17:42,530 	Source:     Hi , how can I help you ?
2020-07-09 19:17:42,531 	Reference:  Hallo , wie kann ich Ihnen helfen ?
2020-07-09 19:17:42,531 	Hypothesis: Hallo , wie kann ich Ihnen helfen ?
2020-07-09 19:17:42,531 Example #1
2020-07-09 19:17:42,531 	Raw source:     ['O@@', 'k', ',', 'what', 'type', 'of', 'restaurant', 'are', 'you', 'looking', 'for', '?']
2020-07-09 19:17:42,531 	Raw hypothesis: ['O@@', 'k', ',', 'nach', 'welcher', 'Art', 'von', 'Restaurant', 'suchen', 'Sie', '?']
2020-07-09 19:17:42,531 	Source:     Ok , what type of restaurant are you looking for ?
2020-07-09 19:17:42,531 	Reference:  Ok . Welche Art von Restaurant suchen Sie denn genau ?
2020-07-09 19:17:42,531 	Hypothesis: Ok , nach welcher Art von Restaurant suchen Sie ?
2020-07-09 19:17:42,531 Example #2
2020-07-09 19:17:42,531 	Raw source:     ['S@@', 'ure', ',', 'give', 'me', 'a', 'second', ',', 'I', 'will', 'be', 'right', 'back', 'with', 'a', 'couple', 'of', 'options', '.']
2020-07-09 19:17:42,531 	Raw hypothesis: ['K@@', 'lar', ',', 'geben', 'Sie', 'mir', 'eine', 'Sek@@', 'unde', ',', 'ich', 'werde', 'gleich', 'wieder', 'ein', 'paar', 'Optionen', 'haben', '.']
2020-07-09 19:17:42,531 	Source:     Sure , give me a second , I will be right back with a couple of options .
2020-07-09 19:17:42,531 	Reference:  Klar , geben Sie mir eine Sekunde , ich bin gleich zurück mit ein paar Optionen .
2020-07-09 19:17:42,531 	Hypothesis: Klar , geben Sie mir eine Sekunde , ich werde gleich wieder ein paar Optionen haben .
2020-07-09 19:17:42,532 Example #3
2020-07-09 19:17:42,532 	Raw source:     ['I', 'found', ':', 'Se@@', 'as@@', 'ons', '52', ',', 'a', 'Rot@@', 'ating', 'menu', 'of', 'seasonal', 'American', 'dishes', 'alongside', 'International', 'wines', 'in', 'an', 'up@@', 'scale', 'setting', '.', 'I', 'also', 'found', ':', 'P@@', 'lu@@', 'to', "'s", ':', 'a', 'Local', 'counter-@@', 'serve', 'chain', 'featuring', 'buil@@', 'd-@@', 'your@@', '-@@', 'own', 'sal@@', 'ads', '&', 'sand@@', 'wich@@', 'es', 'in', 'a', 'cas@@', 'ual', ',', 'modern', 'setting', '.']
2020-07-09 19:17:42,532 	Raw hypothesis: ['Ich', 'habe', 'Folgendes', 'gefunden', ':', '"', 'Se@@', 'as@@', 'ons', '52', '"', ',', 'eine', 'wechsel@@', 'n@@', 'des', 'Menü', 'mit', 'sa@@', 'ison@@', 'alen', 'amerikanischen', 'Gerichten', 'zusammen', 'mit', 'internationalen', 'W@@', 'einen', 'in', 'einer', 'geho@@', 'benen', 'Umgebung', '.', 'Ich', 'habe', 'auch', 'folgendes', 'gefunden', ':', '"', 'P@@', 'lu@@', 'to', "'", 's', '"', ':', 'eine', 'lokale', 'K@@', 'ette', ',', 'die', 'neben', 'dem', '"', 'The', 'LEG@@', 'O', '"', 'auch', 'lokale', 'Sal@@', 'ate', '&', 'Sand@@', 'wich@@', 'es', 'in', 'einer', 'lässi@@', 'gen', ',', 'modernen', 'Umgebung', 'anbietet', '.']
2020-07-09 19:17:42,532 	Source:     I found : Seasons 52 , a Rotating menu of seasonal American dishes alongside International wines in an upscale setting . I also found : Pluto 's : a Local counter-serve chain featuring build-your-own salads & sandwiches in a casual , modern setting .
2020-07-09 19:17:42,532 	Reference:  Ich fand : Seasons 52 , ein wechselndes Menü mit saisonalen amerikanischen Gerichten neben internationalen Weinen in einer gehobenen Umgebung . Ich habe auch : Pluto ' s : eine lokale Counter-Service-Kette , die Salate & Sandwiches zum Selbermachen in einem ungezwungenen , modernen Ambiente anbietet , gefunden .
2020-07-09 19:17:42,532 	Hypothesis: Ich habe Folgendes gefunden : " Seasons 52 " , eine wechselndes Menü mit saisonalen amerikanischen Gerichten zusammen mit internationalen Weinen in einer gehobenen Umgebung . Ich habe auch folgendes gefunden : " Pluto ' s " : eine lokale Kette , die neben dem " The LEGO " auch lokale Salate & Sandwiches in einer lässigen , modernen Umgebung anbietet .
2020-07-09 19:17:42,532 Validation result (greedy) at epoch  37, step  1366500: bleu:  55.53, loss: 12786.0625, ppl:   2.3540, duration: 23.4144s
2020-07-09 19:17:54,450 Epoch  37 Step:  1366600 Batch Loss:     0.102468 Tokens per Sec:    11169, Lr: 0.000200
2020-07-09 19:17:55,415 Epoch  37: total training loss 16.82
2020-07-09 19:17:55,415 EPOCH 38
2020-07-09 19:18:06,413 Epoch  38 Step:  1366700 Batch Loss:     0.082660 Tokens per Sec:    11252, Lr: 0.000200
2020-07-09 19:18:16,648 Epoch  38: total training loss 15.94
2020-07-09 19:18:16,649 EPOCH 39
2020-07-09 19:18:18,480 Epoch  39 Step:  1366800 Batch Loss:     0.097920 Tokens per Sec:    11025, Lr: 0.000200
2020-07-09 19:18:30,414 Epoch  39 Step:  1366900 Batch Loss:     0.072486 Tokens per Sec:    11249, Lr: 0.000200
2020-07-09 19:18:38,017 Epoch  39: total training loss 15.55
2020-07-09 19:18:38,018 EPOCH 40
2020-07-09 19:18:42,399 Epoch  40 Step:  1367000 Batch Loss:     0.062693 Tokens per Sec:    11203, Lr: 0.000200
2020-07-09 19:18:54,379 Epoch  40 Step:  1367100 Batch Loss:     0.086384 Tokens per Sec:    11235, Lr: 0.000200
2020-07-09 19:18:59,452 Epoch  40: total training loss 14.99
2020-07-09 19:18:59,453 EPOCH 41
2020-07-09 19:19:06,318 Epoch  41 Step:  1367200 Batch Loss:     0.089271 Tokens per Sec:    11173, Lr: 0.000200
2020-07-09 19:19:37,063 Example #0
2020-07-09 19:19:37,064 	Raw source:     ['H@@', 'i', ',', 'how', 'can', 'I', 'help', 'you', '?']
2020-07-09 19:19:37,064 	Raw hypothesis: ['Hall@@', 'o', ',', 'wie', 'kann', 'ich', 'Ihnen', 'helfen', '?']
2020-07-09 19:19:37,064 	Source:     Hi , how can I help you ?
2020-07-09 19:19:37,064 	Reference:  Hallo , wie kann ich Ihnen helfen ?
2020-07-09 19:19:37,064 	Hypothesis: Hallo , wie kann ich Ihnen helfen ?
2020-07-09 19:19:37,064 Example #1
2020-07-09 19:19:37,064 	Raw source:     ['O@@', 'k', ',', 'what', 'type', 'of', 'restaurant', 'are', 'you', 'looking', 'for', '?']
2020-07-09 19:19:37,064 	Raw hypothesis: ['O@@', 'k', ',', 'nach', 'welcher', 'Art', 'von', 'Restaurant', 'suchen', 'Sie', '?']
2020-07-09 19:19:37,064 	Source:     Ok , what type of restaurant are you looking for ?
2020-07-09 19:19:37,064 	Reference:  Ok . Welche Art von Restaurant suchen Sie denn genau ?
2020-07-09 19:19:37,064 	Hypothesis: Ok , nach welcher Art von Restaurant suchen Sie ?
2020-07-09 19:19:37,064 Example #2
2020-07-09 19:19:37,064 	Raw source:     ['S@@', 'ure', ',', 'give', 'me', 'a', 'second', ',', 'I', 'will', 'be', 'right', 'back', 'with', 'a', 'couple', 'of', 'options', '.']
2020-07-09 19:19:37,065 	Raw hypothesis: ['K@@', 'lar', ',', 'geben', 'Sie', 'mir', 'eine', 'Sek@@', 'unde', ',', 'ich', 'werde', 'gleich', 'wieder', 'ein', 'paar', 'Optionen', 'haben', '.']
2020-07-09 19:19:37,065 	Source:     Sure , give me a second , I will be right back with a couple of options .
2020-07-09 19:19:37,065 	Reference:  Klar , geben Sie mir eine Sekunde , ich bin gleich zurück mit ein paar Optionen .
2020-07-09 19:19:37,065 	Hypothesis: Klar , geben Sie mir eine Sekunde , ich werde gleich wieder ein paar Optionen haben .
2020-07-09 19:19:37,065 Example #3
2020-07-09 19:19:37,065 	Raw source:     ['I', 'found', ':', 'Se@@', 'as@@', 'ons', '52', ',', 'a', 'Rot@@', 'ating', 'menu', 'of', 'seasonal', 'American', 'dishes', 'alongside', 'International', 'wines', 'in', 'an', 'up@@', 'scale', 'setting', '.', 'I', 'also', 'found', ':', 'P@@', 'lu@@', 'to', "'s", ':', 'a', 'Local', 'counter-@@', 'serve', 'chain', 'featuring', 'buil@@', 'd-@@', 'your@@', '-@@', 'own', 'sal@@', 'ads', '&', 'sand@@', 'wich@@', 'es', 'in', 'a', 'cas@@', 'ual', ',', 'modern', 'setting', '.']
2020-07-09 19:19:37,065 	Raw hypothesis: ['Ich', 'habe', 'Folgendes', 'gefunden', ':', '"', 'Se@@', 'as@@', 'ons', '52', '"', ',', 'eine', 'wechsel@@', 'n@@', 'des', 'Menü', 'mit', 'sa@@', 'ison@@', 'alen', 'amerikanischen', 'Gerichten', 'zusammen', 'mit', 'internationalen', 'W@@', 'einen', 'in', 'geho@@', 'ben@@', 'em', 'Rahmen', '.', 'Ich', 'habe', 'auch', 'folgendes', 'gefunden', ':', '"', 'P@@', 'lu@@', 'to', "'", 's', '"', ':', 'eine', 'lokale', 'K@@', 'ette', 'mit', 'lokalen', 'Sal@@', 'aten', '&', 'Sand@@', 'wich@@', 'es', 'in', 'zw@@', 'ang@@', 'loser', ',', 'moder@@', 'nem', 'Ambiente', '.']
2020-07-09 19:19:37,065 	Source:     I found : Seasons 52 , a Rotating menu of seasonal American dishes alongside International wines in an upscale setting . I also found : Pluto 's : a Local counter-serve chain featuring build-your-own salads & sandwiches in a casual , modern setting .
2020-07-09 19:19:37,065 	Reference:  Ich fand : Seasons 52 , ein wechselndes Menü mit saisonalen amerikanischen Gerichten neben internationalen Weinen in einer gehobenen Umgebung . Ich habe auch : Pluto ' s : eine lokale Counter-Service-Kette , die Salate & Sandwiches zum Selbermachen in einem ungezwungenen , modernen Ambiente anbietet , gefunden .
2020-07-09 19:19:37,065 	Hypothesis: Ich habe Folgendes gefunden : " Seasons 52 " , eine wechselndes Menü mit saisonalen amerikanischen Gerichten zusammen mit internationalen Weinen in gehobenem Rahmen . Ich habe auch folgendes gefunden : " Pluto ' s " : eine lokale Kette mit lokalen Salaten & Sandwiches in zwangloser , modernem Ambiente .
2020-07-09 19:19:37,065 Validation result (greedy) at epoch  41, step  1367250: bleu:  56.26, loss: 12894.1465, ppl:   2.3711, duration: 24.7489s
2020-07-09 19:19:42,989 Epoch  41 Step:  1367300 Batch Loss:     0.075053 Tokens per Sec:    11275, Lr: 0.000200
2020-07-09 19:19:45,602 Epoch  41: total training loss 14.83
2020-07-09 19:19:45,602 EPOCH 42
2020-07-09 19:19:55,036 Epoch  42 Step:  1367400 Batch Loss:     0.071269 Tokens per Sec:    11360, Lr: 0.000200
2020-07-09 19:20:06,928 Epoch  42 Step:  1367500 Batch Loss:     0.095441 Tokens per Sec:    11171, Lr: 0.000200
2020-07-09 19:20:06,929 Epoch  42: total training loss 14.34
2020-07-09 19:20:06,930 EPOCH 43
2020-07-09 19:20:18,890 Epoch  43 Step:  1367600 Batch Loss:     0.080620 Tokens per Sec:    11263, Lr: 0.000200
2020-07-09 19:20:28,238 Epoch  43: total training loss 14.05
2020-07-09 19:20:28,238 EPOCH 44
2020-07-09 19:20:30,892 Epoch  44 Step:  1367700 Batch Loss:     0.061440 Tokens per Sec:    11011, Lr: 0.000200
2020-07-09 19:20:42,891 Epoch  44 Step:  1367800 Batch Loss:     0.076230 Tokens per Sec:    11391, Lr: 0.000200
2020-07-09 19:20:49,604 Epoch  44: total training loss 13.62
2020-07-09 19:20:49,604 EPOCH 45
2020-07-09 19:20:54,927 Epoch  45 Step:  1367900 Batch Loss:     0.072705 Tokens per Sec:    11243, Lr: 0.000200
2020-07-09 19:21:06,937 Epoch  45 Step:  1368000 Batch Loss:     0.081445 Tokens per Sec:    11168, Lr: 0.000200
2020-07-09 19:21:31,623 Example #0
2020-07-09 19:21:31,623 	Raw source:     ['H@@', 'i', ',', 'how', 'can', 'I', 'help', 'you', '?']
2020-07-09 19:21:31,623 	Raw hypothesis: ['Hall@@', 'o', ',', 'wie', 'kann', 'ich', 'Ihnen', 'helfen', '?']
2020-07-09 19:21:31,623 	Source:     Hi , how can I help you ?
2020-07-09 19:21:31,623 	Reference:  Hallo , wie kann ich Ihnen helfen ?
2020-07-09 19:21:31,623 	Hypothesis: Hallo , wie kann ich Ihnen helfen ?
2020-07-09 19:21:31,623 Example #1
2020-07-09 19:21:31,623 	Raw source:     ['O@@', 'k', ',', 'what', 'type', 'of', 'restaurant', 'are', 'you', 'looking', 'for', '?']
2020-07-09 19:21:31,623 	Raw hypothesis: ['O@@', 'k', ',', 'nach', 'welcher', 'Art', 'von', 'Restaurant', 'suchen', 'Sie', '?']
2020-07-09 19:21:31,623 	Source:     Ok , what type of restaurant are you looking for ?
2020-07-09 19:21:31,623 	Reference:  Ok . Welche Art von Restaurant suchen Sie denn genau ?
2020-07-09 19:21:31,623 	Hypothesis: Ok , nach welcher Art von Restaurant suchen Sie ?
2020-07-09 19:21:31,623 Example #2
2020-07-09 19:21:31,623 	Raw source:     ['S@@', 'ure', ',', 'give', 'me', 'a', 'second', ',', 'I', 'will', 'be', 'right', 'back', 'with', 'a', 'couple', 'of', 'options', '.']
2020-07-09 19:21:31,623 	Raw hypothesis: ['Si@@', 'cher', ',', 'geben', 'Sie', 'mir', 'bitte', 'einen', 'Moment', ',', 'ich', 'werde', 'gleich', 'wieder', 'ein', 'paar', 'Optionen', 'haben', '.']
2020-07-09 19:21:31,623 	Source:     Sure , give me a second , I will be right back with a couple of options .
2020-07-09 19:21:31,623 	Reference:  Klar , geben Sie mir eine Sekunde , ich bin gleich zurück mit ein paar Optionen .
2020-07-09 19:21:31,624 	Hypothesis: Sicher , geben Sie mir bitte einen Moment , ich werde gleich wieder ein paar Optionen haben .
2020-07-09 19:21:31,624 Example #3
2020-07-09 19:21:31,624 	Raw source:     ['I', 'found', ':', 'Se@@', 'as@@', 'ons', '52', ',', 'a', 'Rot@@', 'ating', 'menu', 'of', 'seasonal', 'American', 'dishes', 'alongside', 'International', 'wines', 'in', 'an', 'up@@', 'scale', 'setting', '.', 'I', 'also', 'found', ':', 'P@@', 'lu@@', 'to', "'s", ':', 'a', 'Local', 'counter-@@', 'serve', 'chain', 'featuring', 'buil@@', 'd-@@', 'your@@', '-@@', 'own', 'sal@@', 'ads', '&', 'sand@@', 'wich@@', 'es', 'in', 'a', 'cas@@', 'ual', ',', 'modern', 'setting', '.']
2020-07-09 19:21:31,624 	Raw hypothesis: ['Ich', 'habe', 'folgendes', 'gefunden', ':', '"', 'Se@@', 'as@@', 'ons', '52', '"', ',', 'eine', 'wechsel@@', 'n@@', 'des', 'Menü', 'mit', 'sa@@', 'ison@@', 'alen', 'amerikanischen', 'Gerichten', 'zusammen', 'mit', 'internationalen', 'W@@', 'einen', 'in', 'geho@@', 'ben@@', 'em', 'Rahmen', '.', 'Ich', 'habe', 'auch', 'folgendes', 'gefunden', ':', '"', 'P@@', 'lu@@', 'to', "'", 's', '"', 'eine', 'lokale', 'K@@', 'ette', 'mit', 'Be@@', 'di@@', 'enth@@', 'e@@', 'ke', ',', 'eigenen', 'Sal@@', 'aten', '&', 'Sand@@', 'wich@@', 'es', 'in', 'einem', 'lässi@@', 'gen', ',', 'modernen', 'Ambiente', '.']
2020-07-09 19:21:31,624 	Source:     I found : Seasons 52 , a Rotating menu of seasonal American dishes alongside International wines in an upscale setting . I also found : Pluto 's : a Local counter-serve chain featuring build-your-own salads & sandwiches in a casual , modern setting .
2020-07-09 19:21:31,624 	Reference:  Ich fand : Seasons 52 , ein wechselndes Menü mit saisonalen amerikanischen Gerichten neben internationalen Weinen in einer gehobenen Umgebung . Ich habe auch : Pluto ' s : eine lokale Counter-Service-Kette , die Salate & Sandwiches zum Selbermachen in einem ungezwungenen , modernen Ambiente anbietet , gefunden .
2020-07-09 19:21:31,624 	Hypothesis: Ich habe folgendes gefunden : " Seasons 52 " , eine wechselndes Menü mit saisonalen amerikanischen Gerichten zusammen mit internationalen Weinen in gehobenem Rahmen . Ich habe auch folgendes gefunden : " Pluto ' s " eine lokale Kette mit Bedientheke , eigenen Salaten & Sandwiches in einem lässigen , modernen Ambiente .
2020-07-09 19:21:31,624 Validation result (greedy) at epoch  45, step  1368000: bleu:  55.62, loss: 13204.9473, ppl:   2.4210, duration: 24.6855s
2020-07-09 19:21:35,735 Epoch  45: total training loss 13.53
2020-07-09 19:21:35,735 EPOCH 46
2020-07-09 19:21:43,570 Epoch  46 Step:  1368100 Batch Loss:     0.059558 Tokens per Sec:    11277, Lr: 0.000140
2020-07-09 19:21:55,534 Epoch  46 Step:  1368200 Batch Loss:     0.152807 Tokens per Sec:    11017, Lr: 0.000140
2020-07-09 19:21:57,347 Epoch  46: total training loss 12.97
2020-07-09 19:21:57,348 EPOCH 47
2020-07-09 19:22:07,623 Epoch  47 Step:  1368300 Batch Loss:     0.064964 Tokens per Sec:    11260, Lr: 0.000140
2020-07-09 19:22:18,794 Epoch  47: total training loss 12.66
2020-07-09 19:22:18,794 EPOCH 48
2020-07-09 19:22:19,535 Epoch  48 Step:  1368400 Batch Loss:     0.059303 Tokens per Sec:    10898, Lr: 0.000140
2020-07-09 19:22:31,612 Epoch  48 Step:  1368500 Batch Loss:     0.069604 Tokens per Sec:    11350, Lr: 0.000140
2020-07-09 19:22:40,281 Epoch  48: total training loss 12.46
2020-07-09 19:22:40,282 EPOCH 49
2020-07-09 19:22:43,561 Epoch  49 Step:  1368600 Batch Loss:     0.077420 Tokens per Sec:    11112, Lr: 0.000140
2020-07-09 19:22:55,538 Epoch  49 Step:  1368700 Batch Loss:     0.051492 Tokens per Sec:    11278, Lr: 0.000140
2020-07-09 19:23:26,267 Example #0
2020-07-09 19:23:26,267 	Raw source:     ['H@@', 'i', ',', 'how', 'can', 'I', 'help', 'you', '?']
2020-07-09 19:23:26,268 	Raw hypothesis: ['Hall@@', 'o', ',', 'wie', 'kann', 'ich', 'Ihnen', 'helfen', '?']
2020-07-09 19:23:26,268 	Source:     Hi , how can I help you ?
2020-07-09 19:23:26,268 	Reference:  Hallo , wie kann ich Ihnen helfen ?
2020-07-09 19:23:26,268 	Hypothesis: Hallo , wie kann ich Ihnen helfen ?
2020-07-09 19:23:26,268 Example #1
2020-07-09 19:23:26,268 	Raw source:     ['O@@', 'k', ',', 'what', 'type', 'of', 'restaurant', 'are', 'you', 'looking', 'for', '?']
2020-07-09 19:23:26,268 	Raw hypothesis: ['O@@', 'k', ',', 'nach', 'welcher', 'Art', 'von', 'Restaurant', 'suchen', 'Sie', '?']
2020-07-09 19:23:26,268 	Source:     Ok , what type of restaurant are you looking for ?
2020-07-09 19:23:26,268 	Reference:  Ok . Welche Art von Restaurant suchen Sie denn genau ?
2020-07-09 19:23:26,268 	Hypothesis: Ok , nach welcher Art von Restaurant suchen Sie ?
2020-07-09 19:23:26,268 Example #2
2020-07-09 19:23:26,268 	Raw source:     ['S@@', 'ure', ',', 'give', 'me', 'a', 'second', ',', 'I', 'will', 'be', 'right', 'back', 'with', 'a', 'couple', 'of', 'options', '.']
2020-07-09 19:23:26,268 	Raw hypothesis: ['K@@', 'lar', ',', 'geben', 'Sie', 'mir', 'eine', 'Sek@@', 'unde', ',', 'ich', 'werde', 'gleich', 'wieder', 'ein', 'paar', 'Optionen', 'haben', '.']
2020-07-09 19:23:26,268 	Source:     Sure , give me a second , I will be right back with a couple of options .
2020-07-09 19:23:26,268 	Reference:  Klar , geben Sie mir eine Sekunde , ich bin gleich zurück mit ein paar Optionen .
2020-07-09 19:23:26,269 	Hypothesis: Klar , geben Sie mir eine Sekunde , ich werde gleich wieder ein paar Optionen haben .
2020-07-09 19:23:26,269 Example #3
2020-07-09 19:23:26,269 	Raw source:     ['I', 'found', ':', 'Se@@', 'as@@', 'ons', '52', ',', 'a', 'Rot@@', 'ating', 'menu', 'of', 'seasonal', 'American', 'dishes', 'alongside', 'International', 'wines', 'in', 'an', 'up@@', 'scale', 'setting', '.', 'I', 'also', 'found', ':', 'P@@', 'lu@@', 'to', "'s", ':', 'a', 'Local', 'counter-@@', 'serve', 'chain', 'featuring', 'buil@@', 'd-@@', 'your@@', '-@@', 'own', 'sal@@', 'ads', '&', 'sand@@', 'wich@@', 'es', 'in', 'a', 'cas@@', 'ual', ',', 'modern', 'setting', '.']
2020-07-09 19:23:26,269 	Raw hypothesis: ['Ich', 'habe', 'Folgendes', 'gefunden', ':', '"', 'Se@@', 'as@@', 'ons', '52', '"', ',', 'eine', 'wechsel@@', 'n@@', 'des', 'Menü', 'mit', 'sa@@', 'ison@@', 'alen', 'amerikanischen', 'Gerichten', 'zusammen', 'mit', 'internationalen', 'W@@', 'einen', 'in', 'einer', 'geho@@', 'benen', 'Umgebung', '.', 'Ich', 'habe', 'auch', 'folgendes', 'gefunden', ':', '"', 'P@@', 'lu@@', 'to', "'", 's', '"', ':', 'eine', 'lokale', 'K@@', 'ette', 'mit', 'Be@@', 'di@@', 'enth@@', 'e@@', 'ke', ',', 'eigenen', 'Sal@@', 'aten', '&', 'Sand@@', 'wich@@', 'es', 'in', 'einem', 'lässi@@', 'gen', ',', 'modernen', 'Ambiente', '.']
2020-07-09 19:23:26,269 	Source:     I found : Seasons 52 , a Rotating menu of seasonal American dishes alongside International wines in an upscale setting . I also found : Pluto 's : a Local counter-serve chain featuring build-your-own salads & sandwiches in a casual , modern setting .
2020-07-09 19:23:26,269 	Reference:  Ich fand : Seasons 52 , ein wechselndes Menü mit saisonalen amerikanischen Gerichten neben internationalen Weinen in einer gehobenen Umgebung . Ich habe auch : Pluto ' s : eine lokale Counter-Service-Kette , die Salate & Sandwiches zum Selbermachen in einem ungezwungenen , modernen Ambiente anbietet , gefunden .
2020-07-09 19:23:26,269 	Hypothesis: Ich habe Folgendes gefunden : " Seasons 52 " , eine wechselndes Menü mit saisonalen amerikanischen Gerichten zusammen mit internationalen Weinen in einer gehobenen Umgebung . Ich habe auch folgendes gefunden : " Pluto ' s " : eine lokale Kette mit Bedientheke , eigenen Salaten & Sandwiches in einem lässigen , modernen Ambiente .
2020-07-09 19:23:26,269 Validation result (greedy) at epoch  49, step  1368750: bleu:  56.17, loss: 13241.9268, ppl:   2.4270, duration: 24.6926s
2020-07-09 19:23:26,270 Epoch  49: total training loss 11.91
2020-07-09 19:23:26,270 EPOCH 50
2020-07-09 19:23:32,295 Epoch  50 Step:  1368800 Batch Loss:     0.057987 Tokens per Sec:    11255, Lr: 0.000140
2020-07-09 19:23:44,298 Epoch  50 Step:  1368900 Batch Loss:     0.070933 Tokens per Sec:    11214, Lr: 0.000140
2020-07-09 19:23:47,759 Epoch  50: total training loss 11.72
2020-07-09 19:23:47,759 Training ended after  50 epochs.
2020-07-09 19:23:47,759 Best validation result (greedy) at step  1361250:   1.87 ppl.
2020-07-09 19:24:31,350  dev bleu:  58.41 [Beam search decoding with beam size = 5 and alpha = 1.0]
2020-07-09 19:24:31,350 Translations saved to: models/wmt20/single_enc_main_tfm_b2048_ende_news_pretrained/01361250.hyps.dev
2020-07-09 19:24:31,352 test bleu:  -1.00 [Beam search decoding with beam size = 5 and alpha = 1.0]
2020-07-09 19:24:31,352 Translations saved to: models/wmt20/single_enc_main_tfm_b2048_ende_news_pretrained/01361250.hyps.test
