2020-08-10 09:10:59,130 Hello! This is Joey-NMT.
2020-08-10 09:11:00,443 Total params: 29320704
2020-08-10 09:11:00,444 Trainable parameters: ['decoder.layer_norm.bias', 'decoder.layer_norm.weight', 'decoder.layers.0.dec_layer_norm.bias', 'decoder.layers.0.dec_layer_norm.weight', 'decoder.layers.0.feed_forward.layer_norm.bias', 'decoder.layers.0.feed_forward.layer_norm.weight', 'decoder.layers.0.feed_forward.pwff_layer.0.bias', 'decoder.layers.0.feed_forward.pwff_layer.0.weight', 'decoder.layers.0.feed_forward.pwff_layer.3.bias', 'decoder.layers.0.feed_forward.pwff_layer.3.weight', 'decoder.layers.0.src_trg_att.k_layer.bias', 'decoder.layers.0.src_trg_att.k_layer.weight', 'decoder.layers.0.src_trg_att.output_layer.bias', 'decoder.layers.0.src_trg_att.output_layer.weight', 'decoder.layers.0.src_trg_att.q_layer.bias', 'decoder.layers.0.src_trg_att.q_layer.weight', 'decoder.layers.0.src_trg_att.v_layer.bias', 'decoder.layers.0.src_trg_att.v_layer.weight', 'decoder.layers.0.trg_trg_att.k_layer.bias', 'decoder.layers.0.trg_trg_att.k_layer.weight', 'decoder.layers.0.trg_trg_att.output_layer.bias', 'decoder.layers.0.trg_trg_att.output_layer.weight', 'decoder.layers.0.trg_trg_att.q_layer.bias', 'decoder.layers.0.trg_trg_att.q_layer.weight', 'decoder.layers.0.trg_trg_att.v_layer.bias', 'decoder.layers.0.trg_trg_att.v_layer.weight', 'decoder.layers.0.x_layer_norm.bias', 'decoder.layers.0.x_layer_norm.weight', 'decoder.layers.1.dec_layer_norm.bias', 'decoder.layers.1.dec_layer_norm.weight', 'decoder.layers.1.feed_forward.layer_norm.bias', 'decoder.layers.1.feed_forward.layer_norm.weight', 'decoder.layers.1.feed_forward.pwff_layer.0.bias', 'decoder.layers.1.feed_forward.pwff_layer.0.weight', 'decoder.layers.1.feed_forward.pwff_layer.3.bias', 'decoder.layers.1.feed_forward.pwff_layer.3.weight', 'decoder.layers.1.src_trg_att.k_layer.bias', 'decoder.layers.1.src_trg_att.k_layer.weight', 'decoder.layers.1.src_trg_att.output_layer.bias', 'decoder.layers.1.src_trg_att.output_layer.weight', 'decoder.layers.1.src_trg_att.q_layer.bias', 'decoder.layers.1.src_trg_att.q_layer.weight', 'decoder.layers.1.src_trg_att.v_layer.bias', 'decoder.layers.1.src_trg_att.v_layer.weight', 'decoder.layers.1.trg_trg_att.k_layer.bias', 'decoder.layers.1.trg_trg_att.k_layer.weight', 'decoder.layers.1.trg_trg_att.output_layer.bias', 'decoder.layers.1.trg_trg_att.output_layer.weight', 'decoder.layers.1.trg_trg_att.q_layer.bias', 'decoder.layers.1.trg_trg_att.q_layer.weight', 'decoder.layers.1.trg_trg_att.v_layer.bias', 'decoder.layers.1.trg_trg_att.v_layer.weight', 'decoder.layers.1.x_layer_norm.bias', 'decoder.layers.1.x_layer_norm.weight', 'decoder.layers.2.dec_layer_norm.bias', 'decoder.layers.2.dec_layer_norm.weight', 'decoder.layers.2.feed_forward.layer_norm.bias', 'decoder.layers.2.feed_forward.layer_norm.weight', 'decoder.layers.2.feed_forward.pwff_layer.0.bias', 'decoder.layers.2.feed_forward.pwff_layer.0.weight', 'decoder.layers.2.feed_forward.pwff_layer.3.bias', 'decoder.layers.2.feed_forward.pwff_layer.3.weight', 'decoder.layers.2.src_trg_att.k_layer.bias', 'decoder.layers.2.src_trg_att.k_layer.weight', 'decoder.layers.2.src_trg_att.output_layer.bias', 'decoder.layers.2.src_trg_att.output_layer.weight', 'decoder.layers.2.src_trg_att.q_layer.bias', 'decoder.layers.2.src_trg_att.q_layer.weight', 'decoder.layers.2.src_trg_att.v_layer.bias', 'decoder.layers.2.src_trg_att.v_layer.weight', 'decoder.layers.2.trg_trg_att.k_layer.bias', 'decoder.layers.2.trg_trg_att.k_layer.weight', 'decoder.layers.2.trg_trg_att.output_layer.bias', 'decoder.layers.2.trg_trg_att.output_layer.weight', 'decoder.layers.2.trg_trg_att.q_layer.bias', 'decoder.layers.2.trg_trg_att.q_layer.weight', 'decoder.layers.2.trg_trg_att.v_layer.bias', 'decoder.layers.2.trg_trg_att.v_layer.weight', 'decoder.layers.2.x_layer_norm.bias', 'decoder.layers.2.x_layer_norm.weight', 'decoder.layers.3.dec_layer_norm.bias', 'decoder.layers.3.dec_layer_norm.weight', 'decoder.layers.3.feed_forward.layer_norm.bias', 'decoder.layers.3.feed_forward.layer_norm.weight', 'decoder.layers.3.feed_forward.pwff_layer.0.bias', 'decoder.layers.3.feed_forward.pwff_layer.0.weight', 'decoder.layers.3.feed_forward.pwff_layer.3.bias', 'decoder.layers.3.feed_forward.pwff_layer.3.weight', 'decoder.layers.3.src_trg_att.k_layer.bias', 'decoder.layers.3.src_trg_att.k_layer.weight', 'decoder.layers.3.src_trg_att.output_layer.bias', 'decoder.layers.3.src_trg_att.output_layer.weight', 'decoder.layers.3.src_trg_att.q_layer.bias', 'decoder.layers.3.src_trg_att.q_layer.weight', 'decoder.layers.3.src_trg_att.v_layer.bias', 'decoder.layers.3.src_trg_att.v_layer.weight', 'decoder.layers.3.trg_trg_att.k_layer.bias', 'decoder.layers.3.trg_trg_att.k_layer.weight', 'decoder.layers.3.trg_trg_att.output_layer.bias', 'decoder.layers.3.trg_trg_att.output_layer.weight', 'decoder.layers.3.trg_trg_att.q_layer.bias', 'decoder.layers.3.trg_trg_att.q_layer.weight', 'decoder.layers.3.trg_trg_att.v_layer.bias', 'decoder.layers.3.trg_trg_att.v_layer.weight', 'decoder.layers.3.x_layer_norm.bias', 'decoder.layers.3.x_layer_norm.weight', 'decoder.layers.4.dec_layer_norm.bias', 'decoder.layers.4.dec_layer_norm.weight', 'decoder.layers.4.feed_forward.layer_norm.bias', 'decoder.layers.4.feed_forward.layer_norm.weight', 'decoder.layers.4.feed_forward.pwff_layer.0.bias', 'decoder.layers.4.feed_forward.pwff_layer.0.weight', 'decoder.layers.4.feed_forward.pwff_layer.3.bias', 'decoder.layers.4.feed_forward.pwff_layer.3.weight', 'decoder.layers.4.src_trg_att.k_layer.bias', 'decoder.layers.4.src_trg_att.k_layer.weight', 'decoder.layers.4.src_trg_att.output_layer.bias', 'decoder.layers.4.src_trg_att.output_layer.weight', 'decoder.layers.4.src_trg_att.q_layer.bias', 'decoder.layers.4.src_trg_att.q_layer.weight', 'decoder.layers.4.src_trg_att.v_layer.bias', 'decoder.layers.4.src_trg_att.v_layer.weight', 'decoder.layers.4.trg_trg_att.k_layer.bias', 'decoder.layers.4.trg_trg_att.k_layer.weight', 'decoder.layers.4.trg_trg_att.output_layer.bias', 'decoder.layers.4.trg_trg_att.output_layer.weight', 'decoder.layers.4.trg_trg_att.q_layer.bias', 'decoder.layers.4.trg_trg_att.q_layer.weight', 'decoder.layers.4.trg_trg_att.v_layer.bias', 'decoder.layers.4.trg_trg_att.v_layer.weight', 'decoder.layers.4.x_layer_norm.bias', 'decoder.layers.4.x_layer_norm.weight', 'decoder.layers.5.dec_layer_norm.bias', 'decoder.layers.5.dec_layer_norm.weight', 'decoder.layers.5.feed_forward.layer_norm.bias', 'decoder.layers.5.feed_forward.layer_norm.weight', 'decoder.layers.5.feed_forward.pwff_layer.0.bias', 'decoder.layers.5.feed_forward.pwff_layer.0.weight', 'decoder.layers.5.feed_forward.pwff_layer.3.bias', 'decoder.layers.5.feed_forward.pwff_layer.3.weight', 'decoder.layers.5.src_trg_att.k_layer.bias', 'decoder.layers.5.src_trg_att.k_layer.weight', 'decoder.layers.5.src_trg_att.output_layer.bias', 'decoder.layers.5.src_trg_att.output_layer.weight', 'decoder.layers.5.src_trg_att.q_layer.bias', 'decoder.layers.5.src_trg_att.q_layer.weight', 'decoder.layers.5.src_trg_att.v_layer.bias', 'decoder.layers.5.src_trg_att.v_layer.weight', 'decoder.layers.5.trg_trg_att.k_layer.bias', 'decoder.layers.5.trg_trg_att.k_layer.weight', 'decoder.layers.5.trg_trg_att.output_layer.bias', 'decoder.layers.5.trg_trg_att.output_layer.weight', 'decoder.layers.5.trg_trg_att.q_layer.bias', 'decoder.layers.5.trg_trg_att.q_layer.weight', 'decoder.layers.5.trg_trg_att.v_layer.bias', 'decoder.layers.5.trg_trg_att.v_layer.weight', 'decoder.layers.5.x_layer_norm.bias', 'decoder.layers.5.x_layer_norm.weight', 'encoder.layer_norm.bias', 'encoder.layer_norm.weight', 'encoder.layers.0.feed_forward.layer_norm.bias', 'encoder.layers.0.feed_forward.layer_norm.weight', 'encoder.layers.0.feed_forward.pwff_layer.0.bias', 'encoder.layers.0.feed_forward.pwff_layer.0.weight', 'encoder.layers.0.feed_forward.pwff_layer.3.bias', 'encoder.layers.0.feed_forward.pwff_layer.3.weight', 'encoder.layers.0.layer_norm.bias', 'encoder.layers.0.layer_norm.weight', 'encoder.layers.0.src_src_att.k_layer.bias', 'encoder.layers.0.src_src_att.k_layer.weight', 'encoder.layers.0.src_src_att.output_layer.bias', 'encoder.layers.0.src_src_att.output_layer.weight', 'encoder.layers.0.src_src_att.q_layer.bias', 'encoder.layers.0.src_src_att.q_layer.weight', 'encoder.layers.0.src_src_att.v_layer.bias', 'encoder.layers.0.src_src_att.v_layer.weight', 'encoder.layers.1.feed_forward.layer_norm.bias', 'encoder.layers.1.feed_forward.layer_norm.weight', 'encoder.layers.1.feed_forward.pwff_layer.0.bias', 'encoder.layers.1.feed_forward.pwff_layer.0.weight', 'encoder.layers.1.feed_forward.pwff_layer.3.bias', 'encoder.layers.1.feed_forward.pwff_layer.3.weight', 'encoder.layers.1.layer_norm.bias', 'encoder.layers.1.layer_norm.weight', 'encoder.layers.1.src_src_att.k_layer.bias', 'encoder.layers.1.src_src_att.k_layer.weight', 'encoder.layers.1.src_src_att.output_layer.bias', 'encoder.layers.1.src_src_att.output_layer.weight', 'encoder.layers.1.src_src_att.q_layer.bias', 'encoder.layers.1.src_src_att.q_layer.weight', 'encoder.layers.1.src_src_att.v_layer.bias', 'encoder.layers.1.src_src_att.v_layer.weight', 'encoder.layers.2.feed_forward.layer_norm.bias', 'encoder.layers.2.feed_forward.layer_norm.weight', 'encoder.layers.2.feed_forward.pwff_layer.0.bias', 'encoder.layers.2.feed_forward.pwff_layer.0.weight', 'encoder.layers.2.feed_forward.pwff_layer.3.bias', 'encoder.layers.2.feed_forward.pwff_layer.3.weight', 'encoder.layers.2.layer_norm.bias', 'encoder.layers.2.layer_norm.weight', 'encoder.layers.2.src_src_att.k_layer.bias', 'encoder.layers.2.src_src_att.k_layer.weight', 'encoder.layers.2.src_src_att.output_layer.bias', 'encoder.layers.2.src_src_att.output_layer.weight', 'encoder.layers.2.src_src_att.q_layer.bias', 'encoder.layers.2.src_src_att.q_layer.weight', 'encoder.layers.2.src_src_att.v_layer.bias', 'encoder.layers.2.src_src_att.v_layer.weight', 'encoder.layers.3.feed_forward.layer_norm.bias', 'encoder.layers.3.feed_forward.layer_norm.weight', 'encoder.layers.3.feed_forward.pwff_layer.0.bias', 'encoder.layers.3.feed_forward.pwff_layer.0.weight', 'encoder.layers.3.feed_forward.pwff_layer.3.bias', 'encoder.layers.3.feed_forward.pwff_layer.3.weight', 'encoder.layers.3.layer_norm.bias', 'encoder.layers.3.layer_norm.weight', 'encoder.layers.3.src_src_att.k_layer.bias', 'encoder.layers.3.src_src_att.k_layer.weight', 'encoder.layers.3.src_src_att.output_layer.bias', 'encoder.layers.3.src_src_att.output_layer.weight', 'encoder.layers.3.src_src_att.q_layer.bias', 'encoder.layers.3.src_src_att.q_layer.weight', 'encoder.layers.3.src_src_att.v_layer.bias', 'encoder.layers.3.src_src_att.v_layer.weight', 'encoder.layers.4.feed_forward.layer_norm.bias', 'encoder.layers.4.feed_forward.layer_norm.weight', 'encoder.layers.4.feed_forward.pwff_layer.0.bias', 'encoder.layers.4.feed_forward.pwff_layer.0.weight', 'encoder.layers.4.feed_forward.pwff_layer.3.bias', 'encoder.layers.4.feed_forward.pwff_layer.3.weight', 'encoder.layers.4.layer_norm.bias', 'encoder.layers.4.layer_norm.weight', 'encoder.layers.4.src_src_att.k_layer.bias', 'encoder.layers.4.src_src_att.k_layer.weight', 'encoder.layers.4.src_src_att.output_layer.bias', 'encoder.layers.4.src_src_att.output_layer.weight', 'encoder.layers.4.src_src_att.q_layer.bias', 'encoder.layers.4.src_src_att.q_layer.weight', 'encoder.layers.4.src_src_att.v_layer.bias', 'encoder.layers.4.src_src_att.v_layer.weight', 'encoder.layers.5.feed_forward.layer_norm.bias', 'encoder.layers.5.feed_forward.layer_norm.weight', 'encoder.layers.5.feed_forward.pwff_layer.0.bias', 'encoder.layers.5.feed_forward.pwff_layer.0.weight', 'encoder.layers.5.feed_forward.pwff_layer.3.bias', 'encoder.layers.5.feed_forward.pwff_layer.3.weight', 'encoder.layers.5.layer_norm.bias', 'encoder.layers.5.layer_norm.weight', 'encoder.layers.5.src_src_att.k_layer.bias', 'encoder.layers.5.src_src_att.k_layer.weight', 'encoder.layers.5.src_src_att.output_layer.bias', 'encoder.layers.5.src_src_att.output_layer.weight', 'encoder.layers.5.src_src_att.q_layer.bias', 'encoder.layers.5.src_src_att.q_layer.weight', 'encoder.layers.5.src_src_att.v_layer.bias', 'encoder.layers.5.src_src_att.v_layer.weight', 'src_embed.lut.weight', 'trg_embed.lut.weight']
2020-08-10 09:11:04,247 cfg.data.dev                       : chatnmt/multi_encoder/dev_subset.tags.bpe.10000
2020-08-10 09:11:04,247 cfg.data.level                     : bpe
2020-08-10 09:11:04,247 cfg.data.lowercase                 : False
2020-08-10 09:11:04,247 cfg.data.max_sent_length           : 100
2020-08-10 09:11:04,247 cfg.data.src                       : en
2020-08-10 09:11:04,247 cfg.data.test                      : chatnmt/multi_encoder/test.tags.bpe.10000
2020-08-10 09:11:04,248 cfg.data.train                     : chatnmt/multi_encoder/train_subset.tags.bpe.10000
2020-08-10 09:11:04,248 cfg.data.trg                       : de
2020-08-10 09:11:04,248 cfg.model.bias_initializer         : zeros
2020-08-10 09:11:04,248 cfg.model.decoder.dropout          : 0.1
2020-08-10 09:11:04,248 cfg.model.decoder.embeddings.dropout : 0.0
2020-08-10 09:11:04,248 cfg.model.decoder.embeddings.embedding_dim : 512
2020-08-10 09:11:04,248 cfg.model.decoder.embeddings.scale : True
2020-08-10 09:11:04,248 cfg.model.decoder.ff_size          : 512
2020-08-10 09:11:04,248 cfg.model.decoder.freeze           : False
2020-08-10 09:11:04,248 cfg.model.decoder.hidden_size      : 512
2020-08-10 09:11:04,248 cfg.model.decoder.num_heads        : 8
2020-08-10 09:11:04,248 cfg.model.decoder.num_layers       : 6
2020-08-10 09:11:04,248 cfg.model.decoder.type             : transformer
2020-08-10 09:11:04,248 cfg.model.embed_init_gain          : 1.0
2020-08-10 09:11:04,248 cfg.model.embed_initializer        : xavier
2020-08-10 09:11:04,248 cfg.model.encoder.dropout          : 0.3
2020-08-10 09:11:04,248 cfg.model.encoder.embeddings.dropout : 0.0
2020-08-10 09:11:04,248 cfg.model.encoder.embeddings.embedding_dim : 512
2020-08-10 09:11:04,249 cfg.model.encoder.embeddings.scale : True
2020-08-10 09:11:04,249 cfg.model.encoder.ff_size          : 512
2020-08-10 09:11:04,249 cfg.model.encoder.freeze           : False
2020-08-10 09:11:04,249 cfg.model.encoder.hidden_size      : 512
2020-08-10 09:11:04,249 cfg.model.encoder.multi_encoder    : False
2020-08-10 09:11:04,249 cfg.model.encoder.num_heads        : 16
2020-08-10 09:11:04,249 cfg.model.encoder.num_layers       : 6
2020-08-10 09:11:04,249 cfg.model.encoder.type             : transformer
2020-08-10 09:11:04,249 cfg.model.init_gain                : 1.0
2020-08-10 09:11:04,249 cfg.model.initializer              : xavier
2020-08-10 09:11:04,249 cfg.model.tied_embeddings          : False
2020-08-10 09:11:04,249 cfg.model.tied_softmax             : True
2020-08-10 09:11:04,249 cfg.name                           : transformer
2020-08-10 09:11:04,249 cfg.testing.alpha                  : 1.0
2020-08-10 09:11:04,249 cfg.testing.beam_size              : 5
2020-08-10 09:11:04,249 cfg.training.adam_betas            : [0.9, 0.999]
2020-08-10 09:11:04,249 cfg.training.batch_multiplier      : 1
2020-08-10 09:11:04,250 cfg.training.batch_size            : 512
2020-08-10 09:11:04,250 cfg.training.batch_type            : token
2020-08-10 09:11:04,250 cfg.training.decrease_factor       : 0.7
2020-08-10 09:11:04,250 cfg.training.early_stopping_metric : ppl
2020-08-10 09:11:04,250 cfg.training.epochs                : 20
2020-08-10 09:11:04,250 cfg.training.eval_metric           : bleu
2020-08-10 09:11:04,250 cfg.training.keep_last_ckpts       : 3
2020-08-10 09:11:04,250 cfg.training.label_smoothing       : 0.1
2020-08-10 09:11:04,250 cfg.training.learning_rate         : 0.0002
2020-08-10 09:11:04,250 cfg.training.learning_rate_min     : 1e-08
2020-08-10 09:11:04,250 cfg.training.logging_freq          : 100
2020-08-10 09:11:04,250 cfg.training.loss                  : crossentropy
2020-08-10 09:11:04,250 cfg.training.max_output_length     : 100
2020-08-10 09:11:04,250 cfg.training.model_dir             : models/viznet/attempt3/16_8_0.3_512_512_512_10_8
2020-08-10 09:11:04,250 cfg.training.normalization         : tokens
2020-08-10 09:11:04,250 cfg.training.optimizer             : adam
2020-08-10 09:11:04,250 cfg.training.overwrite             : True
2020-08-10 09:11:04,251 cfg.training.patience              : 8
2020-08-10 09:11:04,251 cfg.training.print_valid_sents     : [0, 1, 2, 3]
2020-08-10 09:11:04,251 cfg.training.random_seed           : 42
2020-08-10 09:11:04,251 cfg.training.scheduling            : plateau
2020-08-10 09:11:04,251 cfg.training.shuffle               : True
2020-08-10 09:11:04,251 cfg.training.use_cuda              : True
2020-08-10 09:11:04,251 cfg.training.validation_freq       : 200
2020-08-10 09:11:04,251 cfg.training.weight_decay          : 0.0
2020-08-10 09:11:04,251 Data set sizes: 
	train 5000,
	valid 500,
	test 1220
2020-08-10 09:11:04,251 First training example:
	[SRC] hi there ! how can i help ?
	[TRG] hallo ! wie kann ich helfen ?
2020-08-10 09:11:04,251 First 10 words (src): (0) <unk> (1) <pad> (2) <s> (3) </s> (4) . (5) , (6) ? (7) you (8) i (9) the
2020-08-10 09:11:04,252 First 10 words (trg): (0) <unk> (1) <pad> (2) <s> (3) </s> (4) . (5) , (6) ? (7) sie (8) ich (9) das
2020-08-10 09:11:04,252 Number of Src words (types): 3468
2020-08-10 09:11:04,252 Number of Trg words (types): 4487
2020-08-10 09:11:04,252 Model(
	encoder=TransformerEncoder(num_layers=6, num_heads=16),
	decoder=TransformerDecoder(num_layers=6, num_heads=8),
	src_embed=Embeddings(embedding_dim=512, vocab_size=3468),
	trg_embed=Embeddings(embedding_dim=512, vocab_size=4487))
2020-08-10 09:11:04,256 EPOCH 1
2020-08-10 09:11:10,123 Epoch   1 Step:      100 Batch Loss:     4.063242 Tokens per Sec:     5851, Lr: 0.000200
2020-08-10 09:11:15,186 Epoch   1: total training loss 901.12
2020-08-10 09:11:15,186 EPOCH 2
2020-08-10 09:11:15,945 Epoch   2 Step:      200 Batch Loss:     3.326870 Tokens per Sec:     5745, Lr: 0.000200
2020-08-10 09:11:49,003 Hooray! New best validation result [ppl]!
2020-08-10 09:11:49,003 Saving new checkpoint.
2020-08-10 09:11:50,311 Example #0
2020-08-10 09:11:50,311 	Raw source:     ['hello', '.']
2020-08-10 09:11:50,311 	Raw hypothesis: ['ja', '.']
2020-08-10 09:11:50,311 	Source:     hello .
2020-08-10 09:11:50,311 	Reference:  hallo ,
2020-08-10 09:11:50,311 	Hypothesis: ja .
2020-08-10 09:11:50,311 Example #1
2020-08-10 09:11:50,311 	Raw source:     ['hi', ',', 'how', 'can', 'i', 'help', 'you', '?']
2020-08-10 09:11:50,311 	Raw hypothesis: ['hallo', ',', 'wie', 'kann', 'ich', 'ihnen', 'helfen', '?']
2020-08-10 09:11:50,311 	Source:     hi , how can i help you ?
2020-08-10 09:11:50,311 	Reference:  hallo , wie kann ich ihnen helfen ?
2020-08-10 09:11:50,311 	Hypothesis: hallo , wie kann ich ihnen helfen ?
2020-08-10 09:11:50,311 Example #2
2020-08-10 09:11:50,311 	Raw source:     ['hi', ',', 'i', '&apos;m', 'looking', 'for', 'a', 'restaurant', 'inside', 'the', 'arden', 'fair', 'mall', 'in', 'san', 'francisco', ',', 'california', '.']
2020-08-10 09:11:50,312 	Raw hypothesis: ['ich', 'ich', 'ich', 'ich', 'ich', 'ich', 'ich', 'ich', 'ich', 'ich', 'ich', 'ich', 'ich', 'ich', 'ich', 'ich', 'ich', 'ich', 'ich', 'ich', 'ich', 'ich', 'ich', 'ich', 'ich', 'ich', 'ich', 'ich', 'ich', 'ich', 'ich', 'ich', 'ich', 'ich', 'ich', 'ich', 'ich', 'ich', 'ich', 'ich', 'ich', 'ich', 'ich', 'ich', 'ich', 'ich', 'ich', 'ich', 'ich', 'ich', 'ich', 'ich', 'ich', 'ich', 'ich', 'ich', 'ich', 'ich', 'ich', 'ich', 'ich', 'ich', 'ich', 'ich', 'ich', 'ich', 'ich', 'ich', 'ich', 'ich', 'ich', 'ich', 'ich', 'ich', 'ich', 'ich', 'ich', 'ich', 'ich', 'ich', 'ich', 'ich', 'ich', 'ich', 'ich', 'ich', 'ich', 'ich', 'ich', 'ich', 'ich', 'ich', 'ich', 'ich', 'ich', 'ich', 'ich', 'ich', 'ich', 'ich']
2020-08-10 09:11:50,312 	Source:     hi , i &apos;m looking for a restaurant inside the arden fair mall in san francisco , california .
2020-08-10 09:11:50,312 	Reference:  hallo , ich bin auf der suche nach einem restaurant im arden fair einkaufszentrum in san francisco , kalifornien .
2020-08-10 09:11:50,312 	Hypothesis: ich ich ich ich ich ich ich ich ich ich ich ich ich ich ich ich ich ich ich ich ich ich ich ich ich ich ich ich ich ich ich ich ich ich ich ich ich ich ich ich ich ich ich ich ich ich ich ich ich ich ich ich ich ich ich ich ich ich ich ich ich ich ich ich ich ich ich ich ich ich ich ich ich ich ich ich ich ich ich ich ich ich ich ich ich ich ich ich ich ich ich ich ich ich ich ich ich ich ich ich
2020-08-10 09:11:50,312 Example #3
2020-08-10 09:11:50,312 	Raw source:     ['ok', ',', 'what', 'type', 'of', 'restaurant', 'are', 'you', 'looking', 'for', '?']
2020-08-10 09:11:50,312 	Raw hypothesis: ['ok', ',', 'sie', 'sie', 'sie', 'sie', 'sie', '?']
2020-08-10 09:11:50,312 	Source:     ok , what type of restaurant are you looking for ?
2020-08-10 09:11:50,312 	Reference:  ok . welche art von restaurant suchen sie denn genau ?
2020-08-10 09:11:50,312 	Hypothesis: ok , sie sie sie sie sie ?
2020-08-10 09:11:50,312 Validation result (greedy) at epoch   2, step      200: bleu:   1.33, loss: 28374.6836, ppl:  84.2294, duration: 34.3663s
2020-08-10 09:11:56,169 Epoch   2 Step:      300 Batch Loss:     3.130291 Tokens per Sec:     5850, Lr: 0.000200
2020-08-10 09:12:00,656 Epoch   2: total training loss 752.23
2020-08-10 09:12:00,657 EPOCH 3
2020-08-10 09:12:02,003 Epoch   3 Step:      400 Batch Loss:     4.283017 Tokens per Sec:     5984, Lr: 0.000200
2020-08-10 09:12:34,440 Hooray! New best validation result [ppl]!
2020-08-10 09:12:34,440 Saving new checkpoint.
2020-08-10 09:12:35,686 Example #0
2020-08-10 09:12:35,686 	Raw source:     ['hello', '.']
2020-08-10 09:12:35,687 	Raw hypothesis: ['hallo', ',', 'bitte', '.']
2020-08-10 09:12:35,687 	Source:     hello .
2020-08-10 09:12:35,687 	Reference:  hallo ,
2020-08-10 09:12:35,687 	Hypothesis: hallo , bitte .
2020-08-10 09:12:35,687 Example #1
2020-08-10 09:12:35,687 	Raw source:     ['hi', ',', 'how', 'can', 'i', 'help', 'you', '?']
2020-08-10 09:12:35,687 	Raw hypothesis: ['hallo', ',', 'wie', 'kann', 'ich', 'ihnen', 'helfen', '?']
2020-08-10 09:12:35,687 	Source:     hi , how can i help you ?
2020-08-10 09:12:35,687 	Reference:  hallo , wie kann ich ihnen helfen ?
2020-08-10 09:12:35,687 	Hypothesis: hallo , wie kann ich ihnen helfen ?
2020-08-10 09:12:35,687 Example #2
2020-08-10 09:12:35,687 	Raw source:     ['hi', ',', 'i', '&apos;m', 'looking', 'for', 'a', 'restaurant', 'inside', 'the', 'arden', 'fair', 'mall', 'in', 'san', 'francisco', ',', 'california', '.']
2020-08-10 09:12:35,687 	Raw hypothesis: ['hallo', ',', 'ich', 'möchte', 'in', 'in', 'in', 'in', 'in', 'in', 'in', 'in', 'in', 'in', 'der', 'der', 'der', 'der', 'in', 'in', 'in', 'in', 'in', 'in', 'in', 'in', 'in', 'in', 'in', 'in', 'in', 'in', 'in', 'in', 'in', 'in', 'in', 'in', 'in', 'in', 'in', 'in', 'in', 'in', 'in', 'in', 'in', 'in', 'in', 'in', 'in', 'in', 'in', 'in', 'in', 'in', 'in', 'in', 'in', 'in', 'in', 'in', 'in', 'in', 'in', 'in', 'in', 'in', 'in', 'in', 'in', 'in', 'in', 'in', 'in', 'in', 'in', 'in', 'in', 'in', 'in', 'in', 'in', 'in', 'in', 'in', 'in', 'in', 'in', 'in', 'in', 'in', 'in', 'in', 'in', 'in', 'in', 'in', 'in', 'in']
2020-08-10 09:12:35,687 	Source:     hi , i &apos;m looking for a restaurant inside the arden fair mall in san francisco , california .
2020-08-10 09:12:35,687 	Reference:  hallo , ich bin auf der suche nach einem restaurant im arden fair einkaufszentrum in san francisco , kalifornien .
2020-08-10 09:12:35,687 	Hypothesis: hallo , ich möchte in in in in in in in in in in der der der der in in in in in in in in in in in in in in in in in in in in in in in in in in in in in in in in in in in in in in in in in in in in in in in in in in in in in in in in in in in in in in in in in in in in in in in in in in in in in in in in in in
2020-08-10 09:12:35,687 Example #3
2020-08-10 09:12:35,688 	Raw source:     ['ok', ',', 'what', 'type', 'of', 'restaurant', 'are', 'you', 'looking', 'for', '?']
2020-08-10 09:12:35,688 	Raw hypothesis: ['ok', ',', 'welche', 'art', 'art', 'von', 'von', 'von', 'von', 'von', 'von', 'von', 'von', '?']
2020-08-10 09:12:35,688 	Source:     ok , what type of restaurant are you looking for ?
2020-08-10 09:12:35,688 	Reference:  ok . welche art von restaurant suchen sie denn genau ?
2020-08-10 09:12:35,688 	Hypothesis: ok , welche art art von von von von von von von von ?
2020-08-10 09:12:35,688 Validation result (greedy) at epoch   3, step      400: bleu:   3.20, loss: 24135.7285, ppl:  43.4325, duration: 33.6841s
2020-08-10 09:12:41,650 Epoch   3 Step:      500 Batch Loss:     4.908194 Tokens per Sec:     5626, Lr: 0.000200
2020-08-10 09:12:45,525 Epoch   3: total training loss 628.21
2020-08-10 09:12:45,525 EPOCH 4
2020-08-10 09:12:47,518 Epoch   4 Step:      600 Batch Loss:     3.406026 Tokens per Sec:     5903, Lr: 0.000200
2020-08-10 09:13:08,355 Hooray! New best validation result [ppl]!
2020-08-10 09:13:08,355 Saving new checkpoint.
2020-08-10 09:13:09,724 Example #0
2020-08-10 09:13:09,724 	Raw source:     ['hello', '.']
2020-08-10 09:13:09,724 	Raw hypothesis: ['hallo', '.']
2020-08-10 09:13:09,724 	Source:     hello .
2020-08-10 09:13:09,724 	Reference:  hallo ,
2020-08-10 09:13:09,724 	Hypothesis: hallo .
2020-08-10 09:13:09,724 Example #1
2020-08-10 09:13:09,724 	Raw source:     ['hi', ',', 'how', 'can', 'i', 'help', 'you', '?']
2020-08-10 09:13:09,724 	Raw hypothesis: ['hallo', ',', 'wie', 'kann', 'ich', 'ihnen', 'helfen', '?']
2020-08-10 09:13:09,724 	Source:     hi , how can i help you ?
2020-08-10 09:13:09,724 	Reference:  hallo , wie kann ich ihnen helfen ?
2020-08-10 09:13:09,724 	Hypothesis: hallo , wie kann ich ihnen helfen ?
2020-08-10 09:13:09,724 Example #2
2020-08-10 09:13:09,724 	Raw source:     ['hi', ',', 'i', '&apos;m', 'looking', 'for', 'a', 'restaurant', 'inside', 'the', 'arden', 'fair', 'mall', 'in', 'san', 'francisco', ',', 'california', '.']
2020-08-10 09:13:09,724 	Raw hypothesis: ['hallo', ',', 'ich', 'möchte', 'einen', 'termin', 'in', 'der', 'der', 'der', 'der', 'der', 'der', 'der', 'der', 'der', 'der', 'der', 'der', 'der', 'der', 'der', 'der', 'der', 'der', 'der', 'der', 'der', 'der', 'der', 'der', 'der', 'der', 'einem', 'restaurant', 'in', 'san', 'francisco', ',', 'kalifornien', '.']
2020-08-10 09:13:09,724 	Source:     hi , i &apos;m looking for a restaurant inside the arden fair mall in san francisco , california .
2020-08-10 09:13:09,725 	Reference:  hallo , ich bin auf der suche nach einem restaurant im arden fair einkaufszentrum in san francisco , kalifornien .
2020-08-10 09:13:09,725 	Hypothesis: hallo , ich möchte einen termin in der der der der der der der der der der der der der der der der der der der der der der der der der der einem restaurant in san francisco , kalifornien .
2020-08-10 09:13:09,725 Example #3
2020-08-10 09:13:09,725 	Raw source:     ['ok', ',', 'what', 'type', 'of', 'restaurant', 'are', 'you', 'looking', 'for', '?']
2020-08-10 09:13:09,725 	Raw hypothesis: ['ok', ',', 'welche', 'art', 'von', 'von', 'von', 'von', 'von', 'von', 'von', 'von', 'von', 'von', 'von', 'von', '?']
2020-08-10 09:13:09,725 	Source:     ok , what type of restaurant are you looking for ?
2020-08-10 09:13:09,725 	Reference:  ok . welche art von restaurant suchen sie denn genau ?
2020-08-10 09:13:09,725 	Hypothesis: ok , welche art von von von von von von von von von von von von ?
2020-08-10 09:13:09,725 Validation result (greedy) at epoch   4, step      600: bleu:   9.01, loss: 20867.1855, ppl:  26.0625, duration: 22.2070s
2020-08-10 09:13:15,725 Epoch   4 Step:      700 Batch Loss:     4.563364 Tokens per Sec:     5701, Lr: 0.000200
2020-08-10 09:13:19,000 Epoch   4: total training loss 525.61
2020-08-10 09:13:19,000 EPOCH 5
2020-08-10 09:13:21,898 Epoch   5 Step:      800 Batch Loss:     3.666579 Tokens per Sec:     5527, Lr: 0.000200
2020-08-10 09:13:41,113 Hooray! New best validation result [ppl]!
2020-08-10 09:13:41,113 Saving new checkpoint.
2020-08-10 09:13:42,497 Example #0
2020-08-10 09:13:42,497 	Raw source:     ['hello', '.']
2020-08-10 09:13:42,497 	Raw hypothesis: ['hallo', '.']
2020-08-10 09:13:42,497 	Source:     hello .
2020-08-10 09:13:42,497 	Reference:  hallo ,
2020-08-10 09:13:42,497 	Hypothesis: hallo .
2020-08-10 09:13:42,497 Example #1
2020-08-10 09:13:42,497 	Raw source:     ['hi', ',', 'how', 'can', 'i', 'help', 'you', '?']
2020-08-10 09:13:42,497 	Raw hypothesis: ['hallo', ',', 'wie', 'kann', 'ich', 'ihnen', 'helfen', '?']
2020-08-10 09:13:42,497 	Source:     hi , how can i help you ?
2020-08-10 09:13:42,497 	Reference:  hallo , wie kann ich ihnen helfen ?
2020-08-10 09:13:42,497 	Hypothesis: hallo , wie kann ich ihnen helfen ?
2020-08-10 09:13:42,497 Example #2
2020-08-10 09:13:42,498 	Raw source:     ['hi', ',', 'i', '&apos;m', 'looking', 'for', 'a', 'restaurant', 'inside', 'the', 'arden', 'fair', 'mall', 'in', 'san', 'francisco', ',', 'california', '.']
2020-08-10 09:13:42,498 	Raw hypothesis: ['hallo', ',', 'ich', 'möchte', 'ein', 'restaurant', 'in', 'san', 'francisco', ',', 'kalifornien', ',', 'kalifornien', ',', 'kalifornien', 'in', 'san', 'francisco', ',', 'kalifornien', '.']
2020-08-10 09:13:42,498 	Source:     hi , i &apos;m looking for a restaurant inside the arden fair mall in san francisco , california .
2020-08-10 09:13:42,498 	Reference:  hallo , ich bin auf der suche nach einem restaurant im arden fair einkaufszentrum in san francisco , kalifornien .
2020-08-10 09:13:42,498 	Hypothesis: hallo , ich möchte ein restaurant in san francisco , kalifornien , kalifornien , kalifornien in san francisco , kalifornien .
2020-08-10 09:13:42,498 Example #3
2020-08-10 09:13:42,498 	Raw source:     ['ok', ',', 'what', 'type', 'of', 'restaurant', 'are', 'you', 'looking', 'for', '?']
2020-08-10 09:13:42,498 	Raw hypothesis: ['ok', ',', 'welche', 'art', 'von', 'restaurant', 'haben', '?']
2020-08-10 09:13:42,498 	Source:     ok , what type of restaurant are you looking for ?
2020-08-10 09:13:42,498 	Reference:  ok . welche art von restaurant suchen sie denn genau ?
2020-08-10 09:13:42,498 	Hypothesis: ok , welche art von restaurant haben ?
2020-08-10 09:13:42,498 Validation result (greedy) at epoch   5, step      800: bleu:  13.09, loss: 19103.2461, ppl:  19.7842, duration: 20.6000s
2020-08-10 09:13:48,731 Epoch   5 Step:      900 Batch Loss:     3.369672 Tokens per Sec:     5418, Lr: 0.000200
2020-08-10 09:13:51,337 Epoch   5: total training loss 463.32
2020-08-10 09:13:51,337 EPOCH 6
2020-08-10 09:13:54,937 Epoch   6 Step:     1000 Batch Loss:     2.229429 Tokens per Sec:     5538, Lr: 0.000200
2020-08-10 09:14:14,134 Hooray! New best validation result [ppl]!
2020-08-10 09:14:14,134 Saving new checkpoint.
2020-08-10 09:14:15,547 Example #0
2020-08-10 09:14:15,547 	Raw source:     ['hello', '.']
2020-08-10 09:14:15,547 	Raw hypothesis: ['hallo', '.']
2020-08-10 09:14:15,547 	Source:     hello .
2020-08-10 09:14:15,547 	Reference:  hallo ,
2020-08-10 09:14:15,547 	Hypothesis: hallo .
2020-08-10 09:14:15,548 Example #1
2020-08-10 09:14:15,548 	Raw source:     ['hi', ',', 'how', 'can', 'i', 'help', 'you', '?']
2020-08-10 09:14:15,548 	Raw hypothesis: ['hallo', ',', 'wie', 'kann', 'ich', 'ihnen', 'helfen', '?']
2020-08-10 09:14:15,548 	Source:     hi , how can i help you ?
2020-08-10 09:14:15,548 	Reference:  hallo , wie kann ich ihnen helfen ?
2020-08-10 09:14:15,548 	Hypothesis: hallo , wie kann ich ihnen helfen ?
2020-08-10 09:14:15,548 Example #2
2020-08-10 09:14:15,548 	Raw source:     ['hi', ',', 'i', '&apos;m', 'looking', 'for', 'a', 'restaurant', 'inside', 'the', 'arden', 'fair', 'mall', 'in', 'san', 'francisco', ',', 'california', '.']
2020-08-10 09:14:15,548 	Raw hypothesis: ['hallo', ',', 'ich', 'bin', 'in', 'san', 'francisco', ',', 'kalifornien', ',', 'kalifornien', ',', 'kalifornien', ',', 'kalifornien', '.']
2020-08-10 09:14:15,548 	Source:     hi , i &apos;m looking for a restaurant inside the arden fair mall in san francisco , california .
2020-08-10 09:14:15,548 	Reference:  hallo , ich bin auf der suche nach einem restaurant im arden fair einkaufszentrum in san francisco , kalifornien .
2020-08-10 09:14:15,548 	Hypothesis: hallo , ich bin in san francisco , kalifornien , kalifornien , kalifornien , kalifornien .
2020-08-10 09:14:15,548 Example #3
2020-08-10 09:14:15,548 	Raw source:     ['ok', ',', 'what', 'type', 'of', 'restaurant', 'are', 'you', 'looking', 'for', '?']
2020-08-10 09:14:15,548 	Raw hypothesis: ['ok', ',', 'welche', 'art', 'von', 'essen', '?']
2020-08-10 09:14:15,548 	Source:     ok , what type of restaurant are you looking for ?
2020-08-10 09:14:15,548 	Reference:  ok . welche art von restaurant suchen sie denn genau ?
2020-08-10 09:14:15,548 	Hypothesis: ok , welche art von essen ?
2020-08-10 09:14:15,548 Validation result (greedy) at epoch   6, step     1000: bleu:  16.74, loss: 17604.5840, ppl:  15.6538, duration: 20.6107s
2020-08-10 09:14:21,849 Epoch   6 Step:     1100 Batch Loss:     4.104326 Tokens per Sec:     5307, Lr: 0.000200
2020-08-10 09:14:23,711 Epoch   6: total training loss 402.84
2020-08-10 09:14:23,711 EPOCH 7
2020-08-10 09:14:28,021 Epoch   7 Step:     1200 Batch Loss:     1.813891 Tokens per Sec:     5442, Lr: 0.000200
2020-08-10 09:14:43,626 Hooray! New best validation result [ppl]!
2020-08-10 09:14:43,626 Saving new checkpoint.
2020-08-10 09:14:45,003 Example #0
2020-08-10 09:14:45,003 	Raw source:     ['hello', '.']
2020-08-10 09:14:45,003 	Raw hypothesis: ['hallo', '.']
2020-08-10 09:14:45,003 	Source:     hello .
2020-08-10 09:14:45,004 	Reference:  hallo ,
2020-08-10 09:14:45,004 	Hypothesis: hallo .
2020-08-10 09:14:45,004 Example #1
2020-08-10 09:14:45,004 	Raw source:     ['hi', ',', 'how', 'can', 'i', 'help', 'you', '?']
2020-08-10 09:14:45,004 	Raw hypothesis: ['hallo', ',', 'wie', 'kann', 'ich', 'ihnen', 'helfen', '?']
2020-08-10 09:14:45,004 	Source:     hi , how can i help you ?
2020-08-10 09:14:45,004 	Reference:  hallo , wie kann ich ihnen helfen ?
2020-08-10 09:14:45,004 	Hypothesis: hallo , wie kann ich ihnen helfen ?
2020-08-10 09:14:45,004 Example #2
2020-08-10 09:14:45,004 	Raw source:     ['hi', ',', 'i', '&apos;m', 'looking', 'for', 'a', 'restaurant', 'inside', 'the', 'arden', 'fair', 'mall', 'in', 'san', 'francisco', ',', 'california', '.']
2020-08-10 09:14:45,004 	Raw hypothesis: ['hallo', ',', 'ich', 'suche', 'ein', 'restaurant', 'in', 'san', 'francisco', ',', 'kalifornien', ',', 'kalifornien', ',', 'kalifornien', 'in', 'san', 'francisco', ',', 'kalifornien', ',', 'kalifornien', ',', 'kalifornien', ',', 'kalifornien', ',', 'kalifornien', ',', 'kalifornien', ',', 'kalifornien', '.']
2020-08-10 09:14:45,004 	Source:     hi , i &apos;m looking for a restaurant inside the arden fair mall in san francisco , california .
2020-08-10 09:14:45,004 	Reference:  hallo , ich bin auf der suche nach einem restaurant im arden fair einkaufszentrum in san francisco , kalifornien .
2020-08-10 09:14:45,004 	Hypothesis: hallo , ich suche ein restaurant in san francisco , kalifornien , kalifornien , kalifornien in san francisco , kalifornien , kalifornien , kalifornien , kalifornien , kalifornien , kalifornien , kalifornien .
2020-08-10 09:14:45,004 Example #3
2020-08-10 09:14:45,004 	Raw source:     ['ok', ',', 'what', 'type', 'of', 'restaurant', 'are', 'you', 'looking', 'for', '?']
2020-08-10 09:14:45,004 	Raw hypothesis: ['ok', ',', 'welche', 'art', 'von', 'restaurant', 'restaurant', 'suchen', 'sie', '?']
2020-08-10 09:14:45,004 	Source:     ok , what type of restaurant are you looking for ?
2020-08-10 09:14:45,004 	Reference:  ok . welche art von restaurant suchen sie denn genau ?
2020-08-10 09:14:45,004 	Hypothesis: ok , welche art von restaurant restaurant suchen sie ?
2020-08-10 09:14:45,004 Validation result (greedy) at epoch   7, step     1200: bleu:  20.59, loss: 16912.9062, ppl:  14.0503, duration: 16.9828s
2020-08-10 09:14:51,243 Epoch   7 Step:     1300 Batch Loss:     2.434007 Tokens per Sec:     5441, Lr: 0.000200
2020-08-10 09:14:52,554 Epoch   7: total training loss 362.18
2020-08-10 09:14:52,555 EPOCH 8
2020-08-10 09:14:57,426 Epoch   8 Step:     1400 Batch Loss:     0.940280 Tokens per Sec:     5557, Lr: 0.000200
2020-08-10 09:15:13,320 Hooray! New best validation result [ppl]!
2020-08-10 09:15:13,321 Saving new checkpoint.
2020-08-10 09:15:14,684 Example #0
2020-08-10 09:15:14,684 	Raw source:     ['hello', '.']
2020-08-10 09:15:14,684 	Raw hypothesis: ['hallo', '.']
2020-08-10 09:15:14,684 	Source:     hello .
2020-08-10 09:15:14,684 	Reference:  hallo ,
2020-08-10 09:15:14,684 	Hypothesis: hallo .
2020-08-10 09:15:14,684 Example #1
2020-08-10 09:15:14,684 	Raw source:     ['hi', ',', 'how', 'can', 'i', 'help', 'you', '?']
2020-08-10 09:15:14,685 	Raw hypothesis: ['hallo', ',', 'wie', 'kann', 'ich', 'ihnen', 'helfen', '?']
2020-08-10 09:15:14,685 	Source:     hi , how can i help you ?
2020-08-10 09:15:14,685 	Reference:  hallo , wie kann ich ihnen helfen ?
2020-08-10 09:15:14,685 	Hypothesis: hallo , wie kann ich ihnen helfen ?
2020-08-10 09:15:14,685 Example #2
2020-08-10 09:15:14,685 	Raw source:     ['hi', ',', 'i', '&apos;m', 'looking', 'for', 'a', 'restaurant', 'inside', 'the', 'arden', 'fair', 'mall', 'in', 'san', 'francisco', ',', 'california', '.']
2020-08-10 09:15:14,685 	Raw hypothesis: ['hallo', ',', 'ich', 'suche', 'ein', 'restaurant', 'in', 'san', 'francisco', ',', 'kalifornien', ',', 'kalifornien', ',', 'kalifornien', ',', 'kalifornien', '.']
2020-08-10 09:15:14,685 	Source:     hi , i &apos;m looking for a restaurant inside the arden fair mall in san francisco , california .
2020-08-10 09:15:14,685 	Reference:  hallo , ich bin auf der suche nach einem restaurant im arden fair einkaufszentrum in san francisco , kalifornien .
2020-08-10 09:15:14,685 	Hypothesis: hallo , ich suche ein restaurant in san francisco , kalifornien , kalifornien , kalifornien , kalifornien .
2020-08-10 09:15:14,685 Example #3
2020-08-10 09:15:14,685 	Raw source:     ['ok', ',', 'what', 'type', 'of', 'restaurant', 'are', 'you', 'looking', 'for', '?']
2020-08-10 09:15:14,685 	Raw hypothesis: ['ok', ',', 'welche', 'art', 'von', 'restaurant', 'suchen', 'sie', '?']
2020-08-10 09:15:14,685 	Source:     ok , what type of restaurant are you looking for ?
2020-08-10 09:15:14,685 	Reference:  ok . welche art von restaurant suchen sie denn genau ?
2020-08-10 09:15:14,685 	Hypothesis: ok , welche art von restaurant suchen sie ?
2020-08-10 09:15:14,685 Validation result (greedy) at epoch   8, step     1400: bleu:  22.46, loss: 16296.6484, ppl:  12.7605, duration: 17.2593s
2020-08-10 09:15:20,958 Epoch   8 Step:     1500 Batch Loss:     2.107248 Tokens per Sec:     5361, Lr: 0.000200
2020-08-10 09:15:21,580 Epoch   8: total training loss 316.31
2020-08-10 09:15:21,580 EPOCH 9
2020-08-10 09:15:27,116 Epoch   9 Step:     1600 Batch Loss:     1.311028 Tokens per Sec:     5573, Lr: 0.000200
2020-08-10 09:15:44,815 Hooray! New best validation result [ppl]!
2020-08-10 09:15:44,815 Saving new checkpoint.
2020-08-10 09:15:46,218 Example #0
2020-08-10 09:15:46,218 	Raw source:     ['hello', '.']
2020-08-10 09:15:46,218 	Raw hypothesis: ['hallo', '.']
2020-08-10 09:15:46,218 	Source:     hello .
2020-08-10 09:15:46,218 	Reference:  hallo ,
2020-08-10 09:15:46,218 	Hypothesis: hallo .
2020-08-10 09:15:46,218 Example #1
2020-08-10 09:15:46,218 	Raw source:     ['hi', ',', 'how', 'can', 'i', 'help', 'you', '?']
2020-08-10 09:15:46,218 	Raw hypothesis: ['hallo', ',', 'wie', 'kann', 'ich', 'ihnen', 'helfen', '?']
2020-08-10 09:15:46,218 	Source:     hi , how can i help you ?
2020-08-10 09:15:46,218 	Reference:  hallo , wie kann ich ihnen helfen ?
2020-08-10 09:15:46,218 	Hypothesis: hallo , wie kann ich ihnen helfen ?
2020-08-10 09:15:46,218 Example #2
2020-08-10 09:15:46,218 	Raw source:     ['hi', ',', 'i', '&apos;m', 'looking', 'for', 'a', 'restaurant', 'inside', 'the', 'arden', 'fair', 'mall', 'in', 'san', 'francisco', ',', 'california', '.']
2020-08-10 09:15:46,218 	Raw hypothesis: ['hallo', ',', 'ich', 'suche', 'ein', 'restaurant', 'in', 'san', 'francisco', ',', 'kalifornien', ',', 'kalifornien', ',', 'kalifornien', 'und', 'in', 'san', 'francisco', ',', 'kalifornien', '.']
2020-08-10 09:15:46,218 	Source:     hi , i &apos;m looking for a restaurant inside the arden fair mall in san francisco , california .
2020-08-10 09:15:46,218 	Reference:  hallo , ich bin auf der suche nach einem restaurant im arden fair einkaufszentrum in san francisco , kalifornien .
2020-08-10 09:15:46,218 	Hypothesis: hallo , ich suche ein restaurant in san francisco , kalifornien , kalifornien , kalifornien und in san francisco , kalifornien .
2020-08-10 09:15:46,218 Example #3
2020-08-10 09:15:46,219 	Raw source:     ['ok', ',', 'what', 'type', 'of', 'restaurant', 'are', 'you', 'looking', 'for', '?']
2020-08-10 09:15:46,219 	Raw hypothesis: ['ok', ',', 'nach', 'welcher', 'art', 'von', 'restaurant', 'suchen', 'sie', '?']
2020-08-10 09:15:46,219 	Source:     ok , what type of restaurant are you looking for ?
2020-08-10 09:15:46,219 	Reference:  ok . welche art von restaurant suchen sie denn genau ?
2020-08-10 09:15:46,219 	Hypothesis: ok , nach welcher art von restaurant suchen sie ?
2020-08-10 09:15:46,219 Validation result (greedy) at epoch   9, step     1600: bleu:  22.67, loss: 15884.6455, ppl:  11.9649, duration: 19.1026s
2020-08-10 09:15:52,266 Epoch   9: total training loss 270.68
2020-08-10 09:15:52,266 EPOCH 10
2020-08-10 09:15:52,459 Epoch  10 Step:     1700 Batch Loss:     1.751874 Tokens per Sec:     5911, Lr: 0.000200
2020-08-10 09:15:58,606 Epoch  10 Step:     1800 Batch Loss:     1.924211 Tokens per Sec:     5512, Lr: 0.000200
2020-08-10 09:16:18,137 Example #0
2020-08-10 09:16:18,138 	Raw source:     ['hello', '.']
2020-08-10 09:16:18,138 	Raw hypothesis: ['hallo', '.']
2020-08-10 09:16:18,138 	Source:     hello .
2020-08-10 09:16:18,138 	Reference:  hallo ,
2020-08-10 09:16:18,138 	Hypothesis: hallo .
2020-08-10 09:16:18,138 Example #1
2020-08-10 09:16:18,138 	Raw source:     ['hi', ',', 'how', 'can', 'i', 'help', 'you', '?']
2020-08-10 09:16:18,138 	Raw hypothesis: ['hallo', ',', 'wie', 'kann', 'ich', 'ihnen', 'helfen', '?']
2020-08-10 09:16:18,138 	Source:     hi , how can i help you ?
2020-08-10 09:16:18,138 	Reference:  hallo , wie kann ich ihnen helfen ?
2020-08-10 09:16:18,138 	Hypothesis: hallo , wie kann ich ihnen helfen ?
2020-08-10 09:16:18,138 Example #2
2020-08-10 09:16:18,138 	Raw source:     ['hi', ',', 'i', '&apos;m', 'looking', 'for', 'a', 'restaurant', 'inside', 'the', 'arden', 'fair', 'mall', 'in', 'san', 'francisco', ',', 'california', '.']
2020-08-10 09:16:18,138 	Raw hypothesis: ['hallo', ',', 'ich', 'suche', 'ein', 'restaurant', 'in', 'der', 'arden', 'fair', 'mall', 'in', 'san', 'francisco', ',', 'kalifornien', ',', 'kalifornien', ',', 'in', 'san', 'francisco', ',', 'kalifornien', ',', 'kalifornien', ',', 'kalifornien', ',', 'kalifornien', ',', 'kalifornien', '.']
2020-08-10 09:16:18,138 	Source:     hi , i &apos;m looking for a restaurant inside the arden fair mall in san francisco , california .
2020-08-10 09:16:18,138 	Reference:  hallo , ich bin auf der suche nach einem restaurant im arden fair einkaufszentrum in san francisco , kalifornien .
2020-08-10 09:16:18,138 	Hypothesis: hallo , ich suche ein restaurant in der arden fair mall in san francisco , kalifornien , kalifornien , in san francisco , kalifornien , kalifornien , kalifornien , kalifornien , kalifornien .
2020-08-10 09:16:18,138 Example #3
2020-08-10 09:16:18,138 	Raw source:     ['ok', ',', 'what', 'type', 'of', 'restaurant', 'are', 'you', 'looking', 'for', '?']
2020-08-10 09:16:18,138 	Raw hypothesis: ['ok', ',', 'welche', 'art', 'von', 'restaurant', 'suchen', 'sie', '?']
2020-08-10 09:16:18,138 	Source:     ok , what type of restaurant are you looking for ?
2020-08-10 09:16:18,138 	Reference:  ok . welche art von restaurant suchen sie denn genau ?
2020-08-10 09:16:18,138 	Hypothesis: ok , welche art von restaurant suchen sie ?
2020-08-10 09:16:18,138 Validation result (greedy) at epoch  10, step     1800: bleu:  20.29, loss: 16049.2559, ppl:  12.2766, duration: 19.5320s
2020-08-10 09:16:23,436 Epoch  10: total training loss 241.74
2020-08-10 09:16:23,436 EPOCH 11
2020-08-10 09:16:24,390 Epoch  11 Step:     1900 Batch Loss:     1.346114 Tokens per Sec:     5171, Lr: 0.000200
2020-08-10 09:16:30,655 Epoch  11 Step:     2000 Batch Loss:     0.626521 Tokens per Sec:     5478, Lr: 0.000200
2020-08-10 09:16:45,803 Hooray! New best validation result [ppl]!
2020-08-10 09:16:45,804 Saving new checkpoint.
2020-08-10 09:16:47,216 Example #0
2020-08-10 09:16:47,216 	Raw source:     ['hello', '.']
2020-08-10 09:16:47,216 	Raw hypothesis: ['hallo', '.']
2020-08-10 09:16:47,216 	Source:     hello .
2020-08-10 09:16:47,216 	Reference:  hallo ,
2020-08-10 09:16:47,216 	Hypothesis: hallo .
2020-08-10 09:16:47,216 Example #1
2020-08-10 09:16:47,216 	Raw source:     ['hi', ',', 'how', 'can', 'i', 'help', 'you', '?']
2020-08-10 09:16:47,216 	Raw hypothesis: ['hallo', ',', 'wie', 'kann', 'ich', 'ihnen', 'helfen', '?']
2020-08-10 09:16:47,216 	Source:     hi , how can i help you ?
2020-08-10 09:16:47,216 	Reference:  hallo , wie kann ich ihnen helfen ?
2020-08-10 09:16:47,216 	Hypothesis: hallo , wie kann ich ihnen helfen ?
2020-08-10 09:16:47,216 Example #2
2020-08-10 09:16:47,216 	Raw source:     ['hi', ',', 'i', '&apos;m', 'looking', 'for', 'a', 'restaurant', 'inside', 'the', 'arden', 'fair', 'mall', 'in', 'san', 'francisco', ',', 'california', '.']
2020-08-10 09:16:47,216 	Raw hypothesis: ['hallo', ',', 'ich', 'suche', 'ein', 'restaurant', 'zum', 'mittagessen', 'in', 'san', 'francisco', ',', 'kalifornien', ',', 'kalifornien', ',', 'kalifornien', '.']
2020-08-10 09:16:47,216 	Source:     hi , i &apos;m looking for a restaurant inside the arden fair mall in san francisco , california .
2020-08-10 09:16:47,216 	Reference:  hallo , ich bin auf der suche nach einem restaurant im arden fair einkaufszentrum in san francisco , kalifornien .
2020-08-10 09:16:47,216 	Hypothesis: hallo , ich suche ein restaurant zum mittagessen in san francisco , kalifornien , kalifornien , kalifornien .
2020-08-10 09:16:47,216 Example #3
2020-08-10 09:16:47,217 	Raw source:     ['ok', ',', 'what', 'type', 'of', 'restaurant', 'are', 'you', 'looking', 'for', '?']
2020-08-10 09:16:47,217 	Raw hypothesis: ['ok', ',', 'nach', 'welcher', 'art', 'von', 'restaurant', 'suchen', 'sie', '?']
2020-08-10 09:16:47,217 	Source:     ok , what type of restaurant are you looking for ?
2020-08-10 09:16:47,217 	Reference:  ok . welche art von restaurant suchen sie denn genau ?
2020-08-10 09:16:47,217 	Hypothesis: ok , nach welcher art von restaurant suchen sie ?
2020-08-10 09:16:47,217 Validation result (greedy) at epoch  11, step     2000: bleu:  25.39, loss: 15679.9102, ppl:  11.5882, duration: 16.5615s
2020-08-10 09:16:51,824 Epoch  11: total training loss 213.86
2020-08-10 09:16:51,824 EPOCH 12
2020-08-10 09:16:53,444 Epoch  12 Step:     2100 Batch Loss:     0.487070 Tokens per Sec:     5812, Lr: 0.000200
2020-08-10 09:16:59,721 Epoch  12 Step:     2200 Batch Loss:     0.877662 Tokens per Sec:     5368, Lr: 0.000200
2020-08-10 09:17:12,404 Hooray! New best validation result [ppl]!
2020-08-10 09:17:12,404 Saving new checkpoint.
2020-08-10 09:17:13,895 Example #0
2020-08-10 09:17:13,895 	Raw source:     ['hello', '.']
2020-08-10 09:17:13,895 	Raw hypothesis: ['hallo', '.']
2020-08-10 09:17:13,895 	Source:     hello .
2020-08-10 09:17:13,895 	Reference:  hallo ,
2020-08-10 09:17:13,895 	Hypothesis: hallo .
2020-08-10 09:17:13,895 Example #1
2020-08-10 09:17:13,895 	Raw source:     ['hi', ',', 'how', 'can', 'i', 'help', 'you', '?']
2020-08-10 09:17:13,895 	Raw hypothesis: ['hallo', ',', 'wie', 'kann', 'ich', 'ihnen', 'helfen', '?']
2020-08-10 09:17:13,895 	Source:     hi , how can i help you ?
2020-08-10 09:17:13,895 	Reference:  hallo , wie kann ich ihnen helfen ?
2020-08-10 09:17:13,895 	Hypothesis: hallo , wie kann ich ihnen helfen ?
2020-08-10 09:17:13,895 Example #2
2020-08-10 09:17:13,895 	Raw source:     ['hi', ',', 'i', '&apos;m', 'looking', 'for', 'a', 'restaurant', 'inside', 'the', 'arden', 'fair', 'mall', 'in', 'san', 'francisco', ',', 'california', '.']
2020-08-10 09:17:13,896 	Raw hypothesis: ['hallo', ',', 'ich', 'suche', 'ein', 'restaurant', 'in', 'san', 'francisco', ',', 'kalifornien', ',', 'kalifornien', ',', 'kalifornien', ',', 'kalifornien', ',', 'kalifornien', '.']
2020-08-10 09:17:13,896 	Source:     hi , i &apos;m looking for a restaurant inside the arden fair mall in san francisco , california .
2020-08-10 09:17:13,896 	Reference:  hallo , ich bin auf der suche nach einem restaurant im arden fair einkaufszentrum in san francisco , kalifornien .
2020-08-10 09:17:13,896 	Hypothesis: hallo , ich suche ein restaurant in san francisco , kalifornien , kalifornien , kalifornien , kalifornien , kalifornien .
2020-08-10 09:17:13,896 Example #3
2020-08-10 09:17:13,896 	Raw source:     ['ok', ',', 'what', 'type', 'of', 'restaurant', 'are', 'you', 'looking', 'for', '?']
2020-08-10 09:17:13,896 	Raw hypothesis: ['ok', ',', 'welche', 'art', 'von', 'restaurant', 'suchen', 'sie', '?']
2020-08-10 09:17:13,896 	Source:     ok , what type of restaurant are you looking for ?
2020-08-10 09:17:13,896 	Reference:  ok . welche art von restaurant suchen sie denn genau ?
2020-08-10 09:17:13,896 	Hypothesis: ok , welche art von restaurant suchen sie ?
2020-08-10 09:17:13,896 Validation result (greedy) at epoch  12, step     2200: bleu:  27.89, loss: 15304.6406, ppl:  10.9282, duration: 14.1746s
2020-08-10 09:17:17,873 Epoch  12: total training loss 189.71
2020-08-10 09:17:17,873 EPOCH 13
2020-08-10 09:17:20,200 Epoch  13 Step:     2300 Batch Loss:     0.440784 Tokens per Sec:     5322, Lr: 0.000200
2020-08-10 09:17:26,388 Epoch  13 Step:     2400 Batch Loss:     0.219226 Tokens per Sec:     5615, Lr: 0.000200
2020-08-10 09:17:36,978 Example #0
2020-08-10 09:17:36,978 	Raw source:     ['hello', '.']
2020-08-10 09:17:36,979 	Raw hypothesis: ['hallo', '.']
2020-08-10 09:17:36,979 	Source:     hello .
2020-08-10 09:17:36,979 	Reference:  hallo ,
2020-08-10 09:17:36,979 	Hypothesis: hallo .
2020-08-10 09:17:36,979 Example #1
2020-08-10 09:17:36,979 	Raw source:     ['hi', ',', 'how', 'can', 'i', 'help', 'you', '?']
2020-08-10 09:17:36,979 	Raw hypothesis: ['hallo', ',', 'wie', 'kann', 'ich', 'ihnen', 'helfen', '?']
2020-08-10 09:17:36,979 	Source:     hi , how can i help you ?
2020-08-10 09:17:36,979 	Reference:  hallo , wie kann ich ihnen helfen ?
2020-08-10 09:17:36,979 	Hypothesis: hallo , wie kann ich ihnen helfen ?
2020-08-10 09:17:36,979 Example #2
2020-08-10 09:17:36,979 	Raw source:     ['hi', ',', 'i', '&apos;m', 'looking', 'for', 'a', 'restaurant', 'inside', 'the', 'arden', 'fair', 'mall', 'in', 'san', 'francisco', ',', 'california', '.']
2020-08-10 09:17:36,979 	Raw hypothesis: ['hallo', ',', 'ich', 'suche', 'ein', 'restaurant', 'in', 'san', 'francisco', ',', 'kalifornien', ',', 'kalifornien', ',', 'kalifornien', 'in', 'san', 'francisco', ',', 'kalifornien', ',', 'kalifornien', '.']
2020-08-10 09:17:36,979 	Source:     hi , i &apos;m looking for a restaurant inside the arden fair mall in san francisco , california .
2020-08-10 09:17:36,979 	Reference:  hallo , ich bin auf der suche nach einem restaurant im arden fair einkaufszentrum in san francisco , kalifornien .
2020-08-10 09:17:36,979 	Hypothesis: hallo , ich suche ein restaurant in san francisco , kalifornien , kalifornien , kalifornien in san francisco , kalifornien , kalifornien .
2020-08-10 09:17:36,979 Example #3
2020-08-10 09:17:36,979 	Raw source:     ['ok', ',', 'what', 'type', 'of', 'restaurant', 'are', 'you', 'looking', 'for', '?']
2020-08-10 09:17:36,979 	Raw hypothesis: ['ok', ',', 'nach', 'welcher', 'art', 'von', 'restaurant', 'suchen', 'sie', '?']
2020-08-10 09:17:36,979 	Source:     ok , what type of restaurant are you looking for ?
2020-08-10 09:17:36,979 	Reference:  ok . welche art von restaurant suchen sie denn genau ?
2020-08-10 09:17:36,979 	Hypothesis: ok , nach welcher art von restaurant suchen sie ?
2020-08-10 09:17:36,979 Validation result (greedy) at epoch  13, step     2400: bleu:  30.41, loss: 15370.8174, ppl:  11.0418, duration: 10.5906s
2020-08-10 09:17:40,002 Epoch  13: total training loss 162.22
2020-08-10 09:17:40,002 EPOCH 14
2020-08-10 09:17:43,156 Epoch  14 Step:     2500 Batch Loss:     0.485339 Tokens per Sec:     5506, Lr: 0.000200
2020-08-10 09:17:49,365 Epoch  14 Step:     2600 Batch Loss:     1.119854 Tokens per Sec:     5544, Lr: 0.000200
2020-08-10 09:18:00,919 Example #0
2020-08-10 09:18:00,919 	Raw source:     ['hello', '.']
2020-08-10 09:18:00,919 	Raw hypothesis: ['hallo', ',']
2020-08-10 09:18:00,919 	Source:     hello .
2020-08-10 09:18:00,919 	Reference:  hallo ,
2020-08-10 09:18:00,919 	Hypothesis: hallo ,
2020-08-10 09:18:00,919 Example #1
2020-08-10 09:18:00,919 	Raw source:     ['hi', ',', 'how', 'can', 'i', 'help', 'you', '?']
2020-08-10 09:18:00,919 	Raw hypothesis: ['hallo', ',', 'wie', 'kann', 'ich', 'ihnen', 'helfen', '?']
2020-08-10 09:18:00,919 	Source:     hi , how can i help you ?
2020-08-10 09:18:00,919 	Reference:  hallo , wie kann ich ihnen helfen ?
2020-08-10 09:18:00,919 	Hypothesis: hallo , wie kann ich ihnen helfen ?
2020-08-10 09:18:00,919 Example #2
2020-08-10 09:18:00,919 	Raw source:     ['hi', ',', 'i', '&apos;m', 'looking', 'for', 'a', 'restaurant', 'inside', 'the', 'arden', 'fair', 'mall', 'in', 'san', 'francisco', ',', 'california', '.']
2020-08-10 09:18:00,919 	Raw hypothesis: ['hallo', ',', 'ich', 'suche', 'ein', 'restaurant', 'in', 'san', 'francisco', ',', 'kalifornien', ',', 'in', 'san', 'francisco', ',', 'kalifornien', ',', 'finden', '.']
2020-08-10 09:18:00,919 	Source:     hi , i &apos;m looking for a restaurant inside the arden fair mall in san francisco , california .
2020-08-10 09:18:00,919 	Reference:  hallo , ich bin auf der suche nach einem restaurant im arden fair einkaufszentrum in san francisco , kalifornien .
2020-08-10 09:18:00,919 	Hypothesis: hallo , ich suche ein restaurant in san francisco , kalifornien , in san francisco , kalifornien , finden .
2020-08-10 09:18:00,919 Example #3
2020-08-10 09:18:00,919 	Raw source:     ['ok', ',', 'what', 'type', 'of', 'restaurant', 'are', 'you', 'looking', 'for', '?']
2020-08-10 09:18:00,919 	Raw hypothesis: ['ok', ',', 'nach', 'welcher', 'art', 'von', 'restaurant', 'suchen', 'sie', '?']
2020-08-10 09:18:00,919 	Source:     ok , what type of restaurant are you looking for ?
2020-08-10 09:18:00,919 	Reference:  ok . welche art von restaurant suchen sie denn genau ?
2020-08-10 09:18:00,919 	Hypothesis: ok , nach welcher art von restaurant suchen sie ?
2020-08-10 09:18:00,920 Validation result (greedy) at epoch  14, step     2600: bleu:  31.05, loss: 15425.6699, ppl:  11.1369, duration: 11.5543s
2020-08-10 09:18:03,198 Epoch  14: total training loss 143.08
2020-08-10 09:18:03,198 EPOCH 15
2020-08-10 09:18:07,122 Epoch  15 Step:     2700 Batch Loss:     0.474038 Tokens per Sec:     5363, Lr: 0.000200
2020-08-10 09:18:13,379 Epoch  15 Step:     2800 Batch Loss:     1.062626 Tokens per Sec:     5400, Lr: 0.000200
2020-08-10 09:18:25,345 Example #0
2020-08-10 09:18:25,345 	Raw source:     ['hello', '.']
2020-08-10 09:18:25,345 	Raw hypothesis: ['hallo', '.']
2020-08-10 09:18:25,345 	Source:     hello .
2020-08-10 09:18:25,345 	Reference:  hallo ,
2020-08-10 09:18:25,345 	Hypothesis: hallo .
2020-08-10 09:18:25,345 Example #1
2020-08-10 09:18:25,345 	Raw source:     ['hi', ',', 'how', 'can', 'i', 'help', 'you', '?']
2020-08-10 09:18:25,345 	Raw hypothesis: ['hallo', ',', 'wie', 'kann', 'ich', 'ihnen', 'helfen', '?']
2020-08-10 09:18:25,345 	Source:     hi , how can i help you ?
2020-08-10 09:18:25,345 	Reference:  hallo , wie kann ich ihnen helfen ?
2020-08-10 09:18:25,345 	Hypothesis: hallo , wie kann ich ihnen helfen ?
2020-08-10 09:18:25,345 Example #2
2020-08-10 09:18:25,345 	Raw source:     ['hi', ',', 'i', '&apos;m', 'looking', 'for', 'a', 'restaurant', 'inside', 'the', 'arden', 'fair', 'mall', 'in', 'san', 'francisco', ',', 'california', '.']
2020-08-10 09:18:25,345 	Raw hypothesis: ['hallo', ',', 'ich', 'suche', 'ein', 'restaurant', 'in', 'der', 'arden', 'fair', 'mall', 'in', 'san', 'francisco', ',', 'kalifornien', ',', 'finden', '.']
2020-08-10 09:18:25,345 	Source:     hi , i &apos;m looking for a restaurant inside the arden fair mall in san francisco , california .
2020-08-10 09:18:25,346 	Reference:  hallo , ich bin auf der suche nach einem restaurant im arden fair einkaufszentrum in san francisco , kalifornien .
2020-08-10 09:18:25,346 	Hypothesis: hallo , ich suche ein restaurant in der arden fair mall in san francisco , kalifornien , finden .
2020-08-10 09:18:25,346 Example #3
2020-08-10 09:18:25,346 	Raw source:     ['ok', ',', 'what', 'type', 'of', 'restaurant', 'are', 'you', 'looking', 'for', '?']
2020-08-10 09:18:25,346 	Raw hypothesis: ['ok', ',', 'nach', 'welcher', 'art', 'von', 'restaurant', 'suchen', 'sie', '?']
2020-08-10 09:18:25,346 	Source:     ok , what type of restaurant are you looking for ?
2020-08-10 09:18:25,346 	Reference:  ok . welche art von restaurant suchen sie denn genau ?
2020-08-10 09:18:25,346 	Hypothesis: ok , nach welcher art von restaurant suchen sie ?
2020-08-10 09:18:25,346 Validation result (greedy) at epoch  15, step     2800: bleu:  31.34, loss: 15367.5771, ppl:  11.0362, duration: 11.9670s
2020-08-10 09:18:27,058 Epoch  15: total training loss 128.43
2020-08-10 09:18:27,059 EPOCH 16
2020-08-10 09:18:31,585 Epoch  16 Step:     2900 Batch Loss:     0.725650 Tokens per Sec:     5405, Lr: 0.000200
2020-08-10 09:18:37,776 Epoch  16 Step:     3000 Batch Loss:     0.896651 Tokens per Sec:     5513, Lr: 0.000200
2020-08-10 09:18:50,578 Example #0
2020-08-10 09:18:50,578 	Raw source:     ['hello', '.']
2020-08-10 09:18:50,578 	Raw hypothesis: ['hallo', '.']
2020-08-10 09:18:50,578 	Source:     hello .
2020-08-10 09:18:50,578 	Reference:  hallo ,
2020-08-10 09:18:50,578 	Hypothesis: hallo .
2020-08-10 09:18:50,578 Example #1
2020-08-10 09:18:50,578 	Raw source:     ['hi', ',', 'how', 'can', 'i', 'help', 'you', '?']
2020-08-10 09:18:50,578 	Raw hypothesis: ['hallo', ',', 'wie', 'kann', 'ich', 'ihnen', 'helfen', '?']
2020-08-10 09:18:50,578 	Source:     hi , how can i help you ?
2020-08-10 09:18:50,578 	Reference:  hallo , wie kann ich ihnen helfen ?
2020-08-10 09:18:50,578 	Hypothesis: hallo , wie kann ich ihnen helfen ?
2020-08-10 09:18:50,578 Example #2
2020-08-10 09:18:50,578 	Raw source:     ['hi', ',', 'i', '&apos;m', 'looking', 'for', 'a', 'restaurant', 'inside', 'the', 'arden', 'fair', 'mall', 'in', 'san', 'francisco', ',', 'california', '.']
2020-08-10 09:18:50,578 	Raw hypothesis: ['hallo', ',', 'ich', 'suche', 'ein', 'restaurant', 'in', 'san', 'francisco', ',', 'kalifornien', ',', 'kalifornien', ',', 'kalifornien', ',', 'kalifornien', ',', 'kalifornien', ',', 'kalifornien', ',', 'kalifornien', ',', 'kalifornien', ',', 'kalifornien', ',', 'kalifornien', ',', 'kalifornien', '.']
2020-08-10 09:18:50,578 	Source:     hi , i &apos;m looking for a restaurant inside the arden fair mall in san francisco , california .
2020-08-10 09:18:50,578 	Reference:  hallo , ich bin auf der suche nach einem restaurant im arden fair einkaufszentrum in san francisco , kalifornien .
2020-08-10 09:18:50,578 	Hypothesis: hallo , ich suche ein restaurant in san francisco , kalifornien , kalifornien , kalifornien , kalifornien , kalifornien , kalifornien , kalifornien , kalifornien , kalifornien , kalifornien , kalifornien .
2020-08-10 09:18:50,578 Example #3
2020-08-10 09:18:50,579 	Raw source:     ['ok', ',', 'what', 'type', 'of', 'restaurant', 'are', 'you', 'looking', 'for', '?']
2020-08-10 09:18:50,579 	Raw hypothesis: ['ok', ',', 'nach', 'welcher', 'art', 'von', 'restaurant', 'suchen', 'sie', '?']
2020-08-10 09:18:50,579 	Source:     ok , what type of restaurant are you looking for ?
2020-08-10 09:18:50,579 	Reference:  ok . welche art von restaurant suchen sie denn genau ?
2020-08-10 09:18:50,579 	Hypothesis: ok , nach welcher art von restaurant suchen sie ?
2020-08-10 09:18:50,579 Validation result (greedy) at epoch  16, step     3000: bleu:  29.86, loss: 15467.9971, ppl:  11.2108, duration: 12.8025s
2020-08-10 09:18:51,575 Epoch  16: total training loss 112.36
2020-08-10 09:18:51,576 EPOCH 17
2020-08-10 09:18:56,797 Epoch  17 Step:     3100 Batch Loss:     0.752915 Tokens per Sec:     5507, Lr: 0.000200
2020-08-10 09:19:02,984 Epoch  17 Step:     3200 Batch Loss:     0.524471 Tokens per Sec:     5386, Lr: 0.000200
2020-08-10 09:19:14,518 Example #0
2020-08-10 09:19:14,518 	Raw source:     ['hello', '.']
2020-08-10 09:19:14,518 	Raw hypothesis: ['hallo', '.']
2020-08-10 09:19:14,518 	Source:     hello .
2020-08-10 09:19:14,518 	Reference:  hallo ,
2020-08-10 09:19:14,518 	Hypothesis: hallo .
2020-08-10 09:19:14,518 Example #1
2020-08-10 09:19:14,518 	Raw source:     ['hi', ',', 'how', 'can', 'i', 'help', 'you', '?']
2020-08-10 09:19:14,518 	Raw hypothesis: ['hallo', ',', 'wie', 'kann', 'ich', 'ihnen', 'helfen', '?']
2020-08-10 09:19:14,518 	Source:     hi , how can i help you ?
2020-08-10 09:19:14,518 	Reference:  hallo , wie kann ich ihnen helfen ?
2020-08-10 09:19:14,518 	Hypothesis: hallo , wie kann ich ihnen helfen ?
2020-08-10 09:19:14,519 Example #2
2020-08-10 09:19:14,519 	Raw source:     ['hi', ',', 'i', '&apos;m', 'looking', 'for', 'a', 'restaurant', 'inside', 'the', 'arden', 'fair', 'mall', 'in', 'san', 'francisco', ',', 'california', '.']
2020-08-10 09:19:14,519 	Raw hypothesis: ['hallo', ',', 'ich', 'suche', 'ein', 'restaurant', 'in', 'san', 'francisco', ',', 'kalifornien', ',', 'kalifornien', ',', 'kalifornien', '.']
2020-08-10 09:19:14,519 	Source:     hi , i &apos;m looking for a restaurant inside the arden fair mall in san francisco , california .
2020-08-10 09:19:14,519 	Reference:  hallo , ich bin auf der suche nach einem restaurant im arden fair einkaufszentrum in san francisco , kalifornien .
2020-08-10 09:19:14,519 	Hypothesis: hallo , ich suche ein restaurant in san francisco , kalifornien , kalifornien , kalifornien .
2020-08-10 09:19:14,519 Example #3
2020-08-10 09:19:14,519 	Raw source:     ['ok', ',', 'what', 'type', 'of', 'restaurant', 'are', 'you', 'looking', 'for', '?']
2020-08-10 09:19:14,519 	Raw hypothesis: ['ok', ',', 'nach', 'welcher', 'art', 'von', 'restaurant', 'suchen', 'sie', '?']
2020-08-10 09:19:14,519 	Source:     ok , what type of restaurant are you looking for ?
2020-08-10 09:19:14,519 	Reference:  ok . welche art von restaurant suchen sie denn genau ?
2020-08-10 09:19:14,519 	Hypothesis: ok , nach welcher art von restaurant suchen sie ?
2020-08-10 09:19:14,519 Validation result (greedy) at epoch  17, step     3200: bleu:  30.50, loss: 15528.5332, ppl:  11.3173, duration: 11.5343s
2020-08-10 09:19:14,899 Epoch  17: total training loss 99.96
2020-08-10 09:19:14,899 EPOCH 18
2020-08-10 09:19:20,723 Epoch  18 Step:     3300 Batch Loss:     0.365374 Tokens per Sec:     5430, Lr: 0.000200
2020-08-10 09:19:26,724 Epoch  18: total training loss 93.83
2020-08-10 09:19:26,724 EPOCH 19
2020-08-10 09:19:26,917 Epoch  19 Step:     3400 Batch Loss:     0.439144 Tokens per Sec:     6079, Lr: 0.000200
2020-08-10 09:19:37,140 Example #0
2020-08-10 09:19:37,140 	Raw source:     ['hello', '.']
2020-08-10 09:19:37,140 	Raw hypothesis: ['hallo', '.']
2020-08-10 09:19:37,140 	Source:     hello .
2020-08-10 09:19:37,140 	Reference:  hallo ,
2020-08-10 09:19:37,140 	Hypothesis: hallo .
2020-08-10 09:19:37,140 Example #1
2020-08-10 09:19:37,140 	Raw source:     ['hi', ',', 'how', 'can', 'i', 'help', 'you', '?']
2020-08-10 09:19:37,140 	Raw hypothesis: ['hallo', ',', 'wie', 'kann', 'ich', 'ihnen', 'helfen', '?']
2020-08-10 09:19:37,140 	Source:     hi , how can i help you ?
2020-08-10 09:19:37,140 	Reference:  hallo , wie kann ich ihnen helfen ?
2020-08-10 09:19:37,140 	Hypothesis: hallo , wie kann ich ihnen helfen ?
2020-08-10 09:19:37,140 Example #2
2020-08-10 09:19:37,140 	Raw source:     ['hi', ',', 'i', '&apos;m', 'looking', 'for', 'a', 'restaurant', 'inside', 'the', 'arden', 'fair', 'mall', 'in', 'san', 'francisco', ',', 'california', '.']
2020-08-10 09:19:37,141 	Raw hypothesis: ['hallo', ',', 'ich', 'suche', 'ein', 'restaurant', 'in', 'der', 'arden', 'fair', 'mall', 'in', 'san', 'francisco', ',', 'kalifornien', ',', 'kalifornien', ',', 'in', 'san', 'francisco', ',', 'kalifornien', '.']
2020-08-10 09:19:37,141 	Source:     hi , i &apos;m looking for a restaurant inside the arden fair mall in san francisco , california .
2020-08-10 09:19:37,141 	Reference:  hallo , ich bin auf der suche nach einem restaurant im arden fair einkaufszentrum in san francisco , kalifornien .
2020-08-10 09:19:37,141 	Hypothesis: hallo , ich suche ein restaurant in der arden fair mall in san francisco , kalifornien , kalifornien , in san francisco , kalifornien .
2020-08-10 09:19:37,141 Example #3
2020-08-10 09:19:37,141 	Raw source:     ['ok', ',', 'what', 'type', 'of', 'restaurant', 'are', 'you', 'looking', 'for', '?']
2020-08-10 09:19:37,141 	Raw hypothesis: ['ok', ',', 'nach', 'welcher', 'art', 'von', 'restaurant', 'suchen', 'sie', '?']
2020-08-10 09:19:37,141 	Source:     ok , what type of restaurant are you looking for ?
2020-08-10 09:19:37,141 	Reference:  ok . welche art von restaurant suchen sie denn genau ?
2020-08-10 09:19:37,141 	Hypothesis: ok , nach welcher art von restaurant suchen sie ?
2020-08-10 09:19:37,141 Validation result (greedy) at epoch  19, step     3400: bleu:  32.45, loss: 15872.5625, ppl:  11.9423, duration: 10.2237s
2020-08-10 09:19:43,373 Epoch  19 Step:     3500 Batch Loss:     0.380873 Tokens per Sec:     5343, Lr: 0.000200
2020-08-10 09:19:48,827 Epoch  19: total training loss 84.47
2020-08-10 09:19:48,827 EPOCH 20
2020-08-10 09:19:49,584 Epoch  20 Step:     3600 Batch Loss:     0.435396 Tokens per Sec:     5205, Lr: 0.000200
2020-08-10 09:20:01,262 Example #0
2020-08-10 09:20:01,262 	Raw source:     ['hello', '.']
2020-08-10 09:20:01,262 	Raw hypothesis: ['hallo', '.']
2020-08-10 09:20:01,262 	Source:     hello .
2020-08-10 09:20:01,262 	Reference:  hallo ,
2020-08-10 09:20:01,262 	Hypothesis: hallo .
2020-08-10 09:20:01,262 Example #1
2020-08-10 09:20:01,262 	Raw source:     ['hi', ',', 'how', 'can', 'i', 'help', 'you', '?']
2020-08-10 09:20:01,262 	Raw hypothesis: ['hallo', ',', 'wie', 'kann', 'ich', 'ihnen', 'helfen', '?']
2020-08-10 09:20:01,262 	Source:     hi , how can i help you ?
2020-08-10 09:20:01,262 	Reference:  hallo , wie kann ich ihnen helfen ?
2020-08-10 09:20:01,262 	Hypothesis: hallo , wie kann ich ihnen helfen ?
2020-08-10 09:20:01,262 Example #2
2020-08-10 09:20:01,262 	Raw source:     ['hi', ',', 'i', '&apos;m', 'looking', 'for', 'a', 'restaurant', 'inside', 'the', 'arden', 'fair', 'mall', 'in', 'san', 'francisco', ',', 'california', '.']
2020-08-10 09:20:01,262 	Raw hypothesis: ['hallo', ',', 'ich', 'suche', 'ein', 'restaurant', 'in', 'san', 'francisco', ',', 'kalifornien', ',', 'in', 'san', 'francisco', ',', 'kalifornien', '.']
2020-08-10 09:20:01,262 	Source:     hi , i &apos;m looking for a restaurant inside the arden fair mall in san francisco , california .
2020-08-10 09:20:01,263 	Reference:  hallo , ich bin auf der suche nach einem restaurant im arden fair einkaufszentrum in san francisco , kalifornien .
2020-08-10 09:20:01,263 	Hypothesis: hallo , ich suche ein restaurant in san francisco , kalifornien , in san francisco , kalifornien .
2020-08-10 09:20:01,263 Example #3
2020-08-10 09:20:01,263 	Raw source:     ['ok', ',', 'what', 'type', 'of', 'restaurant', 'are', 'you', 'looking', 'for', '?']
2020-08-10 09:20:01,263 	Raw hypothesis: ['ok', ',', 'nach', 'welcher', 'art', 'von', 'restaurant', 'suchen', 'sie', '?']
2020-08-10 09:20:01,263 	Source:     ok , what type of restaurant are you looking for ?
2020-08-10 09:20:01,263 	Reference:  ok . welche art von restaurant suchen sie denn genau ?
2020-08-10 09:20:01,263 	Hypothesis: ok , nach welcher art von restaurant suchen sie ?
2020-08-10 09:20:01,263 Validation result (greedy) at epoch  20, step     3600: bleu:  30.11, loss: 15955.5859, ppl:  12.0982, duration: 11.6787s
2020-08-10 09:20:07,538 Epoch  20 Step:     3700 Batch Loss:     0.306725 Tokens per Sec:     5464, Lr: 0.000200
2020-08-10 09:20:12,313 Epoch  20: total training loss 75.04
2020-08-10 09:20:12,313 Training ended after  20 epochs.
2020-08-10 09:20:12,313 Best validation result (greedy) at step     2200:  10.93 ppl.
