2020-08-11 01:34:11,581 Hello! This is Joey-NMT.
2020-08-11 01:34:12,963 Total params: 96384000
2020-08-11 01:34:12,964 Trainable parameters: ['decoder.layer_norm.bias', 'decoder.layer_norm.weight', 'decoder.layers.0.dec_layer_norm.bias', 'decoder.layers.0.dec_layer_norm.weight', 'decoder.layers.0.feed_forward.layer_norm.bias', 'decoder.layers.0.feed_forward.layer_norm.weight', 'decoder.layers.0.feed_forward.pwff_layer.0.bias', 'decoder.layers.0.feed_forward.pwff_layer.0.weight', 'decoder.layers.0.feed_forward.pwff_layer.3.bias', 'decoder.layers.0.feed_forward.pwff_layer.3.weight', 'decoder.layers.0.src_trg_att.k_layer.bias', 'decoder.layers.0.src_trg_att.k_layer.weight', 'decoder.layers.0.src_trg_att.output_layer.bias', 'decoder.layers.0.src_trg_att.output_layer.weight', 'decoder.layers.0.src_trg_att.q_layer.bias', 'decoder.layers.0.src_trg_att.q_layer.weight', 'decoder.layers.0.src_trg_att.v_layer.bias', 'decoder.layers.0.src_trg_att.v_layer.weight', 'decoder.layers.0.trg_trg_att.k_layer.bias', 'decoder.layers.0.trg_trg_att.k_layer.weight', 'decoder.layers.0.trg_trg_att.output_layer.bias', 'decoder.layers.0.trg_trg_att.output_layer.weight', 'decoder.layers.0.trg_trg_att.q_layer.bias', 'decoder.layers.0.trg_trg_att.q_layer.weight', 'decoder.layers.0.trg_trg_att.v_layer.bias', 'decoder.layers.0.trg_trg_att.v_layer.weight', 'decoder.layers.0.x_layer_norm.bias', 'decoder.layers.0.x_layer_norm.weight', 'decoder.layers.1.dec_layer_norm.bias', 'decoder.layers.1.dec_layer_norm.weight', 'decoder.layers.1.feed_forward.layer_norm.bias', 'decoder.layers.1.feed_forward.layer_norm.weight', 'decoder.layers.1.feed_forward.pwff_layer.0.bias', 'decoder.layers.1.feed_forward.pwff_layer.0.weight', 'decoder.layers.1.feed_forward.pwff_layer.3.bias', 'decoder.layers.1.feed_forward.pwff_layer.3.weight', 'decoder.layers.1.src_trg_att.k_layer.bias', 'decoder.layers.1.src_trg_att.k_layer.weight', 'decoder.layers.1.src_trg_att.output_layer.bias', 'decoder.layers.1.src_trg_att.output_layer.weight', 'decoder.layers.1.src_trg_att.q_layer.bias', 'decoder.layers.1.src_trg_att.q_layer.weight', 'decoder.layers.1.src_trg_att.v_layer.bias', 'decoder.layers.1.src_trg_att.v_layer.weight', 'decoder.layers.1.trg_trg_att.k_layer.bias', 'decoder.layers.1.trg_trg_att.k_layer.weight', 'decoder.layers.1.trg_trg_att.output_layer.bias', 'decoder.layers.1.trg_trg_att.output_layer.weight', 'decoder.layers.1.trg_trg_att.q_layer.bias', 'decoder.layers.1.trg_trg_att.q_layer.weight', 'decoder.layers.1.trg_trg_att.v_layer.bias', 'decoder.layers.1.trg_trg_att.v_layer.weight', 'decoder.layers.1.x_layer_norm.bias', 'decoder.layers.1.x_layer_norm.weight', 'decoder.layers.2.dec_layer_norm.bias', 'decoder.layers.2.dec_layer_norm.weight', 'decoder.layers.2.feed_forward.layer_norm.bias', 'decoder.layers.2.feed_forward.layer_norm.weight', 'decoder.layers.2.feed_forward.pwff_layer.0.bias', 'decoder.layers.2.feed_forward.pwff_layer.0.weight', 'decoder.layers.2.feed_forward.pwff_layer.3.bias', 'decoder.layers.2.feed_forward.pwff_layer.3.weight', 'decoder.layers.2.src_trg_att.k_layer.bias', 'decoder.layers.2.src_trg_att.k_layer.weight', 'decoder.layers.2.src_trg_att.output_layer.bias', 'decoder.layers.2.src_trg_att.output_layer.weight', 'decoder.layers.2.src_trg_att.q_layer.bias', 'decoder.layers.2.src_trg_att.q_layer.weight', 'decoder.layers.2.src_trg_att.v_layer.bias', 'decoder.layers.2.src_trg_att.v_layer.weight', 'decoder.layers.2.trg_trg_att.k_layer.bias', 'decoder.layers.2.trg_trg_att.k_layer.weight', 'decoder.layers.2.trg_trg_att.output_layer.bias', 'decoder.layers.2.trg_trg_att.output_layer.weight', 'decoder.layers.2.trg_trg_att.q_layer.bias', 'decoder.layers.2.trg_trg_att.q_layer.weight', 'decoder.layers.2.trg_trg_att.v_layer.bias', 'decoder.layers.2.trg_trg_att.v_layer.weight', 'decoder.layers.2.x_layer_norm.bias', 'decoder.layers.2.x_layer_norm.weight', 'decoder.layers.3.dec_layer_norm.bias', 'decoder.layers.3.dec_layer_norm.weight', 'decoder.layers.3.feed_forward.layer_norm.bias', 'decoder.layers.3.feed_forward.layer_norm.weight', 'decoder.layers.3.feed_forward.pwff_layer.0.bias', 'decoder.layers.3.feed_forward.pwff_layer.0.weight', 'decoder.layers.3.feed_forward.pwff_layer.3.bias', 'decoder.layers.3.feed_forward.pwff_layer.3.weight', 'decoder.layers.3.src_trg_att.k_layer.bias', 'decoder.layers.3.src_trg_att.k_layer.weight', 'decoder.layers.3.src_trg_att.output_layer.bias', 'decoder.layers.3.src_trg_att.output_layer.weight', 'decoder.layers.3.src_trg_att.q_layer.bias', 'decoder.layers.3.src_trg_att.q_layer.weight', 'decoder.layers.3.src_trg_att.v_layer.bias', 'decoder.layers.3.src_trg_att.v_layer.weight', 'decoder.layers.3.trg_trg_att.k_layer.bias', 'decoder.layers.3.trg_trg_att.k_layer.weight', 'decoder.layers.3.trg_trg_att.output_layer.bias', 'decoder.layers.3.trg_trg_att.output_layer.weight', 'decoder.layers.3.trg_trg_att.q_layer.bias', 'decoder.layers.3.trg_trg_att.q_layer.weight', 'decoder.layers.3.trg_trg_att.v_layer.bias', 'decoder.layers.3.trg_trg_att.v_layer.weight', 'decoder.layers.3.x_layer_norm.bias', 'decoder.layers.3.x_layer_norm.weight', 'decoder.layers.4.dec_layer_norm.bias', 'decoder.layers.4.dec_layer_norm.weight', 'decoder.layers.4.feed_forward.layer_norm.bias', 'decoder.layers.4.feed_forward.layer_norm.weight', 'decoder.layers.4.feed_forward.pwff_layer.0.bias', 'decoder.layers.4.feed_forward.pwff_layer.0.weight', 'decoder.layers.4.feed_forward.pwff_layer.3.bias', 'decoder.layers.4.feed_forward.pwff_layer.3.weight', 'decoder.layers.4.src_trg_att.k_layer.bias', 'decoder.layers.4.src_trg_att.k_layer.weight', 'decoder.layers.4.src_trg_att.output_layer.bias', 'decoder.layers.4.src_trg_att.output_layer.weight', 'decoder.layers.4.src_trg_att.q_layer.bias', 'decoder.layers.4.src_trg_att.q_layer.weight', 'decoder.layers.4.src_trg_att.v_layer.bias', 'decoder.layers.4.src_trg_att.v_layer.weight', 'decoder.layers.4.trg_trg_att.k_layer.bias', 'decoder.layers.4.trg_trg_att.k_layer.weight', 'decoder.layers.4.trg_trg_att.output_layer.bias', 'decoder.layers.4.trg_trg_att.output_layer.weight', 'decoder.layers.4.trg_trg_att.q_layer.bias', 'decoder.layers.4.trg_trg_att.q_layer.weight', 'decoder.layers.4.trg_trg_att.v_layer.bias', 'decoder.layers.4.trg_trg_att.v_layer.weight', 'decoder.layers.4.x_layer_norm.bias', 'decoder.layers.4.x_layer_norm.weight', 'decoder.layers.5.dec_layer_norm.bias', 'decoder.layers.5.dec_layer_norm.weight', 'decoder.layers.5.feed_forward.layer_norm.bias', 'decoder.layers.5.feed_forward.layer_norm.weight', 'decoder.layers.5.feed_forward.pwff_layer.0.bias', 'decoder.layers.5.feed_forward.pwff_layer.0.weight', 'decoder.layers.5.feed_forward.pwff_layer.3.bias', 'decoder.layers.5.feed_forward.pwff_layer.3.weight', 'decoder.layers.5.src_trg_att.k_layer.bias', 'decoder.layers.5.src_trg_att.k_layer.weight', 'decoder.layers.5.src_trg_att.output_layer.bias', 'decoder.layers.5.src_trg_att.output_layer.weight', 'decoder.layers.5.src_trg_att.q_layer.bias', 'decoder.layers.5.src_trg_att.q_layer.weight', 'decoder.layers.5.src_trg_att.v_layer.bias', 'decoder.layers.5.src_trg_att.v_layer.weight', 'decoder.layers.5.trg_trg_att.k_layer.bias', 'decoder.layers.5.trg_trg_att.k_layer.weight', 'decoder.layers.5.trg_trg_att.output_layer.bias', 'decoder.layers.5.trg_trg_att.output_layer.weight', 'decoder.layers.5.trg_trg_att.q_layer.bias', 'decoder.layers.5.trg_trg_att.q_layer.weight', 'decoder.layers.5.trg_trg_att.v_layer.bias', 'decoder.layers.5.trg_trg_att.v_layer.weight', 'decoder.layers.5.x_layer_norm.bias', 'decoder.layers.5.x_layer_norm.weight', 'encoder.layer_norm.bias', 'encoder.layer_norm.weight', 'encoder.layers.0.feed_forward.layer_norm.bias', 'encoder.layers.0.feed_forward.layer_norm.weight', 'encoder.layers.0.feed_forward.pwff_layer.0.bias', 'encoder.layers.0.feed_forward.pwff_layer.0.weight', 'encoder.layers.0.feed_forward.pwff_layer.3.bias', 'encoder.layers.0.feed_forward.pwff_layer.3.weight', 'encoder.layers.0.layer_norm.bias', 'encoder.layers.0.layer_norm.weight', 'encoder.layers.0.src_src_att.k_layer.bias', 'encoder.layers.0.src_src_att.k_layer.weight', 'encoder.layers.0.src_src_att.output_layer.bias', 'encoder.layers.0.src_src_att.output_layer.weight', 'encoder.layers.0.src_src_att.q_layer.bias', 'encoder.layers.0.src_src_att.q_layer.weight', 'encoder.layers.0.src_src_att.v_layer.bias', 'encoder.layers.0.src_src_att.v_layer.weight', 'encoder.layers.1.feed_forward.layer_norm.bias', 'encoder.layers.1.feed_forward.layer_norm.weight', 'encoder.layers.1.feed_forward.pwff_layer.0.bias', 'encoder.layers.1.feed_forward.pwff_layer.0.weight', 'encoder.layers.1.feed_forward.pwff_layer.3.bias', 'encoder.layers.1.feed_forward.pwff_layer.3.weight', 'encoder.layers.1.layer_norm.bias', 'encoder.layers.1.layer_norm.weight', 'encoder.layers.1.src_src_att.k_layer.bias', 'encoder.layers.1.src_src_att.k_layer.weight', 'encoder.layers.1.src_src_att.output_layer.bias', 'encoder.layers.1.src_src_att.output_layer.weight', 'encoder.layers.1.src_src_att.q_layer.bias', 'encoder.layers.1.src_src_att.q_layer.weight', 'encoder.layers.1.src_src_att.v_layer.bias', 'encoder.layers.1.src_src_att.v_layer.weight', 'encoder.layers.2.feed_forward.layer_norm.bias', 'encoder.layers.2.feed_forward.layer_norm.weight', 'encoder.layers.2.feed_forward.pwff_layer.0.bias', 'encoder.layers.2.feed_forward.pwff_layer.0.weight', 'encoder.layers.2.feed_forward.pwff_layer.3.bias', 'encoder.layers.2.feed_forward.pwff_layer.3.weight', 'encoder.layers.2.layer_norm.bias', 'encoder.layers.2.layer_norm.weight', 'encoder.layers.2.src_src_att.k_layer.bias', 'encoder.layers.2.src_src_att.k_layer.weight', 'encoder.layers.2.src_src_att.output_layer.bias', 'encoder.layers.2.src_src_att.output_layer.weight', 'encoder.layers.2.src_src_att.q_layer.bias', 'encoder.layers.2.src_src_att.q_layer.weight', 'encoder.layers.2.src_src_att.v_layer.bias', 'encoder.layers.2.src_src_att.v_layer.weight', 'encoder.layers.3.feed_forward.layer_norm.bias', 'encoder.layers.3.feed_forward.layer_norm.weight', 'encoder.layers.3.feed_forward.pwff_layer.0.bias', 'encoder.layers.3.feed_forward.pwff_layer.0.weight', 'encoder.layers.3.feed_forward.pwff_layer.3.bias', 'encoder.layers.3.feed_forward.pwff_layer.3.weight', 'encoder.layers.3.layer_norm.bias', 'encoder.layers.3.layer_norm.weight', 'encoder.layers.3.src_src_att.k_layer.bias', 'encoder.layers.3.src_src_att.k_layer.weight', 'encoder.layers.3.src_src_att.output_layer.bias', 'encoder.layers.3.src_src_att.output_layer.weight', 'encoder.layers.3.src_src_att.q_layer.bias', 'encoder.layers.3.src_src_att.q_layer.weight', 'encoder.layers.3.src_src_att.v_layer.bias', 'encoder.layers.3.src_src_att.v_layer.weight', 'encoder.layers.4.feed_forward.layer_norm.bias', 'encoder.layers.4.feed_forward.layer_norm.weight', 'encoder.layers.4.feed_forward.pwff_layer.0.bias', 'encoder.layers.4.feed_forward.pwff_layer.0.weight', 'encoder.layers.4.feed_forward.pwff_layer.3.bias', 'encoder.layers.4.feed_forward.pwff_layer.3.weight', 'encoder.layers.4.layer_norm.bias', 'encoder.layers.4.layer_norm.weight', 'encoder.layers.4.src_src_att.k_layer.bias', 'encoder.layers.4.src_src_att.k_layer.weight', 'encoder.layers.4.src_src_att.output_layer.bias', 'encoder.layers.4.src_src_att.output_layer.weight', 'encoder.layers.4.src_src_att.q_layer.bias', 'encoder.layers.4.src_src_att.q_layer.weight', 'encoder.layers.4.src_src_att.v_layer.bias', 'encoder.layers.4.src_src_att.v_layer.weight', 'encoder.layers.5.feed_forward.layer_norm.bias', 'encoder.layers.5.feed_forward.layer_norm.weight', 'encoder.layers.5.feed_forward.pwff_layer.0.bias', 'encoder.layers.5.feed_forward.pwff_layer.0.weight', 'encoder.layers.5.feed_forward.pwff_layer.3.bias', 'encoder.layers.5.feed_forward.pwff_layer.3.weight', 'encoder.layers.5.layer_norm.bias', 'encoder.layers.5.layer_norm.weight', 'encoder.layers.5.src_src_att.k_layer.bias', 'encoder.layers.5.src_src_att.k_layer.weight', 'encoder.layers.5.src_src_att.output_layer.bias', 'encoder.layers.5.src_src_att.output_layer.weight', 'encoder.layers.5.src_src_att.q_layer.bias', 'encoder.layers.5.src_src_att.q_layer.weight', 'encoder.layers.5.src_src_att.v_layer.bias', 'encoder.layers.5.src_src_att.v_layer.weight', 'src_embed.lut.weight', 'trg_embed.lut.weight']
2020-08-11 01:34:16,941 cfg.data.dev                       : chatnmt/multi_encoder/dev_subset.tags.bpe.10000
2020-08-11 01:34:16,941 cfg.data.level                     : bpe
2020-08-11 01:34:16,942 cfg.data.lowercase                 : False
2020-08-11 01:34:16,942 cfg.data.max_sent_length           : 100
2020-08-11 01:34:16,942 cfg.data.src                       : en
2020-08-11 01:34:16,942 cfg.data.test                      : chatnmt/multi_encoder/test.tags.bpe.10000
2020-08-11 01:34:16,942 cfg.data.train                     : chatnmt/multi_encoder/train_subset.tags.bpe.10000
2020-08-11 01:34:16,942 cfg.data.trg                       : de
2020-08-11 01:34:16,942 cfg.model.bias_initializer         : zeros
2020-08-11 01:34:16,942 cfg.model.decoder.dropout          : 0.1
2020-08-11 01:34:16,942 cfg.model.decoder.embeddings.dropout : 0.0
2020-08-11 01:34:16,942 cfg.model.decoder.embeddings.embedding_dim : 1024
2020-08-11 01:34:16,942 cfg.model.decoder.embeddings.scale : True
2020-08-11 01:34:16,942 cfg.model.decoder.ff_size          : 512
2020-08-11 01:34:16,942 cfg.model.decoder.freeze           : False
2020-08-11 01:34:16,942 cfg.model.decoder.hidden_size      : 1024
2020-08-11 01:34:16,942 cfg.model.decoder.num_heads        : 16
2020-08-11 01:34:16,942 cfg.model.decoder.num_layers       : 6
2020-08-11 01:34:16,943 cfg.model.decoder.type             : transformer
2020-08-11 01:34:16,943 cfg.model.embed_init_gain          : 1.0
2020-08-11 01:34:16,943 cfg.model.embed_initializer        : xavier
2020-08-11 01:34:16,943 cfg.model.encoder.dropout          : 0.1
2020-08-11 01:34:16,943 cfg.model.encoder.embeddings.dropout : 0.0
2020-08-11 01:34:16,943 cfg.model.encoder.embeddings.embedding_dim : 1024
2020-08-11 01:34:16,943 cfg.model.encoder.embeddings.scale : True
2020-08-11 01:34:16,943 cfg.model.encoder.ff_size          : 512
2020-08-11 01:34:16,943 cfg.model.encoder.freeze           : False
2020-08-11 01:34:16,943 cfg.model.encoder.hidden_size      : 1024
2020-08-11 01:34:16,943 cfg.model.encoder.multi_encoder    : False
2020-08-11 01:34:16,943 cfg.model.encoder.num_heads        : 16
2020-08-11 01:34:16,943 cfg.model.encoder.num_layers       : 6
2020-08-11 01:34:16,943 cfg.model.encoder.type             : transformer
2020-08-11 01:34:16,943 cfg.model.init_gain                : 1.0
2020-08-11 01:34:16,943 cfg.model.initializer              : xavier
2020-08-11 01:34:16,943 cfg.model.tied_embeddings          : False
2020-08-11 01:34:16,944 cfg.model.tied_softmax             : True
2020-08-11 01:34:16,944 cfg.name                           : transformer
2020-08-11 01:34:16,944 cfg.testing.alpha                  : 1.0
2020-08-11 01:34:16,944 cfg.testing.beam_size              : 5
2020-08-11 01:34:16,944 cfg.training.adam_betas            : [0.9, 0.999]
2020-08-11 01:34:16,944 cfg.training.batch_multiplier      : 1
2020-08-11 01:34:16,944 cfg.training.batch_size            : 1024
2020-08-11 01:34:16,944 cfg.training.batch_type            : token
2020-08-11 01:34:16,944 cfg.training.decrease_factor       : 0.7
2020-08-11 01:34:16,944 cfg.training.early_stopping_metric : ppl
2020-08-11 01:34:16,944 cfg.training.epochs                : 20
2020-08-11 01:34:16,944 cfg.training.eval_metric           : bleu
2020-08-11 01:34:16,944 cfg.training.keep_last_ckpts       : 3
2020-08-11 01:34:16,944 cfg.training.label_smoothing       : 0.1
2020-08-11 01:34:16,944 cfg.training.learning_rate         : 0.0002
2020-08-11 01:34:16,944 cfg.training.learning_rate_min     : 1e-08
2020-08-11 01:34:16,944 cfg.training.logging_freq          : 100
2020-08-11 01:34:16,944 cfg.training.loss                  : crossentropy
2020-08-11 01:34:16,945 cfg.training.max_output_length     : 100
2020-08-11 01:34:16,945 cfg.training.model_dir             : models/viznet/attempt4/16_16_0.1_1024_1024_1024_8_6
2020-08-11 01:34:16,945 cfg.training.normalization         : tokens
2020-08-11 01:34:16,945 cfg.training.optimizer             : adam
2020-08-11 01:34:16,945 cfg.training.overwrite             : True
2020-08-11 01:34:16,945 cfg.training.patience              : 8
2020-08-11 01:34:16,945 cfg.training.print_valid_sents     : [0, 1, 2, 3]
2020-08-11 01:34:16,945 cfg.training.random_seed           : 42
2020-08-11 01:34:16,945 cfg.training.scheduling            : plateau
2020-08-11 01:34:16,945 cfg.training.shuffle               : True
2020-08-11 01:34:16,945 cfg.training.use_cuda              : True
2020-08-11 01:34:16,945 cfg.training.validation_freq       : 200
2020-08-11 01:34:16,945 cfg.training.weight_decay          : 0.0
2020-08-11 01:34:16,945 Data set sizes: 
	train 5000,
	valid 500,
	test 1220
2020-08-11 01:34:16,945 First training example:
	[SRC] hi there ! how can i help ?
	[TRG] hallo ! wie kann ich helfen ?
2020-08-11 01:34:16,945 First 10 words (src): (0) <unk> (1) <pad> (2) <s> (3) </s> (4) . (5) , (6) ? (7) you (8) i (9) the
2020-08-11 01:34:16,946 First 10 words (trg): (0) <unk> (1) <pad> (2) <s> (3) </s> (4) . (5) , (6) ? (7) sie (8) ich (9) das
2020-08-11 01:34:16,946 Number of Src words (types): 3468
2020-08-11 01:34:16,946 Number of Trg words (types): 4487
2020-08-11 01:34:16,947 Model(
	encoder=TransformerEncoder(num_layers=6, num_heads=16),
	decoder=TransformerDecoder(num_layers=6, num_heads=16),
	src_embed=Embeddings(embedding_dim=1024, vocab_size=3468),
	trg_embed=Embeddings(embedding_dim=1024, vocab_size=4487))
2020-08-11 01:34:16,951 EPOCH 1
2020-08-11 01:34:29,936 Epoch   1: total training loss 488.41
2020-08-11 01:34:29,936 EPOCH 2
2020-08-11 01:34:30,244 Epoch   2 Step:      100 Batch Loss:     3.713044 Tokens per Sec:     4535, Lr: 0.000200
2020-08-11 01:34:42,910 Epoch   2: total training loss 400.80
2020-08-11 01:34:42,910 EPOCH 3
2020-08-11 01:34:43,316 Epoch   3 Step:      200 Batch Loss:     2.628870 Tokens per Sec:     4946, Lr: 0.000200
2020-08-11 01:35:45,935 Hooray! New best validation result [ppl]!
2020-08-11 01:35:45,935 Saving new checkpoint.
2020-08-11 01:35:50,545 Example #0
2020-08-11 01:35:50,545 	Raw source:     ['hello', '.']
2020-08-11 01:35:50,545 	Raw hypothesis: ['hallo', ',', 'wie', 'kann', 'ich', 'ihnen', 'helfen', '?']
2020-08-11 01:35:50,545 	Source:     hello .
2020-08-11 01:35:50,545 	Reference:  hallo ,
2020-08-11 01:35:50,545 	Hypothesis: hallo , wie kann ich ihnen helfen ?
2020-08-11 01:35:50,545 Example #1
2020-08-11 01:35:50,545 	Raw source:     ['hi', ',', 'how', 'can', 'i', 'help', 'you', '?']
2020-08-11 01:35:50,545 	Raw hypothesis: ['hallo', ',', 'wie', 'kann', 'ich', 'ihnen', 'helfen', '?']
2020-08-11 01:35:50,545 	Source:     hi , how can i help you ?
2020-08-11 01:35:50,545 	Reference:  hallo , wie kann ich ihnen helfen ?
2020-08-11 01:35:50,545 	Hypothesis: hallo , wie kann ich ihnen helfen ?
2020-08-11 01:35:50,545 Example #2
2020-08-11 01:35:50,545 	Raw source:     ['hi', ',', 'i', '&apos;m', 'looking', 'for', 'a', 'restaurant', 'inside', 'the', 'arden', 'fair', 'mall', 'in', 'san', 'francisco', ',', 'california', '.']
2020-08-11 01:35:50,546 	Raw hypothesis: ['hallo', ',', 'ich', 'möchte', 'möchte', 'möchte', 'möchte', 'in', 'der', 'der', 'der', 'der', 'der', 'der', 'der', 'der', 'der', 'der', 'der', 'der', 'der', 'der', 'der', 'der', 'der', 'der', 'der', 'der', 'der', 'der', 'der', 'der', 'der', 'der', 'der', 'der', 'der', 'der', 'der', 'der', 'der', 'der', 'der', 'der', 'der', 'der', 'der', 'der', 'der', 'der', 'zum', 'zum', 'zum', 'zum', 'zum', 'zum', 'zum', 'zum', 'zum', 'zum', 'zum', 'zum', 'zum', 'zum', 'zum', 'zum', 'zum', 'zum', 'zum', 'zum', 'zum', 'zum', 'zum', 'zum', 'zum', 'zum', 'zum', 'zum', 'zum', 'zum', 'zum', 'zum', 'zum', 'zum', 'zum', 'zum', 'zum', 'zum', 'zum', 'zum', 'zum', 'zum', 'zum', 'zum', 'zum', 'zum', 'zum', 'zum', 'zum', 'zum']
2020-08-11 01:35:50,546 	Source:     hi , i &apos;m looking for a restaurant inside the arden fair mall in san francisco , california .
2020-08-11 01:35:50,546 	Reference:  hallo , ich bin auf der suche nach einem restaurant im arden fair einkaufszentrum in san francisco , kalifornien .
2020-08-11 01:35:50,546 	Hypothesis: hallo , ich möchte möchte möchte möchte in der der der der der der der der der der der der der der der der der der der der der der der der der der der der der der der der der der der der der der der der der der zum zum zum zum zum zum zum zum zum zum zum zum zum zum zum zum zum zum zum zum zum zum zum zum zum zum zum zum zum zum zum zum zum zum zum zum zum zum zum zum zum zum zum zum zum zum zum zum zum zum
2020-08-11 01:35:50,546 Example #3
2020-08-11 01:35:50,546 	Raw source:     ['ok', ',', 'what', 'type', 'of', 'restaurant', 'are', 'you', 'looking', 'for', '?']
2020-08-11 01:35:50,546 	Raw hypothesis: ['ok', ',', 'welche', 'möchten', 'sie', 'mich', 'ihren', 'termin', '?']
2020-08-11 01:35:50,546 	Source:     ok , what type of restaurant are you looking for ?
2020-08-11 01:35:50,546 	Reference:  ok . welche art von restaurant suchen sie denn genau ?
2020-08-11 01:35:50,546 	Hypothesis: ok , welche möchten sie mich ihren termin ?
2020-08-11 01:35:50,546 Validation result (greedy) at epoch   3, step      200: bleu:   4.13, loss: 24826.0293, ppl:  48.3791, duration: 67.2298s
2020-08-11 01:36:03,048 Epoch   3: total training loss 336.31
2020-08-11 01:36:03,048 EPOCH 4
2020-08-11 01:36:03,488 Epoch   4 Step:      300 Batch Loss:     2.368700 Tokens per Sec:     3719, Lr: 0.000200
2020-08-11 01:36:15,964 Epoch   4: total training loss 282.98
2020-08-11 01:36:15,964 EPOCH 5
2020-08-11 01:36:16,615 Epoch   5 Step:      400 Batch Loss:     1.567016 Tokens per Sec:     4584, Lr: 0.000200
2020-08-11 01:37:05,538 Hooray! New best validation result [ppl]!
2020-08-11 01:37:05,538 Saving new checkpoint.
2020-08-11 01:37:10,236 Example #0
2020-08-11 01:37:10,236 	Raw source:     ['hello', '.']
2020-08-11 01:37:10,236 	Raw hypothesis: ['hallo', '.']
2020-08-11 01:37:10,236 	Source:     hello .
2020-08-11 01:37:10,236 	Reference:  hallo ,
2020-08-11 01:37:10,236 	Hypothesis: hallo .
2020-08-11 01:37:10,236 Example #1
2020-08-11 01:37:10,236 	Raw source:     ['hi', ',', 'how', 'can', 'i', 'help', 'you', '?']
2020-08-11 01:37:10,236 	Raw hypothesis: ['hallo', ',', 'wie', 'kann', 'ich', 'ihnen', 'helfen', '?']
2020-08-11 01:37:10,236 	Source:     hi , how can i help you ?
2020-08-11 01:37:10,236 	Reference:  hallo , wie kann ich ihnen helfen ?
2020-08-11 01:37:10,236 	Hypothesis: hallo , wie kann ich ihnen helfen ?
2020-08-11 01:37:10,236 Example #2
2020-08-11 01:37:10,236 	Raw source:     ['hi', ',', 'i', '&apos;m', 'looking', 'for', 'a', 'restaurant', 'inside', 'the', 'arden', 'fair', 'mall', 'in', 'san', 'francisco', ',', 'california', '.']
2020-08-11 01:37:10,237 	Raw hypothesis: ['hallo', ',', 'ich', 'bin', 'in', 'san', 'francisco', ',', 'kalifornien', ',', 'kalifornien', ',', 'kalifornien', ',', 'kalifornien', '.']
2020-08-11 01:37:10,237 	Source:     hi , i &apos;m looking for a restaurant inside the arden fair mall in san francisco , california .
2020-08-11 01:37:10,237 	Reference:  hallo , ich bin auf der suche nach einem restaurant im arden fair einkaufszentrum in san francisco , kalifornien .
2020-08-11 01:37:10,237 	Hypothesis: hallo , ich bin in san francisco , kalifornien , kalifornien , kalifornien , kalifornien .
2020-08-11 01:37:10,237 Example #3
2020-08-11 01:37:10,237 	Raw source:     ['ok', ',', 'what', 'type', 'of', 'restaurant', 'are', 'you', 'looking', 'for', '?']
2020-08-11 01:37:10,237 	Raw hypothesis: ['ok', ',', 'welche', 'art', 'von', 'restaurant', 'möchten', 'sie', '?']
2020-08-11 01:37:10,237 	Source:     ok , what type of restaurant are you looking for ?
2020-08-11 01:37:10,237 	Reference:  ok . welche art von restaurant suchen sie denn genau ?
2020-08-11 01:37:10,237 	Hypothesis: ok , welche art von restaurant möchten sie ?
2020-08-11 01:37:10,237 Validation result (greedy) at epoch   5, step      400: bleu:  12.02, loss: 18992.9512, ppl:  19.4461, duration: 53.6215s
2020-08-11 01:37:22,652 Epoch   5: total training loss 232.33
2020-08-11 01:37:22,652 EPOCH 6
2020-08-11 01:37:23,295 Epoch   6 Step:      500 Batch Loss:     1.266910 Tokens per Sec:     4711, Lr: 0.000200
2020-08-11 01:37:35,587 Epoch   6: total training loss 187.25
2020-08-11 01:37:35,587 EPOCH 7
2020-08-11 01:37:36,532 Epoch   7 Step:      600 Batch Loss:     1.049431 Tokens per Sec:     5064, Lr: 0.000200
2020-08-11 01:37:53,696 Hooray! New best validation result [ppl]!
2020-08-11 01:37:53,696 Saving new checkpoint.
2020-08-11 01:37:58,268 Example #0
2020-08-11 01:37:58,268 	Raw source:     ['hello', '.']
2020-08-11 01:37:58,268 	Raw hypothesis: ['hallo', ',']
2020-08-11 01:37:58,268 	Source:     hello .
2020-08-11 01:37:58,268 	Reference:  hallo ,
2020-08-11 01:37:58,268 	Hypothesis: hallo ,
2020-08-11 01:37:58,268 Example #1
2020-08-11 01:37:58,269 	Raw source:     ['hi', ',', 'how', 'can', 'i', 'help', 'you', '?']
2020-08-11 01:37:58,269 	Raw hypothesis: ['hallo', ',', 'wie', 'kann', 'ich', 'ihnen', 'helfen', '?']
2020-08-11 01:37:58,269 	Source:     hi , how can i help you ?
2020-08-11 01:37:58,269 	Reference:  hallo , wie kann ich ihnen helfen ?
2020-08-11 01:37:58,269 	Hypothesis: hallo , wie kann ich ihnen helfen ?
2020-08-11 01:37:58,269 Example #2
2020-08-11 01:37:58,269 	Raw source:     ['hi', ',', 'i', '&apos;m', 'looking', 'for', 'a', 'restaurant', 'inside', 'the', 'arden', 'fair', 'mall', 'in', 'san', 'francisco', ',', 'california', '.']
2020-08-11 01:37:58,269 	Raw hypothesis: ['hallo', ',', 'ich', 'suche', 'nach', 'einem', 'ort', 'in', 'san', 'francisco', ',', 'kalifornien', ',', 'kalifornien', ',', 'kalifornien', ',', 'kalifornien', ',', 'kalifornien', ',', 'kalifornien', ',', 'kalifornien', ',', 'kalifornien', ',', 'kalifornien', ',', 'kalifornien', ',', 'kalifornien', ',', 'kalifornien', ',', 'kalifornien', ',', 'kalifornien', ',', 'kalifornien', ',', 'kalifornien', ',', 'kalifornien', ',', 'kalifornien', ',', 'kalifornien', ',', 'kalifornien', ',', 'kalifornien', ',', 'kalifornien', ',', 'kalifornien', ',', 'kalifornien', ',', 'kalifornien', ',', 'kalifornien', ',', 'kalifornien', ',', 'kalifornien', ',', 'kalifornien', ',', 'kalifornien', ',', 'kalifornien', ',', 'kalifornien', ',', 'kalifornien', '.']
2020-08-11 01:37:58,269 	Source:     hi , i &apos;m looking for a restaurant inside the arden fair mall in san francisco , california .
2020-08-11 01:37:58,269 	Reference:  hallo , ich bin auf der suche nach einem restaurant im arden fair einkaufszentrum in san francisco , kalifornien .
2020-08-11 01:37:58,269 	Hypothesis: hallo , ich suche nach einem ort in san francisco , kalifornien , kalifornien , kalifornien , kalifornien , kalifornien , kalifornien , kalifornien , kalifornien , kalifornien , kalifornien , kalifornien , kalifornien , kalifornien , kalifornien , kalifornien , kalifornien , kalifornien , kalifornien , kalifornien , kalifornien , kalifornien , kalifornien , kalifornien , kalifornien , kalifornien , kalifornien , kalifornien , kalifornien , kalifornien , kalifornien , kalifornien , kalifornien , kalifornien .
2020-08-11 01:37:58,269 Example #3
2020-08-11 01:37:58,269 	Raw source:     ['ok', ',', 'what', 'type', 'of', 'restaurant', 'are', 'you', 'looking', 'for', '?']
2020-08-11 01:37:58,269 	Raw hypothesis: ['ok', ',', 'welche', 'art', 'von', 'restaurant', 'suchen', 'sie', '?']
2020-08-11 01:37:58,270 	Source:     ok , what type of restaurant are you looking for ?
2020-08-11 01:37:58,270 	Reference:  ok . welche art von restaurant suchen sie denn genau ?
2020-08-11 01:37:58,270 	Hypothesis: ok , welche art von restaurant suchen sie ?
2020-08-11 01:37:58,270 Validation result (greedy) at epoch   7, step      600: bleu:  25.27, loss: 16578.7910, ppl:  13.3356, duration: 21.7376s
2020-08-11 01:38:10,246 Epoch   7: total training loss 158.07
2020-08-11 01:38:10,246 EPOCH 8
2020-08-11 01:38:11,434 Epoch   8 Step:      700 Batch Loss:     1.537383 Tokens per Sec:     4974, Lr: 0.000200
2020-08-11 01:38:23,294 Epoch   8: total training loss 133.13
2020-08-11 01:38:23,295 EPOCH 9
2020-08-11 01:38:24,585 Epoch   9 Step:      800 Batch Loss:     0.216190 Tokens per Sec:     4645, Lr: 0.000200
2020-08-11 01:39:02,670 Hooray! New best validation result [ppl]!
2020-08-11 01:39:02,670 Saving new checkpoint.
2020-08-11 01:39:07,359 Example #0
2020-08-11 01:39:07,359 	Raw source:     ['hello', '.']
2020-08-11 01:39:07,359 	Raw hypothesis: ['hallo', '.']
2020-08-11 01:39:07,359 	Source:     hello .
2020-08-11 01:39:07,359 	Reference:  hallo ,
2020-08-11 01:39:07,360 	Hypothesis: hallo .
2020-08-11 01:39:07,360 Example #1
2020-08-11 01:39:07,360 	Raw source:     ['hi', ',', 'how', 'can', 'i', 'help', 'you', '?']
2020-08-11 01:39:07,360 	Raw hypothesis: ['hallo', ',', 'wie', 'kann', 'ich', 'ihnen', 'helfen', '?']
2020-08-11 01:39:07,360 	Source:     hi , how can i help you ?
2020-08-11 01:39:07,360 	Reference:  hallo , wie kann ich ihnen helfen ?
2020-08-11 01:39:07,360 	Hypothesis: hallo , wie kann ich ihnen helfen ?
2020-08-11 01:39:07,360 Example #2
2020-08-11 01:39:07,360 	Raw source:     ['hi', ',', 'i', '&apos;m', 'looking', 'for', 'a', 'restaurant', 'inside', 'the', 'arden', 'fair', 'mall', 'in', 'san', 'francisco', ',', 'california', '.']
2020-08-11 01:39:07,360 	Raw hypothesis: ['hallo', ',', 'ich', 'suche', 'ein', 'restaurant', 'in', 'san', 'francisco', ',', 'kalifornien', ',', 'kalifornien', ',', 'kalifornien', ',', 'in', 'san', 'francisco', ',', 'kalifornien', ',', 'kalifornien', ',', 'kalifornien', ',', 'kalifornien', ',', 'kalifornien', ',', 'kalifornien', ',', 'kalifornien', ',', 'kalifornien', ',', 'kalifornien', ',', 'kalifornien', ',', 'kalifornien', ',', 'kalifornien', ',', 'kalifornien', ',', 'kalifornien', ',', 'kalifornien', ',', 'kalifornien', ',', 'kalifornien', ',', 'kalifornien', ',', 'kalifornien', ',', 'kalifornien', ',', 'kalifornien', ',', 'kalifornien', ',', 'kalifornien', ',', 'kalifornien', ',', 'kalifornien', ',', 'kalifornien', ',', 'kalifornien', ',', 'kalifornien', ',', 'kalifornien', ',', 'kalifornien', ',', 'kalifornien', ',', 'kalifornien', ',', 'kalifornien', ',', 'kalifornien', ',', 'kalifornien', ',', 'kalifornien', ',', 'kalifornien', ',', 'kalifornien', ',', 'kalifornien', ',', 'kalifornien', ',']
2020-08-11 01:39:07,360 	Source:     hi , i &apos;m looking for a restaurant inside the arden fair mall in san francisco , california .
2020-08-11 01:39:07,360 	Reference:  hallo , ich bin auf der suche nach einem restaurant im arden fair einkaufszentrum in san francisco , kalifornien .
2020-08-11 01:39:07,360 	Hypothesis: hallo , ich suche ein restaurant in san francisco , kalifornien , kalifornien , kalifornien , in san francisco , kalifornien , kalifornien , kalifornien , kalifornien , kalifornien , kalifornien , kalifornien , kalifornien , kalifornien , kalifornien , kalifornien , kalifornien , kalifornien , kalifornien , kalifornien , kalifornien , kalifornien , kalifornien , kalifornien , kalifornien , kalifornien , kalifornien , kalifornien , kalifornien , kalifornien , kalifornien , kalifornien , kalifornien , kalifornien , kalifornien , kalifornien , kalifornien , kalifornien , kalifornien , kalifornien , kalifornien , kalifornien , kalifornien , kalifornien , kalifornien ,
2020-08-11 01:39:07,360 Example #3
2020-08-11 01:39:07,360 	Raw source:     ['ok', ',', 'what', 'type', 'of', 'restaurant', 'are', 'you', 'looking', 'for', '?']
2020-08-11 01:39:07,360 	Raw hypothesis: ['ok', ',', 'nach', 'welcher', 'art', 'von', 'restaurant', 'suchen', 'sie', '?']
2020-08-11 01:39:07,360 	Source:     ok , what type of restaurant are you looking for ?
2020-08-11 01:39:07,361 	Reference:  ok . welche art von restaurant suchen sie denn genau ?
2020-08-11 01:39:07,361 	Hypothesis: ok , nach welcher art von restaurant suchen sie ?
2020-08-11 01:39:07,361 Validation result (greedy) at epoch   9, step      800: bleu:  20.01, loss: 15812.3418, ppl:  11.8305, duration: 42.7753s
2020-08-11 01:39:19,123 Epoch   9: total training loss 113.52
2020-08-11 01:39:19,123 EPOCH 10
2020-08-11 01:39:20,679 Epoch  10 Step:      900 Batch Loss:     1.197804 Tokens per Sec:     5009, Lr: 0.000200
2020-08-11 01:39:32,168 Epoch  10: total training loss 93.77
2020-08-11 01:39:32,168 EPOCH 11
2020-08-11 01:39:33,790 Epoch  11 Step:     1000 Batch Loss:     0.690701 Tokens per Sec:     4783, Lr: 0.000200
2020-08-11 01:39:50,121 Hooray! New best validation result [ppl]!
2020-08-11 01:39:50,122 Saving new checkpoint.
2020-08-11 01:39:54,788 Example #0
2020-08-11 01:39:54,789 	Raw source:     ['hello', '.']
2020-08-11 01:39:54,789 	Raw hypothesis: ['hallo', ',']
2020-08-11 01:39:54,789 	Source:     hello .
2020-08-11 01:39:54,789 	Reference:  hallo ,
2020-08-11 01:39:54,789 	Hypothesis: hallo ,
2020-08-11 01:39:54,789 Example #1
2020-08-11 01:39:54,789 	Raw source:     ['hi', ',', 'how', 'can', 'i', 'help', 'you', '?']
2020-08-11 01:39:54,789 	Raw hypothesis: ['hallo', ',', 'wie', 'kann', 'ich', 'ihnen', 'helfen', '?']
2020-08-11 01:39:54,789 	Source:     hi , how can i help you ?
2020-08-11 01:39:54,789 	Reference:  hallo , wie kann ich ihnen helfen ?
2020-08-11 01:39:54,789 	Hypothesis: hallo , wie kann ich ihnen helfen ?
2020-08-11 01:39:54,789 Example #2
2020-08-11 01:39:54,789 	Raw source:     ['hi', ',', 'i', '&apos;m', 'looking', 'for', 'a', 'restaurant', 'inside', 'the', 'arden', 'fair', 'mall', 'in', 'san', 'francisco', ',', 'california', '.']
2020-08-11 01:39:54,789 	Raw hypothesis: ['hallo', ',', 'ich', 'suche', 'ein', 'restaurant', 'in', 'san', 'francisco', ',', 'kalifornien', ',', 'in', 'san', 'francisco', ',', 'kalifornien', '.']
2020-08-11 01:39:54,789 	Source:     hi , i &apos;m looking for a restaurant inside the arden fair mall in san francisco , california .
2020-08-11 01:39:54,789 	Reference:  hallo , ich bin auf der suche nach einem restaurant im arden fair einkaufszentrum in san francisco , kalifornien .
2020-08-11 01:39:54,789 	Hypothesis: hallo , ich suche ein restaurant in san francisco , kalifornien , in san francisco , kalifornien .
2020-08-11 01:39:54,789 Example #3
2020-08-11 01:39:54,789 	Raw source:     ['ok', ',', 'what', 'type', 'of', 'restaurant', 'are', 'you', 'looking', 'for', '?']
2020-08-11 01:39:54,789 	Raw hypothesis: ['ok', ',', 'nach', 'welcher', 'art', 'von', 'restaurant', 'suchen', 'sie', '?']
2020-08-11 01:39:54,789 	Source:     ok , what type of restaurant are you looking for ?
2020-08-11 01:39:54,789 	Reference:  ok . welche art von restaurant suchen sie denn genau ?
2020-08-11 01:39:54,789 	Hypothesis: ok , nach welcher art von restaurant suchen sie ?
2020-08-11 01:39:54,789 Validation result (greedy) at epoch  11, step     1000: bleu:  32.96, loss: 15172.5371, ppl:  10.7050, duration: 20.9991s
2020-08-11 01:40:06,138 Epoch  11: total training loss 74.47
2020-08-11 01:40:06,139 EPOCH 12
2020-08-11 01:40:07,934 Epoch  12 Step:     1100 Batch Loss:     0.515891 Tokens per Sec:     5048, Lr: 0.000200
2020-08-11 01:40:19,141 Epoch  12: total training loss 69.20
2020-08-11 01:40:19,141 EPOCH 13
2020-08-11 01:40:21,051 Epoch  13 Step:     1200 Batch Loss:     0.505760 Tokens per Sec:     5111, Lr: 0.000200
2020-08-11 01:40:38,346 Example #0
2020-08-11 01:40:38,346 	Raw source:     ['hello', '.']
2020-08-11 01:40:38,346 	Raw hypothesis: ['hallo', '.']
2020-08-11 01:40:38,346 	Source:     hello .
2020-08-11 01:40:38,346 	Reference:  hallo ,
2020-08-11 01:40:38,346 	Hypothesis: hallo .
2020-08-11 01:40:38,346 Example #1
2020-08-11 01:40:38,346 	Raw source:     ['hi', ',', 'how', 'can', 'i', 'help', 'you', '?']
2020-08-11 01:40:38,346 	Raw hypothesis: ['hallo', ',', 'wie', 'kann', 'ich', 'ihnen', 'helfen', '?']
2020-08-11 01:40:38,346 	Source:     hi , how can i help you ?
2020-08-11 01:40:38,346 	Reference:  hallo , wie kann ich ihnen helfen ?
2020-08-11 01:40:38,346 	Hypothesis: hallo , wie kann ich ihnen helfen ?
2020-08-11 01:40:38,347 Example #2
2020-08-11 01:40:38,347 	Raw source:     ['hi', ',', 'i', '&apos;m', 'looking', 'for', 'a', 'restaurant', 'inside', 'the', 'arden', 'fair', 'mall', 'in', 'san', 'francisco', ',', 'california', '.']
2020-08-11 01:40:38,347 	Raw hypothesis: ['hallo', ',', 'ich', 'suche', 'ein', 'restaurant', 'zum', 'abendessen', 'in', 'san', 'francisco', ',', 'kalifornien', '.']
2020-08-11 01:40:38,347 	Source:     hi , i &apos;m looking for a restaurant inside the arden fair mall in san francisco , california .
2020-08-11 01:40:38,347 	Reference:  hallo , ich bin auf der suche nach einem restaurant im arden fair einkaufszentrum in san francisco , kalifornien .
2020-08-11 01:40:38,347 	Hypothesis: hallo , ich suche ein restaurant zum abendessen in san francisco , kalifornien .
2020-08-11 01:40:38,347 Example #3
2020-08-11 01:40:38,347 	Raw source:     ['ok', ',', 'what', 'type', 'of', 'restaurant', 'are', 'you', 'looking', 'for', '?']
2020-08-11 01:40:38,347 	Raw hypothesis: ['ok', ',', 'nach', 'welcher', 'art', 'von', 'restaurant', 'suchen', 'sie', '?']
2020-08-11 01:40:38,347 	Source:     ok , what type of restaurant are you looking for ?
2020-08-11 01:40:38,347 	Reference:  ok . welche art von restaurant suchen sie denn genau ?
2020-08-11 01:40:38,347 	Hypothesis: ok , nach welcher art von restaurant suchen sie ?
2020-08-11 01:40:38,347 Validation result (greedy) at epoch  13, step     1200: bleu:  32.56, loss: 15367.3389, ppl:  11.0358, duration: 17.2959s
2020-08-11 01:40:49,366 Epoch  13: total training loss 59.77
2020-08-11 01:40:49,366 EPOCH 14
2020-08-11 01:40:51,180 Epoch  14 Step:     1300 Batch Loss:     0.186868 Tokens per Sec:     4849, Lr: 0.000200
2020-08-11 01:41:02,295 Epoch  14: total training loss 51.27
2020-08-11 01:41:02,295 EPOCH 15
2020-08-11 01:41:04,237 Epoch  15 Step:     1400 Batch Loss:     0.298161 Tokens per Sec:     4991, Lr: 0.000200
2020-08-11 01:41:17,897 Example #0
2020-08-11 01:41:17,897 	Raw source:     ['hello', '.']
2020-08-11 01:41:17,897 	Raw hypothesis: ['hallo', '.']
2020-08-11 01:41:17,897 	Source:     hello .
2020-08-11 01:41:17,897 	Reference:  hallo ,
2020-08-11 01:41:17,897 	Hypothesis: hallo .
2020-08-11 01:41:17,897 Example #1
2020-08-11 01:41:17,897 	Raw source:     ['hi', ',', 'how', 'can', 'i', 'help', 'you', '?']
2020-08-11 01:41:17,897 	Raw hypothesis: ['hallo', ',', 'wie', 'kann', 'ich', 'ihnen', 'helfen', '?']
2020-08-11 01:41:17,897 	Source:     hi , how can i help you ?
2020-08-11 01:41:17,897 	Reference:  hallo , wie kann ich ihnen helfen ?
2020-08-11 01:41:17,897 	Hypothesis: hallo , wie kann ich ihnen helfen ?
2020-08-11 01:41:17,897 Example #2
2020-08-11 01:41:17,897 	Raw source:     ['hi', ',', 'i', '&apos;m', 'looking', 'for', 'a', 'restaurant', 'inside', 'the', 'arden', 'fair', 'mall', 'in', 'san', 'francisco', ',', 'california', '.']
2020-08-11 01:41:17,897 	Raw hypothesis: ['hallo', ',', 'ich', 'suche', 'ein', 'restaurant', 'in', 'san', 'francisco', ',', 'kalifornien', ',', 'in', 'san', 'francisco', ',', 'kalifornien', ',', 'in', 'san', 'francisco', ',', 'kalifornien', '.']
2020-08-11 01:41:17,897 	Source:     hi , i &apos;m looking for a restaurant inside the arden fair mall in san francisco , california .
2020-08-11 01:41:17,897 	Reference:  hallo , ich bin auf der suche nach einem restaurant im arden fair einkaufszentrum in san francisco , kalifornien .
2020-08-11 01:41:17,897 	Hypothesis: hallo , ich suche ein restaurant in san francisco , kalifornien , in san francisco , kalifornien , in san francisco , kalifornien .
2020-08-11 01:41:17,897 Example #3
2020-08-11 01:41:17,897 	Raw source:     ['ok', ',', 'what', 'type', 'of', 'restaurant', 'are', 'you', 'looking', 'for', '?']
2020-08-11 01:41:17,898 	Raw hypothesis: ['ok', ',', 'nach', 'welcher', 'art', 'von', 'restaurant', 'suchen', 'sie', '?']
2020-08-11 01:41:17,898 	Source:     ok , what type of restaurant are you looking for ?
2020-08-11 01:41:17,898 	Reference:  ok . welche art von restaurant suchen sie denn genau ?
2020-08-11 01:41:17,898 	Hypothesis: ok , nach welcher art von restaurant suchen sie ?
2020-08-11 01:41:17,898 Validation result (greedy) at epoch  15, step     1400: bleu:  34.47, loss: 15623.4307, ppl:  11.4864, duration: 13.6603s
2020-08-11 01:41:28,900 Epoch  15: total training loss 38.53
2020-08-11 01:41:28,901 EPOCH 16
2020-08-11 01:41:31,093 Epoch  16 Step:     1500 Batch Loss:     0.524136 Tokens per Sec:     4938, Lr: 0.000200
2020-08-11 01:41:41,795 Epoch  16: total training loss 31.09
2020-08-11 01:41:41,795 EPOCH 17
2020-08-11 01:41:44,107 Epoch  17 Step:     1600 Batch Loss:     0.224150 Tokens per Sec:     4941, Lr: 0.000200
2020-08-11 01:42:02,964 Example #0
2020-08-11 01:42:02,964 	Raw source:     ['hello', '.']
2020-08-11 01:42:02,964 	Raw hypothesis: ['hallo', '.']
2020-08-11 01:42:02,964 	Source:     hello .
2020-08-11 01:42:02,964 	Reference:  hallo ,
2020-08-11 01:42:02,964 	Hypothesis: hallo .
2020-08-11 01:42:02,964 Example #1
2020-08-11 01:42:02,964 	Raw source:     ['hi', ',', 'how', 'can', 'i', 'help', 'you', '?']
2020-08-11 01:42:02,964 	Raw hypothesis: ['hallo', ',', 'wie', 'kann', 'ich', 'ihnen', 'helfen', '?']
2020-08-11 01:42:02,964 	Source:     hi , how can i help you ?
2020-08-11 01:42:02,964 	Reference:  hallo , wie kann ich ihnen helfen ?
2020-08-11 01:42:02,964 	Hypothesis: hallo , wie kann ich ihnen helfen ?
2020-08-11 01:42:02,964 Example #2
2020-08-11 01:42:02,964 	Raw source:     ['hi', ',', 'i', '&apos;m', 'looking', 'for', 'a', 'restaurant', 'inside', 'the', 'arden', 'fair', 'mall', 'in', 'san', 'francisco', ',', 'california', '.']
2020-08-11 01:42:02,964 	Raw hypothesis: ['hallo', ',', 'ich', 'suche', 'ein', 'restaurant', 'in', 'sacramento', ',', 'kalifornien', ',', 'in', 'san', 'francisco', ',', 'kalifornien', ',', 'kalifornien', '.']
2020-08-11 01:42:02,964 	Source:     hi , i &apos;m looking for a restaurant inside the arden fair mall in san francisco , california .
2020-08-11 01:42:02,964 	Reference:  hallo , ich bin auf der suche nach einem restaurant im arden fair einkaufszentrum in san francisco , kalifornien .
2020-08-11 01:42:02,964 	Hypothesis: hallo , ich suche ein restaurant in sacramento , kalifornien , in san francisco , kalifornien , kalifornien .
2020-08-11 01:42:02,965 Example #3
2020-08-11 01:42:02,965 	Raw source:     ['ok', ',', 'what', 'type', 'of', 'restaurant', 'are', 'you', 'looking', 'for', '?']
2020-08-11 01:42:02,965 	Raw hypothesis: ['ok', ',', 'nach', 'welcher', 'art', 'von', 'restaurant', 'suchen', 'sie', '?']
2020-08-11 01:42:02,965 	Source:     ok , what type of restaurant are you looking for ?
2020-08-11 01:42:02,965 	Reference:  ok . welche art von restaurant suchen sie denn genau ?
2020-08-11 01:42:02,965 	Hypothesis: ok , nach welcher art von restaurant suchen sie ?
2020-08-11 01:42:02,965 Validation result (greedy) at epoch  17, step     1600: bleu:  33.33, loss: 15437.7461, ppl:  11.1579, duration: 18.8571s
2020-08-11 01:42:13,500 Epoch  17: total training loss 29.00
2020-08-11 01:42:13,500 EPOCH 18
2020-08-11 01:42:16,006 Epoch  18 Step:     1700 Batch Loss:     0.216234 Tokens per Sec:     5060, Lr: 0.000200
2020-08-11 01:42:26,437 Epoch  18: total training loss 25.49
2020-08-11 01:42:26,438 EPOCH 19
2020-08-11 01:42:29,100 Epoch  19 Step:     1800 Batch Loss:     0.423483 Tokens per Sec:     4970, Lr: 0.000200
2020-08-11 01:42:43,146 Example #0
2020-08-11 01:42:43,146 	Raw source:     ['hello', '.']
2020-08-11 01:42:43,146 	Raw hypothesis: ['hallo', '!']
2020-08-11 01:42:43,147 	Source:     hello .
2020-08-11 01:42:43,147 	Reference:  hallo ,
2020-08-11 01:42:43,147 	Hypothesis: hallo !
2020-08-11 01:42:43,147 Example #1
2020-08-11 01:42:43,147 	Raw source:     ['hi', ',', 'how', 'can', 'i', 'help', 'you', '?']
2020-08-11 01:42:43,147 	Raw hypothesis: ['hallo', ',', 'wie', 'kann', 'ich', 'ihnen', 'helfen', '?']
2020-08-11 01:42:43,147 	Source:     hi , how can i help you ?
2020-08-11 01:42:43,147 	Reference:  hallo , wie kann ich ihnen helfen ?
2020-08-11 01:42:43,147 	Hypothesis: hallo , wie kann ich ihnen helfen ?
2020-08-11 01:42:43,147 Example #2
2020-08-11 01:42:43,147 	Raw source:     ['hi', ',', 'i', '&apos;m', 'looking', 'for', 'a', 'restaurant', 'inside', 'the', 'arden', 'fair', 'mall', 'in', 'san', 'francisco', ',', 'california', '.']
2020-08-11 01:42:43,147 	Raw hypothesis: ['hallo', ',', 'ich', 'suche', 'ein', 'restaurant', 'in', 'san', 'francisco', ',', 'kalifornien', ',', 'in', 'san', 'francisco', ',', 'kalifornien', ',', 'in', 'san', 'francisco', ',', 'kalifornien', ',', 'in', 'san', 'francisco', '.']
2020-08-11 01:42:43,147 	Source:     hi , i &apos;m looking for a restaurant inside the arden fair mall in san francisco , california .
2020-08-11 01:42:43,147 	Reference:  hallo , ich bin auf der suche nach einem restaurant im arden fair einkaufszentrum in san francisco , kalifornien .
2020-08-11 01:42:43,147 	Hypothesis: hallo , ich suche ein restaurant in san francisco , kalifornien , in san francisco , kalifornien , in san francisco , kalifornien , in san francisco .
2020-08-11 01:42:43,147 Example #3
2020-08-11 01:42:43,147 	Raw source:     ['ok', ',', 'what', 'type', 'of', 'restaurant', 'are', 'you', 'looking', 'for', '?']
2020-08-11 01:42:43,147 	Raw hypothesis: ['ok', ',', 'nach', 'welcher', 'art', 'von', 'restaurant', 'suchen', 'sie', '?']
2020-08-11 01:42:43,147 	Source:     ok , what type of restaurant are you looking for ?
2020-08-11 01:42:43,147 	Reference:  ok . welche art von restaurant suchen sie denn genau ?
2020-08-11 01:42:43,147 	Hypothesis: ok , nach welcher art von restaurant suchen sie ?
2020-08-11 01:42:43,147 Validation result (greedy) at epoch  19, step     1800: bleu:  34.15, loss: 15442.6777, ppl:  11.1665, duration: 14.0474s
2020-08-11 01:42:53,297 Epoch  19: total training loss 22.88
2020-08-11 01:42:53,297 EPOCH 20
2020-08-11 01:42:56,164 Epoch  20 Step:     1900 Batch Loss:     0.239783 Tokens per Sec:     5001, Lr: 0.000200
2020-08-11 01:43:06,400 Epoch  20: total training loss 23.05
2020-08-11 01:43:06,400 Training ended after  20 epochs.
2020-08-11 01:43:06,400 Best validation result (greedy) at step     1000:  10.70 ppl.
