2020-08-09 21:53:26,915 Hello! This is Joey-NMT.
2020-08-09 21:53:28,370 Total params: 3795840
2020-08-09 21:53:28,371 Trainable parameters: ['decoder.layer_norm.bias', 'decoder.layer_norm.weight', 'decoder.layers.0.dec_layer_norm.bias', 'decoder.layers.0.dec_layer_norm.weight', 'decoder.layers.0.feed_forward.layer_norm.bias', 'decoder.layers.0.feed_forward.layer_norm.weight', 'decoder.layers.0.feed_forward.pwff_layer.0.bias', 'decoder.layers.0.feed_forward.pwff_layer.0.weight', 'decoder.layers.0.feed_forward.pwff_layer.3.bias', 'decoder.layers.0.feed_forward.pwff_layer.3.weight', 'decoder.layers.0.src_trg_att.k_layer.bias', 'decoder.layers.0.src_trg_att.k_layer.weight', 'decoder.layers.0.src_trg_att.output_layer.bias', 'decoder.layers.0.src_trg_att.output_layer.weight', 'decoder.layers.0.src_trg_att.q_layer.bias', 'decoder.layers.0.src_trg_att.q_layer.weight', 'decoder.layers.0.src_trg_att.v_layer.bias', 'decoder.layers.0.src_trg_att.v_layer.weight', 'decoder.layers.0.trg_trg_att.k_layer.bias', 'decoder.layers.0.trg_trg_att.k_layer.weight', 'decoder.layers.0.trg_trg_att.output_layer.bias', 'decoder.layers.0.trg_trg_att.output_layer.weight', 'decoder.layers.0.trg_trg_att.q_layer.bias', 'decoder.layers.0.trg_trg_att.q_layer.weight', 'decoder.layers.0.trg_trg_att.v_layer.bias', 'decoder.layers.0.trg_trg_att.v_layer.weight', 'decoder.layers.0.x_layer_norm.bias', 'decoder.layers.0.x_layer_norm.weight', 'decoder.layers.1.dec_layer_norm.bias', 'decoder.layers.1.dec_layer_norm.weight', 'decoder.layers.1.feed_forward.layer_norm.bias', 'decoder.layers.1.feed_forward.layer_norm.weight', 'decoder.layers.1.feed_forward.pwff_layer.0.bias', 'decoder.layers.1.feed_forward.pwff_layer.0.weight', 'decoder.layers.1.feed_forward.pwff_layer.3.bias', 'decoder.layers.1.feed_forward.pwff_layer.3.weight', 'decoder.layers.1.src_trg_att.k_layer.bias', 'decoder.layers.1.src_trg_att.k_layer.weight', 'decoder.layers.1.src_trg_att.output_layer.bias', 'decoder.layers.1.src_trg_att.output_layer.weight', 'decoder.layers.1.src_trg_att.q_layer.bias', 'decoder.layers.1.src_trg_att.q_layer.weight', 'decoder.layers.1.src_trg_att.v_layer.bias', 'decoder.layers.1.src_trg_att.v_layer.weight', 'decoder.layers.1.trg_trg_att.k_layer.bias', 'decoder.layers.1.trg_trg_att.k_layer.weight', 'decoder.layers.1.trg_trg_att.output_layer.bias', 'decoder.layers.1.trg_trg_att.output_layer.weight', 'decoder.layers.1.trg_trg_att.q_layer.bias', 'decoder.layers.1.trg_trg_att.q_layer.weight', 'decoder.layers.1.trg_trg_att.v_layer.bias', 'decoder.layers.1.trg_trg_att.v_layer.weight', 'decoder.layers.1.x_layer_norm.bias', 'decoder.layers.1.x_layer_norm.weight', 'decoder.layers.2.dec_layer_norm.bias', 'decoder.layers.2.dec_layer_norm.weight', 'decoder.layers.2.feed_forward.layer_norm.bias', 'decoder.layers.2.feed_forward.layer_norm.weight', 'decoder.layers.2.feed_forward.pwff_layer.0.bias', 'decoder.layers.2.feed_forward.pwff_layer.0.weight', 'decoder.layers.2.feed_forward.pwff_layer.3.bias', 'decoder.layers.2.feed_forward.pwff_layer.3.weight', 'decoder.layers.2.src_trg_att.k_layer.bias', 'decoder.layers.2.src_trg_att.k_layer.weight', 'decoder.layers.2.src_trg_att.output_layer.bias', 'decoder.layers.2.src_trg_att.output_layer.weight', 'decoder.layers.2.src_trg_att.q_layer.bias', 'decoder.layers.2.src_trg_att.q_layer.weight', 'decoder.layers.2.src_trg_att.v_layer.bias', 'decoder.layers.2.src_trg_att.v_layer.weight', 'decoder.layers.2.trg_trg_att.k_layer.bias', 'decoder.layers.2.trg_trg_att.k_layer.weight', 'decoder.layers.2.trg_trg_att.output_layer.bias', 'decoder.layers.2.trg_trg_att.output_layer.weight', 'decoder.layers.2.trg_trg_att.q_layer.bias', 'decoder.layers.2.trg_trg_att.q_layer.weight', 'decoder.layers.2.trg_trg_att.v_layer.bias', 'decoder.layers.2.trg_trg_att.v_layer.weight', 'decoder.layers.2.x_layer_norm.bias', 'decoder.layers.2.x_layer_norm.weight', 'decoder.layers.3.dec_layer_norm.bias', 'decoder.layers.3.dec_layer_norm.weight', 'decoder.layers.3.feed_forward.layer_norm.bias', 'decoder.layers.3.feed_forward.layer_norm.weight', 'decoder.layers.3.feed_forward.pwff_layer.0.bias', 'decoder.layers.3.feed_forward.pwff_layer.0.weight', 'decoder.layers.3.feed_forward.pwff_layer.3.bias', 'decoder.layers.3.feed_forward.pwff_layer.3.weight', 'decoder.layers.3.src_trg_att.k_layer.bias', 'decoder.layers.3.src_trg_att.k_layer.weight', 'decoder.layers.3.src_trg_att.output_layer.bias', 'decoder.layers.3.src_trg_att.output_layer.weight', 'decoder.layers.3.src_trg_att.q_layer.bias', 'decoder.layers.3.src_trg_att.q_layer.weight', 'decoder.layers.3.src_trg_att.v_layer.bias', 'decoder.layers.3.src_trg_att.v_layer.weight', 'decoder.layers.3.trg_trg_att.k_layer.bias', 'decoder.layers.3.trg_trg_att.k_layer.weight', 'decoder.layers.3.trg_trg_att.output_layer.bias', 'decoder.layers.3.trg_trg_att.output_layer.weight', 'decoder.layers.3.trg_trg_att.q_layer.bias', 'decoder.layers.3.trg_trg_att.q_layer.weight', 'decoder.layers.3.trg_trg_att.v_layer.bias', 'decoder.layers.3.trg_trg_att.v_layer.weight', 'decoder.layers.3.x_layer_norm.bias', 'decoder.layers.3.x_layer_norm.weight', 'decoder.layers.4.dec_layer_norm.bias', 'decoder.layers.4.dec_layer_norm.weight', 'decoder.layers.4.feed_forward.layer_norm.bias', 'decoder.layers.4.feed_forward.layer_norm.weight', 'decoder.layers.4.feed_forward.pwff_layer.0.bias', 'decoder.layers.4.feed_forward.pwff_layer.0.weight', 'decoder.layers.4.feed_forward.pwff_layer.3.bias', 'decoder.layers.4.feed_forward.pwff_layer.3.weight', 'decoder.layers.4.src_trg_att.k_layer.bias', 'decoder.layers.4.src_trg_att.k_layer.weight', 'decoder.layers.4.src_trg_att.output_layer.bias', 'decoder.layers.4.src_trg_att.output_layer.weight', 'decoder.layers.4.src_trg_att.q_layer.bias', 'decoder.layers.4.src_trg_att.q_layer.weight', 'decoder.layers.4.src_trg_att.v_layer.bias', 'decoder.layers.4.src_trg_att.v_layer.weight', 'decoder.layers.4.trg_trg_att.k_layer.bias', 'decoder.layers.4.trg_trg_att.k_layer.weight', 'decoder.layers.4.trg_trg_att.output_layer.bias', 'decoder.layers.4.trg_trg_att.output_layer.weight', 'decoder.layers.4.trg_trg_att.q_layer.bias', 'decoder.layers.4.trg_trg_att.q_layer.weight', 'decoder.layers.4.trg_trg_att.v_layer.bias', 'decoder.layers.4.trg_trg_att.v_layer.weight', 'decoder.layers.4.x_layer_norm.bias', 'decoder.layers.4.x_layer_norm.weight', 'decoder.layers.5.dec_layer_norm.bias', 'decoder.layers.5.dec_layer_norm.weight', 'decoder.layers.5.feed_forward.layer_norm.bias', 'decoder.layers.5.feed_forward.layer_norm.weight', 'decoder.layers.5.feed_forward.pwff_layer.0.bias', 'decoder.layers.5.feed_forward.pwff_layer.0.weight', 'decoder.layers.5.feed_forward.pwff_layer.3.bias', 'decoder.layers.5.feed_forward.pwff_layer.3.weight', 'decoder.layers.5.src_trg_att.k_layer.bias', 'decoder.layers.5.src_trg_att.k_layer.weight', 'decoder.layers.5.src_trg_att.output_layer.bias', 'decoder.layers.5.src_trg_att.output_layer.weight', 'decoder.layers.5.src_trg_att.q_layer.bias', 'decoder.layers.5.src_trg_att.q_layer.weight', 'decoder.layers.5.src_trg_att.v_layer.bias', 'decoder.layers.5.src_trg_att.v_layer.weight', 'decoder.layers.5.trg_trg_att.k_layer.bias', 'decoder.layers.5.trg_trg_att.k_layer.weight', 'decoder.layers.5.trg_trg_att.output_layer.bias', 'decoder.layers.5.trg_trg_att.output_layer.weight', 'decoder.layers.5.trg_trg_att.q_layer.bias', 'decoder.layers.5.trg_trg_att.q_layer.weight', 'decoder.layers.5.trg_trg_att.v_layer.bias', 'decoder.layers.5.trg_trg_att.v_layer.weight', 'decoder.layers.5.x_layer_norm.bias', 'decoder.layers.5.x_layer_norm.weight', 'encoder.layer_norm.bias', 'encoder.layer_norm.weight', 'encoder.layers.0.feed_forward.layer_norm.bias', 'encoder.layers.0.feed_forward.layer_norm.weight', 'encoder.layers.0.feed_forward.pwff_layer.0.bias', 'encoder.layers.0.feed_forward.pwff_layer.0.weight', 'encoder.layers.0.feed_forward.pwff_layer.3.bias', 'encoder.layers.0.feed_forward.pwff_layer.3.weight', 'encoder.layers.0.layer_norm.bias', 'encoder.layers.0.layer_norm.weight', 'encoder.layers.0.src_src_att.k_layer.bias', 'encoder.layers.0.src_src_att.k_layer.weight', 'encoder.layers.0.src_src_att.output_layer.bias', 'encoder.layers.0.src_src_att.output_layer.weight', 'encoder.layers.0.src_src_att.q_layer.bias', 'encoder.layers.0.src_src_att.q_layer.weight', 'encoder.layers.0.src_src_att.v_layer.bias', 'encoder.layers.0.src_src_att.v_layer.weight', 'encoder.layers.1.feed_forward.layer_norm.bias', 'encoder.layers.1.feed_forward.layer_norm.weight', 'encoder.layers.1.feed_forward.pwff_layer.0.bias', 'encoder.layers.1.feed_forward.pwff_layer.0.weight', 'encoder.layers.1.feed_forward.pwff_layer.3.bias', 'encoder.layers.1.feed_forward.pwff_layer.3.weight', 'encoder.layers.1.layer_norm.bias', 'encoder.layers.1.layer_norm.weight', 'encoder.layers.1.src_src_att.k_layer.bias', 'encoder.layers.1.src_src_att.k_layer.weight', 'encoder.layers.1.src_src_att.output_layer.bias', 'encoder.layers.1.src_src_att.output_layer.weight', 'encoder.layers.1.src_src_att.q_layer.bias', 'encoder.layers.1.src_src_att.q_layer.weight', 'encoder.layers.1.src_src_att.v_layer.bias', 'encoder.layers.1.src_src_att.v_layer.weight', 'encoder.layers.2.feed_forward.layer_norm.bias', 'encoder.layers.2.feed_forward.layer_norm.weight', 'encoder.layers.2.feed_forward.pwff_layer.0.bias', 'encoder.layers.2.feed_forward.pwff_layer.0.weight', 'encoder.layers.2.feed_forward.pwff_layer.3.bias', 'encoder.layers.2.feed_forward.pwff_layer.3.weight', 'encoder.layers.2.layer_norm.bias', 'encoder.layers.2.layer_norm.weight', 'encoder.layers.2.src_src_att.k_layer.bias', 'encoder.layers.2.src_src_att.k_layer.weight', 'encoder.layers.2.src_src_att.output_layer.bias', 'encoder.layers.2.src_src_att.output_layer.weight', 'encoder.layers.2.src_src_att.q_layer.bias', 'encoder.layers.2.src_src_att.q_layer.weight', 'encoder.layers.2.src_src_att.v_layer.bias', 'encoder.layers.2.src_src_att.v_layer.weight', 'encoder.layers.3.feed_forward.layer_norm.bias', 'encoder.layers.3.feed_forward.layer_norm.weight', 'encoder.layers.3.feed_forward.pwff_layer.0.bias', 'encoder.layers.3.feed_forward.pwff_layer.0.weight', 'encoder.layers.3.feed_forward.pwff_layer.3.bias', 'encoder.layers.3.feed_forward.pwff_layer.3.weight', 'encoder.layers.3.layer_norm.bias', 'encoder.layers.3.layer_norm.weight', 'encoder.layers.3.src_src_att.k_layer.bias', 'encoder.layers.3.src_src_att.k_layer.weight', 'encoder.layers.3.src_src_att.output_layer.bias', 'encoder.layers.3.src_src_att.output_layer.weight', 'encoder.layers.3.src_src_att.q_layer.bias', 'encoder.layers.3.src_src_att.q_layer.weight', 'encoder.layers.3.src_src_att.v_layer.bias', 'encoder.layers.3.src_src_att.v_layer.weight', 'encoder.layers.4.feed_forward.layer_norm.bias', 'encoder.layers.4.feed_forward.layer_norm.weight', 'encoder.layers.4.feed_forward.pwff_layer.0.bias', 'encoder.layers.4.feed_forward.pwff_layer.0.weight', 'encoder.layers.4.feed_forward.pwff_layer.3.bias', 'encoder.layers.4.feed_forward.pwff_layer.3.weight', 'encoder.layers.4.layer_norm.bias', 'encoder.layers.4.layer_norm.weight', 'encoder.layers.4.src_src_att.k_layer.bias', 'encoder.layers.4.src_src_att.k_layer.weight', 'encoder.layers.4.src_src_att.output_layer.bias', 'encoder.layers.4.src_src_att.output_layer.weight', 'encoder.layers.4.src_src_att.q_layer.bias', 'encoder.layers.4.src_src_att.q_layer.weight', 'encoder.layers.4.src_src_att.v_layer.bias', 'encoder.layers.4.src_src_att.v_layer.weight', 'encoder.layers.5.feed_forward.layer_norm.bias', 'encoder.layers.5.feed_forward.layer_norm.weight', 'encoder.layers.5.feed_forward.pwff_layer.0.bias', 'encoder.layers.5.feed_forward.pwff_layer.0.weight', 'encoder.layers.5.feed_forward.pwff_layer.3.bias', 'encoder.layers.5.feed_forward.pwff_layer.3.weight', 'encoder.layers.5.layer_norm.bias', 'encoder.layers.5.layer_norm.weight', 'encoder.layers.5.src_src_att.k_layer.bias', 'encoder.layers.5.src_src_att.k_layer.weight', 'encoder.layers.5.src_src_att.output_layer.bias', 'encoder.layers.5.src_src_att.output_layer.weight', 'encoder.layers.5.src_src_att.q_layer.bias', 'encoder.layers.5.src_src_att.q_layer.weight', 'encoder.layers.5.src_src_att.v_layer.bias', 'encoder.layers.5.src_src_att.v_layer.weight', 'src_embed.lut.weight', 'trg_embed.lut.weight']
2020-08-09 21:53:32,275 cfg.data.dev                       : chatnmt/multi_encoder/dev_subset.tags.bpe.10000
2020-08-09 21:53:32,275 cfg.data.level                     : bpe
2020-08-09 21:53:32,275 cfg.data.lowercase                 : False
2020-08-09 21:53:32,275 cfg.data.max_sent_length           : 100
2020-08-09 21:53:32,275 cfg.data.src                       : en
2020-08-09 21:53:32,275 cfg.data.test                      : chatnmt/multi_encoder/test.tags.bpe.10000
2020-08-09 21:53:32,275 cfg.data.train                     : chatnmt/multi_encoder/train_subset.tags.bpe.10000
2020-08-09 21:53:32,275 cfg.data.trg                       : de
2020-08-09 21:53:32,275 cfg.model.bias_initializer         : zeros
2020-08-09 21:53:32,275 cfg.model.decoder.dropout          : 0.1
2020-08-09 21:53:32,275 cfg.model.decoder.embeddings.dropout : 0.0
2020-08-09 21:53:32,275 cfg.model.decoder.embeddings.embedding_dim : 128
2020-08-09 21:53:32,275 cfg.model.decoder.embeddings.scale : True
2020-08-09 21:53:32,276 cfg.model.decoder.ff_size          : 512
2020-08-09 21:53:32,276 cfg.model.decoder.freeze           : False
2020-08-09 21:53:32,276 cfg.model.decoder.hidden_size      : 128
2020-08-09 21:53:32,276 cfg.model.decoder.num_heads        : 8
2020-08-09 21:53:32,276 cfg.model.decoder.num_layers       : 6
2020-08-09 21:53:32,276 cfg.model.decoder.type             : transformer
2020-08-09 21:53:32,276 cfg.model.embed_init_gain          : 1.0
2020-08-09 21:53:32,276 cfg.model.embed_initializer        : xavier
2020-08-09 21:53:32,276 cfg.model.encoder.dropout          : 0.2
2020-08-09 21:53:32,276 cfg.model.encoder.embeddings.dropout : 0.0
2020-08-09 21:53:32,276 cfg.model.encoder.embeddings.embedding_dim : 128
2020-08-09 21:53:32,276 cfg.model.encoder.embeddings.scale : True
2020-08-09 21:53:32,276 cfg.model.encoder.ff_size          : 512
2020-08-09 21:53:32,276 cfg.model.encoder.freeze           : False
2020-08-09 21:53:32,276 cfg.model.encoder.hidden_size      : 128
2020-08-09 21:53:32,276 cfg.model.encoder.multi_encoder    : False
2020-08-09 21:53:32,276 cfg.model.encoder.num_heads        : 8
2020-08-09 21:53:32,276 cfg.model.encoder.num_layers       : 6
2020-08-09 21:53:32,276 cfg.model.encoder.type             : transformer
2020-08-09 21:53:32,276 cfg.model.init_gain                : 1.0
2020-08-09 21:53:32,276 cfg.model.initializer              : xavier
2020-08-09 21:53:32,276 cfg.model.tied_embeddings          : False
2020-08-09 21:53:32,276 cfg.model.tied_softmax             : True
2020-08-09 21:53:32,276 cfg.name                           : transformer
2020-08-09 21:53:32,276 cfg.testing.alpha                  : 1.0
2020-08-09 21:53:32,276 cfg.testing.beam_size              : 5
2020-08-09 21:53:32,276 cfg.training.adam_betas            : [0.9, 0.999]
2020-08-09 21:53:32,276 cfg.training.batch_multiplier      : 1
2020-08-09 21:53:32,276 cfg.training.batch_size            : 1024
2020-08-09 21:53:32,276 cfg.training.batch_type            : token
2020-08-09 21:53:32,277 cfg.training.decrease_factor       : 0.7
2020-08-09 21:53:32,277 cfg.training.early_stopping_metric : ppl
2020-08-09 21:53:32,277 cfg.training.epochs                : 20
2020-08-09 21:53:32,277 cfg.training.eval_metric           : bleu
2020-08-09 21:53:32,277 cfg.training.keep_last_ckpts       : 3
2020-08-09 21:53:32,277 cfg.training.label_smoothing       : 0.1
2020-08-09 21:53:32,277 cfg.training.learning_rate         : 0.0002
2020-08-09 21:53:32,277 cfg.training.learning_rate_min     : 1e-08
2020-08-09 21:53:32,277 cfg.training.logging_freq          : 100
2020-08-09 21:53:32,277 cfg.training.loss                  : crossentropy
2020-08-09 21:53:32,277 cfg.training.max_output_length     : 100
2020-08-09 21:53:32,277 cfg.training.model_dir             : models/viznet/attempt2/8_8_0.2_128_128_1024_6_6
2020-08-09 21:53:32,277 cfg.training.normalization         : tokens
2020-08-09 21:53:32,277 cfg.training.optimizer             : adam
2020-08-09 21:53:32,277 cfg.training.overwrite             : True
2020-08-09 21:53:32,277 cfg.training.patience              : 8
2020-08-09 21:53:32,277 cfg.training.print_valid_sents     : [0, 1, 2, 3]
2020-08-09 21:53:32,277 cfg.training.random_seed           : 42
2020-08-09 21:53:32,277 cfg.training.scheduling            : plateau
2020-08-09 21:53:32,277 cfg.training.shuffle               : True
2020-08-09 21:53:32,277 cfg.training.use_cuda              : True
2020-08-09 21:53:32,277 cfg.training.validation_freq       : 200
2020-08-09 21:53:32,277 cfg.training.weight_decay          : 0.0
2020-08-09 21:53:32,277 Data set sizes: 
	train 5000,
	valid 500,
	test 1220
2020-08-09 21:53:32,277 First training example:
	[SRC] hi there ! how can i help ?
	[TRG] hallo ! wie kann ich helfen ?
2020-08-09 21:53:32,277 First 10 words (src): (0) <unk> (1) <pad> (2) <s> (3) </s> (4) . (5) , (6) ? (7) you (8) i (9) the
2020-08-09 21:53:32,278 First 10 words (trg): (0) <unk> (1) <pad> (2) <s> (3) </s> (4) . (5) , (6) ? (7) sie (8) ich (9) das
2020-08-09 21:53:32,278 Number of Src words (types): 3468
2020-08-09 21:53:32,278 Number of Trg words (types): 4487
2020-08-09 21:53:32,278 Model(
	encoder=TransformerEncoder(num_layers=6, num_heads=8),
	decoder=TransformerDecoder(num_layers=6, num_heads=8),
	src_embed=Embeddings(embedding_dim=128, vocab_size=3468),
	trg_embed=Embeddings(embedding_dim=128, vocab_size=4487))
2020-08-09 21:53:32,283 EPOCH 1
2020-08-09 21:53:38,519 Epoch   1: total training loss 601.74
2020-08-09 21:53:38,519 EPOCH 2
2020-08-09 21:53:38,657 Epoch   2 Step:      100 Batch Loss:     5.095970 Tokens per Sec:    10154, Lr: 0.000200
2020-08-09 21:53:44,828 Epoch   2: total training loss 503.38
2020-08-09 21:53:44,828 EPOCH 3
2020-08-09 21:53:45,022 Epoch   3 Step:      200 Batch Loss:     4.319988 Tokens per Sec:    10341, Lr: 0.000200
2020-08-09 21:53:49,420 Hooray! New best validation result [ppl]!
2020-08-09 21:53:49,420 Saving new checkpoint.
2020-08-09 21:53:49,546 Example #0
2020-08-09 21:53:49,546 	Raw source:     ['hello', '.']
2020-08-09 21:53:49,546 	Raw hypothesis: ['.']
2020-08-09 21:53:49,546 	Source:     hello .
2020-08-09 21:53:49,546 	Reference:  hallo ,
2020-08-09 21:53:49,546 	Hypothesis: .
2020-08-09 21:53:49,546 Example #1
2020-08-09 21:53:49,546 	Raw source:     ['hi', ',', 'how', 'can', 'i', 'help', 'you', '?']
2020-08-09 21:53:49,546 	Raw hypothesis: [',', ',', ',', ',', ',', ',']
2020-08-09 21:53:49,546 	Source:     hi , how can i help you ?
2020-08-09 21:53:49,546 	Reference:  hallo , wie kann ich ihnen helfen ?
2020-08-09 21:53:49,546 	Hypothesis: , , , , , ,
2020-08-09 21:53:49,546 Example #2
2020-08-09 21:53:49,546 	Raw source:     ['hi', ',', 'i', '&apos;m', 'looking', 'for', 'a', 'restaurant', 'inside', 'the', 'arden', 'fair', 'mall', 'in', 'san', 'francisco', ',', 'california', '.']
2020-08-09 21:53:49,546 	Raw hypothesis: [',', ',', ',', ',', ',', ',', ',', ',', ',', ',', ',', ',', ',', '.']
2020-08-09 21:53:49,547 	Source:     hi , i &apos;m looking for a restaurant inside the arden fair mall in san francisco , california .
2020-08-09 21:53:49,547 	Reference:  hallo , ich bin auf der suche nach einem restaurant im arden fair einkaufszentrum in san francisco , kalifornien .
2020-08-09 21:53:49,547 	Hypothesis: , , , , , , , , , , , , , .
2020-08-09 21:53:49,547 Example #3
2020-08-09 21:53:49,547 	Raw source:     ['ok', ',', 'what', 'type', 'of', 'restaurant', 'are', 'you', 'looking', 'for', '?']
2020-08-09 21:53:49,547 	Raw hypothesis: [',', ',', ',', ',', ',', ',', ',', ',', ',', ',', ',', ',', ',']
2020-08-09 21:53:49,547 	Source:     ok , what type of restaurant are you looking for ?
2020-08-09 21:53:49,547 	Reference:  ok . welche art von restaurant suchen sie denn genau ?
2020-08-09 21:53:49,547 	Hypothesis: , , , , , , , , , , , , ,
2020-08-09 21:53:49,547 Validation result (greedy) at epoch   3, step      200: bleu:   0.00, loss: 32265.0312, ppl: 154.6881, duration: 4.5243s
2020-08-09 21:53:55,633 Epoch   3: total training loss 472.62
2020-08-09 21:53:55,633 EPOCH 4
2020-08-09 21:53:55,894 Epoch   4 Step:      300 Batch Loss:     4.217006 Tokens per Sec:     6257, Lr: 0.000200
2020-08-09 21:54:01,962 Epoch   4: total training loss 448.63
2020-08-09 21:54:01,962 EPOCH 5
2020-08-09 21:54:02,302 Epoch   5 Step:      400 Batch Loss:     3.782449 Tokens per Sec:     8812, Lr: 0.000200
2020-08-09 21:54:12,558 Hooray! New best validation result [ppl]!
2020-08-09 21:54:12,559 Saving new checkpoint.
2020-08-09 21:54:12,684 Example #0
2020-08-09 21:54:12,684 	Raw source:     ['hello', '.']
2020-08-09 21:54:12,685 	Raw hypothesis: ['ja', '.']
2020-08-09 21:54:12,685 	Source:     hello .
2020-08-09 21:54:12,685 	Reference:  hallo ,
2020-08-09 21:54:12,685 	Hypothesis: ja .
2020-08-09 21:54:12,685 Example #1
2020-08-09 21:54:12,685 	Raw source:     ['hi', ',', 'how', 'can', 'i', 'help', 'you', '?']
2020-08-09 21:54:12,685 	Raw hypothesis: ['ich', 'ich', 'ich', 'ich', 'ich', '?']
2020-08-09 21:54:12,685 	Source:     hi , how can i help you ?
2020-08-09 21:54:12,685 	Reference:  hallo , wie kann ich ihnen helfen ?
2020-08-09 21:54:12,685 	Hypothesis: ich ich ich ich ich ?
2020-08-09 21:54:12,685 Example #2
2020-08-09 21:54:12,685 	Raw source:     ['hi', ',', 'i', '&apos;m', 'looking', 'for', 'a', 'restaurant', 'inside', 'the', 'arden', 'fair', 'mall', 'in', 'san', 'francisco', ',', 'california', '.']
2020-08-09 21:54:12,685 	Raw hypothesis: ['ich', 'ich', 'ich', 'ich', 'ich', 'ich', 'ich', 'ich', 'ich', 'ich', 'ich', 'ich', 'ich', 'ich', 'ich', 'ich', 'ich', 'ich', 'ich', 'ich', 'ich', 'ich', 'ich', '.']
2020-08-09 21:54:12,685 	Source:     hi , i &apos;m looking for a restaurant inside the arden fair mall in san francisco , california .
2020-08-09 21:54:12,685 	Reference:  hallo , ich bin auf der suche nach einem restaurant im arden fair einkaufszentrum in san francisco , kalifornien .
2020-08-09 21:54:12,685 	Hypothesis: ich ich ich ich ich ich ich ich ich ich ich ich ich ich ich ich ich ich ich ich ich ich ich .
2020-08-09 21:54:12,685 Example #3
2020-08-09 21:54:12,685 	Raw source:     ['ok', ',', 'what', 'type', 'of', 'restaurant', 'are', 'you', 'looking', 'for', '?']
2020-08-09 21:54:12,685 	Raw hypothesis: ['okay', ',', 'sie', 'sie', 'sie', 'sie', 'sie', '?']
2020-08-09 21:54:12,686 	Source:     ok , what type of restaurant are you looking for ?
2020-08-09 21:54:12,686 	Reference:  ok . welche art von restaurant suchen sie denn genau ?
2020-08-09 21:54:12,686 	Hypothesis: okay , sie sie sie sie sie ?
2020-08-09 21:54:12,686 Validation result (greedy) at epoch   5, step      400: bleu:   0.00, loss: 29203.9785, ppl:  95.8823, duration: 10.3836s
2020-08-09 21:54:18,808 Epoch   5: total training loss 429.48
2020-08-09 21:54:18,808 EPOCH 6
2020-08-09 21:54:19,131 Epoch   6 Step:      500 Batch Loss:     3.540630 Tokens per Sec:     9378, Lr: 0.000200
2020-08-09 21:54:25,158 Epoch   6: total training loss 399.48
2020-08-09 21:54:25,158 EPOCH 7
2020-08-09 21:54:25,623 Epoch   7 Step:      600 Batch Loss:     3.309458 Tokens per Sec:    10299, Lr: 0.000200
2020-08-09 21:54:35,912 Hooray! New best validation result [ppl]!
2020-08-09 21:54:35,912 Saving new checkpoint.
2020-08-09 21:54:36,034 Example #0
2020-08-09 21:54:36,035 	Raw source:     ['hello', '.']
2020-08-09 21:54:36,035 	Raw hypothesis: ['hallo', ',']
2020-08-09 21:54:36,035 	Source:     hello .
2020-08-09 21:54:36,035 	Reference:  hallo ,
2020-08-09 21:54:36,035 	Hypothesis: hallo ,
2020-08-09 21:54:36,035 Example #1
2020-08-09 21:54:36,035 	Raw source:     ['hi', ',', 'how', 'can', 'i', 'help', 'you', '?']
2020-08-09 21:54:36,035 	Raw hypothesis: ['hallo', ',', 'ich', 'ich', 'ihnen', 'ihnen', '?']
2020-08-09 21:54:36,035 	Source:     hi , how can i help you ?
2020-08-09 21:54:36,035 	Reference:  hallo , wie kann ich ihnen helfen ?
2020-08-09 21:54:36,035 	Hypothesis: hallo , ich ich ihnen ihnen ?
2020-08-09 21:54:36,035 Example #2
2020-08-09 21:54:36,035 	Raw source:     ['hi', ',', 'i', '&apos;m', 'looking', 'for', 'a', 'restaurant', 'inside', 'the', 'arden', 'fair', 'mall', 'in', 'san', 'francisco', ',', 'california', '.']
2020-08-09 21:54:36,035 	Raw hypothesis: ['ich', 'ich', 'ich', 'möchte', 'einen', 'einen', 'einen', 'einen', 'einen', 'einen', 'einen', 'einen', 'einen', 'der', 'der', 'der', 'der', 'der', '00', '.']
2020-08-09 21:54:36,035 	Source:     hi , i &apos;m looking for a restaurant inside the arden fair mall in san francisco , california .
2020-08-09 21:54:36,036 	Reference:  hallo , ich bin auf der suche nach einem restaurant im arden fair einkaufszentrum in san francisco , kalifornien .
2020-08-09 21:54:36,036 	Hypothesis: ich ich ich möchte einen einen einen einen einen einen einen einen einen der der der der der 00 .
2020-08-09 21:54:36,036 Example #3
2020-08-09 21:54:36,036 	Raw source:     ['ok', ',', 'what', 'type', 'of', 'restaurant', 'are', 'you', 'looking', 'for', '?']
2020-08-09 21:54:36,036 	Raw hypothesis: ['ok', ',', 'sie', 'sie', 'sie', 'sie', 'sie', '?']
2020-08-09 21:54:36,036 	Source:     ok , what type of restaurant are you looking for ?
2020-08-09 21:54:36,036 	Reference:  ok . welche art von restaurant suchen sie denn genau ?
2020-08-09 21:54:36,036 	Hypothesis: ok , sie sie sie sie sie ?
2020-08-09 21:54:36,036 Validation result (greedy) at epoch   7, step      600: bleu:   0.00, loss: 26893.7949, ppl:  66.8302, duration: 10.4127s
2020-08-09 21:54:41,848 Epoch   7: total training loss 381.22
2020-08-09 21:54:41,848 EPOCH 8
2020-08-09 21:54:42,445 Epoch   8 Step:      700 Batch Loss:     4.272312 Tokens per Sec:     9904, Lr: 0.000200
2020-08-09 21:54:48,405 Epoch   8: total training loss 366.91
2020-08-09 21:54:48,406 EPOCH 9
2020-08-09 21:54:49,080 Epoch   9 Step:      800 Batch Loss:     1.100369 Tokens per Sec:     8886, Lr: 0.000200
2020-08-09 21:55:01,916 Hooray! New best validation result [ppl]!
2020-08-09 21:55:01,916 Saving new checkpoint.
2020-08-09 21:55:02,045 Example #0
2020-08-09 21:55:02,045 	Raw source:     ['hello', '.']
2020-08-09 21:55:02,045 	Raw hypothesis: ['hallo', ',']
2020-08-09 21:55:02,045 	Source:     hello .
2020-08-09 21:55:02,045 	Reference:  hallo ,
2020-08-09 21:55:02,045 	Hypothesis: hallo ,
2020-08-09 21:55:02,045 Example #1
2020-08-09 21:55:02,045 	Raw source:     ['hi', ',', 'how', 'can', 'i', 'help', 'you', '?']
2020-08-09 21:55:02,045 	Raw hypothesis: ['hallo', ',', 'wie', 'kann', 'ich', 'ihnen', 'helfen', '?']
2020-08-09 21:55:02,045 	Source:     hi , how can i help you ?
2020-08-09 21:55:02,046 	Reference:  hallo , wie kann ich ihnen helfen ?
2020-08-09 21:55:02,046 	Hypothesis: hallo , wie kann ich ihnen helfen ?
2020-08-09 21:55:02,046 Example #2
2020-08-09 21:55:02,046 	Raw source:     ['hi', ',', 'i', '&apos;m', 'looking', 'for', 'a', 'restaurant', 'inside', 'the', 'arden', 'fair', 'mall', 'in', 'san', 'francisco', ',', 'california', '.']
2020-08-09 21:55:02,046 	Raw hypothesis: ['ich', 'möchte', 'ein', 'ein', 'ein', 'ein', 'der', 'der', 'der', '00', 'uhr', ',', 'ich', 'möchte', '.']
2020-08-09 21:55:02,046 	Source:     hi , i &apos;m looking for a restaurant inside the arden fair mall in san francisco , california .
2020-08-09 21:55:02,046 	Reference:  hallo , ich bin auf der suche nach einem restaurant im arden fair einkaufszentrum in san francisco , kalifornien .
2020-08-09 21:55:02,046 	Hypothesis: ich möchte ein ein ein ein der der der 00 uhr , ich möchte .
2020-08-09 21:55:02,046 Example #3
2020-08-09 21:55:02,046 	Raw source:     ['ok', ',', 'what', 'type', 'of', 'restaurant', 'are', 'you', 'looking', 'for', '?']
2020-08-09 21:55:02,046 	Raw hypothesis: ['okay', ',', 'welche', 'möchten', 'sie', 'sie', '?']
2020-08-09 21:55:02,046 	Source:     ok , what type of restaurant are you looking for ?
2020-08-09 21:55:02,046 	Reference:  ok . welche art von restaurant suchen sie denn genau ?
2020-08-09 21:55:02,046 	Hypothesis: okay , welche möchten sie sie ?
2020-08-09 21:55:02,046 Validation result (greedy) at epoch   9, step      800: bleu:   4.67, loss: 25046.3379, ppl:  50.0734, duration: 12.9650s
2020-08-09 21:55:07,990 Epoch   9: total training loss 352.32
2020-08-09 21:55:07,991 EPOCH 10
2020-08-09 21:55:08,719 Epoch  10 Step:      900 Batch Loss:     3.995559 Tokens per Sec:    10707, Lr: 0.000200
2020-08-09 21:55:14,341 Epoch  10: total training loss 339.92
2020-08-09 21:55:14,342 EPOCH 11
2020-08-09 21:55:15,115 Epoch  11 Step:     1000 Batch Loss:     3.450088 Tokens per Sec:    10037, Lr: 0.000200
2020-08-09 21:55:25,110 Hooray! New best validation result [ppl]!
2020-08-09 21:55:25,110 Saving new checkpoint.
2020-08-09 21:55:25,239 Example #0
2020-08-09 21:55:25,240 	Raw source:     ['hello', '.']
2020-08-09 21:55:25,240 	Raw hypothesis: ['hallo', ',']
2020-08-09 21:55:25,240 	Source:     hello .
2020-08-09 21:55:25,240 	Reference:  hallo ,
2020-08-09 21:55:25,240 	Hypothesis: hallo ,
2020-08-09 21:55:25,240 Example #1
2020-08-09 21:55:25,240 	Raw source:     ['hi', ',', 'how', 'can', 'i', 'help', 'you', '?']
2020-08-09 21:55:25,240 	Raw hypothesis: ['hallo', ',', 'wie', 'kann', 'ich', 'ihnen', 'helfen', '?']
2020-08-09 21:55:25,240 	Source:     hi , how can i help you ?
2020-08-09 21:55:25,240 	Reference:  hallo , wie kann ich ihnen helfen ?
2020-08-09 21:55:25,240 	Hypothesis: hallo , wie kann ich ihnen helfen ?
2020-08-09 21:55:25,240 Example #2
2020-08-09 21:55:25,240 	Raw source:     ['hi', ',', 'i', '&apos;m', 'looking', 'for', 'a', 'restaurant', 'inside', 'the', 'arden', 'fair', 'mall', 'in', 'san', 'francisco', ',', 'california', '.']
2020-08-09 21:55:25,240 	Raw hypothesis: ['hallo', ',', 'ich', 'möchte', 'ein', 'ein', 'restaurant', 'in', 'der', 'der', 'der', 'der', 'san', 'francisco', ',', 'der', 'san', '.']
2020-08-09 21:55:25,240 	Source:     hi , i &apos;m looking for a restaurant inside the arden fair mall in san francisco , california .
2020-08-09 21:55:25,240 	Reference:  hallo , ich bin auf der suche nach einem restaurant im arden fair einkaufszentrum in san francisco , kalifornien .
2020-08-09 21:55:25,241 	Hypothesis: hallo , ich möchte ein ein restaurant in der der der der san francisco , der san .
2020-08-09 21:55:25,241 Example #3
2020-08-09 21:55:25,241 	Raw source:     ['ok', ',', 'what', 'type', 'of', 'restaurant', 'are', 'you', 'looking', 'for', '?']
2020-08-09 21:55:25,241 	Raw hypothesis: ['ok', ',', 'welche', 'möchten', 'sie', '?']
2020-08-09 21:55:25,241 	Source:     ok , what type of restaurant are you looking for ?
2020-08-09 21:55:25,241 	Reference:  ok . welche art von restaurant suchen sie denn genau ?
2020-08-09 21:55:25,241 	Hypothesis: ok , welche möchten sie ?
2020-08-09 21:55:25,241 Validation result (greedy) at epoch  11, step     1000: bleu:   6.57, loss: 23481.7500, ppl:  39.2136, duration: 10.1256s
2020-08-09 21:55:30,816 Epoch  11: total training loss 320.58
2020-08-09 21:55:30,816 EPOCH 12
2020-08-09 21:55:31,737 Epoch  12 Step:     1100 Batch Loss:     3.204477 Tokens per Sec:     9845, Lr: 0.000200
2020-08-09 21:55:37,199 Epoch  12: total training loss 318.87
2020-08-09 21:55:37,199 EPOCH 13
2020-08-09 21:55:38,128 Epoch  13 Step:     1200 Batch Loss:     3.421743 Tokens per Sec:    10515, Lr: 0.000200
2020-08-09 21:55:45,537 Hooray! New best validation result [ppl]!
2020-08-09 21:55:45,537 Saving new checkpoint.
2020-08-09 21:55:45,665 Example #0
2020-08-09 21:55:45,665 	Raw source:     ['hello', '.']
2020-08-09 21:55:45,665 	Raw hypothesis: ['hallo', ',']
2020-08-09 21:55:45,665 	Source:     hello .
2020-08-09 21:55:45,665 	Reference:  hallo ,
2020-08-09 21:55:45,665 	Hypothesis: hallo ,
2020-08-09 21:55:45,665 Example #1
2020-08-09 21:55:45,665 	Raw source:     ['hi', ',', 'how', 'can', 'i', 'help', 'you', '?']
2020-08-09 21:55:45,665 	Raw hypothesis: ['hallo', ',', 'wie', 'kann', 'ich', 'ihnen', 'helfen', '?']
2020-08-09 21:55:45,665 	Source:     hi , how can i help you ?
2020-08-09 21:55:45,666 	Reference:  hallo , wie kann ich ihnen helfen ?
2020-08-09 21:55:45,666 	Hypothesis: hallo , wie kann ich ihnen helfen ?
2020-08-09 21:55:45,666 Example #2
2020-08-09 21:55:45,666 	Raw source:     ['hi', ',', 'i', '&apos;m', 'looking', 'for', 'a', 'restaurant', 'inside', 'the', 'arden', 'fair', 'mall', 'in', 'san', 'francisco', ',', 'california', '.']
2020-08-09 21:55:45,666 	Raw hypothesis: ['hallo', ',', 'ich', 'möchte', 'ein', 'paar', 'pizzen', 'in', 'san', 'francisco', ',', 'der', 'san', 'francisco', ',', 'der', 'san', 'francisco', ',', 'der', 'san', 'francisco', '.']
2020-08-09 21:55:45,666 	Source:     hi , i &apos;m looking for a restaurant inside the arden fair mall in san francisco , california .
2020-08-09 21:55:45,666 	Reference:  hallo , ich bin auf der suche nach einem restaurant im arden fair einkaufszentrum in san francisco , kalifornien .
2020-08-09 21:55:45,666 	Hypothesis: hallo , ich möchte ein paar pizzen in san francisco , der san francisco , der san francisco , der san francisco .
2020-08-09 21:55:45,666 Example #3
2020-08-09 21:55:45,666 	Raw source:     ['ok', ',', 'what', 'type', 'of', 'restaurant', 'are', 'you', 'looking', 'for', '?']
2020-08-09 21:55:45,666 	Raw hypothesis: ['ok', ',', 'welche', 'art', 'von', 'art', 'von', 'art', 'möchten', 'sie', '?']
2020-08-09 21:55:45,666 	Source:     ok , what type of restaurant are you looking for ?
2020-08-09 21:55:45,666 	Reference:  ok . welche art von restaurant suchen sie denn genau ?
2020-08-09 21:55:45,666 	Hypothesis: ok , welche art von art von art möchten sie ?
2020-08-09 21:55:45,666 Validation result (greedy) at epoch  13, step     1200: bleu:   9.28, loss: 22451.4004, ppl:  33.3825, duration: 7.5384s
2020-08-09 21:55:51,177 Epoch  13: total training loss 307.15
2020-08-09 21:55:51,177 EPOCH 14
2020-08-09 21:55:52,092 Epoch  14 Step:     1300 Batch Loss:     0.778645 Tokens per Sec:     9622, Lr: 0.000200
2020-08-09 21:55:57,516 Epoch  14: total training loss 294.81
2020-08-09 21:55:57,516 EPOCH 15
2020-08-09 21:55:58,499 Epoch  15 Step:     1400 Batch Loss:     2.251310 Tokens per Sec:     9866, Lr: 0.000200
2020-08-09 21:56:06,579 Hooray! New best validation result [ppl]!
2020-08-09 21:56:06,579 Saving new checkpoint.
2020-08-09 21:56:06,708 Example #0
2020-08-09 21:56:06,708 	Raw source:     ['hello', '.']
2020-08-09 21:56:06,708 	Raw hypothesis: ['hallo', ',']
2020-08-09 21:56:06,708 	Source:     hello .
2020-08-09 21:56:06,708 	Reference:  hallo ,
2020-08-09 21:56:06,708 	Hypothesis: hallo ,
2020-08-09 21:56:06,708 Example #1
2020-08-09 21:56:06,708 	Raw source:     ['hi', ',', 'how', 'can', 'i', 'help', 'you', '?']
2020-08-09 21:56:06,708 	Raw hypothesis: ['hallo', ',', 'wie', 'kann', 'ich', 'ihnen', 'helfen', '?']
2020-08-09 21:56:06,708 	Source:     hi , how can i help you ?
2020-08-09 21:56:06,708 	Reference:  hallo , wie kann ich ihnen helfen ?
2020-08-09 21:56:06,708 	Hypothesis: hallo , wie kann ich ihnen helfen ?
2020-08-09 21:56:06,708 Example #2
2020-08-09 21:56:06,708 	Raw source:     ['hi', ',', 'i', '&apos;m', 'looking', 'for', 'a', 'restaurant', 'inside', 'the', 'arden', 'fair', 'mall', 'in', 'san', 'francisco', ',', 'california', '.']
2020-08-09 21:56:06,708 	Raw hypothesis: ['hallo', ',', 'ich', 'möchte', 'ein', 'paar', 'restaurant', 'in', 'san', 'francisco', ',', 'der', 'san', 'francisco', ',', 'kalifornien', '.']
2020-08-09 21:56:06,708 	Source:     hi , i &apos;m looking for a restaurant inside the arden fair mall in san francisco , california .
2020-08-09 21:56:06,708 	Reference:  hallo , ich bin auf der suche nach einem restaurant im arden fair einkaufszentrum in san francisco , kalifornien .
2020-08-09 21:56:06,708 	Hypothesis: hallo , ich möchte ein paar restaurant in san francisco , der san francisco , kalifornien .
2020-08-09 21:56:06,708 Example #3
2020-08-09 21:56:06,708 	Raw source:     ['ok', ',', 'what', 'type', 'of', 'restaurant', 'are', 'you', 'looking', 'for', '?']
2020-08-09 21:56:06,709 	Raw hypothesis: ['ok', ',', 'welche', 'art', 'von', 'pizzen', 'sie', '?']
2020-08-09 21:56:06,709 	Source:     ok , what type of restaurant are you looking for ?
2020-08-09 21:56:06,709 	Reference:  ok . welche art von restaurant suchen sie denn genau ?
2020-08-09 21:56:06,709 	Hypothesis: ok , welche art von pizzen sie ?
2020-08-09 21:56:06,709 Validation result (greedy) at epoch  15, step     1400: bleu:  10.70, loss: 21522.3770, ppl:  28.8720, duration: 8.2092s
2020-08-09 21:56:11,987 Epoch  15: total training loss 277.31
2020-08-09 21:56:11,987 EPOCH 16
2020-08-09 21:56:13,072 Epoch  16 Step:     1500 Batch Loss:     3.815644 Tokens per Sec:     9987, Lr: 0.000200
2020-08-09 21:56:18,263 Epoch  16: total training loss 272.02
2020-08-09 21:56:18,263 EPOCH 17
2020-08-09 21:56:19,427 Epoch  17 Step:     1600 Batch Loss:     1.877471 Tokens per Sec:     9824, Lr: 0.000200
2020-08-09 21:56:27,511 Hooray! New best validation result [ppl]!
2020-08-09 21:56:27,511 Saving new checkpoint.
2020-08-09 21:56:27,639 Example #0
2020-08-09 21:56:27,639 	Raw source:     ['hello', '.']
2020-08-09 21:56:27,639 	Raw hypothesis: ['hallo']
2020-08-09 21:56:27,639 	Source:     hello .
2020-08-09 21:56:27,639 	Reference:  hallo ,
2020-08-09 21:56:27,639 	Hypothesis: hallo
2020-08-09 21:56:27,639 Example #1
2020-08-09 21:56:27,639 	Raw source:     ['hi', ',', 'how', 'can', 'i', 'help', 'you', '?']
2020-08-09 21:56:27,639 	Raw hypothesis: ['hallo', ',', 'wie', 'kann', 'ich', 'ihnen', 'helfen', '?']
2020-08-09 21:56:27,640 	Source:     hi , how can i help you ?
2020-08-09 21:56:27,640 	Reference:  hallo , wie kann ich ihnen helfen ?
2020-08-09 21:56:27,640 	Hypothesis: hallo , wie kann ich ihnen helfen ?
2020-08-09 21:56:27,640 Example #2
2020-08-09 21:56:27,640 	Raw source:     ['hi', ',', 'i', '&apos;m', 'looking', 'for', 'a', 'restaurant', 'inside', 'the', 'arden', 'fair', 'mall', 'in', 'san', 'francisco', ',', 'california', '.']
2020-08-09 21:56:27,640 	Raw hypothesis: ['hallo', ',', 'ich', 'möchte', 'ein', 'paar', 'restaurant', 'in', 'san', 'francisco', ',', 'kalifornien', ',', 'kalifornien', '.']
2020-08-09 21:56:27,640 	Source:     hi , i &apos;m looking for a restaurant inside the arden fair mall in san francisco , california .
2020-08-09 21:56:27,640 	Reference:  hallo , ich bin auf der suche nach einem restaurant im arden fair einkaufszentrum in san francisco , kalifornien .
2020-08-09 21:56:27,640 	Hypothesis: hallo , ich möchte ein paar restaurant in san francisco , kalifornien , kalifornien .
2020-08-09 21:56:27,640 Example #3
2020-08-09 21:56:27,640 	Raw source:     ['ok', ',', 'what', 'type', 'of', 'restaurant', 'are', 'you', 'looking', 'for', '?']
2020-08-09 21:56:27,640 	Raw hypothesis: ['ok', ',', 'welche', 'art', 'von', 'restaurant', 'haben', 'sie', '?']
2020-08-09 21:56:27,640 	Source:     ok , what type of restaurant are you looking for ?
2020-08-09 21:56:27,640 	Reference:  ok . welche art von restaurant suchen sie denn genau ?
2020-08-09 21:56:27,640 	Hypothesis: ok , welche art von restaurant haben sie ?
2020-08-09 21:56:27,640 Validation result (greedy) at epoch  17, step     1600: bleu:  12.18, loss: 20631.1367, ppl:  25.1188, duration: 8.2130s
2020-08-09 21:56:32,774 Epoch  17: total training loss 259.87
2020-08-09 21:56:32,775 EPOCH 18
2020-08-09 21:56:33,980 Epoch  18 Step:     1700 Batch Loss:     2.112308 Tokens per Sec:    10521, Lr: 0.000200
2020-08-09 21:56:39,044 Epoch  18: total training loss 253.46
2020-08-09 21:56:39,044 EPOCH 19
2020-08-09 21:56:40,417 Epoch  19 Step:     1800 Batch Loss:     3.738944 Tokens per Sec:     9644, Lr: 0.000200
2020-08-09 21:56:49,338 Hooray! New best validation result [ppl]!
2020-08-09 21:56:49,338 Saving new checkpoint.
2020-08-09 21:56:49,470 Example #0
2020-08-09 21:56:49,471 	Raw source:     ['hello', '.']
2020-08-09 21:56:49,471 	Raw hypothesis: ['hallo', ',']
2020-08-09 21:56:49,471 	Source:     hello .
2020-08-09 21:56:49,471 	Reference:  hallo ,
2020-08-09 21:56:49,471 	Hypothesis: hallo ,
2020-08-09 21:56:49,471 Example #1
2020-08-09 21:56:49,471 	Raw source:     ['hi', ',', 'how', 'can', 'i', 'help', 'you', '?']
2020-08-09 21:56:49,471 	Raw hypothesis: ['hallo', ',', 'wie', 'kann', 'ich', 'ihnen', 'helfen', '?']
2020-08-09 21:56:49,471 	Source:     hi , how can i help you ?
2020-08-09 21:56:49,471 	Reference:  hallo , wie kann ich ihnen helfen ?
2020-08-09 21:56:49,471 	Hypothesis: hallo , wie kann ich ihnen helfen ?
2020-08-09 21:56:49,471 Example #2
2020-08-09 21:56:49,471 	Raw source:     ['hi', ',', 'i', '&apos;m', 'looking', 'for', 'a', 'restaurant', 'inside', 'the', 'arden', 'fair', 'mall', 'in', 'san', 'francisco', ',', 'california', '.']
2020-08-09 21:56:49,471 	Raw hypothesis: ['hallo', ',', 'ich', 'möchte', 'ein', 'restaurant', 'in', 'der', 'nähe', 'in', 'san', 'francisco', 'francisco', ',', 'kalifornien', '.']
2020-08-09 21:56:49,471 	Source:     hi , i &apos;m looking for a restaurant inside the arden fair mall in san francisco , california .
2020-08-09 21:56:49,471 	Reference:  hallo , ich bin auf der suche nach einem restaurant im arden fair einkaufszentrum in san francisco , kalifornien .
2020-08-09 21:56:49,471 	Hypothesis: hallo , ich möchte ein restaurant in der nähe in san francisco francisco , kalifornien .
2020-08-09 21:56:49,472 Example #3
2020-08-09 21:56:49,472 	Raw source:     ['ok', ',', 'what', 'type', 'of', 'restaurant', 'are', 'you', 'looking', 'for', '?']
2020-08-09 21:56:49,472 	Raw hypothesis: ['ok', ',', 'welche', 'art', 'von', 'restaurant', 'möchten', 'sie', '?']
2020-08-09 21:56:49,472 	Source:     ok , what type of restaurant are you looking for ?
2020-08-09 21:56:49,472 	Reference:  ok . welche art von restaurant suchen sie denn genau ?
2020-08-09 21:56:49,472 	Hypothesis: ok , welche art von restaurant möchten sie ?
2020-08-09 21:56:49,472 Validation result (greedy) at epoch  19, step     1800: bleu:  13.21, loss: 19970.4180, ppl:  22.6549, duration: 9.0545s
2020-08-09 21:56:54,463 Epoch  19: total training loss 241.23
2020-08-09 21:56:54,463 EPOCH 20
2020-08-09 21:56:55,932 Epoch  20 Step:     1900 Batch Loss:     2.895212 Tokens per Sec:     9764, Lr: 0.000200
2020-08-09 21:57:01,022 Epoch  20: total training loss 239.83
2020-08-09 21:57:01,023 Training ended after  20 epochs.
2020-08-09 21:57:01,023 Best validation result (greedy) at step     1800:  22.65 ppl.
