2020-08-11 01:43:13,120 Hello! This is Joey-NMT.
2020-08-11 01:43:14,487 Total params: 96384000
2020-08-11 01:43:14,489 Trainable parameters: ['decoder.layer_norm.bias', 'decoder.layer_norm.weight', 'decoder.layers.0.dec_layer_norm.bias', 'decoder.layers.0.dec_layer_norm.weight', 'decoder.layers.0.feed_forward.layer_norm.bias', 'decoder.layers.0.feed_forward.layer_norm.weight', 'decoder.layers.0.feed_forward.pwff_layer.0.bias', 'decoder.layers.0.feed_forward.pwff_layer.0.weight', 'decoder.layers.0.feed_forward.pwff_layer.3.bias', 'decoder.layers.0.feed_forward.pwff_layer.3.weight', 'decoder.layers.0.src_trg_att.k_layer.bias', 'decoder.layers.0.src_trg_att.k_layer.weight', 'decoder.layers.0.src_trg_att.output_layer.bias', 'decoder.layers.0.src_trg_att.output_layer.weight', 'decoder.layers.0.src_trg_att.q_layer.bias', 'decoder.layers.0.src_trg_att.q_layer.weight', 'decoder.layers.0.src_trg_att.v_layer.bias', 'decoder.layers.0.src_trg_att.v_layer.weight', 'decoder.layers.0.trg_trg_att.k_layer.bias', 'decoder.layers.0.trg_trg_att.k_layer.weight', 'decoder.layers.0.trg_trg_att.output_layer.bias', 'decoder.layers.0.trg_trg_att.output_layer.weight', 'decoder.layers.0.trg_trg_att.q_layer.bias', 'decoder.layers.0.trg_trg_att.q_layer.weight', 'decoder.layers.0.trg_trg_att.v_layer.bias', 'decoder.layers.0.trg_trg_att.v_layer.weight', 'decoder.layers.0.x_layer_norm.bias', 'decoder.layers.0.x_layer_norm.weight', 'decoder.layers.1.dec_layer_norm.bias', 'decoder.layers.1.dec_layer_norm.weight', 'decoder.layers.1.feed_forward.layer_norm.bias', 'decoder.layers.1.feed_forward.layer_norm.weight', 'decoder.layers.1.feed_forward.pwff_layer.0.bias', 'decoder.layers.1.feed_forward.pwff_layer.0.weight', 'decoder.layers.1.feed_forward.pwff_layer.3.bias', 'decoder.layers.1.feed_forward.pwff_layer.3.weight', 'decoder.layers.1.src_trg_att.k_layer.bias', 'decoder.layers.1.src_trg_att.k_layer.weight', 'decoder.layers.1.src_trg_att.output_layer.bias', 'decoder.layers.1.src_trg_att.output_layer.weight', 'decoder.layers.1.src_trg_att.q_layer.bias', 'decoder.layers.1.src_trg_att.q_layer.weight', 'decoder.layers.1.src_trg_att.v_layer.bias', 'decoder.layers.1.src_trg_att.v_layer.weight', 'decoder.layers.1.trg_trg_att.k_layer.bias', 'decoder.layers.1.trg_trg_att.k_layer.weight', 'decoder.layers.1.trg_trg_att.output_layer.bias', 'decoder.layers.1.trg_trg_att.output_layer.weight', 'decoder.layers.1.trg_trg_att.q_layer.bias', 'decoder.layers.1.trg_trg_att.q_layer.weight', 'decoder.layers.1.trg_trg_att.v_layer.bias', 'decoder.layers.1.trg_trg_att.v_layer.weight', 'decoder.layers.1.x_layer_norm.bias', 'decoder.layers.1.x_layer_norm.weight', 'decoder.layers.2.dec_layer_norm.bias', 'decoder.layers.2.dec_layer_norm.weight', 'decoder.layers.2.feed_forward.layer_norm.bias', 'decoder.layers.2.feed_forward.layer_norm.weight', 'decoder.layers.2.feed_forward.pwff_layer.0.bias', 'decoder.layers.2.feed_forward.pwff_layer.0.weight', 'decoder.layers.2.feed_forward.pwff_layer.3.bias', 'decoder.layers.2.feed_forward.pwff_layer.3.weight', 'decoder.layers.2.src_trg_att.k_layer.bias', 'decoder.layers.2.src_trg_att.k_layer.weight', 'decoder.layers.2.src_trg_att.output_layer.bias', 'decoder.layers.2.src_trg_att.output_layer.weight', 'decoder.layers.2.src_trg_att.q_layer.bias', 'decoder.layers.2.src_trg_att.q_layer.weight', 'decoder.layers.2.src_trg_att.v_layer.bias', 'decoder.layers.2.src_trg_att.v_layer.weight', 'decoder.layers.2.trg_trg_att.k_layer.bias', 'decoder.layers.2.trg_trg_att.k_layer.weight', 'decoder.layers.2.trg_trg_att.output_layer.bias', 'decoder.layers.2.trg_trg_att.output_layer.weight', 'decoder.layers.2.trg_trg_att.q_layer.bias', 'decoder.layers.2.trg_trg_att.q_layer.weight', 'decoder.layers.2.trg_trg_att.v_layer.bias', 'decoder.layers.2.trg_trg_att.v_layer.weight', 'decoder.layers.2.x_layer_norm.bias', 'decoder.layers.2.x_layer_norm.weight', 'decoder.layers.3.dec_layer_norm.bias', 'decoder.layers.3.dec_layer_norm.weight', 'decoder.layers.3.feed_forward.layer_norm.bias', 'decoder.layers.3.feed_forward.layer_norm.weight', 'decoder.layers.3.feed_forward.pwff_layer.0.bias', 'decoder.layers.3.feed_forward.pwff_layer.0.weight', 'decoder.layers.3.feed_forward.pwff_layer.3.bias', 'decoder.layers.3.feed_forward.pwff_layer.3.weight', 'decoder.layers.3.src_trg_att.k_layer.bias', 'decoder.layers.3.src_trg_att.k_layer.weight', 'decoder.layers.3.src_trg_att.output_layer.bias', 'decoder.layers.3.src_trg_att.output_layer.weight', 'decoder.layers.3.src_trg_att.q_layer.bias', 'decoder.layers.3.src_trg_att.q_layer.weight', 'decoder.layers.3.src_trg_att.v_layer.bias', 'decoder.layers.3.src_trg_att.v_layer.weight', 'decoder.layers.3.trg_trg_att.k_layer.bias', 'decoder.layers.3.trg_trg_att.k_layer.weight', 'decoder.layers.3.trg_trg_att.output_layer.bias', 'decoder.layers.3.trg_trg_att.output_layer.weight', 'decoder.layers.3.trg_trg_att.q_layer.bias', 'decoder.layers.3.trg_trg_att.q_layer.weight', 'decoder.layers.3.trg_trg_att.v_layer.bias', 'decoder.layers.3.trg_trg_att.v_layer.weight', 'decoder.layers.3.x_layer_norm.bias', 'decoder.layers.3.x_layer_norm.weight', 'decoder.layers.4.dec_layer_norm.bias', 'decoder.layers.4.dec_layer_norm.weight', 'decoder.layers.4.feed_forward.layer_norm.bias', 'decoder.layers.4.feed_forward.layer_norm.weight', 'decoder.layers.4.feed_forward.pwff_layer.0.bias', 'decoder.layers.4.feed_forward.pwff_layer.0.weight', 'decoder.layers.4.feed_forward.pwff_layer.3.bias', 'decoder.layers.4.feed_forward.pwff_layer.3.weight', 'decoder.layers.4.src_trg_att.k_layer.bias', 'decoder.layers.4.src_trg_att.k_layer.weight', 'decoder.layers.4.src_trg_att.output_layer.bias', 'decoder.layers.4.src_trg_att.output_layer.weight', 'decoder.layers.4.src_trg_att.q_layer.bias', 'decoder.layers.4.src_trg_att.q_layer.weight', 'decoder.layers.4.src_trg_att.v_layer.bias', 'decoder.layers.4.src_trg_att.v_layer.weight', 'decoder.layers.4.trg_trg_att.k_layer.bias', 'decoder.layers.4.trg_trg_att.k_layer.weight', 'decoder.layers.4.trg_trg_att.output_layer.bias', 'decoder.layers.4.trg_trg_att.output_layer.weight', 'decoder.layers.4.trg_trg_att.q_layer.bias', 'decoder.layers.4.trg_trg_att.q_layer.weight', 'decoder.layers.4.trg_trg_att.v_layer.bias', 'decoder.layers.4.trg_trg_att.v_layer.weight', 'decoder.layers.4.x_layer_norm.bias', 'decoder.layers.4.x_layer_norm.weight', 'decoder.layers.5.dec_layer_norm.bias', 'decoder.layers.5.dec_layer_norm.weight', 'decoder.layers.5.feed_forward.layer_norm.bias', 'decoder.layers.5.feed_forward.layer_norm.weight', 'decoder.layers.5.feed_forward.pwff_layer.0.bias', 'decoder.layers.5.feed_forward.pwff_layer.0.weight', 'decoder.layers.5.feed_forward.pwff_layer.3.bias', 'decoder.layers.5.feed_forward.pwff_layer.3.weight', 'decoder.layers.5.src_trg_att.k_layer.bias', 'decoder.layers.5.src_trg_att.k_layer.weight', 'decoder.layers.5.src_trg_att.output_layer.bias', 'decoder.layers.5.src_trg_att.output_layer.weight', 'decoder.layers.5.src_trg_att.q_layer.bias', 'decoder.layers.5.src_trg_att.q_layer.weight', 'decoder.layers.5.src_trg_att.v_layer.bias', 'decoder.layers.5.src_trg_att.v_layer.weight', 'decoder.layers.5.trg_trg_att.k_layer.bias', 'decoder.layers.5.trg_trg_att.k_layer.weight', 'decoder.layers.5.trg_trg_att.output_layer.bias', 'decoder.layers.5.trg_trg_att.output_layer.weight', 'decoder.layers.5.trg_trg_att.q_layer.bias', 'decoder.layers.5.trg_trg_att.q_layer.weight', 'decoder.layers.5.trg_trg_att.v_layer.bias', 'decoder.layers.5.trg_trg_att.v_layer.weight', 'decoder.layers.5.x_layer_norm.bias', 'decoder.layers.5.x_layer_norm.weight', 'encoder.layer_norm.bias', 'encoder.layer_norm.weight', 'encoder.layers.0.feed_forward.layer_norm.bias', 'encoder.layers.0.feed_forward.layer_norm.weight', 'encoder.layers.0.feed_forward.pwff_layer.0.bias', 'encoder.layers.0.feed_forward.pwff_layer.0.weight', 'encoder.layers.0.feed_forward.pwff_layer.3.bias', 'encoder.layers.0.feed_forward.pwff_layer.3.weight', 'encoder.layers.0.layer_norm.bias', 'encoder.layers.0.layer_norm.weight', 'encoder.layers.0.src_src_att.k_layer.bias', 'encoder.layers.0.src_src_att.k_layer.weight', 'encoder.layers.0.src_src_att.output_layer.bias', 'encoder.layers.0.src_src_att.output_layer.weight', 'encoder.layers.0.src_src_att.q_layer.bias', 'encoder.layers.0.src_src_att.q_layer.weight', 'encoder.layers.0.src_src_att.v_layer.bias', 'encoder.layers.0.src_src_att.v_layer.weight', 'encoder.layers.1.feed_forward.layer_norm.bias', 'encoder.layers.1.feed_forward.layer_norm.weight', 'encoder.layers.1.feed_forward.pwff_layer.0.bias', 'encoder.layers.1.feed_forward.pwff_layer.0.weight', 'encoder.layers.1.feed_forward.pwff_layer.3.bias', 'encoder.layers.1.feed_forward.pwff_layer.3.weight', 'encoder.layers.1.layer_norm.bias', 'encoder.layers.1.layer_norm.weight', 'encoder.layers.1.src_src_att.k_layer.bias', 'encoder.layers.1.src_src_att.k_layer.weight', 'encoder.layers.1.src_src_att.output_layer.bias', 'encoder.layers.1.src_src_att.output_layer.weight', 'encoder.layers.1.src_src_att.q_layer.bias', 'encoder.layers.1.src_src_att.q_layer.weight', 'encoder.layers.1.src_src_att.v_layer.bias', 'encoder.layers.1.src_src_att.v_layer.weight', 'encoder.layers.2.feed_forward.layer_norm.bias', 'encoder.layers.2.feed_forward.layer_norm.weight', 'encoder.layers.2.feed_forward.pwff_layer.0.bias', 'encoder.layers.2.feed_forward.pwff_layer.0.weight', 'encoder.layers.2.feed_forward.pwff_layer.3.bias', 'encoder.layers.2.feed_forward.pwff_layer.3.weight', 'encoder.layers.2.layer_norm.bias', 'encoder.layers.2.layer_norm.weight', 'encoder.layers.2.src_src_att.k_layer.bias', 'encoder.layers.2.src_src_att.k_layer.weight', 'encoder.layers.2.src_src_att.output_layer.bias', 'encoder.layers.2.src_src_att.output_layer.weight', 'encoder.layers.2.src_src_att.q_layer.bias', 'encoder.layers.2.src_src_att.q_layer.weight', 'encoder.layers.2.src_src_att.v_layer.bias', 'encoder.layers.2.src_src_att.v_layer.weight', 'encoder.layers.3.feed_forward.layer_norm.bias', 'encoder.layers.3.feed_forward.layer_norm.weight', 'encoder.layers.3.feed_forward.pwff_layer.0.bias', 'encoder.layers.3.feed_forward.pwff_layer.0.weight', 'encoder.layers.3.feed_forward.pwff_layer.3.bias', 'encoder.layers.3.feed_forward.pwff_layer.3.weight', 'encoder.layers.3.layer_norm.bias', 'encoder.layers.3.layer_norm.weight', 'encoder.layers.3.src_src_att.k_layer.bias', 'encoder.layers.3.src_src_att.k_layer.weight', 'encoder.layers.3.src_src_att.output_layer.bias', 'encoder.layers.3.src_src_att.output_layer.weight', 'encoder.layers.3.src_src_att.q_layer.bias', 'encoder.layers.3.src_src_att.q_layer.weight', 'encoder.layers.3.src_src_att.v_layer.bias', 'encoder.layers.3.src_src_att.v_layer.weight', 'encoder.layers.4.feed_forward.layer_norm.bias', 'encoder.layers.4.feed_forward.layer_norm.weight', 'encoder.layers.4.feed_forward.pwff_layer.0.bias', 'encoder.layers.4.feed_forward.pwff_layer.0.weight', 'encoder.layers.4.feed_forward.pwff_layer.3.bias', 'encoder.layers.4.feed_forward.pwff_layer.3.weight', 'encoder.layers.4.layer_norm.bias', 'encoder.layers.4.layer_norm.weight', 'encoder.layers.4.src_src_att.k_layer.bias', 'encoder.layers.4.src_src_att.k_layer.weight', 'encoder.layers.4.src_src_att.output_layer.bias', 'encoder.layers.4.src_src_att.output_layer.weight', 'encoder.layers.4.src_src_att.q_layer.bias', 'encoder.layers.4.src_src_att.q_layer.weight', 'encoder.layers.4.src_src_att.v_layer.bias', 'encoder.layers.4.src_src_att.v_layer.weight', 'encoder.layers.5.feed_forward.layer_norm.bias', 'encoder.layers.5.feed_forward.layer_norm.weight', 'encoder.layers.5.feed_forward.pwff_layer.0.bias', 'encoder.layers.5.feed_forward.pwff_layer.0.weight', 'encoder.layers.5.feed_forward.pwff_layer.3.bias', 'encoder.layers.5.feed_forward.pwff_layer.3.weight', 'encoder.layers.5.layer_norm.bias', 'encoder.layers.5.layer_norm.weight', 'encoder.layers.5.src_src_att.k_layer.bias', 'encoder.layers.5.src_src_att.k_layer.weight', 'encoder.layers.5.src_src_att.output_layer.bias', 'encoder.layers.5.src_src_att.output_layer.weight', 'encoder.layers.5.src_src_att.q_layer.bias', 'encoder.layers.5.src_src_att.q_layer.weight', 'encoder.layers.5.src_src_att.v_layer.bias', 'encoder.layers.5.src_src_att.v_layer.weight', 'src_embed.lut.weight', 'trg_embed.lut.weight']
2020-08-11 01:43:18,450 cfg.data.dev                       : chatnmt/multi_encoder/dev_subset.tags.bpe.10000
2020-08-11 01:43:18,450 cfg.data.level                     : bpe
2020-08-11 01:43:18,450 cfg.data.lowercase                 : False
2020-08-11 01:43:18,450 cfg.data.max_sent_length           : 100
2020-08-11 01:43:18,450 cfg.data.src                       : en
2020-08-11 01:43:18,450 cfg.data.test                      : chatnmt/multi_encoder/test.tags.bpe.10000
2020-08-11 01:43:18,450 cfg.data.train                     : chatnmt/multi_encoder/train_subset.tags.bpe.10000
2020-08-11 01:43:18,450 cfg.data.trg                       : de
2020-08-11 01:43:18,450 cfg.model.bias_initializer         : zeros
2020-08-11 01:43:18,451 cfg.model.decoder.dropout          : 0.1
2020-08-11 01:43:18,451 cfg.model.decoder.embeddings.dropout : 0.0
2020-08-11 01:43:18,451 cfg.model.decoder.embeddings.embedding_dim : 1024
2020-08-11 01:43:18,451 cfg.model.decoder.embeddings.scale : True
2020-08-11 01:43:18,451 cfg.model.decoder.ff_size          : 512
2020-08-11 01:43:18,451 cfg.model.decoder.freeze           : False
2020-08-11 01:43:18,451 cfg.model.decoder.hidden_size      : 1024
2020-08-11 01:43:18,451 cfg.model.decoder.num_heads        : 16
2020-08-11 01:43:18,451 cfg.model.decoder.num_layers       : 6
2020-08-11 01:43:18,451 cfg.model.decoder.type             : transformer
2020-08-11 01:43:18,451 cfg.model.embed_init_gain          : 1.0
2020-08-11 01:43:18,451 cfg.model.embed_initializer        : xavier
2020-08-11 01:43:18,451 cfg.model.encoder.dropout          : 0.1
2020-08-11 01:43:18,451 cfg.model.encoder.embeddings.dropout : 0.0
2020-08-11 01:43:18,451 cfg.model.encoder.embeddings.embedding_dim : 1024
2020-08-11 01:43:18,451 cfg.model.encoder.embeddings.scale : True
2020-08-11 01:43:18,452 cfg.model.encoder.ff_size          : 512
2020-08-11 01:43:18,452 cfg.model.encoder.freeze           : False
2020-08-11 01:43:18,452 cfg.model.encoder.hidden_size      : 1024
2020-08-11 01:43:18,452 cfg.model.encoder.multi_encoder    : False
2020-08-11 01:43:18,452 cfg.model.encoder.num_heads        : 16
2020-08-11 01:43:18,452 cfg.model.encoder.num_layers       : 6
2020-08-11 01:43:18,452 cfg.model.encoder.type             : transformer
2020-08-11 01:43:18,452 cfg.model.init_gain                : 1.0
2020-08-11 01:43:18,452 cfg.model.initializer              : xavier
2020-08-11 01:43:18,452 cfg.model.tied_embeddings          : False
2020-08-11 01:43:18,452 cfg.model.tied_softmax             : True
2020-08-11 01:43:18,452 cfg.name                           : transformer
2020-08-11 01:43:18,452 cfg.testing.alpha                  : 1.0
2020-08-11 01:43:18,452 cfg.testing.beam_size              : 5
2020-08-11 01:43:18,452 cfg.training.adam_betas            : [0.9, 0.999]
2020-08-11 01:43:18,452 cfg.training.batch_multiplier      : 1
2020-08-11 01:43:18,452 cfg.training.batch_size            : 1024
2020-08-11 01:43:18,453 cfg.training.batch_type            : token
2020-08-11 01:43:18,453 cfg.training.decrease_factor       : 0.7
2020-08-11 01:43:18,453 cfg.training.early_stopping_metric : ppl
2020-08-11 01:43:18,453 cfg.training.epochs                : 20
2020-08-11 01:43:18,453 cfg.training.eval_metric           : bleu
2020-08-11 01:43:18,453 cfg.training.keep_last_ckpts       : 3
2020-08-11 01:43:18,453 cfg.training.label_smoothing       : 0.1
2020-08-11 01:43:18,453 cfg.training.learning_rate         : 0.0002
2020-08-11 01:43:18,453 cfg.training.learning_rate_min     : 1e-08
2020-08-11 01:43:18,453 cfg.training.logging_freq          : 100
2020-08-11 01:43:18,453 cfg.training.loss                  : crossentropy
2020-08-11 01:43:18,453 cfg.training.max_output_length     : 100
2020-08-11 01:43:18,453 cfg.training.model_dir             : models/viznet/attempt4/16_16_0.1_1024_1024_1024_8_8
2020-08-11 01:43:18,453 cfg.training.normalization         : tokens
2020-08-11 01:43:18,453 cfg.training.optimizer             : adam
2020-08-11 01:43:18,453 cfg.training.overwrite             : True
2020-08-11 01:43:18,453 cfg.training.patience              : 8
2020-08-11 01:43:18,453 cfg.training.print_valid_sents     : [0, 1, 2, 3]
2020-08-11 01:43:18,453 cfg.training.random_seed           : 42
2020-08-11 01:43:18,454 cfg.training.scheduling            : plateau
2020-08-11 01:43:18,454 cfg.training.shuffle               : True
2020-08-11 01:43:18,454 cfg.training.use_cuda              : True
2020-08-11 01:43:18,454 cfg.training.validation_freq       : 200
2020-08-11 01:43:18,454 cfg.training.weight_decay          : 0.0
2020-08-11 01:43:18,454 Data set sizes: 
	train 5000,
	valid 500,
	test 1220
2020-08-11 01:43:18,454 First training example:
	[SRC] hi there ! how can i help ?
	[TRG] hallo ! wie kann ich helfen ?
2020-08-11 01:43:18,454 First 10 words (src): (0) <unk> (1) <pad> (2) <s> (3) </s> (4) . (5) , (6) ? (7) you (8) i (9) the
2020-08-11 01:43:18,454 First 10 words (trg): (0) <unk> (1) <pad> (2) <s> (3) </s> (4) . (5) , (6) ? (7) sie (8) ich (9) das
2020-08-11 01:43:18,455 Number of Src words (types): 3468
2020-08-11 01:43:18,455 Number of Trg words (types): 4487
2020-08-11 01:43:18,455 Model(
	encoder=TransformerEncoder(num_layers=6, num_heads=16),
	decoder=TransformerDecoder(num_layers=6, num_heads=16),
	src_embed=Embeddings(embedding_dim=1024, vocab_size=3468),
	trg_embed=Embeddings(embedding_dim=1024, vocab_size=4487))
2020-08-11 01:43:18,459 EPOCH 1
2020-08-11 01:43:31,391 Epoch   1: total training loss 488.41
2020-08-11 01:43:31,391 EPOCH 2
2020-08-11 01:43:31,685 Epoch   2 Step:      100 Batch Loss:     3.713044 Tokens per Sec:     4738, Lr: 0.000200
2020-08-11 01:43:44,440 Epoch   2: total training loss 400.80
2020-08-11 01:43:44,441 EPOCH 3
2020-08-11 01:43:44,843 Epoch   3 Step:      200 Batch Loss:     2.628870 Tokens per Sec:     4981, Lr: 0.000200
2020-08-11 01:44:47,216 Hooray! New best validation result [ppl]!
2020-08-11 01:44:47,216 Saving new checkpoint.
2020-08-11 01:44:51,913 Example #0
2020-08-11 01:44:51,913 	Raw source:     ['hello', '.']
2020-08-11 01:44:51,913 	Raw hypothesis: ['hallo', ',', 'wie', 'kann', 'ich', 'ihnen', 'helfen', '?']
2020-08-11 01:44:51,913 	Source:     hello .
2020-08-11 01:44:51,913 	Reference:  hallo ,
2020-08-11 01:44:51,913 	Hypothesis: hallo , wie kann ich ihnen helfen ?
2020-08-11 01:44:51,913 Example #1
2020-08-11 01:44:51,913 	Raw source:     ['hi', ',', 'how', 'can', 'i', 'help', 'you', '?']
2020-08-11 01:44:51,913 	Raw hypothesis: ['hallo', ',', 'wie', 'kann', 'ich', 'ihnen', 'helfen', '?']
2020-08-11 01:44:51,913 	Source:     hi , how can i help you ?
2020-08-11 01:44:51,913 	Reference:  hallo , wie kann ich ihnen helfen ?
2020-08-11 01:44:51,914 	Hypothesis: hallo , wie kann ich ihnen helfen ?
2020-08-11 01:44:51,914 Example #2
2020-08-11 01:44:51,914 	Raw source:     ['hi', ',', 'i', '&apos;m', 'looking', 'for', 'a', 'restaurant', 'inside', 'the', 'arden', 'fair', 'mall', 'in', 'san', 'francisco', ',', 'california', '.']
2020-08-11 01:44:51,914 	Raw hypothesis: ['hallo', ',', 'ich', 'möchte', 'möchte', 'möchte', 'möchte', 'in', 'der', 'der', 'der', 'der', 'der', 'der', 'der', 'der', 'der', 'der', 'der', 'der', 'der', 'der', 'der', 'der', 'der', 'der', 'der', 'der', 'der', 'der', 'der', 'der', 'der', 'der', 'der', 'der', 'der', 'der', 'der', 'der', 'der', 'der', 'der', 'der', 'der', 'der', 'der', 'der', 'der', 'der', 'zum', 'zum', 'zum', 'zum', 'zum', 'zum', 'zum', 'zum', 'zum', 'zum', 'zum', 'zum', 'zum', 'zum', 'zum', 'zum', 'zum', 'zum', 'zum', 'zum', 'zum', 'zum', 'zum', 'zum', 'zum', 'zum', 'zum', 'zum', 'zum', 'zum', 'zum', 'zum', 'zum', 'zum', 'zum', 'zum', 'zum', 'zum', 'zum', 'zum', 'zum', 'zum', 'zum', 'zum', 'zum', 'zum', 'zum', 'zum', 'zum', 'zum']
2020-08-11 01:44:51,914 	Source:     hi , i &apos;m looking for a restaurant inside the arden fair mall in san francisco , california .
2020-08-11 01:44:51,914 	Reference:  hallo , ich bin auf der suche nach einem restaurant im arden fair einkaufszentrum in san francisco , kalifornien .
2020-08-11 01:44:51,914 	Hypothesis: hallo , ich möchte möchte möchte möchte in der der der der der der der der der der der der der der der der der der der der der der der der der der der der der der der der der der der der der der der der der der zum zum zum zum zum zum zum zum zum zum zum zum zum zum zum zum zum zum zum zum zum zum zum zum zum zum zum zum zum zum zum zum zum zum zum zum zum zum zum zum zum zum zum zum zum zum zum zum zum zum
2020-08-11 01:44:51,914 Example #3
2020-08-11 01:44:51,914 	Raw source:     ['ok', ',', 'what', 'type', 'of', 'restaurant', 'are', 'you', 'looking', 'for', '?']
2020-08-11 01:44:51,914 	Raw hypothesis: ['ok', ',', 'welche', 'möchten', 'sie', 'mich', 'ihren', 'termin', '?']
2020-08-11 01:44:51,914 	Source:     ok , what type of restaurant are you looking for ?
2020-08-11 01:44:51,914 	Reference:  ok . welche art von restaurant suchen sie denn genau ?
2020-08-11 01:44:51,914 	Hypothesis: ok , welche möchten sie mich ihren termin ?
2020-08-11 01:44:51,914 Validation result (greedy) at epoch   3, step      200: bleu:   4.13, loss: 24826.0293, ppl:  48.3791, duration: 67.0707s
2020-08-11 01:45:04,436 Epoch   3: total training loss 336.31
2020-08-11 01:45:04,436 EPOCH 4
2020-08-11 01:45:04,875 Epoch   4 Step:      300 Batch Loss:     2.368700 Tokens per Sec:     3724, Lr: 0.000200
2020-08-11 01:45:17,337 Epoch   4: total training loss 282.98
2020-08-11 01:45:17,337 EPOCH 5
2020-08-11 01:45:17,963 Epoch   5 Step:      400 Batch Loss:     1.567016 Tokens per Sec:     4773, Lr: 0.000200
2020-08-11 01:46:06,735 Hooray! New best validation result [ppl]!
2020-08-11 01:46:06,735 Saving new checkpoint.
2020-08-11 01:46:11,416 Example #0
2020-08-11 01:46:11,416 	Raw source:     ['hello', '.']
2020-08-11 01:46:11,416 	Raw hypothesis: ['hallo', '.']
2020-08-11 01:46:11,416 	Source:     hello .
2020-08-11 01:46:11,416 	Reference:  hallo ,
2020-08-11 01:46:11,416 	Hypothesis: hallo .
2020-08-11 01:46:11,416 Example #1
2020-08-11 01:46:11,416 	Raw source:     ['hi', ',', 'how', 'can', 'i', 'help', 'you', '?']
2020-08-11 01:46:11,416 	Raw hypothesis: ['hallo', ',', 'wie', 'kann', 'ich', 'ihnen', 'helfen', '?']
2020-08-11 01:46:11,416 	Source:     hi , how can i help you ?
2020-08-11 01:46:11,416 	Reference:  hallo , wie kann ich ihnen helfen ?
2020-08-11 01:46:11,417 	Hypothesis: hallo , wie kann ich ihnen helfen ?
2020-08-11 01:46:11,417 Example #2
2020-08-11 01:46:11,417 	Raw source:     ['hi', ',', 'i', '&apos;m', 'looking', 'for', 'a', 'restaurant', 'inside', 'the', 'arden', 'fair', 'mall', 'in', 'san', 'francisco', ',', 'california', '.']
2020-08-11 01:46:11,417 	Raw hypothesis: ['hallo', ',', 'ich', 'bin', 'in', 'san', 'francisco', ',', 'kalifornien', ',', 'kalifornien', ',', 'kalifornien', ',', 'kalifornien', '.']
2020-08-11 01:46:11,417 	Source:     hi , i &apos;m looking for a restaurant inside the arden fair mall in san francisco , california .
2020-08-11 01:46:11,417 	Reference:  hallo , ich bin auf der suche nach einem restaurant im arden fair einkaufszentrum in san francisco , kalifornien .
2020-08-11 01:46:11,417 	Hypothesis: hallo , ich bin in san francisco , kalifornien , kalifornien , kalifornien , kalifornien .
2020-08-11 01:46:11,417 Example #3
2020-08-11 01:46:11,417 	Raw source:     ['ok', ',', 'what', 'type', 'of', 'restaurant', 'are', 'you', 'looking', 'for', '?']
2020-08-11 01:46:11,417 	Raw hypothesis: ['ok', ',', 'welche', 'art', 'von', 'restaurant', 'möchten', 'sie', '?']
2020-08-11 01:46:11,417 	Source:     ok , what type of restaurant are you looking for ?
2020-08-11 01:46:11,417 	Reference:  ok . welche art von restaurant suchen sie denn genau ?
2020-08-11 01:46:11,417 	Hypothesis: ok , welche art von restaurant möchten sie ?
2020-08-11 01:46:11,417 Validation result (greedy) at epoch   5, step      400: bleu:  12.02, loss: 18992.9512, ppl:  19.4461, duration: 53.4542s
2020-08-11 01:46:23,621 Epoch   5: total training loss 232.33
2020-08-11 01:46:23,621 EPOCH 6
2020-08-11 01:46:24,265 Epoch   6 Step:      500 Batch Loss:     1.266910 Tokens per Sec:     4704, Lr: 0.000200
2020-08-11 01:46:36,442 Epoch   6: total training loss 187.25
2020-08-11 01:46:36,442 EPOCH 7
2020-08-11 01:46:37,388 Epoch   7 Step:      600 Batch Loss:     1.049431 Tokens per Sec:     5060, Lr: 0.000200
2020-08-11 01:46:54,504 Hooray! New best validation result [ppl]!
2020-08-11 01:46:54,504 Saving new checkpoint.
2020-08-11 01:46:59,317 Example #0
2020-08-11 01:46:59,317 	Raw source:     ['hello', '.']
2020-08-11 01:46:59,317 	Raw hypothesis: ['hallo', ',']
2020-08-11 01:46:59,317 	Source:     hello .
2020-08-11 01:46:59,317 	Reference:  hallo ,
2020-08-11 01:46:59,317 	Hypothesis: hallo ,
2020-08-11 01:46:59,317 Example #1
2020-08-11 01:46:59,317 	Raw source:     ['hi', ',', 'how', 'can', 'i', 'help', 'you', '?']
2020-08-11 01:46:59,317 	Raw hypothesis: ['hallo', ',', 'wie', 'kann', 'ich', 'ihnen', 'helfen', '?']
2020-08-11 01:46:59,317 	Source:     hi , how can i help you ?
2020-08-11 01:46:59,317 	Reference:  hallo , wie kann ich ihnen helfen ?
2020-08-11 01:46:59,317 	Hypothesis: hallo , wie kann ich ihnen helfen ?
2020-08-11 01:46:59,317 Example #2
2020-08-11 01:46:59,317 	Raw source:     ['hi', ',', 'i', '&apos;m', 'looking', 'for', 'a', 'restaurant', 'inside', 'the', 'arden', 'fair', 'mall', 'in', 'san', 'francisco', ',', 'california', '.']
2020-08-11 01:46:59,317 	Raw hypothesis: ['hallo', ',', 'ich', 'suche', 'nach', 'einem', 'ort', 'in', 'san', 'francisco', ',', 'kalifornien', ',', 'kalifornien', ',', 'kalifornien', ',', 'kalifornien', ',', 'kalifornien', ',', 'kalifornien', ',', 'kalifornien', ',', 'kalifornien', ',', 'kalifornien', ',', 'kalifornien', ',', 'kalifornien', ',', 'kalifornien', ',', 'kalifornien', ',', 'kalifornien', ',', 'kalifornien', ',', 'kalifornien', ',', 'kalifornien', ',', 'kalifornien', ',', 'kalifornien', ',', 'kalifornien', ',', 'kalifornien', ',', 'kalifornien', ',', 'kalifornien', ',', 'kalifornien', ',', 'kalifornien', ',', 'kalifornien', ',', 'kalifornien', ',', 'kalifornien', ',', 'kalifornien', ',', 'kalifornien', ',', 'kalifornien', ',', 'kalifornien', ',', 'kalifornien', '.']
2020-08-11 01:46:59,317 	Source:     hi , i &apos;m looking for a restaurant inside the arden fair mall in san francisco , california .
2020-08-11 01:46:59,318 	Reference:  hallo , ich bin auf der suche nach einem restaurant im arden fair einkaufszentrum in san francisco , kalifornien .
2020-08-11 01:46:59,318 	Hypothesis: hallo , ich suche nach einem ort in san francisco , kalifornien , kalifornien , kalifornien , kalifornien , kalifornien , kalifornien , kalifornien , kalifornien , kalifornien , kalifornien , kalifornien , kalifornien , kalifornien , kalifornien , kalifornien , kalifornien , kalifornien , kalifornien , kalifornien , kalifornien , kalifornien , kalifornien , kalifornien , kalifornien , kalifornien , kalifornien , kalifornien , kalifornien , kalifornien , kalifornien , kalifornien , kalifornien , kalifornien .
2020-08-11 01:46:59,318 Example #3
2020-08-11 01:46:59,318 	Raw source:     ['ok', ',', 'what', 'type', 'of', 'restaurant', 'are', 'you', 'looking', 'for', '?']
2020-08-11 01:46:59,318 	Raw hypothesis: ['ok', ',', 'welche', 'art', 'von', 'restaurant', 'suchen', 'sie', '?']
2020-08-11 01:46:59,318 	Source:     ok , what type of restaurant are you looking for ?
2020-08-11 01:46:59,318 	Reference:  ok . welche art von restaurant suchen sie denn genau ?
2020-08-11 01:46:59,318 	Hypothesis: ok , welche art von restaurant suchen sie ?
2020-08-11 01:46:59,318 Validation result (greedy) at epoch   7, step      600: bleu:  25.27, loss: 16578.7910, ppl:  13.3356, duration: 21.9297s
2020-08-11 01:47:11,161 Epoch   7: total training loss 158.07
2020-08-11 01:47:11,161 EPOCH 8
2020-08-11 01:47:12,342 Epoch   8 Step:      700 Batch Loss:     1.537383 Tokens per Sec:     5004, Lr: 0.000200
2020-08-11 01:47:24,047 Epoch   8: total training loss 133.13
2020-08-11 01:47:24,047 EPOCH 9
2020-08-11 01:47:25,294 Epoch   9 Step:      800 Batch Loss:     0.216190 Tokens per Sec:     4803, Lr: 0.000200
2020-08-11 01:48:03,313 Hooray! New best validation result [ppl]!
2020-08-11 01:48:03,314 Saving new checkpoint.
2020-08-11 01:48:08,093 Example #0
2020-08-11 01:48:08,093 	Raw source:     ['hello', '.']
2020-08-11 01:48:08,093 	Raw hypothesis: ['hallo', '.']
2020-08-11 01:48:08,093 	Source:     hello .
2020-08-11 01:48:08,093 	Reference:  hallo ,
2020-08-11 01:48:08,093 	Hypothesis: hallo .
2020-08-11 01:48:08,093 Example #1
2020-08-11 01:48:08,093 	Raw source:     ['hi', ',', 'how', 'can', 'i', 'help', 'you', '?']
2020-08-11 01:48:08,093 	Raw hypothesis: ['hallo', ',', 'wie', 'kann', 'ich', 'ihnen', 'helfen', '?']
2020-08-11 01:48:08,093 	Source:     hi , how can i help you ?
2020-08-11 01:48:08,093 	Reference:  hallo , wie kann ich ihnen helfen ?
2020-08-11 01:48:08,093 	Hypothesis: hallo , wie kann ich ihnen helfen ?
2020-08-11 01:48:08,093 Example #2
2020-08-11 01:48:08,093 	Raw source:     ['hi', ',', 'i', '&apos;m', 'looking', 'for', 'a', 'restaurant', 'inside', 'the', 'arden', 'fair', 'mall', 'in', 'san', 'francisco', ',', 'california', '.']
2020-08-11 01:48:08,094 	Raw hypothesis: ['hallo', ',', 'ich', 'suche', 'ein', 'restaurant', 'in', 'san', 'francisco', ',', 'kalifornien', ',', 'kalifornien', ',', 'kalifornien', ',', 'in', 'san', 'francisco', ',', 'kalifornien', ',', 'kalifornien', ',', 'kalifornien', ',', 'kalifornien', ',', 'kalifornien', ',', 'kalifornien', ',', 'kalifornien', ',', 'kalifornien', ',', 'kalifornien', ',', 'kalifornien', ',', 'kalifornien', ',', 'kalifornien', ',', 'kalifornien', ',', 'kalifornien', ',', 'kalifornien', ',', 'kalifornien', ',', 'kalifornien', ',', 'kalifornien', ',', 'kalifornien', ',', 'kalifornien', ',', 'kalifornien', ',', 'kalifornien', ',', 'kalifornien', ',', 'kalifornien', ',', 'kalifornien', ',', 'kalifornien', ',', 'kalifornien', ',', 'kalifornien', ',', 'kalifornien', ',', 'kalifornien', ',', 'kalifornien', ',', 'kalifornien', ',', 'kalifornien', ',', 'kalifornien', ',', 'kalifornien', ',', 'kalifornien', ',', 'kalifornien', ',', 'kalifornien', ',', 'kalifornien', ',', 'kalifornien', ',']
2020-08-11 01:48:08,094 	Source:     hi , i &apos;m looking for a restaurant inside the arden fair mall in san francisco , california .
2020-08-11 01:48:08,094 	Reference:  hallo , ich bin auf der suche nach einem restaurant im arden fair einkaufszentrum in san francisco , kalifornien .
2020-08-11 01:48:08,094 	Hypothesis: hallo , ich suche ein restaurant in san francisco , kalifornien , kalifornien , kalifornien , in san francisco , kalifornien , kalifornien , kalifornien , kalifornien , kalifornien , kalifornien , kalifornien , kalifornien , kalifornien , kalifornien , kalifornien , kalifornien , kalifornien , kalifornien , kalifornien , kalifornien , kalifornien , kalifornien , kalifornien , kalifornien , kalifornien , kalifornien , kalifornien , kalifornien , kalifornien , kalifornien , kalifornien , kalifornien , kalifornien , kalifornien , kalifornien , kalifornien , kalifornien , kalifornien , kalifornien , kalifornien , kalifornien , kalifornien , kalifornien , kalifornien ,
2020-08-11 01:48:08,094 Example #3
2020-08-11 01:48:08,094 	Raw source:     ['ok', ',', 'what', 'type', 'of', 'restaurant', 'are', 'you', 'looking', 'for', '?']
2020-08-11 01:48:08,094 	Raw hypothesis: ['ok', ',', 'nach', 'welcher', 'art', 'von', 'restaurant', 'suchen', 'sie', '?']
2020-08-11 01:48:08,094 	Source:     ok , what type of restaurant are you looking for ?
2020-08-11 01:48:08,094 	Reference:  ok . welche art von restaurant suchen sie denn genau ?
2020-08-11 01:48:08,094 	Hypothesis: ok , nach welcher art von restaurant suchen sie ?
2020-08-11 01:48:08,094 Validation result (greedy) at epoch   9, step      800: bleu:  20.01, loss: 15812.3418, ppl:  11.8305, duration: 42.7994s
2020-08-11 01:48:19,782 Epoch   9: total training loss 113.52
2020-08-11 01:48:19,783 EPOCH 10
2020-08-11 01:48:21,289 Epoch  10 Step:      900 Batch Loss:     1.197804 Tokens per Sec:     5173, Lr: 0.000200
2020-08-11 01:48:32,555 Epoch  10: total training loss 93.77
2020-08-11 01:48:32,556 EPOCH 11
2020-08-11 01:48:34,157 Epoch  11 Step:     1000 Batch Loss:     0.690701 Tokens per Sec:     4842, Lr: 0.000200
2020-08-11 01:48:50,411 Hooray! New best validation result [ppl]!
2020-08-11 01:48:50,411 Saving new checkpoint.
2020-08-11 01:48:54,898 Example #0
2020-08-11 01:48:54,898 	Raw source:     ['hello', '.']
2020-08-11 01:48:54,898 	Raw hypothesis: ['hallo', ',']
2020-08-11 01:48:54,898 	Source:     hello .
2020-08-11 01:48:54,898 	Reference:  hallo ,
2020-08-11 01:48:54,898 	Hypothesis: hallo ,
2020-08-11 01:48:54,898 Example #1
2020-08-11 01:48:54,898 	Raw source:     ['hi', ',', 'how', 'can', 'i', 'help', 'you', '?']
2020-08-11 01:48:54,898 	Raw hypothesis: ['hallo', ',', 'wie', 'kann', 'ich', 'ihnen', 'helfen', '?']
2020-08-11 01:48:54,898 	Source:     hi , how can i help you ?
2020-08-11 01:48:54,898 	Reference:  hallo , wie kann ich ihnen helfen ?
2020-08-11 01:48:54,899 	Hypothesis: hallo , wie kann ich ihnen helfen ?
2020-08-11 01:48:54,899 Example #2
2020-08-11 01:48:54,899 	Raw source:     ['hi', ',', 'i', '&apos;m', 'looking', 'for', 'a', 'restaurant', 'inside', 'the', 'arden', 'fair', 'mall', 'in', 'san', 'francisco', ',', 'california', '.']
2020-08-11 01:48:54,899 	Raw hypothesis: ['hallo', ',', 'ich', 'suche', 'ein', 'restaurant', 'in', 'san', 'francisco', ',', 'kalifornien', ',', 'in', 'san', 'francisco', ',', 'kalifornien', '.']
2020-08-11 01:48:54,899 	Source:     hi , i &apos;m looking for a restaurant inside the arden fair mall in san francisco , california .
2020-08-11 01:48:54,899 	Reference:  hallo , ich bin auf der suche nach einem restaurant im arden fair einkaufszentrum in san francisco , kalifornien .
2020-08-11 01:48:54,899 	Hypothesis: hallo , ich suche ein restaurant in san francisco , kalifornien , in san francisco , kalifornien .
2020-08-11 01:48:54,899 Example #3
2020-08-11 01:48:54,899 	Raw source:     ['ok', ',', 'what', 'type', 'of', 'restaurant', 'are', 'you', 'looking', 'for', '?']
2020-08-11 01:48:54,899 	Raw hypothesis: ['ok', ',', 'nach', 'welcher', 'art', 'von', 'restaurant', 'suchen', 'sie', '?']
2020-08-11 01:48:54,899 	Source:     ok , what type of restaurant are you looking for ?
2020-08-11 01:48:54,899 	Reference:  ok . welche art von restaurant suchen sie denn genau ?
2020-08-11 01:48:54,899 	Hypothesis: ok , nach welcher art von restaurant suchen sie ?
2020-08-11 01:48:54,899 Validation result (greedy) at epoch  11, step     1000: bleu:  32.96, loss: 15172.5371, ppl:  10.7050, duration: 20.7419s
2020-08-11 01:49:06,142 Epoch  11: total training loss 74.47
2020-08-11 01:49:06,142 EPOCH 12
2020-08-11 01:49:07,954 Epoch  12 Step:     1100 Batch Loss:     0.515891 Tokens per Sec:     5000, Lr: 0.000200
2020-08-11 01:49:18,946 Epoch  12: total training loss 69.20
2020-08-11 01:49:18,946 EPOCH 13
2020-08-11 01:49:20,800 Epoch  13 Step:     1200 Batch Loss:     0.505760 Tokens per Sec:     5264, Lr: 0.000200
2020-08-11 01:49:38,043 Example #0
2020-08-11 01:49:38,043 	Raw source:     ['hello', '.']
2020-08-11 01:49:38,043 	Raw hypothesis: ['hallo', '.']
2020-08-11 01:49:38,043 	Source:     hello .
2020-08-11 01:49:38,043 	Reference:  hallo ,
2020-08-11 01:49:38,043 	Hypothesis: hallo .
2020-08-11 01:49:38,043 Example #1
2020-08-11 01:49:38,043 	Raw source:     ['hi', ',', 'how', 'can', 'i', 'help', 'you', '?']
2020-08-11 01:49:38,043 	Raw hypothesis: ['hallo', ',', 'wie', 'kann', 'ich', 'ihnen', 'helfen', '?']
2020-08-11 01:49:38,043 	Source:     hi , how can i help you ?
2020-08-11 01:49:38,043 	Reference:  hallo , wie kann ich ihnen helfen ?
2020-08-11 01:49:38,043 	Hypothesis: hallo , wie kann ich ihnen helfen ?
2020-08-11 01:49:38,043 Example #2
2020-08-11 01:49:38,043 	Raw source:     ['hi', ',', 'i', '&apos;m', 'looking', 'for', 'a', 'restaurant', 'inside', 'the', 'arden', 'fair', 'mall', 'in', 'san', 'francisco', ',', 'california', '.']
2020-08-11 01:49:38,043 	Raw hypothesis: ['hallo', ',', 'ich', 'suche', 'ein', 'restaurant', 'zum', 'abendessen', 'in', 'san', 'francisco', ',', 'kalifornien', '.']
2020-08-11 01:49:38,043 	Source:     hi , i &apos;m looking for a restaurant inside the arden fair mall in san francisco , california .
2020-08-11 01:49:38,043 	Reference:  hallo , ich bin auf der suche nach einem restaurant im arden fair einkaufszentrum in san francisco , kalifornien .
2020-08-11 01:49:38,043 	Hypothesis: hallo , ich suche ein restaurant zum abendessen in san francisco , kalifornien .
2020-08-11 01:49:38,043 Example #3
2020-08-11 01:49:38,043 	Raw source:     ['ok', ',', 'what', 'type', 'of', 'restaurant', 'are', 'you', 'looking', 'for', '?']
2020-08-11 01:49:38,043 	Raw hypothesis: ['ok', ',', 'nach', 'welcher', 'art', 'von', 'restaurant', 'suchen', 'sie', '?']
2020-08-11 01:49:38,043 	Source:     ok , what type of restaurant are you looking for ?
2020-08-11 01:49:38,043 	Reference:  ok . welche art von restaurant suchen sie denn genau ?
2020-08-11 01:49:38,043 	Hypothesis: ok , nach welcher art von restaurant suchen sie ?
2020-08-11 01:49:38,044 Validation result (greedy) at epoch  13, step     1200: bleu:  32.56, loss: 15367.3389, ppl:  11.0358, duration: 17.2428s
2020-08-11 01:49:49,102 Epoch  13: total training loss 59.77
2020-08-11 01:49:49,103 EPOCH 14
2020-08-11 01:49:50,882 Epoch  14 Step:     1300 Batch Loss:     0.186868 Tokens per Sec:     4944, Lr: 0.000200
2020-08-11 01:50:01,965 Epoch  14: total training loss 51.27
2020-08-11 01:50:01,966 EPOCH 15
2020-08-11 01:50:03,912 Epoch  15 Step:     1400 Batch Loss:     0.298161 Tokens per Sec:     4980, Lr: 0.000200
2020-08-11 01:50:17,532 Example #0
2020-08-11 01:50:17,532 	Raw source:     ['hello', '.']
2020-08-11 01:50:17,532 	Raw hypothesis: ['hallo', '.']
2020-08-11 01:50:17,532 	Source:     hello .
2020-08-11 01:50:17,532 	Reference:  hallo ,
2020-08-11 01:50:17,532 	Hypothesis: hallo .
2020-08-11 01:50:17,532 Example #1
2020-08-11 01:50:17,532 	Raw source:     ['hi', ',', 'how', 'can', 'i', 'help', 'you', '?']
2020-08-11 01:50:17,532 	Raw hypothesis: ['hallo', ',', 'wie', 'kann', 'ich', 'ihnen', 'helfen', '?']
2020-08-11 01:50:17,532 	Source:     hi , how can i help you ?
2020-08-11 01:50:17,532 	Reference:  hallo , wie kann ich ihnen helfen ?
2020-08-11 01:50:17,532 	Hypothesis: hallo , wie kann ich ihnen helfen ?
2020-08-11 01:50:17,532 Example #2
2020-08-11 01:50:17,532 	Raw source:     ['hi', ',', 'i', '&apos;m', 'looking', 'for', 'a', 'restaurant', 'inside', 'the', 'arden', 'fair', 'mall', 'in', 'san', 'francisco', ',', 'california', '.']
2020-08-11 01:50:17,532 	Raw hypothesis: ['hallo', ',', 'ich', 'suche', 'ein', 'restaurant', 'in', 'san', 'francisco', ',', 'kalifornien', ',', 'in', 'san', 'francisco', ',', 'kalifornien', ',', 'in', 'san', 'francisco', ',', 'kalifornien', '.']
2020-08-11 01:50:17,533 	Source:     hi , i &apos;m looking for a restaurant inside the arden fair mall in san francisco , california .
2020-08-11 01:50:17,533 	Reference:  hallo , ich bin auf der suche nach einem restaurant im arden fair einkaufszentrum in san francisco , kalifornien .
2020-08-11 01:50:17,533 	Hypothesis: hallo , ich suche ein restaurant in san francisco , kalifornien , in san francisco , kalifornien , in san francisco , kalifornien .
2020-08-11 01:50:17,533 Example #3
2020-08-11 01:50:17,533 	Raw source:     ['ok', ',', 'what', 'type', 'of', 'restaurant', 'are', 'you', 'looking', 'for', '?']
2020-08-11 01:50:17,533 	Raw hypothesis: ['ok', ',', 'nach', 'welcher', 'art', 'von', 'restaurant', 'suchen', 'sie', '?']
2020-08-11 01:50:17,533 	Source:     ok , what type of restaurant are you looking for ?
2020-08-11 01:50:17,533 	Reference:  ok . welche art von restaurant suchen sie denn genau ?
2020-08-11 01:50:17,533 	Hypothesis: ok , nach welcher art von restaurant suchen sie ?
2020-08-11 01:50:17,533 Validation result (greedy) at epoch  15, step     1400: bleu:  34.47, loss: 15623.4307, ppl:  11.4864, duration: 13.6208s
2020-08-11 01:50:28,419 Epoch  15: total training loss 38.53
2020-08-11 01:50:28,419 EPOCH 16
2020-08-11 01:50:30,634 Epoch  16 Step:     1500 Batch Loss:     0.524136 Tokens per Sec:     4889, Lr: 0.000200
2020-08-11 01:50:41,309 Epoch  16: total training loss 31.09
2020-08-11 01:50:41,309 EPOCH 17
2020-08-11 01:50:43,604 Epoch  17 Step:     1600 Batch Loss:     0.224150 Tokens per Sec:     4979, Lr: 0.000200
2020-08-11 01:51:02,453 Example #0
2020-08-11 01:51:02,453 	Raw source:     ['hello', '.']
2020-08-11 01:51:02,453 	Raw hypothesis: ['hallo', '.']
2020-08-11 01:51:02,453 	Source:     hello .
2020-08-11 01:51:02,453 	Reference:  hallo ,
2020-08-11 01:51:02,453 	Hypothesis: hallo .
2020-08-11 01:51:02,453 Example #1
2020-08-11 01:51:02,453 	Raw source:     ['hi', ',', 'how', 'can', 'i', 'help', 'you', '?']
2020-08-11 01:51:02,453 	Raw hypothesis: ['hallo', ',', 'wie', 'kann', 'ich', 'ihnen', 'helfen', '?']
2020-08-11 01:51:02,453 	Source:     hi , how can i help you ?
2020-08-11 01:51:02,453 	Reference:  hallo , wie kann ich ihnen helfen ?
2020-08-11 01:51:02,453 	Hypothesis: hallo , wie kann ich ihnen helfen ?
2020-08-11 01:51:02,453 Example #2
2020-08-11 01:51:02,453 	Raw source:     ['hi', ',', 'i', '&apos;m', 'looking', 'for', 'a', 'restaurant', 'inside', 'the', 'arden', 'fair', 'mall', 'in', 'san', 'francisco', ',', 'california', '.']
2020-08-11 01:51:02,453 	Raw hypothesis: ['hallo', ',', 'ich', 'suche', 'ein', 'restaurant', 'in', 'sacramento', ',', 'kalifornien', ',', 'in', 'san', 'francisco', ',', 'kalifornien', ',', 'kalifornien', '.']
2020-08-11 01:51:02,453 	Source:     hi , i &apos;m looking for a restaurant inside the arden fair mall in san francisco , california .
2020-08-11 01:51:02,453 	Reference:  hallo , ich bin auf der suche nach einem restaurant im arden fair einkaufszentrum in san francisco , kalifornien .
2020-08-11 01:51:02,453 	Hypothesis: hallo , ich suche ein restaurant in sacramento , kalifornien , in san francisco , kalifornien , kalifornien .
2020-08-11 01:51:02,453 Example #3
2020-08-11 01:51:02,453 	Raw source:     ['ok', ',', 'what', 'type', 'of', 'restaurant', 'are', 'you', 'looking', 'for', '?']
2020-08-11 01:51:02,453 	Raw hypothesis: ['ok', ',', 'nach', 'welcher', 'art', 'von', 'restaurant', 'suchen', 'sie', '?']
2020-08-11 01:51:02,453 	Source:     ok , what type of restaurant are you looking for ?
2020-08-11 01:51:02,454 	Reference:  ok . welche art von restaurant suchen sie denn genau ?
2020-08-11 01:51:02,454 	Hypothesis: ok , nach welcher art von restaurant suchen sie ?
2020-08-11 01:51:02,454 Validation result (greedy) at epoch  17, step     1600: bleu:  33.33, loss: 15437.7461, ppl:  11.1579, duration: 18.8495s
2020-08-11 01:51:12,952 Epoch  17: total training loss 29.00
2020-08-11 01:51:12,952 EPOCH 18
2020-08-11 01:51:15,486 Epoch  18 Step:     1700 Batch Loss:     0.216234 Tokens per Sec:     5003, Lr: 0.000200
2020-08-11 01:51:25,852 Epoch  18: total training loss 25.49
2020-08-11 01:51:25,852 EPOCH 19
2020-08-11 01:51:28,502 Epoch  19 Step:     1800 Batch Loss:     0.423483 Tokens per Sec:     4993, Lr: 0.000200
2020-08-11 01:51:42,526 Example #0
2020-08-11 01:51:42,527 	Raw source:     ['hello', '.']
2020-08-11 01:51:42,527 	Raw hypothesis: ['hallo', '!']
2020-08-11 01:51:42,527 	Source:     hello .
2020-08-11 01:51:42,527 	Reference:  hallo ,
2020-08-11 01:51:42,527 	Hypothesis: hallo !
2020-08-11 01:51:42,527 Example #1
2020-08-11 01:51:42,527 	Raw source:     ['hi', ',', 'how', 'can', 'i', 'help', 'you', '?']
2020-08-11 01:51:42,527 	Raw hypothesis: ['hallo', ',', 'wie', 'kann', 'ich', 'ihnen', 'helfen', '?']
2020-08-11 01:51:42,527 	Source:     hi , how can i help you ?
2020-08-11 01:51:42,527 	Reference:  hallo , wie kann ich ihnen helfen ?
2020-08-11 01:51:42,527 	Hypothesis: hallo , wie kann ich ihnen helfen ?
2020-08-11 01:51:42,527 Example #2
2020-08-11 01:51:42,527 	Raw source:     ['hi', ',', 'i', '&apos;m', 'looking', 'for', 'a', 'restaurant', 'inside', 'the', 'arden', 'fair', 'mall', 'in', 'san', 'francisco', ',', 'california', '.']
2020-08-11 01:51:42,527 	Raw hypothesis: ['hallo', ',', 'ich', 'suche', 'ein', 'restaurant', 'in', 'san', 'francisco', ',', 'kalifornien', ',', 'in', 'san', 'francisco', ',', 'kalifornien', ',', 'in', 'san', 'francisco', ',', 'kalifornien', ',', 'in', 'san', 'francisco', '.']
2020-08-11 01:51:42,527 	Source:     hi , i &apos;m looking for a restaurant inside the arden fair mall in san francisco , california .
2020-08-11 01:51:42,527 	Reference:  hallo , ich bin auf der suche nach einem restaurant im arden fair einkaufszentrum in san francisco , kalifornien .
2020-08-11 01:51:42,527 	Hypothesis: hallo , ich suche ein restaurant in san francisco , kalifornien , in san francisco , kalifornien , in san francisco , kalifornien , in san francisco .
2020-08-11 01:51:42,527 Example #3
2020-08-11 01:51:42,527 	Raw source:     ['ok', ',', 'what', 'type', 'of', 'restaurant', 'are', 'you', 'looking', 'for', '?']
2020-08-11 01:51:42,527 	Raw hypothesis: ['ok', ',', 'nach', 'welcher', 'art', 'von', 'restaurant', 'suchen', 'sie', '?']
2020-08-11 01:51:42,527 	Source:     ok , what type of restaurant are you looking for ?
2020-08-11 01:51:42,527 	Reference:  ok . welche art von restaurant suchen sie denn genau ?
2020-08-11 01:51:42,527 	Hypothesis: ok , nach welcher art von restaurant suchen sie ?
2020-08-11 01:51:42,527 Validation result (greedy) at epoch  19, step     1800: bleu:  34.15, loss: 15442.6777, ppl:  11.1665, duration: 14.0254s
2020-08-11 01:51:52,774 Epoch  19: total training loss 22.88
2020-08-11 01:51:52,774 EPOCH 20
2020-08-11 01:51:55,642 Epoch  20 Step:     1900 Batch Loss:     0.239783 Tokens per Sec:     4999, Lr: 0.000200
2020-08-11 01:52:05,780 Epoch  20: total training loss 23.05
2020-08-11 01:52:05,780 Training ended after  20 epochs.
2020-08-11 01:52:05,780 Best validation result (greedy) at step     1000:  10.70 ppl.
