2020-08-10 06:38:39,007 Hello! This is Joey-NMT.
2020-08-10 06:38:40,344 Total params: 9944832
2020-08-10 06:38:40,346 Trainable parameters: ['decoder.layer_norm.bias', 'decoder.layer_norm.weight', 'decoder.layers.0.dec_layer_norm.bias', 'decoder.layers.0.dec_layer_norm.weight', 'decoder.layers.0.feed_forward.layer_norm.bias', 'decoder.layers.0.feed_forward.layer_norm.weight', 'decoder.layers.0.feed_forward.pwff_layer.0.bias', 'decoder.layers.0.feed_forward.pwff_layer.0.weight', 'decoder.layers.0.feed_forward.pwff_layer.3.bias', 'decoder.layers.0.feed_forward.pwff_layer.3.weight', 'decoder.layers.0.src_trg_att.k_layer.bias', 'decoder.layers.0.src_trg_att.k_layer.weight', 'decoder.layers.0.src_trg_att.output_layer.bias', 'decoder.layers.0.src_trg_att.output_layer.weight', 'decoder.layers.0.src_trg_att.q_layer.bias', 'decoder.layers.0.src_trg_att.q_layer.weight', 'decoder.layers.0.src_trg_att.v_layer.bias', 'decoder.layers.0.src_trg_att.v_layer.weight', 'decoder.layers.0.trg_trg_att.k_layer.bias', 'decoder.layers.0.trg_trg_att.k_layer.weight', 'decoder.layers.0.trg_trg_att.output_layer.bias', 'decoder.layers.0.trg_trg_att.output_layer.weight', 'decoder.layers.0.trg_trg_att.q_layer.bias', 'decoder.layers.0.trg_trg_att.q_layer.weight', 'decoder.layers.0.trg_trg_att.v_layer.bias', 'decoder.layers.0.trg_trg_att.v_layer.weight', 'decoder.layers.0.x_layer_norm.bias', 'decoder.layers.0.x_layer_norm.weight', 'decoder.layers.1.dec_layer_norm.bias', 'decoder.layers.1.dec_layer_norm.weight', 'decoder.layers.1.feed_forward.layer_norm.bias', 'decoder.layers.1.feed_forward.layer_norm.weight', 'decoder.layers.1.feed_forward.pwff_layer.0.bias', 'decoder.layers.1.feed_forward.pwff_layer.0.weight', 'decoder.layers.1.feed_forward.pwff_layer.3.bias', 'decoder.layers.1.feed_forward.pwff_layer.3.weight', 'decoder.layers.1.src_trg_att.k_layer.bias', 'decoder.layers.1.src_trg_att.k_layer.weight', 'decoder.layers.1.src_trg_att.output_layer.bias', 'decoder.layers.1.src_trg_att.output_layer.weight', 'decoder.layers.1.src_trg_att.q_layer.bias', 'decoder.layers.1.src_trg_att.q_layer.weight', 'decoder.layers.1.src_trg_att.v_layer.bias', 'decoder.layers.1.src_trg_att.v_layer.weight', 'decoder.layers.1.trg_trg_att.k_layer.bias', 'decoder.layers.1.trg_trg_att.k_layer.weight', 'decoder.layers.1.trg_trg_att.output_layer.bias', 'decoder.layers.1.trg_trg_att.output_layer.weight', 'decoder.layers.1.trg_trg_att.q_layer.bias', 'decoder.layers.1.trg_trg_att.q_layer.weight', 'decoder.layers.1.trg_trg_att.v_layer.bias', 'decoder.layers.1.trg_trg_att.v_layer.weight', 'decoder.layers.1.x_layer_norm.bias', 'decoder.layers.1.x_layer_norm.weight', 'decoder.layers.2.dec_layer_norm.bias', 'decoder.layers.2.dec_layer_norm.weight', 'decoder.layers.2.feed_forward.layer_norm.bias', 'decoder.layers.2.feed_forward.layer_norm.weight', 'decoder.layers.2.feed_forward.pwff_layer.0.bias', 'decoder.layers.2.feed_forward.pwff_layer.0.weight', 'decoder.layers.2.feed_forward.pwff_layer.3.bias', 'decoder.layers.2.feed_forward.pwff_layer.3.weight', 'decoder.layers.2.src_trg_att.k_layer.bias', 'decoder.layers.2.src_trg_att.k_layer.weight', 'decoder.layers.2.src_trg_att.output_layer.bias', 'decoder.layers.2.src_trg_att.output_layer.weight', 'decoder.layers.2.src_trg_att.q_layer.bias', 'decoder.layers.2.src_trg_att.q_layer.weight', 'decoder.layers.2.src_trg_att.v_layer.bias', 'decoder.layers.2.src_trg_att.v_layer.weight', 'decoder.layers.2.trg_trg_att.k_layer.bias', 'decoder.layers.2.trg_trg_att.k_layer.weight', 'decoder.layers.2.trg_trg_att.output_layer.bias', 'decoder.layers.2.trg_trg_att.output_layer.weight', 'decoder.layers.2.trg_trg_att.q_layer.bias', 'decoder.layers.2.trg_trg_att.q_layer.weight', 'decoder.layers.2.trg_trg_att.v_layer.bias', 'decoder.layers.2.trg_trg_att.v_layer.weight', 'decoder.layers.2.x_layer_norm.bias', 'decoder.layers.2.x_layer_norm.weight', 'decoder.layers.3.dec_layer_norm.bias', 'decoder.layers.3.dec_layer_norm.weight', 'decoder.layers.3.feed_forward.layer_norm.bias', 'decoder.layers.3.feed_forward.layer_norm.weight', 'decoder.layers.3.feed_forward.pwff_layer.0.bias', 'decoder.layers.3.feed_forward.pwff_layer.0.weight', 'decoder.layers.3.feed_forward.pwff_layer.3.bias', 'decoder.layers.3.feed_forward.pwff_layer.3.weight', 'decoder.layers.3.src_trg_att.k_layer.bias', 'decoder.layers.3.src_trg_att.k_layer.weight', 'decoder.layers.3.src_trg_att.output_layer.bias', 'decoder.layers.3.src_trg_att.output_layer.weight', 'decoder.layers.3.src_trg_att.q_layer.bias', 'decoder.layers.3.src_trg_att.q_layer.weight', 'decoder.layers.3.src_trg_att.v_layer.bias', 'decoder.layers.3.src_trg_att.v_layer.weight', 'decoder.layers.3.trg_trg_att.k_layer.bias', 'decoder.layers.3.trg_trg_att.k_layer.weight', 'decoder.layers.3.trg_trg_att.output_layer.bias', 'decoder.layers.3.trg_trg_att.output_layer.weight', 'decoder.layers.3.trg_trg_att.q_layer.bias', 'decoder.layers.3.trg_trg_att.q_layer.weight', 'decoder.layers.3.trg_trg_att.v_layer.bias', 'decoder.layers.3.trg_trg_att.v_layer.weight', 'decoder.layers.3.x_layer_norm.bias', 'decoder.layers.3.x_layer_norm.weight', 'decoder.layers.4.dec_layer_norm.bias', 'decoder.layers.4.dec_layer_norm.weight', 'decoder.layers.4.feed_forward.layer_norm.bias', 'decoder.layers.4.feed_forward.layer_norm.weight', 'decoder.layers.4.feed_forward.pwff_layer.0.bias', 'decoder.layers.4.feed_forward.pwff_layer.0.weight', 'decoder.layers.4.feed_forward.pwff_layer.3.bias', 'decoder.layers.4.feed_forward.pwff_layer.3.weight', 'decoder.layers.4.src_trg_att.k_layer.bias', 'decoder.layers.4.src_trg_att.k_layer.weight', 'decoder.layers.4.src_trg_att.output_layer.bias', 'decoder.layers.4.src_trg_att.output_layer.weight', 'decoder.layers.4.src_trg_att.q_layer.bias', 'decoder.layers.4.src_trg_att.q_layer.weight', 'decoder.layers.4.src_trg_att.v_layer.bias', 'decoder.layers.4.src_trg_att.v_layer.weight', 'decoder.layers.4.trg_trg_att.k_layer.bias', 'decoder.layers.4.trg_trg_att.k_layer.weight', 'decoder.layers.4.trg_trg_att.output_layer.bias', 'decoder.layers.4.trg_trg_att.output_layer.weight', 'decoder.layers.4.trg_trg_att.q_layer.bias', 'decoder.layers.4.trg_trg_att.q_layer.weight', 'decoder.layers.4.trg_trg_att.v_layer.bias', 'decoder.layers.4.trg_trg_att.v_layer.weight', 'decoder.layers.4.x_layer_norm.bias', 'decoder.layers.4.x_layer_norm.weight', 'decoder.layers.5.dec_layer_norm.bias', 'decoder.layers.5.dec_layer_norm.weight', 'decoder.layers.5.feed_forward.layer_norm.bias', 'decoder.layers.5.feed_forward.layer_norm.weight', 'decoder.layers.5.feed_forward.pwff_layer.0.bias', 'decoder.layers.5.feed_forward.pwff_layer.0.weight', 'decoder.layers.5.feed_forward.pwff_layer.3.bias', 'decoder.layers.5.feed_forward.pwff_layer.3.weight', 'decoder.layers.5.src_trg_att.k_layer.bias', 'decoder.layers.5.src_trg_att.k_layer.weight', 'decoder.layers.5.src_trg_att.output_layer.bias', 'decoder.layers.5.src_trg_att.output_layer.weight', 'decoder.layers.5.src_trg_att.q_layer.bias', 'decoder.layers.5.src_trg_att.q_layer.weight', 'decoder.layers.5.src_trg_att.v_layer.bias', 'decoder.layers.5.src_trg_att.v_layer.weight', 'decoder.layers.5.trg_trg_att.k_layer.bias', 'decoder.layers.5.trg_trg_att.k_layer.weight', 'decoder.layers.5.trg_trg_att.output_layer.bias', 'decoder.layers.5.trg_trg_att.output_layer.weight', 'decoder.layers.5.trg_trg_att.q_layer.bias', 'decoder.layers.5.trg_trg_att.q_layer.weight', 'decoder.layers.5.trg_trg_att.v_layer.bias', 'decoder.layers.5.trg_trg_att.v_layer.weight', 'decoder.layers.5.x_layer_norm.bias', 'decoder.layers.5.x_layer_norm.weight', 'encoder.layer_norm.bias', 'encoder.layer_norm.weight', 'encoder.layers.0.feed_forward.layer_norm.bias', 'encoder.layers.0.feed_forward.layer_norm.weight', 'encoder.layers.0.feed_forward.pwff_layer.0.bias', 'encoder.layers.0.feed_forward.pwff_layer.0.weight', 'encoder.layers.0.feed_forward.pwff_layer.3.bias', 'encoder.layers.0.feed_forward.pwff_layer.3.weight', 'encoder.layers.0.layer_norm.bias', 'encoder.layers.0.layer_norm.weight', 'encoder.layers.0.src_src_att.k_layer.bias', 'encoder.layers.0.src_src_att.k_layer.weight', 'encoder.layers.0.src_src_att.output_layer.bias', 'encoder.layers.0.src_src_att.output_layer.weight', 'encoder.layers.0.src_src_att.q_layer.bias', 'encoder.layers.0.src_src_att.q_layer.weight', 'encoder.layers.0.src_src_att.v_layer.bias', 'encoder.layers.0.src_src_att.v_layer.weight', 'encoder.layers.1.feed_forward.layer_norm.bias', 'encoder.layers.1.feed_forward.layer_norm.weight', 'encoder.layers.1.feed_forward.pwff_layer.0.bias', 'encoder.layers.1.feed_forward.pwff_layer.0.weight', 'encoder.layers.1.feed_forward.pwff_layer.3.bias', 'encoder.layers.1.feed_forward.pwff_layer.3.weight', 'encoder.layers.1.layer_norm.bias', 'encoder.layers.1.layer_norm.weight', 'encoder.layers.1.src_src_att.k_layer.bias', 'encoder.layers.1.src_src_att.k_layer.weight', 'encoder.layers.1.src_src_att.output_layer.bias', 'encoder.layers.1.src_src_att.output_layer.weight', 'encoder.layers.1.src_src_att.q_layer.bias', 'encoder.layers.1.src_src_att.q_layer.weight', 'encoder.layers.1.src_src_att.v_layer.bias', 'encoder.layers.1.src_src_att.v_layer.weight', 'encoder.layers.2.feed_forward.layer_norm.bias', 'encoder.layers.2.feed_forward.layer_norm.weight', 'encoder.layers.2.feed_forward.pwff_layer.0.bias', 'encoder.layers.2.feed_forward.pwff_layer.0.weight', 'encoder.layers.2.feed_forward.pwff_layer.3.bias', 'encoder.layers.2.feed_forward.pwff_layer.3.weight', 'encoder.layers.2.layer_norm.bias', 'encoder.layers.2.layer_norm.weight', 'encoder.layers.2.src_src_att.k_layer.bias', 'encoder.layers.2.src_src_att.k_layer.weight', 'encoder.layers.2.src_src_att.output_layer.bias', 'encoder.layers.2.src_src_att.output_layer.weight', 'encoder.layers.2.src_src_att.q_layer.bias', 'encoder.layers.2.src_src_att.q_layer.weight', 'encoder.layers.2.src_src_att.v_layer.bias', 'encoder.layers.2.src_src_att.v_layer.weight', 'encoder.layers.3.feed_forward.layer_norm.bias', 'encoder.layers.3.feed_forward.layer_norm.weight', 'encoder.layers.3.feed_forward.pwff_layer.0.bias', 'encoder.layers.3.feed_forward.pwff_layer.0.weight', 'encoder.layers.3.feed_forward.pwff_layer.3.bias', 'encoder.layers.3.feed_forward.pwff_layer.3.weight', 'encoder.layers.3.layer_norm.bias', 'encoder.layers.3.layer_norm.weight', 'encoder.layers.3.src_src_att.k_layer.bias', 'encoder.layers.3.src_src_att.k_layer.weight', 'encoder.layers.3.src_src_att.output_layer.bias', 'encoder.layers.3.src_src_att.output_layer.weight', 'encoder.layers.3.src_src_att.q_layer.bias', 'encoder.layers.3.src_src_att.q_layer.weight', 'encoder.layers.3.src_src_att.v_layer.bias', 'encoder.layers.3.src_src_att.v_layer.weight', 'encoder.layers.4.feed_forward.layer_norm.bias', 'encoder.layers.4.feed_forward.layer_norm.weight', 'encoder.layers.4.feed_forward.pwff_layer.0.bias', 'encoder.layers.4.feed_forward.pwff_layer.0.weight', 'encoder.layers.4.feed_forward.pwff_layer.3.bias', 'encoder.layers.4.feed_forward.pwff_layer.3.weight', 'encoder.layers.4.layer_norm.bias', 'encoder.layers.4.layer_norm.weight', 'encoder.layers.4.src_src_att.k_layer.bias', 'encoder.layers.4.src_src_att.k_layer.weight', 'encoder.layers.4.src_src_att.output_layer.bias', 'encoder.layers.4.src_src_att.output_layer.weight', 'encoder.layers.4.src_src_att.q_layer.bias', 'encoder.layers.4.src_src_att.q_layer.weight', 'encoder.layers.4.src_src_att.v_layer.bias', 'encoder.layers.4.src_src_att.v_layer.weight', 'encoder.layers.5.feed_forward.layer_norm.bias', 'encoder.layers.5.feed_forward.layer_norm.weight', 'encoder.layers.5.feed_forward.pwff_layer.0.bias', 'encoder.layers.5.feed_forward.pwff_layer.0.weight', 'encoder.layers.5.feed_forward.pwff_layer.3.bias', 'encoder.layers.5.feed_forward.pwff_layer.3.weight', 'encoder.layers.5.layer_norm.bias', 'encoder.layers.5.layer_norm.weight', 'encoder.layers.5.src_src_att.k_layer.bias', 'encoder.layers.5.src_src_att.k_layer.weight', 'encoder.layers.5.src_src_att.output_layer.bias', 'encoder.layers.5.src_src_att.output_layer.weight', 'encoder.layers.5.src_src_att.q_layer.bias', 'encoder.layers.5.src_src_att.q_layer.weight', 'encoder.layers.5.src_src_att.v_layer.bias', 'encoder.layers.5.src_src_att.v_layer.weight', 'src_embed.lut.weight', 'trg_embed.lut.weight']
2020-08-10 06:38:44,094 cfg.data.dev                       : chatnmt/multi_encoder/dev_subset.tags.bpe.10000
2020-08-10 06:38:44,094 cfg.data.level                     : bpe
2020-08-10 06:38:44,094 cfg.data.lowercase                 : False
2020-08-10 06:38:44,094 cfg.data.max_sent_length           : 100
2020-08-10 06:38:44,094 cfg.data.src                       : en
2020-08-10 06:38:44,094 cfg.data.test                      : chatnmt/multi_encoder/test.tags.bpe.10000
2020-08-10 06:38:44,094 cfg.data.train                     : chatnmt/multi_encoder/train_subset.tags.bpe.10000
2020-08-10 06:38:44,094 cfg.data.trg                       : de
2020-08-10 06:38:44,094 cfg.model.bias_initializer         : zeros
2020-08-10 06:38:44,094 cfg.model.decoder.dropout          : 0.1
2020-08-10 06:38:44,095 cfg.model.decoder.embeddings.dropout : 0.0
2020-08-10 06:38:44,095 cfg.model.decoder.embeddings.embedding_dim : 256
2020-08-10 06:38:44,095 cfg.model.decoder.embeddings.scale : True
2020-08-10 06:38:44,095 cfg.model.decoder.ff_size          : 512
2020-08-10 06:38:44,095 cfg.model.decoder.freeze           : False
2020-08-10 06:38:44,095 cfg.model.decoder.hidden_size      : 256
2020-08-10 06:38:44,095 cfg.model.decoder.num_heads        : 8
2020-08-10 06:38:44,095 cfg.model.decoder.num_layers       : 6
2020-08-10 06:38:44,095 cfg.model.decoder.type             : transformer
2020-08-10 06:38:44,095 cfg.model.embed_init_gain          : 1.0
2020-08-10 06:38:44,095 cfg.model.embed_initializer        : xavier
2020-08-10 06:38:44,095 cfg.model.encoder.dropout          : 0.3
2020-08-10 06:38:44,095 cfg.model.encoder.embeddings.dropout : 0.0
2020-08-10 06:38:44,095 cfg.model.encoder.embeddings.embedding_dim : 256
2020-08-10 06:38:44,095 cfg.model.encoder.embeddings.scale : True
2020-08-10 06:38:44,095 cfg.model.encoder.ff_size          : 512
2020-08-10 06:38:44,095 cfg.model.encoder.freeze           : False
2020-08-10 06:38:44,095 cfg.model.encoder.hidden_size      : 256
2020-08-10 06:38:44,095 cfg.model.encoder.multi_encoder    : False
2020-08-10 06:38:44,095 cfg.model.encoder.num_heads        : 16
2020-08-10 06:38:44,095 cfg.model.encoder.num_layers       : 6
2020-08-10 06:38:44,095 cfg.model.encoder.type             : transformer
2020-08-10 06:38:44,095 cfg.model.init_gain                : 1.0
2020-08-10 06:38:44,095 cfg.model.initializer              : xavier
2020-08-10 06:38:44,095 cfg.model.tied_embeddings          : False
2020-08-10 06:38:44,095 cfg.model.tied_softmax             : True
2020-08-10 06:38:44,095 cfg.name                           : transformer
2020-08-10 06:38:44,095 cfg.testing.alpha                  : 1.0
2020-08-10 06:38:44,095 cfg.testing.beam_size              : 5
2020-08-10 06:38:44,096 cfg.training.adam_betas            : [0.9, 0.999]
2020-08-10 06:38:44,096 cfg.training.batch_multiplier      : 1
2020-08-10 06:38:44,096 cfg.training.batch_size            : 1024
2020-08-10 06:38:44,096 cfg.training.batch_type            : token
2020-08-10 06:38:44,096 cfg.training.decrease_factor       : 0.7
2020-08-10 06:38:44,096 cfg.training.early_stopping_metric : ppl
2020-08-10 06:38:44,096 cfg.training.epochs                : 20
2020-08-10 06:38:44,096 cfg.training.eval_metric           : bleu
2020-08-10 06:38:44,096 cfg.training.keep_last_ckpts       : 3
2020-08-10 06:38:44,096 cfg.training.label_smoothing       : 0.1
2020-08-10 06:38:44,096 cfg.training.learning_rate         : 0.0002
2020-08-10 06:38:44,096 cfg.training.learning_rate_min     : 1e-08
2020-08-10 06:38:44,096 cfg.training.logging_freq          : 100
2020-08-10 06:38:44,096 cfg.training.loss                  : crossentropy
2020-08-10 06:38:44,096 cfg.training.max_output_length     : 100
2020-08-10 06:38:44,096 cfg.training.model_dir             : models/viznet/attempt3/16_8_0.3_256_256_1024_8_6
2020-08-10 06:38:44,096 cfg.training.normalization         : tokens
2020-08-10 06:38:44,096 cfg.training.optimizer             : adam
2020-08-10 06:38:44,096 cfg.training.overwrite             : True
2020-08-10 06:38:44,096 cfg.training.patience              : 8
2020-08-10 06:38:44,096 cfg.training.print_valid_sents     : [0, 1, 2, 3]
2020-08-10 06:38:44,096 cfg.training.random_seed           : 42
2020-08-10 06:38:44,096 cfg.training.scheduling            : plateau
2020-08-10 06:38:44,096 cfg.training.shuffle               : True
2020-08-10 06:38:44,096 cfg.training.use_cuda              : True
2020-08-10 06:38:44,096 cfg.training.validation_freq       : 200
2020-08-10 06:38:44,096 cfg.training.weight_decay          : 0.0
2020-08-10 06:38:44,096 Data set sizes: 
	train 5000,
	valid 500,
	test 1220
2020-08-10 06:38:44,097 First training example:
	[SRC] hi there ! how can i help ?
	[TRG] hallo ! wie kann ich helfen ?
2020-08-10 06:38:44,097 First 10 words (src): (0) <unk> (1) <pad> (2) <s> (3) </s> (4) . (5) , (6) ? (7) you (8) i (9) the
2020-08-10 06:38:44,097 First 10 words (trg): (0) <unk> (1) <pad> (2) <s> (3) </s> (4) . (5) , (6) ? (7) sie (8) ich (9) das
2020-08-10 06:38:44,097 Number of Src words (types): 3468
2020-08-10 06:38:44,098 Number of Trg words (types): 4487
2020-08-10 06:38:44,098 Model(
	encoder=TransformerEncoder(num_layers=6, num_heads=16),
	decoder=TransformerDecoder(num_layers=6, num_heads=8),
	src_embed=Embeddings(embedding_dim=256, vocab_size=3468),
	trg_embed=Embeddings(embedding_dim=256, vocab_size=4487))
2020-08-10 06:38:44,102 EPOCH 1
2020-08-10 06:38:49,946 Epoch   1: total training loss 544.58
2020-08-10 06:38:49,946 EPOCH 2
2020-08-10 06:38:50,079 Epoch   2 Step:      100 Batch Loss:     4.493063 Tokens per Sec:    10501, Lr: 0.000200
2020-08-10 06:38:55,828 Epoch   2: total training loss 462.87
2020-08-10 06:38:55,828 EPOCH 3
2020-08-10 06:38:56,015 Epoch   3 Step:      200 Batch Loss:     3.676988 Tokens per Sec:    10777, Lr: 0.000200
2020-08-10 06:39:13,753 Hooray! New best validation result [ppl]!
2020-08-10 06:39:13,753 Saving new checkpoint.
2020-08-10 06:39:14,042 Example #0
2020-08-10 06:39:14,042 	Raw source:     ['hello', '.']
2020-08-10 06:39:14,042 	Raw hypothesis: ['ja', '.']
2020-08-10 06:39:14,042 	Source:     hello .
2020-08-10 06:39:14,042 	Reference:  hallo ,
2020-08-10 06:39:14,042 	Hypothesis: ja .
2020-08-10 06:39:14,042 Example #1
2020-08-10 06:39:14,042 	Raw source:     ['hi', ',', 'how', 'can', 'i', 'help', 'you', '?']
2020-08-10 06:39:14,042 	Raw hypothesis: ['ich', ',', 'ich', 'sie', 'sie', 'sie', '?']
2020-08-10 06:39:14,042 	Source:     hi , how can i help you ?
2020-08-10 06:39:14,042 	Reference:  hallo , wie kann ich ihnen helfen ?
2020-08-10 06:39:14,042 	Hypothesis: ich , ich sie sie sie ?
2020-08-10 06:39:14,042 Example #2
2020-08-10 06:39:14,042 	Raw source:     ['hi', ',', 'i', '&apos;m', 'looking', 'for', 'a', 'restaurant', 'inside', 'the', 'arden', 'fair', 'mall', 'in', 'san', 'francisco', ',', 'california', '.']
2020-08-10 06:39:14,042 	Raw hypothesis: ['ich', ',', 'ich', 'ich', 'ich', 'ich', 'sie', 'sie', 'sie', 'sie', 'sie', 'sie', 'sie', 'sie', 'sie', 'sie', 'sie', 'sie', 'sie', 'sie', 'sie', 'sie', 'sie', 'sie', 'sie', 'sie', 'sie', 'sie', 'sie', 'sie', 'sie', 'sie', 'sie', 'sie', 'sie', 'sie', 'sie', 'sie', 'sie', 'sie', 'sie', 'sie', 'sie', 'sie', 'sie', '.']
2020-08-10 06:39:14,042 	Source:     hi , i &apos;m looking for a restaurant inside the arden fair mall in san francisco , california .
2020-08-10 06:39:14,042 	Reference:  hallo , ich bin auf der suche nach einem restaurant im arden fair einkaufszentrum in san francisco , kalifornien .
2020-08-10 06:39:14,042 	Hypothesis: ich , ich ich ich ich sie sie sie sie sie sie sie sie sie sie sie sie sie sie sie sie sie sie sie sie sie sie sie sie sie sie sie sie sie sie sie sie sie sie sie sie sie sie sie .
2020-08-10 06:39:14,042 Example #3
2020-08-10 06:39:14,042 	Raw source:     ['ok', ',', 'what', 'type', 'of', 'restaurant', 'are', 'you', 'looking', 'for', '?']
2020-08-10 06:39:14,042 	Raw hypothesis: ['ich', 'sie', 'sie', 'sie', 'sie', 'sie', 'sie', '?']
2020-08-10 06:39:14,042 	Source:     ok , what type of restaurant are you looking for ?
2020-08-10 06:39:14,042 	Reference:  ok . welche art von restaurant suchen sie denn genau ?
2020-08-10 06:39:14,043 	Hypothesis: ich sie sie sie sie sie sie ?
2020-08-10 06:39:14,043 Validation result (greedy) at epoch   3, step      200: bleu:   0.00, loss: 29717.8066, ppl: 103.8978, duration: 18.0274s
2020-08-10 06:39:19,736 Epoch   3: total training loss 426.73
2020-08-10 06:39:19,736 EPOCH 4
2020-08-10 06:39:19,990 Epoch   4 Step:      300 Batch Loss:     3.594886 Tokens per Sec:     6457, Lr: 0.000200
2020-08-10 06:39:25,636 Epoch   4: total training loss 396.27
2020-08-10 06:39:25,636 EPOCH 5
2020-08-10 06:39:25,941 Epoch   5 Step:      400 Batch Loss:     2.952101 Tokens per Sec:     9794, Lr: 0.000200
2020-08-10 06:39:43,150 Hooray! New best validation result [ppl]!
2020-08-10 06:39:43,150 Saving new checkpoint.
2020-08-10 06:39:43,449 Example #0
2020-08-10 06:39:43,449 	Raw source:     ['hello', '.']
2020-08-10 06:39:43,449 	Raw hypothesis: ['hallo', '.']
2020-08-10 06:39:43,449 	Source:     hello .
2020-08-10 06:39:43,449 	Reference:  hallo ,
2020-08-10 06:39:43,449 	Hypothesis: hallo .
2020-08-10 06:39:43,450 Example #1
2020-08-10 06:39:43,450 	Raw source:     ['hi', ',', 'how', 'can', 'i', 'help', 'you', '?']
2020-08-10 06:39:43,450 	Raw hypothesis: ['hallo', ',', 'wie', 'kann', 'ich', 'ihnen', 'helfen', '?']
2020-08-10 06:39:43,450 	Source:     hi , how can i help you ?
2020-08-10 06:39:43,450 	Reference:  hallo , wie kann ich ihnen helfen ?
2020-08-10 06:39:43,450 	Hypothesis: hallo , wie kann ich ihnen helfen ?
2020-08-10 06:39:43,450 Example #2
2020-08-10 06:39:43,450 	Raw source:     ['hi', ',', 'i', '&apos;m', 'looking', 'for', 'a', 'restaurant', 'inside', 'the', 'arden', 'fair', 'mall', 'in', 'san', 'francisco', ',', 'california', '.']
2020-08-10 06:39:43,450 	Raw hypothesis: ['ich', 'möchte', 'habe', 'ein', 'ein', 'ein', 'ein', 'der', 'der', 'der', 'der', 'der', 'der', 'der', 'der', 'der', 'der', 'der', 'der', 'der', 'der', 'der', 'der', 'der', 'der', 'der', 'der', 'der', 'der', 'der', 'der', 'der', 'der', 'der', 'der', 'der', 'der', 'der', 'der', 'der', 'der', 'der', 'der', 'der', 'der', 'der', 'der', 'der', 'der', 'der', 'der', 'der', 'der', 'der', 'der', 'der', 'der', 'der', 'der', 'der', 'der', 'der', 'der', 'der', 'der', 'der', 'der', 'der', 'der', 'der', 'der', 'der', 'der', 'der', 'der', 'der', 'der', 'der', 'der', 'der', 'der', 'der', 'der', 'der', 'der', 'der', 'der', 'der', 'der', 'der', 'der', 'der', 'der', 'der', 'der', 'der', 'der', 'der', 'der', 'der']
2020-08-10 06:39:43,450 	Source:     hi , i &apos;m looking for a restaurant inside the arden fair mall in san francisco , california .
2020-08-10 06:39:43,450 	Reference:  hallo , ich bin auf der suche nach einem restaurant im arden fair einkaufszentrum in san francisco , kalifornien .
2020-08-10 06:39:43,450 	Hypothesis: ich möchte habe ein ein ein ein der der der der der der der der der der der der der der der der der der der der der der der der der der der der der der der der der der der der der der der der der der der der der der der der der der der der der der der der der der der der der der der der der der der der der der der der der der der der der der der der der der der der der der der der der der der der der
2020-08-10 06:39:43,450 Example #3
2020-08-10 06:39:43,450 	Raw source:     ['ok', ',', 'what', 'type', 'of', 'restaurant', 'are', 'you', 'looking', 'for', '?']
2020-08-10 06:39:43,450 	Raw hypothesis: ['ok', ',', 'wie', 'sie', 'die', 'die', 'die', 'die', '?']
2020-08-10 06:39:43,450 	Source:     ok , what type of restaurant are you looking for ?
2020-08-10 06:39:43,450 	Reference:  ok . welche art von restaurant suchen sie denn genau ?
2020-08-10 06:39:43,450 	Hypothesis: ok , wie sie die die die die ?
2020-08-10 06:39:43,450 Validation result (greedy) at epoch   5, step      400: bleu:   2.29, loss: 25752.8516, ppl:  55.9178, duration: 17.5090s
2020-08-10 06:39:49,174 Epoch   5: total training loss 366.96
2020-08-10 06:39:49,174 EPOCH 6
2020-08-10 06:39:49,496 Epoch   6 Step:      500 Batch Loss:     2.713176 Tokens per Sec:     9427, Lr: 0.000200
2020-08-10 06:39:55,029 Epoch   6: total training loss 330.04
2020-08-10 06:39:55,030 EPOCH 7
2020-08-10 06:39:55,468 Epoch   7 Step:      600 Batch Loss:     2.450723 Tokens per Sec:    10921, Lr: 0.000200
2020-08-10 06:40:10,722 Hooray! New best validation result [ppl]!
2020-08-10 06:40:10,722 Saving new checkpoint.
2020-08-10 06:40:11,004 Example #0
2020-08-10 06:40:11,004 	Raw source:     ['hello', '.']
2020-08-10 06:40:11,004 	Raw hypothesis: ['hallo', '.']
2020-08-10 06:40:11,004 	Source:     hello .
2020-08-10 06:40:11,004 	Reference:  hallo ,
2020-08-10 06:40:11,004 	Hypothesis: hallo .
2020-08-10 06:40:11,004 Example #1
2020-08-10 06:40:11,004 	Raw source:     ['hi', ',', 'how', 'can', 'i', 'help', 'you', '?']
2020-08-10 06:40:11,004 	Raw hypothesis: ['hallo', ',', 'wie', 'kann', 'ich', 'ihnen', 'helfen', '?']
2020-08-10 06:40:11,005 	Source:     hi , how can i help you ?
2020-08-10 06:40:11,005 	Reference:  hallo , wie kann ich ihnen helfen ?
2020-08-10 06:40:11,005 	Hypothesis: hallo , wie kann ich ihnen helfen ?
2020-08-10 06:40:11,005 Example #2
2020-08-10 06:40:11,005 	Raw source:     ['hi', ',', 'i', '&apos;m', 'looking', 'for', 'a', 'restaurant', 'inside', 'the', 'arden', 'fair', 'mall', 'in', 'san', 'francisco', ',', 'california', '.']
2020-08-10 06:40:11,005 	Raw hypothesis: ['hallo', ',', 'ich', 'möchte', 'ein', 'pizzen', 'in', 'der', 'der', 'der', 'der', 'der', 'der', 'der', 'der', 'der', 'der', 'der', 'der', 'der', 'der', 'der', 'der', 'der', 'der', 'der', 'der', 'der', 'der', 'der', 'der', 'der', 'der', 'der', 'der', 'der', 'der', 'der', 'der', 'der', 'der', 'der', 'der', 'der', 'der', 'der', 'der', 'der', 'der', 'der', 'der', 'der', 'der', 'der', 'der', 'der', 'der', 'der', 'der', 'der', 'der', 'der', 'der', 'der', 'der', 'der', 'der', 'der', 'der', 'der', 'der', 'der', 'der', 'der', 'der', 'der', 'der', 'der', 'der', 'der', 'der', 'der', 'der', 'der', 'der', 'der', 'der', 'der', 'der', 'der', 'der', 'der', 'der', 'der', 'der', 'der', 'der', 'der', 'der', 'der']
2020-08-10 06:40:11,005 	Source:     hi , i &apos;m looking for a restaurant inside the arden fair mall in san francisco , california .
2020-08-10 06:40:11,005 	Reference:  hallo , ich bin auf der suche nach einem restaurant im arden fair einkaufszentrum in san francisco , kalifornien .
2020-08-10 06:40:11,005 	Hypothesis: hallo , ich möchte ein pizzen in der der der der der der der der der der der der der der der der der der der der der der der der der der der der der der der der der der der der der der der der der der der der der der der der der der der der der der der der der der der der der der der der der der der der der der der der der der der der der der der der der der der der der der der der der der der der der
2020-08-10 06:40:11,005 Example #3
2020-08-10 06:40:11,005 	Raw source:     ['ok', ',', 'what', 'type', 'of', 'restaurant', 'are', 'you', 'looking', 'for', '?']
2020-08-10 06:40:11,005 	Raw hypothesis: ['ok', ',', 'welche', 'art', 'von', 'von', 'von', 'von', 'art', 'von', 'von', 'von', '?']
2020-08-10 06:40:11,005 	Source:     ok , what type of restaurant are you looking for ?
2020-08-10 06:40:11,005 	Reference:  ok . welche art von restaurant suchen sie denn genau ?
2020-08-10 06:40:11,005 	Hypothesis: ok , welche art von von von von art von von von ?
2020-08-10 06:40:11,005 Validation result (greedy) at epoch   7, step      600: bleu:   6.03, loss: 22955.9297, ppl:  36.1206, duration: 15.5368s
2020-08-10 06:40:16,418 Epoch   7: total training loss 308.26
2020-08-10 06:40:16,418 EPOCH 8
2020-08-10 06:40:16,973 Epoch   8 Step:      700 Batch Loss:     3.424850 Tokens per Sec:    10657, Lr: 0.000200
2020-08-10 06:40:22,349 Epoch   8: total training loss 290.47
2020-08-10 06:40:22,349 EPOCH 9
2020-08-10 06:40:22,954 Epoch   9 Step:      800 Batch Loss:     0.581125 Tokens per Sec:     9905, Lr: 0.000200
2020-08-10 06:40:38,236 Hooray! New best validation result [ppl]!
2020-08-10 06:40:38,237 Saving new checkpoint.
2020-08-10 06:40:38,531 Example #0
2020-08-10 06:40:38,531 	Raw source:     ['hello', '.']
2020-08-10 06:40:38,531 	Raw hypothesis: ['hallo', '.']
2020-08-10 06:40:38,532 	Source:     hello .
2020-08-10 06:40:38,532 	Reference:  hallo ,
2020-08-10 06:40:38,532 	Hypothesis: hallo .
2020-08-10 06:40:38,532 Example #1
2020-08-10 06:40:38,532 	Raw source:     ['hi', ',', 'how', 'can', 'i', 'help', 'you', '?']
2020-08-10 06:40:38,532 	Raw hypothesis: ['hallo', ',', 'wie', 'kann', 'ich', 'ihnen', 'helfen', '?']
2020-08-10 06:40:38,532 	Source:     hi , how can i help you ?
2020-08-10 06:40:38,532 	Reference:  hallo , wie kann ich ihnen helfen ?
2020-08-10 06:40:38,532 	Hypothesis: hallo , wie kann ich ihnen helfen ?
2020-08-10 06:40:38,532 Example #2
2020-08-10 06:40:38,532 	Raw source:     ['hi', ',', 'i', '&apos;m', 'looking', 'for', 'a', 'restaurant', 'inside', 'the', 'arden', 'fair', 'mall', 'in', 'san', 'francisco', ',', 'california', '.']
2020-08-10 06:40:38,532 	Raw hypothesis: ['hallo', ',', 'ich', 'möchte', 'ein', 'paar', 'restaurant', 'in', 'der', 'der', 'der', 'der', 'der', 'der', 'der', 'der', 'der', 'der', 'bella', 'bella', 'luna', 'luna', '.']
2020-08-10 06:40:38,532 	Source:     hi , i &apos;m looking for a restaurant inside the arden fair mall in san francisco , california .
2020-08-10 06:40:38,532 	Reference:  hallo , ich bin auf der suche nach einem restaurant im arden fair einkaufszentrum in san francisco , kalifornien .
2020-08-10 06:40:38,532 	Hypothesis: hallo , ich möchte ein paar restaurant in der der der der der der der der der der bella bella luna luna .
2020-08-10 06:40:38,532 Example #3
2020-08-10 06:40:38,532 	Raw source:     ['ok', ',', 'what', 'type', 'of', 'restaurant', 'are', 'you', 'looking', 'for', '?']
2020-08-10 06:40:38,532 	Raw hypothesis: ['ok', ',', 'welche', 'art', 'von', 'von', 'von', 'von', 'von', 'von', 'von', 'von', 'von', 'von', '?']
2020-08-10 06:40:38,532 	Source:     ok , what type of restaurant are you looking for ?
2020-08-10 06:40:38,533 	Reference:  ok . welche art von restaurant suchen sie denn genau ?
2020-08-10 06:40:38,533 	Hypothesis: ok , welche art von von von von von von von von von von ?
2020-08-10 06:40:38,533 Validation result (greedy) at epoch   9, step      800: bleu:   7.05, loss: 21102.7402, ppl:  27.0396, duration: 15.5779s
2020-08-10 06:40:43,882 Epoch   9: total training loss 272.43
2020-08-10 06:40:43,883 EPOCH 10
2020-08-10 06:40:44,555 Epoch  10 Step:      900 Batch Loss:     3.054405 Tokens per Sec:    11610, Lr: 0.000200
2020-08-10 06:40:49,830 Epoch  10: total training loss 265.66
2020-08-10 06:40:49,830 EPOCH 11
2020-08-10 06:40:50,570 Epoch  11 Step:     1000 Batch Loss:     2.597502 Tokens per Sec:    10481, Lr: 0.000200
2020-08-10 06:40:57,701 Hooray! New best validation result [ppl]!
2020-08-10 06:40:57,701 Saving new checkpoint.
2020-08-10 06:40:57,999 Example #0
2020-08-10 06:40:57,999 	Raw source:     ['hello', '.']
2020-08-10 06:40:57,999 	Raw hypothesis: ['hallo', ',']
2020-08-10 06:40:57,999 	Source:     hello .
2020-08-10 06:40:57,999 	Reference:  hallo ,
2020-08-10 06:40:57,999 	Hypothesis: hallo ,
2020-08-10 06:40:57,999 Example #1
2020-08-10 06:40:57,999 	Raw source:     ['hi', ',', 'how', 'can', 'i', 'help', 'you', '?']
2020-08-10 06:40:57,999 	Raw hypothesis: ['hallo', ',', 'wie', 'kann', 'ich', 'ihnen', 'helfen', '?']
2020-08-10 06:40:57,999 	Source:     hi , how can i help you ?
2020-08-10 06:40:58,000 	Reference:  hallo , wie kann ich ihnen helfen ?
2020-08-10 06:40:58,000 	Hypothesis: hallo , wie kann ich ihnen helfen ?
2020-08-10 06:40:58,000 Example #2
2020-08-10 06:40:58,000 	Raw source:     ['hi', ',', 'i', '&apos;m', 'looking', 'for', 'a', 'restaurant', 'inside', 'the', 'arden', 'fair', 'mall', 'in', 'san', 'francisco', ',', 'california', '.']
2020-08-10 06:40:58,000 	Raw hypothesis: ['hallo', ',', 'ich', 'möchte', 'ein', 'restaurant', 'in', 'der', 'nähe', 'in', 'der', 'nähe', 'der', 'nähe', 'von', 'bella', 'luna', '.']
2020-08-10 06:40:58,000 	Source:     hi , i &apos;m looking for a restaurant inside the arden fair mall in san francisco , california .
2020-08-10 06:40:58,000 	Reference:  hallo , ich bin auf der suche nach einem restaurant im arden fair einkaufszentrum in san francisco , kalifornien .
2020-08-10 06:40:58,000 	Hypothesis: hallo , ich möchte ein restaurant in der nähe in der nähe der nähe von bella luna .
2020-08-10 06:40:58,000 Example #3
2020-08-10 06:40:58,000 	Raw source:     ['ok', ',', 'what', 'type', 'of', 'restaurant', 'are', 'you', 'looking', 'for', '?']
2020-08-10 06:40:58,000 	Raw hypothesis: ['ok', ',', 'welche', 'art', 'von', 'von', 'von', 'essen', 'möchten', 'sie', '?']
2020-08-10 06:40:58,000 	Source:     ok , what type of restaurant are you looking for ?
2020-08-10 06:40:58,000 	Reference:  ok . welche art von restaurant suchen sie denn genau ?
2020-08-10 06:40:58,000 	Hypothesis: ok , welche art von von von essen möchten sie ?
2020-08-10 06:40:58,000 Validation result (greedy) at epoch  11, step     1000: bleu:  13.87, loss: 19706.3066, ppl:  21.7391, duration: 7.4293s
2020-08-10 06:41:03,166 Epoch  11: total training loss 243.26
2020-08-10 06:41:03,166 EPOCH 12
2020-08-10 06:41:04,017 Epoch  12 Step:     1100 Batch Loss:     2.286428 Tokens per Sec:    10654, Lr: 0.000200
2020-08-10 06:41:09,140 Epoch  12: total training loss 236.29
2020-08-10 06:41:09,140 EPOCH 13
2020-08-10 06:41:09,988 Epoch  13 Step:     1200 Batch Loss:     2.467098 Tokens per Sec:    11515, Lr: 0.000200
2020-08-10 06:41:18,939 Hooray! New best validation result [ppl]!
2020-08-10 06:41:18,939 Saving new checkpoint.
2020-08-10 06:41:19,234 Example #0
2020-08-10 06:41:19,235 	Raw source:     ['hello', '.']
2020-08-10 06:41:19,235 	Raw hypothesis: ['hallo']
2020-08-10 06:41:19,235 	Source:     hello .
2020-08-10 06:41:19,235 	Reference:  hallo ,
2020-08-10 06:41:19,235 	Hypothesis: hallo
2020-08-10 06:41:19,235 Example #1
2020-08-10 06:41:19,235 	Raw source:     ['hi', ',', 'how', 'can', 'i', 'help', 'you', '?']
2020-08-10 06:41:19,235 	Raw hypothesis: ['hallo', ',', 'wie', 'kann', 'ich', 'ihnen', 'helfen', '?']
2020-08-10 06:41:19,235 	Source:     hi , how can i help you ?
2020-08-10 06:41:19,235 	Reference:  hallo , wie kann ich ihnen helfen ?
2020-08-10 06:41:19,235 	Hypothesis: hallo , wie kann ich ihnen helfen ?
2020-08-10 06:41:19,235 Example #2
2020-08-10 06:41:19,235 	Raw source:     ['hi', ',', 'i', '&apos;m', 'looking', 'for', 'a', 'restaurant', 'inside', 'the', 'arden', 'fair', 'mall', 'in', 'san', 'francisco', ',', 'california', '.']
2020-08-10 06:41:19,235 	Raw hypothesis: ['hallo', ',', 'ich', 'bin', 'in', 'der', 'suche', 'nach', 'einem', 'restaurant', 'in', 'san', 'francisco', ',', 'kalifornien', '.']
2020-08-10 06:41:19,235 	Source:     hi , i &apos;m looking for a restaurant inside the arden fair mall in san francisco , california .
2020-08-10 06:41:19,235 	Reference:  hallo , ich bin auf der suche nach einem restaurant im arden fair einkaufszentrum in san francisco , kalifornien .
2020-08-10 06:41:19,235 	Hypothesis: hallo , ich bin in der suche nach einem restaurant in san francisco , kalifornien .
2020-08-10 06:41:19,235 Example #3
2020-08-10 06:41:19,235 	Raw source:     ['ok', ',', 'what', 'type', 'of', 'restaurant', 'are', 'you', 'looking', 'for', '?']
2020-08-10 06:41:19,235 	Raw hypothesis: ['ok', ',', 'welche', 'art', 'von', 'restaurant', 'möchten', 'sie', '?']
2020-08-10 06:41:19,235 	Source:     ok , what type of restaurant are you looking for ?
2020-08-10 06:41:19,235 	Reference:  ok . welche art von restaurant suchen sie denn genau ?
2020-08-10 06:41:19,235 	Hypothesis: ok , welche art von restaurant möchten sie ?
2020-08-10 06:41:19,235 Validation result (greedy) at epoch  13, step     1200: bleu:  15.12, loss: 18723.9961, ppl:  18.6459, duration: 9.2470s
2020-08-10 06:41:24,410 Epoch  13: total training loss 222.24
2020-08-10 06:41:24,411 EPOCH 14
2020-08-10 06:41:25,268 Epoch  14 Step:     1300 Batch Loss:     0.464601 Tokens per Sec:    10267, Lr: 0.000200
2020-08-10 06:41:30,361 Epoch  14: total training loss 206.66
2020-08-10 06:41:30,361 EPOCH 15
2020-08-10 06:41:31,262 Epoch  15 Step:     1400 Batch Loss:     1.512632 Tokens per Sec:    10760, Lr: 0.000200
2020-08-10 06:41:37,036 Hooray! New best validation result [ppl]!
2020-08-10 06:41:37,037 Saving new checkpoint.
2020-08-10 06:41:37,336 Example #0
2020-08-10 06:41:37,337 	Raw source:     ['hello', '.']
2020-08-10 06:41:37,337 	Raw hypothesis: ['hallo', '.']
2020-08-10 06:41:37,337 	Source:     hello .
2020-08-10 06:41:37,337 	Reference:  hallo ,
2020-08-10 06:41:37,337 	Hypothesis: hallo .
2020-08-10 06:41:37,337 Example #1
2020-08-10 06:41:37,337 	Raw source:     ['hi', ',', 'how', 'can', 'i', 'help', 'you', '?']
2020-08-10 06:41:37,337 	Raw hypothesis: ['hallo', ',', 'wie', 'kann', 'ich', 'ihnen', 'helfen', '?']
2020-08-10 06:41:37,337 	Source:     hi , how can i help you ?
2020-08-10 06:41:37,337 	Reference:  hallo , wie kann ich ihnen helfen ?
2020-08-10 06:41:37,337 	Hypothesis: hallo , wie kann ich ihnen helfen ?
2020-08-10 06:41:37,337 Example #2
2020-08-10 06:41:37,337 	Raw source:     ['hi', ',', 'i', '&apos;m', 'looking', 'for', 'a', 'restaurant', 'inside', 'the', 'arden', 'fair', 'mall', 'in', 'san', 'francisco', ',', 'california', '.']
2020-08-10 06:41:37,337 	Raw hypothesis: ['hallo', ',', 'ich', 'suche', 'ein', 'restaurant', 'in', 'san', 'francisco', ',', 'kalifornien', '.']
2020-08-10 06:41:37,337 	Source:     hi , i &apos;m looking for a restaurant inside the arden fair mall in san francisco , california .
2020-08-10 06:41:37,337 	Reference:  hallo , ich bin auf der suche nach einem restaurant im arden fair einkaufszentrum in san francisco , kalifornien .
2020-08-10 06:41:37,337 	Hypothesis: hallo , ich suche ein restaurant in san francisco , kalifornien .
2020-08-10 06:41:37,337 Example #3
2020-08-10 06:41:37,337 	Raw source:     ['ok', ',', 'what', 'type', 'of', 'restaurant', 'are', 'you', 'looking', 'for', '?']
2020-08-10 06:41:37,337 	Raw hypothesis: ['ok', ',', 'welche', 'art', 'von', 'restaurant', 'möchten', 'sie', '?']
2020-08-10 06:41:37,337 	Source:     ok , what type of restaurant are you looking for ?
2020-08-10 06:41:37,337 	Reference:  ok . welche art von restaurant suchen sie denn genau ?
2020-08-10 06:41:37,338 	Hypothesis: ok , welche art von restaurant möchten sie ?
2020-08-10 06:41:37,338 Validation result (greedy) at epoch  15, step     1400: bleu:  18.85, loss: 18352.5879, ppl:  17.5946, duration: 6.0747s
2020-08-10 06:41:42,264 Epoch  15: total training loss 193.47
2020-08-10 06:41:42,264 EPOCH 16
2020-08-10 06:41:43,307 Epoch  16 Step:     1500 Batch Loss:     2.743554 Tokens per Sec:    10393, Lr: 0.000200
2020-08-10 06:41:48,196 Epoch  16: total training loss 185.09
2020-08-10 06:41:48,196 EPOCH 17
2020-08-10 06:41:49,289 Epoch  17 Step:     1600 Batch Loss:     1.164860 Tokens per Sec:    10456, Lr: 0.000200
2020-08-10 06:41:56,200 Hooray! New best validation result [ppl]!
2020-08-10 06:41:56,201 Saving new checkpoint.
2020-08-10 06:41:56,511 Example #0
2020-08-10 06:41:56,512 	Raw source:     ['hello', '.']
2020-08-10 06:41:56,512 	Raw hypothesis: ['hallo']
2020-08-10 06:41:56,512 	Source:     hello .
2020-08-10 06:41:56,512 	Reference:  hallo ,
2020-08-10 06:41:56,512 	Hypothesis: hallo
2020-08-10 06:41:56,512 Example #1
2020-08-10 06:41:56,512 	Raw source:     ['hi', ',', 'how', 'can', 'i', 'help', 'you', '?']
2020-08-10 06:41:56,512 	Raw hypothesis: ['hallo', ',', 'wie', 'kann', 'ich', 'ihnen', 'helfen', '?']
2020-08-10 06:41:56,512 	Source:     hi , how can i help you ?
2020-08-10 06:41:56,512 	Reference:  hallo , wie kann ich ihnen helfen ?
2020-08-10 06:41:56,512 	Hypothesis: hallo , wie kann ich ihnen helfen ?
2020-08-10 06:41:56,512 Example #2
2020-08-10 06:41:56,512 	Raw source:     ['hi', ',', 'i', '&apos;m', 'looking', 'for', 'a', 'restaurant', 'inside', 'the', 'arden', 'fair', 'mall', 'in', 'san', 'francisco', ',', 'california', '.']
2020-08-10 06:41:56,512 	Raw hypothesis: ['hallo', ',', 'ich', 'suche', 'ein', 'restaurant', 'in', 'san', 'francisco', ',', 'kalifornien', '.', 'ich', 'suche', 'nach', 'einem', 'restaurant', 'in', 'san', 'francisco', ',', 'kalifornien', ',', 'kalifornien', '.']
2020-08-10 06:41:56,512 	Source:     hi , i &apos;m looking for a restaurant inside the arden fair mall in san francisco , california .
2020-08-10 06:41:56,512 	Reference:  hallo , ich bin auf der suche nach einem restaurant im arden fair einkaufszentrum in san francisco , kalifornien .
2020-08-10 06:41:56,512 	Hypothesis: hallo , ich suche ein restaurant in san francisco , kalifornien . ich suche nach einem restaurant in san francisco , kalifornien , kalifornien .
2020-08-10 06:41:56,512 Example #3
2020-08-10 06:41:56,512 	Raw source:     ['ok', ',', 'what', 'type', 'of', 'restaurant', 'are', 'you', 'looking', 'for', '?']
2020-08-10 06:41:56,513 	Raw hypothesis: ['ok', ',', 'welche', 'art', 'von', 'restaurant', 'haben', 'sie', '?']
2020-08-10 06:41:56,513 	Source:     ok , what type of restaurant are you looking for ?
2020-08-10 06:41:56,513 	Reference:  ok . welche art von restaurant suchen sie denn genau ?
2020-08-10 06:41:56,513 	Hypothesis: ok , welche art von restaurant haben sie ?
2020-08-10 06:41:56,513 Validation result (greedy) at epoch  17, step     1600: bleu:  22.58, loss: 17617.9023, ppl:  15.6864, duration: 7.2232s
2020-08-10 06:42:01,303 Epoch  17: total training loss 173.52
2020-08-10 06:42:01,304 EPOCH 18
2020-08-10 06:42:02,458 Epoch  18 Step:     1700 Batch Loss:     1.273381 Tokens per Sec:    10987, Lr: 0.000200
2020-08-10 06:42:07,234 Epoch  18: total training loss 165.55
2020-08-10 06:42:07,234 EPOCH 19
2020-08-10 06:42:08,426 Epoch  19 Step:     1800 Batch Loss:     2.494405 Tokens per Sec:    11102, Lr: 0.000200
2020-08-10 06:42:16,009 Hooray! New best validation result [ppl]!
2020-08-10 06:42:16,010 Saving new checkpoint.
2020-08-10 06:42:16,304 Example #0
2020-08-10 06:42:16,304 	Raw source:     ['hello', '.']
2020-08-10 06:42:16,304 	Raw hypothesis: ['hallo', ',']
2020-08-10 06:42:16,304 	Source:     hello .
2020-08-10 06:42:16,304 	Reference:  hallo ,
2020-08-10 06:42:16,305 	Hypothesis: hallo ,
2020-08-10 06:42:16,305 Example #1
2020-08-10 06:42:16,305 	Raw source:     ['hi', ',', 'how', 'can', 'i', 'help', 'you', '?']
2020-08-10 06:42:16,305 	Raw hypothesis: ['hallo', ',', 'wie', 'kann', 'ich', 'ihnen', 'helfen', '?']
2020-08-10 06:42:16,305 	Source:     hi , how can i help you ?
2020-08-10 06:42:16,305 	Reference:  hallo , wie kann ich ihnen helfen ?
2020-08-10 06:42:16,305 	Hypothesis: hallo , wie kann ich ihnen helfen ?
2020-08-10 06:42:16,305 Example #2
2020-08-10 06:42:16,305 	Raw source:     ['hi', ',', 'i', '&apos;m', 'looking', 'for', 'a', 'restaurant', 'inside', 'the', 'arden', 'fair', 'mall', 'in', 'san', 'francisco', ',', 'california', '.']
2020-08-10 06:42:16,305 	Raw hypothesis: ['hallo', ',', 'ich', 'suche', 'ein', 'restaurant', 'in', 'san', 'francisco', ',', 'kalifornien', '.']
2020-08-10 06:42:16,305 	Source:     hi , i &apos;m looking for a restaurant inside the arden fair mall in san francisco , california .
2020-08-10 06:42:16,305 	Reference:  hallo , ich bin auf der suche nach einem restaurant im arden fair einkaufszentrum in san francisco , kalifornien .
2020-08-10 06:42:16,305 	Hypothesis: hallo , ich suche ein restaurant in san francisco , kalifornien .
2020-08-10 06:42:16,305 Example #3
2020-08-10 06:42:16,305 	Raw source:     ['ok', ',', 'what', 'type', 'of', 'restaurant', 'are', 'you', 'looking', 'for', '?']
2020-08-10 06:42:16,305 	Raw hypothesis: ['ok', ',', 'für', 'welche', 'art', 'von', 'restaurant', 'möchten', 'sie', '?']
2020-08-10 06:42:16,305 	Source:     ok , what type of restaurant are you looking for ?
2020-08-10 06:42:16,305 	Reference:  ok . welche art von restaurant suchen sie denn genau ?
2020-08-10 06:42:16,305 	Hypothesis: ok , für welche art von restaurant möchten sie ?
2020-08-10 06:42:16,305 Validation result (greedy) at epoch  19, step     1800: bleu:  23.15, loss: 17260.4590, ppl:  14.8344, duration: 7.8789s
2020-08-10 06:42:20,963 Epoch  19: total training loss 155.85
2020-08-10 06:42:20,963 EPOCH 20
2020-08-10 06:42:22,310 Epoch  20 Step:     1900 Batch Loss:     1.851633 Tokens per Sec:    10657, Lr: 0.000200
2020-08-10 06:42:26,956 Epoch  20: total training loss 152.26
2020-08-10 06:42:26,957 Training ended after  20 epochs.
2020-08-10 06:42:26,957 Best validation result (greedy) at step     1800:  14.83 ppl.
