2020-08-10 04:03:05,862 Hello! This is Joey-NMT.
2020-08-10 04:03:07,195 Total params: 29320704
2020-08-10 04:03:07,196 Trainable parameters: ['decoder.layer_norm.bias', 'decoder.layer_norm.weight', 'decoder.layers.0.dec_layer_norm.bias', 'decoder.layers.0.dec_layer_norm.weight', 'decoder.layers.0.feed_forward.layer_norm.bias', 'decoder.layers.0.feed_forward.layer_norm.weight', 'decoder.layers.0.feed_forward.pwff_layer.0.bias', 'decoder.layers.0.feed_forward.pwff_layer.0.weight', 'decoder.layers.0.feed_forward.pwff_layer.3.bias', 'decoder.layers.0.feed_forward.pwff_layer.3.weight', 'decoder.layers.0.src_trg_att.k_layer.bias', 'decoder.layers.0.src_trg_att.k_layer.weight', 'decoder.layers.0.src_trg_att.output_layer.bias', 'decoder.layers.0.src_trg_att.output_layer.weight', 'decoder.layers.0.src_trg_att.q_layer.bias', 'decoder.layers.0.src_trg_att.q_layer.weight', 'decoder.layers.0.src_trg_att.v_layer.bias', 'decoder.layers.0.src_trg_att.v_layer.weight', 'decoder.layers.0.trg_trg_att.k_layer.bias', 'decoder.layers.0.trg_trg_att.k_layer.weight', 'decoder.layers.0.trg_trg_att.output_layer.bias', 'decoder.layers.0.trg_trg_att.output_layer.weight', 'decoder.layers.0.trg_trg_att.q_layer.bias', 'decoder.layers.0.trg_trg_att.q_layer.weight', 'decoder.layers.0.trg_trg_att.v_layer.bias', 'decoder.layers.0.trg_trg_att.v_layer.weight', 'decoder.layers.0.x_layer_norm.bias', 'decoder.layers.0.x_layer_norm.weight', 'decoder.layers.1.dec_layer_norm.bias', 'decoder.layers.1.dec_layer_norm.weight', 'decoder.layers.1.feed_forward.layer_norm.bias', 'decoder.layers.1.feed_forward.layer_norm.weight', 'decoder.layers.1.feed_forward.pwff_layer.0.bias', 'decoder.layers.1.feed_forward.pwff_layer.0.weight', 'decoder.layers.1.feed_forward.pwff_layer.3.bias', 'decoder.layers.1.feed_forward.pwff_layer.3.weight', 'decoder.layers.1.src_trg_att.k_layer.bias', 'decoder.layers.1.src_trg_att.k_layer.weight', 'decoder.layers.1.src_trg_att.output_layer.bias', 'decoder.layers.1.src_trg_att.output_layer.weight', 'decoder.layers.1.src_trg_att.q_layer.bias', 'decoder.layers.1.src_trg_att.q_layer.weight', 'decoder.layers.1.src_trg_att.v_layer.bias', 'decoder.layers.1.src_trg_att.v_layer.weight', 'decoder.layers.1.trg_trg_att.k_layer.bias', 'decoder.layers.1.trg_trg_att.k_layer.weight', 'decoder.layers.1.trg_trg_att.output_layer.bias', 'decoder.layers.1.trg_trg_att.output_layer.weight', 'decoder.layers.1.trg_trg_att.q_layer.bias', 'decoder.layers.1.trg_trg_att.q_layer.weight', 'decoder.layers.1.trg_trg_att.v_layer.bias', 'decoder.layers.1.trg_trg_att.v_layer.weight', 'decoder.layers.1.x_layer_norm.bias', 'decoder.layers.1.x_layer_norm.weight', 'decoder.layers.2.dec_layer_norm.bias', 'decoder.layers.2.dec_layer_norm.weight', 'decoder.layers.2.feed_forward.layer_norm.bias', 'decoder.layers.2.feed_forward.layer_norm.weight', 'decoder.layers.2.feed_forward.pwff_layer.0.bias', 'decoder.layers.2.feed_forward.pwff_layer.0.weight', 'decoder.layers.2.feed_forward.pwff_layer.3.bias', 'decoder.layers.2.feed_forward.pwff_layer.3.weight', 'decoder.layers.2.src_trg_att.k_layer.bias', 'decoder.layers.2.src_trg_att.k_layer.weight', 'decoder.layers.2.src_trg_att.output_layer.bias', 'decoder.layers.2.src_trg_att.output_layer.weight', 'decoder.layers.2.src_trg_att.q_layer.bias', 'decoder.layers.2.src_trg_att.q_layer.weight', 'decoder.layers.2.src_trg_att.v_layer.bias', 'decoder.layers.2.src_trg_att.v_layer.weight', 'decoder.layers.2.trg_trg_att.k_layer.bias', 'decoder.layers.2.trg_trg_att.k_layer.weight', 'decoder.layers.2.trg_trg_att.output_layer.bias', 'decoder.layers.2.trg_trg_att.output_layer.weight', 'decoder.layers.2.trg_trg_att.q_layer.bias', 'decoder.layers.2.trg_trg_att.q_layer.weight', 'decoder.layers.2.trg_trg_att.v_layer.bias', 'decoder.layers.2.trg_trg_att.v_layer.weight', 'decoder.layers.2.x_layer_norm.bias', 'decoder.layers.2.x_layer_norm.weight', 'decoder.layers.3.dec_layer_norm.bias', 'decoder.layers.3.dec_layer_norm.weight', 'decoder.layers.3.feed_forward.layer_norm.bias', 'decoder.layers.3.feed_forward.layer_norm.weight', 'decoder.layers.3.feed_forward.pwff_layer.0.bias', 'decoder.layers.3.feed_forward.pwff_layer.0.weight', 'decoder.layers.3.feed_forward.pwff_layer.3.bias', 'decoder.layers.3.feed_forward.pwff_layer.3.weight', 'decoder.layers.3.src_trg_att.k_layer.bias', 'decoder.layers.3.src_trg_att.k_layer.weight', 'decoder.layers.3.src_trg_att.output_layer.bias', 'decoder.layers.3.src_trg_att.output_layer.weight', 'decoder.layers.3.src_trg_att.q_layer.bias', 'decoder.layers.3.src_trg_att.q_layer.weight', 'decoder.layers.3.src_trg_att.v_layer.bias', 'decoder.layers.3.src_trg_att.v_layer.weight', 'decoder.layers.3.trg_trg_att.k_layer.bias', 'decoder.layers.3.trg_trg_att.k_layer.weight', 'decoder.layers.3.trg_trg_att.output_layer.bias', 'decoder.layers.3.trg_trg_att.output_layer.weight', 'decoder.layers.3.trg_trg_att.q_layer.bias', 'decoder.layers.3.trg_trg_att.q_layer.weight', 'decoder.layers.3.trg_trg_att.v_layer.bias', 'decoder.layers.3.trg_trg_att.v_layer.weight', 'decoder.layers.3.x_layer_norm.bias', 'decoder.layers.3.x_layer_norm.weight', 'decoder.layers.4.dec_layer_norm.bias', 'decoder.layers.4.dec_layer_norm.weight', 'decoder.layers.4.feed_forward.layer_norm.bias', 'decoder.layers.4.feed_forward.layer_norm.weight', 'decoder.layers.4.feed_forward.pwff_layer.0.bias', 'decoder.layers.4.feed_forward.pwff_layer.0.weight', 'decoder.layers.4.feed_forward.pwff_layer.3.bias', 'decoder.layers.4.feed_forward.pwff_layer.3.weight', 'decoder.layers.4.src_trg_att.k_layer.bias', 'decoder.layers.4.src_trg_att.k_layer.weight', 'decoder.layers.4.src_trg_att.output_layer.bias', 'decoder.layers.4.src_trg_att.output_layer.weight', 'decoder.layers.4.src_trg_att.q_layer.bias', 'decoder.layers.4.src_trg_att.q_layer.weight', 'decoder.layers.4.src_trg_att.v_layer.bias', 'decoder.layers.4.src_trg_att.v_layer.weight', 'decoder.layers.4.trg_trg_att.k_layer.bias', 'decoder.layers.4.trg_trg_att.k_layer.weight', 'decoder.layers.4.trg_trg_att.output_layer.bias', 'decoder.layers.4.trg_trg_att.output_layer.weight', 'decoder.layers.4.trg_trg_att.q_layer.bias', 'decoder.layers.4.trg_trg_att.q_layer.weight', 'decoder.layers.4.trg_trg_att.v_layer.bias', 'decoder.layers.4.trg_trg_att.v_layer.weight', 'decoder.layers.4.x_layer_norm.bias', 'decoder.layers.4.x_layer_norm.weight', 'decoder.layers.5.dec_layer_norm.bias', 'decoder.layers.5.dec_layer_norm.weight', 'decoder.layers.5.feed_forward.layer_norm.bias', 'decoder.layers.5.feed_forward.layer_norm.weight', 'decoder.layers.5.feed_forward.pwff_layer.0.bias', 'decoder.layers.5.feed_forward.pwff_layer.0.weight', 'decoder.layers.5.feed_forward.pwff_layer.3.bias', 'decoder.layers.5.feed_forward.pwff_layer.3.weight', 'decoder.layers.5.src_trg_att.k_layer.bias', 'decoder.layers.5.src_trg_att.k_layer.weight', 'decoder.layers.5.src_trg_att.output_layer.bias', 'decoder.layers.5.src_trg_att.output_layer.weight', 'decoder.layers.5.src_trg_att.q_layer.bias', 'decoder.layers.5.src_trg_att.q_layer.weight', 'decoder.layers.5.src_trg_att.v_layer.bias', 'decoder.layers.5.src_trg_att.v_layer.weight', 'decoder.layers.5.trg_trg_att.k_layer.bias', 'decoder.layers.5.trg_trg_att.k_layer.weight', 'decoder.layers.5.trg_trg_att.output_layer.bias', 'decoder.layers.5.trg_trg_att.output_layer.weight', 'decoder.layers.5.trg_trg_att.q_layer.bias', 'decoder.layers.5.trg_trg_att.q_layer.weight', 'decoder.layers.5.trg_trg_att.v_layer.bias', 'decoder.layers.5.trg_trg_att.v_layer.weight', 'decoder.layers.5.x_layer_norm.bias', 'decoder.layers.5.x_layer_norm.weight', 'encoder.layer_norm.bias', 'encoder.layer_norm.weight', 'encoder.layers.0.feed_forward.layer_norm.bias', 'encoder.layers.0.feed_forward.layer_norm.weight', 'encoder.layers.0.feed_forward.pwff_layer.0.bias', 'encoder.layers.0.feed_forward.pwff_layer.0.weight', 'encoder.layers.0.feed_forward.pwff_layer.3.bias', 'encoder.layers.0.feed_forward.pwff_layer.3.weight', 'encoder.layers.0.layer_norm.bias', 'encoder.layers.0.layer_norm.weight', 'encoder.layers.0.src_src_att.k_layer.bias', 'encoder.layers.0.src_src_att.k_layer.weight', 'encoder.layers.0.src_src_att.output_layer.bias', 'encoder.layers.0.src_src_att.output_layer.weight', 'encoder.layers.0.src_src_att.q_layer.bias', 'encoder.layers.0.src_src_att.q_layer.weight', 'encoder.layers.0.src_src_att.v_layer.bias', 'encoder.layers.0.src_src_att.v_layer.weight', 'encoder.layers.1.feed_forward.layer_norm.bias', 'encoder.layers.1.feed_forward.layer_norm.weight', 'encoder.layers.1.feed_forward.pwff_layer.0.bias', 'encoder.layers.1.feed_forward.pwff_layer.0.weight', 'encoder.layers.1.feed_forward.pwff_layer.3.bias', 'encoder.layers.1.feed_forward.pwff_layer.3.weight', 'encoder.layers.1.layer_norm.bias', 'encoder.layers.1.layer_norm.weight', 'encoder.layers.1.src_src_att.k_layer.bias', 'encoder.layers.1.src_src_att.k_layer.weight', 'encoder.layers.1.src_src_att.output_layer.bias', 'encoder.layers.1.src_src_att.output_layer.weight', 'encoder.layers.1.src_src_att.q_layer.bias', 'encoder.layers.1.src_src_att.q_layer.weight', 'encoder.layers.1.src_src_att.v_layer.bias', 'encoder.layers.1.src_src_att.v_layer.weight', 'encoder.layers.2.feed_forward.layer_norm.bias', 'encoder.layers.2.feed_forward.layer_norm.weight', 'encoder.layers.2.feed_forward.pwff_layer.0.bias', 'encoder.layers.2.feed_forward.pwff_layer.0.weight', 'encoder.layers.2.feed_forward.pwff_layer.3.bias', 'encoder.layers.2.feed_forward.pwff_layer.3.weight', 'encoder.layers.2.layer_norm.bias', 'encoder.layers.2.layer_norm.weight', 'encoder.layers.2.src_src_att.k_layer.bias', 'encoder.layers.2.src_src_att.k_layer.weight', 'encoder.layers.2.src_src_att.output_layer.bias', 'encoder.layers.2.src_src_att.output_layer.weight', 'encoder.layers.2.src_src_att.q_layer.bias', 'encoder.layers.2.src_src_att.q_layer.weight', 'encoder.layers.2.src_src_att.v_layer.bias', 'encoder.layers.2.src_src_att.v_layer.weight', 'encoder.layers.3.feed_forward.layer_norm.bias', 'encoder.layers.3.feed_forward.layer_norm.weight', 'encoder.layers.3.feed_forward.pwff_layer.0.bias', 'encoder.layers.3.feed_forward.pwff_layer.0.weight', 'encoder.layers.3.feed_forward.pwff_layer.3.bias', 'encoder.layers.3.feed_forward.pwff_layer.3.weight', 'encoder.layers.3.layer_norm.bias', 'encoder.layers.3.layer_norm.weight', 'encoder.layers.3.src_src_att.k_layer.bias', 'encoder.layers.3.src_src_att.k_layer.weight', 'encoder.layers.3.src_src_att.output_layer.bias', 'encoder.layers.3.src_src_att.output_layer.weight', 'encoder.layers.3.src_src_att.q_layer.bias', 'encoder.layers.3.src_src_att.q_layer.weight', 'encoder.layers.3.src_src_att.v_layer.bias', 'encoder.layers.3.src_src_att.v_layer.weight', 'encoder.layers.4.feed_forward.layer_norm.bias', 'encoder.layers.4.feed_forward.layer_norm.weight', 'encoder.layers.4.feed_forward.pwff_layer.0.bias', 'encoder.layers.4.feed_forward.pwff_layer.0.weight', 'encoder.layers.4.feed_forward.pwff_layer.3.bias', 'encoder.layers.4.feed_forward.pwff_layer.3.weight', 'encoder.layers.4.layer_norm.bias', 'encoder.layers.4.layer_norm.weight', 'encoder.layers.4.src_src_att.k_layer.bias', 'encoder.layers.4.src_src_att.k_layer.weight', 'encoder.layers.4.src_src_att.output_layer.bias', 'encoder.layers.4.src_src_att.output_layer.weight', 'encoder.layers.4.src_src_att.q_layer.bias', 'encoder.layers.4.src_src_att.q_layer.weight', 'encoder.layers.4.src_src_att.v_layer.bias', 'encoder.layers.4.src_src_att.v_layer.weight', 'encoder.layers.5.feed_forward.layer_norm.bias', 'encoder.layers.5.feed_forward.layer_norm.weight', 'encoder.layers.5.feed_forward.pwff_layer.0.bias', 'encoder.layers.5.feed_forward.pwff_layer.0.weight', 'encoder.layers.5.feed_forward.pwff_layer.3.bias', 'encoder.layers.5.feed_forward.pwff_layer.3.weight', 'encoder.layers.5.layer_norm.bias', 'encoder.layers.5.layer_norm.weight', 'encoder.layers.5.src_src_att.k_layer.bias', 'encoder.layers.5.src_src_att.k_layer.weight', 'encoder.layers.5.src_src_att.output_layer.bias', 'encoder.layers.5.src_src_att.output_layer.weight', 'encoder.layers.5.src_src_att.q_layer.bias', 'encoder.layers.5.src_src_att.q_layer.weight', 'encoder.layers.5.src_src_att.v_layer.bias', 'encoder.layers.5.src_src_att.v_layer.weight', 'src_embed.lut.weight', 'trg_embed.lut.weight']
2020-08-10 04:03:10,993 cfg.data.dev                       : chatnmt/multi_encoder/dev_subset.tags.bpe.10000
2020-08-10 04:03:10,994 cfg.data.level                     : bpe
2020-08-10 04:03:10,994 cfg.data.lowercase                 : False
2020-08-10 04:03:10,994 cfg.data.max_sent_length           : 100
2020-08-10 04:03:10,994 cfg.data.src                       : en
2020-08-10 04:03:10,994 cfg.data.test                      : chatnmt/multi_encoder/test.tags.bpe.10000
2020-08-10 04:03:10,994 cfg.data.train                     : chatnmt/multi_encoder/train_subset.tags.bpe.10000
2020-08-10 04:03:10,994 cfg.data.trg                       : de
2020-08-10 04:03:10,994 cfg.model.bias_initializer         : zeros
2020-08-10 04:03:10,994 cfg.model.decoder.dropout          : 0.1
2020-08-10 04:03:10,994 cfg.model.decoder.embeddings.dropout : 0.0
2020-08-10 04:03:10,994 cfg.model.decoder.embeddings.embedding_dim : 512
2020-08-10 04:03:10,994 cfg.model.decoder.embeddings.scale : True
2020-08-10 04:03:10,994 cfg.model.decoder.ff_size          : 512
2020-08-10 04:03:10,994 cfg.model.decoder.freeze           : False
2020-08-10 04:03:10,994 cfg.model.decoder.hidden_size      : 512
2020-08-10 04:03:10,994 cfg.model.decoder.num_heads        : 16
2020-08-10 04:03:10,994 cfg.model.decoder.num_layers       : 6
2020-08-10 04:03:10,994 cfg.model.decoder.type             : transformer
2020-08-10 04:03:10,994 cfg.model.embed_init_gain          : 1.0
2020-08-10 04:03:10,994 cfg.model.embed_initializer        : xavier
2020-08-10 04:03:10,994 cfg.model.encoder.dropout          : 0.3
2020-08-10 04:03:10,994 cfg.model.encoder.embeddings.dropout : 0.0
2020-08-10 04:03:10,994 cfg.model.encoder.embeddings.embedding_dim : 512
2020-08-10 04:03:10,994 cfg.model.encoder.embeddings.scale : True
2020-08-10 04:03:10,995 cfg.model.encoder.ff_size          : 512
2020-08-10 04:03:10,995 cfg.model.encoder.freeze           : False
2020-08-10 04:03:10,995 cfg.model.encoder.hidden_size      : 512
2020-08-10 04:03:10,995 cfg.model.encoder.multi_encoder    : False
2020-08-10 04:03:10,995 cfg.model.encoder.num_heads        : 16
2020-08-10 04:03:10,995 cfg.model.encoder.num_layers       : 6
2020-08-10 04:03:10,995 cfg.model.encoder.type             : transformer
2020-08-10 04:03:10,995 cfg.model.init_gain                : 1.0
2020-08-10 04:03:10,995 cfg.model.initializer              : xavier
2020-08-10 04:03:10,995 cfg.model.tied_embeddings          : False
2020-08-10 04:03:10,995 cfg.model.tied_softmax             : True
2020-08-10 04:03:10,995 cfg.name                           : transformer
2020-08-10 04:03:10,995 cfg.testing.alpha                  : 1.0
2020-08-10 04:03:10,995 cfg.testing.beam_size              : 5
2020-08-10 04:03:10,995 cfg.training.adam_betas            : [0.9, 0.999]
2020-08-10 04:03:10,995 cfg.training.batch_multiplier      : 1
2020-08-10 04:03:10,995 cfg.training.batch_size            : 1024
2020-08-10 04:03:10,995 cfg.training.batch_type            : token
2020-08-10 04:03:10,995 cfg.training.decrease_factor       : 0.7
2020-08-10 04:03:10,995 cfg.training.early_stopping_metric : ppl
2020-08-10 04:03:10,995 cfg.training.epochs                : 20
2020-08-10 04:03:10,995 cfg.training.eval_metric           : bleu
2020-08-10 04:03:10,995 cfg.training.keep_last_ckpts       : 3
2020-08-10 04:03:10,995 cfg.training.label_smoothing       : 0.1
2020-08-10 04:03:10,995 cfg.training.learning_rate         : 0.0002
2020-08-10 04:03:10,995 cfg.training.learning_rate_min     : 1e-08
2020-08-10 04:03:10,995 cfg.training.logging_freq          : 100
2020-08-10 04:03:10,995 cfg.training.loss                  : crossentropy
2020-08-10 04:03:10,996 cfg.training.max_output_length     : 100
2020-08-10 04:03:10,996 cfg.training.model_dir             : models/viznet/attempt3/16_16_0.3_512_512_1024_10_6
2020-08-10 04:03:10,996 cfg.training.normalization         : tokens
2020-08-10 04:03:10,996 cfg.training.optimizer             : adam
2020-08-10 04:03:10,996 cfg.training.overwrite             : True
2020-08-10 04:03:10,996 cfg.training.patience              : 8
2020-08-10 04:03:10,996 cfg.training.print_valid_sents     : [0, 1, 2, 3]
2020-08-10 04:03:10,996 cfg.training.random_seed           : 42
2020-08-10 04:03:10,996 cfg.training.scheduling            : plateau
2020-08-10 04:03:10,996 cfg.training.shuffle               : True
2020-08-10 04:03:10,996 cfg.training.use_cuda              : True
2020-08-10 04:03:10,996 cfg.training.validation_freq       : 200
2020-08-10 04:03:10,996 cfg.training.weight_decay          : 0.0
2020-08-10 04:03:10,996 Data set sizes: 
	train 5000,
	valid 500,
	test 1220
2020-08-10 04:03:10,996 First training example:
	[SRC] hi there ! how can i help ?
	[TRG] hallo ! wie kann ich helfen ?
2020-08-10 04:03:10,996 First 10 words (src): (0) <unk> (1) <pad> (2) <s> (3) </s> (4) . (5) , (6) ? (7) you (8) i (9) the
2020-08-10 04:03:10,997 First 10 words (trg): (0) <unk> (1) <pad> (2) <s> (3) </s> (4) . (5) , (6) ? (7) sie (8) ich (9) das
2020-08-10 04:03:10,997 Number of Src words (types): 3468
2020-08-10 04:03:10,997 Number of Trg words (types): 4487
2020-08-10 04:03:10,997 Model(
	encoder=TransformerEncoder(num_layers=6, num_heads=16),
	decoder=TransformerDecoder(num_layers=6, num_heads=16),
	src_embed=Embeddings(embedding_dim=512, vocab_size=3468),
	trg_embed=Embeddings(embedding_dim=512, vocab_size=4487))
2020-08-10 04:03:11,002 EPOCH 1
2020-08-10 04:03:18,272 Epoch   1: total training loss 499.19
2020-08-10 04:03:18,273 EPOCH 2
2020-08-10 04:03:18,441 Epoch   2 Step:      100 Batch Loss:     4.033805 Tokens per Sec:     8267, Lr: 0.000200
2020-08-10 04:03:25,547 Epoch   2: total training loss 426.46
2020-08-10 04:03:25,547 EPOCH 3
2020-08-10 04:03:25,778 Epoch   3 Step:      200 Batch Loss:     3.064505 Tokens per Sec:     8701, Lr: 0.000200
2020-08-10 04:03:54,500 Hooray! New best validation result [ppl]!
2020-08-10 04:03:54,500 Saving new checkpoint.
2020-08-10 04:03:55,699 Example #0
2020-08-10 04:03:55,700 	Raw source:     ['hello', '.']
2020-08-10 04:03:55,700 	Raw hypothesis: ['ja', '.']
2020-08-10 04:03:55,700 	Source:     hello .
2020-08-10 04:03:55,700 	Reference:  hallo ,
2020-08-10 04:03:55,700 	Hypothesis: ja .
2020-08-10 04:03:55,700 Example #1
2020-08-10 04:03:55,700 	Raw source:     ['hi', ',', 'how', 'can', 'i', 'help', 'you', '?']
2020-08-10 04:03:55,700 	Raw hypothesis: ['hallo', ',', 'wie', 'kann', 'ich', 'ihnen', 'helfen', '?']
2020-08-10 04:03:55,700 	Source:     hi , how can i help you ?
2020-08-10 04:03:55,700 	Reference:  hallo , wie kann ich ihnen helfen ?
2020-08-10 04:03:55,700 	Hypothesis: hallo , wie kann ich ihnen helfen ?
2020-08-10 04:03:55,700 Example #2
2020-08-10 04:03:55,700 	Raw source:     ['hi', ',', 'i', '&apos;m', 'looking', 'for', 'a', 'restaurant', 'inside', 'the', 'arden', 'fair', 'mall', 'in', 'san', 'francisco', ',', 'california', '.']
2020-08-10 04:03:55,700 	Raw hypothesis: ['ich', 'möchte', 'möchte', 'möchte', 'möchte', 'möchte', 'möchte', 'möchte', 'möchte', 'möchte', 'in', 'in', 'in', 'in', 'in', 'in', 'in', 'in', 'in', 'in', 'in', 'in', 'in', 'in', 'in', 'in', 'in', 'in', 'in', 'in', 'in', 'in', 'in', 'in', 'in', 'in', 'in', 'in', 'in', 'in', 'in', 'in', 'in', 'in', 'in', 'in', ',', 'ich', 'in', ',', 'ich', 'in', 'in', 'in', 'in', ',', 'ich', 'möchte', ',', 'ich', 'möchte', ',', 'in', 'in', 'in', 'in', 'in', 'in', 'in', 'in', 'in', 'in', 'in', 'in', 'in', 'in', 'in', 'in', 'in', 'in', 'in', 'in', 'in', 'in', 'in', 'in', 'in', 'in', ',', ',', 'ich', 'möchte', ',', 'ich', 'möchte', ',', 'ich', 'möchte', ',', 'ich']
2020-08-10 04:03:55,700 	Source:     hi , i &apos;m looking for a restaurant inside the arden fair mall in san francisco , california .
2020-08-10 04:03:55,700 	Reference:  hallo , ich bin auf der suche nach einem restaurant im arden fair einkaufszentrum in san francisco , kalifornien .
2020-08-10 04:03:55,700 	Hypothesis: ich möchte möchte möchte möchte möchte möchte möchte möchte möchte in in in in in in in in in in in in in in in in in in in in in in in in in in in in in in in in in in in in , ich in , ich in in in in , ich möchte , ich möchte , in in in in in in in in in in in in in in in in in in in in in in in in in in , , ich möchte , ich möchte , ich möchte , ich
2020-08-10 04:03:55,700 Example #3
2020-08-10 04:03:55,701 	Raw source:     ['ok', ',', 'what', 'type', 'of', 'restaurant', 'are', 'you', 'looking', 'for', '?']
2020-08-10 04:03:55,701 	Raw hypothesis: ['ok', ',', 'wie', 'sie', 'sie', 'ihnen', '?']
2020-08-10 04:03:55,701 	Source:     ok , what type of restaurant are you looking for ?
2020-08-10 04:03:55,701 	Reference:  ok . welche art von restaurant suchen sie denn genau ?
2020-08-10 04:03:55,701 	Hypothesis: ok , wie sie sie ihnen ?
2020-08-10 04:03:55,701 Validation result (greedy) at epoch   3, step      200: bleu:   2.36, loss: 26813.0938, ppl:  65.9928, duration: 29.9229s
2020-08-10 04:04:02,736 Epoch   3: total training loss 376.46
2020-08-10 04:04:02,736 EPOCH 4
2020-08-10 04:04:03,017 Epoch   4 Step:      300 Batch Loss:     2.903358 Tokens per Sec:     5823, Lr: 0.000200
2020-08-10 04:04:10,024 Epoch   4: total training loss 333.80
2020-08-10 04:04:10,024 EPOCH 5
2020-08-10 04:04:10,387 Epoch   5 Step:      400 Batch Loss:     2.154020 Tokens per Sec:     8247, Lr: 0.000200
2020-08-10 04:04:35,191 Hooray! New best validation result [ppl]!
2020-08-10 04:04:35,191 Saving new checkpoint.
2020-08-10 04:04:36,424 Example #0
2020-08-10 04:04:36,424 	Raw source:     ['hello', '.']
2020-08-10 04:04:36,424 	Raw hypothesis: ['hallo', '.']
2020-08-10 04:04:36,424 	Source:     hello .
2020-08-10 04:04:36,424 	Reference:  hallo ,
2020-08-10 04:04:36,424 	Hypothesis: hallo .
2020-08-10 04:04:36,424 Example #1
2020-08-10 04:04:36,424 	Raw source:     ['hi', ',', 'how', 'can', 'i', 'help', 'you', '?']
2020-08-10 04:04:36,424 	Raw hypothesis: ['hallo', ',', 'wie', 'kann', 'ich', 'ihnen', 'helfen', '?']
2020-08-10 04:04:36,424 	Source:     hi , how can i help you ?
2020-08-10 04:04:36,424 	Reference:  hallo , wie kann ich ihnen helfen ?
2020-08-10 04:04:36,424 	Hypothesis: hallo , wie kann ich ihnen helfen ?
2020-08-10 04:04:36,424 Example #2
2020-08-10 04:04:36,424 	Raw source:     ['hi', ',', 'i', '&apos;m', 'looking', 'for', 'a', 'restaurant', 'inside', 'the', 'arden', 'fair', 'mall', 'in', 'san', 'francisco', ',', 'california', '.']
2020-08-10 04:04:36,425 	Raw hypothesis: ['hallo', ',', 'ich', 'möchte', 'ein', 'restaurant', 'in', 'san', 'francisco', ',', 'kalifornien', ',', 'kalifornien', ',', 'kalifornien', ',', 'kalifornien', ',', 'kalifornien', ',', 'kalifornien', ',', 'kalifornien', ',', 'kalifornien', ',', 'kalifornien', ',', 'kalifornien', ',', 'kalifornien', '.']
2020-08-10 04:04:36,425 	Source:     hi , i &apos;m looking for a restaurant inside the arden fair mall in san francisco , california .
2020-08-10 04:04:36,425 	Reference:  hallo , ich bin auf der suche nach einem restaurant im arden fair einkaufszentrum in san francisco , kalifornien .
2020-08-10 04:04:36,425 	Hypothesis: hallo , ich möchte ein restaurant in san francisco , kalifornien , kalifornien , kalifornien , kalifornien , kalifornien , kalifornien , kalifornien , kalifornien , kalifornien , kalifornien , kalifornien .
2020-08-10 04:04:36,425 Example #3
2020-08-10 04:04:36,425 	Raw source:     ['ok', ',', 'what', 'type', 'of', 'restaurant', 'are', 'you', 'looking', 'for', '?']
2020-08-10 04:04:36,425 	Raw hypothesis: ['ok', ',', 'welche', 'art', 'art', 'von', 'restaurant', 'restaurant', '?']
2020-08-10 04:04:36,425 	Source:     ok , what type of restaurant are you looking for ?
2020-08-10 04:04:36,425 	Reference:  ok . welche art von restaurant suchen sie denn genau ?
2020-08-10 04:04:36,425 	Hypothesis: ok , welche art art von restaurant restaurant ?
2020-08-10 04:04:36,425 Validation result (greedy) at epoch   5, step      400: bleu:   6.83, loss: 21904.2656, ppl:  30.6472, duration: 26.0381s
2020-08-10 04:04:43,395 Epoch   5: total training loss 293.28
2020-08-10 04:04:43,395 EPOCH 6
2020-08-10 04:04:43,768 Epoch   6 Step:      500 Batch Loss:     1.869755 Tokens per Sec:     8116, Lr: 0.000200
2020-08-10 04:04:50,597 Epoch   6: total training loss 252.70
2020-08-10 04:04:50,597 EPOCH 7
2020-08-10 04:04:51,136 Epoch   7 Step:      600 Batch Loss:     1.668752 Tokens per Sec:     8888, Lr: 0.000200
2020-08-10 04:05:09,993 Hooray! New best validation result [ppl]!
2020-08-10 04:05:09,994 Saving new checkpoint.
2020-08-10 04:05:11,207 Example #0
2020-08-10 04:05:11,208 	Raw source:     ['hello', '.']
2020-08-10 04:05:11,208 	Raw hypothesis: ['hallo', '.']
2020-08-10 04:05:11,208 	Source:     hello .
2020-08-10 04:05:11,208 	Reference:  hallo ,
2020-08-10 04:05:11,208 	Hypothesis: hallo .
2020-08-10 04:05:11,208 Example #1
2020-08-10 04:05:11,208 	Raw source:     ['hi', ',', 'how', 'can', 'i', 'help', 'you', '?']
2020-08-10 04:05:11,208 	Raw hypothesis: ['hallo', ',', 'wie', 'kann', 'ich', 'ihnen', 'helfen', '?']
2020-08-10 04:05:11,208 	Source:     hi , how can i help you ?
2020-08-10 04:05:11,208 	Reference:  hallo , wie kann ich ihnen helfen ?
2020-08-10 04:05:11,208 	Hypothesis: hallo , wie kann ich ihnen helfen ?
2020-08-10 04:05:11,208 Example #2
2020-08-10 04:05:11,208 	Raw source:     ['hi', ',', 'i', '&apos;m', 'looking', 'for', 'a', 'restaurant', 'inside', 'the', 'arden', 'fair', 'mall', 'in', 'san', 'francisco', ',', 'california', '.']
2020-08-10 04:05:11,208 	Raw hypothesis: ['hallo', ',', 'ich', 'bin', 'in', 'san', 'francisco', ',', 'kalifornien', '.']
2020-08-10 04:05:11,208 	Source:     hi , i &apos;m looking for a restaurant inside the arden fair mall in san francisco , california .
2020-08-10 04:05:11,208 	Reference:  hallo , ich bin auf der suche nach einem restaurant im arden fair einkaufszentrum in san francisco , kalifornien .
2020-08-10 04:05:11,208 	Hypothesis: hallo , ich bin in san francisco , kalifornien .
2020-08-10 04:05:11,208 Example #3
2020-08-10 04:05:11,208 	Raw source:     ['ok', ',', 'what', 'type', 'of', 'restaurant', 'are', 'you', 'looking', 'for', '?']
2020-08-10 04:05:11,208 	Raw hypothesis: ['ok', ',', 'welche', 'art', 'von', 'restaurant', 'für', 'welche', 'art', 'von', 'von', 'von', 'restaurant', '?']
2020-08-10 04:05:11,208 	Source:     ok , what type of restaurant are you looking for ?
2020-08-10 04:05:11,208 	Reference:  ok . welche art von restaurant suchen sie denn genau ?
2020-08-10 04:05:11,208 	Hypothesis: ok , welche art von restaurant für welche art von von von restaurant ?
2020-08-10 04:05:11,209 Validation result (greedy) at epoch   7, step      600: bleu:  12.27, loss: 19017.0645, ppl:  19.5195, duration: 20.0724s
2020-08-10 04:05:17,887 Epoch   7: total training loss 226.85
2020-08-10 04:05:17,888 EPOCH 8
2020-08-10 04:05:18,555 Epoch   8 Step:      700 Batch Loss:     2.485894 Tokens per Sec:     8858, Lr: 0.000200
2020-08-10 04:05:25,089 Epoch   8: total training loss 207.84
2020-08-10 04:05:25,089 EPOCH 9
2020-08-10 04:05:25,810 Epoch   9 Step:      800 Batch Loss:     0.353676 Tokens per Sec:     8315, Lr: 0.000200
2020-08-10 04:05:40,944 Hooray! New best validation result [ppl]!
2020-08-10 04:05:40,945 Saving new checkpoint.
2020-08-10 04:05:42,051 Example #0
2020-08-10 04:05:42,051 	Raw source:     ['hello', '.']
2020-08-10 04:05:42,051 	Raw hypothesis: ['hallo', '.']
2020-08-10 04:05:42,051 	Source:     hello .
2020-08-10 04:05:42,052 	Reference:  hallo ,
2020-08-10 04:05:42,052 	Hypothesis: hallo .
2020-08-10 04:05:42,052 Example #1
2020-08-10 04:05:42,052 	Raw source:     ['hi', ',', 'how', 'can', 'i', 'help', 'you', '?']
2020-08-10 04:05:42,052 	Raw hypothesis: ['hallo', ',', 'wie', 'kann', 'ich', 'ihnen', 'helfen', '?']
2020-08-10 04:05:42,052 	Source:     hi , how can i help you ?
2020-08-10 04:05:42,052 	Reference:  hallo , wie kann ich ihnen helfen ?
2020-08-10 04:05:42,052 	Hypothesis: hallo , wie kann ich ihnen helfen ?
2020-08-10 04:05:42,052 Example #2
2020-08-10 04:05:42,052 	Raw source:     ['hi', ',', 'i', '&apos;m', 'looking', 'for', 'a', 'restaurant', 'inside', 'the', 'arden', 'fair', 'mall', 'in', 'san', 'francisco', ',', 'california', '.']
2020-08-10 04:05:42,052 	Raw hypothesis: ['hallo', ',', 'ich', 'suche', 'ein', 'restaurant', 'in', 'san', 'francisco', ',', 'kalifornien', '.']
2020-08-10 04:05:42,052 	Source:     hi , i &apos;m looking for a restaurant inside the arden fair mall in san francisco , california .
2020-08-10 04:05:42,052 	Reference:  hallo , ich bin auf der suche nach einem restaurant im arden fair einkaufszentrum in san francisco , kalifornien .
2020-08-10 04:05:42,052 	Hypothesis: hallo , ich suche ein restaurant in san francisco , kalifornien .
2020-08-10 04:05:42,052 Example #3
2020-08-10 04:05:42,052 	Raw source:     ['ok', ',', 'what', 'type', 'of', 'restaurant', 'are', 'you', 'looking', 'for', '?']
2020-08-10 04:05:42,052 	Raw hypothesis: ['ok', ',', 'welche', 'art', 'von', 'restaurant', 'sie', '?']
2020-08-10 04:05:42,052 	Source:     ok , what type of restaurant are you looking for ?
2020-08-10 04:05:42,052 	Reference:  ok . welche art von restaurant suchen sie denn genau ?
2020-08-10 04:05:42,052 	Hypothesis: ok , welche art von restaurant sie ?
2020-08-10 04:05:42,052 Validation result (greedy) at epoch   9, step      800: bleu:  17.54, loss: 17796.9375, ppl:  16.1315, duration: 16.2420s
2020-08-10 04:05:48,654 Epoch   9: total training loss 189.76
2020-08-10 04:05:48,654 EPOCH 10
2020-08-10 04:05:49,503 Epoch  10 Step:      900 Batch Loss:     2.085384 Tokens per Sec:     9181, Lr: 0.000200
2020-08-10 04:05:55,934 Epoch  10: total training loss 174.30
2020-08-10 04:05:55,934 EPOCH 11
2020-08-10 04:05:56,831 Epoch  11 Step:     1000 Batch Loss:     1.563811 Tokens per Sec:     8651, Lr: 0.000200
2020-08-10 04:06:14,927 Hooray! New best validation result [ppl]!
2020-08-10 04:06:14,928 Saving new checkpoint.
2020-08-10 04:06:16,125 Example #0
2020-08-10 04:06:16,125 	Raw source:     ['hello', '.']
2020-08-10 04:06:16,125 	Raw hypothesis: ['hallo', '.']
2020-08-10 04:06:16,125 	Source:     hello .
2020-08-10 04:06:16,125 	Reference:  hallo ,
2020-08-10 04:06:16,125 	Hypothesis: hallo .
2020-08-10 04:06:16,126 Example #1
2020-08-10 04:06:16,126 	Raw source:     ['hi', ',', 'how', 'can', 'i', 'help', 'you', '?']
2020-08-10 04:06:16,126 	Raw hypothesis: ['hallo', ',', 'wie', 'kann', 'ich', 'ihnen', 'helfen', '?']
2020-08-10 04:06:16,126 	Source:     hi , how can i help you ?
2020-08-10 04:06:16,126 	Reference:  hallo , wie kann ich ihnen helfen ?
2020-08-10 04:06:16,126 	Hypothesis: hallo , wie kann ich ihnen helfen ?
2020-08-10 04:06:16,126 Example #2
2020-08-10 04:06:16,126 	Raw source:     ['hi', ',', 'i', '&apos;m', 'looking', 'for', 'a', 'restaurant', 'inside', 'the', 'arden', 'fair', 'mall', 'in', 'san', 'francisco', ',', 'california', '.']
2020-08-10 04:06:16,126 	Raw hypothesis: ['hallo', ',', 'ich', 'suche', 'ein', 'restaurant', 'in', 'san', 'francisco', ',', 'kalifornien', ',', 'in', 'san', 'francisco', ',', 'kalifornien', ',', 'kalifornien', '.']
2020-08-10 04:06:16,126 	Source:     hi , i &apos;m looking for a restaurant inside the arden fair mall in san francisco , california .
2020-08-10 04:06:16,126 	Reference:  hallo , ich bin auf der suche nach einem restaurant im arden fair einkaufszentrum in san francisco , kalifornien .
2020-08-10 04:06:16,126 	Hypothesis: hallo , ich suche ein restaurant in san francisco , kalifornien , in san francisco , kalifornien , kalifornien .
2020-08-10 04:06:16,126 Example #3
2020-08-10 04:06:16,126 	Raw source:     ['ok', ',', 'what', 'type', 'of', 'restaurant', 'are', 'you', 'looking', 'for', '?']
2020-08-10 04:06:16,126 	Raw hypothesis: ['ok', ',', 'welche', 'art', 'von', 'restaurant', 'für', 'sie', '?']
2020-08-10 04:06:16,126 	Source:     ok , what type of restaurant are you looking for ?
2020-08-10 04:06:16,126 	Reference:  ok . welche art von restaurant suchen sie denn genau ?
2020-08-10 04:06:16,126 	Hypothesis: ok , welche art von restaurant für sie ?
2020-08-10 04:06:16,127 Validation result (greedy) at epoch  11, step     1000: bleu:  20.40, loss: 16474.4219, ppl:  13.1199, duration: 19.2954s
2020-08-10 04:06:22,508 Epoch  11: total training loss 153.33
2020-08-10 04:06:22,508 EPOCH 12
2020-08-10 04:06:23,551 Epoch  12 Step:     1100 Batch Loss:     1.293589 Tokens per Sec:     8689, Lr: 0.000200
2020-08-10 04:06:29,786 Epoch  12: total training loss 144.65
2020-08-10 04:06:29,786 EPOCH 13
2020-08-10 04:06:30,833 Epoch  13 Step:     1200 Batch Loss:     1.312995 Tokens per Sec:     9320, Lr: 0.000200
2020-08-10 04:06:45,030 Hooray! New best validation result [ppl]!
2020-08-10 04:06:45,030 Saving new checkpoint.
2020-08-10 04:06:46,244 Example #0
2020-08-10 04:06:46,244 	Raw source:     ['hello', '.']
2020-08-10 04:06:46,244 	Raw hypothesis: ['hallo', '.']
2020-08-10 04:06:46,244 	Source:     hello .
2020-08-10 04:06:46,244 	Reference:  hallo ,
2020-08-10 04:06:46,245 	Hypothesis: hallo .
2020-08-10 04:06:46,245 Example #1
2020-08-10 04:06:46,245 	Raw source:     ['hi', ',', 'how', 'can', 'i', 'help', 'you', '?']
2020-08-10 04:06:46,245 	Raw hypothesis: ['hallo', ',', 'wie', 'kann', 'ich', 'ihnen', 'helfen', '?']
2020-08-10 04:06:46,245 	Source:     hi , how can i help you ?
2020-08-10 04:06:46,245 	Reference:  hallo , wie kann ich ihnen helfen ?
2020-08-10 04:06:46,245 	Hypothesis: hallo , wie kann ich ihnen helfen ?
2020-08-10 04:06:46,245 Example #2
2020-08-10 04:06:46,245 	Raw source:     ['hi', ',', 'i', '&apos;m', 'looking', 'for', 'a', 'restaurant', 'inside', 'the', 'arden', 'fair', 'mall', 'in', 'san', 'francisco', ',', 'california', '.']
2020-08-10 04:06:46,245 	Raw hypothesis: ['hallo', ',', 'ich', 'suche', 'ein', 'restaurant', 'in', 'san', 'francisco', ',', 'kalifornien', ',', 'kalifornien', ',', 'kalifornien', ',', 'kalifornien', ',', 'in', 'san', 'francisco', ',', 'kalifornien', '.']
2020-08-10 04:06:46,245 	Source:     hi , i &apos;m looking for a restaurant inside the arden fair mall in san francisco , california .
2020-08-10 04:06:46,245 	Reference:  hallo , ich bin auf der suche nach einem restaurant im arden fair einkaufszentrum in san francisco , kalifornien .
2020-08-10 04:06:46,245 	Hypothesis: hallo , ich suche ein restaurant in san francisco , kalifornien , kalifornien , kalifornien , kalifornien , in san francisco , kalifornien .
2020-08-10 04:06:46,245 Example #3
2020-08-10 04:06:46,245 	Raw source:     ['ok', ',', 'what', 'type', 'of', 'restaurant', 'are', 'you', 'looking', 'for', '?']
2020-08-10 04:06:46,245 	Raw hypothesis: ['ok', ',', 'nach', 'welcher', 'art', 'von', 'restaurant', 'suchen', 'sie', '?']
2020-08-10 04:06:46,245 	Source:     ok , what type of restaurant are you looking for ?
2020-08-10 04:06:46,245 	Reference:  ok . welche art von restaurant suchen sie denn genau ?
2020-08-10 04:06:46,245 	Hypothesis: ok , nach welcher art von restaurant suchen sie ?
2020-08-10 04:06:46,246 Validation result (greedy) at epoch  13, step     1200: bleu:  24.84, loss: 16138.7080, ppl:  12.4494, duration: 15.4119s
2020-08-10 04:06:52,562 Epoch  13: total training loss 131.92
2020-08-10 04:06:52,563 EPOCH 14
2020-08-10 04:06:53,589 Epoch  14 Step:     1300 Batch Loss:     0.296644 Tokens per Sec:     8577, Lr: 0.000200
2020-08-10 04:06:59,826 Epoch  14: total training loss 118.14
2020-08-10 04:06:59,827 EPOCH 15
2020-08-10 04:07:00,928 Epoch  15 Step:     1400 Batch Loss:     0.737855 Tokens per Sec:     8802, Lr: 0.000200
2020-08-10 04:07:12,731 Hooray! New best validation result [ppl]!
2020-08-10 04:07:12,731 Saving new checkpoint.
2020-08-10 04:07:13,959 Example #0
2020-08-10 04:07:13,959 	Raw source:     ['hello', '.']
2020-08-10 04:07:13,959 	Raw hypothesis: ['hallo', '.']
2020-08-10 04:07:13,959 	Source:     hello .
2020-08-10 04:07:13,959 	Reference:  hallo ,
2020-08-10 04:07:13,959 	Hypothesis: hallo .
2020-08-10 04:07:13,959 Example #1
2020-08-10 04:07:13,960 	Raw source:     ['hi', ',', 'how', 'can', 'i', 'help', 'you', '?']
2020-08-10 04:07:13,960 	Raw hypothesis: ['hallo', ',', 'wie', 'kann', 'ich', 'ihnen', 'helfen', '?']
2020-08-10 04:07:13,960 	Source:     hi , how can i help you ?
2020-08-10 04:07:13,960 	Reference:  hallo , wie kann ich ihnen helfen ?
2020-08-10 04:07:13,960 	Hypothesis: hallo , wie kann ich ihnen helfen ?
2020-08-10 04:07:13,960 Example #2
2020-08-10 04:07:13,960 	Raw source:     ['hi', ',', 'i', '&apos;m', 'looking', 'for', 'a', 'restaurant', 'inside', 'the', 'arden', 'fair', 'mall', 'in', 'san', 'francisco', ',', 'california', '.']
2020-08-10 04:07:13,960 	Raw hypothesis: ['hallo', ',', 'ich', 'suche', 'ein', 'restaurant', 'in', 'san', 'francisco', ',', 'kalifornien', ',', 'finden', '.']
2020-08-10 04:07:13,960 	Source:     hi , i &apos;m looking for a restaurant inside the arden fair mall in san francisco , california .
2020-08-10 04:07:13,960 	Reference:  hallo , ich bin auf der suche nach einem restaurant im arden fair einkaufszentrum in san francisco , kalifornien .
2020-08-10 04:07:13,960 	Hypothesis: hallo , ich suche ein restaurant in san francisco , kalifornien , finden .
2020-08-10 04:07:13,960 Example #3
2020-08-10 04:07:13,960 	Raw source:     ['ok', ',', 'what', 'type', 'of', 'restaurant', 'are', 'you', 'looking', 'for', '?']
2020-08-10 04:07:13,960 	Raw hypothesis: ['ok', ',', 'nach', 'welcher', 'art', 'von', 'restaurant', 'suchen', 'sie', '?']
2020-08-10 04:07:13,960 	Source:     ok , what type of restaurant are you looking for ?
2020-08-10 04:07:13,960 	Reference:  ok . welche art von restaurant suchen sie denn genau ?
2020-08-10 04:07:13,960 	Hypothesis: ok , nach welcher art von restaurant suchen sie ?
2020-08-10 04:07:13,960 Validation result (greedy) at epoch  15, step     1400: bleu:  26.14, loss: 15894.1914, ppl:  11.9827, duration: 13.0319s
2020-08-10 04:07:20,187 Epoch  15: total training loss 100.67
2020-08-10 04:07:20,187 EPOCH 16
2020-08-10 04:07:21,448 Epoch  16 Step:     1500 Batch Loss:     1.592944 Tokens per Sec:     8592, Lr: 0.000200
2020-08-10 04:07:27,452 Epoch  16: total training loss 92.36
2020-08-10 04:07:27,453 EPOCH 17
2020-08-10 04:07:28,767 Epoch  17 Step:     1600 Batch Loss:     0.552615 Tokens per Sec:     8691, Lr: 0.000200
2020-08-10 04:07:39,166 Example #0
2020-08-10 04:07:39,167 	Raw source:     ['hello', '.']
2020-08-10 04:07:39,167 	Raw hypothesis: ['hallo', '.']
2020-08-10 04:07:39,167 	Source:     hello .
2020-08-10 04:07:39,167 	Reference:  hallo ,
2020-08-10 04:07:39,167 	Hypothesis: hallo .
2020-08-10 04:07:39,167 Example #1
2020-08-10 04:07:39,167 	Raw source:     ['hi', ',', 'how', 'can', 'i', 'help', 'you', '?']
2020-08-10 04:07:39,167 	Raw hypothesis: ['hallo', ',', 'wie', 'kann', 'ich', 'ihnen', 'helfen', '?']
2020-08-10 04:07:39,167 	Source:     hi , how can i help you ?
2020-08-10 04:07:39,167 	Reference:  hallo , wie kann ich ihnen helfen ?
2020-08-10 04:07:39,167 	Hypothesis: hallo , wie kann ich ihnen helfen ?
2020-08-10 04:07:39,167 Example #2
2020-08-10 04:07:39,167 	Raw source:     ['hi', ',', 'i', '&apos;m', 'looking', 'for', 'a', 'restaurant', 'inside', 'the', 'arden', 'fair', 'mall', 'in', 'san', 'francisco', ',', 'california', '.']
2020-08-10 04:07:39,167 	Raw hypothesis: ['hallo', ',', 'ich', 'suche', 'ein', 'restaurant', 'in', 'san', 'francisco', ',', 'kalifornien', ',', 'finden', '.']
2020-08-10 04:07:39,167 	Source:     hi , i &apos;m looking for a restaurant inside the arden fair mall in san francisco , california .
2020-08-10 04:07:39,167 	Reference:  hallo , ich bin auf der suche nach einem restaurant im arden fair einkaufszentrum in san francisco , kalifornien .
2020-08-10 04:07:39,167 	Hypothesis: hallo , ich suche ein restaurant in san francisco , kalifornien , finden .
2020-08-10 04:07:39,168 Example #3
2020-08-10 04:07:39,168 	Raw source:     ['ok', ',', 'what', 'type', 'of', 'restaurant', 'are', 'you', 'looking', 'for', '?']
2020-08-10 04:07:39,168 	Raw hypothesis: ['ok', ',', 'welche', 'art', 'von', 'restaurant', 'suchen', 'sie', '?']
2020-08-10 04:07:39,168 	Source:     ok , what type of restaurant are you looking for ?
2020-08-10 04:07:39,168 	Reference:  ok . welche art von restaurant suchen sie denn genau ?
2020-08-10 04:07:39,168 	Hypothesis: ok , welche art von restaurant suchen sie ?
2020-08-10 04:07:39,168 Validation result (greedy) at epoch  17, step     1600: bleu:  28.47, loss: 16168.5664, ppl:  12.5076, duration: 10.4002s
2020-08-10 04:07:45,215 Epoch  17: total training loss 82.55
2020-08-10 04:07:45,215 EPOCH 18
2020-08-10 04:07:46,617 Epoch  18 Step:     1700 Batch Loss:     0.562421 Tokens per Sec:     9045, Lr: 0.000200
2020-08-10 04:07:52,547 Epoch  18: total training loss 73.49
2020-08-10 04:07:52,547 EPOCH 19
2020-08-10 04:07:54,053 Epoch  19 Step:     1800 Batch Loss:     1.084994 Tokens per Sec:     8785, Lr: 0.000200
2020-08-10 04:08:07,244 Example #0
2020-08-10 04:08:07,244 	Raw source:     ['hello', '.']
2020-08-10 04:08:07,245 	Raw hypothesis: ['hallo', '.']
2020-08-10 04:08:07,245 	Source:     hello .
2020-08-10 04:08:07,245 	Reference:  hallo ,
2020-08-10 04:08:07,245 	Hypothesis: hallo .
2020-08-10 04:08:07,245 Example #1
2020-08-10 04:08:07,245 	Raw source:     ['hi', ',', 'how', 'can', 'i', 'help', 'you', '?']
2020-08-10 04:08:07,245 	Raw hypothesis: ['hallo', ',', 'wie', 'kann', 'ich', 'ihnen', 'helfen', '?']
2020-08-10 04:08:07,245 	Source:     hi , how can i help you ?
2020-08-10 04:08:07,245 	Reference:  hallo , wie kann ich ihnen helfen ?
2020-08-10 04:08:07,245 	Hypothesis: hallo , wie kann ich ihnen helfen ?
2020-08-10 04:08:07,245 Example #2
2020-08-10 04:08:07,245 	Raw source:     ['hi', ',', 'i', '&apos;m', 'looking', 'for', 'a', 'restaurant', 'inside', 'the', 'arden', 'fair', 'mall', 'in', 'san', 'francisco', ',', 'california', '.']
2020-08-10 04:08:07,245 	Raw hypothesis: ['hallo', ',', 'ich', 'suche', 'ein', 'restaurant', 'in', 'san', 'francisco', ',', 'kalifornien', ',', 'finden', '.', 'in', 'san', 'francisco', ',', 'kalifornien', ',', 'finden', '.']
2020-08-10 04:08:07,245 	Source:     hi , i &apos;m looking for a restaurant inside the arden fair mall in san francisco , california .
2020-08-10 04:08:07,245 	Reference:  hallo , ich bin auf der suche nach einem restaurant im arden fair einkaufszentrum in san francisco , kalifornien .
2020-08-10 04:08:07,245 	Hypothesis: hallo , ich suche ein restaurant in san francisco , kalifornien , finden . in san francisco , kalifornien , finden .
2020-08-10 04:08:07,245 Example #3
2020-08-10 04:08:07,245 	Raw source:     ['ok', ',', 'what', 'type', 'of', 'restaurant', 'are', 'you', 'looking', 'for', '?']
2020-08-10 04:08:07,245 	Raw hypothesis: ['ok', ',', 'nach', 'welcher', 'art', 'von', 'restaurant', 'suchen', 'sie', '?']
2020-08-10 04:08:07,245 	Source:     ok , what type of restaurant are you looking for ?
2020-08-10 04:08:07,245 	Reference:  ok . welche art von restaurant suchen sie denn genau ?
2020-08-10 04:08:07,245 	Hypothesis: ok , nach welcher art von restaurant suchen sie ?
2020-08-10 04:08:07,245 Validation result (greedy) at epoch  19, step     1800: bleu:  27.28, loss: 16070.7090, ppl:  12.3178, duration: 13.1918s
2020-08-10 04:08:12,944 Epoch  19: total training loss 65.47
2020-08-10 04:08:12,944 EPOCH 20
2020-08-10 04:08:14,563 Epoch  20 Step:     1900 Batch Loss:     0.731255 Tokens per Sec:     8859, Lr: 0.000200
2020-08-10 04:08:20,308 Epoch  20: total training loss 61.11
2020-08-10 04:08:20,309 Training ended after  20 epochs.
2020-08-10 04:08:20,309 Best validation result (greedy) at step     1400:  11.98 ppl.
