2020-08-09 21:00:54,385 Hello! This is Joey-NMT.
2020-08-09 21:00:55,800 Total params: 3795840
2020-08-09 21:00:55,802 Trainable parameters: ['decoder.layer_norm.bias', 'decoder.layer_norm.weight', 'decoder.layers.0.dec_layer_norm.bias', 'decoder.layers.0.dec_layer_norm.weight', 'decoder.layers.0.feed_forward.layer_norm.bias', 'decoder.layers.0.feed_forward.layer_norm.weight', 'decoder.layers.0.feed_forward.pwff_layer.0.bias', 'decoder.layers.0.feed_forward.pwff_layer.0.weight', 'decoder.layers.0.feed_forward.pwff_layer.3.bias', 'decoder.layers.0.feed_forward.pwff_layer.3.weight', 'decoder.layers.0.src_trg_att.k_layer.bias', 'decoder.layers.0.src_trg_att.k_layer.weight', 'decoder.layers.0.src_trg_att.output_layer.bias', 'decoder.layers.0.src_trg_att.output_layer.weight', 'decoder.layers.0.src_trg_att.q_layer.bias', 'decoder.layers.0.src_trg_att.q_layer.weight', 'decoder.layers.0.src_trg_att.v_layer.bias', 'decoder.layers.0.src_trg_att.v_layer.weight', 'decoder.layers.0.trg_trg_att.k_layer.bias', 'decoder.layers.0.trg_trg_att.k_layer.weight', 'decoder.layers.0.trg_trg_att.output_layer.bias', 'decoder.layers.0.trg_trg_att.output_layer.weight', 'decoder.layers.0.trg_trg_att.q_layer.bias', 'decoder.layers.0.trg_trg_att.q_layer.weight', 'decoder.layers.0.trg_trg_att.v_layer.bias', 'decoder.layers.0.trg_trg_att.v_layer.weight', 'decoder.layers.0.x_layer_norm.bias', 'decoder.layers.0.x_layer_norm.weight', 'decoder.layers.1.dec_layer_norm.bias', 'decoder.layers.1.dec_layer_norm.weight', 'decoder.layers.1.feed_forward.layer_norm.bias', 'decoder.layers.1.feed_forward.layer_norm.weight', 'decoder.layers.1.feed_forward.pwff_layer.0.bias', 'decoder.layers.1.feed_forward.pwff_layer.0.weight', 'decoder.layers.1.feed_forward.pwff_layer.3.bias', 'decoder.layers.1.feed_forward.pwff_layer.3.weight', 'decoder.layers.1.src_trg_att.k_layer.bias', 'decoder.layers.1.src_trg_att.k_layer.weight', 'decoder.layers.1.src_trg_att.output_layer.bias', 'decoder.layers.1.src_trg_att.output_layer.weight', 'decoder.layers.1.src_trg_att.q_layer.bias', 'decoder.layers.1.src_trg_att.q_layer.weight', 'decoder.layers.1.src_trg_att.v_layer.bias', 'decoder.layers.1.src_trg_att.v_layer.weight', 'decoder.layers.1.trg_trg_att.k_layer.bias', 'decoder.layers.1.trg_trg_att.k_layer.weight', 'decoder.layers.1.trg_trg_att.output_layer.bias', 'decoder.layers.1.trg_trg_att.output_layer.weight', 'decoder.layers.1.trg_trg_att.q_layer.bias', 'decoder.layers.1.trg_trg_att.q_layer.weight', 'decoder.layers.1.trg_trg_att.v_layer.bias', 'decoder.layers.1.trg_trg_att.v_layer.weight', 'decoder.layers.1.x_layer_norm.bias', 'decoder.layers.1.x_layer_norm.weight', 'decoder.layers.2.dec_layer_norm.bias', 'decoder.layers.2.dec_layer_norm.weight', 'decoder.layers.2.feed_forward.layer_norm.bias', 'decoder.layers.2.feed_forward.layer_norm.weight', 'decoder.layers.2.feed_forward.pwff_layer.0.bias', 'decoder.layers.2.feed_forward.pwff_layer.0.weight', 'decoder.layers.2.feed_forward.pwff_layer.3.bias', 'decoder.layers.2.feed_forward.pwff_layer.3.weight', 'decoder.layers.2.src_trg_att.k_layer.bias', 'decoder.layers.2.src_trg_att.k_layer.weight', 'decoder.layers.2.src_trg_att.output_layer.bias', 'decoder.layers.2.src_trg_att.output_layer.weight', 'decoder.layers.2.src_trg_att.q_layer.bias', 'decoder.layers.2.src_trg_att.q_layer.weight', 'decoder.layers.2.src_trg_att.v_layer.bias', 'decoder.layers.2.src_trg_att.v_layer.weight', 'decoder.layers.2.trg_trg_att.k_layer.bias', 'decoder.layers.2.trg_trg_att.k_layer.weight', 'decoder.layers.2.trg_trg_att.output_layer.bias', 'decoder.layers.2.trg_trg_att.output_layer.weight', 'decoder.layers.2.trg_trg_att.q_layer.bias', 'decoder.layers.2.trg_trg_att.q_layer.weight', 'decoder.layers.2.trg_trg_att.v_layer.bias', 'decoder.layers.2.trg_trg_att.v_layer.weight', 'decoder.layers.2.x_layer_norm.bias', 'decoder.layers.2.x_layer_norm.weight', 'decoder.layers.3.dec_layer_norm.bias', 'decoder.layers.3.dec_layer_norm.weight', 'decoder.layers.3.feed_forward.layer_norm.bias', 'decoder.layers.3.feed_forward.layer_norm.weight', 'decoder.layers.3.feed_forward.pwff_layer.0.bias', 'decoder.layers.3.feed_forward.pwff_layer.0.weight', 'decoder.layers.3.feed_forward.pwff_layer.3.bias', 'decoder.layers.3.feed_forward.pwff_layer.3.weight', 'decoder.layers.3.src_trg_att.k_layer.bias', 'decoder.layers.3.src_trg_att.k_layer.weight', 'decoder.layers.3.src_trg_att.output_layer.bias', 'decoder.layers.3.src_trg_att.output_layer.weight', 'decoder.layers.3.src_trg_att.q_layer.bias', 'decoder.layers.3.src_trg_att.q_layer.weight', 'decoder.layers.3.src_trg_att.v_layer.bias', 'decoder.layers.3.src_trg_att.v_layer.weight', 'decoder.layers.3.trg_trg_att.k_layer.bias', 'decoder.layers.3.trg_trg_att.k_layer.weight', 'decoder.layers.3.trg_trg_att.output_layer.bias', 'decoder.layers.3.trg_trg_att.output_layer.weight', 'decoder.layers.3.trg_trg_att.q_layer.bias', 'decoder.layers.3.trg_trg_att.q_layer.weight', 'decoder.layers.3.trg_trg_att.v_layer.bias', 'decoder.layers.3.trg_trg_att.v_layer.weight', 'decoder.layers.3.x_layer_norm.bias', 'decoder.layers.3.x_layer_norm.weight', 'decoder.layers.4.dec_layer_norm.bias', 'decoder.layers.4.dec_layer_norm.weight', 'decoder.layers.4.feed_forward.layer_norm.bias', 'decoder.layers.4.feed_forward.layer_norm.weight', 'decoder.layers.4.feed_forward.pwff_layer.0.bias', 'decoder.layers.4.feed_forward.pwff_layer.0.weight', 'decoder.layers.4.feed_forward.pwff_layer.3.bias', 'decoder.layers.4.feed_forward.pwff_layer.3.weight', 'decoder.layers.4.src_trg_att.k_layer.bias', 'decoder.layers.4.src_trg_att.k_layer.weight', 'decoder.layers.4.src_trg_att.output_layer.bias', 'decoder.layers.4.src_trg_att.output_layer.weight', 'decoder.layers.4.src_trg_att.q_layer.bias', 'decoder.layers.4.src_trg_att.q_layer.weight', 'decoder.layers.4.src_trg_att.v_layer.bias', 'decoder.layers.4.src_trg_att.v_layer.weight', 'decoder.layers.4.trg_trg_att.k_layer.bias', 'decoder.layers.4.trg_trg_att.k_layer.weight', 'decoder.layers.4.trg_trg_att.output_layer.bias', 'decoder.layers.4.trg_trg_att.output_layer.weight', 'decoder.layers.4.trg_trg_att.q_layer.bias', 'decoder.layers.4.trg_trg_att.q_layer.weight', 'decoder.layers.4.trg_trg_att.v_layer.bias', 'decoder.layers.4.trg_trg_att.v_layer.weight', 'decoder.layers.4.x_layer_norm.bias', 'decoder.layers.4.x_layer_norm.weight', 'decoder.layers.5.dec_layer_norm.bias', 'decoder.layers.5.dec_layer_norm.weight', 'decoder.layers.5.feed_forward.layer_norm.bias', 'decoder.layers.5.feed_forward.layer_norm.weight', 'decoder.layers.5.feed_forward.pwff_layer.0.bias', 'decoder.layers.5.feed_forward.pwff_layer.0.weight', 'decoder.layers.5.feed_forward.pwff_layer.3.bias', 'decoder.layers.5.feed_forward.pwff_layer.3.weight', 'decoder.layers.5.src_trg_att.k_layer.bias', 'decoder.layers.5.src_trg_att.k_layer.weight', 'decoder.layers.5.src_trg_att.output_layer.bias', 'decoder.layers.5.src_trg_att.output_layer.weight', 'decoder.layers.5.src_trg_att.q_layer.bias', 'decoder.layers.5.src_trg_att.q_layer.weight', 'decoder.layers.5.src_trg_att.v_layer.bias', 'decoder.layers.5.src_trg_att.v_layer.weight', 'decoder.layers.5.trg_trg_att.k_layer.bias', 'decoder.layers.5.trg_trg_att.k_layer.weight', 'decoder.layers.5.trg_trg_att.output_layer.bias', 'decoder.layers.5.trg_trg_att.output_layer.weight', 'decoder.layers.5.trg_trg_att.q_layer.bias', 'decoder.layers.5.trg_trg_att.q_layer.weight', 'decoder.layers.5.trg_trg_att.v_layer.bias', 'decoder.layers.5.trg_trg_att.v_layer.weight', 'decoder.layers.5.x_layer_norm.bias', 'decoder.layers.5.x_layer_norm.weight', 'encoder.layer_norm.bias', 'encoder.layer_norm.weight', 'encoder.layers.0.feed_forward.layer_norm.bias', 'encoder.layers.0.feed_forward.layer_norm.weight', 'encoder.layers.0.feed_forward.pwff_layer.0.bias', 'encoder.layers.0.feed_forward.pwff_layer.0.weight', 'encoder.layers.0.feed_forward.pwff_layer.3.bias', 'encoder.layers.0.feed_forward.pwff_layer.3.weight', 'encoder.layers.0.layer_norm.bias', 'encoder.layers.0.layer_norm.weight', 'encoder.layers.0.src_src_att.k_layer.bias', 'encoder.layers.0.src_src_att.k_layer.weight', 'encoder.layers.0.src_src_att.output_layer.bias', 'encoder.layers.0.src_src_att.output_layer.weight', 'encoder.layers.0.src_src_att.q_layer.bias', 'encoder.layers.0.src_src_att.q_layer.weight', 'encoder.layers.0.src_src_att.v_layer.bias', 'encoder.layers.0.src_src_att.v_layer.weight', 'encoder.layers.1.feed_forward.layer_norm.bias', 'encoder.layers.1.feed_forward.layer_norm.weight', 'encoder.layers.1.feed_forward.pwff_layer.0.bias', 'encoder.layers.1.feed_forward.pwff_layer.0.weight', 'encoder.layers.1.feed_forward.pwff_layer.3.bias', 'encoder.layers.1.feed_forward.pwff_layer.3.weight', 'encoder.layers.1.layer_norm.bias', 'encoder.layers.1.layer_norm.weight', 'encoder.layers.1.src_src_att.k_layer.bias', 'encoder.layers.1.src_src_att.k_layer.weight', 'encoder.layers.1.src_src_att.output_layer.bias', 'encoder.layers.1.src_src_att.output_layer.weight', 'encoder.layers.1.src_src_att.q_layer.bias', 'encoder.layers.1.src_src_att.q_layer.weight', 'encoder.layers.1.src_src_att.v_layer.bias', 'encoder.layers.1.src_src_att.v_layer.weight', 'encoder.layers.2.feed_forward.layer_norm.bias', 'encoder.layers.2.feed_forward.layer_norm.weight', 'encoder.layers.2.feed_forward.pwff_layer.0.bias', 'encoder.layers.2.feed_forward.pwff_layer.0.weight', 'encoder.layers.2.feed_forward.pwff_layer.3.bias', 'encoder.layers.2.feed_forward.pwff_layer.3.weight', 'encoder.layers.2.layer_norm.bias', 'encoder.layers.2.layer_norm.weight', 'encoder.layers.2.src_src_att.k_layer.bias', 'encoder.layers.2.src_src_att.k_layer.weight', 'encoder.layers.2.src_src_att.output_layer.bias', 'encoder.layers.2.src_src_att.output_layer.weight', 'encoder.layers.2.src_src_att.q_layer.bias', 'encoder.layers.2.src_src_att.q_layer.weight', 'encoder.layers.2.src_src_att.v_layer.bias', 'encoder.layers.2.src_src_att.v_layer.weight', 'encoder.layers.3.feed_forward.layer_norm.bias', 'encoder.layers.3.feed_forward.layer_norm.weight', 'encoder.layers.3.feed_forward.pwff_layer.0.bias', 'encoder.layers.3.feed_forward.pwff_layer.0.weight', 'encoder.layers.3.feed_forward.pwff_layer.3.bias', 'encoder.layers.3.feed_forward.pwff_layer.3.weight', 'encoder.layers.3.layer_norm.bias', 'encoder.layers.3.layer_norm.weight', 'encoder.layers.3.src_src_att.k_layer.bias', 'encoder.layers.3.src_src_att.k_layer.weight', 'encoder.layers.3.src_src_att.output_layer.bias', 'encoder.layers.3.src_src_att.output_layer.weight', 'encoder.layers.3.src_src_att.q_layer.bias', 'encoder.layers.3.src_src_att.q_layer.weight', 'encoder.layers.3.src_src_att.v_layer.bias', 'encoder.layers.3.src_src_att.v_layer.weight', 'encoder.layers.4.feed_forward.layer_norm.bias', 'encoder.layers.4.feed_forward.layer_norm.weight', 'encoder.layers.4.feed_forward.pwff_layer.0.bias', 'encoder.layers.4.feed_forward.pwff_layer.0.weight', 'encoder.layers.4.feed_forward.pwff_layer.3.bias', 'encoder.layers.4.feed_forward.pwff_layer.3.weight', 'encoder.layers.4.layer_norm.bias', 'encoder.layers.4.layer_norm.weight', 'encoder.layers.4.src_src_att.k_layer.bias', 'encoder.layers.4.src_src_att.k_layer.weight', 'encoder.layers.4.src_src_att.output_layer.bias', 'encoder.layers.4.src_src_att.output_layer.weight', 'encoder.layers.4.src_src_att.q_layer.bias', 'encoder.layers.4.src_src_att.q_layer.weight', 'encoder.layers.4.src_src_att.v_layer.bias', 'encoder.layers.4.src_src_att.v_layer.weight', 'encoder.layers.5.feed_forward.layer_norm.bias', 'encoder.layers.5.feed_forward.layer_norm.weight', 'encoder.layers.5.feed_forward.pwff_layer.0.bias', 'encoder.layers.5.feed_forward.pwff_layer.0.weight', 'encoder.layers.5.feed_forward.pwff_layer.3.bias', 'encoder.layers.5.feed_forward.pwff_layer.3.weight', 'encoder.layers.5.layer_norm.bias', 'encoder.layers.5.layer_norm.weight', 'encoder.layers.5.src_src_att.k_layer.bias', 'encoder.layers.5.src_src_att.k_layer.weight', 'encoder.layers.5.src_src_att.output_layer.bias', 'encoder.layers.5.src_src_att.output_layer.weight', 'encoder.layers.5.src_src_att.q_layer.bias', 'encoder.layers.5.src_src_att.q_layer.weight', 'encoder.layers.5.src_src_att.v_layer.bias', 'encoder.layers.5.src_src_att.v_layer.weight', 'src_embed.lut.weight', 'trg_embed.lut.weight']
2020-08-09 21:00:59,604 cfg.data.dev                       : chatnmt/multi_encoder/dev_subset.tags.bpe.10000
2020-08-09 21:00:59,604 cfg.data.level                     : bpe
2020-08-09 21:00:59,604 cfg.data.lowercase                 : False
2020-08-09 21:00:59,604 cfg.data.max_sent_length           : 100
2020-08-09 21:00:59,604 cfg.data.src                       : en
2020-08-09 21:00:59,604 cfg.data.test                      : chatnmt/multi_encoder/test.tags.bpe.10000
2020-08-09 21:00:59,604 cfg.data.train                     : chatnmt/multi_encoder/train_subset.tags.bpe.10000
2020-08-09 21:00:59,604 cfg.data.trg                       : de
2020-08-09 21:00:59,604 cfg.model.bias_initializer         : zeros
2020-08-09 21:00:59,604 cfg.model.decoder.dropout          : 0.1
2020-08-09 21:00:59,604 cfg.model.decoder.embeddings.dropout : 0.0
2020-08-09 21:00:59,604 cfg.model.decoder.embeddings.embedding_dim : 128
2020-08-09 21:00:59,605 cfg.model.decoder.embeddings.scale : True
2020-08-09 21:00:59,605 cfg.model.decoder.ff_size          : 512
2020-08-09 21:00:59,605 cfg.model.decoder.freeze           : False
2020-08-09 21:00:59,605 cfg.model.decoder.hidden_size      : 128
2020-08-09 21:00:59,605 cfg.model.decoder.num_heads        : 8
2020-08-09 21:00:59,605 cfg.model.decoder.num_layers       : 6
2020-08-09 21:00:59,605 cfg.model.decoder.type             : transformer
2020-08-09 21:00:59,605 cfg.model.embed_init_gain          : 1.0
2020-08-09 21:00:59,605 cfg.model.embed_initializer        : xavier
2020-08-09 21:00:59,605 cfg.model.encoder.dropout          : 0.1
2020-08-09 21:00:59,605 cfg.model.encoder.embeddings.dropout : 0.0
2020-08-09 21:00:59,605 cfg.model.encoder.embeddings.embedding_dim : 128
2020-08-09 21:00:59,605 cfg.model.encoder.embeddings.scale : True
2020-08-09 21:00:59,605 cfg.model.encoder.ff_size          : 512
2020-08-09 21:00:59,605 cfg.model.encoder.freeze           : False
2020-08-09 21:00:59,605 cfg.model.encoder.hidden_size      : 128
2020-08-09 21:00:59,605 cfg.model.encoder.multi_encoder    : False
2020-08-09 21:00:59,606 cfg.model.encoder.num_heads        : 8
2020-08-09 21:00:59,606 cfg.model.encoder.num_layers       : 6
2020-08-09 21:00:59,606 cfg.model.encoder.type             : transformer
2020-08-09 21:00:59,606 cfg.model.init_gain                : 1.0
2020-08-09 21:00:59,606 cfg.model.initializer              : xavier
2020-08-09 21:00:59,606 cfg.model.tied_embeddings          : False
2020-08-09 21:00:59,606 cfg.model.tied_softmax             : True
2020-08-09 21:00:59,606 cfg.name                           : transformer
2020-08-09 21:00:59,606 cfg.testing.alpha                  : 1.0
2020-08-09 21:00:59,606 cfg.testing.beam_size              : 5
2020-08-09 21:00:59,606 cfg.training.adam_betas            : [0.9, 0.999]
2020-08-09 21:00:59,606 cfg.training.batch_multiplier      : 1
2020-08-09 21:00:59,606 cfg.training.batch_size            : 512
2020-08-09 21:00:59,606 cfg.training.batch_type            : token
2020-08-09 21:00:59,606 cfg.training.decrease_factor       : 0.7
2020-08-09 21:00:59,607 cfg.training.early_stopping_metric : ppl
2020-08-09 21:00:59,607 cfg.training.epochs                : 20
2020-08-09 21:00:59,607 cfg.training.eval_metric           : bleu
2020-08-09 21:00:59,607 cfg.training.keep_last_ckpts       : 3
2020-08-09 21:00:59,607 cfg.training.label_smoothing       : 0.1
2020-08-09 21:00:59,607 cfg.training.learning_rate         : 0.0002
2020-08-09 21:00:59,607 cfg.training.learning_rate_min     : 1e-08
2020-08-09 21:00:59,607 cfg.training.logging_freq          : 100
2020-08-09 21:00:59,607 cfg.training.loss                  : crossentropy
2020-08-09 21:00:59,607 cfg.training.max_output_length     : 100
2020-08-09 21:00:59,607 cfg.training.model_dir             : models/viznet/attempt2/8_8_0.1_128_128_512_6_6
2020-08-09 21:00:59,607 cfg.training.normalization         : tokens
2020-08-09 21:00:59,607 cfg.training.optimizer             : adam
2020-08-09 21:00:59,607 cfg.training.overwrite             : True
2020-08-09 21:00:59,607 cfg.training.patience              : 8
2020-08-09 21:00:59,607 cfg.training.print_valid_sents     : [0, 1, 2, 3]
2020-08-09 21:00:59,608 cfg.training.random_seed           : 42
2020-08-09 21:00:59,608 cfg.training.scheduling            : plateau
2020-08-09 21:00:59,608 cfg.training.shuffle               : True
2020-08-09 21:00:59,608 cfg.training.use_cuda              : True
2020-08-09 21:00:59,608 cfg.training.validation_freq       : 200
2020-08-09 21:00:59,608 cfg.training.weight_decay          : 0.0
2020-08-09 21:00:59,608 Data set sizes: 
	train 5000,
	valid 500,
	test 1220
2020-08-09 21:00:59,608 First training example:
	[SRC] hi there ! how can i help ?
	[TRG] hallo ! wie kann ich helfen ?
2020-08-09 21:00:59,608 First 10 words (src): (0) <unk> (1) <pad> (2) <s> (3) </s> (4) . (5) , (6) ? (7) you (8) i (9) the
2020-08-09 21:00:59,609 First 10 words (trg): (0) <unk> (1) <pad> (2) <s> (3) </s> (4) . (5) , (6) ? (7) sie (8) ich (9) das
2020-08-09 21:00:59,609 Number of Src words (types): 3468
2020-08-09 21:00:59,609 Number of Trg words (types): 4487
2020-08-09 21:00:59,609 Model(
	encoder=TransformerEncoder(num_layers=6, num_heads=8),
	decoder=TransformerDecoder(num_layers=6, num_heads=8),
	src_embed=Embeddings(embedding_dim=128, vocab_size=3468),
	trg_embed=Embeddings(embedding_dim=128, vocab_size=4487))
2020-08-09 21:00:59,614 EPOCH 1
2020-08-09 21:01:05,829 Epoch   1 Step:      100 Batch Loss:     5.115465 Tokens per Sec:     5523, Lr: 0.000200
2020-08-09 21:01:11,203 Epoch   1: total training loss 1060.36
2020-08-09 21:01:11,203 EPOCH 2
2020-08-09 21:01:12,023 Epoch   2 Step:      200 Batch Loss:     4.416152 Tokens per Sec:     5322, Lr: 0.000200
2020-08-09 21:01:14,907 Hooray! New best validation result [ppl]!
2020-08-09 21:01:14,907 Saving new checkpoint.
2020-08-09 21:01:15,029 Example #0
2020-08-09 21:01:15,029 	Raw source:     ['hello', '.']
2020-08-09 21:01:15,029 	Raw hypothesis: ['.']
2020-08-09 21:01:15,029 	Source:     hello .
2020-08-09 21:01:15,029 	Reference:  hallo ,
2020-08-09 21:01:15,029 	Hypothesis: .
2020-08-09 21:01:15,029 Example #1
2020-08-09 21:01:15,029 	Raw source:     ['hi', ',', 'how', 'can', 'i', 'help', 'you', '?']
2020-08-09 21:01:15,029 	Raw hypothesis: [',', ',', ',', ',']
2020-08-09 21:01:15,030 	Source:     hi , how can i help you ?
2020-08-09 21:01:15,030 	Reference:  hallo , wie kann ich ihnen helfen ?
2020-08-09 21:01:15,030 	Hypothesis: , , , ,
2020-08-09 21:01:15,030 Example #2
2020-08-09 21:01:15,030 	Raw source:     ['hi', ',', 'i', '&apos;m', 'looking', 'for', 'a', 'restaurant', 'inside', 'the', 'arden', 'fair', 'mall', 'in', 'san', 'francisco', ',', 'california', '.']
2020-08-09 21:01:15,030 	Raw hypothesis: [',', ',', ',', ',', ',', ',', ',']
2020-08-09 21:01:15,030 	Source:     hi , i &apos;m looking for a restaurant inside the arden fair mall in san francisco , california .
2020-08-09 21:01:15,030 	Reference:  hallo , ich bin auf der suche nach einem restaurant im arden fair einkaufszentrum in san francisco , kalifornien .
2020-08-09 21:01:15,030 	Hypothesis: , , , , , , ,
2020-08-09 21:01:15,030 Example #3
2020-08-09 21:01:15,030 	Raw source:     ['ok', ',', 'what', 'type', 'of', 'restaurant', 'are', 'you', 'looking', 'for', '?']
2020-08-09 21:01:15,030 	Raw hypothesis: [',', ',', ',', ',', ',']
2020-08-09 21:01:15,030 	Source:     ok , what type of restaurant are you looking for ?
2020-08-09 21:01:15,030 	Reference:  ok . welche art von restaurant suchen sie denn genau ?
2020-08-09 21:01:15,030 	Hypothesis: , , , , ,
2020-08-09 21:01:15,030 Validation result (greedy) at epoch   2, step      200: bleu:   0.00, loss: 32629.5586, ppl: 163.7546, duration: 3.0068s
2020-08-09 21:01:21,272 Epoch   2 Step:      300 Batch Loss:     4.271654 Tokens per Sec:     5489, Lr: 0.000200
2020-08-09 21:01:26,065 Epoch   2: total training loss 906.80
2020-08-09 21:01:26,065 EPOCH 3
2020-08-09 21:01:27,493 Epoch   3 Step:      400 Batch Loss:     4.965934 Tokens per Sec:     5644, Lr: 0.000200
2020-08-09 21:01:44,900 Hooray! New best validation result [ppl]!
2020-08-09 21:01:44,901 Saving new checkpoint.
2020-08-09 21:01:45,024 Example #0
2020-08-09 21:01:45,024 	Raw source:     ['hello', '.']
2020-08-09 21:01:45,024 	Raw hypothesis: ['ich']
2020-08-09 21:01:45,024 	Source:     hello .
2020-08-09 21:01:45,025 	Reference:  hallo ,
2020-08-09 21:01:45,025 	Hypothesis: ich
2020-08-09 21:01:45,025 Example #1
2020-08-09 21:01:45,025 	Raw source:     ['hi', ',', 'how', 'can', 'i', 'help', 'you', '?']
2020-08-09 21:01:45,025 	Raw hypothesis: ['ich', 'ich', 'ich', 'ich', 'ich', '?']
2020-08-09 21:01:45,025 	Source:     hi , how can i help you ?
2020-08-09 21:01:45,025 	Reference:  hallo , wie kann ich ihnen helfen ?
2020-08-09 21:01:45,025 	Hypothesis: ich ich ich ich ich ?
2020-08-09 21:01:45,025 Example #2
2020-08-09 21:01:45,025 	Raw source:     ['hi', ',', 'i', '&apos;m', 'looking', 'for', 'a', 'restaurant', 'inside', 'the', 'arden', 'fair', 'mall', 'in', 'san', 'francisco', ',', 'california', '.']
2020-08-09 21:01:45,025 	Raw hypothesis: ['ich', 'ich', 'ich', 'ich', 'ich', 'ich', 'ich', 'ich', 'ich', 'ich', 'ich', 'ich', 'ich', 'ich', 'ich', 'ich', 'ich', 'ich', 'ich', 'ich', 'ich', 'ich', 'ich', 'ich', '.']
2020-08-09 21:01:45,025 	Source:     hi , i &apos;m looking for a restaurant inside the arden fair mall in san francisco , california .
2020-08-09 21:01:45,025 	Reference:  hallo , ich bin auf der suche nach einem restaurant im arden fair einkaufszentrum in san francisco , kalifornien .
2020-08-09 21:01:45,025 	Hypothesis: ich ich ich ich ich ich ich ich ich ich ich ich ich ich ich ich ich ich ich ich ich ich ich ich .
2020-08-09 21:01:45,025 Example #3
2020-08-09 21:01:45,025 	Raw source:     ['ok', ',', 'what', 'type', 'of', 'restaurant', 'are', 'you', 'looking', 'for', '?']
2020-08-09 21:01:45,025 	Raw hypothesis: [',', ',', 'sie', 'sie', 'sie', 'sie', 'sie', 'sie', 'sie', 'sie', 'sie', '?']
2020-08-09 21:01:45,025 	Source:     ok , what type of restaurant are you looking for ?
2020-08-09 21:01:45,025 	Reference:  ok . welche art von restaurant suchen sie denn genau ?
2020-08-09 21:01:45,025 	Hypothesis: , , sie sie sie sie sie sie sie sie sie ?
2020-08-09 21:01:45,025 Validation result (greedy) at epoch   3, step      400: bleu:   0.00, loss: 29822.7852, ppl: 105.6160, duration: 17.5320s
2020-08-09 21:01:51,273 Epoch   3 Step:      500 Batch Loss:     5.569098 Tokens per Sec:     5369, Lr: 0.000200
2020-08-09 21:01:55,368 Epoch   3: total training loss 832.49
2020-08-09 21:01:55,368 EPOCH 4
2020-08-09 21:01:57,496 Epoch   4 Step:      600 Batch Loss:     4.634812 Tokens per Sec:     5529, Lr: 0.000200
2020-08-09 21:02:19,339 Hooray! New best validation result [ppl]!
2020-08-09 21:02:19,339 Saving new checkpoint.
2020-08-09 21:02:19,464 Example #0
2020-08-09 21:02:19,464 	Raw source:     ['hello', '.']
2020-08-09 21:02:19,464 	Raw hypothesis: ['ja', '.']
2020-08-09 21:02:19,464 	Source:     hello .
2020-08-09 21:02:19,464 	Reference:  hallo ,
2020-08-09 21:02:19,464 	Hypothesis: ja .
2020-08-09 21:02:19,464 Example #1
2020-08-09 21:02:19,464 	Raw source:     ['hi', ',', 'how', 'can', 'i', 'help', 'you', '?']
2020-08-09 21:02:19,464 	Raw hypothesis: ['hallo', ',', 'ich', 'ich', 'ihnen', '?']
2020-08-09 21:02:19,464 	Source:     hi , how can i help you ?
2020-08-09 21:02:19,464 	Reference:  hallo , wie kann ich ihnen helfen ?
2020-08-09 21:02:19,464 	Hypothesis: hallo , ich ich ihnen ?
2020-08-09 21:02:19,464 Example #2
2020-08-09 21:02:19,465 	Raw source:     ['hi', ',', 'i', '&apos;m', 'looking', 'for', 'a', 'restaurant', 'inside', 'the', 'arden', 'fair', 'mall', 'in', 'san', 'francisco', ',', 'california', '.']
2020-08-09 21:02:19,465 	Raw hypothesis: ['ich', 'ich', 'ich', 'ich', 'ich', 'ich', 'ich', 'ich', 'ich', 'ich', 'ich', 'ich', 'ich', 'ich', 'ich', 'ich', 'ich', 'ich', 'ich', 'ich', 'ich', 'ich', 'ich', 'ich', 'ich', 'ich', 'ich', '.']
2020-08-09 21:02:19,465 	Source:     hi , i &apos;m looking for a restaurant inside the arden fair mall in san francisco , california .
2020-08-09 21:02:19,465 	Reference:  hallo , ich bin auf der suche nach einem restaurant im arden fair einkaufszentrum in san francisco , kalifornien .
2020-08-09 21:02:19,465 	Hypothesis: ich ich ich ich ich ich ich ich ich ich ich ich ich ich ich ich ich ich ich ich ich ich ich ich ich ich ich .
2020-08-09 21:02:19,465 Example #3
2020-08-09 21:02:19,465 	Raw source:     ['ok', ',', 'what', 'type', 'of', 'restaurant', 'are', 'you', 'looking', 'for', '?']
2020-08-09 21:02:19,465 	Raw hypothesis: ['ok', ',', 'sie', 'sie', 'sie', 'sie', 'sie', 'sie', 'sie', 'sie', 'sie', '?']
2020-08-09 21:02:19,465 	Source:     ok , what type of restaurant are you looking for ?
2020-08-09 21:02:19,465 	Reference:  ok . welche art von restaurant suchen sie denn genau ?
2020-08-09 21:02:19,465 	Hypothesis: ok , sie sie sie sie sie sie sie sie sie ?
2020-08-09 21:02:19,465 Validation result (greedy) at epoch   4, step      600: bleu:   0.00, loss: 27984.5898, ppl:  79.2488, duration: 21.9690s
2020-08-09 21:02:25,696 Epoch   4 Step:      700 Batch Loss:     5.659010 Tokens per Sec:     5489, Lr: 0.000200
2020-08-09 21:02:28,977 Epoch   4: total training loss 766.17
2020-08-09 21:02:28,978 EPOCH 5
2020-08-09 21:02:31,845 Epoch   5 Step:      800 Batch Loss:     4.808082 Tokens per Sec:     5585, Lr: 0.000200
2020-08-09 21:02:38,896 Hooray! New best validation result [ppl]!
2020-08-09 21:02:38,896 Saving new checkpoint.
2020-08-09 21:02:39,025 Example #0
2020-08-09 21:02:39,025 	Raw source:     ['hello', '.']
2020-08-09 21:02:39,025 	Raw hypothesis: ['ja', ',']
2020-08-09 21:02:39,025 	Source:     hello .
2020-08-09 21:02:39,025 	Reference:  hallo ,
2020-08-09 21:02:39,025 	Hypothesis: ja ,
2020-08-09 21:02:39,025 Example #1
2020-08-09 21:02:39,025 	Raw source:     ['hi', ',', 'how', 'can', 'i', 'help', 'you', '?']
2020-08-09 21:02:39,025 	Raw hypothesis: ['hallo', ',', 'ich', 'ihnen', 'ihnen', 'helfen', '?']
2020-08-09 21:02:39,025 	Source:     hi , how can i help you ?
2020-08-09 21:02:39,026 	Reference:  hallo , wie kann ich ihnen helfen ?
2020-08-09 21:02:39,026 	Hypothesis: hallo , ich ihnen ihnen helfen ?
2020-08-09 21:02:39,026 Example #2
2020-08-09 21:02:39,026 	Raw source:     ['hi', ',', 'i', '&apos;m', 'looking', 'for', 'a', 'restaurant', 'inside', 'the', 'arden', 'fair', 'mall', 'in', 'san', 'francisco', ',', 'california', '.']
2020-08-09 21:02:39,026 	Raw hypothesis: ['hallo', ',', 'ich', 'ich', 'möchte', 'möchte', '.', 'ich', 'möchte', '.']
2020-08-09 21:02:39,026 	Source:     hi , i &apos;m looking for a restaurant inside the arden fair mall in san francisco , california .
2020-08-09 21:02:39,026 	Reference:  hallo , ich bin auf der suche nach einem restaurant im arden fair einkaufszentrum in san francisco , kalifornien .
2020-08-09 21:02:39,026 	Hypothesis: hallo , ich ich möchte möchte . ich möchte .
2020-08-09 21:02:39,026 Example #3
2020-08-09 21:02:39,026 	Raw source:     ['ok', ',', 'what', 'type', 'of', 'restaurant', 'are', 'you', 'looking', 'for', '?']
2020-08-09 21:02:39,026 	Raw hypothesis: ['okay', ',', 'sie', 'sie', 'sie', 'sie', '?']
2020-08-09 21:02:39,026 	Source:     ok , what type of restaurant are you looking for ?
2020-08-09 21:02:39,026 	Reference:  ok . welche art von restaurant suchen sie denn genau ?
2020-08-09 21:02:39,026 	Hypothesis: okay , sie sie sie sie ?
2020-08-09 21:02:39,026 Validation result (greedy) at epoch   5, step      800: bleu:   2.54, loss: 26237.5117, ppl:  60.3168, duration: 7.1812s
2020-08-09 21:02:45,215 Epoch   5 Step:      900 Batch Loss:     4.808942 Tokens per Sec:     5457, Lr: 0.000200
2020-08-09 21:02:47,819 Epoch   5: total training loss 722.64
2020-08-09 21:02:47,819 EPOCH 6
2020-08-09 21:02:51,410 Epoch   6 Step:     1000 Batch Loss:     3.841920 Tokens per Sec:     5551, Lr: 0.000200
2020-08-09 21:03:01,531 Hooray! New best validation result [ppl]!
2020-08-09 21:03:01,531 Saving new checkpoint.
2020-08-09 21:03:01,661 Example #0
2020-08-09 21:03:01,661 	Raw source:     ['hello', '.']
2020-08-09 21:03:01,661 	Raw hypothesis: ['hallo', ',']
2020-08-09 21:03:01,661 	Source:     hello .
2020-08-09 21:03:01,661 	Reference:  hallo ,
2020-08-09 21:03:01,661 	Hypothesis: hallo ,
2020-08-09 21:03:01,661 Example #1
2020-08-09 21:03:01,661 	Raw source:     ['hi', ',', 'how', 'can', 'i', 'help', 'you', '?']
2020-08-09 21:03:01,661 	Raw hypothesis: ['hallo', ',', 'wie', 'kann', 'ich', 'ihnen', 'helfen', '?']
2020-08-09 21:03:01,661 	Source:     hi , how can i help you ?
2020-08-09 21:03:01,661 	Reference:  hallo , wie kann ich ihnen helfen ?
2020-08-09 21:03:01,662 	Hypothesis: hallo , wie kann ich ihnen helfen ?
2020-08-09 21:03:01,662 Example #2
2020-08-09 21:03:01,662 	Raw source:     ['hi', ',', 'i', '&apos;m', 'looking', 'for', 'a', 'restaurant', 'inside', 'the', 'arden', 'fair', 'mall', 'in', 'san', 'francisco', ',', 'california', '.']
2020-08-09 21:03:01,662 	Raw hypothesis: ['hallo', ',', 'ich', 'möchte', 'ein', 'ein', 'ein', ':', '00', 'uhr', '.', 'ich', 'möchte', '.']
2020-08-09 21:03:01,662 	Source:     hi , i &apos;m looking for a restaurant inside the arden fair mall in san francisco , california .
2020-08-09 21:03:01,662 	Reference:  hallo , ich bin auf der suche nach einem restaurant im arden fair einkaufszentrum in san francisco , kalifornien .
2020-08-09 21:03:01,662 	Hypothesis: hallo , ich möchte ein ein ein : 00 uhr . ich möchte .
2020-08-09 21:03:01,662 Example #3
2020-08-09 21:03:01,662 	Raw source:     ['ok', ',', 'what', 'type', 'of', 'restaurant', 'are', 'you', 'looking', 'for', '?']
2020-08-09 21:03:01,662 	Raw hypothesis: ['ok', ',', 'wie', 'möchten', 'sie', 'sie', 'sie', '?']
2020-08-09 21:03:01,662 	Source:     ok , what type of restaurant are you looking for ?
2020-08-09 21:03:01,662 	Reference:  ok . welche art von restaurant suchen sie denn genau ?
2020-08-09 21:03:01,662 	Hypothesis: ok , wie möchten sie sie sie ?
2020-08-09 21:03:01,662 Validation result (greedy) at epoch   6, step     1000: bleu:   6.21, loss: 24720.5566, ppl:  47.5883, duration: 10.2517s
2020-08-09 21:03:08,042 Epoch   6 Step:     1100 Batch Loss:     5.283943 Tokens per Sec:     5240, Lr: 0.000200
2020-08-09 21:03:09,919 Epoch   6: total training loss 673.52
2020-08-09 21:03:09,920 EPOCH 7
2020-08-09 21:03:14,282 Epoch   7 Step:     1200 Batch Loss:     3.448089 Tokens per Sec:     5378, Lr: 0.000200
2020-08-09 21:03:24,357 Hooray! New best validation result [ppl]!
2020-08-09 21:03:24,357 Saving new checkpoint.
2020-08-09 21:03:24,480 Example #0
2020-08-09 21:03:24,480 	Raw source:     ['hello', '.']
2020-08-09 21:03:24,480 	Raw hypothesis: ['hallo', ',']
2020-08-09 21:03:24,481 	Source:     hello .
2020-08-09 21:03:24,481 	Reference:  hallo ,
2020-08-09 21:03:24,481 	Hypothesis: hallo ,
2020-08-09 21:03:24,481 Example #1
2020-08-09 21:03:24,481 	Raw source:     ['hi', ',', 'how', 'can', 'i', 'help', 'you', '?']
2020-08-09 21:03:24,481 	Raw hypothesis: ['hallo', ',', 'wie', 'kann', 'ich', 'ihnen', 'helfen', '?']
2020-08-09 21:03:24,481 	Source:     hi , how can i help you ?
2020-08-09 21:03:24,481 	Reference:  hallo , wie kann ich ihnen helfen ?
2020-08-09 21:03:24,481 	Hypothesis: hallo , wie kann ich ihnen helfen ?
2020-08-09 21:03:24,481 Example #2
2020-08-09 21:03:24,481 	Raw source:     ['hi', ',', 'i', '&apos;m', 'looking', 'for', 'a', 'restaurant', 'inside', 'the', 'arden', 'fair', 'mall', 'in', 'san', 'francisco', ',', 'california', '.']
2020-08-09 21:03:24,481 	Raw hypothesis: ['hallo', ',', 'ich', 'möchte', 'ein', 'der', 'der', 'der', 'der', 'der', 'der', 'der', 'der', 'der', 'der', 'der', 'der', 'der', 'der', 'der', 'der', 'bella', 'luna', '.']
2020-08-09 21:03:24,481 	Source:     hi , i &apos;m looking for a restaurant inside the arden fair mall in san francisco , california .
2020-08-09 21:03:24,481 	Reference:  hallo , ich bin auf der suche nach einem restaurant im arden fair einkaufszentrum in san francisco , kalifornien .
2020-08-09 21:03:24,481 	Hypothesis: hallo , ich möchte ein der der der der der der der der der der der der der der der der bella luna .
2020-08-09 21:03:24,481 Example #3
2020-08-09 21:03:24,481 	Raw source:     ['ok', ',', 'what', 'type', 'of', 'restaurant', 'are', 'you', 'looking', 'for', '?']
2020-08-09 21:03:24,481 	Raw hypothesis: ['ok', ',', 'welche', 'möchten', 'sie', 'noch', 'etwas', '?']
2020-08-09 21:03:24,481 	Source:     ok , what type of restaurant are you looking for ?
2020-08-09 21:03:24,481 	Reference:  ok . welche art von restaurant suchen sie denn genau ?
2020-08-09 21:03:24,481 	Hypothesis: ok , welche möchten sie noch etwas ?
2020-08-09 21:03:24,481 Validation result (greedy) at epoch   7, step     1200: bleu:   7.24, loss: 23650.2305, ppl:  40.2596, duration: 10.1992s
2020-08-09 21:03:30,754 Epoch   7 Step:     1300 Batch Loss:     4.038716 Tokens per Sec:     5412, Lr: 0.000200
2020-08-09 21:03:32,044 Epoch   7: total training loss 644.51
2020-08-09 21:03:32,044 EPOCH 8
2020-08-09 21:03:36,942 Epoch   8 Step:     1400 Batch Loss:     2.200928 Tokens per Sec:     5526, Lr: 0.000200
2020-08-09 21:03:48,229 Hooray! New best validation result [ppl]!
2020-08-09 21:03:48,229 Saving new checkpoint.
2020-08-09 21:03:48,352 Example #0
2020-08-09 21:03:48,352 	Raw source:     ['hello', '.']
2020-08-09 21:03:48,352 	Raw hypothesis: ['hallo', '.']
2020-08-09 21:03:48,352 	Source:     hello .
2020-08-09 21:03:48,352 	Reference:  hallo ,
2020-08-09 21:03:48,352 	Hypothesis: hallo .
2020-08-09 21:03:48,352 Example #1
2020-08-09 21:03:48,352 	Raw source:     ['hi', ',', 'how', 'can', 'i', 'help', 'you', '?']
2020-08-09 21:03:48,352 	Raw hypothesis: ['hallo', ',', 'wie', 'kann', 'ich', 'ihnen', 'helfen', '?']
2020-08-09 21:03:48,352 	Source:     hi , how can i help you ?
2020-08-09 21:03:48,352 	Reference:  hallo , wie kann ich ihnen helfen ?
2020-08-09 21:03:48,352 	Hypothesis: hallo , wie kann ich ihnen helfen ?
2020-08-09 21:03:48,352 Example #2
2020-08-09 21:03:48,352 	Raw source:     ['hi', ',', 'i', '&apos;m', 'looking', 'for', 'a', 'restaurant', 'inside', 'the', 'arden', 'fair', 'mall', 'in', 'san', 'francisco', ',', 'california', '.']
2020-08-09 21:03:48,352 	Raw hypothesis: ['hallo', ',', 'ich', 'möchte', 'ein', 'der', 'der', 'der', 'der', 'der', 'einem', 'pizzen', ',', 'der', 'der', 'san', 'francisco', ',', 'der', 'san', '.']
2020-08-09 21:03:48,352 	Source:     hi , i &apos;m looking for a restaurant inside the arden fair mall in san francisco , california .
2020-08-09 21:03:48,352 	Reference:  hallo , ich bin auf der suche nach einem restaurant im arden fair einkaufszentrum in san francisco , kalifornien .
2020-08-09 21:03:48,352 	Hypothesis: hallo , ich möchte ein der der der der der einem pizzen , der der san francisco , der san .
2020-08-09 21:03:48,352 Example #3
2020-08-09 21:03:48,352 	Raw source:     ['ok', ',', 'what', 'type', 'of', 'restaurant', 'are', 'you', 'looking', 'for', '?']
2020-08-09 21:03:48,352 	Raw hypothesis: ['okay', ',', 'welche', 'art', 'von', 'pizzen', 'sie', '?']
2020-08-09 21:03:48,352 	Source:     ok , what type of restaurant are you looking for ?
2020-08-09 21:03:48,353 	Reference:  ok . welche art von restaurant suchen sie denn genau ?
2020-08-09 21:03:48,353 	Hypothesis: okay , welche art von pizzen sie ?
2020-08-09 21:03:48,353 Validation result (greedy) at epoch   8, step     1400: bleu:   8.40, loss: 22509.7480, ppl:  33.6882, duration: 11.4099s
2020-08-09 21:03:54,494 Epoch   8 Step:     1500 Batch Loss:     3.763459 Tokens per Sec:     5476, Lr: 0.000200
2020-08-09 21:03:55,113 Epoch   8: total training loss 598.51
2020-08-09 21:03:55,113 EPOCH 9
2020-08-09 21:04:00,749 Epoch   9 Step:     1600 Batch Loss:     3.000651 Tokens per Sec:     5474, Lr: 0.000200
2020-08-09 21:04:11,016 Hooray! New best validation result [ppl]!
2020-08-09 21:04:11,017 Saving new checkpoint.
2020-08-09 21:04:11,141 Example #0
2020-08-09 21:04:11,141 	Raw source:     ['hello', '.']
2020-08-09 21:04:11,141 	Raw hypothesis: ['hallo', '.']
2020-08-09 21:04:11,141 	Source:     hello .
2020-08-09 21:04:11,141 	Reference:  hallo ,
2020-08-09 21:04:11,141 	Hypothesis: hallo .
2020-08-09 21:04:11,141 Example #1
2020-08-09 21:04:11,141 	Raw source:     ['hi', ',', 'how', 'can', 'i', 'help', 'you', '?']
2020-08-09 21:04:11,141 	Raw hypothesis: ['hallo', ',', 'wie', 'kann', 'ich', 'ihnen', 'helfen', '?']
2020-08-09 21:04:11,141 	Source:     hi , how can i help you ?
2020-08-09 21:04:11,141 	Reference:  hallo , wie kann ich ihnen helfen ?
2020-08-09 21:04:11,141 	Hypothesis: hallo , wie kann ich ihnen helfen ?
2020-08-09 21:04:11,141 Example #2
2020-08-09 21:04:11,141 	Raw source:     ['hi', ',', 'i', '&apos;m', 'looking', 'for', 'a', 'restaurant', 'inside', 'the', 'arden', 'fair', 'mall', 'in', 'san', 'francisco', ',', 'california', '.']
2020-08-09 21:04:11,142 	Raw hypothesis: ['hallo', ',', 'ich', 'möchte', 'ein', 'paar', 'pizzen', 'in', 'der', 'der', 'san', 'francisco', ',', 'der', 'san', 'francisco', ',', 'ich', 'möchte', 'in', 'san', 'francisco', '.']
2020-08-09 21:04:11,142 	Source:     hi , i &apos;m looking for a restaurant inside the arden fair mall in san francisco , california .
2020-08-09 21:04:11,142 	Reference:  hallo , ich bin auf der suche nach einem restaurant im arden fair einkaufszentrum in san francisco , kalifornien .
2020-08-09 21:04:11,142 	Hypothesis: hallo , ich möchte ein paar pizzen in der der san francisco , der san francisco , ich möchte in san francisco .
2020-08-09 21:04:11,142 Example #3
2020-08-09 21:04:11,142 	Raw source:     ['ok', ',', 'what', 'type', 'of', 'restaurant', 'are', 'you', 'looking', 'for', '?']
2020-08-09 21:04:11,142 	Raw hypothesis: ['ok', ',', 'welche', 'art', 'von', 'pizzen', 'sie', '?']
2020-08-09 21:04:11,142 	Source:     ok , what type of restaurant are you looking for ?
2020-08-09 21:04:11,142 	Reference:  ok . welche art von restaurant suchen sie denn genau ?
2020-08-09 21:04:11,142 	Hypothesis: ok , welche art von pizzen sie ?
2020-08-09 21:04:11,142 Validation result (greedy) at epoch   9, step     1600: bleu:  10.09, loss: 21811.6582, ppl:  30.2069, duration: 10.3928s
2020-08-09 21:04:17,141 Epoch   9: total training loss 554.15
2020-08-09 21:04:17,141 EPOCH 10
2020-08-09 21:04:17,334 Epoch  10 Step:     1700 Batch Loss:     3.631568 Tokens per Sec:     5898, Lr: 0.000200
2020-08-09 21:04:23,590 Epoch  10 Step:     1800 Batch Loss:     3.749477 Tokens per Sec:     5417, Lr: 0.000200
2020-08-09 21:04:37,729 Hooray! New best validation result [ppl]!
2020-08-09 21:04:37,729 Saving new checkpoint.
2020-08-09 21:04:37,850 Example #0
2020-08-09 21:04:37,851 	Raw source:     ['hello', '.']
2020-08-09 21:04:37,851 	Raw hypothesis: ['hallo', ',']
2020-08-09 21:04:37,851 	Source:     hello .
2020-08-09 21:04:37,851 	Reference:  hallo ,
2020-08-09 21:04:37,851 	Hypothesis: hallo ,
2020-08-09 21:04:37,851 Example #1
2020-08-09 21:04:37,851 	Raw source:     ['hi', ',', 'how', 'can', 'i', 'help', 'you', '?']
2020-08-09 21:04:37,851 	Raw hypothesis: ['hallo', ',', 'wie', 'kann', 'ich', 'ihnen', 'helfen', '?']
2020-08-09 21:04:37,851 	Source:     hi , how can i help you ?
2020-08-09 21:04:37,851 	Reference:  hallo , wie kann ich ihnen helfen ?
2020-08-09 21:04:37,851 	Hypothesis: hallo , wie kann ich ihnen helfen ?
2020-08-09 21:04:37,851 Example #2
2020-08-09 21:04:37,851 	Raw source:     ['hi', ',', 'i', '&apos;m', 'looking', 'for', 'a', 'restaurant', 'inside', 'the', 'arden', 'fair', 'mall', 'in', 'san', 'francisco', ',', 'california', '.']
2020-08-09 21:04:37,851 	Raw hypothesis: ['hallo', ',', 'ich', 'möchte', 'ein', 'paar', 'pizzen', 'in', 'der', 'der', 'san', 'francisco', ',', 'der', 'san', 'francisco', ',', 'der', 'san', 'francisco', ',', 'der', 'san', 'francisco', ',', 'kalifornien', '.']
2020-08-09 21:04:37,851 	Source:     hi , i &apos;m looking for a restaurant inside the arden fair mall in san francisco , california .
2020-08-09 21:04:37,851 	Reference:  hallo , ich bin auf der suche nach einem restaurant im arden fair einkaufszentrum in san francisco , kalifornien .
2020-08-09 21:04:37,852 	Hypothesis: hallo , ich möchte ein paar pizzen in der der san francisco , der san francisco , der san francisco , der san francisco , kalifornien .
2020-08-09 21:04:37,852 Example #3
2020-08-09 21:04:37,852 	Raw source:     ['ok', ',', 'what', 'type', 'of', 'restaurant', 'are', 'you', 'looking', 'for', '?']
2020-08-09 21:04:37,852 	Raw hypothesis: ['ok', ',', 'welche', 'art', 'von', 'pizzen', 'von', 'essen', 'möchten', 'sie', '?']
2020-08-09 21:04:37,852 	Source:     ok , what type of restaurant are you looking for ?
2020-08-09 21:04:37,852 	Reference:  ok . welche art von restaurant suchen sie denn genau ?
2020-08-09 21:04:37,852 	Hypothesis: ok , welche art von pizzen von essen möchten sie ?
2020-08-09 21:04:37,852 Validation result (greedy) at epoch  10, step     1800: bleu:   9.69, loss: 20890.1934, ppl:  26.1564, duration: 14.2611s
2020-08-09 21:04:43,152 Epoch  10: total training loss 528.92
2020-08-09 21:04:43,152 EPOCH 11
2020-08-09 21:04:44,104 Epoch  11 Step:     1900 Batch Loss:     3.170166 Tokens per Sec:     5185, Lr: 0.000200
2020-08-09 21:04:50,369 Epoch  11 Step:     2000 Batch Loss:     1.701176 Tokens per Sec:     5478, Lr: 0.000200
2020-08-09 21:05:01,917 Hooray! New best validation result [ppl]!
2020-08-09 21:05:01,917 Saving new checkpoint.
2020-08-09 21:05:02,041 Example #0
2020-08-09 21:05:02,041 	Raw source:     ['hello', '.']
2020-08-09 21:05:02,041 	Raw hypothesis: ['hallo', ',']
2020-08-09 21:05:02,041 	Source:     hello .
2020-08-09 21:05:02,041 	Reference:  hallo ,
2020-08-09 21:05:02,041 	Hypothesis: hallo ,
2020-08-09 21:05:02,041 Example #1
2020-08-09 21:05:02,041 	Raw source:     ['hi', ',', 'how', 'can', 'i', 'help', 'you', '?']
2020-08-09 21:05:02,041 	Raw hypothesis: ['hallo', ',', 'wie', 'kann', 'ich', 'ihnen', 'helfen', '?']
2020-08-09 21:05:02,041 	Source:     hi , how can i help you ?
2020-08-09 21:05:02,041 	Reference:  hallo , wie kann ich ihnen helfen ?
2020-08-09 21:05:02,041 	Hypothesis: hallo , wie kann ich ihnen helfen ?
2020-08-09 21:05:02,041 Example #2
2020-08-09 21:05:02,041 	Raw source:     ['hi', ',', 'i', '&apos;m', 'looking', 'for', 'a', 'restaurant', 'inside', 'the', 'arden', 'fair', 'mall', 'in', 'san', 'francisco', ',', 'california', '.']
2020-08-09 21:05:02,041 	Raw hypothesis: ['hallo', ',', 'ich', 'möchte', 'ein', 'restaurant', 'in', 'der', 'nähe', 'in', 'san', 'francisco', ',', 'der', 'nähe', 'in', 'san', 'francisco', ',', 'kalifornien', '.']
2020-08-09 21:05:02,041 	Source:     hi , i &apos;m looking for a restaurant inside the arden fair mall in san francisco , california .
2020-08-09 21:05:02,041 	Reference:  hallo , ich bin auf der suche nach einem restaurant im arden fair einkaufszentrum in san francisco , kalifornien .
2020-08-09 21:05:02,042 	Hypothesis: hallo , ich möchte ein restaurant in der nähe in san francisco , der nähe in san francisco , kalifornien .
2020-08-09 21:05:02,042 Example #3
2020-08-09 21:05:02,042 	Raw source:     ['ok', ',', 'what', 'type', 'of', 'restaurant', 'are', 'you', 'looking', 'for', '?']
2020-08-09 21:05:02,042 	Raw hypothesis: ['ok', ',', 'welche', 'art', 'von', 'restaurant', 'möchten', 'sie', '?']
2020-08-09 21:05:02,042 	Source:     ok , what type of restaurant are you looking for ?
2020-08-09 21:05:02,042 	Reference:  ok . welche art von restaurant suchen sie denn genau ?
2020-08-09 21:05:02,042 	Hypothesis: ok , welche art von restaurant möchten sie ?
2020-08-09 21:05:02,042 Validation result (greedy) at epoch  11, step     2000: bleu:  13.05, loss: 20278.0371, ppl:  23.7705, duration: 11.6724s
2020-08-09 21:05:06,566 Epoch  11: total training loss 501.31
2020-08-09 21:05:06,566 EPOCH 12
2020-08-09 21:05:08,267 Epoch  12 Step:     2100 Batch Loss:     1.492080 Tokens per Sec:     5536, Lr: 0.000200
2020-08-09 21:05:14,522 Epoch  12 Step:     2200 Batch Loss:     2.414008 Tokens per Sec:     5387, Lr: 0.000200
2020-08-09 21:05:26,089 Hooray! New best validation result [ppl]!
2020-08-09 21:05:26,089 Saving new checkpoint.
2020-08-09 21:05:26,216 Example #0
2020-08-09 21:05:26,216 	Raw source:     ['hello', '.']
2020-08-09 21:05:26,216 	Raw hypothesis: ['hallo', '.']
2020-08-09 21:05:26,216 	Source:     hello .
2020-08-09 21:05:26,216 	Reference:  hallo ,
2020-08-09 21:05:26,216 	Hypothesis: hallo .
2020-08-09 21:05:26,216 Example #1
2020-08-09 21:05:26,216 	Raw source:     ['hi', ',', 'how', 'can', 'i', 'help', 'you', '?']
2020-08-09 21:05:26,216 	Raw hypothesis: ['hallo', ',', 'wie', 'kann', 'ich', 'ihnen', 'helfen', '?']
2020-08-09 21:05:26,216 	Source:     hi , how can i help you ?
2020-08-09 21:05:26,216 	Reference:  hallo , wie kann ich ihnen helfen ?
2020-08-09 21:05:26,216 	Hypothesis: hallo , wie kann ich ihnen helfen ?
2020-08-09 21:05:26,216 Example #2
2020-08-09 21:05:26,217 	Raw source:     ['hi', ',', 'i', '&apos;m', 'looking', 'for', 'a', 'restaurant', 'inside', 'the', 'arden', 'fair', 'mall', 'in', 'san', 'francisco', ',', 'california', '.']
2020-08-09 21:05:26,217 	Raw hypothesis: ['hallo', ',', 'ich', 'möchte', 'ein', 'restaurant', 'in', 'der', 'nähe', 'in', 'san', 'francisco', ',', 'kalifornien', ',', 'kalifornien', '.']
2020-08-09 21:05:26,217 	Source:     hi , i &apos;m looking for a restaurant inside the arden fair mall in san francisco , california .
2020-08-09 21:05:26,217 	Reference:  hallo , ich bin auf der suche nach einem restaurant im arden fair einkaufszentrum in san francisco , kalifornien .
2020-08-09 21:05:26,217 	Hypothesis: hallo , ich möchte ein restaurant in der nähe in san francisco , kalifornien , kalifornien .
2020-08-09 21:05:26,217 Example #3
2020-08-09 21:05:26,217 	Raw source:     ['ok', ',', 'what', 'type', 'of', 'restaurant', 'are', 'you', 'looking', 'for', '?']
2020-08-09 21:05:26,217 	Raw hypothesis: ['ok', ',', 'welche', 'art', 'von', 'restaurant', 'möchten', 'sie', '?']
2020-08-09 21:05:26,217 	Source:     ok , what type of restaurant are you looking for ?
2020-08-09 21:05:26,217 	Reference:  ok . welche art von restaurant suchen sie denn genau ?
2020-08-09 21:05:26,217 	Hypothesis: ok , welche art von restaurant möchten sie ?
2020-08-09 21:05:26,217 Validation result (greedy) at epoch  12, step     2200: bleu:  14.17, loss: 19649.9492, ppl:  21.5485, duration: 11.6946s
2020-08-09 21:05:30,105 Epoch  12: total training loss 480.39
2020-08-09 21:05:30,105 EPOCH 13
2020-08-09 21:05:32,424 Epoch  13 Step:     2300 Batch Loss:     1.376003 Tokens per Sec:     5339, Lr: 0.000200
2020-08-09 21:05:38,681 Epoch  13 Step:     2400 Batch Loss:     0.446205 Tokens per Sec:     5553, Lr: 0.000200
2020-08-09 21:05:50,677 Hooray! New best validation result [ppl]!
2020-08-09 21:05:50,677 Saving new checkpoint.
2020-08-09 21:05:50,801 Example #0
2020-08-09 21:05:50,801 	Raw source:     ['hello', '.']
2020-08-09 21:05:50,801 	Raw hypothesis: ['hallo', '.']
2020-08-09 21:05:50,801 	Source:     hello .
2020-08-09 21:05:50,801 	Reference:  hallo ,
2020-08-09 21:05:50,801 	Hypothesis: hallo .
2020-08-09 21:05:50,801 Example #1
2020-08-09 21:05:50,801 	Raw source:     ['hi', ',', 'how', 'can', 'i', 'help', 'you', '?']
2020-08-09 21:05:50,801 	Raw hypothesis: ['hallo', ',', 'wie', 'kann', 'ich', 'ihnen', 'helfen', '?']
2020-08-09 21:05:50,801 	Source:     hi , how can i help you ?
2020-08-09 21:05:50,801 	Reference:  hallo , wie kann ich ihnen helfen ?
2020-08-09 21:05:50,801 	Hypothesis: hallo , wie kann ich ihnen helfen ?
2020-08-09 21:05:50,801 Example #2
2020-08-09 21:05:50,801 	Raw source:     ['hi', ',', 'i', '&apos;m', 'looking', 'for', 'a', 'restaurant', 'inside', 'the', 'arden', 'fair', 'mall', 'in', 'san', 'francisco', ',', 'california', '.']
2020-08-09 21:05:50,801 	Raw hypothesis: ['hallo', ',', 'ich', 'möchte', 'ein', 'paar', 'restaurant', 'in', 'der', 'nähe', 'in', 'san', 'francisco', ',', 'kalifornien', '.']
2020-08-09 21:05:50,801 	Source:     hi , i &apos;m looking for a restaurant inside the arden fair mall in san francisco , california .
2020-08-09 21:05:50,801 	Reference:  hallo , ich bin auf der suche nach einem restaurant im arden fair einkaufszentrum in san francisco , kalifornien .
2020-08-09 21:05:50,802 	Hypothesis: hallo , ich möchte ein paar restaurant in der nähe in san francisco , kalifornien .
2020-08-09 21:05:50,802 Example #3
2020-08-09 21:05:50,802 	Raw source:     ['ok', ',', 'what', 'type', 'of', 'restaurant', 'are', 'you', 'looking', 'for', '?']
2020-08-09 21:05:50,802 	Raw hypothesis: ['ok', ',', 'welche', 'art', 'von', 'restaurant', 'möchten', 'sie', '?']
2020-08-09 21:05:50,802 	Source:     ok , what type of restaurant are you looking for ?
2020-08-09 21:05:50,802 	Reference:  ok . welche art von restaurant suchen sie denn genau ?
2020-08-09 21:05:50,802 	Hypothesis: ok , welche art von restaurant möchten sie ?
2020-08-09 21:05:50,802 Validation result (greedy) at epoch  13, step     2400: bleu:  16.68, loss: 19153.7520, ppl:  19.9409, duration: 12.1210s
2020-08-09 21:05:53,858 Epoch  13: total training loss 444.93
2020-08-09 21:05:53,858 EPOCH 14
2020-08-09 21:05:57,038 Epoch  14 Step:     2500 Batch Loss:     1.426212 Tokens per Sec:     5460, Lr: 0.000200
2020-08-09 21:06:03,259 Epoch  14 Step:     2600 Batch Loss:     2.944890 Tokens per Sec:     5534, Lr: 0.000200
2020-08-09 21:06:15,168 Hooray! New best validation result [ppl]!
2020-08-09 21:06:15,168 Saving new checkpoint.
2020-08-09 21:06:15,293 Example #0
2020-08-09 21:06:15,293 	Raw source:     ['hello', '.']
2020-08-09 21:06:15,293 	Raw hypothesis: ['hallo', '.']
2020-08-09 21:06:15,294 	Source:     hello .
2020-08-09 21:06:15,294 	Reference:  hallo ,
2020-08-09 21:06:15,294 	Hypothesis: hallo .
2020-08-09 21:06:15,294 Example #1
2020-08-09 21:06:15,294 	Raw source:     ['hi', ',', 'how', 'can', 'i', 'help', 'you', '?']
2020-08-09 21:06:15,294 	Raw hypothesis: ['hallo', ',', 'wie', 'kann', 'ich', 'ihnen', 'helfen', '?']
2020-08-09 21:06:15,294 	Source:     hi , how can i help you ?
2020-08-09 21:06:15,294 	Reference:  hallo , wie kann ich ihnen helfen ?
2020-08-09 21:06:15,294 	Hypothesis: hallo , wie kann ich ihnen helfen ?
2020-08-09 21:06:15,294 Example #2
2020-08-09 21:06:15,294 	Raw source:     ['hi', ',', 'i', '&apos;m', 'looking', 'for', 'a', 'restaurant', 'inside', 'the', 'arden', 'fair', 'mall', 'in', 'san', 'francisco', ',', 'california', '.']
2020-08-09 21:06:15,294 	Raw hypothesis: ['hallo', ',', 'ich', 'bin', 'in', 'der', 'suche', 'nach', 'einem', 'ort', 'in', 'der', 'suche', 'in', 'der', 'nähe', 'in', 'san', 'francisco', '.']
2020-08-09 21:06:15,294 	Source:     hi , i &apos;m looking for a restaurant inside the arden fair mall in san francisco , california .
2020-08-09 21:06:15,294 	Reference:  hallo , ich bin auf der suche nach einem restaurant im arden fair einkaufszentrum in san francisco , kalifornien .
2020-08-09 21:06:15,294 	Hypothesis: hallo , ich bin in der suche nach einem ort in der suche in der nähe in san francisco .
2020-08-09 21:06:15,294 Example #3
2020-08-09 21:06:15,294 	Raw source:     ['ok', ',', 'what', 'type', 'of', 'restaurant', 'are', 'you', 'looking', 'for', '?']
2020-08-09 21:06:15,294 	Raw hypothesis: ['ok', ',', 'welche', 'art', 'von', 'restaurant', 'haben', 'sie', '?']
2020-08-09 21:06:15,295 	Source:     ok , what type of restaurant are you looking for ?
2020-08-09 21:06:15,295 	Reference:  ok . welche art von restaurant suchen sie denn genau ?
2020-08-09 21:06:15,295 	Hypothesis: ok , welche art von restaurant haben sie ?
2020-08-09 21:06:15,295 Validation result (greedy) at epoch  14, step     2600: bleu:  17.40, loss: 18739.3906, ppl:  18.6908, duration: 12.0355s
2020-08-09 21:06:17,585 Epoch  14: total training loss 431.39
2020-08-09 21:06:17,585 EPOCH 15
2020-08-09 21:06:21,492 Epoch  15 Step:     2700 Batch Loss:     1.803281 Tokens per Sec:     5386, Lr: 0.000200
2020-08-09 21:06:27,738 Epoch  15 Step:     2800 Batch Loss:     3.149914 Tokens per Sec:     5410, Lr: 0.000200
2020-08-09 21:06:39,429 Hooray! New best validation result [ppl]!
2020-08-09 21:06:39,429 Saving new checkpoint.
2020-08-09 21:06:39,555 Example #0
2020-08-09 21:06:39,555 	Raw source:     ['hello', '.']
2020-08-09 21:06:39,555 	Raw hypothesis: ['hallo', '.']
2020-08-09 21:06:39,555 	Source:     hello .
2020-08-09 21:06:39,555 	Reference:  hallo ,
2020-08-09 21:06:39,555 	Hypothesis: hallo .
2020-08-09 21:06:39,555 Example #1
2020-08-09 21:06:39,556 	Raw source:     ['hi', ',', 'how', 'can', 'i', 'help', 'you', '?']
2020-08-09 21:06:39,556 	Raw hypothesis: ['hallo', ',', 'wie', 'kann', 'ich', 'ihnen', 'helfen', '?']
2020-08-09 21:06:39,556 	Source:     hi , how can i help you ?
2020-08-09 21:06:39,556 	Reference:  hallo , wie kann ich ihnen helfen ?
2020-08-09 21:06:39,556 	Hypothesis: hallo , wie kann ich ihnen helfen ?
2020-08-09 21:06:39,556 Example #2
2020-08-09 21:06:39,556 	Raw source:     ['hi', ',', 'i', '&apos;m', 'looking', 'for', 'a', 'restaurant', 'inside', 'the', 'arden', 'fair', 'mall', 'in', 'san', 'francisco', ',', 'california', '.']
2020-08-09 21:06:39,556 	Raw hypothesis: ['hallo', ',', 'ich', 'bin', 'ein', 'restaurant', 'in', 'der', 'nähe', 'in', 'san', 'francisco', ',', 'kalifornien', '.']
2020-08-09 21:06:39,556 	Source:     hi , i &apos;m looking for a restaurant inside the arden fair mall in san francisco , california .
2020-08-09 21:06:39,556 	Reference:  hallo , ich bin auf der suche nach einem restaurant im arden fair einkaufszentrum in san francisco , kalifornien .
2020-08-09 21:06:39,556 	Hypothesis: hallo , ich bin ein restaurant in der nähe in san francisco , kalifornien .
2020-08-09 21:06:39,556 Example #3
2020-08-09 21:06:39,556 	Raw source:     ['ok', ',', 'what', 'type', 'of', 'restaurant', 'are', 'you', 'looking', 'for', '?']
2020-08-09 21:06:39,556 	Raw hypothesis: ['ok', ',', 'welche', 'art', 'von', 'restaurant', 'für', 'sie', '?']
2020-08-09 21:06:39,556 	Source:     ok , what type of restaurant are you looking for ?
2020-08-09 21:06:39,556 	Reference:  ok . welche art von restaurant suchen sie denn genau ?
2020-08-09 21:06:39,556 	Hypothesis: ok , welche art von restaurant für sie ?
2020-08-09 21:06:39,556 Validation result (greedy) at epoch  15, step     2800: bleu:  18.59, loss: 18491.0273, ppl:  17.9793, duration: 11.8182s
2020-08-09 21:06:41,247 Epoch  15: total training loss 418.08
2020-08-09 21:06:41,247 EPOCH 16
2020-08-09 21:06:45,782 Epoch  16 Step:     2900 Batch Loss:     2.526636 Tokens per Sec:     5394, Lr: 0.000200
2020-08-09 21:06:51,975 Epoch  16 Step:     3000 Batch Loss:     2.940051 Tokens per Sec:     5511, Lr: 0.000200
2020-08-09 21:07:02,858 Hooray! New best validation result [ppl]!
2020-08-09 21:07:02,858 Saving new checkpoint.
2020-08-09 21:07:02,981 Example #0
2020-08-09 21:07:02,982 	Raw source:     ['hello', '.']
2020-08-09 21:07:02,982 	Raw hypothesis: ['hallo', ',']
2020-08-09 21:07:02,982 	Source:     hello .
2020-08-09 21:07:02,982 	Reference:  hallo ,
2020-08-09 21:07:02,982 	Hypothesis: hallo ,
2020-08-09 21:07:02,982 Example #1
2020-08-09 21:07:02,982 	Raw source:     ['hi', ',', 'how', 'can', 'i', 'help', 'you', '?']
2020-08-09 21:07:02,982 	Raw hypothesis: ['hallo', ',', 'wie', 'kann', 'ich', 'ihnen', 'helfen', '?']
2020-08-09 21:07:02,982 	Source:     hi , how can i help you ?
2020-08-09 21:07:02,982 	Reference:  hallo , wie kann ich ihnen helfen ?
2020-08-09 21:07:02,982 	Hypothesis: hallo , wie kann ich ihnen helfen ?
2020-08-09 21:07:02,982 Example #2
2020-08-09 21:07:02,982 	Raw source:     ['hi', ',', 'i', '&apos;m', 'looking', 'for', 'a', 'restaurant', 'inside', 'the', 'arden', 'fair', 'mall', 'in', 'san', 'francisco', ',', 'california', '.']
2020-08-09 21:07:02,982 	Raw hypothesis: ['hallo', ',', 'ich', 'bin', 'nach', 'einem', 'ort', 'in', 'san', 'francisco', ',', 'kalifornien', ',', 'kalifornien', '.']
2020-08-09 21:07:02,982 	Source:     hi , i &apos;m looking for a restaurant inside the arden fair mall in san francisco , california .
2020-08-09 21:07:02,982 	Reference:  hallo , ich bin auf der suche nach einem restaurant im arden fair einkaufszentrum in san francisco , kalifornien .
2020-08-09 21:07:02,982 	Hypothesis: hallo , ich bin nach einem ort in san francisco , kalifornien , kalifornien .
2020-08-09 21:07:02,982 Example #3
2020-08-09 21:07:02,982 	Raw source:     ['ok', ',', 'what', 'type', 'of', 'restaurant', 'are', 'you', 'looking', 'for', '?']
2020-08-09 21:07:02,982 	Raw hypothesis: ['ok', ',', 'welche', 'art', 'von', 'restaurant', 'möchten', 'sie', '?']
2020-08-09 21:07:02,982 	Source:     ok , what type of restaurant are you looking for ?
2020-08-09 21:07:02,982 	Reference:  ok . welche art von restaurant suchen sie denn genau ?
2020-08-09 21:07:02,983 	Hypothesis: ok , welche art von restaurant möchten sie ?
2020-08-09 21:07:02,983 Validation result (greedy) at epoch  16, step     3000: bleu:  19.77, loss: 18156.4297, ppl:  17.0635, duration: 11.0070s
2020-08-09 21:07:03,988 Epoch  16: total training loss 394.00
2020-08-09 21:07:03,988 EPOCH 17
2020-08-09 21:07:09,184 Epoch  17 Step:     3100 Batch Loss:     2.841698 Tokens per Sec:     5534, Lr: 0.000200
2020-08-09 21:07:15,643 Epoch  17 Step:     3200 Batch Loss:     2.057120 Tokens per Sec:     5159, Lr: 0.000200
2020-08-09 21:07:25,909 Hooray! New best validation result [ppl]!
2020-08-09 21:07:25,909 Saving new checkpoint.
2020-08-09 21:07:26,034 Example #0
2020-08-09 21:07:26,034 	Raw source:     ['hello', '.']
2020-08-09 21:07:26,034 	Raw hypothesis: ['hallo', ',']
2020-08-09 21:07:26,034 	Source:     hello .
2020-08-09 21:07:26,034 	Reference:  hallo ,
2020-08-09 21:07:26,034 	Hypothesis: hallo ,
2020-08-09 21:07:26,034 Example #1
2020-08-09 21:07:26,034 	Raw source:     ['hi', ',', 'how', 'can', 'i', 'help', 'you', '?']
2020-08-09 21:07:26,034 	Raw hypothesis: ['hallo', ',', 'wie', 'kann', 'ich', 'ihnen', 'helfen', '?']
2020-08-09 21:07:26,034 	Source:     hi , how can i help you ?
2020-08-09 21:07:26,034 	Reference:  hallo , wie kann ich ihnen helfen ?
2020-08-09 21:07:26,034 	Hypothesis: hallo , wie kann ich ihnen helfen ?
2020-08-09 21:07:26,034 Example #2
2020-08-09 21:07:26,034 	Raw source:     ['hi', ',', 'i', '&apos;m', 'looking', 'for', 'a', 'restaurant', 'inside', 'the', 'arden', 'fair', 'mall', 'in', 'san', 'francisco', ',', 'california', '.']
2020-08-09 21:07:26,035 	Raw hypothesis: ['hallo', ',', 'ich', 'bin', 'in', 'der', 'suche', 'nach', 'einem', 'restaurant', 'in', 'der', 'suche', 'in', 'san', 'francisco', ',', 'kalifornien', '.']
2020-08-09 21:07:26,035 	Source:     hi , i &apos;m looking for a restaurant inside the arden fair mall in san francisco , california .
2020-08-09 21:07:26,035 	Reference:  hallo , ich bin auf der suche nach einem restaurant im arden fair einkaufszentrum in san francisco , kalifornien .
2020-08-09 21:07:26,035 	Hypothesis: hallo , ich bin in der suche nach einem restaurant in der suche in san francisco , kalifornien .
2020-08-09 21:07:26,035 Example #3
2020-08-09 21:07:26,035 	Raw source:     ['ok', ',', 'what', 'type', 'of', 'restaurant', 'are', 'you', 'looking', 'for', '?']
2020-08-09 21:07:26,035 	Raw hypothesis: ['ok', ',', 'welche', 'art', 'von', 'restaurant', 'möchten', 'sie', '?']
2020-08-09 21:07:26,035 	Source:     ok , what type of restaurant are you looking for ?
2020-08-09 21:07:26,035 	Reference:  ok . welche art von restaurant suchen sie denn genau ?
2020-08-09 21:07:26,035 	Hypothesis: ok , welche art von restaurant möchten sie ?
2020-08-09 21:07:26,035 Validation result (greedy) at epoch  17, step     3200: bleu:  21.94, loss: 18093.5781, ppl:  16.8968, duration: 10.3913s
2020-08-09 21:07:26,424 Epoch  17: total training loss 379.48
2020-08-09 21:07:26,425 EPOCH 18
2020-08-09 21:07:32,389 Epoch  18 Step:     3300 Batch Loss:     1.161087 Tokens per Sec:     5303, Lr: 0.000200
2020-08-09 21:07:38,439 Epoch  18: total training loss 365.85
2020-08-09 21:07:38,440 EPOCH 19
2020-08-09 21:07:38,632 Epoch  19 Step:     3400 Batch Loss:     1.804005 Tokens per Sec:     6107, Lr: 0.000200
2020-08-09 21:07:49,321 Hooray! New best validation result [ppl]!
2020-08-09 21:07:49,321 Saving new checkpoint.
2020-08-09 21:07:49,443 Example #0
2020-08-09 21:07:49,443 	Raw source:     ['hello', '.']
2020-08-09 21:07:49,443 	Raw hypothesis: ['hallo', '.']
2020-08-09 21:07:49,443 	Source:     hello .
2020-08-09 21:07:49,443 	Reference:  hallo ,
2020-08-09 21:07:49,443 	Hypothesis: hallo .
2020-08-09 21:07:49,443 Example #1
2020-08-09 21:07:49,443 	Raw source:     ['hi', ',', 'how', 'can', 'i', 'help', 'you', '?']
2020-08-09 21:07:49,443 	Raw hypothesis: ['hallo', ',', 'wie', 'kann', 'ich', 'ihnen', 'helfen', '?']
2020-08-09 21:07:49,443 	Source:     hi , how can i help you ?
2020-08-09 21:07:49,443 	Reference:  hallo , wie kann ich ihnen helfen ?
2020-08-09 21:07:49,443 	Hypothesis: hallo , wie kann ich ihnen helfen ?
2020-08-09 21:07:49,443 Example #2
2020-08-09 21:07:49,443 	Raw source:     ['hi', ',', 'i', '&apos;m', 'looking', 'for', 'a', 'restaurant', 'inside', 'the', 'arden', 'fair', 'mall', 'in', 'san', 'francisco', ',', 'california', '.']
2020-08-09 21:07:49,443 	Raw hypothesis: ['hallo', ',', 'ich', 'bin', 'ein', 'restaurant', 'in', 'der', 'suche', 'nach', 'einem', 'ort', 'in', 'san', 'francisco', ',', 'kalifornien', '.']
2020-08-09 21:07:49,443 	Source:     hi , i &apos;m looking for a restaurant inside the arden fair mall in san francisco , california .
2020-08-09 21:07:49,443 	Reference:  hallo , ich bin auf der suche nach einem restaurant im arden fair einkaufszentrum in san francisco , kalifornien .
2020-08-09 21:07:49,444 	Hypothesis: hallo , ich bin ein restaurant in der suche nach einem ort in san francisco , kalifornien .
2020-08-09 21:07:49,444 Example #3
2020-08-09 21:07:49,444 	Raw source:     ['ok', ',', 'what', 'type', 'of', 'restaurant', 'are', 'you', 'looking', 'for', '?']
2020-08-09 21:07:49,444 	Raw hypothesis: ['ok', ',', 'welche', 'art', 'von', 'restaurant', 'sie', '?']
2020-08-09 21:07:49,444 	Source:     ok , what type of restaurant are you looking for ?
2020-08-09 21:07:49,444 	Reference:  ok . welche art von restaurant suchen sie denn genau ?
2020-08-09 21:07:49,444 	Hypothesis: ok , welche art von restaurant sie ?
2020-08-09 21:07:49,444 Validation result (greedy) at epoch  19, step     3400: bleu:  21.44, loss: 17914.5586, ppl:  16.4307, duration: 10.8118s
2020-08-09 21:07:55,654 Epoch  19 Step:     3500 Batch Loss:     1.694484 Tokens per Sec:     5361, Lr: 0.000200
2020-08-09 21:08:01,094 Epoch  19: total training loss 348.69
2020-08-09 21:08:01,094 EPOCH 20
2020-08-09 21:08:01,842 Epoch  20 Step:     3600 Batch Loss:     1.853075 Tokens per Sec:     5269, Lr: 0.000200
2020-08-09 21:08:12,157 Hooray! New best validation result [ppl]!
2020-08-09 21:08:12,157 Saving new checkpoint.
2020-08-09 21:08:12,285 Example #0
2020-08-09 21:08:12,285 	Raw source:     ['hello', '.']
2020-08-09 21:08:12,285 	Raw hypothesis: ['hallo', '.']
2020-08-09 21:08:12,285 	Source:     hello .
2020-08-09 21:08:12,285 	Reference:  hallo ,
2020-08-09 21:08:12,285 	Hypothesis: hallo .
2020-08-09 21:08:12,286 Example #1
2020-08-09 21:08:12,286 	Raw source:     ['hi', ',', 'how', 'can', 'i', 'help', 'you', '?']
2020-08-09 21:08:12,286 	Raw hypothesis: ['hallo', ',', 'wie', 'kann', 'ich', 'ihnen', 'helfen', '?']
2020-08-09 21:08:12,286 	Source:     hi , how can i help you ?
2020-08-09 21:08:12,286 	Reference:  hallo , wie kann ich ihnen helfen ?
2020-08-09 21:08:12,286 	Hypothesis: hallo , wie kann ich ihnen helfen ?
2020-08-09 21:08:12,286 Example #2
2020-08-09 21:08:12,286 	Raw source:     ['hi', ',', 'i', '&apos;m', 'looking', 'for', 'a', 'restaurant', 'inside', 'the', 'arden', 'fair', 'mall', 'in', 'san', 'francisco', ',', 'california', '.']
2020-08-09 21:08:12,286 	Raw hypothesis: ['hallo', ',', 'ich', 'bin', 'ein', 'restaurant', 'in', 'san', 'francisco', ',', 'kalifornien', ',', 'kalifornien', ',', 'kalifornien', '.']
2020-08-09 21:08:12,286 	Source:     hi , i &apos;m looking for a restaurant inside the arden fair mall in san francisco , california .
2020-08-09 21:08:12,286 	Reference:  hallo , ich bin auf der suche nach einem restaurant im arden fair einkaufszentrum in san francisco , kalifornien .
2020-08-09 21:08:12,286 	Hypothesis: hallo , ich bin ein restaurant in san francisco , kalifornien , kalifornien , kalifornien .
2020-08-09 21:08:12,286 Example #3
2020-08-09 21:08:12,286 	Raw source:     ['ok', ',', 'what', 'type', 'of', 'restaurant', 'are', 'you', 'looking', 'for', '?']
2020-08-09 21:08:12,286 	Raw hypothesis: ['ok', ',', 'welche', 'art', 'von', 'restaurant', 'für', 'sie', '?']
2020-08-09 21:08:12,286 	Source:     ok , what type of restaurant are you looking for ?
2020-08-09 21:08:12,286 	Reference:  ok . welche art von restaurant suchen sie denn genau ?
2020-08-09 21:08:12,286 	Hypothesis: ok , welche art von restaurant für sie ?
2020-08-09 21:08:12,286 Validation result (greedy) at epoch  20, step     3600: bleu:  23.14, loss: 17749.4492, ppl:  16.0122, duration: 10.4442s
2020-08-09 21:08:18,621 Epoch  20 Step:     3700 Batch Loss:     1.090485 Tokens per Sec:     5413, Lr: 0.000200
2020-08-09 21:08:23,392 Epoch  20: total training loss 331.17
2020-08-09 21:08:23,392 Training ended after  20 epochs.
2020-08-09 21:08:23,392 Best validation result (greedy) at step     3600:  16.01 ppl.
