2020-08-11 01:25:12,389 Hello! This is Joey-NMT.
2020-08-11 01:25:13,704 Total params: 96384000
2020-08-11 01:25:13,705 Trainable parameters: ['decoder.layer_norm.bias', 'decoder.layer_norm.weight', 'decoder.layers.0.dec_layer_norm.bias', 'decoder.layers.0.dec_layer_norm.weight', 'decoder.layers.0.feed_forward.layer_norm.bias', 'decoder.layers.0.feed_forward.layer_norm.weight', 'decoder.layers.0.feed_forward.pwff_layer.0.bias', 'decoder.layers.0.feed_forward.pwff_layer.0.weight', 'decoder.layers.0.feed_forward.pwff_layer.3.bias', 'decoder.layers.0.feed_forward.pwff_layer.3.weight', 'decoder.layers.0.src_trg_att.k_layer.bias', 'decoder.layers.0.src_trg_att.k_layer.weight', 'decoder.layers.0.src_trg_att.output_layer.bias', 'decoder.layers.0.src_trg_att.output_layer.weight', 'decoder.layers.0.src_trg_att.q_layer.bias', 'decoder.layers.0.src_trg_att.q_layer.weight', 'decoder.layers.0.src_trg_att.v_layer.bias', 'decoder.layers.0.src_trg_att.v_layer.weight', 'decoder.layers.0.trg_trg_att.k_layer.bias', 'decoder.layers.0.trg_trg_att.k_layer.weight', 'decoder.layers.0.trg_trg_att.output_layer.bias', 'decoder.layers.0.trg_trg_att.output_layer.weight', 'decoder.layers.0.trg_trg_att.q_layer.bias', 'decoder.layers.0.trg_trg_att.q_layer.weight', 'decoder.layers.0.trg_trg_att.v_layer.bias', 'decoder.layers.0.trg_trg_att.v_layer.weight', 'decoder.layers.0.x_layer_norm.bias', 'decoder.layers.0.x_layer_norm.weight', 'decoder.layers.1.dec_layer_norm.bias', 'decoder.layers.1.dec_layer_norm.weight', 'decoder.layers.1.feed_forward.layer_norm.bias', 'decoder.layers.1.feed_forward.layer_norm.weight', 'decoder.layers.1.feed_forward.pwff_layer.0.bias', 'decoder.layers.1.feed_forward.pwff_layer.0.weight', 'decoder.layers.1.feed_forward.pwff_layer.3.bias', 'decoder.layers.1.feed_forward.pwff_layer.3.weight', 'decoder.layers.1.src_trg_att.k_layer.bias', 'decoder.layers.1.src_trg_att.k_layer.weight', 'decoder.layers.1.src_trg_att.output_layer.bias', 'decoder.layers.1.src_trg_att.output_layer.weight', 'decoder.layers.1.src_trg_att.q_layer.bias', 'decoder.layers.1.src_trg_att.q_layer.weight', 'decoder.layers.1.src_trg_att.v_layer.bias', 'decoder.layers.1.src_trg_att.v_layer.weight', 'decoder.layers.1.trg_trg_att.k_layer.bias', 'decoder.layers.1.trg_trg_att.k_layer.weight', 'decoder.layers.1.trg_trg_att.output_layer.bias', 'decoder.layers.1.trg_trg_att.output_layer.weight', 'decoder.layers.1.trg_trg_att.q_layer.bias', 'decoder.layers.1.trg_trg_att.q_layer.weight', 'decoder.layers.1.trg_trg_att.v_layer.bias', 'decoder.layers.1.trg_trg_att.v_layer.weight', 'decoder.layers.1.x_layer_norm.bias', 'decoder.layers.1.x_layer_norm.weight', 'decoder.layers.2.dec_layer_norm.bias', 'decoder.layers.2.dec_layer_norm.weight', 'decoder.layers.2.feed_forward.layer_norm.bias', 'decoder.layers.2.feed_forward.layer_norm.weight', 'decoder.layers.2.feed_forward.pwff_layer.0.bias', 'decoder.layers.2.feed_forward.pwff_layer.0.weight', 'decoder.layers.2.feed_forward.pwff_layer.3.bias', 'decoder.layers.2.feed_forward.pwff_layer.3.weight', 'decoder.layers.2.src_trg_att.k_layer.bias', 'decoder.layers.2.src_trg_att.k_layer.weight', 'decoder.layers.2.src_trg_att.output_layer.bias', 'decoder.layers.2.src_trg_att.output_layer.weight', 'decoder.layers.2.src_trg_att.q_layer.bias', 'decoder.layers.2.src_trg_att.q_layer.weight', 'decoder.layers.2.src_trg_att.v_layer.bias', 'decoder.layers.2.src_trg_att.v_layer.weight', 'decoder.layers.2.trg_trg_att.k_layer.bias', 'decoder.layers.2.trg_trg_att.k_layer.weight', 'decoder.layers.2.trg_trg_att.output_layer.bias', 'decoder.layers.2.trg_trg_att.output_layer.weight', 'decoder.layers.2.trg_trg_att.q_layer.bias', 'decoder.layers.2.trg_trg_att.q_layer.weight', 'decoder.layers.2.trg_trg_att.v_layer.bias', 'decoder.layers.2.trg_trg_att.v_layer.weight', 'decoder.layers.2.x_layer_norm.bias', 'decoder.layers.2.x_layer_norm.weight', 'decoder.layers.3.dec_layer_norm.bias', 'decoder.layers.3.dec_layer_norm.weight', 'decoder.layers.3.feed_forward.layer_norm.bias', 'decoder.layers.3.feed_forward.layer_norm.weight', 'decoder.layers.3.feed_forward.pwff_layer.0.bias', 'decoder.layers.3.feed_forward.pwff_layer.0.weight', 'decoder.layers.3.feed_forward.pwff_layer.3.bias', 'decoder.layers.3.feed_forward.pwff_layer.3.weight', 'decoder.layers.3.src_trg_att.k_layer.bias', 'decoder.layers.3.src_trg_att.k_layer.weight', 'decoder.layers.3.src_trg_att.output_layer.bias', 'decoder.layers.3.src_trg_att.output_layer.weight', 'decoder.layers.3.src_trg_att.q_layer.bias', 'decoder.layers.3.src_trg_att.q_layer.weight', 'decoder.layers.3.src_trg_att.v_layer.bias', 'decoder.layers.3.src_trg_att.v_layer.weight', 'decoder.layers.3.trg_trg_att.k_layer.bias', 'decoder.layers.3.trg_trg_att.k_layer.weight', 'decoder.layers.3.trg_trg_att.output_layer.bias', 'decoder.layers.3.trg_trg_att.output_layer.weight', 'decoder.layers.3.trg_trg_att.q_layer.bias', 'decoder.layers.3.trg_trg_att.q_layer.weight', 'decoder.layers.3.trg_trg_att.v_layer.bias', 'decoder.layers.3.trg_trg_att.v_layer.weight', 'decoder.layers.3.x_layer_norm.bias', 'decoder.layers.3.x_layer_norm.weight', 'decoder.layers.4.dec_layer_norm.bias', 'decoder.layers.4.dec_layer_norm.weight', 'decoder.layers.4.feed_forward.layer_norm.bias', 'decoder.layers.4.feed_forward.layer_norm.weight', 'decoder.layers.4.feed_forward.pwff_layer.0.bias', 'decoder.layers.4.feed_forward.pwff_layer.0.weight', 'decoder.layers.4.feed_forward.pwff_layer.3.bias', 'decoder.layers.4.feed_forward.pwff_layer.3.weight', 'decoder.layers.4.src_trg_att.k_layer.bias', 'decoder.layers.4.src_trg_att.k_layer.weight', 'decoder.layers.4.src_trg_att.output_layer.bias', 'decoder.layers.4.src_trg_att.output_layer.weight', 'decoder.layers.4.src_trg_att.q_layer.bias', 'decoder.layers.4.src_trg_att.q_layer.weight', 'decoder.layers.4.src_trg_att.v_layer.bias', 'decoder.layers.4.src_trg_att.v_layer.weight', 'decoder.layers.4.trg_trg_att.k_layer.bias', 'decoder.layers.4.trg_trg_att.k_layer.weight', 'decoder.layers.4.trg_trg_att.output_layer.bias', 'decoder.layers.4.trg_trg_att.output_layer.weight', 'decoder.layers.4.trg_trg_att.q_layer.bias', 'decoder.layers.4.trg_trg_att.q_layer.weight', 'decoder.layers.4.trg_trg_att.v_layer.bias', 'decoder.layers.4.trg_trg_att.v_layer.weight', 'decoder.layers.4.x_layer_norm.bias', 'decoder.layers.4.x_layer_norm.weight', 'decoder.layers.5.dec_layer_norm.bias', 'decoder.layers.5.dec_layer_norm.weight', 'decoder.layers.5.feed_forward.layer_norm.bias', 'decoder.layers.5.feed_forward.layer_norm.weight', 'decoder.layers.5.feed_forward.pwff_layer.0.bias', 'decoder.layers.5.feed_forward.pwff_layer.0.weight', 'decoder.layers.5.feed_forward.pwff_layer.3.bias', 'decoder.layers.5.feed_forward.pwff_layer.3.weight', 'decoder.layers.5.src_trg_att.k_layer.bias', 'decoder.layers.5.src_trg_att.k_layer.weight', 'decoder.layers.5.src_trg_att.output_layer.bias', 'decoder.layers.5.src_trg_att.output_layer.weight', 'decoder.layers.5.src_trg_att.q_layer.bias', 'decoder.layers.5.src_trg_att.q_layer.weight', 'decoder.layers.5.src_trg_att.v_layer.bias', 'decoder.layers.5.src_trg_att.v_layer.weight', 'decoder.layers.5.trg_trg_att.k_layer.bias', 'decoder.layers.5.trg_trg_att.k_layer.weight', 'decoder.layers.5.trg_trg_att.output_layer.bias', 'decoder.layers.5.trg_trg_att.output_layer.weight', 'decoder.layers.5.trg_trg_att.q_layer.bias', 'decoder.layers.5.trg_trg_att.q_layer.weight', 'decoder.layers.5.trg_trg_att.v_layer.bias', 'decoder.layers.5.trg_trg_att.v_layer.weight', 'decoder.layers.5.x_layer_norm.bias', 'decoder.layers.5.x_layer_norm.weight', 'encoder.layer_norm.bias', 'encoder.layer_norm.weight', 'encoder.layers.0.feed_forward.layer_norm.bias', 'encoder.layers.0.feed_forward.layer_norm.weight', 'encoder.layers.0.feed_forward.pwff_layer.0.bias', 'encoder.layers.0.feed_forward.pwff_layer.0.weight', 'encoder.layers.0.feed_forward.pwff_layer.3.bias', 'encoder.layers.0.feed_forward.pwff_layer.3.weight', 'encoder.layers.0.layer_norm.bias', 'encoder.layers.0.layer_norm.weight', 'encoder.layers.0.src_src_att.k_layer.bias', 'encoder.layers.0.src_src_att.k_layer.weight', 'encoder.layers.0.src_src_att.output_layer.bias', 'encoder.layers.0.src_src_att.output_layer.weight', 'encoder.layers.0.src_src_att.q_layer.bias', 'encoder.layers.0.src_src_att.q_layer.weight', 'encoder.layers.0.src_src_att.v_layer.bias', 'encoder.layers.0.src_src_att.v_layer.weight', 'encoder.layers.1.feed_forward.layer_norm.bias', 'encoder.layers.1.feed_forward.layer_norm.weight', 'encoder.layers.1.feed_forward.pwff_layer.0.bias', 'encoder.layers.1.feed_forward.pwff_layer.0.weight', 'encoder.layers.1.feed_forward.pwff_layer.3.bias', 'encoder.layers.1.feed_forward.pwff_layer.3.weight', 'encoder.layers.1.layer_norm.bias', 'encoder.layers.1.layer_norm.weight', 'encoder.layers.1.src_src_att.k_layer.bias', 'encoder.layers.1.src_src_att.k_layer.weight', 'encoder.layers.1.src_src_att.output_layer.bias', 'encoder.layers.1.src_src_att.output_layer.weight', 'encoder.layers.1.src_src_att.q_layer.bias', 'encoder.layers.1.src_src_att.q_layer.weight', 'encoder.layers.1.src_src_att.v_layer.bias', 'encoder.layers.1.src_src_att.v_layer.weight', 'encoder.layers.2.feed_forward.layer_norm.bias', 'encoder.layers.2.feed_forward.layer_norm.weight', 'encoder.layers.2.feed_forward.pwff_layer.0.bias', 'encoder.layers.2.feed_forward.pwff_layer.0.weight', 'encoder.layers.2.feed_forward.pwff_layer.3.bias', 'encoder.layers.2.feed_forward.pwff_layer.3.weight', 'encoder.layers.2.layer_norm.bias', 'encoder.layers.2.layer_norm.weight', 'encoder.layers.2.src_src_att.k_layer.bias', 'encoder.layers.2.src_src_att.k_layer.weight', 'encoder.layers.2.src_src_att.output_layer.bias', 'encoder.layers.2.src_src_att.output_layer.weight', 'encoder.layers.2.src_src_att.q_layer.bias', 'encoder.layers.2.src_src_att.q_layer.weight', 'encoder.layers.2.src_src_att.v_layer.bias', 'encoder.layers.2.src_src_att.v_layer.weight', 'encoder.layers.3.feed_forward.layer_norm.bias', 'encoder.layers.3.feed_forward.layer_norm.weight', 'encoder.layers.3.feed_forward.pwff_layer.0.bias', 'encoder.layers.3.feed_forward.pwff_layer.0.weight', 'encoder.layers.3.feed_forward.pwff_layer.3.bias', 'encoder.layers.3.feed_forward.pwff_layer.3.weight', 'encoder.layers.3.layer_norm.bias', 'encoder.layers.3.layer_norm.weight', 'encoder.layers.3.src_src_att.k_layer.bias', 'encoder.layers.3.src_src_att.k_layer.weight', 'encoder.layers.3.src_src_att.output_layer.bias', 'encoder.layers.3.src_src_att.output_layer.weight', 'encoder.layers.3.src_src_att.q_layer.bias', 'encoder.layers.3.src_src_att.q_layer.weight', 'encoder.layers.3.src_src_att.v_layer.bias', 'encoder.layers.3.src_src_att.v_layer.weight', 'encoder.layers.4.feed_forward.layer_norm.bias', 'encoder.layers.4.feed_forward.layer_norm.weight', 'encoder.layers.4.feed_forward.pwff_layer.0.bias', 'encoder.layers.4.feed_forward.pwff_layer.0.weight', 'encoder.layers.4.feed_forward.pwff_layer.3.bias', 'encoder.layers.4.feed_forward.pwff_layer.3.weight', 'encoder.layers.4.layer_norm.bias', 'encoder.layers.4.layer_norm.weight', 'encoder.layers.4.src_src_att.k_layer.bias', 'encoder.layers.4.src_src_att.k_layer.weight', 'encoder.layers.4.src_src_att.output_layer.bias', 'encoder.layers.4.src_src_att.output_layer.weight', 'encoder.layers.4.src_src_att.q_layer.bias', 'encoder.layers.4.src_src_att.q_layer.weight', 'encoder.layers.4.src_src_att.v_layer.bias', 'encoder.layers.4.src_src_att.v_layer.weight', 'encoder.layers.5.feed_forward.layer_norm.bias', 'encoder.layers.5.feed_forward.layer_norm.weight', 'encoder.layers.5.feed_forward.pwff_layer.0.bias', 'encoder.layers.5.feed_forward.pwff_layer.0.weight', 'encoder.layers.5.feed_forward.pwff_layer.3.bias', 'encoder.layers.5.feed_forward.pwff_layer.3.weight', 'encoder.layers.5.layer_norm.bias', 'encoder.layers.5.layer_norm.weight', 'encoder.layers.5.src_src_att.k_layer.bias', 'encoder.layers.5.src_src_att.k_layer.weight', 'encoder.layers.5.src_src_att.output_layer.bias', 'encoder.layers.5.src_src_att.output_layer.weight', 'encoder.layers.5.src_src_att.q_layer.bias', 'encoder.layers.5.src_src_att.q_layer.weight', 'encoder.layers.5.src_src_att.v_layer.bias', 'encoder.layers.5.src_src_att.v_layer.weight', 'src_embed.lut.weight', 'trg_embed.lut.weight']
2020-08-11 01:25:17,593 cfg.data.dev                       : chatnmt/multi_encoder/dev_subset.tags.bpe.10000
2020-08-11 01:25:17,593 cfg.data.level                     : bpe
2020-08-11 01:25:17,593 cfg.data.lowercase                 : False
2020-08-11 01:25:17,593 cfg.data.max_sent_length           : 100
2020-08-11 01:25:17,593 cfg.data.src                       : en
2020-08-11 01:25:17,593 cfg.data.test                      : chatnmt/multi_encoder/test.tags.bpe.10000
2020-08-11 01:25:17,593 cfg.data.train                     : chatnmt/multi_encoder/train_subset.tags.bpe.10000
2020-08-11 01:25:17,593 cfg.data.trg                       : de
2020-08-11 01:25:17,593 cfg.model.bias_initializer         : zeros
2020-08-11 01:25:17,594 cfg.model.decoder.dropout          : 0.1
2020-08-11 01:25:17,594 cfg.model.decoder.embeddings.dropout : 0.0
2020-08-11 01:25:17,594 cfg.model.decoder.embeddings.embedding_dim : 1024
2020-08-11 01:25:17,594 cfg.model.decoder.embeddings.scale : True
2020-08-11 01:25:17,594 cfg.model.decoder.ff_size          : 512
2020-08-11 01:25:17,594 cfg.model.decoder.freeze           : False
2020-08-11 01:25:17,594 cfg.model.decoder.hidden_size      : 1024
2020-08-11 01:25:17,594 cfg.model.decoder.num_heads        : 16
2020-08-11 01:25:17,594 cfg.model.decoder.num_layers       : 6
2020-08-11 01:25:17,594 cfg.model.decoder.type             : transformer
2020-08-11 01:25:17,594 cfg.model.embed_init_gain          : 1.0
2020-08-11 01:25:17,594 cfg.model.embed_initializer        : xavier
2020-08-11 01:25:17,594 cfg.model.encoder.dropout          : 0.1
2020-08-11 01:25:17,594 cfg.model.encoder.embeddings.dropout : 0.0
2020-08-11 01:25:17,594 cfg.model.encoder.embeddings.embedding_dim : 1024
2020-08-11 01:25:17,594 cfg.model.encoder.embeddings.scale : True
2020-08-11 01:25:17,594 cfg.model.encoder.ff_size          : 512
2020-08-11 01:25:17,595 cfg.model.encoder.freeze           : False
2020-08-11 01:25:17,595 cfg.model.encoder.hidden_size      : 1024
2020-08-11 01:25:17,595 cfg.model.encoder.multi_encoder    : False
2020-08-11 01:25:17,595 cfg.model.encoder.num_heads        : 16
2020-08-11 01:25:17,595 cfg.model.encoder.num_layers       : 6
2020-08-11 01:25:17,595 cfg.model.encoder.type             : transformer
2020-08-11 01:25:17,595 cfg.model.init_gain                : 1.0
2020-08-11 01:25:17,595 cfg.model.initializer              : xavier
2020-08-11 01:25:17,595 cfg.model.tied_embeddings          : False
2020-08-11 01:25:17,595 cfg.model.tied_softmax             : True
2020-08-11 01:25:17,595 cfg.name                           : transformer
2020-08-11 01:25:17,595 cfg.testing.alpha                  : 1.0
2020-08-11 01:25:17,595 cfg.testing.beam_size              : 5
2020-08-11 01:25:17,595 cfg.training.adam_betas            : [0.9, 0.999]
2020-08-11 01:25:17,595 cfg.training.batch_multiplier      : 1
2020-08-11 01:25:17,595 cfg.training.batch_size            : 1024
2020-08-11 01:25:17,595 cfg.training.batch_type            : token
2020-08-11 01:25:17,595 cfg.training.decrease_factor       : 0.7
2020-08-11 01:25:17,596 cfg.training.early_stopping_metric : ppl
2020-08-11 01:25:17,596 cfg.training.epochs                : 20
2020-08-11 01:25:17,596 cfg.training.eval_metric           : bleu
2020-08-11 01:25:17,596 cfg.training.keep_last_ckpts       : 3
2020-08-11 01:25:17,596 cfg.training.label_smoothing       : 0.1
2020-08-11 01:25:17,596 cfg.training.learning_rate         : 0.0002
2020-08-11 01:25:17,596 cfg.training.learning_rate_min     : 1e-08
2020-08-11 01:25:17,596 cfg.training.logging_freq          : 100
2020-08-11 01:25:17,596 cfg.training.loss                  : crossentropy
2020-08-11 01:25:17,596 cfg.training.max_output_length     : 100
2020-08-11 01:25:17,596 cfg.training.model_dir             : models/viznet/attempt4/16_16_0.1_1024_1024_1024_6_8
2020-08-11 01:25:17,596 cfg.training.normalization         : tokens
2020-08-11 01:25:17,596 cfg.training.optimizer             : adam
2020-08-11 01:25:17,596 cfg.training.overwrite             : True
2020-08-11 01:25:17,596 cfg.training.patience              : 8
2020-08-11 01:25:17,596 cfg.training.print_valid_sents     : [0, 1, 2, 3]
2020-08-11 01:25:17,596 cfg.training.random_seed           : 42
2020-08-11 01:25:17,596 cfg.training.scheduling            : plateau
2020-08-11 01:25:17,597 cfg.training.shuffle               : True
2020-08-11 01:25:17,597 cfg.training.use_cuda              : True
2020-08-11 01:25:17,597 cfg.training.validation_freq       : 200
2020-08-11 01:25:17,597 cfg.training.weight_decay          : 0.0
2020-08-11 01:25:17,597 Data set sizes: 
	train 5000,
	valid 500,
	test 1220
2020-08-11 01:25:17,597 First training example:
	[SRC] hi there ! how can i help ?
	[TRG] hallo ! wie kann ich helfen ?
2020-08-11 01:25:17,597 First 10 words (src): (0) <unk> (1) <pad> (2) <s> (3) </s> (4) . (5) , (6) ? (7) you (8) i (9) the
2020-08-11 01:25:17,598 First 10 words (trg): (0) <unk> (1) <pad> (2) <s> (3) </s> (4) . (5) , (6) ? (7) sie (8) ich (9) das
2020-08-11 01:25:17,598 Number of Src words (types): 3468
2020-08-11 01:25:17,598 Number of Trg words (types): 4487
2020-08-11 01:25:17,598 Model(
	encoder=TransformerEncoder(num_layers=6, num_heads=16),
	decoder=TransformerDecoder(num_layers=6, num_heads=16),
	src_embed=Embeddings(embedding_dim=1024, vocab_size=3468),
	trg_embed=Embeddings(embedding_dim=1024, vocab_size=4487))
2020-08-11 01:25:17,602 EPOCH 1
2020-08-11 01:25:30,473 Epoch   1: total training loss 488.41
2020-08-11 01:25:30,473 EPOCH 2
2020-08-11 01:25:30,769 Epoch   2 Step:      100 Batch Loss:     3.713044 Tokens per Sec:     4711, Lr: 0.000200
2020-08-11 01:25:43,408 Epoch   2: total training loss 400.80
2020-08-11 01:25:43,408 EPOCH 3
2020-08-11 01:25:43,810 Epoch   3 Step:      200 Batch Loss:     2.628870 Tokens per Sec:     4993, Lr: 0.000200
2020-08-11 01:26:46,127 Hooray! New best validation result [ppl]!
2020-08-11 01:26:46,128 Saving new checkpoint.
2020-08-11 01:26:50,688 Example #0
2020-08-11 01:26:50,688 	Raw source:     ['hello', '.']
2020-08-11 01:26:50,688 	Raw hypothesis: ['hallo', ',', 'wie', 'kann', 'ich', 'ihnen', 'helfen', '?']
2020-08-11 01:26:50,688 	Source:     hello .
2020-08-11 01:26:50,688 	Reference:  hallo ,
2020-08-11 01:26:50,688 	Hypothesis: hallo , wie kann ich ihnen helfen ?
2020-08-11 01:26:50,688 Example #1
2020-08-11 01:26:50,688 	Raw source:     ['hi', ',', 'how', 'can', 'i', 'help', 'you', '?']
2020-08-11 01:26:50,688 	Raw hypothesis: ['hallo', ',', 'wie', 'kann', 'ich', 'ihnen', 'helfen', '?']
2020-08-11 01:26:50,688 	Source:     hi , how can i help you ?
2020-08-11 01:26:50,688 	Reference:  hallo , wie kann ich ihnen helfen ?
2020-08-11 01:26:50,689 	Hypothesis: hallo , wie kann ich ihnen helfen ?
2020-08-11 01:26:50,689 Example #2
2020-08-11 01:26:50,689 	Raw source:     ['hi', ',', 'i', '&apos;m', 'looking', 'for', 'a', 'restaurant', 'inside', 'the', 'arden', 'fair', 'mall', 'in', 'san', 'francisco', ',', 'california', '.']
2020-08-11 01:26:50,689 	Raw hypothesis: ['hallo', ',', 'ich', 'möchte', 'möchte', 'möchte', 'möchte', 'in', 'der', 'der', 'der', 'der', 'der', 'der', 'der', 'der', 'der', 'der', 'der', 'der', 'der', 'der', 'der', 'der', 'der', 'der', 'der', 'der', 'der', 'der', 'der', 'der', 'der', 'der', 'der', 'der', 'der', 'der', 'der', 'der', 'der', 'der', 'der', 'der', 'der', 'der', 'der', 'der', 'der', 'der', 'zum', 'zum', 'zum', 'zum', 'zum', 'zum', 'zum', 'zum', 'zum', 'zum', 'zum', 'zum', 'zum', 'zum', 'zum', 'zum', 'zum', 'zum', 'zum', 'zum', 'zum', 'zum', 'zum', 'zum', 'zum', 'zum', 'zum', 'zum', 'zum', 'zum', 'zum', 'zum', 'zum', 'zum', 'zum', 'zum', 'zum', 'zum', 'zum', 'zum', 'zum', 'zum', 'zum', 'zum', 'zum', 'zum', 'zum', 'zum', 'zum', 'zum']
2020-08-11 01:26:50,689 	Source:     hi , i &apos;m looking for a restaurant inside the arden fair mall in san francisco , california .
2020-08-11 01:26:50,689 	Reference:  hallo , ich bin auf der suche nach einem restaurant im arden fair einkaufszentrum in san francisco , kalifornien .
2020-08-11 01:26:50,689 	Hypothesis: hallo , ich möchte möchte möchte möchte in der der der der der der der der der der der der der der der der der der der der der der der der der der der der der der der der der der der der der der der der der der zum zum zum zum zum zum zum zum zum zum zum zum zum zum zum zum zum zum zum zum zum zum zum zum zum zum zum zum zum zum zum zum zum zum zum zum zum zum zum zum zum zum zum zum zum zum zum zum zum zum
2020-08-11 01:26:50,689 Example #3
2020-08-11 01:26:50,689 	Raw source:     ['ok', ',', 'what', 'type', 'of', 'restaurant', 'are', 'you', 'looking', 'for', '?']
2020-08-11 01:26:50,689 	Raw hypothesis: ['ok', ',', 'welche', 'möchten', 'sie', 'mich', 'ihren', 'termin', '?']
2020-08-11 01:26:50,689 	Source:     ok , what type of restaurant are you looking for ?
2020-08-11 01:26:50,689 	Reference:  ok . welche art von restaurant suchen sie denn genau ?
2020-08-11 01:26:50,689 	Hypothesis: ok , welche möchten sie mich ihren termin ?
2020-08-11 01:26:50,689 Validation result (greedy) at epoch   3, step      200: bleu:   4.13, loss: 24826.0293, ppl:  48.3791, duration: 66.8790s
2020-08-11 01:27:03,093 Epoch   3: total training loss 336.31
2020-08-11 01:27:03,093 EPOCH 4
2020-08-11 01:27:03,546 Epoch   4 Step:      300 Batch Loss:     2.368700 Tokens per Sec:     3602, Lr: 0.000200
2020-08-11 01:27:15,937 Epoch   4: total training loss 282.98
2020-08-11 01:27:15,937 EPOCH 5
2020-08-11 01:27:16,561 Epoch   5 Step:      400 Batch Loss:     1.567016 Tokens per Sec:     4783, Lr: 0.000200
2020-08-11 01:28:05,297 Hooray! New best validation result [ppl]!
2020-08-11 01:28:05,298 Saving new checkpoint.
2020-08-11 01:28:09,868 Example #0
2020-08-11 01:28:09,868 	Raw source:     ['hello', '.']
2020-08-11 01:28:09,868 	Raw hypothesis: ['hallo', '.']
2020-08-11 01:28:09,868 	Source:     hello .
2020-08-11 01:28:09,868 	Reference:  hallo ,
2020-08-11 01:28:09,868 	Hypothesis: hallo .
2020-08-11 01:28:09,868 Example #1
2020-08-11 01:28:09,868 	Raw source:     ['hi', ',', 'how', 'can', 'i', 'help', 'you', '?']
2020-08-11 01:28:09,868 	Raw hypothesis: ['hallo', ',', 'wie', 'kann', 'ich', 'ihnen', 'helfen', '?']
2020-08-11 01:28:09,868 	Source:     hi , how can i help you ?
2020-08-11 01:28:09,868 	Reference:  hallo , wie kann ich ihnen helfen ?
2020-08-11 01:28:09,868 	Hypothesis: hallo , wie kann ich ihnen helfen ?
2020-08-11 01:28:09,869 Example #2
2020-08-11 01:28:09,869 	Raw source:     ['hi', ',', 'i', '&apos;m', 'looking', 'for', 'a', 'restaurant', 'inside', 'the', 'arden', 'fair', 'mall', 'in', 'san', 'francisco', ',', 'california', '.']
2020-08-11 01:28:09,869 	Raw hypothesis: ['hallo', ',', 'ich', 'bin', 'in', 'san', 'francisco', ',', 'kalifornien', ',', 'kalifornien', ',', 'kalifornien', ',', 'kalifornien', '.']
2020-08-11 01:28:09,869 	Source:     hi , i &apos;m looking for a restaurant inside the arden fair mall in san francisco , california .
2020-08-11 01:28:09,869 	Reference:  hallo , ich bin auf der suche nach einem restaurant im arden fair einkaufszentrum in san francisco , kalifornien .
2020-08-11 01:28:09,869 	Hypothesis: hallo , ich bin in san francisco , kalifornien , kalifornien , kalifornien , kalifornien .
2020-08-11 01:28:09,869 Example #3
2020-08-11 01:28:09,869 	Raw source:     ['ok', ',', 'what', 'type', 'of', 'restaurant', 'are', 'you', 'looking', 'for', '?']
2020-08-11 01:28:09,869 	Raw hypothesis: ['ok', ',', 'welche', 'art', 'von', 'restaurant', 'möchten', 'sie', '?']
2020-08-11 01:28:09,869 	Source:     ok , what type of restaurant are you looking for ?
2020-08-11 01:28:09,869 	Reference:  ok . welche art von restaurant suchen sie denn genau ?
2020-08-11 01:28:09,869 	Hypothesis: ok , welche art von restaurant möchten sie ?
2020-08-11 01:28:09,869 Validation result (greedy) at epoch   5, step      400: bleu:  12.02, loss: 18992.9512, ppl:  19.4461, duration: 53.3073s
2020-08-11 01:28:22,094 Epoch   5: total training loss 232.33
2020-08-11 01:28:22,094 EPOCH 6
2020-08-11 01:28:22,745 Epoch   6 Step:      500 Batch Loss:     1.266910 Tokens per Sec:     4649, Lr: 0.000200
2020-08-11 01:28:34,895 Epoch   6: total training loss 187.25
2020-08-11 01:28:34,895 EPOCH 7
2020-08-11 01:28:35,837 Epoch   7 Step:      600 Batch Loss:     1.049431 Tokens per Sec:     5080, Lr: 0.000200
2020-08-11 01:28:53,004 Hooray! New best validation result [ppl]!
2020-08-11 01:28:53,004 Saving new checkpoint.
2020-08-11 01:28:57,620 Example #0
2020-08-11 01:28:57,620 	Raw source:     ['hello', '.']
2020-08-11 01:28:57,620 	Raw hypothesis: ['hallo', ',']
2020-08-11 01:28:57,620 	Source:     hello .
2020-08-11 01:28:57,620 	Reference:  hallo ,
2020-08-11 01:28:57,620 	Hypothesis: hallo ,
2020-08-11 01:28:57,621 Example #1
2020-08-11 01:28:57,621 	Raw source:     ['hi', ',', 'how', 'can', 'i', 'help', 'you', '?']
2020-08-11 01:28:57,621 	Raw hypothesis: ['hallo', ',', 'wie', 'kann', 'ich', 'ihnen', 'helfen', '?']
2020-08-11 01:28:57,621 	Source:     hi , how can i help you ?
2020-08-11 01:28:57,621 	Reference:  hallo , wie kann ich ihnen helfen ?
2020-08-11 01:28:57,621 	Hypothesis: hallo , wie kann ich ihnen helfen ?
2020-08-11 01:28:57,621 Example #2
2020-08-11 01:28:57,621 	Raw source:     ['hi', ',', 'i', '&apos;m', 'looking', 'for', 'a', 'restaurant', 'inside', 'the', 'arden', 'fair', 'mall', 'in', 'san', 'francisco', ',', 'california', '.']
2020-08-11 01:28:57,621 	Raw hypothesis: ['hallo', ',', 'ich', 'suche', 'nach', 'einem', 'ort', 'in', 'san', 'francisco', ',', 'kalifornien', ',', 'kalifornien', ',', 'kalifornien', ',', 'kalifornien', ',', 'kalifornien', ',', 'kalifornien', ',', 'kalifornien', ',', 'kalifornien', ',', 'kalifornien', ',', 'kalifornien', ',', 'kalifornien', ',', 'kalifornien', ',', 'kalifornien', ',', 'kalifornien', ',', 'kalifornien', ',', 'kalifornien', ',', 'kalifornien', ',', 'kalifornien', ',', 'kalifornien', ',', 'kalifornien', ',', 'kalifornien', ',', 'kalifornien', ',', 'kalifornien', ',', 'kalifornien', ',', 'kalifornien', ',', 'kalifornien', ',', 'kalifornien', ',', 'kalifornien', ',', 'kalifornien', ',', 'kalifornien', ',', 'kalifornien', ',', 'kalifornien', ',', 'kalifornien', '.']
2020-08-11 01:28:57,621 	Source:     hi , i &apos;m looking for a restaurant inside the arden fair mall in san francisco , california .
2020-08-11 01:28:57,621 	Reference:  hallo , ich bin auf der suche nach einem restaurant im arden fair einkaufszentrum in san francisco , kalifornien .
2020-08-11 01:28:57,621 	Hypothesis: hallo , ich suche nach einem ort in san francisco , kalifornien , kalifornien , kalifornien , kalifornien , kalifornien , kalifornien , kalifornien , kalifornien , kalifornien , kalifornien , kalifornien , kalifornien , kalifornien , kalifornien , kalifornien , kalifornien , kalifornien , kalifornien , kalifornien , kalifornien , kalifornien , kalifornien , kalifornien , kalifornien , kalifornien , kalifornien , kalifornien , kalifornien , kalifornien , kalifornien , kalifornien , kalifornien , kalifornien .
2020-08-11 01:28:57,621 Example #3
2020-08-11 01:28:57,621 	Raw source:     ['ok', ',', 'what', 'type', 'of', 'restaurant', 'are', 'you', 'looking', 'for', '?']
2020-08-11 01:28:57,621 	Raw hypothesis: ['ok', ',', 'welche', 'art', 'von', 'restaurant', 'suchen', 'sie', '?']
2020-08-11 01:28:57,621 	Source:     ok , what type of restaurant are you looking for ?
2020-08-11 01:28:57,621 	Reference:  ok . welche art von restaurant suchen sie denn genau ?
2020-08-11 01:28:57,621 	Hypothesis: ok , welche art von restaurant suchen sie ?
2020-08-11 01:28:57,622 Validation result (greedy) at epoch   7, step      600: bleu:  25.27, loss: 16578.7910, ppl:  13.3356, duration: 21.7845s
2020-08-11 01:29:09,624 Epoch   7: total training loss 158.07
2020-08-11 01:29:09,624 EPOCH 8
2020-08-11 01:29:10,816 Epoch   8 Step:      700 Batch Loss:     1.537383 Tokens per Sec:     4955, Lr: 0.000200
2020-08-11 01:29:22,559 Epoch   8: total training loss 133.13
2020-08-11 01:29:22,559 EPOCH 9
2020-08-11 01:29:23,830 Epoch   9 Step:      800 Batch Loss:     0.216190 Tokens per Sec:     4713, Lr: 0.000200
2020-08-11 01:30:01,877 Hooray! New best validation result [ppl]!
2020-08-11 01:30:01,877 Saving new checkpoint.
2020-08-11 01:30:06,641 Example #0
2020-08-11 01:30:06,641 	Raw source:     ['hello', '.']
2020-08-11 01:30:06,641 	Raw hypothesis: ['hallo', '.']
2020-08-11 01:30:06,641 	Source:     hello .
2020-08-11 01:30:06,641 	Reference:  hallo ,
2020-08-11 01:30:06,641 	Hypothesis: hallo .
2020-08-11 01:30:06,641 Example #1
2020-08-11 01:30:06,641 	Raw source:     ['hi', ',', 'how', 'can', 'i', 'help', 'you', '?']
2020-08-11 01:30:06,641 	Raw hypothesis: ['hallo', ',', 'wie', 'kann', 'ich', 'ihnen', 'helfen', '?']
2020-08-11 01:30:06,641 	Source:     hi , how can i help you ?
2020-08-11 01:30:06,641 	Reference:  hallo , wie kann ich ihnen helfen ?
2020-08-11 01:30:06,642 	Hypothesis: hallo , wie kann ich ihnen helfen ?
2020-08-11 01:30:06,642 Example #2
2020-08-11 01:30:06,642 	Raw source:     ['hi', ',', 'i', '&apos;m', 'looking', 'for', 'a', 'restaurant', 'inside', 'the', 'arden', 'fair', 'mall', 'in', 'san', 'francisco', ',', 'california', '.']
2020-08-11 01:30:06,642 	Raw hypothesis: ['hallo', ',', 'ich', 'suche', 'ein', 'restaurant', 'in', 'san', 'francisco', ',', 'kalifornien', ',', 'kalifornien', ',', 'kalifornien', ',', 'in', 'san', 'francisco', ',', 'kalifornien', ',', 'kalifornien', ',', 'kalifornien', ',', 'kalifornien', ',', 'kalifornien', ',', 'kalifornien', ',', 'kalifornien', ',', 'kalifornien', ',', 'kalifornien', ',', 'kalifornien', ',', 'kalifornien', ',', 'kalifornien', ',', 'kalifornien', ',', 'kalifornien', ',', 'kalifornien', ',', 'kalifornien', ',', 'kalifornien', ',', 'kalifornien', ',', 'kalifornien', ',', 'kalifornien', ',', 'kalifornien', ',', 'kalifornien', ',', 'kalifornien', ',', 'kalifornien', ',', 'kalifornien', ',', 'kalifornien', ',', 'kalifornien', ',', 'kalifornien', ',', 'kalifornien', ',', 'kalifornien', ',', 'kalifornien', ',', 'kalifornien', ',', 'kalifornien', ',', 'kalifornien', ',', 'kalifornien', ',', 'kalifornien', ',', 'kalifornien', ',', 'kalifornien', ',', 'kalifornien', ',', 'kalifornien', ',']
2020-08-11 01:30:06,642 	Source:     hi , i &apos;m looking for a restaurant inside the arden fair mall in san francisco , california .
2020-08-11 01:30:06,642 	Reference:  hallo , ich bin auf der suche nach einem restaurant im arden fair einkaufszentrum in san francisco , kalifornien .
2020-08-11 01:30:06,642 	Hypothesis: hallo , ich suche ein restaurant in san francisco , kalifornien , kalifornien , kalifornien , in san francisco , kalifornien , kalifornien , kalifornien , kalifornien , kalifornien , kalifornien , kalifornien , kalifornien , kalifornien , kalifornien , kalifornien , kalifornien , kalifornien , kalifornien , kalifornien , kalifornien , kalifornien , kalifornien , kalifornien , kalifornien , kalifornien , kalifornien , kalifornien , kalifornien , kalifornien , kalifornien , kalifornien , kalifornien , kalifornien , kalifornien , kalifornien , kalifornien , kalifornien , kalifornien , kalifornien , kalifornien , kalifornien , kalifornien , kalifornien , kalifornien ,
2020-08-11 01:30:06,642 Example #3
2020-08-11 01:30:06,642 	Raw source:     ['ok', ',', 'what', 'type', 'of', 'restaurant', 'are', 'you', 'looking', 'for', '?']
2020-08-11 01:30:06,642 	Raw hypothesis: ['ok', ',', 'nach', 'welcher', 'art', 'von', 'restaurant', 'suchen', 'sie', '?']
2020-08-11 01:30:06,642 	Source:     ok , what type of restaurant are you looking for ?
2020-08-11 01:30:06,642 	Reference:  ok . welche art von restaurant suchen sie denn genau ?
2020-08-11 01:30:06,642 	Hypothesis: ok , nach welcher art von restaurant suchen sie ?
2020-08-11 01:30:06,642 Validation result (greedy) at epoch   9, step      800: bleu:  20.01, loss: 15812.3418, ppl:  11.8305, duration: 42.8117s
2020-08-11 01:30:18,356 Epoch   9: total training loss 113.52
2020-08-11 01:30:18,356 EPOCH 10
2020-08-11 01:30:19,887 Epoch  10 Step:      900 Batch Loss:     1.197804 Tokens per Sec:     5092, Lr: 0.000200
2020-08-11 01:30:31,263 Epoch  10: total training loss 93.77
2020-08-11 01:30:31,264 EPOCH 11
2020-08-11 01:30:32,894 Epoch  11 Step:     1000 Batch Loss:     0.690701 Tokens per Sec:     4758, Lr: 0.000200
2020-08-11 01:30:49,173 Hooray! New best validation result [ppl]!
2020-08-11 01:30:49,173 Saving new checkpoint.
2020-08-11 01:30:53,565 Example #0
2020-08-11 01:30:53,565 	Raw source:     ['hello', '.']
2020-08-11 01:30:53,565 	Raw hypothesis: ['hallo', ',']
2020-08-11 01:30:53,565 	Source:     hello .
2020-08-11 01:30:53,565 	Reference:  hallo ,
2020-08-11 01:30:53,565 	Hypothesis: hallo ,
2020-08-11 01:30:53,565 Example #1
2020-08-11 01:30:53,565 	Raw source:     ['hi', ',', 'how', 'can', 'i', 'help', 'you', '?']
2020-08-11 01:30:53,565 	Raw hypothesis: ['hallo', ',', 'wie', 'kann', 'ich', 'ihnen', 'helfen', '?']
2020-08-11 01:30:53,565 	Source:     hi , how can i help you ?
2020-08-11 01:30:53,565 	Reference:  hallo , wie kann ich ihnen helfen ?
2020-08-11 01:30:53,566 	Hypothesis: hallo , wie kann ich ihnen helfen ?
2020-08-11 01:30:53,566 Example #2
2020-08-11 01:30:53,566 	Raw source:     ['hi', ',', 'i', '&apos;m', 'looking', 'for', 'a', 'restaurant', 'inside', 'the', 'arden', 'fair', 'mall', 'in', 'san', 'francisco', ',', 'california', '.']
2020-08-11 01:30:53,566 	Raw hypothesis: ['hallo', ',', 'ich', 'suche', 'ein', 'restaurant', 'in', 'san', 'francisco', ',', 'kalifornien', ',', 'in', 'san', 'francisco', ',', 'kalifornien', '.']
2020-08-11 01:30:53,566 	Source:     hi , i &apos;m looking for a restaurant inside the arden fair mall in san francisco , california .
2020-08-11 01:30:53,566 	Reference:  hallo , ich bin auf der suche nach einem restaurant im arden fair einkaufszentrum in san francisco , kalifornien .
2020-08-11 01:30:53,566 	Hypothesis: hallo , ich suche ein restaurant in san francisco , kalifornien , in san francisco , kalifornien .
2020-08-11 01:30:53,566 Example #3
2020-08-11 01:30:53,566 	Raw source:     ['ok', ',', 'what', 'type', 'of', 'restaurant', 'are', 'you', 'looking', 'for', '?']
2020-08-11 01:30:53,566 	Raw hypothesis: ['ok', ',', 'nach', 'welcher', 'art', 'von', 'restaurant', 'suchen', 'sie', '?']
2020-08-11 01:30:53,566 	Source:     ok , what type of restaurant are you looking for ?
2020-08-11 01:30:53,566 	Reference:  ok . welche art von restaurant suchen sie denn genau ?
2020-08-11 01:30:53,566 	Hypothesis: ok , nach welcher art von restaurant suchen sie ?
2020-08-11 01:30:53,566 Validation result (greedy) at epoch  11, step     1000: bleu:  32.96, loss: 15172.5371, ppl:  10.7050, duration: 20.6722s
2020-08-11 01:31:04,851 Epoch  11: total training loss 74.47
2020-08-11 01:31:04,851 EPOCH 12
2020-08-11 01:31:06,645 Epoch  12 Step:     1100 Batch Loss:     0.515891 Tokens per Sec:     5051, Lr: 0.000200
2020-08-11 01:31:17,722 Epoch  12: total training loss 69.20
2020-08-11 01:31:17,723 EPOCH 13
2020-08-11 01:31:19,594 Epoch  13 Step:     1200 Batch Loss:     0.505760 Tokens per Sec:     5215, Lr: 0.000200
2020-08-11 01:31:36,827 Example #0
2020-08-11 01:31:36,828 	Raw source:     ['hello', '.']
2020-08-11 01:31:36,828 	Raw hypothesis: ['hallo', '.']
2020-08-11 01:31:36,828 	Source:     hello .
2020-08-11 01:31:36,828 	Reference:  hallo ,
2020-08-11 01:31:36,828 	Hypothesis: hallo .
2020-08-11 01:31:36,828 Example #1
2020-08-11 01:31:36,828 	Raw source:     ['hi', ',', 'how', 'can', 'i', 'help', 'you', '?']
2020-08-11 01:31:36,828 	Raw hypothesis: ['hallo', ',', 'wie', 'kann', 'ich', 'ihnen', 'helfen', '?']
2020-08-11 01:31:36,828 	Source:     hi , how can i help you ?
2020-08-11 01:31:36,828 	Reference:  hallo , wie kann ich ihnen helfen ?
2020-08-11 01:31:36,828 	Hypothesis: hallo , wie kann ich ihnen helfen ?
2020-08-11 01:31:36,828 Example #2
2020-08-11 01:31:36,828 	Raw source:     ['hi', ',', 'i', '&apos;m', 'looking', 'for', 'a', 'restaurant', 'inside', 'the', 'arden', 'fair', 'mall', 'in', 'san', 'francisco', ',', 'california', '.']
2020-08-11 01:31:36,828 	Raw hypothesis: ['hallo', ',', 'ich', 'suche', 'ein', 'restaurant', 'zum', 'abendessen', 'in', 'san', 'francisco', ',', 'kalifornien', '.']
2020-08-11 01:31:36,828 	Source:     hi , i &apos;m looking for a restaurant inside the arden fair mall in san francisco , california .
2020-08-11 01:31:36,828 	Reference:  hallo , ich bin auf der suche nach einem restaurant im arden fair einkaufszentrum in san francisco , kalifornien .
2020-08-11 01:31:36,828 	Hypothesis: hallo , ich suche ein restaurant zum abendessen in san francisco , kalifornien .
2020-08-11 01:31:36,828 Example #3
2020-08-11 01:31:36,829 	Raw source:     ['ok', ',', 'what', 'type', 'of', 'restaurant', 'are', 'you', 'looking', 'for', '?']
2020-08-11 01:31:36,829 	Raw hypothesis: ['ok', ',', 'nach', 'welcher', 'art', 'von', 'restaurant', 'suchen', 'sie', '?']
2020-08-11 01:31:36,829 	Source:     ok , what type of restaurant are you looking for ?
2020-08-11 01:31:36,829 	Reference:  ok . welche art von restaurant suchen sie denn genau ?
2020-08-11 01:31:36,829 	Hypothesis: ok , nach welcher art von restaurant suchen sie ?
2020-08-11 01:31:36,829 Validation result (greedy) at epoch  13, step     1200: bleu:  32.56, loss: 15367.3389, ppl:  11.0358, duration: 17.2344s
2020-08-11 01:31:47,820 Epoch  13: total training loss 59.77
2020-08-11 01:31:47,820 EPOCH 14
2020-08-11 01:31:49,626 Epoch  14 Step:     1300 Batch Loss:     0.186868 Tokens per Sec:     4871, Lr: 0.000200
2020-08-11 01:32:00,757 Epoch  14: total training loss 51.27
2020-08-11 01:32:00,757 EPOCH 15
2020-08-11 01:32:02,675 Epoch  15 Step:     1400 Batch Loss:     0.298161 Tokens per Sec:     5053, Lr: 0.000200
2020-08-11 01:32:16,267 Example #0
2020-08-11 01:32:16,268 	Raw source:     ['hello', '.']
2020-08-11 01:32:16,268 	Raw hypothesis: ['hallo', '.']
2020-08-11 01:32:16,268 	Source:     hello .
2020-08-11 01:32:16,268 	Reference:  hallo ,
2020-08-11 01:32:16,268 	Hypothesis: hallo .
2020-08-11 01:32:16,268 Example #1
2020-08-11 01:32:16,268 	Raw source:     ['hi', ',', 'how', 'can', 'i', 'help', 'you', '?']
2020-08-11 01:32:16,268 	Raw hypothesis: ['hallo', ',', 'wie', 'kann', 'ich', 'ihnen', 'helfen', '?']
2020-08-11 01:32:16,268 	Source:     hi , how can i help you ?
2020-08-11 01:32:16,268 	Reference:  hallo , wie kann ich ihnen helfen ?
2020-08-11 01:32:16,268 	Hypothesis: hallo , wie kann ich ihnen helfen ?
2020-08-11 01:32:16,268 Example #2
2020-08-11 01:32:16,268 	Raw source:     ['hi', ',', 'i', '&apos;m', 'looking', 'for', 'a', 'restaurant', 'inside', 'the', 'arden', 'fair', 'mall', 'in', 'san', 'francisco', ',', 'california', '.']
2020-08-11 01:32:16,268 	Raw hypothesis: ['hallo', ',', 'ich', 'suche', 'ein', 'restaurant', 'in', 'san', 'francisco', ',', 'kalifornien', ',', 'in', 'san', 'francisco', ',', 'kalifornien', ',', 'in', 'san', 'francisco', ',', 'kalifornien', '.']
2020-08-11 01:32:16,268 	Source:     hi , i &apos;m looking for a restaurant inside the arden fair mall in san francisco , california .
2020-08-11 01:32:16,268 	Reference:  hallo , ich bin auf der suche nach einem restaurant im arden fair einkaufszentrum in san francisco , kalifornien .
2020-08-11 01:32:16,268 	Hypothesis: hallo , ich suche ein restaurant in san francisco , kalifornien , in san francisco , kalifornien , in san francisco , kalifornien .
2020-08-11 01:32:16,268 Example #3
2020-08-11 01:32:16,268 	Raw source:     ['ok', ',', 'what', 'type', 'of', 'restaurant', 'are', 'you', 'looking', 'for', '?']
2020-08-11 01:32:16,268 	Raw hypothesis: ['ok', ',', 'nach', 'welcher', 'art', 'von', 'restaurant', 'suchen', 'sie', '?']
2020-08-11 01:32:16,268 	Source:     ok , what type of restaurant are you looking for ?
2020-08-11 01:32:16,269 	Reference:  ok . welche art von restaurant suchen sie denn genau ?
2020-08-11 01:32:16,269 	Hypothesis: ok , nach welcher art von restaurant suchen sie ?
2020-08-11 01:32:16,269 Validation result (greedy) at epoch  15, step     1400: bleu:  34.47, loss: 15623.4307, ppl:  11.4864, duration: 13.5932s
2020-08-11 01:32:27,358 Epoch  15: total training loss 38.53
2020-08-11 01:32:27,359 EPOCH 16
2020-08-11 01:32:29,574 Epoch  16 Step:     1500 Batch Loss:     0.524136 Tokens per Sec:     4889, Lr: 0.000200
2020-08-11 01:32:40,193 Epoch  16: total training loss 31.09
2020-08-11 01:32:40,193 EPOCH 17
2020-08-11 01:32:42,474 Epoch  17 Step:     1600 Batch Loss:     0.224150 Tokens per Sec:     5007, Lr: 0.000200
2020-08-11 01:33:01,486 Example #0
2020-08-11 01:33:01,486 	Raw source:     ['hello', '.']
2020-08-11 01:33:01,487 	Raw hypothesis: ['hallo', '.']
2020-08-11 01:33:01,487 	Source:     hello .
2020-08-11 01:33:01,487 	Reference:  hallo ,
2020-08-11 01:33:01,487 	Hypothesis: hallo .
2020-08-11 01:33:01,487 Example #1
2020-08-11 01:33:01,487 	Raw source:     ['hi', ',', 'how', 'can', 'i', 'help', 'you', '?']
2020-08-11 01:33:01,487 	Raw hypothesis: ['hallo', ',', 'wie', 'kann', 'ich', 'ihnen', 'helfen', '?']
2020-08-11 01:33:01,487 	Source:     hi , how can i help you ?
2020-08-11 01:33:01,487 	Reference:  hallo , wie kann ich ihnen helfen ?
2020-08-11 01:33:01,487 	Hypothesis: hallo , wie kann ich ihnen helfen ?
2020-08-11 01:33:01,487 Example #2
2020-08-11 01:33:01,487 	Raw source:     ['hi', ',', 'i', '&apos;m', 'looking', 'for', 'a', 'restaurant', 'inside', 'the', 'arden', 'fair', 'mall', 'in', 'san', 'francisco', ',', 'california', '.']
2020-08-11 01:33:01,487 	Raw hypothesis: ['hallo', ',', 'ich', 'suche', 'ein', 'restaurant', 'in', 'sacramento', ',', 'kalifornien', ',', 'in', 'san', 'francisco', ',', 'kalifornien', ',', 'kalifornien', '.']
2020-08-11 01:33:01,487 	Source:     hi , i &apos;m looking for a restaurant inside the arden fair mall in san francisco , california .
2020-08-11 01:33:01,487 	Reference:  hallo , ich bin auf der suche nach einem restaurant im arden fair einkaufszentrum in san francisco , kalifornien .
2020-08-11 01:33:01,487 	Hypothesis: hallo , ich suche ein restaurant in sacramento , kalifornien , in san francisco , kalifornien , kalifornien .
2020-08-11 01:33:01,487 Example #3
2020-08-11 01:33:01,487 	Raw source:     ['ok', ',', 'what', 'type', 'of', 'restaurant', 'are', 'you', 'looking', 'for', '?']
2020-08-11 01:33:01,487 	Raw hypothesis: ['ok', ',', 'nach', 'welcher', 'art', 'von', 'restaurant', 'suchen', 'sie', '?']
2020-08-11 01:33:01,487 	Source:     ok , what type of restaurant are you looking for ?
2020-08-11 01:33:01,487 	Reference:  ok . welche art von restaurant suchen sie denn genau ?
2020-08-11 01:33:01,487 	Hypothesis: ok , nach welcher art von restaurant suchen sie ?
2020-08-11 01:33:01,488 Validation result (greedy) at epoch  17, step     1600: bleu:  33.33, loss: 15437.7461, ppl:  11.1579, duration: 19.0129s
2020-08-11 01:33:12,009 Epoch  17: total training loss 29.00
2020-08-11 01:33:12,010 EPOCH 18
2020-08-11 01:33:14,499 Epoch  18 Step:     1700 Batch Loss:     0.216234 Tokens per Sec:     5093, Lr: 0.000200
2020-08-11 01:33:24,918 Epoch  18: total training loss 25.49
2020-08-11 01:33:24,918 EPOCH 19
2020-08-11 01:33:27,564 Epoch  19 Step:     1800 Batch Loss:     0.423483 Tokens per Sec:     5001, Lr: 0.000200
2020-08-11 01:33:41,549 Example #0
2020-08-11 01:33:41,549 	Raw source:     ['hello', '.']
2020-08-11 01:33:41,549 	Raw hypothesis: ['hallo', '!']
2020-08-11 01:33:41,549 	Source:     hello .
2020-08-11 01:33:41,549 	Reference:  hallo ,
2020-08-11 01:33:41,549 	Hypothesis: hallo !
2020-08-11 01:33:41,549 Example #1
2020-08-11 01:33:41,549 	Raw source:     ['hi', ',', 'how', 'can', 'i', 'help', 'you', '?']
2020-08-11 01:33:41,549 	Raw hypothesis: ['hallo', ',', 'wie', 'kann', 'ich', 'ihnen', 'helfen', '?']
2020-08-11 01:33:41,550 	Source:     hi , how can i help you ?
2020-08-11 01:33:41,550 	Reference:  hallo , wie kann ich ihnen helfen ?
2020-08-11 01:33:41,550 	Hypothesis: hallo , wie kann ich ihnen helfen ?
2020-08-11 01:33:41,550 Example #2
2020-08-11 01:33:41,550 	Raw source:     ['hi', ',', 'i', '&apos;m', 'looking', 'for', 'a', 'restaurant', 'inside', 'the', 'arden', 'fair', 'mall', 'in', 'san', 'francisco', ',', 'california', '.']
2020-08-11 01:33:41,550 	Raw hypothesis: ['hallo', ',', 'ich', 'suche', 'ein', 'restaurant', 'in', 'san', 'francisco', ',', 'kalifornien', ',', 'in', 'san', 'francisco', ',', 'kalifornien', ',', 'in', 'san', 'francisco', ',', 'kalifornien', ',', 'in', 'san', 'francisco', '.']
2020-08-11 01:33:41,550 	Source:     hi , i &apos;m looking for a restaurant inside the arden fair mall in san francisco , california .
2020-08-11 01:33:41,550 	Reference:  hallo , ich bin auf der suche nach einem restaurant im arden fair einkaufszentrum in san francisco , kalifornien .
2020-08-11 01:33:41,550 	Hypothesis: hallo , ich suche ein restaurant in san francisco , kalifornien , in san francisco , kalifornien , in san francisco , kalifornien , in san francisco .
2020-08-11 01:33:41,550 Example #3
2020-08-11 01:33:41,550 	Raw source:     ['ok', ',', 'what', 'type', 'of', 'restaurant', 'are', 'you', 'looking', 'for', '?']
2020-08-11 01:33:41,550 	Raw hypothesis: ['ok', ',', 'nach', 'welcher', 'art', 'von', 'restaurant', 'suchen', 'sie', '?']
2020-08-11 01:33:41,550 	Source:     ok , what type of restaurant are you looking for ?
2020-08-11 01:33:41,550 	Reference:  ok . welche art von restaurant suchen sie denn genau ?
2020-08-11 01:33:41,550 	Hypothesis: ok , nach welcher art von restaurant suchen sie ?
2020-08-11 01:33:41,550 Validation result (greedy) at epoch  19, step     1800: bleu:  34.15, loss: 15442.6777, ppl:  11.1665, duration: 13.9862s
2020-08-11 01:33:51,684 Epoch  19: total training loss 22.88
2020-08-11 01:33:51,684 EPOCH 20
2020-08-11 01:33:54,598 Epoch  20 Step:     1900 Batch Loss:     0.239783 Tokens per Sec:     4921, Lr: 0.000200
2020-08-11 01:34:04,738 Epoch  20: total training loss 23.05
2020-08-11 01:34:04,738 Training ended after  20 epochs.
2020-08-11 01:34:04,738 Best validation result (greedy) at step     1000:  10.70 ppl.
