2020-08-18 17:10:34,149 Hello! This is Joey-NMT.
2020-08-18 17:10:35,938 Total params: 96384000
2020-08-18 17:10:35,940 Trainable parameters: ['decoder.layer_norm.bias', 'decoder.layer_norm.weight', 'decoder.layers.0.dec_layer_norm.bias', 'decoder.layers.0.dec_layer_norm.weight', 'decoder.layers.0.feed_forward.layer_norm.bias', 'decoder.layers.0.feed_forward.layer_norm.weight', 'decoder.layers.0.feed_forward.pwff_layer.0.bias', 'decoder.layers.0.feed_forward.pwff_layer.0.weight', 'decoder.layers.0.feed_forward.pwff_layer.3.bias', 'decoder.layers.0.feed_forward.pwff_layer.3.weight', 'decoder.layers.0.src_trg_att.k_layer.bias', 'decoder.layers.0.src_trg_att.k_layer.weight', 'decoder.layers.0.src_trg_att.output_layer.bias', 'decoder.layers.0.src_trg_att.output_layer.weight', 'decoder.layers.0.src_trg_att.q_layer.bias', 'decoder.layers.0.src_trg_att.q_layer.weight', 'decoder.layers.0.src_trg_att.v_layer.bias', 'decoder.layers.0.src_trg_att.v_layer.weight', 'decoder.layers.0.trg_trg_att.k_layer.bias', 'decoder.layers.0.trg_trg_att.k_layer.weight', 'decoder.layers.0.trg_trg_att.output_layer.bias', 'decoder.layers.0.trg_trg_att.output_layer.weight', 'decoder.layers.0.trg_trg_att.q_layer.bias', 'decoder.layers.0.trg_trg_att.q_layer.weight', 'decoder.layers.0.trg_trg_att.v_layer.bias', 'decoder.layers.0.trg_trg_att.v_layer.weight', 'decoder.layers.0.x_layer_norm.bias', 'decoder.layers.0.x_layer_norm.weight', 'decoder.layers.1.dec_layer_norm.bias', 'decoder.layers.1.dec_layer_norm.weight', 'decoder.layers.1.feed_forward.layer_norm.bias', 'decoder.layers.1.feed_forward.layer_norm.weight', 'decoder.layers.1.feed_forward.pwff_layer.0.bias', 'decoder.layers.1.feed_forward.pwff_layer.0.weight', 'decoder.layers.1.feed_forward.pwff_layer.3.bias', 'decoder.layers.1.feed_forward.pwff_layer.3.weight', 'decoder.layers.1.src_trg_att.k_layer.bias', 'decoder.layers.1.src_trg_att.k_layer.weight', 'decoder.layers.1.src_trg_att.output_layer.bias', 'decoder.layers.1.src_trg_att.output_layer.weight', 'decoder.layers.1.src_trg_att.q_layer.bias', 'decoder.layers.1.src_trg_att.q_layer.weight', 'decoder.layers.1.src_trg_att.v_layer.bias', 'decoder.layers.1.src_trg_att.v_layer.weight', 'decoder.layers.1.trg_trg_att.k_layer.bias', 'decoder.layers.1.trg_trg_att.k_layer.weight', 'decoder.layers.1.trg_trg_att.output_layer.bias', 'decoder.layers.1.trg_trg_att.output_layer.weight', 'decoder.layers.1.trg_trg_att.q_layer.bias', 'decoder.layers.1.trg_trg_att.q_layer.weight', 'decoder.layers.1.trg_trg_att.v_layer.bias', 'decoder.layers.1.trg_trg_att.v_layer.weight', 'decoder.layers.1.x_layer_norm.bias', 'decoder.layers.1.x_layer_norm.weight', 'decoder.layers.2.dec_layer_norm.bias', 'decoder.layers.2.dec_layer_norm.weight', 'decoder.layers.2.feed_forward.layer_norm.bias', 'decoder.layers.2.feed_forward.layer_norm.weight', 'decoder.layers.2.feed_forward.pwff_layer.0.bias', 'decoder.layers.2.feed_forward.pwff_layer.0.weight', 'decoder.layers.2.feed_forward.pwff_layer.3.bias', 'decoder.layers.2.feed_forward.pwff_layer.3.weight', 'decoder.layers.2.src_trg_att.k_layer.bias', 'decoder.layers.2.src_trg_att.k_layer.weight', 'decoder.layers.2.src_trg_att.output_layer.bias', 'decoder.layers.2.src_trg_att.output_layer.weight', 'decoder.layers.2.src_trg_att.q_layer.bias', 'decoder.layers.2.src_trg_att.q_layer.weight', 'decoder.layers.2.src_trg_att.v_layer.bias', 'decoder.layers.2.src_trg_att.v_layer.weight', 'decoder.layers.2.trg_trg_att.k_layer.bias', 'decoder.layers.2.trg_trg_att.k_layer.weight', 'decoder.layers.2.trg_trg_att.output_layer.bias', 'decoder.layers.2.trg_trg_att.output_layer.weight', 'decoder.layers.2.trg_trg_att.q_layer.bias', 'decoder.layers.2.trg_trg_att.q_layer.weight', 'decoder.layers.2.trg_trg_att.v_layer.bias', 'decoder.layers.2.trg_trg_att.v_layer.weight', 'decoder.layers.2.x_layer_norm.bias', 'decoder.layers.2.x_layer_norm.weight', 'decoder.layers.3.dec_layer_norm.bias', 'decoder.layers.3.dec_layer_norm.weight', 'decoder.layers.3.feed_forward.layer_norm.bias', 'decoder.layers.3.feed_forward.layer_norm.weight', 'decoder.layers.3.feed_forward.pwff_layer.0.bias', 'decoder.layers.3.feed_forward.pwff_layer.0.weight', 'decoder.layers.3.feed_forward.pwff_layer.3.bias', 'decoder.layers.3.feed_forward.pwff_layer.3.weight', 'decoder.layers.3.src_trg_att.k_layer.bias', 'decoder.layers.3.src_trg_att.k_layer.weight', 'decoder.layers.3.src_trg_att.output_layer.bias', 'decoder.layers.3.src_trg_att.output_layer.weight', 'decoder.layers.3.src_trg_att.q_layer.bias', 'decoder.layers.3.src_trg_att.q_layer.weight', 'decoder.layers.3.src_trg_att.v_layer.bias', 'decoder.layers.3.src_trg_att.v_layer.weight', 'decoder.layers.3.trg_trg_att.k_layer.bias', 'decoder.layers.3.trg_trg_att.k_layer.weight', 'decoder.layers.3.trg_trg_att.output_layer.bias', 'decoder.layers.3.trg_trg_att.output_layer.weight', 'decoder.layers.3.trg_trg_att.q_layer.bias', 'decoder.layers.3.trg_trg_att.q_layer.weight', 'decoder.layers.3.trg_trg_att.v_layer.bias', 'decoder.layers.3.trg_trg_att.v_layer.weight', 'decoder.layers.3.x_layer_norm.bias', 'decoder.layers.3.x_layer_norm.weight', 'decoder.layers.4.dec_layer_norm.bias', 'decoder.layers.4.dec_layer_norm.weight', 'decoder.layers.4.feed_forward.layer_norm.bias', 'decoder.layers.4.feed_forward.layer_norm.weight', 'decoder.layers.4.feed_forward.pwff_layer.0.bias', 'decoder.layers.4.feed_forward.pwff_layer.0.weight', 'decoder.layers.4.feed_forward.pwff_layer.3.bias', 'decoder.layers.4.feed_forward.pwff_layer.3.weight', 'decoder.layers.4.src_trg_att.k_layer.bias', 'decoder.layers.4.src_trg_att.k_layer.weight', 'decoder.layers.4.src_trg_att.output_layer.bias', 'decoder.layers.4.src_trg_att.output_layer.weight', 'decoder.layers.4.src_trg_att.q_layer.bias', 'decoder.layers.4.src_trg_att.q_layer.weight', 'decoder.layers.4.src_trg_att.v_layer.bias', 'decoder.layers.4.src_trg_att.v_layer.weight', 'decoder.layers.4.trg_trg_att.k_layer.bias', 'decoder.layers.4.trg_trg_att.k_layer.weight', 'decoder.layers.4.trg_trg_att.output_layer.bias', 'decoder.layers.4.trg_trg_att.output_layer.weight', 'decoder.layers.4.trg_trg_att.q_layer.bias', 'decoder.layers.4.trg_trg_att.q_layer.weight', 'decoder.layers.4.trg_trg_att.v_layer.bias', 'decoder.layers.4.trg_trg_att.v_layer.weight', 'decoder.layers.4.x_layer_norm.bias', 'decoder.layers.4.x_layer_norm.weight', 'decoder.layers.5.dec_layer_norm.bias', 'decoder.layers.5.dec_layer_norm.weight', 'decoder.layers.5.feed_forward.layer_norm.bias', 'decoder.layers.5.feed_forward.layer_norm.weight', 'decoder.layers.5.feed_forward.pwff_layer.0.bias', 'decoder.layers.5.feed_forward.pwff_layer.0.weight', 'decoder.layers.5.feed_forward.pwff_layer.3.bias', 'decoder.layers.5.feed_forward.pwff_layer.3.weight', 'decoder.layers.5.src_trg_att.k_layer.bias', 'decoder.layers.5.src_trg_att.k_layer.weight', 'decoder.layers.5.src_trg_att.output_layer.bias', 'decoder.layers.5.src_trg_att.output_layer.weight', 'decoder.layers.5.src_trg_att.q_layer.bias', 'decoder.layers.5.src_trg_att.q_layer.weight', 'decoder.layers.5.src_trg_att.v_layer.bias', 'decoder.layers.5.src_trg_att.v_layer.weight', 'decoder.layers.5.trg_trg_att.k_layer.bias', 'decoder.layers.5.trg_trg_att.k_layer.weight', 'decoder.layers.5.trg_trg_att.output_layer.bias', 'decoder.layers.5.trg_trg_att.output_layer.weight', 'decoder.layers.5.trg_trg_att.q_layer.bias', 'decoder.layers.5.trg_trg_att.q_layer.weight', 'decoder.layers.5.trg_trg_att.v_layer.bias', 'decoder.layers.5.trg_trg_att.v_layer.weight', 'decoder.layers.5.x_layer_norm.bias', 'decoder.layers.5.x_layer_norm.weight', 'encoder.layer_norm.bias', 'encoder.layer_norm.weight', 'encoder.layers.0.feed_forward.layer_norm.bias', 'encoder.layers.0.feed_forward.layer_norm.weight', 'encoder.layers.0.feed_forward.pwff_layer.0.bias', 'encoder.layers.0.feed_forward.pwff_layer.0.weight', 'encoder.layers.0.feed_forward.pwff_layer.3.bias', 'encoder.layers.0.feed_forward.pwff_layer.3.weight', 'encoder.layers.0.layer_norm.bias', 'encoder.layers.0.layer_norm.weight', 'encoder.layers.0.src_src_att.k_layer.bias', 'encoder.layers.0.src_src_att.k_layer.weight', 'encoder.layers.0.src_src_att.output_layer.bias', 'encoder.layers.0.src_src_att.output_layer.weight', 'encoder.layers.0.src_src_att.q_layer.bias', 'encoder.layers.0.src_src_att.q_layer.weight', 'encoder.layers.0.src_src_att.v_layer.bias', 'encoder.layers.0.src_src_att.v_layer.weight', 'encoder.layers.1.feed_forward.layer_norm.bias', 'encoder.layers.1.feed_forward.layer_norm.weight', 'encoder.layers.1.feed_forward.pwff_layer.0.bias', 'encoder.layers.1.feed_forward.pwff_layer.0.weight', 'encoder.layers.1.feed_forward.pwff_layer.3.bias', 'encoder.layers.1.feed_forward.pwff_layer.3.weight', 'encoder.layers.1.layer_norm.bias', 'encoder.layers.1.layer_norm.weight', 'encoder.layers.1.src_src_att.k_layer.bias', 'encoder.layers.1.src_src_att.k_layer.weight', 'encoder.layers.1.src_src_att.output_layer.bias', 'encoder.layers.1.src_src_att.output_layer.weight', 'encoder.layers.1.src_src_att.q_layer.bias', 'encoder.layers.1.src_src_att.q_layer.weight', 'encoder.layers.1.src_src_att.v_layer.bias', 'encoder.layers.1.src_src_att.v_layer.weight', 'encoder.layers.2.feed_forward.layer_norm.bias', 'encoder.layers.2.feed_forward.layer_norm.weight', 'encoder.layers.2.feed_forward.pwff_layer.0.bias', 'encoder.layers.2.feed_forward.pwff_layer.0.weight', 'encoder.layers.2.feed_forward.pwff_layer.3.bias', 'encoder.layers.2.feed_forward.pwff_layer.3.weight', 'encoder.layers.2.layer_norm.bias', 'encoder.layers.2.layer_norm.weight', 'encoder.layers.2.src_src_att.k_layer.bias', 'encoder.layers.2.src_src_att.k_layer.weight', 'encoder.layers.2.src_src_att.output_layer.bias', 'encoder.layers.2.src_src_att.output_layer.weight', 'encoder.layers.2.src_src_att.q_layer.bias', 'encoder.layers.2.src_src_att.q_layer.weight', 'encoder.layers.2.src_src_att.v_layer.bias', 'encoder.layers.2.src_src_att.v_layer.weight', 'encoder.layers.3.feed_forward.layer_norm.bias', 'encoder.layers.3.feed_forward.layer_norm.weight', 'encoder.layers.3.feed_forward.pwff_layer.0.bias', 'encoder.layers.3.feed_forward.pwff_layer.0.weight', 'encoder.layers.3.feed_forward.pwff_layer.3.bias', 'encoder.layers.3.feed_forward.pwff_layer.3.weight', 'encoder.layers.3.layer_norm.bias', 'encoder.layers.3.layer_norm.weight', 'encoder.layers.3.src_src_att.k_layer.bias', 'encoder.layers.3.src_src_att.k_layer.weight', 'encoder.layers.3.src_src_att.output_layer.bias', 'encoder.layers.3.src_src_att.output_layer.weight', 'encoder.layers.3.src_src_att.q_layer.bias', 'encoder.layers.3.src_src_att.q_layer.weight', 'encoder.layers.3.src_src_att.v_layer.bias', 'encoder.layers.3.src_src_att.v_layer.weight', 'encoder.layers.4.feed_forward.layer_norm.bias', 'encoder.layers.4.feed_forward.layer_norm.weight', 'encoder.layers.4.feed_forward.pwff_layer.0.bias', 'encoder.layers.4.feed_forward.pwff_layer.0.weight', 'encoder.layers.4.feed_forward.pwff_layer.3.bias', 'encoder.layers.4.feed_forward.pwff_layer.3.weight', 'encoder.layers.4.layer_norm.bias', 'encoder.layers.4.layer_norm.weight', 'encoder.layers.4.src_src_att.k_layer.bias', 'encoder.layers.4.src_src_att.k_layer.weight', 'encoder.layers.4.src_src_att.output_layer.bias', 'encoder.layers.4.src_src_att.output_layer.weight', 'encoder.layers.4.src_src_att.q_layer.bias', 'encoder.layers.4.src_src_att.q_layer.weight', 'encoder.layers.4.src_src_att.v_layer.bias', 'encoder.layers.4.src_src_att.v_layer.weight', 'encoder.layers.5.feed_forward.layer_norm.bias', 'encoder.layers.5.feed_forward.layer_norm.weight', 'encoder.layers.5.feed_forward.pwff_layer.0.bias', 'encoder.layers.5.feed_forward.pwff_layer.0.weight', 'encoder.layers.5.feed_forward.pwff_layer.3.bias', 'encoder.layers.5.feed_forward.pwff_layer.3.weight', 'encoder.layers.5.layer_norm.bias', 'encoder.layers.5.layer_norm.weight', 'encoder.layers.5.src_src_att.k_layer.bias', 'encoder.layers.5.src_src_att.k_layer.weight', 'encoder.layers.5.src_src_att.output_layer.bias', 'encoder.layers.5.src_src_att.output_layer.weight', 'encoder.layers.5.src_src_att.q_layer.bias', 'encoder.layers.5.src_src_att.q_layer.weight', 'encoder.layers.5.src_src_att.v_layer.bias', 'encoder.layers.5.src_src_att.v_layer.weight', 'src_embed.lut.weight', 'trg_embed.lut.weight']
2020-08-18 17:10:39,945 cfg.data.dev                       : chatnmt/multi_encoder/dev_subset.tags.bpe.10000
2020-08-18 17:10:39,945 cfg.data.level                     : bpe
2020-08-18 17:10:39,945 cfg.data.lowercase                 : False
2020-08-18 17:10:39,945 cfg.data.max_sent_length           : 100
2020-08-18 17:10:39,945 cfg.data.src                       : en
2020-08-18 17:10:39,945 cfg.data.test                      : chatnmt/multi_encoder/test.tags.bpe.10000
2020-08-18 17:10:39,945 cfg.data.train                     : chatnmt/multi_encoder/train_subset.tags.bpe.10000
2020-08-18 17:10:39,945 cfg.data.trg                       : de
2020-08-18 17:10:39,945 cfg.model.bias_initializer         : zeros
2020-08-18 17:10:39,945 cfg.model.decoder.dropout          : 0.1
2020-08-18 17:10:39,945 cfg.model.decoder.embeddings.dropout : 0.0
2020-08-18 17:10:39,945 cfg.model.decoder.embeddings.embedding_dim : 1024
2020-08-18 17:10:39,946 cfg.model.decoder.embeddings.scale : True
2020-08-18 17:10:39,946 cfg.model.decoder.ff_size          : 512
2020-08-18 17:10:39,946 cfg.model.decoder.freeze           : False
2020-08-18 17:10:39,946 cfg.model.decoder.hidden_size      : 1024
2020-08-18 17:10:39,946 cfg.model.decoder.num_heads        : 16
2020-08-18 17:10:39,946 cfg.model.decoder.num_layers       : 6
2020-08-18 17:10:39,946 cfg.model.decoder.type             : transformer
2020-08-18 17:10:39,946 cfg.model.embed_init_gain          : 1.0
2020-08-18 17:10:39,946 cfg.model.embed_initializer        : xavier
2020-08-18 17:10:39,946 cfg.model.encoder.dropout          : 0.3
2020-08-18 17:10:39,946 cfg.model.encoder.embeddings.dropout : 0.0
2020-08-18 17:10:39,946 cfg.model.encoder.embeddings.embedding_dim : 1024
2020-08-18 17:10:39,946 cfg.model.encoder.embeddings.scale : True
2020-08-18 17:10:39,946 cfg.model.encoder.ff_size          : 512
2020-08-18 17:10:39,946 cfg.model.encoder.freeze           : False
2020-08-18 17:10:39,946 cfg.model.encoder.hidden_size      : 1024
2020-08-18 17:10:39,946 cfg.model.encoder.multi_encoder    : False
2020-08-18 17:10:39,946 cfg.model.encoder.num_heads        : 16
2020-08-18 17:10:39,946 cfg.model.encoder.num_layers       : 6
2020-08-18 17:10:39,946 cfg.model.encoder.type             : transformer
2020-08-18 17:10:39,946 cfg.model.init_gain                : 1.0
2020-08-18 17:10:39,946 cfg.model.initializer              : xavier
2020-08-18 17:10:39,947 cfg.model.tied_embeddings          : False
2020-08-18 17:10:39,947 cfg.model.tied_softmax             : True
2020-08-18 17:10:39,947 cfg.name                           : transformer
2020-08-18 17:10:39,947 cfg.testing.alpha                  : 1.0
2020-08-18 17:10:39,947 cfg.testing.beam_size              : 5
2020-08-18 17:10:39,947 cfg.training.adam_betas            : [0.9, 0.999]
2020-08-18 17:10:39,947 cfg.training.batch_multiplier      : 1
2020-08-18 17:10:39,947 cfg.training.batch_size            : 2048
2020-08-18 17:10:39,947 cfg.training.batch_type            : token
2020-08-18 17:10:39,947 cfg.training.decrease_factor       : 0.7
2020-08-18 17:10:39,947 cfg.training.early_stopping_metric : ppl
2020-08-18 17:10:39,947 cfg.training.epochs                : 20
2020-08-18 17:10:39,947 cfg.training.eval_metric           : bleu
2020-08-18 17:10:39,947 cfg.training.keep_last_ckpts       : 3
2020-08-18 17:10:39,947 cfg.training.label_smoothing       : 0.1
2020-08-18 17:10:39,947 cfg.training.learning_rate         : 0.0002
2020-08-18 17:10:39,947 cfg.training.learning_rate_min     : 1e-08
2020-08-18 17:10:39,947 cfg.training.logging_freq          : 100
2020-08-18 17:10:39,947 cfg.training.loss                  : crossentropy
2020-08-18 17:10:39,947 cfg.training.max_output_length     : 100
2020-08-18 17:10:39,947 cfg.training.model_dir             : models/viznet/attempt5/16_16_0.3_1024_1024_2048_6_8
2020-08-18 17:10:39,947 cfg.training.normalization         : tokens
2020-08-18 17:10:39,947 cfg.training.optimizer             : adam
2020-08-18 17:10:39,947 cfg.training.overwrite             : True
2020-08-18 17:10:39,948 cfg.training.patience              : 8
2020-08-18 17:10:39,948 cfg.training.print_valid_sents     : [0, 1, 2, 3]
2020-08-18 17:10:39,948 cfg.training.random_seed           : 42
2020-08-18 17:10:39,948 cfg.training.scheduling            : plateau
2020-08-18 17:10:39,948 cfg.training.shuffle               : True
2020-08-18 17:10:39,948 cfg.training.use_cuda              : True
2020-08-18 17:10:39,948 cfg.training.validation_freq       : 200
2020-08-18 17:10:39,948 cfg.training.weight_decay          : 0.0
2020-08-18 17:10:39,948 Data set sizes: 
	train 5000,
	valid 500,
	test 1220
2020-08-18 17:10:39,948 First training example:
	[SRC] hi there ! how can i help ?
	[TRG] hallo ! wie kann ich helfen ?
2020-08-18 17:10:39,948 First 10 words (src): (0) <unk> (1) <pad> (2) <s> (3) </s> (4) . (5) , (6) ? (7) you (8) i (9) the
2020-08-18 17:10:39,949 First 10 words (trg): (0) <unk> (1) <pad> (2) <s> (3) </s> (4) . (5) , (6) ? (7) sie (8) ich (9) das
2020-08-18 17:10:39,949 Number of Src words (types): 3468
2020-08-18 17:10:39,949 Number of Trg words (types): 4487
2020-08-18 17:10:39,949 Model(
	encoder=TransformerEncoder(num_layers=6, num_heads=16),
	decoder=TransformerDecoder(num_layers=6, num_heads=16),
	src_embed=Embeddings(embedding_dim=1024, vocab_size=3468),
	trg_embed=Embeddings(embedding_dim=1024, vocab_size=4487))
2020-08-18 17:10:39,954 EPOCH 1
2020-08-18 17:10:51,579 Epoch   1: total training loss 275.72
2020-08-18 17:10:51,580 EPOCH 2
2020-08-18 17:11:02,328 Epoch   2 Step:      100 Batch Loss:     5.843812 Tokens per Sec:     5453, Lr: 0.000200
2020-08-18 17:11:03,270 Epoch   2: total training loss 238.18
2020-08-18 17:11:03,271 EPOCH 3
2020-08-18 17:11:14,867 Epoch   3: total training loss 215.45
2020-08-18 17:11:14,868 EPOCH 4
2020-08-18 17:11:24,881 Epoch   4 Step:      200 Batch Loss:     4.359450 Tokens per Sec:     5575, Lr: 0.000200
2020-08-18 17:12:27,954 Hooray! New best validation result [ppl]!
2020-08-18 17:12:27,954 Saving new checkpoint.
2020-08-18 17:12:32,979 Example #0
2020-08-18 17:12:32,979 	Raw source:     ['hello', '.']
2020-08-18 17:12:32,979 	Raw hypothesis: ['hallo', '.']
2020-08-18 17:12:32,979 	Source:     hello .
2020-08-18 17:12:32,979 	Reference:  hallo ,
2020-08-18 17:12:32,980 	Hypothesis: hallo .
2020-08-18 17:12:32,980 Example #1
2020-08-18 17:12:32,980 	Raw source:     ['hi', ',', 'how', 'can', 'i', 'help', 'you', '?']
2020-08-18 17:12:32,980 	Raw hypothesis: ['hallo', ',', 'wie', 'kann', 'ich', 'ihnen', 'helfen', '?']
2020-08-18 17:12:32,980 	Source:     hi , how can i help you ?
2020-08-18 17:12:32,980 	Reference:  hallo , wie kann ich ihnen helfen ?
2020-08-18 17:12:32,980 	Hypothesis: hallo , wie kann ich ihnen helfen ?
2020-08-18 17:12:32,980 Example #2
2020-08-18 17:12:32,980 	Raw source:     ['hi', ',', 'i', '&apos;m', 'looking', 'for', 'a', 'restaurant', 'inside', 'the', 'arden', 'fair', 'mall', 'in', 'san', 'francisco', ',', 'california', '.']
2020-08-18 17:12:32,980 	Raw hypothesis: ['hallo', ',', 'ich', 'möchte', 'ein', 'paar', 'paar', 'paar', 'paar', 'paar', 'paar', 'paar', 'paar', 'paar', 'paar', 'paar', 'mit', 'mit', 'mit', 'mit', 'mit', 'mit', 'mit', 'mit', 'mit', 'mit', 'mit', 'mit', 'mit', 'mit', 'mit', 'mit', 'mit', 'mit', 'mit', 'mit', 'mit', 'mit', 'mit', 'mit', 'mit', 'mit', 'mit', 'mit', 'mit', 'mit', 'mit', 'mit', 'mit', 'mit', 'mit', 'mit', 'mit', 'mit', 'mit', 'mit', 'mit', 'mit', 'mit', 'mit', 'mit', 'mit', 'mit', 'mit', 'mit', 'mit', 'mit', 'mit', 'mit', 'mit', 'mit', 'mit', 'mit', 'mit', 'mit', 'mit', 'mit', 'mit', 'mit', 'mit', 'mit', 'mit', 'der', 'der', 'der', 'der', 'der', 'der', 'der', 'der', 'der', 'der', 'der', 'der', 'der', 'der', 'der', 'der', 'der', 'der']
2020-08-18 17:12:32,980 	Source:     hi , i &apos;m looking for a restaurant inside the arden fair mall in san francisco , california .
2020-08-18 17:12:32,980 	Reference:  hallo , ich bin auf der suche nach einem restaurant im arden fair einkaufszentrum in san francisco , kalifornien .
2020-08-18 17:12:32,980 	Hypothesis: hallo , ich möchte ein paar paar paar paar paar paar paar paar paar paar paar mit mit mit mit mit mit mit mit mit mit mit mit mit mit mit mit mit mit mit mit mit mit mit mit mit mit mit mit mit mit mit mit mit mit mit mit mit mit mit mit mit mit mit mit mit mit mit mit mit mit mit mit mit mit mit mit mit mit mit mit mit mit mit mit mit mit der der der der der der der der der der der der der der der der der der
2020-08-18 17:12:32,980 Example #3
2020-08-18 17:12:32,980 	Raw source:     ['ok', ',', 'what', 'type', 'of', 'restaurant', 'are', 'you', 'looking', 'for', '?']
2020-08-18 17:12:32,980 	Raw hypothesis: ['ok', ',', 'welche', 'art', 'von', 'von', 'von', 'von', 'von', 'von', 'von', 'von', 'von', 'von', 'von', 'von', 'von', 'von', 'von', 'von', 'von', 'von', 'von', 'von', 'von', 'von', 'von', 'von', 'von', 'von', 'von', 'von', 'von', 'von', 'von', 'von', 'von', 'von', 'von', 'von', 'von', 'von', 'von', 'von', 'von', 'von', 'von', 'von', 'von', 'von', 'von', 'von', 'von', 'von', 'von', 'von', 'von', 'von', 'von', 'von', 'von', 'von', 'von', 'von', 'von', 'von', 'von', 'von', 'von', 'von', 'von', 'von', 'von', 'von', 'von', 'von', 'von', 'von', 'von', 'von', 'von', 'von', 'von', 'von', 'von', 'von', 'von', 'von', 'von', 'von', 'von', 'von', 'von', 'von', 'von', 'von', 'von', 'von', 'von', 'von']
2020-08-18 17:12:32,981 	Source:     ok , what type of restaurant are you looking for ?
2020-08-18 17:12:32,981 	Reference:  ok . welche art von restaurant suchen sie denn genau ?
2020-08-18 17:12:32,981 	Hypothesis: ok , welche art von von von von von von von von von von von von von von von von von von von von von von von von von von von von von von von von von von von von von von von von von von von von von von von von von von von von von von von von von von von von von von von von von von von von von von von von von von von von von von von von von von von von von von von von von von von von von von von von
2020-08-18 17:12:32,981 Validation result (greedy) at epoch   4, step      200: bleu:   1.76, loss: 24026.3262, ppl:  42.6964, duration: 68.0992s
2020-08-18 17:12:34,600 Epoch   4: total training loss 184.13
2020-08-18 17:12:34,600 EPOCH 5
2020-08-18 17:12:46,195 Epoch   5: total training loss 166.88
2020-08-18 17:12:46,195 EPOCH 6
2020-08-18 17:12:55,641 Epoch   6 Step:      300 Batch Loss:     1.843859 Tokens per Sec:     5563, Lr: 0.000200
2020-08-18 17:12:57,887 Epoch   6: total training loss 138.81
2020-08-18 17:12:57,887 EPOCH 7
2020-08-18 17:13:09,464 Epoch   7: total training loss 127.27
2020-08-18 17:13:09,464 EPOCH 8
2020-08-18 17:13:17,996 Epoch   8 Step:      400 Batch Loss:     2.046960 Tokens per Sec:     5627, Lr: 0.000200
2020-08-18 17:14:17,339 Hooray! New best validation result [ppl]!
2020-08-18 17:14:17,339 Saving new checkpoint.
2020-08-18 17:14:22,777 Example #0
2020-08-18 17:14:22,777 	Raw source:     ['hello', '.']
2020-08-18 17:14:22,777 	Raw hypothesis: ['hallo', '.']
2020-08-18 17:14:22,777 	Source:     hello .
2020-08-18 17:14:22,777 	Reference:  hallo ,
2020-08-18 17:14:22,777 	Hypothesis: hallo .
2020-08-18 17:14:22,777 Example #1
2020-08-18 17:14:22,777 	Raw source:     ['hi', ',', 'how', 'can', 'i', 'help', 'you', '?']
2020-08-18 17:14:22,777 	Raw hypothesis: ['hallo', ',', 'wie', 'kann', 'ich', 'ihnen', 'helfen', '?']
2020-08-18 17:14:22,777 	Source:     hi , how can i help you ?
2020-08-18 17:14:22,777 	Reference:  hallo , wie kann ich ihnen helfen ?
2020-08-18 17:14:22,777 	Hypothesis: hallo , wie kann ich ihnen helfen ?
2020-08-18 17:14:22,777 Example #2
2020-08-18 17:14:22,777 	Raw source:     ['hi', ',', 'i', '&apos;m', 'looking', 'for', 'a', 'restaurant', 'inside', 'the', 'arden', 'fair', 'mall', 'in', 'san', 'francisco', ',', 'california', '.']
2020-08-18 17:14:22,777 	Raw hypothesis: ['hallo', ',', 'ich', 'bin', 'in', 'sacramento', ',', 'kalifornien', ',', 'kalifornien', ',', 'kalifornien', 'in', 'der', 'arden', 'fair', 'mall', '.']
2020-08-18 17:14:22,777 	Source:     hi , i &apos;m looking for a restaurant inside the arden fair mall in san francisco , california .
2020-08-18 17:14:22,777 	Reference:  hallo , ich bin auf der suche nach einem restaurant im arden fair einkaufszentrum in san francisco , kalifornien .
2020-08-18 17:14:22,777 	Hypothesis: hallo , ich bin in sacramento , kalifornien , kalifornien , kalifornien in der arden fair mall .
2020-08-18 17:14:22,777 Example #3
2020-08-18 17:14:22,778 	Raw source:     ['ok', ',', 'what', 'type', 'of', 'restaurant', 'are', 'you', 'looking', 'for', '?']
2020-08-18 17:14:22,778 	Raw hypothesis: ['ok', ',', 'welche', 'art', 'von', 'restaurant', 'für', 'sie', '?']
2020-08-18 17:14:22,778 	Source:     ok , what type of restaurant are you looking for ?
2020-08-18 17:14:22,778 	Reference:  ok . welche art von restaurant suchen sie denn genau ?
2020-08-18 17:14:22,778 	Hypothesis: ok , welche art von restaurant für sie ?
2020-08-18 17:14:22,778 Validation result (greedy) at epoch   8, step      400: bleu:  12.12, loss: 17894.2324, ppl:  16.3786, duration: 64.7811s
2020-08-18 17:14:25,772 Epoch   8: total training loss 107.96
2020-08-18 17:14:25,773 EPOCH 9
2020-08-18 17:14:37,326 Epoch   9: total training loss 96.02
2020-08-18 17:14:37,327 EPOCH 10
2020-08-18 17:14:45,102 Epoch  10 Step:      500 Batch Loss:     2.032404 Tokens per Sec:     5649, Lr: 0.000200
2020-08-18 17:14:48,951 Epoch  10: total training loss 91.57
2020-08-18 17:14:48,951 EPOCH 11
2020-08-18 17:15:00,533 Epoch  11: total training loss 80.18
2020-08-18 17:15:00,534 EPOCH 12
2020-08-18 17:15:07,214 Epoch  12 Step:      600 Batch Loss:     1.372831 Tokens per Sec:     5557, Lr: 0.000200
2020-08-18 17:15:44,520 Hooray! New best validation result [ppl]!
2020-08-18 17:15:44,520 Saving new checkpoint.
2020-08-18 17:15:49,227 Example #0
2020-08-18 17:15:49,228 	Raw source:     ['hello', '.']
2020-08-18 17:15:49,228 	Raw hypothesis: ['hallo', '.']
2020-08-18 17:15:49,228 	Source:     hello .
2020-08-18 17:15:49,228 	Reference:  hallo ,
2020-08-18 17:15:49,228 	Hypothesis: hallo .
2020-08-18 17:15:49,228 Example #1
2020-08-18 17:15:49,228 	Raw source:     ['hi', ',', 'how', 'can', 'i', 'help', 'you', '?']
2020-08-18 17:15:49,228 	Raw hypothesis: ['hallo', ',', 'wie', 'kann', 'ich', 'ihnen', 'helfen', '?']
2020-08-18 17:15:49,228 	Source:     hi , how can i help you ?
2020-08-18 17:15:49,228 	Reference:  hallo , wie kann ich ihnen helfen ?
2020-08-18 17:15:49,228 	Hypothesis: hallo , wie kann ich ihnen helfen ?
2020-08-18 17:15:49,228 Example #2
2020-08-18 17:15:49,228 	Raw source:     ['hi', ',', 'i', '&apos;m', 'looking', 'for', 'a', 'restaurant', 'inside', 'the', 'arden', 'fair', 'mall', 'in', 'san', 'francisco', ',', 'california', '.']
2020-08-18 17:15:49,228 	Raw hypothesis: ['hallo', ',', 'ich', 'suche', 'ein', 'restaurant', 'in', 'san', 'francisco', ',', 'kalifornien', 'in', 'san', 'francisco', ',', 'kalifornien', 'in', 'san', 'francisco', ',', 'kalifornien', '.']
2020-08-18 17:15:49,228 	Source:     hi , i &apos;m looking for a restaurant inside the arden fair mall in san francisco , california .
2020-08-18 17:15:49,228 	Reference:  hallo , ich bin auf der suche nach einem restaurant im arden fair einkaufszentrum in san francisco , kalifornien .
2020-08-18 17:15:49,228 	Hypothesis: hallo , ich suche ein restaurant in san francisco , kalifornien in san francisco , kalifornien in san francisco , kalifornien .
2020-08-18 17:15:49,228 Example #3
2020-08-18 17:15:49,228 	Raw source:     ['ok', ',', 'what', 'type', 'of', 'restaurant', 'are', 'you', 'looking', 'for', '?']
2020-08-18 17:15:49,229 	Raw hypothesis: ['ok', ',', 'nach', 'welcher', 'art', 'von', 'restaurant', 'suchen', 'sie', '?']
2020-08-18 17:15:49,229 	Source:     ok , what type of restaurant are you looking for ?
2020-08-18 17:15:49,229 	Reference:  ok . welche art von restaurant suchen sie denn genau ?
2020-08-18 17:15:49,229 	Hypothesis: ok , nach welcher art von restaurant suchen sie ?
2020-08-18 17:15:49,229 Validation result (greedy) at epoch  12, step      600: bleu:  23.63, loss: 16627.6602, ppl:  13.4378, duration: 42.0143s
2020-08-18 17:15:54,217 Epoch  12: total training loss 69.67
2020-08-18 17:15:54,217 EPOCH 13
2020-08-18 17:16:05,834 Epoch  13: total training loss 58.24
2020-08-18 17:16:05,834 EPOCH 14
2020-08-18 17:16:11,969 Epoch  14 Step:      700 Batch Loss:     1.082558 Tokens per Sec:     5494, Lr: 0.000200
2020-08-18 17:16:17,495 Epoch  14: total training loss 50.53
2020-08-18 17:16:17,495 EPOCH 15
2020-08-18 17:16:29,135 Epoch  15: total training loss 43.78
2020-08-18 17:16:29,135 EPOCH 16
2020-08-18 17:16:34,293 Epoch  16 Step:      800 Batch Loss:     0.655878 Tokens per Sec:     5553, Lr: 0.000200
2020-08-18 17:17:26,589 Hooray! New best validation result [ppl]!
2020-08-18 17:17:26,589 Saving new checkpoint.
2020-08-18 17:17:31,955 Example #0
2020-08-18 17:17:31,955 	Raw source:     ['hello', '.']
2020-08-18 17:17:31,955 	Raw hypothesis: ['hallo']
2020-08-18 17:17:31,955 	Source:     hello .
2020-08-18 17:17:31,955 	Reference:  hallo ,
2020-08-18 17:17:31,955 	Hypothesis: hallo
2020-08-18 17:17:31,955 Example #1
2020-08-18 17:17:31,955 	Raw source:     ['hi', ',', 'how', 'can', 'i', 'help', 'you', '?']
2020-08-18 17:17:31,955 	Raw hypothesis: ['hallo', ',', 'wie', 'kann', 'ich', 'ihnen', 'helfen', '?']
2020-08-18 17:17:31,955 	Source:     hi , how can i help you ?
2020-08-18 17:17:31,955 	Reference:  hallo , wie kann ich ihnen helfen ?
2020-08-18 17:17:31,955 	Hypothesis: hallo , wie kann ich ihnen helfen ?
2020-08-18 17:17:31,955 Example #2
2020-08-18 17:17:31,956 	Raw source:     ['hi', ',', 'i', '&apos;m', 'looking', 'for', 'a', 'restaurant', 'inside', 'the', 'arden', 'fair', 'mall', 'in', 'san', 'francisco', ',', 'california', '.']
2020-08-18 17:17:31,956 	Raw hypothesis: ['hallo', ',', 'ich', 'suche', 'ein', 'restaurant', 'in', 'san', 'francisco', ',', 'kalifornien', ',', 'in', 'san', 'francisco', ',', 'kalifornien', ',', 'in', 'san', 'francisco', ',', 'kalifornien', ',', 'in', 'der', 'arden', 'fair', 'mall', '.']
2020-08-18 17:17:31,956 	Source:     hi , i &apos;m looking for a restaurant inside the arden fair mall in san francisco , california .
2020-08-18 17:17:31,956 	Reference:  hallo , ich bin auf der suche nach einem restaurant im arden fair einkaufszentrum in san francisco , kalifornien .
2020-08-18 17:17:31,956 	Hypothesis: hallo , ich suche ein restaurant in san francisco , kalifornien , in san francisco , kalifornien , in san francisco , kalifornien , in der arden fair mall .
2020-08-18 17:17:31,956 Example #3
2020-08-18 17:17:31,956 	Raw source:     ['ok', ',', 'what', 'type', 'of', 'restaurant', 'are', 'you', 'looking', 'for', '?']
2020-08-18 17:17:31,956 	Raw hypothesis: ['ok', ',', 'nach', 'welcher', 'art', 'von', 'restaurant', 'suchen', 'sie', '?']
2020-08-18 17:17:31,956 	Source:     ok , what type of restaurant are you looking for ?
2020-08-18 17:17:31,956 	Reference:  ok . welche art von restaurant suchen sie denn genau ?
2020-08-18 17:17:31,956 	Hypothesis: ok , nach welcher art von restaurant suchen sie ?
2020-08-18 17:17:31,956 Validation result (greedy) at epoch  16, step      800: bleu:  24.36, loss: 15877.6338, ppl:  11.9518, duration: 57.6628s
2020-08-18 17:17:38,376 Epoch  16: total training loss 38.23
2020-08-18 17:17:38,376 EPOCH 17
2020-08-18 17:17:49,961 Epoch  17: total training loss 33.75
2020-08-18 17:17:49,962 EPOCH 18
2020-08-18 17:17:54,181 Epoch  18 Step:      900 Batch Loss:     0.425437 Tokens per Sec:     5541, Lr: 0.000200
2020-08-18 17:18:01,683 Epoch  18: total training loss 30.37
2020-08-18 17:18:01,683 EPOCH 19
2020-08-18 17:18:13,286 Epoch  19: total training loss 27.66
2020-08-18 17:18:13,286 EPOCH 20
2020-08-18 17:18:16,457 Epoch  20 Step:     1000 Batch Loss:     0.161490 Tokens per Sec:     5662, Lr: 0.000200
2020-08-18 17:18:33,838 Example #0
2020-08-18 17:18:33,838 	Raw source:     ['hello', '.']
2020-08-18 17:18:33,838 	Raw hypothesis: ['hallo', '.']
2020-08-18 17:18:33,838 	Source:     hello .
2020-08-18 17:18:33,838 	Reference:  hallo ,
2020-08-18 17:18:33,838 	Hypothesis: hallo .
2020-08-18 17:18:33,838 Example #1
2020-08-18 17:18:33,839 	Raw source:     ['hi', ',', 'how', 'can', 'i', 'help', 'you', '?']
2020-08-18 17:18:33,839 	Raw hypothesis: ['hallo', ',', 'wie', 'kann', 'ich', 'ihnen', 'helfen', '?']
2020-08-18 17:18:33,839 	Source:     hi , how can i help you ?
2020-08-18 17:18:33,839 	Reference:  hallo , wie kann ich ihnen helfen ?
2020-08-18 17:18:33,839 	Hypothesis: hallo , wie kann ich ihnen helfen ?
2020-08-18 17:18:33,839 Example #2
2020-08-18 17:18:33,839 	Raw source:     ['hi', ',', 'i', '&apos;m', 'looking', 'for', 'a', 'restaurant', 'inside', 'the', 'arden', 'fair', 'mall', 'in', 'san', 'francisco', ',', 'california', '.']
2020-08-18 17:18:33,839 	Raw hypothesis: ['hallo', ',', 'ich', 'suche', 'ein', 'restaurant', 'in', 'san', 'francisco', ',', 'kalifornien', ',', 'in', 'der', 'arden', 'fair', 'mall', '.']
2020-08-18 17:18:33,839 	Source:     hi , i &apos;m looking for a restaurant inside the arden fair mall in san francisco , california .
2020-08-18 17:18:33,839 	Reference:  hallo , ich bin auf der suche nach einem restaurant im arden fair einkaufszentrum in san francisco , kalifornien .
2020-08-18 17:18:33,839 	Hypothesis: hallo , ich suche ein restaurant in san francisco , kalifornien , in der arden fair mall .
2020-08-18 17:18:33,839 Example #3
2020-08-18 17:18:33,839 	Raw source:     ['ok', ',', 'what', 'type', 'of', 'restaurant', 'are', 'you', 'looking', 'for', '?']
2020-08-18 17:18:33,839 	Raw hypothesis: ['ok', ',', 'nach', 'welcher', 'art', 'von', 'restaurant', 'suchen', 'sie', '?']
2020-08-18 17:18:33,839 	Source:     ok , what type of restaurant are you looking for ?
2020-08-18 17:18:33,839 	Reference:  ok . welche art von restaurant suchen sie denn genau ?
2020-08-18 17:18:33,839 	Hypothesis: ok , nach welcher art von restaurant suchen sie ?
2020-08-18 17:18:33,839 Validation result (greedy) at epoch  20, step     1000: bleu:  31.74, loss: 15943.3701, ppl:  12.0752, duration: 17.3818s
2020-08-18 17:18:42,372 Epoch  20: total training loss 25.11
2020-08-18 17:18:42,372 Training ended after  20 epochs.
2020-08-18 17:18:42,372 Best validation result (greedy) at step      800:  11.95 ppl.
