2020-08-10 12:31:03,150 Hello! This is Joey-NMT.
2020-08-10 12:31:04,569 Total params: 29320704
2020-08-10 12:31:04,571 Trainable parameters: ['decoder.layer_norm.bias', 'decoder.layer_norm.weight', 'decoder.layers.0.dec_layer_norm.bias', 'decoder.layers.0.dec_layer_norm.weight', 'decoder.layers.0.feed_forward.layer_norm.bias', 'decoder.layers.0.feed_forward.layer_norm.weight', 'decoder.layers.0.feed_forward.pwff_layer.0.bias', 'decoder.layers.0.feed_forward.pwff_layer.0.weight', 'decoder.layers.0.feed_forward.pwff_layer.3.bias', 'decoder.layers.0.feed_forward.pwff_layer.3.weight', 'decoder.layers.0.src_trg_att.k_layer.bias', 'decoder.layers.0.src_trg_att.k_layer.weight', 'decoder.layers.0.src_trg_att.output_layer.bias', 'decoder.layers.0.src_trg_att.output_layer.weight', 'decoder.layers.0.src_trg_att.q_layer.bias', 'decoder.layers.0.src_trg_att.q_layer.weight', 'decoder.layers.0.src_trg_att.v_layer.bias', 'decoder.layers.0.src_trg_att.v_layer.weight', 'decoder.layers.0.trg_trg_att.k_layer.bias', 'decoder.layers.0.trg_trg_att.k_layer.weight', 'decoder.layers.0.trg_trg_att.output_layer.bias', 'decoder.layers.0.trg_trg_att.output_layer.weight', 'decoder.layers.0.trg_trg_att.q_layer.bias', 'decoder.layers.0.trg_trg_att.q_layer.weight', 'decoder.layers.0.trg_trg_att.v_layer.bias', 'decoder.layers.0.trg_trg_att.v_layer.weight', 'decoder.layers.0.x_layer_norm.bias', 'decoder.layers.0.x_layer_norm.weight', 'decoder.layers.1.dec_layer_norm.bias', 'decoder.layers.1.dec_layer_norm.weight', 'decoder.layers.1.feed_forward.layer_norm.bias', 'decoder.layers.1.feed_forward.layer_norm.weight', 'decoder.layers.1.feed_forward.pwff_layer.0.bias', 'decoder.layers.1.feed_forward.pwff_layer.0.weight', 'decoder.layers.1.feed_forward.pwff_layer.3.bias', 'decoder.layers.1.feed_forward.pwff_layer.3.weight', 'decoder.layers.1.src_trg_att.k_layer.bias', 'decoder.layers.1.src_trg_att.k_layer.weight', 'decoder.layers.1.src_trg_att.output_layer.bias', 'decoder.layers.1.src_trg_att.output_layer.weight', 'decoder.layers.1.src_trg_att.q_layer.bias', 'decoder.layers.1.src_trg_att.q_layer.weight', 'decoder.layers.1.src_trg_att.v_layer.bias', 'decoder.layers.1.src_trg_att.v_layer.weight', 'decoder.layers.1.trg_trg_att.k_layer.bias', 'decoder.layers.1.trg_trg_att.k_layer.weight', 'decoder.layers.1.trg_trg_att.output_layer.bias', 'decoder.layers.1.trg_trg_att.output_layer.weight', 'decoder.layers.1.trg_trg_att.q_layer.bias', 'decoder.layers.1.trg_trg_att.q_layer.weight', 'decoder.layers.1.trg_trg_att.v_layer.bias', 'decoder.layers.1.trg_trg_att.v_layer.weight', 'decoder.layers.1.x_layer_norm.bias', 'decoder.layers.1.x_layer_norm.weight', 'decoder.layers.2.dec_layer_norm.bias', 'decoder.layers.2.dec_layer_norm.weight', 'decoder.layers.2.feed_forward.layer_norm.bias', 'decoder.layers.2.feed_forward.layer_norm.weight', 'decoder.layers.2.feed_forward.pwff_layer.0.bias', 'decoder.layers.2.feed_forward.pwff_layer.0.weight', 'decoder.layers.2.feed_forward.pwff_layer.3.bias', 'decoder.layers.2.feed_forward.pwff_layer.3.weight', 'decoder.layers.2.src_trg_att.k_layer.bias', 'decoder.layers.2.src_trg_att.k_layer.weight', 'decoder.layers.2.src_trg_att.output_layer.bias', 'decoder.layers.2.src_trg_att.output_layer.weight', 'decoder.layers.2.src_trg_att.q_layer.bias', 'decoder.layers.2.src_trg_att.q_layer.weight', 'decoder.layers.2.src_trg_att.v_layer.bias', 'decoder.layers.2.src_trg_att.v_layer.weight', 'decoder.layers.2.trg_trg_att.k_layer.bias', 'decoder.layers.2.trg_trg_att.k_layer.weight', 'decoder.layers.2.trg_trg_att.output_layer.bias', 'decoder.layers.2.trg_trg_att.output_layer.weight', 'decoder.layers.2.trg_trg_att.q_layer.bias', 'decoder.layers.2.trg_trg_att.q_layer.weight', 'decoder.layers.2.trg_trg_att.v_layer.bias', 'decoder.layers.2.trg_trg_att.v_layer.weight', 'decoder.layers.2.x_layer_norm.bias', 'decoder.layers.2.x_layer_norm.weight', 'decoder.layers.3.dec_layer_norm.bias', 'decoder.layers.3.dec_layer_norm.weight', 'decoder.layers.3.feed_forward.layer_norm.bias', 'decoder.layers.3.feed_forward.layer_norm.weight', 'decoder.layers.3.feed_forward.pwff_layer.0.bias', 'decoder.layers.3.feed_forward.pwff_layer.0.weight', 'decoder.layers.3.feed_forward.pwff_layer.3.bias', 'decoder.layers.3.feed_forward.pwff_layer.3.weight', 'decoder.layers.3.src_trg_att.k_layer.bias', 'decoder.layers.3.src_trg_att.k_layer.weight', 'decoder.layers.3.src_trg_att.output_layer.bias', 'decoder.layers.3.src_trg_att.output_layer.weight', 'decoder.layers.3.src_trg_att.q_layer.bias', 'decoder.layers.3.src_trg_att.q_layer.weight', 'decoder.layers.3.src_trg_att.v_layer.bias', 'decoder.layers.3.src_trg_att.v_layer.weight', 'decoder.layers.3.trg_trg_att.k_layer.bias', 'decoder.layers.3.trg_trg_att.k_layer.weight', 'decoder.layers.3.trg_trg_att.output_layer.bias', 'decoder.layers.3.trg_trg_att.output_layer.weight', 'decoder.layers.3.trg_trg_att.q_layer.bias', 'decoder.layers.3.trg_trg_att.q_layer.weight', 'decoder.layers.3.trg_trg_att.v_layer.bias', 'decoder.layers.3.trg_trg_att.v_layer.weight', 'decoder.layers.3.x_layer_norm.bias', 'decoder.layers.3.x_layer_norm.weight', 'decoder.layers.4.dec_layer_norm.bias', 'decoder.layers.4.dec_layer_norm.weight', 'decoder.layers.4.feed_forward.layer_norm.bias', 'decoder.layers.4.feed_forward.layer_norm.weight', 'decoder.layers.4.feed_forward.pwff_layer.0.bias', 'decoder.layers.4.feed_forward.pwff_layer.0.weight', 'decoder.layers.4.feed_forward.pwff_layer.3.bias', 'decoder.layers.4.feed_forward.pwff_layer.3.weight', 'decoder.layers.4.src_trg_att.k_layer.bias', 'decoder.layers.4.src_trg_att.k_layer.weight', 'decoder.layers.4.src_trg_att.output_layer.bias', 'decoder.layers.4.src_trg_att.output_layer.weight', 'decoder.layers.4.src_trg_att.q_layer.bias', 'decoder.layers.4.src_trg_att.q_layer.weight', 'decoder.layers.4.src_trg_att.v_layer.bias', 'decoder.layers.4.src_trg_att.v_layer.weight', 'decoder.layers.4.trg_trg_att.k_layer.bias', 'decoder.layers.4.trg_trg_att.k_layer.weight', 'decoder.layers.4.trg_trg_att.output_layer.bias', 'decoder.layers.4.trg_trg_att.output_layer.weight', 'decoder.layers.4.trg_trg_att.q_layer.bias', 'decoder.layers.4.trg_trg_att.q_layer.weight', 'decoder.layers.4.trg_trg_att.v_layer.bias', 'decoder.layers.4.trg_trg_att.v_layer.weight', 'decoder.layers.4.x_layer_norm.bias', 'decoder.layers.4.x_layer_norm.weight', 'decoder.layers.5.dec_layer_norm.bias', 'decoder.layers.5.dec_layer_norm.weight', 'decoder.layers.5.feed_forward.layer_norm.bias', 'decoder.layers.5.feed_forward.layer_norm.weight', 'decoder.layers.5.feed_forward.pwff_layer.0.bias', 'decoder.layers.5.feed_forward.pwff_layer.0.weight', 'decoder.layers.5.feed_forward.pwff_layer.3.bias', 'decoder.layers.5.feed_forward.pwff_layer.3.weight', 'decoder.layers.5.src_trg_att.k_layer.bias', 'decoder.layers.5.src_trg_att.k_layer.weight', 'decoder.layers.5.src_trg_att.output_layer.bias', 'decoder.layers.5.src_trg_att.output_layer.weight', 'decoder.layers.5.src_trg_att.q_layer.bias', 'decoder.layers.5.src_trg_att.q_layer.weight', 'decoder.layers.5.src_trg_att.v_layer.bias', 'decoder.layers.5.src_trg_att.v_layer.weight', 'decoder.layers.5.trg_trg_att.k_layer.bias', 'decoder.layers.5.trg_trg_att.k_layer.weight', 'decoder.layers.5.trg_trg_att.output_layer.bias', 'decoder.layers.5.trg_trg_att.output_layer.weight', 'decoder.layers.5.trg_trg_att.q_layer.bias', 'decoder.layers.5.trg_trg_att.q_layer.weight', 'decoder.layers.5.trg_trg_att.v_layer.bias', 'decoder.layers.5.trg_trg_att.v_layer.weight', 'decoder.layers.5.x_layer_norm.bias', 'decoder.layers.5.x_layer_norm.weight', 'encoder.layer_norm.bias', 'encoder.layer_norm.weight', 'encoder.layers.0.feed_forward.layer_norm.bias', 'encoder.layers.0.feed_forward.layer_norm.weight', 'encoder.layers.0.feed_forward.pwff_layer.0.bias', 'encoder.layers.0.feed_forward.pwff_layer.0.weight', 'encoder.layers.0.feed_forward.pwff_layer.3.bias', 'encoder.layers.0.feed_forward.pwff_layer.3.weight', 'encoder.layers.0.layer_norm.bias', 'encoder.layers.0.layer_norm.weight', 'encoder.layers.0.src_src_att.k_layer.bias', 'encoder.layers.0.src_src_att.k_layer.weight', 'encoder.layers.0.src_src_att.output_layer.bias', 'encoder.layers.0.src_src_att.output_layer.weight', 'encoder.layers.0.src_src_att.q_layer.bias', 'encoder.layers.0.src_src_att.q_layer.weight', 'encoder.layers.0.src_src_att.v_layer.bias', 'encoder.layers.0.src_src_att.v_layer.weight', 'encoder.layers.1.feed_forward.layer_norm.bias', 'encoder.layers.1.feed_forward.layer_norm.weight', 'encoder.layers.1.feed_forward.pwff_layer.0.bias', 'encoder.layers.1.feed_forward.pwff_layer.0.weight', 'encoder.layers.1.feed_forward.pwff_layer.3.bias', 'encoder.layers.1.feed_forward.pwff_layer.3.weight', 'encoder.layers.1.layer_norm.bias', 'encoder.layers.1.layer_norm.weight', 'encoder.layers.1.src_src_att.k_layer.bias', 'encoder.layers.1.src_src_att.k_layer.weight', 'encoder.layers.1.src_src_att.output_layer.bias', 'encoder.layers.1.src_src_att.output_layer.weight', 'encoder.layers.1.src_src_att.q_layer.bias', 'encoder.layers.1.src_src_att.q_layer.weight', 'encoder.layers.1.src_src_att.v_layer.bias', 'encoder.layers.1.src_src_att.v_layer.weight', 'encoder.layers.2.feed_forward.layer_norm.bias', 'encoder.layers.2.feed_forward.layer_norm.weight', 'encoder.layers.2.feed_forward.pwff_layer.0.bias', 'encoder.layers.2.feed_forward.pwff_layer.0.weight', 'encoder.layers.2.feed_forward.pwff_layer.3.bias', 'encoder.layers.2.feed_forward.pwff_layer.3.weight', 'encoder.layers.2.layer_norm.bias', 'encoder.layers.2.layer_norm.weight', 'encoder.layers.2.src_src_att.k_layer.bias', 'encoder.layers.2.src_src_att.k_layer.weight', 'encoder.layers.2.src_src_att.output_layer.bias', 'encoder.layers.2.src_src_att.output_layer.weight', 'encoder.layers.2.src_src_att.q_layer.bias', 'encoder.layers.2.src_src_att.q_layer.weight', 'encoder.layers.2.src_src_att.v_layer.bias', 'encoder.layers.2.src_src_att.v_layer.weight', 'encoder.layers.3.feed_forward.layer_norm.bias', 'encoder.layers.3.feed_forward.layer_norm.weight', 'encoder.layers.3.feed_forward.pwff_layer.0.bias', 'encoder.layers.3.feed_forward.pwff_layer.0.weight', 'encoder.layers.3.feed_forward.pwff_layer.3.bias', 'encoder.layers.3.feed_forward.pwff_layer.3.weight', 'encoder.layers.3.layer_norm.bias', 'encoder.layers.3.layer_norm.weight', 'encoder.layers.3.src_src_att.k_layer.bias', 'encoder.layers.3.src_src_att.k_layer.weight', 'encoder.layers.3.src_src_att.output_layer.bias', 'encoder.layers.3.src_src_att.output_layer.weight', 'encoder.layers.3.src_src_att.q_layer.bias', 'encoder.layers.3.src_src_att.q_layer.weight', 'encoder.layers.3.src_src_att.v_layer.bias', 'encoder.layers.3.src_src_att.v_layer.weight', 'encoder.layers.4.feed_forward.layer_norm.bias', 'encoder.layers.4.feed_forward.layer_norm.weight', 'encoder.layers.4.feed_forward.pwff_layer.0.bias', 'encoder.layers.4.feed_forward.pwff_layer.0.weight', 'encoder.layers.4.feed_forward.pwff_layer.3.bias', 'encoder.layers.4.feed_forward.pwff_layer.3.weight', 'encoder.layers.4.layer_norm.bias', 'encoder.layers.4.layer_norm.weight', 'encoder.layers.4.src_src_att.k_layer.bias', 'encoder.layers.4.src_src_att.k_layer.weight', 'encoder.layers.4.src_src_att.output_layer.bias', 'encoder.layers.4.src_src_att.output_layer.weight', 'encoder.layers.4.src_src_att.q_layer.bias', 'encoder.layers.4.src_src_att.q_layer.weight', 'encoder.layers.4.src_src_att.v_layer.bias', 'encoder.layers.4.src_src_att.v_layer.weight', 'encoder.layers.5.feed_forward.layer_norm.bias', 'encoder.layers.5.feed_forward.layer_norm.weight', 'encoder.layers.5.feed_forward.pwff_layer.0.bias', 'encoder.layers.5.feed_forward.pwff_layer.0.weight', 'encoder.layers.5.feed_forward.pwff_layer.3.bias', 'encoder.layers.5.feed_forward.pwff_layer.3.weight', 'encoder.layers.5.layer_norm.bias', 'encoder.layers.5.layer_norm.weight', 'encoder.layers.5.src_src_att.k_layer.bias', 'encoder.layers.5.src_src_att.k_layer.weight', 'encoder.layers.5.src_src_att.output_layer.bias', 'encoder.layers.5.src_src_att.output_layer.weight', 'encoder.layers.5.src_src_att.q_layer.bias', 'encoder.layers.5.src_src_att.q_layer.weight', 'encoder.layers.5.src_src_att.v_layer.bias', 'encoder.layers.5.src_src_att.v_layer.weight', 'src_embed.lut.weight', 'trg_embed.lut.weight']
2020-08-10 12:31:08,545 cfg.data.dev                       : chatnmt/multi_encoder/dev_subset.tags.bpe.10000
2020-08-10 12:31:08,545 cfg.data.level                     : bpe
2020-08-10 12:31:08,545 cfg.data.lowercase                 : False
2020-08-10 12:31:08,545 cfg.data.max_sent_length           : 100
2020-08-10 12:31:08,545 cfg.data.src                       : en
2020-08-10 12:31:08,545 cfg.data.test                      : chatnmt/multi_encoder/test.tags.bpe.10000
2020-08-10 12:31:08,545 cfg.data.train                     : chatnmt/multi_encoder/train_subset.tags.bpe.10000
2020-08-10 12:31:08,545 cfg.data.trg                       : de
2020-08-10 12:31:08,545 cfg.model.bias_initializer         : zeros
2020-08-10 12:31:08,545 cfg.model.decoder.dropout          : 0.1
2020-08-10 12:31:08,545 cfg.model.decoder.embeddings.dropout : 0.0
2020-08-10 12:31:08,545 cfg.model.decoder.embeddings.embedding_dim : 512
2020-08-10 12:31:08,545 cfg.model.decoder.embeddings.scale : True
2020-08-10 12:31:08,545 cfg.model.decoder.ff_size          : 512
2020-08-10 12:31:08,545 cfg.model.decoder.freeze           : False
2020-08-10 12:31:08,545 cfg.model.decoder.hidden_size      : 512
2020-08-10 12:31:08,545 cfg.model.decoder.num_heads        : 16
2020-08-10 12:31:08,545 cfg.model.decoder.num_layers       : 6
2020-08-10 12:31:08,545 cfg.model.decoder.type             : transformer
2020-08-10 12:31:08,545 cfg.model.embed_init_gain          : 1.0
2020-08-10 12:31:08,546 cfg.model.embed_initializer        : xavier
2020-08-10 12:31:08,546 cfg.model.encoder.dropout          : 0.3
2020-08-10 12:31:08,546 cfg.model.encoder.embeddings.dropout : 0.0
2020-08-10 12:31:08,546 cfg.model.encoder.embeddings.embedding_dim : 512
2020-08-10 12:31:08,546 cfg.model.encoder.embeddings.scale : True
2020-08-10 12:31:08,546 cfg.model.encoder.ff_size          : 512
2020-08-10 12:31:08,546 cfg.model.encoder.freeze           : False
2020-08-10 12:31:08,546 cfg.model.encoder.hidden_size      : 512
2020-08-10 12:31:08,546 cfg.model.encoder.multi_encoder    : False
2020-08-10 12:31:08,546 cfg.model.encoder.num_heads        : 8
2020-08-10 12:31:08,546 cfg.model.encoder.num_layers       : 6
2020-08-10 12:31:08,546 cfg.model.encoder.type             : transformer
2020-08-10 12:31:08,546 cfg.model.init_gain                : 1.0
2020-08-10 12:31:08,546 cfg.model.initializer              : xavier
2020-08-10 12:31:08,546 cfg.model.tied_embeddings          : False
2020-08-10 12:31:08,546 cfg.model.tied_softmax             : True
2020-08-10 12:31:08,546 cfg.name                           : transformer
2020-08-10 12:31:08,546 cfg.testing.alpha                  : 1.0
2020-08-10 12:31:08,546 cfg.testing.beam_size              : 5
2020-08-10 12:31:08,546 cfg.training.adam_betas            : [0.9, 0.999]
2020-08-10 12:31:08,546 cfg.training.batch_multiplier      : 1
2020-08-10 12:31:08,546 cfg.training.batch_size            : 1024
2020-08-10 12:31:08,547 cfg.training.batch_type            : token
2020-08-10 12:31:08,547 cfg.training.decrease_factor       : 0.7
2020-08-10 12:31:08,547 cfg.training.early_stopping_metric : ppl
2020-08-10 12:31:08,547 cfg.training.epochs                : 20
2020-08-10 12:31:08,547 cfg.training.eval_metric           : bleu
2020-08-10 12:31:08,547 cfg.training.keep_last_ckpts       : 3
2020-08-10 12:31:08,547 cfg.training.label_smoothing       : 0.1
2020-08-10 12:31:08,547 cfg.training.learning_rate         : 0.0002
2020-08-10 12:31:08,547 cfg.training.learning_rate_min     : 1e-08
2020-08-10 12:31:08,547 cfg.training.logging_freq          : 100
2020-08-10 12:31:08,547 cfg.training.loss                  : crossentropy
2020-08-10 12:31:08,547 cfg.training.max_output_length     : 100
2020-08-10 12:31:08,547 cfg.training.model_dir             : models/viznet/attempt3/8_16_0.3_512_512_1024_10_8
2020-08-10 12:31:08,547 cfg.training.normalization         : tokens
2020-08-10 12:31:08,547 cfg.training.optimizer             : adam
2020-08-10 12:31:08,547 cfg.training.overwrite             : True
2020-08-10 12:31:08,547 cfg.training.patience              : 8
2020-08-10 12:31:08,547 cfg.training.print_valid_sents     : [0, 1, 2, 3]
2020-08-10 12:31:08,547 cfg.training.random_seed           : 42
2020-08-10 12:31:08,547 cfg.training.scheduling            : plateau
2020-08-10 12:31:08,547 cfg.training.shuffle               : True
2020-08-10 12:31:08,547 cfg.training.use_cuda              : True
2020-08-10 12:31:08,547 cfg.training.validation_freq       : 200
2020-08-10 12:31:08,548 cfg.training.weight_decay          : 0.0
2020-08-10 12:31:08,548 Data set sizes: 
	train 5000,
	valid 500,
	test 1220
2020-08-10 12:31:08,548 First training example:
	[SRC] hi there ! how can i help ?
	[TRG] hallo ! wie kann ich helfen ?
2020-08-10 12:31:08,548 First 10 words (src): (0) <unk> (1) <pad> (2) <s> (3) </s> (4) . (5) , (6) ? (7) you (8) i (9) the
2020-08-10 12:31:08,548 First 10 words (trg): (0) <unk> (1) <pad> (2) <s> (3) </s> (4) . (5) , (6) ? (7) sie (8) ich (9) das
2020-08-10 12:31:08,548 Number of Src words (types): 3468
2020-08-10 12:31:08,549 Number of Trg words (types): 4487
2020-08-10 12:31:08,549 Model(
	encoder=TransformerEncoder(num_layers=6, num_heads=8),
	decoder=TransformerDecoder(num_layers=6, num_heads=16),
	src_embed=Embeddings(embedding_dim=512, vocab_size=3468),
	trg_embed=Embeddings(embedding_dim=512, vocab_size=4487))
2020-08-10 12:31:08,553 EPOCH 1
2020-08-10 12:31:16,064 Epoch   1: total training loss 499.14
2020-08-10 12:31:16,064 EPOCH 2
2020-08-10 12:31:16,241 Epoch   2 Step:      100 Batch Loss:     4.057860 Tokens per Sec:     7900, Lr: 0.000200
2020-08-10 12:31:23,652 Epoch   2: total training loss 428.82
2020-08-10 12:31:23,653 EPOCH 3
2020-08-10 12:31:23,898 Epoch   3 Step:      200 Batch Loss:     3.129727 Tokens per Sec:     8203, Lr: 0.000200
2020-08-10 12:31:53,486 Hooray! New best validation result [ppl]!
2020-08-10 12:31:53,486 Saving new checkpoint.
2020-08-10 12:31:54,804 Example #0
2020-08-10 12:31:54,804 	Raw source:     ['hello', '.']
2020-08-10 12:31:54,804 	Raw hypothesis: ['vielen', 'dank', '.']
2020-08-10 12:31:54,804 	Source:     hello .
2020-08-10 12:31:54,804 	Reference:  hallo ,
2020-08-10 12:31:54,804 	Hypothesis: vielen dank .
2020-08-10 12:31:54,804 Example #1
2020-08-10 12:31:54,804 	Raw source:     ['hi', ',', 'how', 'can', 'i', 'help', 'you', '?']
2020-08-10 12:31:54,804 	Raw hypothesis: ['hallo', ',', 'wie', 'kann', 'ich', 'ihnen', 'helfen', '?']
2020-08-10 12:31:54,804 	Source:     hi , how can i help you ?
2020-08-10 12:31:54,804 	Reference:  hallo , wie kann ich ihnen helfen ?
2020-08-10 12:31:54,804 	Hypothesis: hallo , wie kann ich ihnen helfen ?
2020-08-10 12:31:54,804 Example #2
2020-08-10 12:31:54,804 	Raw source:     ['hi', ',', 'i', '&apos;m', 'looking', 'for', 'a', 'restaurant', 'inside', 'the', 'arden', 'fair', 'mall', 'in', 'san', 'francisco', ',', 'california', '.']
2020-08-10 12:31:54,804 	Raw hypothesis: ['ich', 'möchte', 'möchte', 'möchte', 'möchte', 'möchte', 'möchte', 'möchte', 'möchte', 'möchte', 'möchte', ',', 'ich', 'habe', 'habe', 'habe', 'habe', 'habe', 'habe', 'habe', 'habe', 'habe', 'habe', 'habe', 'habe', 'habe', 'habe', 'habe', 'habe', 'habe', 'habe', 'habe', 'habe', 'habe', 'habe', ',', 'ich', 'ich', 'möchte', ',', 'ich', 'möchte', ',', 'ich', 'möchte', ',', 'ich', 'möchte', ',', 'ich', 'möchte', ',', 'ich', 'ich', 'ich', 'möchte', ',', 'ich', 'möchte', 'möchte', 'möchte', 'möchte', 'möchte', 'möchte', 'möchte', 'möchte', 'möchte', 'möchte', 'möchte', 'möchte', 'möchte', 'möchte', 'möchte', 'möchte', 'möchte', 'möchte', 'möchte', 'möchte', 'möchte', 'möchte', 'möchte', 'möchte', 'möchte', 'möchte', 'möchte', 'möchte', 'möchte', 'möchte', ',', 'ich', 'möchte', 'möchte', 'möchte', 'möchte', 'möchte', 'möchte', ',', 'ich', 'ich', 'ich']
2020-08-10 12:31:54,804 	Source:     hi , i &apos;m looking for a restaurant inside the arden fair mall in san francisco , california .
2020-08-10 12:31:54,804 	Reference:  hallo , ich bin auf der suche nach einem restaurant im arden fair einkaufszentrum in san francisco , kalifornien .
2020-08-10 12:31:54,804 	Hypothesis: ich möchte möchte möchte möchte möchte möchte möchte möchte möchte möchte , ich habe habe habe habe habe habe habe habe habe habe habe habe habe habe habe habe habe habe habe habe habe habe , ich ich möchte , ich möchte , ich möchte , ich möchte , ich möchte , ich ich ich möchte , ich möchte möchte möchte möchte möchte möchte möchte möchte möchte möchte möchte möchte möchte möchte möchte möchte möchte möchte möchte möchte möchte möchte möchte möchte möchte möchte möchte möchte möchte möchte , ich möchte möchte möchte möchte möchte möchte , ich ich ich
2020-08-10 12:31:54,804 Example #3
2020-08-10 12:31:54,804 	Raw source:     ['ok', ',', 'what', 'type', 'of', 'restaurant', 'are', 'you', 'looking', 'for', '?']
2020-08-10 12:31:54,804 	Raw hypothesis: ['ok', ',', 'wie', 'sie', 'sie', 'die', '?']
2020-08-10 12:31:54,805 	Source:     ok , what type of restaurant are you looking for ?
2020-08-10 12:31:54,805 	Reference:  ok . welche art von restaurant suchen sie denn genau ?
2020-08-10 12:31:54,805 	Hypothesis: ok , wie sie sie die ?
2020-08-10 12:31:54,805 Validation result (greedy) at epoch   3, step      200: bleu:   1.58, loss: 27213.9883, ppl:  70.2588, duration: 30.9066s
2020-08-10 12:32:02,107 Epoch   3: total training loss 380.41
2020-08-10 12:32:02,107 EPOCH 4
2020-08-10 12:32:02,407 Epoch   4 Step:      300 Batch Loss:     2.991898 Tokens per Sec:     5448, Lr: 0.000200
2020-08-10 12:32:09,608 Epoch   4: total training loss 336.33
2020-08-10 12:32:09,608 EPOCH 5
2020-08-10 12:32:09,977 Epoch   5 Step:      400 Batch Loss:     2.197937 Tokens per Sec:     8093, Lr: 0.000200
2020-08-10 12:32:36,434 Hooray! New best validation result [ppl]!
2020-08-10 12:32:36,434 Saving new checkpoint.
2020-08-10 12:32:37,769 Example #0
2020-08-10 12:32:37,770 	Raw source:     ['hello', '.']
2020-08-10 12:32:37,770 	Raw hypothesis: ['hallo', '.']
2020-08-10 12:32:37,770 	Source:     hello .
2020-08-10 12:32:37,770 	Reference:  hallo ,
2020-08-10 12:32:37,770 	Hypothesis: hallo .
2020-08-10 12:32:37,770 Example #1
2020-08-10 12:32:37,770 	Raw source:     ['hi', ',', 'how', 'can', 'i', 'help', 'you', '?']
2020-08-10 12:32:37,770 	Raw hypothesis: ['hallo', ',', 'wie', 'kann', 'ich', 'ihnen', 'helfen', '?']
2020-08-10 12:32:37,770 	Source:     hi , how can i help you ?
2020-08-10 12:32:37,770 	Reference:  hallo , wie kann ich ihnen helfen ?
2020-08-10 12:32:37,770 	Hypothesis: hallo , wie kann ich ihnen helfen ?
2020-08-10 12:32:37,770 Example #2
2020-08-10 12:32:37,770 	Raw source:     ['hi', ',', 'i', '&apos;m', 'looking', 'for', 'a', 'restaurant', 'inside', 'the', 'arden', 'fair', 'mall', 'in', 'san', 'francisco', ',', 'california', '.']
2020-08-10 12:32:37,770 	Raw hypothesis: ['hallo', ',', 'ich', 'möchte', 'ein', 'restaurant', 'in', 'san', 'francisco', ',', 'kalifornien', ',', 'kalifornien', ',', 'kalifornien', ',', 'kalifornien', ',', 'kalifornien', ',', 'kalifornien', ',', 'kalifornien', '.']
2020-08-10 12:32:37,770 	Source:     hi , i &apos;m looking for a restaurant inside the arden fair mall in san francisco , california .
2020-08-10 12:32:37,770 	Reference:  hallo , ich bin auf der suche nach einem restaurant im arden fair einkaufszentrum in san francisco , kalifornien .
2020-08-10 12:32:37,770 	Hypothesis: hallo , ich möchte ein restaurant in san francisco , kalifornien , kalifornien , kalifornien , kalifornien , kalifornien , kalifornien , kalifornien .
2020-08-10 12:32:37,770 Example #3
2020-08-10 12:32:37,770 	Raw source:     ['ok', ',', 'what', 'type', 'of', 'restaurant', 'are', 'you', 'looking', 'for', '?']
2020-08-10 12:32:37,770 	Raw hypothesis: ['ok', ',', 'welche', 'art', 'von', 'restaurant', 'möchten', 'sie', '?']
2020-08-10 12:32:37,770 	Source:     ok , what type of restaurant are you looking for ?
2020-08-10 12:32:37,771 	Reference:  ok . welche art von restaurant suchen sie denn genau ?
2020-08-10 12:32:37,771 	Hypothesis: ok , welche art von restaurant möchten sie ?
2020-08-10 12:32:37,771 Validation result (greedy) at epoch   5, step      400: bleu:   5.98, loss: 21907.2109, ppl:  30.6613, duration: 27.7931s
2020-08-10 12:32:44,868 Epoch   5: total training loss 294.90
2020-08-10 12:32:44,868 EPOCH 6
2020-08-10 12:32:45,259 Epoch   6 Step:      500 Batch Loss:     1.893823 Tokens per Sec:     7756, Lr: 0.000200
2020-08-10 12:32:52,191 Epoch   6: total training loss 251.54
2020-08-10 12:32:52,192 EPOCH 7
2020-08-10 12:32:52,734 Epoch   7 Step:      600 Batch Loss:     1.654184 Tokens per Sec:     8832, Lr: 0.000200
2020-08-10 12:33:13,794 Hooray! New best validation result [ppl]!
2020-08-10 12:33:13,795 Saving new checkpoint.
2020-08-10 12:33:14,960 Example #0
2020-08-10 12:33:14,960 	Raw source:     ['hello', '.']
2020-08-10 12:33:14,960 	Raw hypothesis: ['hallo', '.']
2020-08-10 12:33:14,960 	Source:     hello .
2020-08-10 12:33:14,960 	Reference:  hallo ,
2020-08-10 12:33:14,960 	Hypothesis: hallo .
2020-08-10 12:33:14,960 Example #1
2020-08-10 12:33:14,961 	Raw source:     ['hi', ',', 'how', 'can', 'i', 'help', 'you', '?']
2020-08-10 12:33:14,961 	Raw hypothesis: ['hallo', ',', 'wie', 'kann', 'ich', 'ihnen', 'helfen', '?']
2020-08-10 12:33:14,961 	Source:     hi , how can i help you ?
2020-08-10 12:33:14,961 	Reference:  hallo , wie kann ich ihnen helfen ?
2020-08-10 12:33:14,961 	Hypothesis: hallo , wie kann ich ihnen helfen ?
2020-08-10 12:33:14,961 Example #2
2020-08-10 12:33:14,961 	Raw source:     ['hi', ',', 'i', '&apos;m', 'looking', 'for', 'a', 'restaurant', 'inside', 'the', 'arden', 'fair', 'mall', 'in', 'san', 'francisco', ',', 'california', '.']
2020-08-10 12:33:14,961 	Raw hypothesis: ['hallo', ',', 'ich', 'bin', 'in', 'san', 'francisco', ',', 'kalifornien', ',', 'kalifornien', '.']
2020-08-10 12:33:14,961 	Source:     hi , i &apos;m looking for a restaurant inside the arden fair mall in san francisco , california .
2020-08-10 12:33:14,961 	Reference:  hallo , ich bin auf der suche nach einem restaurant im arden fair einkaufszentrum in san francisco , kalifornien .
2020-08-10 12:33:14,961 	Hypothesis: hallo , ich bin in san francisco , kalifornien , kalifornien .
2020-08-10 12:33:14,961 Example #3
2020-08-10 12:33:14,961 	Raw source:     ['ok', ',', 'what', 'type', 'of', 'restaurant', 'are', 'you', 'looking', 'for', '?']
2020-08-10 12:33:14,961 	Raw hypothesis: ['ok', ',', 'welche', 'art', 'von', 'restaurant', 'für', 'welche', 'art', 'von', 'restaurant', '?']
2020-08-10 12:33:14,961 	Source:     ok , what type of restaurant are you looking for ?
2020-08-10 12:33:14,961 	Reference:  ok . welche art von restaurant suchen sie denn genau ?
2020-08-10 12:33:14,961 	Hypothesis: ok , welche art von restaurant für welche art von restaurant ?
2020-08-10 12:33:14,962 Validation result (greedy) at epoch   7, step      600: bleu:  11.49, loss: 18746.1387, ppl:  18.7105, duration: 22.2277s
2020-08-10 12:33:21,772 Epoch   7: total training loss 226.23
2020-08-10 12:33:21,772 EPOCH 8
2020-08-10 12:33:22,450 Epoch   8 Step:      700 Batch Loss:     2.455362 Tokens per Sec:     8726, Lr: 0.000200
2020-08-10 12:33:29,065 Epoch   8: total training loss 205.40
2020-08-10 12:33:29,065 EPOCH 9
2020-08-10 12:33:29,793 Epoch   9 Step:      800 Batch Loss:     0.337018 Tokens per Sec:     8236, Lr: 0.000200
2020-08-10 12:33:54,326 Hooray! New best validation result [ppl]!
2020-08-10 12:33:54,326 Saving new checkpoint.
2020-08-10 12:33:55,643 Example #0
2020-08-10 12:33:55,643 	Raw source:     ['hello', '.']
2020-08-10 12:33:55,643 	Raw hypothesis: ['hallo', '.']
2020-08-10 12:33:55,643 	Source:     hello .
2020-08-10 12:33:55,644 	Reference:  hallo ,
2020-08-10 12:33:55,644 	Hypothesis: hallo .
2020-08-10 12:33:55,644 Example #1
2020-08-10 12:33:55,644 	Raw source:     ['hi', ',', 'how', 'can', 'i', 'help', 'you', '?']
2020-08-10 12:33:55,644 	Raw hypothesis: ['hallo', ',', 'wie', 'kann', 'ich', 'ihnen', 'helfen', '?']
2020-08-10 12:33:55,644 	Source:     hi , how can i help you ?
2020-08-10 12:33:55,644 	Reference:  hallo , wie kann ich ihnen helfen ?
2020-08-10 12:33:55,644 	Hypothesis: hallo , wie kann ich ihnen helfen ?
2020-08-10 12:33:55,644 Example #2
2020-08-10 12:33:55,644 	Raw source:     ['hi', ',', 'i', '&apos;m', 'looking', 'for', 'a', 'restaurant', 'inside', 'the', 'arden', 'fair', 'mall', 'in', 'san', 'francisco', ',', 'california', '.']
2020-08-10 12:33:55,644 	Raw hypothesis: ['hallo', ',', 'ich', 'suche', 'ein', 'restaurant', 'in', 'san', 'francisco', ',', 'kalifornien', ',', 'kalifornien', ',', 'kalifornien', ',', 'kalifornien', ',', 'in', 'san', 'francisco', ',', 'kalifornien', ',', 'kalifornien', '.']
2020-08-10 12:33:55,644 	Source:     hi , i &apos;m looking for a restaurant inside the arden fair mall in san francisco , california .
2020-08-10 12:33:55,644 	Reference:  hallo , ich bin auf der suche nach einem restaurant im arden fair einkaufszentrum in san francisco , kalifornien .
2020-08-10 12:33:55,644 	Hypothesis: hallo , ich suche ein restaurant in san francisco , kalifornien , kalifornien , kalifornien , kalifornien , in san francisco , kalifornien , kalifornien .
2020-08-10 12:33:55,644 Example #3
2020-08-10 12:33:55,644 	Raw source:     ['ok', ',', 'what', 'type', 'of', 'restaurant', 'are', 'you', 'looking', 'for', '?']
2020-08-10 12:33:55,644 	Raw hypothesis: ['ok', ',', 'welche', 'art', 'von', 'restaurant', 'für', 'sie', '?']
2020-08-10 12:33:55,644 	Source:     ok , what type of restaurant are you looking for ?
2020-08-10 12:33:55,644 	Reference:  ok . welche art von restaurant suchen sie denn genau ?
2020-08-10 12:33:55,644 	Hypothesis: ok , welche art von restaurant für sie ?
2020-08-10 12:33:55,644 Validation result (greedy) at epoch   9, step      800: bleu:  12.92, loss: 17548.0371, ppl:  15.5161, duration: 25.8511s
2020-08-10 12:34:02,339 Epoch   9: total training loss 187.82
2020-08-10 12:34:02,339 EPOCH 10
2020-08-10 12:34:03,199 Epoch  10 Step:      900 Batch Loss:     2.048712 Tokens per Sec:     9068, Lr: 0.000200
2020-08-10 12:34:09,750 Epoch  10: total training loss 170.60
2020-08-10 12:34:09,750 EPOCH 11
2020-08-10 12:34:10,660 Epoch  11 Step:     1000 Batch Loss:     1.516938 Tokens per Sec:     8527, Lr: 0.000200
2020-08-10 12:34:23,403 Hooray! New best validation result [ppl]!
2020-08-10 12:34:23,403 Saving new checkpoint.
2020-08-10 12:34:24,758 Example #0
2020-08-10 12:34:24,758 	Raw source:     ['hello', '.']
2020-08-10 12:34:24,758 	Raw hypothesis: ['hallo', ',']
2020-08-10 12:34:24,758 	Source:     hello .
2020-08-10 12:34:24,758 	Reference:  hallo ,
2020-08-10 12:34:24,758 	Hypothesis: hallo ,
2020-08-10 12:34:24,758 Example #1
2020-08-10 12:34:24,758 	Raw source:     ['hi', ',', 'how', 'can', 'i', 'help', 'you', '?']
2020-08-10 12:34:24,758 	Raw hypothesis: ['hallo', ',', 'wie', 'kann', 'ich', 'ihnen', 'helfen', '?']
2020-08-10 12:34:24,758 	Source:     hi , how can i help you ?
2020-08-10 12:34:24,758 	Reference:  hallo , wie kann ich ihnen helfen ?
2020-08-10 12:34:24,758 	Hypothesis: hallo , wie kann ich ihnen helfen ?
2020-08-10 12:34:24,758 Example #2
2020-08-10 12:34:24,759 	Raw source:     ['hi', ',', 'i', '&apos;m', 'looking', 'for', 'a', 'restaurant', 'inside', 'the', 'arden', 'fair', 'mall', 'in', 'san', 'francisco', ',', 'california', '.']
2020-08-10 12:34:24,759 	Raw hypothesis: ['hallo', ',', 'ich', 'suche', 'ein', 'restaurant', 'in', 'san', 'francisco', ',', 'kalifornien', ',', 'kalifornien', ',', 'kalifornien', '.']
2020-08-10 12:34:24,759 	Source:     hi , i &apos;m looking for a restaurant inside the arden fair mall in san francisco , california .
2020-08-10 12:34:24,759 	Reference:  hallo , ich bin auf der suche nach einem restaurant im arden fair einkaufszentrum in san francisco , kalifornien .
2020-08-10 12:34:24,759 	Hypothesis: hallo , ich suche ein restaurant in san francisco , kalifornien , kalifornien , kalifornien .
2020-08-10 12:34:24,759 Example #3
2020-08-10 12:34:24,759 	Raw source:     ['ok', ',', 'what', 'type', 'of', 'restaurant', 'are', 'you', 'looking', 'for', '?']
2020-08-10 12:34:24,759 	Raw hypothesis: ['ok', ',', 'welche', 'art', 'von', 'restaurant', 'für', 'welche', 'art', '?']
2020-08-10 12:34:24,759 	Source:     ok , what type of restaurant are you looking for ?
2020-08-10 12:34:24,759 	Reference:  ok . welche art von restaurant suchen sie denn genau ?
2020-08-10 12:34:24,759 	Hypothesis: ok , welche art von restaurant für welche art ?
2020-08-10 12:34:24,759 Validation result (greedy) at epoch  11, step     1000: bleu:  22.66, loss: 16175.6094, ppl:  12.5214, duration: 14.0988s
2020-08-10 12:34:31,217 Epoch  11: total training loss 151.92
2020-08-10 12:34:31,217 EPOCH 12
2020-08-10 12:34:32,262 Epoch  12 Step:     1100 Batch Loss:     1.323017 Tokens per Sec:     8671, Lr: 0.000200
2020-08-10 12:34:38,653 Epoch  12: total training loss 144.59
2020-08-10 12:34:38,654 EPOCH 13
2020-08-10 12:34:39,716 Epoch  13 Step:     1200 Batch Loss:     1.286146 Tokens per Sec:     9194, Lr: 0.000200
2020-08-10 12:34:54,333 Hooray! New best validation result [ppl]!
2020-08-10 12:34:54,333 Saving new checkpoint.
2020-08-10 12:34:55,656 Example #0
2020-08-10 12:34:55,656 	Raw source:     ['hello', '.']
2020-08-10 12:34:55,656 	Raw hypothesis: ['hallo', '.']
2020-08-10 12:34:55,657 	Source:     hello .
2020-08-10 12:34:55,657 	Reference:  hallo ,
2020-08-10 12:34:55,657 	Hypothesis: hallo .
2020-08-10 12:34:55,657 Example #1
2020-08-10 12:34:55,657 	Raw source:     ['hi', ',', 'how', 'can', 'i', 'help', 'you', '?']
2020-08-10 12:34:55,657 	Raw hypothesis: ['hallo', ',', 'wie', 'kann', 'ich', 'ihnen', 'helfen', '?']
2020-08-10 12:34:55,657 	Source:     hi , how can i help you ?
2020-08-10 12:34:55,657 	Reference:  hallo , wie kann ich ihnen helfen ?
2020-08-10 12:34:55,657 	Hypothesis: hallo , wie kann ich ihnen helfen ?
2020-08-10 12:34:55,657 Example #2
2020-08-10 12:34:55,657 	Raw source:     ['hi', ',', 'i', '&apos;m', 'looking', 'for', 'a', 'restaurant', 'inside', 'the', 'arden', 'fair', 'mall', 'in', 'san', 'francisco', ',', 'california', '.']
2020-08-10 12:34:55,657 	Raw hypothesis: ['hallo', ',', 'ich', 'suche', 'ein', 'restaurant', 'in', 'san', 'francisco', ',', 'kalifornien', ',', 'finden', '.']
2020-08-10 12:34:55,657 	Source:     hi , i &apos;m looking for a restaurant inside the arden fair mall in san francisco , california .
2020-08-10 12:34:55,657 	Reference:  hallo , ich bin auf der suche nach einem restaurant im arden fair einkaufszentrum in san francisco , kalifornien .
2020-08-10 12:34:55,657 	Hypothesis: hallo , ich suche ein restaurant in san francisco , kalifornien , finden .
2020-08-10 12:34:55,657 Example #3
2020-08-10 12:34:55,657 	Raw source:     ['ok', ',', 'what', 'type', 'of', 'restaurant', 'are', 'you', 'looking', 'for', '?']
2020-08-10 12:34:55,658 	Raw hypothesis: ['ok', ',', 'welche', 'art', 'von', 'restaurant', 'suchen', 'sie', '?']
2020-08-10 12:34:55,658 	Source:     ok , what type of restaurant are you looking for ?
2020-08-10 12:34:55,658 	Reference:  ok . welche art von restaurant suchen sie denn genau ?
2020-08-10 12:34:55,658 	Hypothesis: ok , welche art von restaurant suchen sie ?
2020-08-10 12:34:55,658 Validation result (greedy) at epoch  13, step     1200: bleu:  25.40, loss: 15792.6260, ppl:  11.7941, duration: 15.9415s
2020-08-10 12:35:02,093 Epoch  13: total training loss 130.39
2020-08-10 12:35:02,093 EPOCH 14
2020-08-10 12:35:03,170 Epoch  14 Step:     1300 Batch Loss:     0.250912 Tokens per Sec:     8177, Lr: 0.000200
2020-08-10 12:35:09,634 Epoch  14: total training loss 116.48
2020-08-10 12:35:09,634 EPOCH 15
2020-08-10 12:35:10,770 Epoch  15 Step:     1400 Batch Loss:     0.755190 Tokens per Sec:     8535, Lr: 0.000200
2020-08-10 12:35:22,332 Hooray! New best validation result [ppl]!
2020-08-10 12:35:22,332 Saving new checkpoint.
2020-08-10 12:35:23,674 Example #0
2020-08-10 12:35:23,674 	Raw source:     ['hello', '.']
2020-08-10 12:35:23,674 	Raw hypothesis: ['hallo', ',']
2020-08-10 12:35:23,674 	Source:     hello .
2020-08-10 12:35:23,675 	Reference:  hallo ,
2020-08-10 12:35:23,675 	Hypothesis: hallo ,
2020-08-10 12:35:23,675 Example #1
2020-08-10 12:35:23,675 	Raw source:     ['hi', ',', 'how', 'can', 'i', 'help', 'you', '?']
2020-08-10 12:35:23,675 	Raw hypothesis: ['hallo', ',', 'wie', 'kann', 'ich', 'ihnen', 'helfen', '?']
2020-08-10 12:35:23,675 	Source:     hi , how can i help you ?
2020-08-10 12:35:23,675 	Reference:  hallo , wie kann ich ihnen helfen ?
2020-08-10 12:35:23,675 	Hypothesis: hallo , wie kann ich ihnen helfen ?
2020-08-10 12:35:23,675 Example #2
2020-08-10 12:35:23,675 	Raw source:     ['hi', ',', 'i', '&apos;m', 'looking', 'for', 'a', 'restaurant', 'inside', 'the', 'arden', 'fair', 'mall', 'in', 'san', 'francisco', ',', 'california', '.']
2020-08-10 12:35:23,675 	Raw hypothesis: ['hallo', ',', 'ich', 'suche', 'ein', 'restaurant', 'in', 'san', 'francisco', ',', 'kalifornien', '.']
2020-08-10 12:35:23,675 	Source:     hi , i &apos;m looking for a restaurant inside the arden fair mall in san francisco , california .
2020-08-10 12:35:23,675 	Reference:  hallo , ich bin auf der suche nach einem restaurant im arden fair einkaufszentrum in san francisco , kalifornien .
2020-08-10 12:35:23,675 	Hypothesis: hallo , ich suche ein restaurant in san francisco , kalifornien .
2020-08-10 12:35:23,675 Example #3
2020-08-10 12:35:23,675 	Raw source:     ['ok', ',', 'what', 'type', 'of', 'restaurant', 'are', 'you', 'looking', 'for', '?']
2020-08-10 12:35:23,675 	Raw hypothesis: ['ok', ',', 'nach', 'welcher', 'art', 'von', 'restaurant', 'suchen', 'sie', '?']
2020-08-10 12:35:23,675 	Source:     ok , what type of restaurant are you looking for ?
2020-08-10 12:35:23,676 	Reference:  ok . welche art von restaurant suchen sie denn genau ?
2020-08-10 12:35:23,676 	Hypothesis: ok , nach welcher art von restaurant suchen sie ?
2020-08-10 12:35:23,676 Validation result (greedy) at epoch  15, step     1400: bleu:  29.42, loss: 15655.3418, ppl:  11.5438, duration: 12.9049s
2020-08-10 12:35:29,974 Epoch  15: total training loss 99.02
2020-08-10 12:35:29,974 EPOCH 16
2020-08-10 12:35:31,280 Epoch  16 Step:     1500 Batch Loss:     1.505869 Tokens per Sec:     8292, Lr: 0.000200
2020-08-10 12:35:37,366 Epoch  16: total training loss 89.49
2020-08-10 12:35:37,366 EPOCH 17
2020-08-10 12:35:38,698 Epoch  17 Step:     1600 Batch Loss:     0.529517 Tokens per Sec:     8581, Lr: 0.000200
2020-08-10 12:35:52,311 Example #0
2020-08-10 12:35:52,311 	Raw source:     ['hello', '.']
2020-08-10 12:35:52,311 	Raw hypothesis: ['hallo', '.']
2020-08-10 12:35:52,311 	Source:     hello .
2020-08-10 12:35:52,311 	Reference:  hallo ,
2020-08-10 12:35:52,311 	Hypothesis: hallo .
2020-08-10 12:35:52,311 Example #1
2020-08-10 12:35:52,311 	Raw source:     ['hi', ',', 'how', 'can', 'i', 'help', 'you', '?']
2020-08-10 12:35:52,311 	Raw hypothesis: ['hallo', ',', 'wie', 'kann', 'ich', 'ihnen', 'helfen', '?']
2020-08-10 12:35:52,311 	Source:     hi , how can i help you ?
2020-08-10 12:35:52,311 	Reference:  hallo , wie kann ich ihnen helfen ?
2020-08-10 12:35:52,311 	Hypothesis: hallo , wie kann ich ihnen helfen ?
2020-08-10 12:35:52,311 Example #2
2020-08-10 12:35:52,311 	Raw source:     ['hi', ',', 'i', '&apos;m', 'looking', 'for', 'a', 'restaurant', 'inside', 'the', 'arden', 'fair', 'mall', 'in', 'san', 'francisco', ',', 'california', '.']
2020-08-10 12:35:52,311 	Raw hypothesis: ['hallo', ',', 'ich', 'suche', 'ein', 'paar', 'optionen', 'für', 'mich', 'in', 'san', 'francisco', ',', 'kalifornien', '.']
2020-08-10 12:35:52,311 	Source:     hi , i &apos;m looking for a restaurant inside the arden fair mall in san francisco , california .
2020-08-10 12:35:52,311 	Reference:  hallo , ich bin auf der suche nach einem restaurant im arden fair einkaufszentrum in san francisco , kalifornien .
2020-08-10 12:35:52,311 	Hypothesis: hallo , ich suche ein paar optionen für mich in san francisco , kalifornien .
2020-08-10 12:35:52,311 Example #3
2020-08-10 12:35:52,311 	Raw source:     ['ok', ',', 'what', 'type', 'of', 'restaurant', 'are', 'you', 'looking', 'for', '?']
2020-08-10 12:35:52,311 	Raw hypothesis: ['ok', ',', 'welche', 'art', 'von', 'restaurant', 'suchen', 'sie', '?']
2020-08-10 12:35:52,311 	Source:     ok , what type of restaurant are you looking for ?
2020-08-10 12:35:52,312 	Reference:  ok . welche art von restaurant suchen sie denn genau ?
2020-08-10 12:35:52,312 	Hypothesis: ok , welche art von restaurant suchen sie ?
2020-08-10 12:35:52,312 Validation result (greedy) at epoch  17, step     1600: bleu:  27.68, loss: 15724.7979, ppl:  11.6697, duration: 13.6130s
2020-08-10 12:35:58,366 Epoch  17: total training loss 81.00
2020-08-10 12:35:58,367 EPOCH 18
2020-08-10 12:35:59,782 Epoch  18 Step:     1700 Batch Loss:     0.515400 Tokens per Sec:     8959, Lr: 0.000200
2020-08-10 12:36:05,700 Epoch  18: total training loss 71.00
2020-08-10 12:36:05,700 EPOCH 19
2020-08-10 12:36:07,206 Epoch  19 Step:     1800 Batch Loss:     1.031583 Tokens per Sec:     8789, Lr: 0.000200
2020-08-10 12:36:18,768 Hooray! New best validation result [ppl]!
2020-08-10 12:36:18,769 Saving new checkpoint.
2020-08-10 12:36:20,129 Example #0
2020-08-10 12:36:20,129 	Raw source:     ['hello', '.']
2020-08-10 12:36:20,129 	Raw hypothesis: ['hallo', ',']
2020-08-10 12:36:20,129 	Source:     hello .
2020-08-10 12:36:20,129 	Reference:  hallo ,
2020-08-10 12:36:20,129 	Hypothesis: hallo ,
2020-08-10 12:36:20,129 Example #1
2020-08-10 12:36:20,129 	Raw source:     ['hi', ',', 'how', 'can', 'i', 'help', 'you', '?']
2020-08-10 12:36:20,129 	Raw hypothesis: ['hallo', ',', 'wie', 'kann', 'ich', 'ihnen', 'helfen', '?']
2020-08-10 12:36:20,129 	Source:     hi , how can i help you ?
2020-08-10 12:36:20,129 	Reference:  hallo , wie kann ich ihnen helfen ?
2020-08-10 12:36:20,129 	Hypothesis: hallo , wie kann ich ihnen helfen ?
2020-08-10 12:36:20,130 Example #2
2020-08-10 12:36:20,130 	Raw source:     ['hi', ',', 'i', '&apos;m', 'looking', 'for', 'a', 'restaurant', 'inside', 'the', 'arden', 'fair', 'mall', 'in', 'san', 'francisco', ',', 'california', '.']
2020-08-10 12:36:20,130 	Raw hypothesis: ['hallo', ',', 'ich', 'suche', 'ein', 'paar', 'restaurants', 'in', 'der', 'arden', 'fair', 'mall', '.']
2020-08-10 12:36:20,130 	Source:     hi , i &apos;m looking for a restaurant inside the arden fair mall in san francisco , california .
2020-08-10 12:36:20,130 	Reference:  hallo , ich bin auf der suche nach einem restaurant im arden fair einkaufszentrum in san francisco , kalifornien .
2020-08-10 12:36:20,130 	Hypothesis: hallo , ich suche ein paar restaurants in der arden fair mall .
2020-08-10 12:36:20,130 Example #3
2020-08-10 12:36:20,130 	Raw source:     ['ok', ',', 'what', 'type', 'of', 'restaurant', 'are', 'you', 'looking', 'for', '?']
2020-08-10 12:36:20,130 	Raw hypothesis: ['ok', ',', 'nach', 'welcher', 'art', 'von', 'restaurant', 'suchen', 'sie', '?']
2020-08-10 12:36:20,130 	Source:     ok , what type of restaurant are you looking for ?
2020-08-10 12:36:20,130 	Reference:  ok . welche art von restaurant suchen sie denn genau ?
2020-08-10 12:36:20,130 	Hypothesis: ok , nach welcher art von restaurant suchen sie ?
2020-08-10 12:36:20,130 Validation result (greedy) at epoch  19, step     1800: bleu:  29.62, loss: 15648.0146, ppl:  11.5306, duration: 12.9240s
2020-08-10 12:36:25,969 Epoch  19: total training loss 63.66
2020-08-10 12:36:25,969 EPOCH 20
2020-08-10 12:36:27,630 Epoch  20 Step:     1900 Batch Loss:     0.687332 Tokens per Sec:     8633, Lr: 0.000200
2020-08-10 12:36:33,443 Epoch  20: total training loss 58.84
2020-08-10 12:36:33,443 Training ended after  20 epochs.
2020-08-10 12:36:33,444 Best validation result (greedy) at step     1800:  11.53 ppl.
