2020-08-10 03:28:21,060 Hello! This is Joey-NMT.
2020-08-10 03:28:22,376 Total params: 9944832
2020-08-10 03:28:22,377 Trainable parameters: ['decoder.layer_norm.bias', 'decoder.layer_norm.weight', 'decoder.layers.0.dec_layer_norm.bias', 'decoder.layers.0.dec_layer_norm.weight', 'decoder.layers.0.feed_forward.layer_norm.bias', 'decoder.layers.0.feed_forward.layer_norm.weight', 'decoder.layers.0.feed_forward.pwff_layer.0.bias', 'decoder.layers.0.feed_forward.pwff_layer.0.weight', 'decoder.layers.0.feed_forward.pwff_layer.3.bias', 'decoder.layers.0.feed_forward.pwff_layer.3.weight', 'decoder.layers.0.src_trg_att.k_layer.bias', 'decoder.layers.0.src_trg_att.k_layer.weight', 'decoder.layers.0.src_trg_att.output_layer.bias', 'decoder.layers.0.src_trg_att.output_layer.weight', 'decoder.layers.0.src_trg_att.q_layer.bias', 'decoder.layers.0.src_trg_att.q_layer.weight', 'decoder.layers.0.src_trg_att.v_layer.bias', 'decoder.layers.0.src_trg_att.v_layer.weight', 'decoder.layers.0.trg_trg_att.k_layer.bias', 'decoder.layers.0.trg_trg_att.k_layer.weight', 'decoder.layers.0.trg_trg_att.output_layer.bias', 'decoder.layers.0.trg_trg_att.output_layer.weight', 'decoder.layers.0.trg_trg_att.q_layer.bias', 'decoder.layers.0.trg_trg_att.q_layer.weight', 'decoder.layers.0.trg_trg_att.v_layer.bias', 'decoder.layers.0.trg_trg_att.v_layer.weight', 'decoder.layers.0.x_layer_norm.bias', 'decoder.layers.0.x_layer_norm.weight', 'decoder.layers.1.dec_layer_norm.bias', 'decoder.layers.1.dec_layer_norm.weight', 'decoder.layers.1.feed_forward.layer_norm.bias', 'decoder.layers.1.feed_forward.layer_norm.weight', 'decoder.layers.1.feed_forward.pwff_layer.0.bias', 'decoder.layers.1.feed_forward.pwff_layer.0.weight', 'decoder.layers.1.feed_forward.pwff_layer.3.bias', 'decoder.layers.1.feed_forward.pwff_layer.3.weight', 'decoder.layers.1.src_trg_att.k_layer.bias', 'decoder.layers.1.src_trg_att.k_layer.weight', 'decoder.layers.1.src_trg_att.output_layer.bias', 'decoder.layers.1.src_trg_att.output_layer.weight', 'decoder.layers.1.src_trg_att.q_layer.bias', 'decoder.layers.1.src_trg_att.q_layer.weight', 'decoder.layers.1.src_trg_att.v_layer.bias', 'decoder.layers.1.src_trg_att.v_layer.weight', 'decoder.layers.1.trg_trg_att.k_layer.bias', 'decoder.layers.1.trg_trg_att.k_layer.weight', 'decoder.layers.1.trg_trg_att.output_layer.bias', 'decoder.layers.1.trg_trg_att.output_layer.weight', 'decoder.layers.1.trg_trg_att.q_layer.bias', 'decoder.layers.1.trg_trg_att.q_layer.weight', 'decoder.layers.1.trg_trg_att.v_layer.bias', 'decoder.layers.1.trg_trg_att.v_layer.weight', 'decoder.layers.1.x_layer_norm.bias', 'decoder.layers.1.x_layer_norm.weight', 'decoder.layers.2.dec_layer_norm.bias', 'decoder.layers.2.dec_layer_norm.weight', 'decoder.layers.2.feed_forward.layer_norm.bias', 'decoder.layers.2.feed_forward.layer_norm.weight', 'decoder.layers.2.feed_forward.pwff_layer.0.bias', 'decoder.layers.2.feed_forward.pwff_layer.0.weight', 'decoder.layers.2.feed_forward.pwff_layer.3.bias', 'decoder.layers.2.feed_forward.pwff_layer.3.weight', 'decoder.layers.2.src_trg_att.k_layer.bias', 'decoder.layers.2.src_trg_att.k_layer.weight', 'decoder.layers.2.src_trg_att.output_layer.bias', 'decoder.layers.2.src_trg_att.output_layer.weight', 'decoder.layers.2.src_trg_att.q_layer.bias', 'decoder.layers.2.src_trg_att.q_layer.weight', 'decoder.layers.2.src_trg_att.v_layer.bias', 'decoder.layers.2.src_trg_att.v_layer.weight', 'decoder.layers.2.trg_trg_att.k_layer.bias', 'decoder.layers.2.trg_trg_att.k_layer.weight', 'decoder.layers.2.trg_trg_att.output_layer.bias', 'decoder.layers.2.trg_trg_att.output_layer.weight', 'decoder.layers.2.trg_trg_att.q_layer.bias', 'decoder.layers.2.trg_trg_att.q_layer.weight', 'decoder.layers.2.trg_trg_att.v_layer.bias', 'decoder.layers.2.trg_trg_att.v_layer.weight', 'decoder.layers.2.x_layer_norm.bias', 'decoder.layers.2.x_layer_norm.weight', 'decoder.layers.3.dec_layer_norm.bias', 'decoder.layers.3.dec_layer_norm.weight', 'decoder.layers.3.feed_forward.layer_norm.bias', 'decoder.layers.3.feed_forward.layer_norm.weight', 'decoder.layers.3.feed_forward.pwff_layer.0.bias', 'decoder.layers.3.feed_forward.pwff_layer.0.weight', 'decoder.layers.3.feed_forward.pwff_layer.3.bias', 'decoder.layers.3.feed_forward.pwff_layer.3.weight', 'decoder.layers.3.src_trg_att.k_layer.bias', 'decoder.layers.3.src_trg_att.k_layer.weight', 'decoder.layers.3.src_trg_att.output_layer.bias', 'decoder.layers.3.src_trg_att.output_layer.weight', 'decoder.layers.3.src_trg_att.q_layer.bias', 'decoder.layers.3.src_trg_att.q_layer.weight', 'decoder.layers.3.src_trg_att.v_layer.bias', 'decoder.layers.3.src_trg_att.v_layer.weight', 'decoder.layers.3.trg_trg_att.k_layer.bias', 'decoder.layers.3.trg_trg_att.k_layer.weight', 'decoder.layers.3.trg_trg_att.output_layer.bias', 'decoder.layers.3.trg_trg_att.output_layer.weight', 'decoder.layers.3.trg_trg_att.q_layer.bias', 'decoder.layers.3.trg_trg_att.q_layer.weight', 'decoder.layers.3.trg_trg_att.v_layer.bias', 'decoder.layers.3.trg_trg_att.v_layer.weight', 'decoder.layers.3.x_layer_norm.bias', 'decoder.layers.3.x_layer_norm.weight', 'decoder.layers.4.dec_layer_norm.bias', 'decoder.layers.4.dec_layer_norm.weight', 'decoder.layers.4.feed_forward.layer_norm.bias', 'decoder.layers.4.feed_forward.layer_norm.weight', 'decoder.layers.4.feed_forward.pwff_layer.0.bias', 'decoder.layers.4.feed_forward.pwff_layer.0.weight', 'decoder.layers.4.feed_forward.pwff_layer.3.bias', 'decoder.layers.4.feed_forward.pwff_layer.3.weight', 'decoder.layers.4.src_trg_att.k_layer.bias', 'decoder.layers.4.src_trg_att.k_layer.weight', 'decoder.layers.4.src_trg_att.output_layer.bias', 'decoder.layers.4.src_trg_att.output_layer.weight', 'decoder.layers.4.src_trg_att.q_layer.bias', 'decoder.layers.4.src_trg_att.q_layer.weight', 'decoder.layers.4.src_trg_att.v_layer.bias', 'decoder.layers.4.src_trg_att.v_layer.weight', 'decoder.layers.4.trg_trg_att.k_layer.bias', 'decoder.layers.4.trg_trg_att.k_layer.weight', 'decoder.layers.4.trg_trg_att.output_layer.bias', 'decoder.layers.4.trg_trg_att.output_layer.weight', 'decoder.layers.4.trg_trg_att.q_layer.bias', 'decoder.layers.4.trg_trg_att.q_layer.weight', 'decoder.layers.4.trg_trg_att.v_layer.bias', 'decoder.layers.4.trg_trg_att.v_layer.weight', 'decoder.layers.4.x_layer_norm.bias', 'decoder.layers.4.x_layer_norm.weight', 'decoder.layers.5.dec_layer_norm.bias', 'decoder.layers.5.dec_layer_norm.weight', 'decoder.layers.5.feed_forward.layer_norm.bias', 'decoder.layers.5.feed_forward.layer_norm.weight', 'decoder.layers.5.feed_forward.pwff_layer.0.bias', 'decoder.layers.5.feed_forward.pwff_layer.0.weight', 'decoder.layers.5.feed_forward.pwff_layer.3.bias', 'decoder.layers.5.feed_forward.pwff_layer.3.weight', 'decoder.layers.5.src_trg_att.k_layer.bias', 'decoder.layers.5.src_trg_att.k_layer.weight', 'decoder.layers.5.src_trg_att.output_layer.bias', 'decoder.layers.5.src_trg_att.output_layer.weight', 'decoder.layers.5.src_trg_att.q_layer.bias', 'decoder.layers.5.src_trg_att.q_layer.weight', 'decoder.layers.5.src_trg_att.v_layer.bias', 'decoder.layers.5.src_trg_att.v_layer.weight', 'decoder.layers.5.trg_trg_att.k_layer.bias', 'decoder.layers.5.trg_trg_att.k_layer.weight', 'decoder.layers.5.trg_trg_att.output_layer.bias', 'decoder.layers.5.trg_trg_att.output_layer.weight', 'decoder.layers.5.trg_trg_att.q_layer.bias', 'decoder.layers.5.trg_trg_att.q_layer.weight', 'decoder.layers.5.trg_trg_att.v_layer.bias', 'decoder.layers.5.trg_trg_att.v_layer.weight', 'decoder.layers.5.x_layer_norm.bias', 'decoder.layers.5.x_layer_norm.weight', 'encoder.layer_norm.bias', 'encoder.layer_norm.weight', 'encoder.layers.0.feed_forward.layer_norm.bias', 'encoder.layers.0.feed_forward.layer_norm.weight', 'encoder.layers.0.feed_forward.pwff_layer.0.bias', 'encoder.layers.0.feed_forward.pwff_layer.0.weight', 'encoder.layers.0.feed_forward.pwff_layer.3.bias', 'encoder.layers.0.feed_forward.pwff_layer.3.weight', 'encoder.layers.0.layer_norm.bias', 'encoder.layers.0.layer_norm.weight', 'encoder.layers.0.src_src_att.k_layer.bias', 'encoder.layers.0.src_src_att.k_layer.weight', 'encoder.layers.0.src_src_att.output_layer.bias', 'encoder.layers.0.src_src_att.output_layer.weight', 'encoder.layers.0.src_src_att.q_layer.bias', 'encoder.layers.0.src_src_att.q_layer.weight', 'encoder.layers.0.src_src_att.v_layer.bias', 'encoder.layers.0.src_src_att.v_layer.weight', 'encoder.layers.1.feed_forward.layer_norm.bias', 'encoder.layers.1.feed_forward.layer_norm.weight', 'encoder.layers.1.feed_forward.pwff_layer.0.bias', 'encoder.layers.1.feed_forward.pwff_layer.0.weight', 'encoder.layers.1.feed_forward.pwff_layer.3.bias', 'encoder.layers.1.feed_forward.pwff_layer.3.weight', 'encoder.layers.1.layer_norm.bias', 'encoder.layers.1.layer_norm.weight', 'encoder.layers.1.src_src_att.k_layer.bias', 'encoder.layers.1.src_src_att.k_layer.weight', 'encoder.layers.1.src_src_att.output_layer.bias', 'encoder.layers.1.src_src_att.output_layer.weight', 'encoder.layers.1.src_src_att.q_layer.bias', 'encoder.layers.1.src_src_att.q_layer.weight', 'encoder.layers.1.src_src_att.v_layer.bias', 'encoder.layers.1.src_src_att.v_layer.weight', 'encoder.layers.2.feed_forward.layer_norm.bias', 'encoder.layers.2.feed_forward.layer_norm.weight', 'encoder.layers.2.feed_forward.pwff_layer.0.bias', 'encoder.layers.2.feed_forward.pwff_layer.0.weight', 'encoder.layers.2.feed_forward.pwff_layer.3.bias', 'encoder.layers.2.feed_forward.pwff_layer.3.weight', 'encoder.layers.2.layer_norm.bias', 'encoder.layers.2.layer_norm.weight', 'encoder.layers.2.src_src_att.k_layer.bias', 'encoder.layers.2.src_src_att.k_layer.weight', 'encoder.layers.2.src_src_att.output_layer.bias', 'encoder.layers.2.src_src_att.output_layer.weight', 'encoder.layers.2.src_src_att.q_layer.bias', 'encoder.layers.2.src_src_att.q_layer.weight', 'encoder.layers.2.src_src_att.v_layer.bias', 'encoder.layers.2.src_src_att.v_layer.weight', 'encoder.layers.3.feed_forward.layer_norm.bias', 'encoder.layers.3.feed_forward.layer_norm.weight', 'encoder.layers.3.feed_forward.pwff_layer.0.bias', 'encoder.layers.3.feed_forward.pwff_layer.0.weight', 'encoder.layers.3.feed_forward.pwff_layer.3.bias', 'encoder.layers.3.feed_forward.pwff_layer.3.weight', 'encoder.layers.3.layer_norm.bias', 'encoder.layers.3.layer_norm.weight', 'encoder.layers.3.src_src_att.k_layer.bias', 'encoder.layers.3.src_src_att.k_layer.weight', 'encoder.layers.3.src_src_att.output_layer.bias', 'encoder.layers.3.src_src_att.output_layer.weight', 'encoder.layers.3.src_src_att.q_layer.bias', 'encoder.layers.3.src_src_att.q_layer.weight', 'encoder.layers.3.src_src_att.v_layer.bias', 'encoder.layers.3.src_src_att.v_layer.weight', 'encoder.layers.4.feed_forward.layer_norm.bias', 'encoder.layers.4.feed_forward.layer_norm.weight', 'encoder.layers.4.feed_forward.pwff_layer.0.bias', 'encoder.layers.4.feed_forward.pwff_layer.0.weight', 'encoder.layers.4.feed_forward.pwff_layer.3.bias', 'encoder.layers.4.feed_forward.pwff_layer.3.weight', 'encoder.layers.4.layer_norm.bias', 'encoder.layers.4.layer_norm.weight', 'encoder.layers.4.src_src_att.k_layer.bias', 'encoder.layers.4.src_src_att.k_layer.weight', 'encoder.layers.4.src_src_att.output_layer.bias', 'encoder.layers.4.src_src_att.output_layer.weight', 'encoder.layers.4.src_src_att.q_layer.bias', 'encoder.layers.4.src_src_att.q_layer.weight', 'encoder.layers.4.src_src_att.v_layer.bias', 'encoder.layers.4.src_src_att.v_layer.weight', 'encoder.layers.5.feed_forward.layer_norm.bias', 'encoder.layers.5.feed_forward.layer_norm.weight', 'encoder.layers.5.feed_forward.pwff_layer.0.bias', 'encoder.layers.5.feed_forward.pwff_layer.0.weight', 'encoder.layers.5.feed_forward.pwff_layer.3.bias', 'encoder.layers.5.feed_forward.pwff_layer.3.weight', 'encoder.layers.5.layer_norm.bias', 'encoder.layers.5.layer_norm.weight', 'encoder.layers.5.src_src_att.k_layer.bias', 'encoder.layers.5.src_src_att.k_layer.weight', 'encoder.layers.5.src_src_att.output_layer.bias', 'encoder.layers.5.src_src_att.output_layer.weight', 'encoder.layers.5.src_src_att.q_layer.bias', 'encoder.layers.5.src_src_att.q_layer.weight', 'encoder.layers.5.src_src_att.v_layer.bias', 'encoder.layers.5.src_src_att.v_layer.weight', 'src_embed.lut.weight', 'trg_embed.lut.weight']
2020-08-10 03:28:26,048 cfg.data.dev                       : chatnmt/multi_encoder/dev_subset.tags.bpe.10000
2020-08-10 03:28:26,048 cfg.data.level                     : bpe
2020-08-10 03:28:26,048 cfg.data.lowercase                 : False
2020-08-10 03:28:26,048 cfg.data.max_sent_length           : 100
2020-08-10 03:28:26,048 cfg.data.src                       : en
2020-08-10 03:28:26,048 cfg.data.test                      : chatnmt/multi_encoder/test.tags.bpe.10000
2020-08-10 03:28:26,048 cfg.data.train                     : chatnmt/multi_encoder/train_subset.tags.bpe.10000
2020-08-10 03:28:26,048 cfg.data.trg                       : de
2020-08-10 03:28:26,048 cfg.model.bias_initializer         : zeros
2020-08-10 03:28:26,048 cfg.model.decoder.dropout          : 0.1
2020-08-10 03:28:26,048 cfg.model.decoder.embeddings.dropout : 0.0
2020-08-10 03:28:26,048 cfg.model.decoder.embeddings.embedding_dim : 256
2020-08-10 03:28:26,048 cfg.model.decoder.embeddings.scale : True
2020-08-10 03:28:26,048 cfg.model.decoder.ff_size          : 512
2020-08-10 03:28:26,049 cfg.model.decoder.freeze           : False
2020-08-10 03:28:26,049 cfg.model.decoder.hidden_size      : 256
2020-08-10 03:28:26,049 cfg.model.decoder.num_heads        : 16
2020-08-10 03:28:26,049 cfg.model.decoder.num_layers       : 6
2020-08-10 03:28:26,049 cfg.model.decoder.type             : transformer
2020-08-10 03:28:26,049 cfg.model.embed_init_gain          : 1.0
2020-08-10 03:28:26,049 cfg.model.embed_initializer        : xavier
2020-08-10 03:28:26,049 cfg.model.encoder.dropout          : 0.3
2020-08-10 03:28:26,049 cfg.model.encoder.embeddings.dropout : 0.0
2020-08-10 03:28:26,049 cfg.model.encoder.embeddings.embedding_dim : 256
2020-08-10 03:28:26,049 cfg.model.encoder.embeddings.scale : True
2020-08-10 03:28:26,049 cfg.model.encoder.ff_size          : 512
2020-08-10 03:28:26,049 cfg.model.encoder.freeze           : False
2020-08-10 03:28:26,049 cfg.model.encoder.hidden_size      : 256
2020-08-10 03:28:26,049 cfg.model.encoder.multi_encoder    : False
2020-08-10 03:28:26,049 cfg.model.encoder.num_heads        : 16
2020-08-10 03:28:26,049 cfg.model.encoder.num_layers       : 6
2020-08-10 03:28:26,049 cfg.model.encoder.type             : transformer
2020-08-10 03:28:26,049 cfg.model.init_gain                : 1.0
2020-08-10 03:28:26,049 cfg.model.initializer              : xavier
2020-08-10 03:28:26,049 cfg.model.tied_embeddings          : False
2020-08-10 03:28:26,049 cfg.model.tied_softmax             : True
2020-08-10 03:28:26,049 cfg.name                           : transformer
2020-08-10 03:28:26,049 cfg.testing.alpha                  : 1.0
2020-08-10 03:28:26,049 cfg.testing.beam_size              : 5
2020-08-10 03:28:26,049 cfg.training.adam_betas            : [0.9, 0.999]
2020-08-10 03:28:26,049 cfg.training.batch_multiplier      : 1
2020-08-10 03:28:26,049 cfg.training.batch_size            : 512
2020-08-10 03:28:26,049 cfg.training.batch_type            : token
2020-08-10 03:28:26,050 cfg.training.decrease_factor       : 0.7
2020-08-10 03:28:26,050 cfg.training.early_stopping_metric : ppl
2020-08-10 03:28:26,050 cfg.training.epochs                : 20
2020-08-10 03:28:26,050 cfg.training.eval_metric           : bleu
2020-08-10 03:28:26,050 cfg.training.keep_last_ckpts       : 3
2020-08-10 03:28:26,050 cfg.training.label_smoothing       : 0.1
2020-08-10 03:28:26,050 cfg.training.learning_rate         : 0.0002
2020-08-10 03:28:26,050 cfg.training.learning_rate_min     : 1e-08
2020-08-10 03:28:26,050 cfg.training.logging_freq          : 100
2020-08-10 03:28:26,050 cfg.training.loss                  : crossentropy
2020-08-10 03:28:26,050 cfg.training.max_output_length     : 100
2020-08-10 03:28:26,050 cfg.training.model_dir             : models/viznet/attempt3/16_16_0.3_256_256_512_8_10
2020-08-10 03:28:26,050 cfg.training.normalization         : tokens
2020-08-10 03:28:26,050 cfg.training.optimizer             : adam
2020-08-10 03:28:26,050 cfg.training.overwrite             : True
2020-08-10 03:28:26,050 cfg.training.patience              : 8
2020-08-10 03:28:26,050 cfg.training.print_valid_sents     : [0, 1, 2, 3]
2020-08-10 03:28:26,050 cfg.training.random_seed           : 42
2020-08-10 03:28:26,050 cfg.training.scheduling            : plateau
2020-08-10 03:28:26,050 cfg.training.shuffle               : True
2020-08-10 03:28:26,050 cfg.training.use_cuda              : True
2020-08-10 03:28:26,050 cfg.training.validation_freq       : 200
2020-08-10 03:28:26,050 cfg.training.weight_decay          : 0.0
2020-08-10 03:28:26,050 Data set sizes: 
	train 5000,
	valid 500,
	test 1220
2020-08-10 03:28:26,050 First training example:
	[SRC] hi there ! how can i help ?
	[TRG] hallo ! wie kann ich helfen ?
2020-08-10 03:28:26,050 First 10 words (src): (0) <unk> (1) <pad> (2) <s> (3) </s> (4) . (5) , (6) ? (7) you (8) i (9) the
2020-08-10 03:28:26,051 First 10 words (trg): (0) <unk> (1) <pad> (2) <s> (3) </s> (4) . (5) , (6) ? (7) sie (8) ich (9) das
2020-08-10 03:28:26,051 Number of Src words (types): 3468
2020-08-10 03:28:26,051 Number of Trg words (types): 4487
2020-08-10 03:28:26,051 Model(
	encoder=TransformerEncoder(num_layers=6, num_heads=16),
	decoder=TransformerDecoder(num_layers=6, num_heads=16),
	src_embed=Embeddings(embedding_dim=256, vocab_size=3468),
	trg_embed=Embeddings(embedding_dim=256, vocab_size=4487))
2020-08-10 03:28:26,056 EPOCH 1
2020-08-10 03:28:31,739 Epoch   1 Step:      100 Batch Loss:     4.490940 Tokens per Sec:     6040, Lr: 0.000200
2020-08-10 03:28:36,653 Epoch   1: total training loss 970.85
2020-08-10 03:28:36,653 EPOCH 2
2020-08-10 03:28:37,390 Epoch   2 Step:      200 Batch Loss:     3.844289 Tokens per Sec:     5919, Lr: 0.000200
2020-08-10 03:29:03,006 Hooray! New best validation result [ppl]!
2020-08-10 03:29:03,006 Saving new checkpoint.
2020-08-10 03:29:03,278 Example #0
2020-08-10 03:29:03,278 	Raw source:     ['hello', '.']
2020-08-10 03:29:03,278 	Raw hypothesis: ['ja', '.']
2020-08-10 03:29:03,278 	Source:     hello .
2020-08-10 03:29:03,278 	Reference:  hallo ,
2020-08-10 03:29:03,278 	Hypothesis: ja .
2020-08-10 03:29:03,278 Example #1
2020-08-10 03:29:03,278 	Raw source:     ['hi', ',', 'how', 'can', 'i', 'help', 'you', '?']
2020-08-10 03:29:03,278 	Raw hypothesis: ['ich', 'ich', 'ich', 'sie', '?']
2020-08-10 03:29:03,278 	Source:     hi , how can i help you ?
2020-08-10 03:29:03,278 	Reference:  hallo , wie kann ich ihnen helfen ?
2020-08-10 03:29:03,278 	Hypothesis: ich ich ich sie ?
2020-08-10 03:29:03,278 Example #2
2020-08-10 03:29:03,278 	Raw source:     ['hi', ',', 'i', '&apos;m', 'looking', 'for', 'a', 'restaurant', 'inside', 'the', 'arden', 'fair', 'mall', 'in', 'san', 'francisco', ',', 'california', '.']
2020-08-10 03:29:03,278 	Raw hypothesis: ['ich', 'ich', 'ich', 'ich', 'ich', 'ich', 'ich', ',', 'ich', 'ich', 'ich', 'ich', 'ich', 'ich', 'ich', 'ich', 'ich', 'ich', 'ich', 'ich', 'ich', 'ich', 'ich', 'ich', 'ich', 'ich', 'ich', 'ich', 'ich', 'ich', 'ich', 'ich', 'ich', 'ich', 'ich', 'ich', 'ich', 'ich', 'ich', 'ich', 'ich', 'ich', 'ich', 'ich', 'ich', 'ich', 'ich', 'ich', 'ich', 'ich', 'ich', 'ich', 'ich', 'ich', 'ich', 'ich', 'ich', 'ich', 'ich', 'ich', 'ich', 'ich', 'ich', 'ich', 'ich', 'ich', 'ich', 'ich', 'ich', 'ich', 'ich', 'ich', 'ich', 'ich', 'ich', 'ich', 'ich', 'ich', 'ich', 'ich', 'ich', 'ich', 'ich', 'ich', 'ich', 'ich', 'ich', 'ich', 'ich', 'ich', 'ich', 'ich', 'ich', 'ich', 'ich', 'ich', 'ich', 'ich', 'ich', 'ich']
2020-08-10 03:29:03,278 	Source:     hi , i &apos;m looking for a restaurant inside the arden fair mall in san francisco , california .
2020-08-10 03:29:03,278 	Reference:  hallo , ich bin auf der suche nach einem restaurant im arden fair einkaufszentrum in san francisco , kalifornien .
2020-08-10 03:29:03,278 	Hypothesis: ich ich ich ich ich ich ich , ich ich ich ich ich ich ich ich ich ich ich ich ich ich ich ich ich ich ich ich ich ich ich ich ich ich ich ich ich ich ich ich ich ich ich ich ich ich ich ich ich ich ich ich ich ich ich ich ich ich ich ich ich ich ich ich ich ich ich ich ich ich ich ich ich ich ich ich ich ich ich ich ich ich ich ich ich ich ich ich ich ich ich ich ich ich ich ich ich ich ich ich
2020-08-10 03:29:03,278 Example #3
2020-08-10 03:29:03,278 	Raw source:     ['ok', ',', 'what', 'type', 'of', 'restaurant', 'are', 'you', 'looking', 'for', '?']
2020-08-10 03:29:03,278 	Raw hypothesis: ['ich', ',', 'ich', 'sie', 'sie', 'sie', 'sie', '?']
2020-08-10 03:29:03,278 	Source:     ok , what type of restaurant are you looking for ?
2020-08-10 03:29:03,279 	Reference:  ok . welche art von restaurant suchen sie denn genau ?
2020-08-10 03:29:03,279 	Hypothesis: ich , ich sie sie sie sie ?
2020-08-10 03:29:03,279 Validation result (greedy) at epoch   2, step      200: bleu:   0.00, loss: 30077.5098, ppl: 109.9044, duration: 25.8888s
2020-08-10 03:29:09,015 Epoch   2 Step:      300 Batch Loss:     3.617152 Tokens per Sec:     5973, Lr: 0.000200
2020-08-10 03:29:13,386 Epoch   2: total training loss 824.50
2020-08-10 03:29:13,386 EPOCH 3
2020-08-10 03:29:14,713 Epoch   3 Step:      400 Batch Loss:     4.634222 Tokens per Sec:     6073, Lr: 0.000200
2020-08-10 03:29:40,542 Hooray! New best validation result [ppl]!
2020-08-10 03:29:40,542 Saving new checkpoint.
2020-08-10 03:29:40,822 Example #0
2020-08-10 03:29:40,822 	Raw source:     ['hello', '.']
2020-08-10 03:29:40,822 	Raw hypothesis: ['ja', '.']
2020-08-10 03:29:40,822 	Source:     hello .
2020-08-10 03:29:40,822 	Reference:  hallo ,
2020-08-10 03:29:40,822 	Hypothesis: ja .
2020-08-10 03:29:40,822 Example #1
2020-08-10 03:29:40,822 	Raw source:     ['hi', ',', 'how', 'can', 'i', 'help', 'you', '?']
2020-08-10 03:29:40,822 	Raw hypothesis: ['hallo', ',', 'wie', 'kann', 'ich', 'ihnen', 'helfen', '?']
2020-08-10 03:29:40,822 	Source:     hi , how can i help you ?
2020-08-10 03:29:40,822 	Reference:  hallo , wie kann ich ihnen helfen ?
2020-08-10 03:29:40,822 	Hypothesis: hallo , wie kann ich ihnen helfen ?
2020-08-10 03:29:40,822 Example #2
2020-08-10 03:29:40,823 	Raw source:     ['hi', ',', 'i', '&apos;m', 'looking', 'for', 'a', 'restaurant', 'inside', 'the', 'arden', 'fair', 'mall', 'in', 'san', 'francisco', ',', 'california', '.']
2020-08-10 03:29:40,823 	Raw hypothesis: ['ich', 'möchte', 'möchte', 'möchte', 'möchte', 'möchte', ',', 'die', 'die', 'die', 'die', 'eine', 'eine', 'eine', 'eine', 'eine', 'eine', 'eine', 'eine', 'eine', 'eine', 'eine', 'eine', 'eine', 'eine', 'eine', 'eine', 'eine', 'eine', 'eine', 'eine', 'eine', 'eine', 'eine', 'eine', 'eine', 'eine', 'eine', '.']
2020-08-10 03:29:40,823 	Source:     hi , i &apos;m looking for a restaurant inside the arden fair mall in san francisco , california .
2020-08-10 03:29:40,823 	Reference:  hallo , ich bin auf der suche nach einem restaurant im arden fair einkaufszentrum in san francisco , kalifornien .
2020-08-10 03:29:40,823 	Hypothesis: ich möchte möchte möchte möchte möchte , die die die die eine eine eine eine eine eine eine eine eine eine eine eine eine eine eine eine eine eine eine eine eine eine eine eine eine eine eine .
2020-08-10 03:29:40,823 Example #3
2020-08-10 03:29:40,823 	Raw source:     ['ok', ',', 'what', 'type', 'of', 'restaurant', 'are', 'you', 'looking', 'for', '?']
2020-08-10 03:29:40,823 	Raw hypothesis: ['ok', ',', 'wie', 'sie', 'sie', 'sie', 'sie', '?']
2020-08-10 03:29:40,823 	Source:     ok , what type of restaurant are you looking for ?
2020-08-10 03:29:40,823 	Reference:  ok . welche art von restaurant suchen sie denn genau ?
2020-08-10 03:29:40,823 	Hypothesis: ok , wie sie sie sie sie ?
2020-08-10 03:29:40,823 Validation result (greedy) at epoch   3, step      400: bleu:   2.02, loss: 26926.1348, ppl:  67.1688, duration: 26.1094s
2020-08-10 03:29:46,495 Epoch   3 Step:      500 Batch Loss:     5.212704 Tokens per Sec:     5914, Lr: 0.000200
2020-08-10 03:29:50,237 Epoch   3: total training loss 730.30
2020-08-10 03:29:50,238 EPOCH 4
2020-08-10 03:29:52,192 Epoch   4 Step:      600 Batch Loss:     3.999815 Tokens per Sec:     6019, Lr: 0.000200
2020-08-10 03:30:16,116 Hooray! New best validation result [ppl]!
2020-08-10 03:30:16,116 Saving new checkpoint.
2020-08-10 03:30:16,390 Example #0
2020-08-10 03:30:16,390 	Raw source:     ['hello', '.']
2020-08-10 03:30:16,390 	Raw hypothesis: ['hallo', '.']
2020-08-10 03:30:16,390 	Source:     hello .
2020-08-10 03:30:16,391 	Reference:  hallo ,
2020-08-10 03:30:16,391 	Hypothesis: hallo .
2020-08-10 03:30:16,391 Example #1
2020-08-10 03:30:16,391 	Raw source:     ['hi', ',', 'how', 'can', 'i', 'help', 'you', '?']
2020-08-10 03:30:16,391 	Raw hypothesis: ['hallo', ',', 'wie', 'kann', 'ich', 'ihnen', 'helfen', '?']
2020-08-10 03:30:16,391 	Source:     hi , how can i help you ?
2020-08-10 03:30:16,391 	Reference:  hallo , wie kann ich ihnen helfen ?
2020-08-10 03:30:16,391 	Hypothesis: hallo , wie kann ich ihnen helfen ?
2020-08-10 03:30:16,391 Example #2
2020-08-10 03:30:16,391 	Raw source:     ['hi', ',', 'i', '&apos;m', 'looking', 'for', 'a', 'restaurant', 'inside', 'the', 'arden', 'fair', 'mall', 'in', 'san', 'francisco', ',', 'california', '.']
2020-08-10 03:30:16,391 	Raw hypothesis: ['hallo', ',', 'ich', 'habe', 'ich', 'habe', 'einen', 'einen', 'einen', 'einen', 'termin', 'in', 'der', 'der', 'der', 'der', 'der', 'der', 'der', 'der', 'der', 'der', 'der', 'der', 'der', 'der', 'der', 'der', 'der', 'der', 'der', 'der', 'der', 'der', 'der', 'der', 'der', 'der', 'der', 'der', 'der', 'der', 'der', 'der', 'der', 'der', 'der', 'der', 'der', 'der', 'der', 'der', 'der', 'der', 'der', 'der', 'der', 'der', 'der', 'der', 'der', 'der', 'der', 'der', 'der', 'der', 'der', 'der', 'der', 'der', 'der', 'der', 'der', 'der', 'der', 'der', 'der', 'der', 'der', 'der', 'der', 'der', 'der', 'der', 'der', 'der', 'der', 'der', 'der', 'der', 'der', 'der', 'der', 'der', 'der', 'der', 'der', 'der', 'der', 'der']
2020-08-10 03:30:16,391 	Source:     hi , i &apos;m looking for a restaurant inside the arden fair mall in san francisco , california .
2020-08-10 03:30:16,391 	Reference:  hallo , ich bin auf der suche nach einem restaurant im arden fair einkaufszentrum in san francisco , kalifornien .
2020-08-10 03:30:16,391 	Hypothesis: hallo , ich habe ich habe einen einen einen einen termin in der der der der der der der der der der der der der der der der der der der der der der der der der der der der der der der der der der der der der der der der der der der der der der der der der der der der der der der der der der der der der der der der der der der der der der der der der der der der der der der der der der der der der der der der
2020-08-10 03:30:16,391 Example #3
2020-08-10 03:30:16,391 	Raw source:     ['ok', ',', 'what', 'type', 'of', 'restaurant', 'are', 'you', 'looking', 'for', '?']
2020-08-10 03:30:16,391 	Raw hypothesis: ['ok', ',', 'wie', 'viele', 'sie', '?']
2020-08-10 03:30:16,391 	Source:     ok , what type of restaurant are you looking for ?
2020-08-10 03:30:16,391 	Reference:  ok . welche art von restaurant suchen sie denn genau ?
2020-08-10 03:30:16,391 	Hypothesis: ok , wie viele sie ?
2020-08-10 03:30:16,391 Validation result (greedy) at epoch   4, step      600: bleu:   3.99, loss: 24269.5879, ppl:  44.3505, duration: 24.1994s
2020-08-10 03:30:22,081 Epoch   4 Step:      700 Batch Loss:     5.109926 Tokens per Sec:     6012, Lr: 0.000200
2020-08-10 03:30:25,072 Epoch   4: total training loss 642.48
2020-08-10 03:30:25,072 EPOCH 5
2020-08-10 03:30:27,732 Epoch   5 Step:      800 Batch Loss:     4.293270 Tokens per Sec:     6019, Lr: 0.000200
2020-08-10 03:30:45,234 Hooray! New best validation result [ppl]!
2020-08-10 03:30:45,234 Saving new checkpoint.
2020-08-10 03:30:45,516 Example #0
2020-08-10 03:30:45,516 	Raw source:     ['hello', '.']
2020-08-10 03:30:45,517 	Raw hypothesis: ['hallo', '.']
2020-08-10 03:30:45,517 	Source:     hello .
2020-08-10 03:30:45,517 	Reference:  hallo ,
2020-08-10 03:30:45,517 	Hypothesis: hallo .
2020-08-10 03:30:45,517 Example #1
2020-08-10 03:30:45,517 	Raw source:     ['hi', ',', 'how', 'can', 'i', 'help', 'you', '?']
2020-08-10 03:30:45,517 	Raw hypothesis: ['hallo', ',', 'wie', 'kann', 'ich', 'ihnen', 'helfen', '?']
2020-08-10 03:30:45,517 	Source:     hi , how can i help you ?
2020-08-10 03:30:45,517 	Reference:  hallo , wie kann ich ihnen helfen ?
2020-08-10 03:30:45,517 	Hypothesis: hallo , wie kann ich ihnen helfen ?
2020-08-10 03:30:45,517 Example #2
2020-08-10 03:30:45,517 	Raw source:     ['hi', ',', 'i', '&apos;m', 'looking', 'for', 'a', 'restaurant', 'inside', 'the', 'arden', 'fair', 'mall', 'in', 'san', 'francisco', ',', 'california', '.']
2020-08-10 03:30:45,517 	Raw hypothesis: ['ich', 'habe', 'ein', 'paar', 'restaurant', ',', 'der', 'der', 'der', 'der', 'der', 'der', 'der', 'der', 'der', 'der', 'der', 'der', 'der', 'der', 'der', 'der', 'der', 'der', 'der', 'der', 'der', 'der', 'der', 'der', 'der', 'der', 'der', 'der', 'der', 'der', 'der', 'der', 'der', 'der', 'der', 'der', 'der', 'der', 'der', 'der', 'der', 'der', 'der', 'der', 'der', 'der', 'der', 'der', 'der', 'der', 'der', 'der', 'der', 'der', 'der', 'der', 'der', 'der', 'der', 'der', 'der', 'der', 'der', 'der', 'der', 'der', 'der', 'der', 'der', 'der', 'der', 'der', 'der', 'der', 'der', 'der', 'der', 'der', 'der', 'der', 'der', 'der', 'der', 'der', 'der', 'der', 'der', 'der', 'der', 'der', 'der', 'der', 'der', 'der']
2020-08-10 03:30:45,517 	Source:     hi , i &apos;m looking for a restaurant inside the arden fair mall in san francisco , california .
2020-08-10 03:30:45,517 	Reference:  hallo , ich bin auf der suche nach einem restaurant im arden fair einkaufszentrum in san francisco , kalifornien .
2020-08-10 03:30:45,517 	Hypothesis: ich habe ein paar restaurant , der der der der der der der der der der der der der der der der der der der der der der der der der der der der der der der der der der der der der der der der der der der der der der der der der der der der der der der der der der der der der der der der der der der der der der der der der der der der der der der der der der der der der der der der der der der der der der
2020-08-10 03:30:45,517 Example #3
2020-08-10 03:30:45,517 	Raw source:     ['ok', ',', 'what', 'type', 'of', 'restaurant', 'are', 'you', 'looking', 'for', '?']
2020-08-10 03:30:45,517 	Raw hypothesis: ['okay', ',', 'was', 'möchten', 'sie', '?']
2020-08-10 03:30:45,517 	Source:     ok , what type of restaurant are you looking for ?
2020-08-10 03:30:45,517 	Reference:  ok . welche art von restaurant suchen sie denn genau ?
2020-08-10 03:30:45,517 	Hypothesis: okay , was möchten sie ?
2020-08-10 03:30:45,517 Validation result (greedy) at epoch   5, step      800: bleu:   7.31, loss: 22300.6914, ppl:  32.6056, duration: 17.7851s
2020-08-10 03:30:51,191 Epoch   5 Step:      900 Batch Loss:     4.118379 Tokens per Sec:     5952, Lr: 0.000200
2020-08-10 03:30:53,612 Epoch   5: total training loss 588.32
2020-08-10 03:30:53,612 EPOCH 6
2020-08-10 03:30:56,946 Epoch   6 Step:     1000 Batch Loss:     2.983268 Tokens per Sec:     5979, Lr: 0.000200
2020-08-10 03:31:09,892 Hooray! New best validation result [ppl]!
2020-08-10 03:31:09,892 Saving new checkpoint.
2020-08-10 03:31:10,175 Example #0
2020-08-10 03:31:10,175 	Raw source:     ['hello', '.']
2020-08-10 03:31:10,175 	Raw hypothesis: ['hallo', ',']
2020-08-10 03:31:10,175 	Source:     hello .
2020-08-10 03:31:10,175 	Reference:  hallo ,
2020-08-10 03:31:10,175 	Hypothesis: hallo ,
2020-08-10 03:31:10,176 Example #1
2020-08-10 03:31:10,176 	Raw source:     ['hi', ',', 'how', 'can', 'i', 'help', 'you', '?']
2020-08-10 03:31:10,176 	Raw hypothesis: ['hallo', ',', 'wie', 'kann', 'ich', 'ihnen', 'helfen', '?']
2020-08-10 03:31:10,176 	Source:     hi , how can i help you ?
2020-08-10 03:31:10,176 	Reference:  hallo , wie kann ich ihnen helfen ?
2020-08-10 03:31:10,176 	Hypothesis: hallo , wie kann ich ihnen helfen ?
2020-08-10 03:31:10,176 Example #2
2020-08-10 03:31:10,176 	Raw source:     ['hi', ',', 'i', '&apos;m', 'looking', 'for', 'a', 'restaurant', 'inside', 'the', 'arden', 'fair', 'mall', 'in', 'san', 'francisco', ',', 'california', '.']
2020-08-10 03:31:10,176 	Raw hypothesis: ['hallo', ',', 'ich', 'habe', 'ein', 'paar', 'restaurant', 'in', 'san', 'francisco', ',', 'kalifornien', '.']
2020-08-10 03:31:10,176 	Source:     hi , i &apos;m looking for a restaurant inside the arden fair mall in san francisco , california .
2020-08-10 03:31:10,176 	Reference:  hallo , ich bin auf der suche nach einem restaurant im arden fair einkaufszentrum in san francisco , kalifornien .
2020-08-10 03:31:10,176 	Hypothesis: hallo , ich habe ein paar restaurant in san francisco , kalifornien .
2020-08-10 03:31:10,176 Example #3
2020-08-10 03:31:10,176 	Raw source:     ['ok', ',', 'what', 'type', 'of', 'restaurant', 'are', 'you', 'looking', 'for', '?']
2020-08-10 03:31:10,176 	Raw hypothesis: ['ok', ',', 'welche', 'art', 'von', 'von', 'von', 'essen', '?']
2020-08-10 03:31:10,176 	Source:     ok , what type of restaurant are you looking for ?
2020-08-10 03:31:10,176 	Reference:  ok . welche art von restaurant suchen sie denn genau ?
2020-08-10 03:31:10,176 	Hypothesis: ok , welche art von von von essen ?
2020-08-10 03:31:10,176 Validation result (greedy) at epoch   6, step     1000: bleu:  11.42, loss: 20939.8555, ppl:  26.3601, duration: 13.2298s
2020-08-10 03:31:15,862 Epoch   6 Step:     1100 Batch Loss:     4.693255 Tokens per Sec:     5880, Lr: 0.000200
2020-08-10 03:31:17,600 Epoch   6: total training loss 536.88
2020-08-10 03:31:17,600 EPOCH 7
2020-08-10 03:31:21,693 Epoch   7 Step:     1200 Batch Loss:     2.666312 Tokens per Sec:     5731, Lr: 0.000200
2020-08-10 03:31:35,301 Hooray! New best validation result [ppl]!
2020-08-10 03:31:35,301 Saving new checkpoint.
2020-08-10 03:31:35,586 Example #0
2020-08-10 03:31:35,586 	Raw source:     ['hello', '.']
2020-08-10 03:31:35,586 	Raw hypothesis: ['hallo']
2020-08-10 03:31:35,586 	Source:     hello .
2020-08-10 03:31:35,586 	Reference:  hallo ,
2020-08-10 03:31:35,586 	Hypothesis: hallo
2020-08-10 03:31:35,586 Example #1
2020-08-10 03:31:35,586 	Raw source:     ['hi', ',', 'how', 'can', 'i', 'help', 'you', '?']
2020-08-10 03:31:35,586 	Raw hypothesis: ['hallo', ',', 'wie', 'kann', 'ich', 'ihnen', 'helfen', '?']
2020-08-10 03:31:35,586 	Source:     hi , how can i help you ?
2020-08-10 03:31:35,586 	Reference:  hallo , wie kann ich ihnen helfen ?
2020-08-10 03:31:35,586 	Hypothesis: hallo , wie kann ich ihnen helfen ?
2020-08-10 03:31:35,586 Example #2
2020-08-10 03:31:35,586 	Raw source:     ['hi', ',', 'i', '&apos;m', 'looking', 'for', 'a', 'restaurant', 'inside', 'the', 'arden', 'fair', 'mall', 'in', 'san', 'francisco', ',', 'california', '.']
2020-08-10 03:31:35,587 	Raw hypothesis: ['hallo', ',', 'ich', 'habe', 'ein', 'restaurant', 'in', 'san', 'francisco', ',', 'kalifornien', ',', 'kalifornien', ',', 'kalifornien', '.']
2020-08-10 03:31:35,587 	Source:     hi , i &apos;m looking for a restaurant inside the arden fair mall in san francisco , california .
2020-08-10 03:31:35,587 	Reference:  hallo , ich bin auf der suche nach einem restaurant im arden fair einkaufszentrum in san francisco , kalifornien .
2020-08-10 03:31:35,587 	Hypothesis: hallo , ich habe ein restaurant in san francisco , kalifornien , kalifornien , kalifornien .
2020-08-10 03:31:35,587 Example #3
2020-08-10 03:31:35,587 	Raw source:     ['ok', ',', 'what', 'type', 'of', 'restaurant', 'are', 'you', 'looking', 'for', '?']
2020-08-10 03:31:35,587 	Raw hypothesis: ['ok', ',', 'welche', 'art', 'von', 'restaurant', 'möchten', 'sie', '?']
2020-08-10 03:31:35,587 	Source:     ok , what type of restaurant are you looking for ?
2020-08-10 03:31:35,587 	Reference:  ok . welche art von restaurant suchen sie denn genau ?
2020-08-10 03:31:35,587 	Hypothesis: ok , welche art von restaurant möchten sie ?
2020-08-10 03:31:35,587 Validation result (greedy) at epoch   7, step     1200: bleu:  11.69, loss: 20102.4023, ppl:  23.1270, duration: 13.8937s
2020-08-10 03:31:41,308 Epoch   7 Step:     1300 Batch Loss:     3.270589 Tokens per Sec:     5934, Lr: 0.000200
2020-08-10 03:31:42,496 Epoch   7: total training loss 504.81
2020-08-10 03:31:42,497 EPOCH 8
2020-08-10 03:31:46,995 Epoch   8 Step:     1400 Batch Loss:     1.548956 Tokens per Sec:     6017, Lr: 0.000200
2020-08-10 03:32:00,001 Hooray! New best validation result [ppl]!
2020-08-10 03:32:00,001 Saving new checkpoint.
2020-08-10 03:32:00,284 Example #0
2020-08-10 03:32:00,284 	Raw source:     ['hello', '.']
2020-08-10 03:32:00,284 	Raw hypothesis: ['hallo', ',']
2020-08-10 03:32:00,284 	Source:     hello .
2020-08-10 03:32:00,284 	Reference:  hallo ,
2020-08-10 03:32:00,284 	Hypothesis: hallo ,
2020-08-10 03:32:00,284 Example #1
2020-08-10 03:32:00,284 	Raw source:     ['hi', ',', 'how', 'can', 'i', 'help', 'you', '?']
2020-08-10 03:32:00,284 	Raw hypothesis: ['hallo', ',', 'wie', 'kann', 'ich', 'ihnen', 'helfen', '?']
2020-08-10 03:32:00,284 	Source:     hi , how can i help you ?
2020-08-10 03:32:00,284 	Reference:  hallo , wie kann ich ihnen helfen ?
2020-08-10 03:32:00,284 	Hypothesis: hallo , wie kann ich ihnen helfen ?
2020-08-10 03:32:00,284 Example #2
2020-08-10 03:32:00,284 	Raw source:     ['hi', ',', 'i', '&apos;m', 'looking', 'for', 'a', 'restaurant', 'inside', 'the', 'arden', 'fair', 'mall', 'in', 'san', 'francisco', ',', 'california', '.']
2020-08-10 03:32:00,284 	Raw hypothesis: ['hallo', ',', 'ich', 'bin', 'in', 'der', 'nähe', 'in', 'san', 'francisco', ',', 'kalifornien', ',', 'kalifornien', ',', 'kalifornien', '.']
2020-08-10 03:32:00,284 	Source:     hi , i &apos;m looking for a restaurant inside the arden fair mall in san francisco , california .
2020-08-10 03:32:00,284 	Reference:  hallo , ich bin auf der suche nach einem restaurant im arden fair einkaufszentrum in san francisco , kalifornien .
2020-08-10 03:32:00,284 	Hypothesis: hallo , ich bin in der nähe in san francisco , kalifornien , kalifornien , kalifornien .
2020-08-10 03:32:00,284 Example #3
2020-08-10 03:32:00,285 	Raw source:     ['ok', ',', 'what', 'type', 'of', 'restaurant', 'are', 'you', 'looking', 'for', '?']
2020-08-10 03:32:00,285 	Raw hypothesis: ['ok', ',', 'was', 'möchten', 'sie', 'gerne', '?']
2020-08-10 03:32:00,285 	Source:     ok , what type of restaurant are you looking for ?
2020-08-10 03:32:00,285 	Reference:  ok . welche art von restaurant suchen sie denn genau ?
2020-08-10 03:32:00,285 	Hypothesis: ok , was möchten sie gerne ?
2020-08-10 03:32:00,285 Validation result (greedy) at epoch   8, step     1400: bleu:  14.22, loss: 19342.0742, ppl:  20.5364, duration: 13.2893s
2020-08-10 03:32:05,991 Epoch   8 Step:     1500 Batch Loss:     3.071819 Tokens per Sec:     5894, Lr: 0.000200
2020-08-10 03:32:06,599 Epoch   8: total training loss 461.83
2020-08-10 03:32:06,599 EPOCH 9
2020-08-10 03:32:11,813 Epoch   9 Step:     1600 Batch Loss:     2.220274 Tokens per Sec:     5917, Lr: 0.000200
2020-08-10 03:32:25,410 Hooray! New best validation result [ppl]!
2020-08-10 03:32:25,410 Saving new checkpoint.
2020-08-10 03:32:25,695 Example #0
2020-08-10 03:32:25,695 	Raw source:     ['hello', '.']
2020-08-10 03:32:25,695 	Raw hypothesis: ['hallo', '.']
2020-08-10 03:32:25,695 	Source:     hello .
2020-08-10 03:32:25,695 	Reference:  hallo ,
2020-08-10 03:32:25,695 	Hypothesis: hallo .
2020-08-10 03:32:25,695 Example #1
2020-08-10 03:32:25,695 	Raw source:     ['hi', ',', 'how', 'can', 'i', 'help', 'you', '?']
2020-08-10 03:32:25,695 	Raw hypothesis: ['hallo', ',', 'wie', 'kann', 'ich', 'ihnen', 'helfen', '?']
2020-08-10 03:32:25,695 	Source:     hi , how can i help you ?
2020-08-10 03:32:25,695 	Reference:  hallo , wie kann ich ihnen helfen ?
2020-08-10 03:32:25,695 	Hypothesis: hallo , wie kann ich ihnen helfen ?
2020-08-10 03:32:25,695 Example #2
2020-08-10 03:32:25,695 	Raw source:     ['hi', ',', 'i', '&apos;m', 'looking', 'for', 'a', 'restaurant', 'inside', 'the', 'arden', 'fair', 'mall', 'in', 'san', 'francisco', ',', 'california', '.']
2020-08-10 03:32:25,695 	Raw hypothesis: ['hallo', ',', 'ich', 'suche', 'ein', 'restaurant', 'in', 'der', 'suche', 'nach', 'einem', 'restaurant', 'in', 'der', 'suche', 'nach', 'einem', 'restaurant', 'in', 'san', 'francisco', ',', 'kalifornien', '.']
2020-08-10 03:32:25,695 	Source:     hi , i &apos;m looking for a restaurant inside the arden fair mall in san francisco , california .
2020-08-10 03:32:25,695 	Reference:  hallo , ich bin auf der suche nach einem restaurant im arden fair einkaufszentrum in san francisco , kalifornien .
2020-08-10 03:32:25,695 	Hypothesis: hallo , ich suche ein restaurant in der suche nach einem restaurant in der suche nach einem restaurant in san francisco , kalifornien .
2020-08-10 03:32:25,695 Example #3
2020-08-10 03:32:25,695 	Raw source:     ['ok', ',', 'what', 'type', 'of', 'restaurant', 'are', 'you', 'looking', 'for', '?']
2020-08-10 03:32:25,695 	Raw hypothesis: ['ok', ',', 'welche', 'art', 'von', 'restaurant', 'möchten', 'sie', '?']
2020-08-10 03:32:25,695 	Source:     ok , what type of restaurant are you looking for ?
2020-08-10 03:32:25,695 	Reference:  ok . welche art von restaurant suchen sie denn genau ?
2020-08-10 03:32:25,696 	Hypothesis: ok , welche art von restaurant möchten sie ?
2020-08-10 03:32:25,696 Validation result (greedy) at epoch   9, step     1600: bleu:  14.21, loss: 18615.9375, ppl:  18.3337, duration: 13.8826s
2020-08-10 03:32:31,320 Epoch   9: total training loss 417.79
2020-08-10 03:32:31,320 EPOCH 10
2020-08-10 03:32:31,509 Epoch  10 Step:     1700 Batch Loss:     2.764432 Tokens per Sec:     6016, Lr: 0.000200
2020-08-10 03:32:37,272 Epoch  10 Step:     1800 Batch Loss:     2.915319 Tokens per Sec:     5880, Lr: 0.000200
2020-08-10 03:32:49,573 Hooray! New best validation result [ppl]!
2020-08-10 03:32:49,573 Saving new checkpoint.
2020-08-10 03:32:49,861 Example #0
2020-08-10 03:32:49,861 	Raw source:     ['hello', '.']
2020-08-10 03:32:49,861 	Raw hypothesis: ['hallo', '.']
2020-08-10 03:32:49,861 	Source:     hello .
2020-08-10 03:32:49,861 	Reference:  hallo ,
2020-08-10 03:32:49,861 	Hypothesis: hallo .
2020-08-10 03:32:49,861 Example #1
2020-08-10 03:32:49,861 	Raw source:     ['hi', ',', 'how', 'can', 'i', 'help', 'you', '?']
2020-08-10 03:32:49,861 	Raw hypothesis: ['hallo', ',', 'wie', 'kann', 'ich', 'ihnen', 'helfen', '?']
2020-08-10 03:32:49,861 	Source:     hi , how can i help you ?
2020-08-10 03:32:49,861 	Reference:  hallo , wie kann ich ihnen helfen ?
2020-08-10 03:32:49,861 	Hypothesis: hallo , wie kann ich ihnen helfen ?
2020-08-10 03:32:49,861 Example #2
2020-08-10 03:32:49,861 	Raw source:     ['hi', ',', 'i', '&apos;m', 'looking', 'for', 'a', 'restaurant', 'inside', 'the', 'arden', 'fair', 'mall', 'in', 'san', 'francisco', ',', 'california', '.']
2020-08-10 03:32:49,862 	Raw hypothesis: ['hallo', ',', 'ich', 'bin', 'in', 'san', 'francisco', ',', 'kalifornien', ',', 'kalifornien', '.']
2020-08-10 03:32:49,862 	Source:     hi , i &apos;m looking for a restaurant inside the arden fair mall in san francisco , california .
2020-08-10 03:32:49,862 	Reference:  hallo , ich bin auf der suche nach einem restaurant im arden fair einkaufszentrum in san francisco , kalifornien .
2020-08-10 03:32:49,862 	Hypothesis: hallo , ich bin in san francisco , kalifornien , kalifornien .
2020-08-10 03:32:49,862 Example #3
2020-08-10 03:32:49,862 	Raw source:     ['ok', ',', 'what', 'type', 'of', 'restaurant', 'are', 'you', 'looking', 'for', '?']
2020-08-10 03:32:49,862 	Raw hypothesis: ['ok', ',', 'welche', 'art', 'von', 'restaurant', 'möchten', 'sie', '?']
2020-08-10 03:32:49,862 	Source:     ok , what type of restaurant are you looking for ?
2020-08-10 03:32:49,862 	Reference:  ok . welche art von restaurant suchen sie denn genau ?
2020-08-10 03:32:49,862 	Hypothesis: ok , welche art von restaurant möchten sie ?
2020-08-10 03:32:49,862 Validation result (greedy) at epoch  10, step     1800: bleu:  17.42, loss: 18025.7852, ppl:  16.7187, duration: 12.5895s
2020-08-10 03:32:54,933 Epoch  10: total training loss 390.41
2020-08-10 03:32:54,933 EPOCH 11
2020-08-10 03:32:55,847 Epoch  11 Step:     1900 Batch Loss:     2.231573 Tokens per Sec:     5396, Lr: 0.000200
2020-08-10 03:33:01,800 Epoch  11 Step:     2000 Batch Loss:     1.142304 Tokens per Sec:     5765, Lr: 0.000200
2020-08-10 03:33:11,476 Hooray! New best validation result [ppl]!
2020-08-10 03:33:11,476 Saving new checkpoint.
2020-08-10 03:33:11,761 Example #0
2020-08-10 03:33:11,761 	Raw source:     ['hello', '.']
2020-08-10 03:33:11,761 	Raw hypothesis: ['hallo', '.']
2020-08-10 03:33:11,761 	Source:     hello .
2020-08-10 03:33:11,761 	Reference:  hallo ,
2020-08-10 03:33:11,761 	Hypothesis: hallo .
2020-08-10 03:33:11,762 Example #1
2020-08-10 03:33:11,762 	Raw source:     ['hi', ',', 'how', 'can', 'i', 'help', 'you', '?']
2020-08-10 03:33:11,762 	Raw hypothesis: ['hallo', ',', 'wie', 'kann', 'ich', 'ihnen', 'helfen', '?']
2020-08-10 03:33:11,762 	Source:     hi , how can i help you ?
2020-08-10 03:33:11,762 	Reference:  hallo , wie kann ich ihnen helfen ?
2020-08-10 03:33:11,762 	Hypothesis: hallo , wie kann ich ihnen helfen ?
2020-08-10 03:33:11,762 Example #2
2020-08-10 03:33:11,762 	Raw source:     ['hi', ',', 'i', '&apos;m', 'looking', 'for', 'a', 'restaurant', 'inside', 'the', 'arden', 'fair', 'mall', 'in', 'san', 'francisco', ',', 'california', '.']
2020-08-10 03:33:11,762 	Raw hypothesis: ['hallo', ',', 'ich', 'suche', 'ein', 'restaurant', 'in', 'san', 'francisco', ',', 'kalifornien', ',', 'das', 'suche', '.']
2020-08-10 03:33:11,762 	Source:     hi , i &apos;m looking for a restaurant inside the arden fair mall in san francisco , california .
2020-08-10 03:33:11,762 	Reference:  hallo , ich bin auf der suche nach einem restaurant im arden fair einkaufszentrum in san francisco , kalifornien .
2020-08-10 03:33:11,762 	Hypothesis: hallo , ich suche ein restaurant in san francisco , kalifornien , das suche .
2020-08-10 03:33:11,762 Example #3
2020-08-10 03:33:11,762 	Raw source:     ['ok', ',', 'what', 'type', 'of', 'restaurant', 'are', 'you', 'looking', 'for', '?']
2020-08-10 03:33:11,762 	Raw hypothesis: ['okay', ',', 'was', 'für', 'ein', 'restaurant', 'restaurant', 'haben', 'sie', '?']
2020-08-10 03:33:11,762 	Source:     ok , what type of restaurant are you looking for ?
2020-08-10 03:33:11,762 	Reference:  ok . welche art von restaurant suchen sie denn genau ?
2020-08-10 03:33:11,762 	Hypothesis: okay , was für ein restaurant restaurant haben sie ?
2020-08-10 03:33:11,762 Validation result (greedy) at epoch  11, step     2000: bleu:  21.30, loss: 17566.4668, ppl:  15.5609, duration: 9.9617s
2020-08-10 03:33:15,902 Epoch  11: total training loss 363.70
2020-08-10 03:33:15,902 EPOCH 12
2020-08-10 03:33:17,482 Epoch  12 Step:     2100 Batch Loss:     0.990610 Tokens per Sec:     5960, Lr: 0.000200
2020-08-10 03:33:23,175 Epoch  12 Step:     2200 Batch Loss:     1.683196 Tokens per Sec:     5920, Lr: 0.000200
2020-08-10 03:33:35,751 Hooray! New best validation result [ppl]!
2020-08-10 03:33:35,751 Saving new checkpoint.
2020-08-10 03:33:36,033 Example #0
2020-08-10 03:33:36,033 	Raw source:     ['hello', '.']
2020-08-10 03:33:36,033 	Raw hypothesis: ['hallo', '.']
2020-08-10 03:33:36,033 	Source:     hello .
2020-08-10 03:33:36,033 	Reference:  hallo ,
2020-08-10 03:33:36,033 	Hypothesis: hallo .
2020-08-10 03:33:36,033 Example #1
2020-08-10 03:33:36,033 	Raw source:     ['hi', ',', 'how', 'can', 'i', 'help', 'you', '?']
2020-08-10 03:33:36,033 	Raw hypothesis: ['hallo', ',', 'wie', 'kann', 'ich', 'ihnen', 'helfen', '?']
2020-08-10 03:33:36,033 	Source:     hi , how can i help you ?
2020-08-10 03:33:36,033 	Reference:  hallo , wie kann ich ihnen helfen ?
2020-08-10 03:33:36,033 	Hypothesis: hallo , wie kann ich ihnen helfen ?
2020-08-10 03:33:36,033 Example #2
2020-08-10 03:33:36,034 	Raw source:     ['hi', ',', 'i', '&apos;m', 'looking', 'for', 'a', 'restaurant', 'inside', 'the', 'arden', 'fair', 'mall', 'in', 'san', 'francisco', ',', 'california', '.']
2020-08-10 03:33:36,034 	Raw hypothesis: ['hallo', ',', 'ich', 'suche', 'ein', 'restaurant', 'in', 'san', 'francisco', ',', 'kalifornien', ',', 'in', 'san', 'francisco', ',', 'kalifornien', ',', 'kalifornien', ',', 'kalifornien', '.']
2020-08-10 03:33:36,034 	Source:     hi , i &apos;m looking for a restaurant inside the arden fair mall in san francisco , california .
2020-08-10 03:33:36,034 	Reference:  hallo , ich bin auf der suche nach einem restaurant im arden fair einkaufszentrum in san francisco , kalifornien .
2020-08-10 03:33:36,034 	Hypothesis: hallo , ich suche ein restaurant in san francisco , kalifornien , in san francisco , kalifornien , kalifornien , kalifornien .
2020-08-10 03:33:36,034 Example #3
2020-08-10 03:33:36,034 	Raw source:     ['ok', ',', 'what', 'type', 'of', 'restaurant', 'are', 'you', 'looking', 'for', '?']
2020-08-10 03:33:36,034 	Raw hypothesis: ['ok', ',', 'welche', 'art', 'von', 'restaurant', 'sie', '?']
2020-08-10 03:33:36,034 	Source:     ok , what type of restaurant are you looking for ?
2020-08-10 03:33:36,034 	Reference:  ok . welche art von restaurant suchen sie denn genau ?
2020-08-10 03:33:36,034 	Hypothesis: ok , welche art von restaurant sie ?
2020-08-10 03:33:36,034 Validation result (greedy) at epoch  12, step     2200: bleu:  19.40, loss: 17217.7734, ppl:  14.7358, duration: 12.8593s
2020-08-10 03:33:39,726 Epoch  12: total training loss 340.20
2020-08-10 03:33:39,726 EPOCH 13
2020-08-10 03:33:41,876 Epoch  13 Step:     2300 Batch Loss:     0.882028 Tokens per Sec:     5758, Lr: 0.000200
2020-08-10 03:33:47,570 Epoch  13 Step:     2400 Batch Loss:     0.356533 Tokens per Sec:     6103, Lr: 0.000200
2020-08-10 03:33:58,845 Hooray! New best validation result [ppl]!
2020-08-10 03:33:58,845 Saving new checkpoint.
2020-08-10 03:33:59,126 Example #0
2020-08-10 03:33:59,126 	Raw source:     ['hello', '.']
2020-08-10 03:33:59,126 	Raw hypothesis: ['hallo', '.']
2020-08-10 03:33:59,126 	Source:     hello .
2020-08-10 03:33:59,126 	Reference:  hallo ,
2020-08-10 03:33:59,126 	Hypothesis: hallo .
2020-08-10 03:33:59,126 Example #1
2020-08-10 03:33:59,126 	Raw source:     ['hi', ',', 'how', 'can', 'i', 'help', 'you', '?']
2020-08-10 03:33:59,127 	Raw hypothesis: ['hallo', ',', 'wie', 'kann', 'ich', 'ihnen', 'helfen', '?']
2020-08-10 03:33:59,127 	Source:     hi , how can i help you ?
2020-08-10 03:33:59,127 	Reference:  hallo , wie kann ich ihnen helfen ?
2020-08-10 03:33:59,127 	Hypothesis: hallo , wie kann ich ihnen helfen ?
2020-08-10 03:33:59,127 Example #2
2020-08-10 03:33:59,127 	Raw source:     ['hi', ',', 'i', '&apos;m', 'looking', 'for', 'a', 'restaurant', 'inside', 'the', 'arden', 'fair', 'mall', 'in', 'san', 'francisco', ',', 'california', '.']
2020-08-10 03:33:59,127 	Raw hypothesis: ['hallo', ',', 'ich', 'suche', 'ein', 'restaurant', 'in', 'san', 'francisco', ',', 'kalifornien', ',', 'in', 'san', 'francisco', ',', 'kalifornien', ',', 'kalifornien', ',', 'kalifornien', '.']
2020-08-10 03:33:59,127 	Source:     hi , i &apos;m looking for a restaurant inside the arden fair mall in san francisco , california .
2020-08-10 03:33:59,127 	Reference:  hallo , ich bin auf der suche nach einem restaurant im arden fair einkaufszentrum in san francisco , kalifornien .
2020-08-10 03:33:59,127 	Hypothesis: hallo , ich suche ein restaurant in san francisco , kalifornien , in san francisco , kalifornien , kalifornien , kalifornien .
2020-08-10 03:33:59,127 Example #3
2020-08-10 03:33:59,127 	Raw source:     ['ok', ',', 'what', 'type', 'of', 'restaurant', 'are', 'you', 'looking', 'for', '?']
2020-08-10 03:33:59,127 	Raw hypothesis: ['ok', ',', 'welche', 'art', 'von', 'restaurant', 'möchten', 'sie', '?']
2020-08-10 03:33:59,127 	Source:     ok , what type of restaurant are you looking for ?
2020-08-10 03:33:59,127 	Reference:  ok . welche art von restaurant suchen sie denn genau ?
2020-08-10 03:33:59,127 	Hypothesis: ok , welche art von restaurant möchten sie ?
2020-08-10 03:33:59,127 Validation result (greedy) at epoch  13, step     2400: bleu:  21.66, loss: 17058.4219, ppl:  14.3734, duration: 11.5571s
2020-08-10 03:34:01,922 Epoch  13: total training loss 307.94
2020-08-10 03:34:01,922 EPOCH 14
2020-08-10 03:34:04,805 Epoch  14 Step:     2500 Batch Loss:     0.965607 Tokens per Sec:     6022, Lr: 0.000200
2020-08-10 03:34:10,544 Epoch  14 Step:     2600 Batch Loss:     2.107303 Tokens per Sec:     5999, Lr: 0.000200
2020-08-10 03:34:23,749 Hooray! New best validation result [ppl]!
2020-08-10 03:34:23,749 Saving new checkpoint.
2020-08-10 03:34:24,028 Example #0
2020-08-10 03:34:24,028 	Raw source:     ['hello', '.']
2020-08-10 03:34:24,028 	Raw hypothesis: ['hallo']
2020-08-10 03:34:24,028 	Source:     hello .
2020-08-10 03:34:24,028 	Reference:  hallo ,
2020-08-10 03:34:24,028 	Hypothesis: hallo
2020-08-10 03:34:24,028 Example #1
2020-08-10 03:34:24,029 	Raw source:     ['hi', ',', 'how', 'can', 'i', 'help', 'you', '?']
2020-08-10 03:34:24,029 	Raw hypothesis: ['hallo', ',', 'wie', 'kann', 'ich', 'ihnen', 'helfen', '?']
2020-08-10 03:34:24,029 	Source:     hi , how can i help you ?
2020-08-10 03:34:24,029 	Reference:  hallo , wie kann ich ihnen helfen ?
2020-08-10 03:34:24,029 	Hypothesis: hallo , wie kann ich ihnen helfen ?
2020-08-10 03:34:24,029 Example #2
2020-08-10 03:34:24,029 	Raw source:     ['hi', ',', 'i', '&apos;m', 'looking', 'for', 'a', 'restaurant', 'inside', 'the', 'arden', 'fair', 'mall', 'in', 'san', 'francisco', ',', 'california', '.']
2020-08-10 03:34:24,029 	Raw hypothesis: ['hallo', ',', 'ich', 'suche', 'ein', 'restaurant', 'in', 'san', 'francisco', ',', 'kalifornien', '.']
2020-08-10 03:34:24,029 	Source:     hi , i &apos;m looking for a restaurant inside the arden fair mall in san francisco , california .
2020-08-10 03:34:24,029 	Reference:  hallo , ich bin auf der suche nach einem restaurant im arden fair einkaufszentrum in san francisco , kalifornien .
2020-08-10 03:34:24,029 	Hypothesis: hallo , ich suche ein restaurant in san francisco , kalifornien .
2020-08-10 03:34:24,029 Example #3
2020-08-10 03:34:24,029 	Raw source:     ['ok', ',', 'what', 'type', 'of', 'restaurant', 'are', 'you', 'looking', 'for', '?']
2020-08-10 03:34:24,029 	Raw hypothesis: ['ok', ',', 'welche', 'art', 'von', 'restaurant', 'suchen', 'sie', '?']
2020-08-10 03:34:24,029 	Source:     ok , what type of restaurant are you looking for ?
2020-08-10 03:34:24,029 	Reference:  ok . welche art von restaurant suchen sie denn genau ?
2020-08-10 03:34:24,029 	Hypothesis: ok , welche art von restaurant suchen sie ?
2020-08-10 03:34:24,029 Validation result (greedy) at epoch  14, step     2600: bleu:  21.96, loss: 16961.9453, ppl:  14.1583, duration: 13.4855s
2020-08-10 03:34:26,143 Epoch  14: total training loss 291.18
2020-08-10 03:34:26,143 EPOCH 15
2020-08-10 03:34:29,717 Epoch  15 Step:     2700 Batch Loss:     1.126516 Tokens per Sec:     5888, Lr: 0.000200
2020-08-10 03:34:35,394 Epoch  15 Step:     2800 Batch Loss:     2.128369 Tokens per Sec:     5951, Lr: 0.000200
2020-08-10 03:34:48,683 Hooray! New best validation result [ppl]!
2020-08-10 03:34:48,683 Saving new checkpoint.
2020-08-10 03:34:48,965 Example #0
2020-08-10 03:34:48,966 	Raw source:     ['hello', '.']
2020-08-10 03:34:48,966 	Raw hypothesis: ['hallo', '.']
2020-08-10 03:34:48,966 	Source:     hello .
2020-08-10 03:34:48,966 	Reference:  hallo ,
2020-08-10 03:34:48,966 	Hypothesis: hallo .
2020-08-10 03:34:48,966 Example #1
2020-08-10 03:34:48,966 	Raw source:     ['hi', ',', 'how', 'can', 'i', 'help', 'you', '?']
2020-08-10 03:34:48,966 	Raw hypothesis: ['hallo', ',', 'wie', 'kann', 'ich', 'ihnen', 'helfen', '?']
2020-08-10 03:34:48,966 	Source:     hi , how can i help you ?
2020-08-10 03:34:48,966 	Reference:  hallo , wie kann ich ihnen helfen ?
2020-08-10 03:34:48,966 	Hypothesis: hallo , wie kann ich ihnen helfen ?
2020-08-10 03:34:48,966 Example #2
2020-08-10 03:34:48,966 	Raw source:     ['hi', ',', 'i', '&apos;m', 'looking', 'for', 'a', 'restaurant', 'inside', 'the', 'arden', 'fair', 'mall', 'in', 'san', 'francisco', ',', 'california', '.']
2020-08-10 03:34:48,966 	Raw hypothesis: ['hallo', ',', 'ich', 'suche', 'ein', 'restaurant', 'in', 'san', 'francisco', ',', 'das', 'suche', 'nach', 'einem', 'restaurant', 'in', 'san', 'francisco', ',', 'das', 'restaurant', 'zum', 'mittagessen', 'in', 'sacramento', ',', 'kalifornien', '.']
2020-08-10 03:34:48,966 	Source:     hi , i &apos;m looking for a restaurant inside the arden fair mall in san francisco , california .
2020-08-10 03:34:48,966 	Reference:  hallo , ich bin auf der suche nach einem restaurant im arden fair einkaufszentrum in san francisco , kalifornien .
2020-08-10 03:34:48,966 	Hypothesis: hallo , ich suche ein restaurant in san francisco , das suche nach einem restaurant in san francisco , das restaurant zum mittagessen in sacramento , kalifornien .
2020-08-10 03:34:48,966 Example #3
2020-08-10 03:34:48,966 	Raw source:     ['ok', ',', 'what', 'type', 'of', 'restaurant', 'are', 'you', 'looking', 'for', '?']
2020-08-10 03:34:48,966 	Raw hypothesis: ['ok', ',', 'welche', 'art', 'von', 'restaurant', 'haben', 'sie', '?']
2020-08-10 03:34:48,966 	Source:     ok , what type of restaurant are you looking for ?
2020-08-10 03:34:48,966 	Reference:  ok . welche art von restaurant suchen sie denn genau ?
2020-08-10 03:34:48,966 	Hypothesis: ok , welche art von restaurant haben sie ?
2020-08-10 03:34:48,966 Validation result (greedy) at epoch  15, step     2800: bleu:  21.89, loss: 16931.5098, ppl:  14.0912, duration: 13.5724s
2020-08-10 03:34:50,502 Epoch  15: total training loss 275.34
2020-08-10 03:34:50,502 EPOCH 16
2020-08-10 03:34:54,714 Epoch  16 Step:     2900 Batch Loss:     1.626414 Tokens per Sec:     5809, Lr: 0.000200
2020-08-10 03:35:00,557 Epoch  16 Step:     3000 Batch Loss:     1.965504 Tokens per Sec:     5840, Lr: 0.000200
2020-08-10 03:35:11,728 Hooray! New best validation result [ppl]!
2020-08-10 03:35:11,728 Saving new checkpoint.
2020-08-10 03:35:12,007 Example #0
2020-08-10 03:35:12,007 	Raw source:     ['hello', '.']
2020-08-10 03:35:12,007 	Raw hypothesis: ['hallo', '.']
2020-08-10 03:35:12,007 	Source:     hello .
2020-08-10 03:35:12,007 	Reference:  hallo ,
2020-08-10 03:35:12,007 	Hypothesis: hallo .
2020-08-10 03:35:12,007 Example #1
2020-08-10 03:35:12,007 	Raw source:     ['hi', ',', 'how', 'can', 'i', 'help', 'you', '?']
2020-08-10 03:35:12,007 	Raw hypothesis: ['hallo', ',', 'wie', 'kann', 'ich', 'ihnen', 'helfen', '?']
2020-08-10 03:35:12,008 	Source:     hi , how can i help you ?
2020-08-10 03:35:12,008 	Reference:  hallo , wie kann ich ihnen helfen ?
2020-08-10 03:35:12,008 	Hypothesis: hallo , wie kann ich ihnen helfen ?
2020-08-10 03:35:12,008 Example #2
2020-08-10 03:35:12,008 	Raw source:     ['hi', ',', 'i', '&apos;m', 'looking', 'for', 'a', 'restaurant', 'inside', 'the', 'arden', 'fair', 'mall', 'in', 'san', 'francisco', ',', 'california', '.']
2020-08-10 03:35:12,008 	Raw hypothesis: ['hallo', ',', 'ich', 'suche', 'ein', 'restaurant', 'in', 'san', 'francisco', ',', 'kalifornien', '.']
2020-08-10 03:35:12,008 	Source:     hi , i &apos;m looking for a restaurant inside the arden fair mall in san francisco , california .
2020-08-10 03:35:12,008 	Reference:  hallo , ich bin auf der suche nach einem restaurant im arden fair einkaufszentrum in san francisco , kalifornien .
2020-08-10 03:35:12,008 	Hypothesis: hallo , ich suche ein restaurant in san francisco , kalifornien .
2020-08-10 03:35:12,008 Example #3
2020-08-10 03:35:12,008 	Raw source:     ['ok', ',', 'what', 'type', 'of', 'restaurant', 'are', 'you', 'looking', 'for', '?']
2020-08-10 03:35:12,008 	Raw hypothesis: ['ok', ',', 'nach', 'welcher', 'art', 'von', 'restaurant', 'suchen', 'sie', '?']
2020-08-10 03:35:12,008 	Source:     ok , what type of restaurant are you looking for ?
2020-08-10 03:35:12,008 	Reference:  ok . welche art von restaurant suchen sie denn genau ?
2020-08-10 03:35:12,008 	Hypothesis: ok , nach welcher art von restaurant suchen sie ?
2020-08-10 03:35:12,008 Validation result (greedy) at epoch  16, step     3000: bleu:  24.32, loss: 16797.6328, ppl:  13.7995, duration: 11.4503s
2020-08-10 03:35:12,953 Epoch  16: total training loss 254.71
2020-08-10 03:35:12,954 EPOCH 17
2020-08-10 03:35:17,777 Epoch  17 Step:     3100 Batch Loss:     1.801076 Tokens per Sec:     5961, Lr: 0.000200
2020-08-10 03:35:23,477 Epoch  17 Step:     3200 Batch Loss:     1.251814 Tokens per Sec:     5846, Lr: 0.000200
2020-08-10 03:35:34,503 Example #0
2020-08-10 03:35:34,503 	Raw source:     ['hello', '.']
2020-08-10 03:35:34,503 	Raw hypothesis: ['hallo', ',']
2020-08-10 03:35:34,503 	Source:     hello .
2020-08-10 03:35:34,503 	Reference:  hallo ,
2020-08-10 03:35:34,503 	Hypothesis: hallo ,
2020-08-10 03:35:34,503 Example #1
2020-08-10 03:35:34,504 	Raw source:     ['hi', ',', 'how', 'can', 'i', 'help', 'you', '?']
2020-08-10 03:35:34,504 	Raw hypothesis: ['hallo', ',', 'wie', 'kann', 'ich', 'ihnen', 'helfen', '?']
2020-08-10 03:35:34,504 	Source:     hi , how can i help you ?
2020-08-10 03:35:34,504 	Reference:  hallo , wie kann ich ihnen helfen ?
2020-08-10 03:35:34,504 	Hypothesis: hallo , wie kann ich ihnen helfen ?
2020-08-10 03:35:34,504 Example #2
2020-08-10 03:35:34,504 	Raw source:     ['hi', ',', 'i', '&apos;m', 'looking', 'for', 'a', 'restaurant', 'inside', 'the', 'arden', 'fair', 'mall', 'in', 'san', 'francisco', ',', 'california', '.']
2020-08-10 03:35:34,504 	Raw hypothesis: ['hallo', ',', 'ich', 'suche', 'ein', 'restaurant', 'in', 'san', 'francisco', ',', 'kalifornien', '.']
2020-08-10 03:35:34,504 	Source:     hi , i &apos;m looking for a restaurant inside the arden fair mall in san francisco , california .
2020-08-10 03:35:34,504 	Reference:  hallo , ich bin auf der suche nach einem restaurant im arden fair einkaufszentrum in san francisco , kalifornien .
2020-08-10 03:35:34,504 	Hypothesis: hallo , ich suche ein restaurant in san francisco , kalifornien .
2020-08-10 03:35:34,504 Example #3
2020-08-10 03:35:34,504 	Raw source:     ['ok', ',', 'what', 'type', 'of', 'restaurant', 'are', 'you', 'looking', 'for', '?']
2020-08-10 03:35:34,504 	Raw hypothesis: ['ok', ',', 'nach', 'welcher', 'art', 'von', 'restaurant', 'suchen', 'sie', '?']
2020-08-10 03:35:34,504 	Source:     ok , what type of restaurant are you looking for ?
2020-08-10 03:35:34,504 	Reference:  ok . welche art von restaurant suchen sie denn genau ?
2020-08-10 03:35:34,504 	Hypothesis: ok , nach welcher art von restaurant suchen sie ?
2020-08-10 03:35:34,504 Validation result (greedy) at epoch  17, step     3200: bleu:  24.80, loss: 16872.9102, ppl:  13.9627, duration: 11.0267s
2020-08-10 03:35:34,858 Epoch  17: total training loss 235.71
2020-08-10 03:35:34,859 EPOCH 18
2020-08-10 03:35:40,179 Epoch  18 Step:     3300 Batch Loss:     0.725547 Tokens per Sec:     5944, Lr: 0.000200
2020-08-10 03:35:45,705 Epoch  18: total training loss 221.90
2020-08-10 03:35:45,705 EPOCH 19
2020-08-10 03:35:45,887 Epoch  19 Step:     3400 Batch Loss:     1.019176 Tokens per Sec:     6451, Lr: 0.000200
2020-08-10 03:35:57,832 Example #0
2020-08-10 03:35:57,832 	Raw source:     ['hello', '.']
2020-08-10 03:35:57,832 	Raw hypothesis: ['hallo', '.']
2020-08-10 03:35:57,832 	Source:     hello .
2020-08-10 03:35:57,832 	Reference:  hallo ,
2020-08-10 03:35:57,832 	Hypothesis: hallo .
2020-08-10 03:35:57,832 Example #1
2020-08-10 03:35:57,832 	Raw source:     ['hi', ',', 'how', 'can', 'i', 'help', 'you', '?']
2020-08-10 03:35:57,832 	Raw hypothesis: ['hallo', ',', 'wie', 'kann', 'ich', 'ihnen', 'helfen', '?']
2020-08-10 03:35:57,832 	Source:     hi , how can i help you ?
2020-08-10 03:35:57,832 	Reference:  hallo , wie kann ich ihnen helfen ?
2020-08-10 03:35:57,832 	Hypothesis: hallo , wie kann ich ihnen helfen ?
2020-08-10 03:35:57,832 Example #2
2020-08-10 03:35:57,832 	Raw source:     ['hi', ',', 'i', '&apos;m', 'looking', 'for', 'a', 'restaurant', 'inside', 'the', 'arden', 'fair', 'mall', 'in', 'san', 'francisco', ',', 'california', '.']
2020-08-10 03:35:57,832 	Raw hypothesis: ['hallo', ',', 'ich', 'suche', 'ein', 'restaurant', 'in', 'san', 'francisco', ',', 'kalifornien', '.']
2020-08-10 03:35:57,832 	Source:     hi , i &apos;m looking for a restaurant inside the arden fair mall in san francisco , california .
2020-08-10 03:35:57,832 	Reference:  hallo , ich bin auf der suche nach einem restaurant im arden fair einkaufszentrum in san francisco , kalifornien .
2020-08-10 03:35:57,832 	Hypothesis: hallo , ich suche ein restaurant in san francisco , kalifornien .
2020-08-10 03:35:57,832 Example #3
2020-08-10 03:35:57,832 	Raw source:     ['ok', ',', 'what', 'type', 'of', 'restaurant', 'are', 'you', 'looking', 'for', '?']
2020-08-10 03:35:57,832 	Raw hypothesis: ['ok', ',', 'nach', 'welcher', 'art', 'von', 'restaurant', 'suchen', 'sie', '?']
2020-08-10 03:35:57,832 	Source:     ok , what type of restaurant are you looking for ?
2020-08-10 03:35:57,833 	Reference:  ok . welche art von restaurant suchen sie denn genau ?
2020-08-10 03:35:57,833 	Hypothesis: ok , nach welcher art von restaurant suchen sie ?
2020-08-10 03:35:57,833 Validation result (greedy) at epoch  19, step     3400: bleu:  23.74, loss: 16884.6289, ppl:  13.9883, duration: 11.9451s
2020-08-10 03:36:03,518 Epoch  19 Step:     3500 Batch Loss:     1.074826 Tokens per Sec:     5857, Lr: 0.000200
2020-08-10 03:36:08,505 Epoch  19: total training loss 205.31
2020-08-10 03:36:08,505 EPOCH 20
2020-08-10 03:36:09,198 Epoch  20 Step:     3600 Batch Loss:     0.980064 Tokens per Sec:     5688, Lr: 0.000200
2020-08-10 03:36:19,189 Example #0
2020-08-10 03:36:19,189 	Raw source:     ['hello', '.']
2020-08-10 03:36:19,189 	Raw hypothesis: ['hallo', '.']
2020-08-10 03:36:19,189 	Source:     hello .
2020-08-10 03:36:19,189 	Reference:  hallo ,
2020-08-10 03:36:19,189 	Hypothesis: hallo .
2020-08-10 03:36:19,189 Example #1
2020-08-10 03:36:19,189 	Raw source:     ['hi', ',', 'how', 'can', 'i', 'help', 'you', '?']
2020-08-10 03:36:19,189 	Raw hypothesis: ['hallo', ',', 'wie', 'kann', 'ich', 'ihnen', 'helfen', '?']
2020-08-10 03:36:19,189 	Source:     hi , how can i help you ?
2020-08-10 03:36:19,189 	Reference:  hallo , wie kann ich ihnen helfen ?
2020-08-10 03:36:19,189 	Hypothesis: hallo , wie kann ich ihnen helfen ?
2020-08-10 03:36:19,189 Example #2
2020-08-10 03:36:19,189 	Raw source:     ['hi', ',', 'i', '&apos;m', 'looking', 'for', 'a', 'restaurant', 'inside', 'the', 'arden', 'fair', 'mall', 'in', 'san', 'francisco', ',', 'california', '.']
2020-08-10 03:36:19,189 	Raw hypothesis: ['hallo', ',', 'ich', 'suche', 'ein', 'restaurant', 'in', 'san', 'francisco', ',', 'kalifornien', '.']
2020-08-10 03:36:19,189 	Source:     hi , i &apos;m looking for a restaurant inside the arden fair mall in san francisco , california .
2020-08-10 03:36:19,189 	Reference:  hallo , ich bin auf der suche nach einem restaurant im arden fair einkaufszentrum in san francisco , kalifornien .
2020-08-10 03:36:19,190 	Hypothesis: hallo , ich suche ein restaurant in san francisco , kalifornien .
2020-08-10 03:36:19,190 Example #3
2020-08-10 03:36:19,190 	Raw source:     ['ok', ',', 'what', 'type', 'of', 'restaurant', 'are', 'you', 'looking', 'for', '?']
2020-08-10 03:36:19,190 	Raw hypothesis: ['ok', ',', 'nach', 'welcher', 'art', 'von', 'restaurant', 'suchen', 'sie', '?']
2020-08-10 03:36:19,190 	Source:     ok , what type of restaurant are you looking for ?
2020-08-10 03:36:19,190 	Reference:  ok . welche art von restaurant suchen sie denn genau ?
2020-08-10 03:36:19,190 	Hypothesis: ok , nach welcher art von restaurant suchen sie ?
2020-08-10 03:36:19,190 Validation result (greedy) at epoch  20, step     3600: bleu:  26.09, loss: 17083.1562, ppl:  14.4290, duration: 9.9916s
2020-08-10 03:36:24,927 Epoch  20 Step:     3700 Batch Loss:     0.639082 Tokens per Sec:     5976, Lr: 0.000200
2020-08-10 03:36:29,312 Epoch  20: total training loss 186.54
2020-08-10 03:36:29,312 Training ended after  20 epochs.
2020-08-10 03:36:29,312 Best validation result (greedy) at step     3000:  13.80 ppl.
