2020-08-09 20:20:34,770 Hello! This is Joey-NMT.
2020-08-09 20:20:36,190 Total params: 3795840
2020-08-09 20:20:36,192 Trainable parameters: ['decoder.layer_norm.bias', 'decoder.layer_norm.weight', 'decoder.layers.0.dec_layer_norm.bias', 'decoder.layers.0.dec_layer_norm.weight', 'decoder.layers.0.feed_forward.layer_norm.bias', 'decoder.layers.0.feed_forward.layer_norm.weight', 'decoder.layers.0.feed_forward.pwff_layer.0.bias', 'decoder.layers.0.feed_forward.pwff_layer.0.weight', 'decoder.layers.0.feed_forward.pwff_layer.3.bias', 'decoder.layers.0.feed_forward.pwff_layer.3.weight', 'decoder.layers.0.src_trg_att.k_layer.bias', 'decoder.layers.0.src_trg_att.k_layer.weight', 'decoder.layers.0.src_trg_att.output_layer.bias', 'decoder.layers.0.src_trg_att.output_layer.weight', 'decoder.layers.0.src_trg_att.q_layer.bias', 'decoder.layers.0.src_trg_att.q_layer.weight', 'decoder.layers.0.src_trg_att.v_layer.bias', 'decoder.layers.0.src_trg_att.v_layer.weight', 'decoder.layers.0.trg_trg_att.k_layer.bias', 'decoder.layers.0.trg_trg_att.k_layer.weight', 'decoder.layers.0.trg_trg_att.output_layer.bias', 'decoder.layers.0.trg_trg_att.output_layer.weight', 'decoder.layers.0.trg_trg_att.q_layer.bias', 'decoder.layers.0.trg_trg_att.q_layer.weight', 'decoder.layers.0.trg_trg_att.v_layer.bias', 'decoder.layers.0.trg_trg_att.v_layer.weight', 'decoder.layers.0.x_layer_norm.bias', 'decoder.layers.0.x_layer_norm.weight', 'decoder.layers.1.dec_layer_norm.bias', 'decoder.layers.1.dec_layer_norm.weight', 'decoder.layers.1.feed_forward.layer_norm.bias', 'decoder.layers.1.feed_forward.layer_norm.weight', 'decoder.layers.1.feed_forward.pwff_layer.0.bias', 'decoder.layers.1.feed_forward.pwff_layer.0.weight', 'decoder.layers.1.feed_forward.pwff_layer.3.bias', 'decoder.layers.1.feed_forward.pwff_layer.3.weight', 'decoder.layers.1.src_trg_att.k_layer.bias', 'decoder.layers.1.src_trg_att.k_layer.weight', 'decoder.layers.1.src_trg_att.output_layer.bias', 'decoder.layers.1.src_trg_att.output_layer.weight', 'decoder.layers.1.src_trg_att.q_layer.bias', 'decoder.layers.1.src_trg_att.q_layer.weight', 'decoder.layers.1.src_trg_att.v_layer.bias', 'decoder.layers.1.src_trg_att.v_layer.weight', 'decoder.layers.1.trg_trg_att.k_layer.bias', 'decoder.layers.1.trg_trg_att.k_layer.weight', 'decoder.layers.1.trg_trg_att.output_layer.bias', 'decoder.layers.1.trg_trg_att.output_layer.weight', 'decoder.layers.1.trg_trg_att.q_layer.bias', 'decoder.layers.1.trg_trg_att.q_layer.weight', 'decoder.layers.1.trg_trg_att.v_layer.bias', 'decoder.layers.1.trg_trg_att.v_layer.weight', 'decoder.layers.1.x_layer_norm.bias', 'decoder.layers.1.x_layer_norm.weight', 'decoder.layers.2.dec_layer_norm.bias', 'decoder.layers.2.dec_layer_norm.weight', 'decoder.layers.2.feed_forward.layer_norm.bias', 'decoder.layers.2.feed_forward.layer_norm.weight', 'decoder.layers.2.feed_forward.pwff_layer.0.bias', 'decoder.layers.2.feed_forward.pwff_layer.0.weight', 'decoder.layers.2.feed_forward.pwff_layer.3.bias', 'decoder.layers.2.feed_forward.pwff_layer.3.weight', 'decoder.layers.2.src_trg_att.k_layer.bias', 'decoder.layers.2.src_trg_att.k_layer.weight', 'decoder.layers.2.src_trg_att.output_layer.bias', 'decoder.layers.2.src_trg_att.output_layer.weight', 'decoder.layers.2.src_trg_att.q_layer.bias', 'decoder.layers.2.src_trg_att.q_layer.weight', 'decoder.layers.2.src_trg_att.v_layer.bias', 'decoder.layers.2.src_trg_att.v_layer.weight', 'decoder.layers.2.trg_trg_att.k_layer.bias', 'decoder.layers.2.trg_trg_att.k_layer.weight', 'decoder.layers.2.trg_trg_att.output_layer.bias', 'decoder.layers.2.trg_trg_att.output_layer.weight', 'decoder.layers.2.trg_trg_att.q_layer.bias', 'decoder.layers.2.trg_trg_att.q_layer.weight', 'decoder.layers.2.trg_trg_att.v_layer.bias', 'decoder.layers.2.trg_trg_att.v_layer.weight', 'decoder.layers.2.x_layer_norm.bias', 'decoder.layers.2.x_layer_norm.weight', 'decoder.layers.3.dec_layer_norm.bias', 'decoder.layers.3.dec_layer_norm.weight', 'decoder.layers.3.feed_forward.layer_norm.bias', 'decoder.layers.3.feed_forward.layer_norm.weight', 'decoder.layers.3.feed_forward.pwff_layer.0.bias', 'decoder.layers.3.feed_forward.pwff_layer.0.weight', 'decoder.layers.3.feed_forward.pwff_layer.3.bias', 'decoder.layers.3.feed_forward.pwff_layer.3.weight', 'decoder.layers.3.src_trg_att.k_layer.bias', 'decoder.layers.3.src_trg_att.k_layer.weight', 'decoder.layers.3.src_trg_att.output_layer.bias', 'decoder.layers.3.src_trg_att.output_layer.weight', 'decoder.layers.3.src_trg_att.q_layer.bias', 'decoder.layers.3.src_trg_att.q_layer.weight', 'decoder.layers.3.src_trg_att.v_layer.bias', 'decoder.layers.3.src_trg_att.v_layer.weight', 'decoder.layers.3.trg_trg_att.k_layer.bias', 'decoder.layers.3.trg_trg_att.k_layer.weight', 'decoder.layers.3.trg_trg_att.output_layer.bias', 'decoder.layers.3.trg_trg_att.output_layer.weight', 'decoder.layers.3.trg_trg_att.q_layer.bias', 'decoder.layers.3.trg_trg_att.q_layer.weight', 'decoder.layers.3.trg_trg_att.v_layer.bias', 'decoder.layers.3.trg_trg_att.v_layer.weight', 'decoder.layers.3.x_layer_norm.bias', 'decoder.layers.3.x_layer_norm.weight', 'decoder.layers.4.dec_layer_norm.bias', 'decoder.layers.4.dec_layer_norm.weight', 'decoder.layers.4.feed_forward.layer_norm.bias', 'decoder.layers.4.feed_forward.layer_norm.weight', 'decoder.layers.4.feed_forward.pwff_layer.0.bias', 'decoder.layers.4.feed_forward.pwff_layer.0.weight', 'decoder.layers.4.feed_forward.pwff_layer.3.bias', 'decoder.layers.4.feed_forward.pwff_layer.3.weight', 'decoder.layers.4.src_trg_att.k_layer.bias', 'decoder.layers.4.src_trg_att.k_layer.weight', 'decoder.layers.4.src_trg_att.output_layer.bias', 'decoder.layers.4.src_trg_att.output_layer.weight', 'decoder.layers.4.src_trg_att.q_layer.bias', 'decoder.layers.4.src_trg_att.q_layer.weight', 'decoder.layers.4.src_trg_att.v_layer.bias', 'decoder.layers.4.src_trg_att.v_layer.weight', 'decoder.layers.4.trg_trg_att.k_layer.bias', 'decoder.layers.4.trg_trg_att.k_layer.weight', 'decoder.layers.4.trg_trg_att.output_layer.bias', 'decoder.layers.4.trg_trg_att.output_layer.weight', 'decoder.layers.4.trg_trg_att.q_layer.bias', 'decoder.layers.4.trg_trg_att.q_layer.weight', 'decoder.layers.4.trg_trg_att.v_layer.bias', 'decoder.layers.4.trg_trg_att.v_layer.weight', 'decoder.layers.4.x_layer_norm.bias', 'decoder.layers.4.x_layer_norm.weight', 'decoder.layers.5.dec_layer_norm.bias', 'decoder.layers.5.dec_layer_norm.weight', 'decoder.layers.5.feed_forward.layer_norm.bias', 'decoder.layers.5.feed_forward.layer_norm.weight', 'decoder.layers.5.feed_forward.pwff_layer.0.bias', 'decoder.layers.5.feed_forward.pwff_layer.0.weight', 'decoder.layers.5.feed_forward.pwff_layer.3.bias', 'decoder.layers.5.feed_forward.pwff_layer.3.weight', 'decoder.layers.5.src_trg_att.k_layer.bias', 'decoder.layers.5.src_trg_att.k_layer.weight', 'decoder.layers.5.src_trg_att.output_layer.bias', 'decoder.layers.5.src_trg_att.output_layer.weight', 'decoder.layers.5.src_trg_att.q_layer.bias', 'decoder.layers.5.src_trg_att.q_layer.weight', 'decoder.layers.5.src_trg_att.v_layer.bias', 'decoder.layers.5.src_trg_att.v_layer.weight', 'decoder.layers.5.trg_trg_att.k_layer.bias', 'decoder.layers.5.trg_trg_att.k_layer.weight', 'decoder.layers.5.trg_trg_att.output_layer.bias', 'decoder.layers.5.trg_trg_att.output_layer.weight', 'decoder.layers.5.trg_trg_att.q_layer.bias', 'decoder.layers.5.trg_trg_att.q_layer.weight', 'decoder.layers.5.trg_trg_att.v_layer.bias', 'decoder.layers.5.trg_trg_att.v_layer.weight', 'decoder.layers.5.x_layer_norm.bias', 'decoder.layers.5.x_layer_norm.weight', 'encoder.layer_norm.bias', 'encoder.layer_norm.weight', 'encoder.layers.0.feed_forward.layer_norm.bias', 'encoder.layers.0.feed_forward.layer_norm.weight', 'encoder.layers.0.feed_forward.pwff_layer.0.bias', 'encoder.layers.0.feed_forward.pwff_layer.0.weight', 'encoder.layers.0.feed_forward.pwff_layer.3.bias', 'encoder.layers.0.feed_forward.pwff_layer.3.weight', 'encoder.layers.0.layer_norm.bias', 'encoder.layers.0.layer_norm.weight', 'encoder.layers.0.src_src_att.k_layer.bias', 'encoder.layers.0.src_src_att.k_layer.weight', 'encoder.layers.0.src_src_att.output_layer.bias', 'encoder.layers.0.src_src_att.output_layer.weight', 'encoder.layers.0.src_src_att.q_layer.bias', 'encoder.layers.0.src_src_att.q_layer.weight', 'encoder.layers.0.src_src_att.v_layer.bias', 'encoder.layers.0.src_src_att.v_layer.weight', 'encoder.layers.1.feed_forward.layer_norm.bias', 'encoder.layers.1.feed_forward.layer_norm.weight', 'encoder.layers.1.feed_forward.pwff_layer.0.bias', 'encoder.layers.1.feed_forward.pwff_layer.0.weight', 'encoder.layers.1.feed_forward.pwff_layer.3.bias', 'encoder.layers.1.feed_forward.pwff_layer.3.weight', 'encoder.layers.1.layer_norm.bias', 'encoder.layers.1.layer_norm.weight', 'encoder.layers.1.src_src_att.k_layer.bias', 'encoder.layers.1.src_src_att.k_layer.weight', 'encoder.layers.1.src_src_att.output_layer.bias', 'encoder.layers.1.src_src_att.output_layer.weight', 'encoder.layers.1.src_src_att.q_layer.bias', 'encoder.layers.1.src_src_att.q_layer.weight', 'encoder.layers.1.src_src_att.v_layer.bias', 'encoder.layers.1.src_src_att.v_layer.weight', 'encoder.layers.2.feed_forward.layer_norm.bias', 'encoder.layers.2.feed_forward.layer_norm.weight', 'encoder.layers.2.feed_forward.pwff_layer.0.bias', 'encoder.layers.2.feed_forward.pwff_layer.0.weight', 'encoder.layers.2.feed_forward.pwff_layer.3.bias', 'encoder.layers.2.feed_forward.pwff_layer.3.weight', 'encoder.layers.2.layer_norm.bias', 'encoder.layers.2.layer_norm.weight', 'encoder.layers.2.src_src_att.k_layer.bias', 'encoder.layers.2.src_src_att.k_layer.weight', 'encoder.layers.2.src_src_att.output_layer.bias', 'encoder.layers.2.src_src_att.output_layer.weight', 'encoder.layers.2.src_src_att.q_layer.bias', 'encoder.layers.2.src_src_att.q_layer.weight', 'encoder.layers.2.src_src_att.v_layer.bias', 'encoder.layers.2.src_src_att.v_layer.weight', 'encoder.layers.3.feed_forward.layer_norm.bias', 'encoder.layers.3.feed_forward.layer_norm.weight', 'encoder.layers.3.feed_forward.pwff_layer.0.bias', 'encoder.layers.3.feed_forward.pwff_layer.0.weight', 'encoder.layers.3.feed_forward.pwff_layer.3.bias', 'encoder.layers.3.feed_forward.pwff_layer.3.weight', 'encoder.layers.3.layer_norm.bias', 'encoder.layers.3.layer_norm.weight', 'encoder.layers.3.src_src_att.k_layer.bias', 'encoder.layers.3.src_src_att.k_layer.weight', 'encoder.layers.3.src_src_att.output_layer.bias', 'encoder.layers.3.src_src_att.output_layer.weight', 'encoder.layers.3.src_src_att.q_layer.bias', 'encoder.layers.3.src_src_att.q_layer.weight', 'encoder.layers.3.src_src_att.v_layer.bias', 'encoder.layers.3.src_src_att.v_layer.weight', 'encoder.layers.4.feed_forward.layer_norm.bias', 'encoder.layers.4.feed_forward.layer_norm.weight', 'encoder.layers.4.feed_forward.pwff_layer.0.bias', 'encoder.layers.4.feed_forward.pwff_layer.0.weight', 'encoder.layers.4.feed_forward.pwff_layer.3.bias', 'encoder.layers.4.feed_forward.pwff_layer.3.weight', 'encoder.layers.4.layer_norm.bias', 'encoder.layers.4.layer_norm.weight', 'encoder.layers.4.src_src_att.k_layer.bias', 'encoder.layers.4.src_src_att.k_layer.weight', 'encoder.layers.4.src_src_att.output_layer.bias', 'encoder.layers.4.src_src_att.output_layer.weight', 'encoder.layers.4.src_src_att.q_layer.bias', 'encoder.layers.4.src_src_att.q_layer.weight', 'encoder.layers.4.src_src_att.v_layer.bias', 'encoder.layers.4.src_src_att.v_layer.weight', 'encoder.layers.5.feed_forward.layer_norm.bias', 'encoder.layers.5.feed_forward.layer_norm.weight', 'encoder.layers.5.feed_forward.pwff_layer.0.bias', 'encoder.layers.5.feed_forward.pwff_layer.0.weight', 'encoder.layers.5.feed_forward.pwff_layer.3.bias', 'encoder.layers.5.feed_forward.pwff_layer.3.weight', 'encoder.layers.5.layer_norm.bias', 'encoder.layers.5.layer_norm.weight', 'encoder.layers.5.src_src_att.k_layer.bias', 'encoder.layers.5.src_src_att.k_layer.weight', 'encoder.layers.5.src_src_att.output_layer.bias', 'encoder.layers.5.src_src_att.output_layer.weight', 'encoder.layers.5.src_src_att.q_layer.bias', 'encoder.layers.5.src_src_att.q_layer.weight', 'encoder.layers.5.src_src_att.v_layer.bias', 'encoder.layers.5.src_src_att.v_layer.weight', 'src_embed.lut.weight', 'trg_embed.lut.weight']
2020-08-09 20:20:40,007 cfg.data.dev                       : chatnmt/multi_encoder/dev_subset.tags.bpe.10000
2020-08-09 20:20:40,007 cfg.data.level                     : bpe
2020-08-09 20:20:40,007 cfg.data.lowercase                 : False
2020-08-09 20:20:40,007 cfg.data.max_sent_length           : 100
2020-08-09 20:20:40,007 cfg.data.src                       : en
2020-08-09 20:20:40,008 cfg.data.test                      : chatnmt/multi_encoder/test.tags.bpe.10000
2020-08-09 20:20:40,008 cfg.data.train                     : chatnmt/multi_encoder/train_subset.tags.bpe.10000
2020-08-09 20:20:40,008 cfg.data.trg                       : de
2020-08-09 20:20:40,008 cfg.model.bias_initializer         : zeros
2020-08-09 20:20:40,008 cfg.model.decoder.dropout          : 0.1
2020-08-09 20:20:40,008 cfg.model.decoder.embeddings.dropout : 0.0
2020-08-09 20:20:40,008 cfg.model.decoder.embeddings.embedding_dim : 128
2020-08-09 20:20:40,008 cfg.model.decoder.embeddings.scale : True
2020-08-09 20:20:40,008 cfg.model.decoder.ff_size          : 512
2020-08-09 20:20:40,008 cfg.model.decoder.freeze           : False
2020-08-09 20:20:40,008 cfg.model.decoder.hidden_size      : 128
2020-08-09 20:20:40,008 cfg.model.decoder.num_heads        : 8
2020-08-09 20:20:40,008 cfg.model.decoder.num_layers       : 6
2020-08-09 20:20:40,008 cfg.model.decoder.type             : transformer
2020-08-09 20:20:40,008 cfg.model.embed_init_gain          : 1.0
2020-08-09 20:20:40,008 cfg.model.embed_initializer        : xavier
2020-08-09 20:20:40,008 cfg.model.encoder.dropout          : 0.1
2020-08-09 20:20:40,008 cfg.model.encoder.embeddings.dropout : 0.0
2020-08-09 20:20:40,008 cfg.model.encoder.embeddings.embedding_dim : 128
2020-08-09 20:20:40,008 cfg.model.encoder.embeddings.scale : True
2020-08-09 20:20:40,008 cfg.model.encoder.ff_size          : 512
2020-08-09 20:20:40,008 cfg.model.encoder.freeze           : False
2020-08-09 20:20:40,008 cfg.model.encoder.hidden_size      : 128
2020-08-09 20:20:40,008 cfg.model.encoder.multi_encoder    : False
2020-08-09 20:20:40,008 cfg.model.encoder.num_heads        : 8
2020-08-09 20:20:40,008 cfg.model.encoder.num_layers       : 6
2020-08-09 20:20:40,008 cfg.model.encoder.type             : transformer
2020-08-09 20:20:40,009 cfg.model.init_gain                : 1.0
2020-08-09 20:20:40,009 cfg.model.initializer              : xavier
2020-08-09 20:20:40,009 cfg.model.tied_embeddings          : False
2020-08-09 20:20:40,009 cfg.model.tied_softmax             : True
2020-08-09 20:20:40,009 cfg.name                           : transformer
2020-08-09 20:20:40,009 cfg.testing.alpha                  : 1.0
2020-08-09 20:20:40,009 cfg.testing.beam_size              : 5
2020-08-09 20:20:40,009 cfg.training.adam_betas            : [0.9, 0.999]
2020-08-09 20:20:40,009 cfg.training.batch_multiplier      : 1
2020-08-09 20:20:40,009 cfg.training.batch_size            : 1024
2020-08-09 20:20:40,009 cfg.training.batch_type            : token
2020-08-09 20:20:40,009 cfg.training.decrease_factor       : 0.7
2020-08-09 20:20:40,009 cfg.training.early_stopping_metric : ppl
2020-08-09 20:20:40,009 cfg.training.epochs                : 20
2020-08-09 20:20:40,009 cfg.training.eval_metric           : bleu
2020-08-09 20:20:40,009 cfg.training.keep_last_ckpts       : 3
2020-08-09 20:20:40,009 cfg.training.label_smoothing       : 0.1
2020-08-09 20:20:40,009 cfg.training.learning_rate         : 0.0002
2020-08-09 20:20:40,009 cfg.training.learning_rate_min     : 1e-08
2020-08-09 20:20:40,009 cfg.training.logging_freq          : 100
2020-08-09 20:20:40,009 cfg.training.loss                  : crossentropy
2020-08-09 20:20:40,009 cfg.training.max_output_length     : 100
2020-08-09 20:20:40,009 cfg.training.model_dir             : models/viznet/attempt2/8_8_0.1_128_128_1024_8_10
2020-08-09 20:20:40,009 cfg.training.normalization         : tokens
2020-08-09 20:20:40,010 cfg.training.optimizer             : adam
2020-08-09 20:20:40,010 cfg.training.overwrite             : True
2020-08-09 20:20:40,010 cfg.training.patience              : 8
2020-08-09 20:20:40,010 cfg.training.print_valid_sents     : [0, 1, 2, 3]
2020-08-09 20:20:40,010 cfg.training.random_seed           : 42
2020-08-09 20:20:40,010 cfg.training.scheduling            : plateau
2020-08-09 20:20:40,010 cfg.training.shuffle               : True
2020-08-09 20:20:40,010 cfg.training.use_cuda              : True
2020-08-09 20:20:40,010 cfg.training.validation_freq       : 200
2020-08-09 20:20:40,010 cfg.training.weight_decay          : 0.0
2020-08-09 20:20:40,010 Data set sizes: 
	train 5000,
	valid 500,
	test 1220
2020-08-09 20:20:40,010 First training example:
	[SRC] hi there ! how can i help ?
	[TRG] hallo ! wie kann ich helfen ?
2020-08-09 20:20:40,010 First 10 words (src): (0) <unk> (1) <pad> (2) <s> (3) </s> (4) . (5) , (6) ? (7) you (8) i (9) the
2020-08-09 20:20:40,011 First 10 words (trg): (0) <unk> (1) <pad> (2) <s> (3) </s> (4) . (5) , (6) ? (7) sie (8) ich (9) das
2020-08-09 20:20:40,011 Number of Src words (types): 3468
2020-08-09 20:20:40,011 Number of Trg words (types): 4487
2020-08-09 20:20:40,011 Model(
	encoder=TransformerEncoder(num_layers=6, num_heads=8),
	decoder=TransformerDecoder(num_layers=6, num_heads=8),
	src_embed=Embeddings(embedding_dim=128, vocab_size=3468),
	trg_embed=Embeddings(embedding_dim=128, vocab_size=4487))
2020-08-09 20:20:40,016 EPOCH 1
2020-08-09 20:20:46,270 Epoch   1: total training loss 601.63
2020-08-09 20:20:46,270 EPOCH 2
2020-08-09 20:20:46,419 Epoch   2 Step:      100 Batch Loss:     5.095981 Tokens per Sec:     9374, Lr: 0.000200
2020-08-09 20:20:52,542 Epoch   2: total training loss 503.31
2020-08-09 20:20:52,543 EPOCH 3
2020-08-09 20:20:52,742 Epoch   3 Step:      200 Batch Loss:     4.294210 Tokens per Sec:    10101, Lr: 0.000200
2020-08-09 20:20:54,715 Hooray! New best validation result [ppl]!
2020-08-09 20:20:54,715 Saving new checkpoint.
2020-08-09 20:20:54,837 Example #0
2020-08-09 20:20:54,837 	Raw source:     ['hello', '.']
2020-08-09 20:20:54,837 	Raw hypothesis: ['.']
2020-08-09 20:20:54,837 	Source:     hello .
2020-08-09 20:20:54,837 	Reference:  hallo ,
2020-08-09 20:20:54,837 	Hypothesis: .
2020-08-09 20:20:54,837 Example #1
2020-08-09 20:20:54,837 	Raw source:     ['hi', ',', 'how', 'can', 'i', 'help', 'you', '?']
2020-08-09 20:20:54,837 	Raw hypothesis: [',', ',']
2020-08-09 20:20:54,837 	Source:     hi , how can i help you ?
2020-08-09 20:20:54,837 	Reference:  hallo , wie kann ich ihnen helfen ?
2020-08-09 20:20:54,837 	Hypothesis: , ,
2020-08-09 20:20:54,837 Example #2
2020-08-09 20:20:54,837 	Raw source:     ['hi', ',', 'i', '&apos;m', 'looking', 'for', 'a', 'restaurant', 'inside', 'the', 'arden', 'fair', 'mall', 'in', 'san', 'francisco', ',', 'california', '.']
2020-08-09 20:20:54,837 	Raw hypothesis: [',', ',', ',', ',', ',', ',', ',', ',', ',']
2020-08-09 20:20:54,838 	Source:     hi , i &apos;m looking for a restaurant inside the arden fair mall in san francisco , california .
2020-08-09 20:20:54,838 	Reference:  hallo , ich bin auf der suche nach einem restaurant im arden fair einkaufszentrum in san francisco , kalifornien .
2020-08-09 20:20:54,838 	Hypothesis: , , , , , , , , ,
2020-08-09 20:20:54,838 Example #3
2020-08-09 20:20:54,838 	Raw source:     ['ok', ',', 'what', 'type', 'of', 'restaurant', 'are', 'you', 'looking', 'for', '?']
2020-08-09 20:20:54,838 	Raw hypothesis: [',', ',', ',']
2020-08-09 20:20:54,838 	Source:     ok , what type of restaurant are you looking for ?
2020-08-09 20:20:54,838 	Reference:  ok . welche art von restaurant suchen sie denn genau ?
2020-08-09 20:20:54,838 	Hypothesis: , , ,
2020-08-09 20:20:54,838 Validation result (greedy) at epoch   3, step      200: bleu:   0.00, loss: 32372.2539, ppl: 157.3015, duration: 2.0960s
2020-08-09 20:21:00,887 Epoch   3: total training loss 473.06
2020-08-09 20:21:00,887 EPOCH 4
2020-08-09 20:21:01,151 Epoch   4 Step:      300 Batch Loss:     4.233154 Tokens per Sec:     6194, Lr: 0.000200
2020-08-09 20:21:07,085 Epoch   4: total training loss 448.22
2020-08-09 20:21:07,085 EPOCH 5
2020-08-09 20:21:07,425 Epoch   5 Step:      400 Batch Loss:     3.803769 Tokens per Sec:     8808, Lr: 0.000200
2020-08-09 20:21:19,588 Hooray! New best validation result [ppl]!
2020-08-09 20:21:19,589 Saving new checkpoint.
2020-08-09 20:21:19,711 Example #0
2020-08-09 20:21:19,711 	Raw source:     ['hello', '.']
2020-08-09 20:21:19,711 	Raw hypothesis: ['ja', '.']
2020-08-09 20:21:19,711 	Source:     hello .
2020-08-09 20:21:19,711 	Reference:  hallo ,
2020-08-09 20:21:19,712 	Hypothesis: ja .
2020-08-09 20:21:19,712 Example #1
2020-08-09 20:21:19,712 	Raw source:     ['hi', ',', 'how', 'can', 'i', 'help', 'you', '?']
2020-08-09 20:21:19,712 	Raw hypothesis: ['ich', 'ich', 'ich', 'ich', 'ich', 'ich', '?']
2020-08-09 20:21:19,712 	Source:     hi , how can i help you ?
2020-08-09 20:21:19,712 	Reference:  hallo , wie kann ich ihnen helfen ?
2020-08-09 20:21:19,712 	Hypothesis: ich ich ich ich ich ich ?
2020-08-09 20:21:19,712 Example #2
2020-08-09 20:21:19,712 	Raw source:     ['hi', ',', 'i', '&apos;m', 'looking', 'for', 'a', 'restaurant', 'inside', 'the', 'arden', 'fair', 'mall', 'in', 'san', 'francisco', ',', 'california', '.']
2020-08-09 20:21:19,712 	Raw hypothesis: ['ich', 'ich', 'ich', 'ich', 'ich', 'ich', 'ich', 'ich', 'ich', 'ich', 'ich', 'ich', 'ich', 'ich', 'ich', 'ich', 'ich', 'ich', 'ich', 'ich', 'ich', 'ich', 'ich', '.']
2020-08-09 20:21:19,712 	Source:     hi , i &apos;m looking for a restaurant inside the arden fair mall in san francisco , california .
2020-08-09 20:21:19,712 	Reference:  hallo , ich bin auf der suche nach einem restaurant im arden fair einkaufszentrum in san francisco , kalifornien .
2020-08-09 20:21:19,712 	Hypothesis: ich ich ich ich ich ich ich ich ich ich ich ich ich ich ich ich ich ich ich ich ich ich ich .
2020-08-09 20:21:19,712 Example #3
2020-08-09 20:21:19,712 	Raw source:     ['ok', ',', 'what', 'type', 'of', 'restaurant', 'are', 'you', 'looking', 'for', '?']
2020-08-09 20:21:19,712 	Raw hypothesis: ['okay', ',', 'sie', 'sie', 'sie', 'sie', 'sie', 'sie', 'sie', 'sie', 'sie', 'sie', 'sie', '?']
2020-08-09 20:21:19,712 	Source:     ok , what type of restaurant are you looking for ?
2020-08-09 20:21:19,712 	Reference:  ok . welche art von restaurant suchen sie denn genau ?
2020-08-09 20:21:19,712 	Hypothesis: okay , sie sie sie sie sie sie sie sie sie sie sie ?
2020-08-09 20:21:19,712 Validation result (greedy) at epoch   5, step      400: bleu:   0.00, loss: 29319.3926, ppl:  97.6271, duration: 12.2874s
2020-08-09 20:21:25,746 Epoch   5: total training loss 430.58
2020-08-09 20:21:25,746 EPOCH 6
2020-08-09 20:21:26,080 Epoch   6 Step:      500 Batch Loss:     3.514278 Tokens per Sec:     9087, Lr: 0.000200
2020-08-09 20:21:31,991 Epoch   6: total training loss 399.17
2020-08-09 20:21:31,991 EPOCH 7
2020-08-09 20:21:32,467 Epoch   7 Step:      600 Batch Loss:     3.305137 Tokens per Sec:    10070, Lr: 0.000200
2020-08-09 20:21:37,017 Hooray! New best validation result [ppl]!
2020-08-09 20:21:37,017 Saving new checkpoint.
2020-08-09 20:21:37,145 Example #0
2020-08-09 20:21:37,146 	Raw source:     ['hello', '.']
2020-08-09 20:21:37,146 	Raw hypothesis: ['hallo', ',', 'ich', 'ich']
2020-08-09 20:21:37,146 	Source:     hello .
2020-08-09 20:21:37,146 	Reference:  hallo ,
2020-08-09 20:21:37,146 	Hypothesis: hallo , ich ich
2020-08-09 20:21:37,146 Example #1
2020-08-09 20:21:37,146 	Raw source:     ['hi', ',', 'how', 'can', 'i', 'help', 'you', '?']
2020-08-09 20:21:37,146 	Raw hypothesis: ['hallo', ',', 'ich', 'ich', 'ich', 'ihnen', 'ihnen', '?']
2020-08-09 20:21:37,146 	Source:     hi , how can i help you ?
2020-08-09 20:21:37,146 	Reference:  hallo , wie kann ich ihnen helfen ?
2020-08-09 20:21:37,146 	Hypothesis: hallo , ich ich ich ihnen ihnen ?
2020-08-09 20:21:37,146 Example #2
2020-08-09 20:21:37,146 	Raw source:     ['hi', ',', 'i', '&apos;m', 'looking', 'for', 'a', 'restaurant', 'inside', 'the', 'arden', 'fair', 'mall', 'in', 'san', 'francisco', ',', 'california', '.']
2020-08-09 20:21:37,146 	Raw hypothesis: ['ich', 'ich', 'möchte', 'möchte', 'einen', 'einen', 'einen', 'einen', 'einen', 'einen', 'einen', 'einen', 'einen', 'ein', '.']
2020-08-09 20:21:37,146 	Source:     hi , i &apos;m looking for a restaurant inside the arden fair mall in san francisco , california .
2020-08-09 20:21:37,147 	Reference:  hallo , ich bin auf der suche nach einem restaurant im arden fair einkaufszentrum in san francisco , kalifornien .
2020-08-09 20:21:37,147 	Hypothesis: ich ich möchte möchte einen einen einen einen einen einen einen einen einen ein .
2020-08-09 20:21:37,147 Example #3
2020-08-09 20:21:37,147 	Raw source:     ['ok', ',', 'what', 'type', 'of', 'restaurant', 'are', 'you', 'looking', 'for', '?']
2020-08-09 20:21:37,147 	Raw hypothesis: ['ok', ',', 'sie', 'sie', 'sie', 'sie', 'sie', 'sie', 'sie', 'sie', '?']
2020-08-09 20:21:37,147 	Source:     ok , what type of restaurant are you looking for ?
2020-08-09 20:21:37,147 	Reference:  ok . welche art von restaurant suchen sie denn genau ?
2020-08-09 20:21:37,147 	Hypothesis: ok , sie sie sie sie sie sie sie sie ?
2020-08-09 20:21:37,147 Validation result (greedy) at epoch   7, step      600: bleu:   0.00, loss: 27046.0664, ppl:  68.4393, duration: 4.6798s
2020-08-09 20:21:43,022 Epoch   7: total training loss 380.94
2020-08-09 20:21:43,022 EPOCH 8
2020-08-09 20:21:43,609 Epoch   8 Step:      700 Batch Loss:     4.251509 Tokens per Sec:    10067, Lr: 0.000200
2020-08-09 20:21:49,333 Epoch   8: total training loss 365.44
2020-08-09 20:21:49,333 EPOCH 9
2020-08-09 20:21:49,983 Epoch   9 Step:      800 Batch Loss:     1.053074 Tokens per Sec:     9227, Lr: 0.000200
2020-08-09 20:21:57,275 Hooray! New best validation result [ppl]!
2020-08-09 20:21:57,275 Saving new checkpoint.
2020-08-09 20:21:57,401 Example #0
2020-08-09 20:21:57,401 	Raw source:     ['hello', '.']
2020-08-09 20:21:57,402 	Raw hypothesis: ['hallo', ',']
2020-08-09 20:21:57,402 	Source:     hello .
2020-08-09 20:21:57,402 	Reference:  hallo ,
2020-08-09 20:21:57,402 	Hypothesis: hallo ,
2020-08-09 20:21:57,402 Example #1
2020-08-09 20:21:57,402 	Raw source:     ['hi', ',', 'how', 'can', 'i', 'help', 'you', '?']
2020-08-09 20:21:57,402 	Raw hypothesis: ['hallo', ',', 'wie', 'kann', 'ich', 'ihnen', 'helfen', '?']
2020-08-09 20:21:57,402 	Source:     hi , how can i help you ?
2020-08-09 20:21:57,402 	Reference:  hallo , wie kann ich ihnen helfen ?
2020-08-09 20:21:57,402 	Hypothesis: hallo , wie kann ich ihnen helfen ?
2020-08-09 20:21:57,402 Example #2
2020-08-09 20:21:57,402 	Raw source:     ['hi', ',', 'i', '&apos;m', 'looking', 'for', 'a', 'restaurant', 'inside', 'the', 'arden', 'fair', 'mall', 'in', 'san', 'francisco', ',', 'california', '.']
2020-08-09 20:21:57,402 	Raw hypothesis: ['hallo', ',', 'ich', 'möchte', 'ein', 'ein', 'ein', 'ein', 'der', 'der', 'der', 'der', '00', 'uhr', '.']
2020-08-09 20:21:57,402 	Source:     hi , i &apos;m looking for a restaurant inside the arden fair mall in san francisco , california .
2020-08-09 20:21:57,402 	Reference:  hallo , ich bin auf der suche nach einem restaurant im arden fair einkaufszentrum in san francisco , kalifornien .
2020-08-09 20:21:57,402 	Hypothesis: hallo , ich möchte ein ein ein ein der der der der 00 uhr .
2020-08-09 20:21:57,402 Example #3
2020-08-09 20:21:57,402 	Raw source:     ['ok', ',', 'what', 'type', 'of', 'restaurant', 'are', 'you', 'looking', 'for', '?']
2020-08-09 20:21:57,402 	Raw hypothesis: ['okay', ',', 'sie', 'sie', 'sie', 'mir', 'mir', 'ihnen', '?']
2020-08-09 20:21:57,402 	Source:     ok , what type of restaurant are you looking for ?
2020-08-09 20:21:57,402 	Reference:  ok . welche art von restaurant suchen sie denn genau ?
2020-08-09 20:21:57,402 	Hypothesis: okay , sie sie sie mir mir ihnen ?
2020-08-09 20:21:57,402 Validation result (greedy) at epoch   9, step      800: bleu:   6.06, loss: 24841.8145, ppl:  48.4985, duration: 7.4195s
2020-08-09 20:22:03,097 Epoch   9: total training loss 351.18
2020-08-09 20:22:03,097 EPOCH 10
2020-08-09 20:22:03,819 Epoch  10 Step:      900 Batch Loss:     3.983532 Tokens per Sec:    10806, Lr: 0.000200
2020-08-09 20:22:09,398 Epoch  10: total training loss 335.56
2020-08-09 20:22:09,398 EPOCH 11
2020-08-09 20:22:10,230 Epoch  11 Step:     1000 Batch Loss:     3.408419 Tokens per Sec:     9333, Lr: 0.000200
2020-08-09 20:22:17,089 Hooray! New best validation result [ppl]!
2020-08-09 20:22:17,089 Saving new checkpoint.
2020-08-09 20:22:17,221 Example #0
2020-08-09 20:22:17,222 	Raw source:     ['hello', '.']
2020-08-09 20:22:17,222 	Raw hypothesis: ['hallo', ',']
2020-08-09 20:22:17,222 	Source:     hello .
2020-08-09 20:22:17,222 	Reference:  hallo ,
2020-08-09 20:22:17,222 	Hypothesis: hallo ,
2020-08-09 20:22:17,222 Example #1
2020-08-09 20:22:17,222 	Raw source:     ['hi', ',', 'how', 'can', 'i', 'help', 'you', '?']
2020-08-09 20:22:17,222 	Raw hypothesis: ['hallo', ',', 'wie', 'kann', 'ich', 'ihnen', 'helfen', '?']
2020-08-09 20:22:17,222 	Source:     hi , how can i help you ?
2020-08-09 20:22:17,222 	Reference:  hallo , wie kann ich ihnen helfen ?
2020-08-09 20:22:17,222 	Hypothesis: hallo , wie kann ich ihnen helfen ?
2020-08-09 20:22:17,222 Example #2
2020-08-09 20:22:17,222 	Raw source:     ['hi', ',', 'i', '&apos;m', 'looking', 'for', 'a', 'restaurant', 'inside', 'the', 'arden', 'fair', 'mall', 'in', 'san', 'francisco', ',', 'california', '.']
2020-08-09 20:22:17,222 	Raw hypothesis: ['hallo', ',', 'ich', 'möchte', 'ein', 'der', 'der', 'der', 'der', 'der', 'der', 'san', 'francisco', ',', 'der', 'san', '.']
2020-08-09 20:22:17,222 	Source:     hi , i &apos;m looking for a restaurant inside the arden fair mall in san francisco , california .
2020-08-09 20:22:17,222 	Reference:  hallo , ich bin auf der suche nach einem restaurant im arden fair einkaufszentrum in san francisco , kalifornien .
2020-08-09 20:22:17,222 	Hypothesis: hallo , ich möchte ein der der der der der der san francisco , der san .
2020-08-09 20:22:17,222 Example #3
2020-08-09 20:22:17,222 	Raw source:     ['ok', ',', 'what', 'type', 'of', 'restaurant', 'are', 'you', 'looking', 'for', '?']
2020-08-09 20:22:17,223 	Raw hypothesis: ['ok', ',', 'welche', 'art', 'von', 'pizzen', 'sie', '?']
2020-08-09 20:22:17,223 	Source:     ok , what type of restaurant are you looking for ?
2020-08-09 20:22:17,223 	Reference:  ok . welche art von restaurant suchen sie denn genau ?
2020-08-09 20:22:17,223 	Hypothesis: ok , welche art von pizzen sie ?
2020-08-09 20:22:17,223 Validation result (greedy) at epoch  11, step     1000: bleu:   8.02, loss: 23273.7461, ppl:  37.9596, duration: 6.9925s
2020-08-09 20:22:22,728 Epoch  11: total training loss 316.71
2020-08-09 20:22:22,728 EPOCH 12
2020-08-09 20:22:23,625 Epoch  12 Step:     1100 Batch Loss:     3.081907 Tokens per Sec:    10114, Lr: 0.000200
2020-08-09 20:22:29,081 Epoch  12: total training loss 313.19
2020-08-09 20:22:29,081 EPOCH 13
2020-08-09 20:22:30,027 Epoch  13 Step:     1200 Batch Loss:     3.307541 Tokens per Sec:    10330, Lr: 0.000200
2020-08-09 20:22:36,616 Hooray! New best validation result [ppl]!
2020-08-09 20:22:36,617 Saving new checkpoint.
2020-08-09 20:22:36,741 Example #0
2020-08-09 20:22:36,741 	Raw source:     ['hello', '.']
2020-08-09 20:22:36,741 	Raw hypothesis: ['hallo', '.']
2020-08-09 20:22:36,741 	Source:     hello .
2020-08-09 20:22:36,741 	Reference:  hallo ,
2020-08-09 20:22:36,741 	Hypothesis: hallo .
2020-08-09 20:22:36,741 Example #1
2020-08-09 20:22:36,741 	Raw source:     ['hi', ',', 'how', 'can', 'i', 'help', 'you', '?']
2020-08-09 20:22:36,741 	Raw hypothesis: ['hallo', ',', 'wie', 'kann', 'ich', 'ihnen', 'helfen', '?']
2020-08-09 20:22:36,742 	Source:     hi , how can i help you ?
2020-08-09 20:22:36,742 	Reference:  hallo , wie kann ich ihnen helfen ?
2020-08-09 20:22:36,742 	Hypothesis: hallo , wie kann ich ihnen helfen ?
2020-08-09 20:22:36,742 Example #2
2020-08-09 20:22:36,742 	Raw source:     ['hi', ',', 'i', '&apos;m', 'looking', 'for', 'a', 'restaurant', 'inside', 'the', 'arden', 'fair', 'mall', 'in', 'san', 'francisco', ',', 'california', '.']
2020-08-09 20:22:36,742 	Raw hypothesis: ['hallo', ',', 'ich', 'möchte', 'ein', 'paar', 'pizzen', ',', 'der', 'san', 'francisco', ',', 'der', 'san', 'francisco', ',', 'der', 'san', 'francisco', ',', 'der', 'san', 'francisco', ',', 'der', 'san', 'francisco', ',', 'der', 'san', 'francisco', ',', 'kalifornien', '.']
2020-08-09 20:22:36,742 	Source:     hi , i &apos;m looking for a restaurant inside the arden fair mall in san francisco , california .
2020-08-09 20:22:36,742 	Reference:  hallo , ich bin auf der suche nach einem restaurant im arden fair einkaufszentrum in san francisco , kalifornien .
2020-08-09 20:22:36,742 	Hypothesis: hallo , ich möchte ein paar pizzen , der san francisco , der san francisco , der san francisco , der san francisco , der san francisco , der san francisco , kalifornien .
2020-08-09 20:22:36,742 Example #3
2020-08-09 20:22:36,742 	Raw source:     ['ok', ',', 'what', 'type', 'of', 'restaurant', 'are', 'you', 'looking', 'for', '?']
2020-08-09 20:22:36,742 	Raw hypothesis: ['okay', ',', 'welche', 'art', 'von', 'pizzen', 'sie', '?']
2020-08-09 20:22:36,742 	Source:     ok , what type of restaurant are you looking for ?
2020-08-09 20:22:36,742 	Reference:  ok . welche art von restaurant suchen sie denn genau ?
2020-08-09 20:22:36,742 	Hypothesis: okay , welche art von pizzen sie ?
2020-08-09 20:22:36,742 Validation result (greedy) at epoch  13, step     1200: bleu:  10.01, loss: 22040.3516, ppl:  31.3058, duration: 6.7152s
2020-08-09 20:22:42,251 Epoch  13: total training loss 300.47
2020-08-09 20:22:42,252 EPOCH 14
2020-08-09 20:22:43,154 Epoch  14 Step:     1300 Batch Loss:     0.752357 Tokens per Sec:     9758, Lr: 0.000200
2020-08-09 20:22:48,564 Epoch  14: total training loss 285.02
2020-08-09 20:22:48,564 EPOCH 15
2020-08-09 20:22:49,532 Epoch  15 Step:     1400 Batch Loss:     2.151396 Tokens per Sec:    10019, Lr: 0.000200
2020-08-09 20:22:56,700 Hooray! New best validation result [ppl]!
2020-08-09 20:22:56,700 Saving new checkpoint.
2020-08-09 20:22:56,820 Example #0
2020-08-09 20:22:56,820 	Raw source:     ['hello', '.']
2020-08-09 20:22:56,820 	Raw hypothesis: ['hallo', '.']
2020-08-09 20:22:56,820 	Source:     hello .
2020-08-09 20:22:56,820 	Reference:  hallo ,
2020-08-09 20:22:56,820 	Hypothesis: hallo .
2020-08-09 20:22:56,820 Example #1
2020-08-09 20:22:56,821 	Raw source:     ['hi', ',', 'how', 'can', 'i', 'help', 'you', '?']
2020-08-09 20:22:56,821 	Raw hypothesis: ['hallo', ',', 'wie', 'kann', 'ich', 'ihnen', 'helfen', '?']
2020-08-09 20:22:56,821 	Source:     hi , how can i help you ?
2020-08-09 20:22:56,821 	Reference:  hallo , wie kann ich ihnen helfen ?
2020-08-09 20:22:56,821 	Hypothesis: hallo , wie kann ich ihnen helfen ?
2020-08-09 20:22:56,821 Example #2
2020-08-09 20:22:56,821 	Raw source:     ['hi', ',', 'i', '&apos;m', 'looking', 'for', 'a', 'restaurant', 'inside', 'the', 'arden', 'fair', 'mall', 'in', 'san', 'francisco', ',', 'california', '.']
2020-08-09 20:22:56,821 	Raw hypothesis: ['hallo', ',', 'ich', 'möchte', 'ein', 'paar', 'pizzen', 'in', 'san', 'francisco', ',', 'der', 'san', 'francisco', ',', 'kalifornien', '.']
2020-08-09 20:22:56,821 	Source:     hi , i &apos;m looking for a restaurant inside the arden fair mall in san francisco , california .
2020-08-09 20:22:56,821 	Reference:  hallo , ich bin auf der suche nach einem restaurant im arden fair einkaufszentrum in san francisco , kalifornien .
2020-08-09 20:22:56,821 	Hypothesis: hallo , ich möchte ein paar pizzen in san francisco , der san francisco , kalifornien .
2020-08-09 20:22:56,821 Example #3
2020-08-09 20:22:56,821 	Raw source:     ['ok', ',', 'what', 'type', 'of', 'restaurant', 'are', 'you', 'looking', 'for', '?']
2020-08-09 20:22:56,821 	Raw hypothesis: ['ok', ',', 'welche', 'art', 'von', 'restaurant', 'haben', 'sie', '?']
2020-08-09 20:22:56,821 	Source:     ok , what type of restaurant are you looking for ?
2020-08-09 20:22:56,821 	Reference:  ok . welche art von restaurant suchen sie denn genau ?
2020-08-09 20:22:56,821 	Hypothesis: ok , welche art von restaurant haben sie ?
2020-08-09 20:22:56,821 Validation result (greedy) at epoch  15, step     1400: bleu:  12.08, loss: 20947.6152, ppl:  26.3921, duration: 7.2892s
2020-08-09 20:23:02,091 Epoch  15: total training loss 268.09
2020-08-09 20:23:02,091 EPOCH 16
2020-08-09 20:23:03,186 Epoch  16 Step:     1500 Batch Loss:     3.731961 Tokens per Sec:     9899, Lr: 0.000200
2020-08-09 20:23:08,419 Epoch  16: total training loss 263.05
2020-08-09 20:23:08,420 EPOCH 17
2020-08-09 20:23:09,578 Epoch  17 Step:     1600 Batch Loss:     1.786255 Tokens per Sec:     9866, Lr: 0.000200
2020-08-09 20:23:17,935 Hooray! New best validation result [ppl]!
2020-08-09 20:23:17,935 Saving new checkpoint.
2020-08-09 20:23:18,064 Example #0
2020-08-09 20:23:18,064 	Raw source:     ['hello', '.']
2020-08-09 20:23:18,064 	Raw hypothesis: ['hallo', '.']
2020-08-09 20:23:18,064 	Source:     hello .
2020-08-09 20:23:18,064 	Reference:  hallo ,
2020-08-09 20:23:18,064 	Hypothesis: hallo .
2020-08-09 20:23:18,064 Example #1
2020-08-09 20:23:18,064 	Raw source:     ['hi', ',', 'how', 'can', 'i', 'help', 'you', '?']
2020-08-09 20:23:18,064 	Raw hypothesis: ['hallo', ',', 'wie', 'kann', 'ich', 'ihnen', 'helfen', '?']
2020-08-09 20:23:18,064 	Source:     hi , how can i help you ?
2020-08-09 20:23:18,064 	Reference:  hallo , wie kann ich ihnen helfen ?
2020-08-09 20:23:18,065 	Hypothesis: hallo , wie kann ich ihnen helfen ?
2020-08-09 20:23:18,065 Example #2
2020-08-09 20:23:18,065 	Raw source:     ['hi', ',', 'i', '&apos;m', 'looking', 'for', 'a', 'restaurant', 'inside', 'the', 'arden', 'fair', 'mall', 'in', 'san', 'francisco', ',', 'california', '.']
2020-08-09 20:23:18,065 	Raw hypothesis: ['hallo', ',', 'ich', 'möchte', 'ein', 'restaurant', 'in', 'der', 'nähe', 'in', 'san', 'francisco', ',', 'kalifornien', ',', 'kalifornien', '.']
2020-08-09 20:23:18,065 	Source:     hi , i &apos;m looking for a restaurant inside the arden fair mall in san francisco , california .
2020-08-09 20:23:18,065 	Reference:  hallo , ich bin auf der suche nach einem restaurant im arden fair einkaufszentrum in san francisco , kalifornien .
2020-08-09 20:23:18,065 	Hypothesis: hallo , ich möchte ein restaurant in der nähe in san francisco , kalifornien , kalifornien .
2020-08-09 20:23:18,065 Example #3
2020-08-09 20:23:18,065 	Raw source:     ['ok', ',', 'what', 'type', 'of', 'restaurant', 'are', 'you', 'looking', 'for', '?']
2020-08-09 20:23:18,065 	Raw hypothesis: ['ok', ',', 'welche', 'art', 'von', 'restaurant', 'haben', 'sie', '?']
2020-08-09 20:23:18,065 	Source:     ok , what type of restaurant are you looking for ?
2020-08-09 20:23:18,065 	Reference:  ok . welche art von restaurant suchen sie denn genau ?
2020-08-09 20:23:18,065 	Hypothesis: ok , welche art von restaurant haben sie ?
2020-08-09 20:23:18,065 Validation result (greedy) at epoch  17, step     1600: bleu:  13.73, loss: 20254.9395, ppl:  23.6848, duration: 8.4867s
2020-08-09 20:23:23,298 Epoch  17: total training loss 251.37
2020-08-09 20:23:23,299 EPOCH 18
2020-08-09 20:23:24,509 Epoch  18 Step:     1700 Batch Loss:     2.003895 Tokens per Sec:    10484, Lr: 0.000200
2020-08-09 20:23:29,569 Epoch  18: total training loss 243.82
2020-08-09 20:23:29,570 EPOCH 19
2020-08-09 20:23:30,870 Epoch  19 Step:     1800 Batch Loss:     3.662597 Tokens per Sec:    10179, Lr: 0.000200
2020-08-09 20:23:39,339 Hooray! New best validation result [ppl]!
2020-08-09 20:23:39,339 Saving new checkpoint.
2020-08-09 20:23:39,457 Example #0
2020-08-09 20:23:39,457 	Raw source:     ['hello', '.']
2020-08-09 20:23:39,457 	Raw hypothesis: ['hallo', ',']
2020-08-09 20:23:39,457 	Source:     hello .
2020-08-09 20:23:39,457 	Reference:  hallo ,
2020-08-09 20:23:39,457 	Hypothesis: hallo ,
2020-08-09 20:23:39,457 Example #1
2020-08-09 20:23:39,457 	Raw source:     ['hi', ',', 'how', 'can', 'i', 'help', 'you', '?']
2020-08-09 20:23:39,457 	Raw hypothesis: ['hallo', ',', 'wie', 'kann', 'ich', 'ihnen', 'helfen', '?']
2020-08-09 20:23:39,457 	Source:     hi , how can i help you ?
2020-08-09 20:23:39,457 	Reference:  hallo , wie kann ich ihnen helfen ?
2020-08-09 20:23:39,457 	Hypothesis: hallo , wie kann ich ihnen helfen ?
2020-08-09 20:23:39,457 Example #2
2020-08-09 20:23:39,457 	Raw source:     ['hi', ',', 'i', '&apos;m', 'looking', 'for', 'a', 'restaurant', 'inside', 'the', 'arden', 'fair', 'mall', 'in', 'san', 'francisco', ',', 'california', '.']
2020-08-09 20:23:39,457 	Raw hypothesis: ['hallo', ',', 'ich', 'bin', 'in', 'der', 'nähe', 'in', 'san', 'francisco', ',', 'kalifornien', ',', 'kalifornien', '.']
2020-08-09 20:23:39,457 	Source:     hi , i &apos;m looking for a restaurant inside the arden fair mall in san francisco , california .
2020-08-09 20:23:39,457 	Reference:  hallo , ich bin auf der suche nach einem restaurant im arden fair einkaufszentrum in san francisco , kalifornien .
2020-08-09 20:23:39,457 	Hypothesis: hallo , ich bin in der nähe in san francisco , kalifornien , kalifornien .
2020-08-09 20:23:39,457 Example #3
2020-08-09 20:23:39,457 	Raw source:     ['ok', ',', 'what', 'type', 'of', 'restaurant', 'are', 'you', 'looking', 'for', '?']
2020-08-09 20:23:39,457 	Raw hypothesis: ['ok', ',', 'welche', 'art', 'von', 'restaurant', 'möchten', 'sie', '?']
2020-08-09 20:23:39,457 	Source:     ok , what type of restaurant are you looking for ?
2020-08-09 20:23:39,457 	Reference:  ok . welche art von restaurant suchen sie denn genau ?
2020-08-09 20:23:39,457 	Hypothesis: ok , welche art von restaurant möchten sie ?
2020-08-09 20:23:39,458 Validation result (greedy) at epoch  19, step     1800: bleu:  15.88, loss: 19440.7812, ppl:  20.8556, duration: 8.5872s
2020-08-09 20:23:44,451 Epoch  19: total training loss 232.17
2020-08-09 20:23:44,451 EPOCH 20
2020-08-09 20:23:45,869 Epoch  20 Step:     1900 Batch Loss:     2.808728 Tokens per Sec:    10116, Lr: 0.000200
2020-08-09 20:23:50,785 Epoch  20: total training loss 230.98
2020-08-09 20:23:50,785 Training ended after  20 epochs.
2020-08-09 20:23:50,785 Best validation result (greedy) at step     1800:  20.86 ppl.
